[2025-03-28 08:15:40] info: 	z2m: Logging to console, file (filename: log.log)
[2025-03-28 08:15:40] info: 	z2m: Starting Zigbee2MQTT version 2.1.3 (commit #unknown)
[2025-03-28 08:15:40] info: 	z2m: Starting zigbee-herdsman (3.2.7)
[2025-03-28 08:15:41] info: 	zh:zstack:znp: Opening TCP socket with 192.168.87.68:6638
[2025-03-28 08:15:43] info: 	zh:zstack:znp: Socket connected
[2025-03-28 08:15:43] info: 	zh:zstack:znp: Socket ready
[2025-03-28 08:15:43] info: 	zh:zstack:znp: Writing CC2530/CC2531 skip bootloader payload
[2025-03-28 08:15:44] info: 	zh:zstack:znp: Skip bootloader for CC2652/CC1352
[2025-03-28 08:16:06] error: 	z2m: Error while starting zigbee-herdsman
[2025-03-28 08:16:06] error: 	z2m: Failed to start zigbee-herdsman
[2025-03-28 08:16:06] error: 	z2m: Check https://www.zigbee2mqtt.io/guide/installation/20_zigbee2mqtt-fails-to-start_crashes-runtime.html for possible solutions
[2025-03-28 08:16:06] error: 	z2m: Exiting...
[2025-03-28 08:16:06] error: 	z2m: Error: SRSP - SYS - stackTune after 6000ms
    at Object.start (/app/node_modules/.pnpm/zigbee-herdsman@3.2.7/node_modules/zigbee-herdsman/src/utils/waitress.ts:67:23)
    at /app/node_modules/.pnpm/zigbee-herdsman@3.2.7/node_modules/zigbee-herdsman/src/adapter/z-stack/znp/znp.ts:252:45
    at Queue.execute (/app/node_modules/.pnpm/zigbee-herdsman@3.2.7/node_modules/zigbee-herdsman/src/utils/queue.ts:36:26)
    at Znp.request (/app/node_modules/.pnpm/zigbee-herdsman@3.2.7/node_modules/zigbee-herdsman/src/adapter/z-stack/znp/znp.ts:245:27)
    at ZStackAdapter.start (/app/node_modules/.pnpm/zigbee-herdsman@3.2.7/node_modules/zigbee-herdsman/src/adapter/z-stack/adapter/zStackAdapter.ts:155:28)
    at Controller.start (/app/node_modules/.pnpm/zigbee-herdsman@3.2.7/node_modules/zigbee-herdsman/src/controller/controller.ts:136:29)
    at Zigbee.start (/app/lib/zigbee.ts:69:27)
    at Controller.start (/app/lib/controller.ts:142:13)
    at start (/app/index.js:161:5)
