[2024-10-28 06:03:30] info: 	z2m: Logging to console, file (filename: log.log)
[2024-10-28 06:03:30] info: 	z2m: Starting Zigbee2MQTT version 1.40.2 (commit #unknown)
[2024-10-28 06:03:30] info: 	z2m: Starting zigbee-herdsman (2.1.3)
[2024-10-28 06:03:31] info: 	zh:zstack:znp: Opening TCP socket with 192.168.87.68:6638
[2024-10-28 06:03:32] info: 	zh:zstack:znp: Socket connected
[2024-10-28 06:03:32] info: 	zh:zstack:znp: Socket ready
[2024-10-28 06:03:32] info: 	zh:zstack:znp: Writing CC2530/CC2531 skip bootloader payload
[2024-10-28 06:03:33] info: 	zh:zstack:znp: Skip bootloader for CC2652/CC1352
[2024-10-28 06:03:37] info: 	z2m: zigbee-herdsman started (resumed)
[2024-10-28 06:03:37] info: 	z2m: Coordinator firmware version: '{"meta":{"maintrel":1,"majorrel":2,"minorrel":7,"product":1,"revision":20230507,"transportrev":2},"type":"zStack3x0"}'
[2024-10-28 06:03:37] info: 	z2m: Button 4 - Movie (0xb4e3f9fffe249e15): E1812 - IKEA TRADFRI shortcut button (EndDevice)
[2024-10-28 06:03:37] info: 	z2m: Smart Plug Z1 (0xa4c13812921dddfd): A1Z - Nous Smart plug (with power monitoring) (Router)
[2024-10-28 06:03:37] info: 	z2m: Button 3 (0xb4e3f9fffe753317): E1812 - IKEA TRADFRI shortcut button (EndDevice)
[2024-10-28 06:03:37] info: 	z2m: Button 2 - Chandelier (0x04cd15fffe7ff98b): E1812 - IKEA TRADFRI shortcut button (EndDevice)
[2024-10-28 06:03:37] info: 	z2m: Button 1 (0x04cd15fffe268dcc): E1812 - IKEA TRADFRI shortcut button (EndDevice)
[2024-10-28 06:03:37] info: 	z2m: Cube (0x54ef4410006a43c7): CTP-R01 - Aqara Cube T1 Pro (EndDevice)
[2024-10-28 06:03:37] info: 	z2m: Philips Backyard Sensor (0x001788010649a073): 9290019758 - Philips Hue motion outdoor sensor (EndDevice)
[2024-10-28 06:03:37] info: 	z2m: Water Sensor 1 (0x5c0272fffebb9cde): TS0207_water_leak_detector_3 - Tuya Zigbee water leak sensor (EndDevice)
[2024-10-28 06:03:37] info: 	z2m: Currently 8 devices are joined.
[2024-10-28 06:03:37] info: 	z2m: Zigbee: disabling joining new devices.
[2024-10-28 06:03:38] info: 	z2m: Connecting to MQTT server at mqtt://core-mosquitto:1883
[2024-10-28 06:04:08] info: 	z2m: Connected to MQTT server
[2024-10-28 06:04:08] info: 	z2m:mqtt: MQTT publish: topic 'zigbee2mqtt/bridge/state', payload '{"state":"online"}'
[2024-10-28 06:04:09] info: 	z2m:mqtt: MQTT publish: topic 'zigbee2mqtt/Button 4 - Movie/availability', payload '{"state":"online"}'
[2024-10-28 06:04:09] info: 	z2m:mqtt: MQTT publish: topic 'zigbee2mqtt/Smart Plug Z1/availability', payload '{"state":"online"}'
[2024-10-28 06:04:09] info: 	z2m:mqtt: MQTT publish: topic 'zigbee2mqtt/Button 3/availability', payload '{"state":"online"}'
[2024-10-28 06:04:09] info: 	z2m:mqtt: MQTT publish: topic 'zigbee2mqtt/Button 2 - Chandelier/availability', payload '{"state":"online"}'
[2024-10-28 06:04:09] info: 	z2m:mqtt: MQTT publish: topic 'zigbee2mqtt/Button 1/availability', payload '{"state":"online"}'
[2024-10-28 06:04:09] info: 	z2m:mqtt: MQTT publish: topic 'zigbee2mqtt/Cube/availability', payload '{"state":"online"}'
[2024-10-28 06:04:09] info: 	z2m:mqtt: MQTT publish: topic 'zigbee2mqtt/Philips Backyard Sensor/availability', payload '{"state":"online"}'
[2024-10-28 06:04:09] info: 	z2m:mqtt: MQTT publish: topic 'zigbee2mqtt/Water Sensor 1/availability', payload '{"state":"online"}'
[2024-10-28 06:04:09] info: 	z2m: Started frontend on port 8099
[2024-10-28 06:04:09] info: 	z2m:mqtt: MQTT publish: topic 'zigbee2mqtt/bridge/state', payload '{"state":"online"}'
[2024-10-28 06:04:09] info: 	z2m:mqtt: MQTT publish: topic 'zigbee2mqtt/Button 4 - Movie', payload '{"action":null,"battery":100,"linkquality":83,"update":{"installed_version":604241926,"latest_version":604241926,"state":"idle"},"update_available":null}'
[2024-10-28 06:04:09] info: 	z2m:mqtt: MQTT publish: topic 'zigbee2mqtt/Smart Plug Z1', payload '{"child_lock":"UNLOCK","countdown":0,"current":0,"energy":16.7,"indicator_mode":"off/on","linkquality":94,"power":0,"power_outage_memory":"off","state":"OFF","update":{"installed_version":192,"latest_version":192,"state":"idle"},"update_available":null,"voltage":232}'
[2024-10-28 06:04:09] info: 	z2m:mqtt: MQTT publish: topic 'zigbee2mqtt/Button 3', payload '{"action":null,"battery":100,"linkquality":120,"update":{"installed_version":604241926,"latest_version":604241926,"state":"idle"},"update_available":null}'
[2024-10-28 06:04:09] info: 	z2m:mqtt: MQTT publish: topic 'zigbee2mqtt/Button 2 - Chandelier', payload '{"action":null,"battery":90,"linkquality":116,"update":{"installed_version":604241926,"latest_version":604241926,"state":"idle"},"update_available":null}'
[2024-10-28 06:04:09] info: 	z2m:mqtt: MQTT publish: topic 'zigbee2mqtt/Button 1', payload '{"action":null,"battery":1,"linkquality":0,"update":{"installed_version":604241926,"latest_version":604241926,"state":"idle"},"update_available":null}'
[2024-10-28 06:04:09] info: 	z2m:mqtt: MQTT publish: topic 'zigbee2mqtt/Cube', payload '{"action":null,"action_angle":null,"action_from_side":null,"battery":100,"current":0,"linkquality":83,"operation_mode":"action_mode","power":2,"power_outage_count":159,"side":2,"update":{"installed_version":-1,"latest_version":-1,"state":null},"update_available":null,"voltage":3072}'
[2024-10-28 06:04:09] info: 	z2m:mqtt: MQTT publish: topic 'zigbee2mqtt/Philips Backyard Sensor', payload '{"battery":55,"illuminance":0,"illuminance_lux":0,"led_indication":true,"linkquality":127,"motion_sensitivity":"high","occupancy":false,"occupancy_timeout":60,"temperature":17.15,"update":{"installed_version":1107323831,"latest_version":1107323831,"state":"idle"},"update_available":null}'
[2024-10-28 06:04:09] info: 	z2m:mqtt: MQTT publish: topic 'zigbee2mqtt/Water Sensor 1', payload '{"battery":89,"battery_low":false,"linkquality":116,"tamper":false,"voltage":2900,"water_leak":false}'
[2024-10-28 06:04:09] info: 	z2m: Zigbee2MQTT started!
[2024-10-28 06:04:14] info: 	z2m:mqtt: MQTT publish: topic 'homeassistant/binary_sensor/1221051039810110150109113116116_0x00124b002e0e1c5f/connection_state/config', payload '{"device":{"hw_version":"zStack3x0 20230507","identifiers":["zigbee2mqtt_bridge_0x00124b002e0e1c5f"],"manufacturer":"Zigbee2MQTT","model":"Bridge","name":"Zigbee2MQTT Bridge","sw_version":"1.40.2"},"device_class":"connectivity","entity_category":"diagnostic","name":"Connection state","object_id":"zigbee2mqtt_bridge_connection_state","origin":{"name":"Zigbee2MQTT","sw":"1.40.2","url":"https://www.zigbee2mqtt.io"},"payload_off":"offline","payload_on":"online","state_topic":"zigbee2mqtt/bridge/state","unique_id":"bridge_0x00124b002e0e1c5f_connection_state_zigbee2mqtt","value_template":"{{ value_json.state }}"}'
[2024-10-28 06:09:03] info: 	z2m:mqtt: MQTT publish: topic 'zigbee2mqtt/Smart Plug Z1', payload '{"child_lock":"UNLOCK","countdown":0,"current":0,"energy":16.7,"indicator_mode":"off/on","linkquality":91,"power":0,"power_outage_memory":"off","state":"OFF","update":{"installed_version":192,"latest_version":192,"state":"idle"},"update_available":null,"voltage":233}'
[2024-10-28 06:09:03] info: 	z2m:mqtt: MQTT publish: topic 'zigbee2mqtt/Smart Plug Z1', payload '{"child_lock":"UNLOCK","countdown":0,"current":0,"energy":16.7,"indicator_mode":"off/on","linkquality":94,"power":0,"power_outage_memory":"off","state":"OFF","update":{"installed_version":192,"latest_version":192,"state":"idle"},"update_available":null,"voltage":233}'
[2024-10-28 06:09:14] info: 	z2m:mqtt: MQTT publish: topic 'zigbee2mqtt/Smart Plug Z1', payload '{"child_lock":"UNLOCK","countdown":0,"current":0,"energy":16.7,"indicator_mode":"off/on","linkquality":94,"power":0,"power_outage_memory":"off","state":"OFF","update":{"installed_version":192,"latest_version":192,"state":"idle"},"update_available":null,"voltage":233}'
[2024-10-28 06:09:14] info: 	z2m:mqtt: MQTT publish: topic 'zigbee2mqtt/Smart Plug Z1', payload '{"child_lock":"UNLOCK","countdown":0,"current":0,"energy":16.7,"indicator_mode":"off/on","linkquality":94,"power":0,"power_outage_memory":"off","state":"OFF","update":{"installed_version":192,"latest_version":192,"state":"idle"},"update_available":null,"voltage":233}'
[2024-10-28 06:12:40] info: 	z2m:mqtt: MQTT publish: topic 'zigbee2mqtt/Smart Plug Z1', payload '{"child_lock":"UNLOCK","countdown":0,"current":0,"energy":16.7,"indicator_mode":"off/on","linkquality":94,"power":0,"power_outage_memory":"off","state":"OFF","update":{"installed_version":192,"latest_version":192,"state":"idle"},"update_available":null,"voltage":233}'
[2024-10-28 06:14:14] info: 	z2m:mqtt: MQTT publish: topic 'zigbee2mqtt/Smart Plug Z1', payload '{"child_lock":"UNLOCK","countdown":0,"current":0,"energy":16.7,"indicator_mode":"off/on","linkquality":83,"power":0,"power_outage_memory":"off","state":"OFF","update":{"installed_version":192,"latest_version":192,"state":"idle"},"update_available":null,"voltage":233}'
[2024-10-28 06:14:14] info: 	z2m:mqtt: MQTT publish: topic 'zigbee2mqtt/Smart Plug Z1', payload '{"child_lock":"UNLOCK","countdown":0,"current":0,"energy":16.7,"indicator_mode":"off/on","linkquality":94,"power":0,"power_outage_memory":"off","state":"OFF","update":{"installed_version":192,"latest_version":192,"state":"idle"},"update_available":null,"voltage":233}'
[2024-10-28 06:14:25] info: 	z2m:mqtt: MQTT publish: topic 'zigbee2mqtt/Smart Plug Z1', payload '{"child_lock":"UNLOCK","countdown":0,"current":0,"energy":16.7,"indicator_mode":"off/on","linkquality":94,"power":0,"power_outage_memory":"off","state":"OFF","update":{"installed_version":192,"latest_version":192,"state":"idle"},"update_available":null,"voltage":233}'
[2024-10-28 06:14:25] info: 	z2m:mqtt: MQTT publish: topic 'zigbee2mqtt/Smart Plug Z1', payload '{"child_lock":"UNLOCK","countdown":0,"current":0,"energy":16.7,"indicator_mode":"off/on","linkquality":94,"power":0,"power_outage_memory":"off","state":"OFF","update":{"installed_version":192,"latest_version":192,"state":"idle"},"update_available":null,"voltage":233}'
[2024-10-28 06:19:29] info: 	z2m:mqtt: MQTT publish: topic 'zigbee2mqtt/Smart Plug Z1', payload '{"child_lock":"UNLOCK","countdown":0,"current":0,"energy":16.7,"indicator_mode":"off/on","linkquality":94,"power":0,"power_outage_memory":"off","state":"OFF","update":{"installed_version":192,"latest_version":192,"state":"idle"},"update_available":null,"voltage":233}'
[2024-10-28 06:19:29] info: 	z2m:mqtt: MQTT publish: topic 'zigbee2mqtt/Smart Plug Z1', payload '{"child_lock":"UNLOCK","countdown":0,"current":0,"energy":16.7,"indicator_mode":"off/on","linkquality":98,"power":0,"power_outage_memory":"off","state":"OFF","update":{"installed_version":192,"latest_version":192,"state":"idle"},"update_available":null,"voltage":233}'
[2024-10-28 06:19:35] info: 	z2m:mqtt: MQTT publish: topic 'zigbee2mqtt/bridge/event', payload '{"data":{"friendly_name":"Philips Backyard Sensor","ieee_address":"0x001788010649a073"},"type":"device_announce"}'
[2024-10-28 06:19:36] info: 	z2m:mqtt: MQTT publish: topic 'zigbee2mqtt/Philips Backyard Sensor', payload '{"battery":55,"illuminance":0,"illuminance_lux":0,"led_indication":true,"linkquality":94,"motion_sensitivity":"high","occupancy":false,"occupancy_timeout":60,"temperature":17.15,"update":{"installed_version":1107323831,"latest_version":1107323831,"state":"idle"},"update_available":null}'
[2024-10-28 06:19:40] info: 	z2m:mqtt: MQTT publish: topic 'zigbee2mqtt/Smart Plug Z1', payload '{"child_lock":"UNLOCK","countdown":0,"current":0,"energy":16.7,"indicator_mode":"off/on","linkquality":98,"power":0,"power_outage_memory":"off","state":"OFF","update":{"installed_version":192,"latest_version":192,"state":"idle"},"update_available":null,"voltage":233}'
[2024-10-28 06:19:40] info: 	z2m:mqtt: MQTT publish: topic 'zigbee2mqtt/Smart Plug Z1', payload '{"child_lock":"UNLOCK","countdown":0,"current":0,"energy":16.7,"indicator_mode":"off/on","linkquality":98,"power":0,"power_outage_memory":"off","state":"OFF","update":{"installed_version":192,"latest_version":192,"state":"idle"},"update_available":null,"voltage":233}'
[2024-10-28 06:19:53] info: 	z2m:mqtt: MQTT publish: topic 'zigbee2mqtt/bridge/event', payload '{"data":{"friendly_name":"Button 1","ieee_address":"0x04cd15fffe268dcc"},"type":"device_announce"}'
[2024-10-28 06:19:54] info: 	z2m:mqtt: MQTT publish: topic 'zigbee2mqtt/bridge/event', payload '{"data":{"friendly_name":"Button 3","ieee_address":"0xb4e3f9fffe753317"},"type":"device_announce"}'
[2024-10-28 06:23:18] info: 	z2m:mqtt: MQTT publish: topic 'zigbee2mqtt/bridge/event', payload '{"data":{"friendly_name":"Cube","ieee_address":"0x54ef4410006a43c7"},"type":"device_announce"}'
[2024-10-28 06:23:18] info: 	z2m:mqtt: MQTT publish: topic 'zigbee2mqtt/Cube', payload '{"action":null,"action_angle":null,"action_from_side":null,"battery":100,"current":0,"linkquality":54,"operation_mode":"action_mode","power":2,"power_outage_count":159,"side":2,"update":{"installed_version":-1,"latest_version":-1,"state":null},"update_available":null,"voltage":3072}'
[2024-10-28 06:23:20] info: 	z2m:mqtt: MQTT publish: topic 'zigbee2mqtt/Cube', payload '{"action":null,"action_angle":null,"action_from_side":null,"battery":100,"current":0,"linkquality":54,"operation_mode":"action_mode","power":2,"power_outage_count":159,"side":2,"update":{"installed_version":-1,"latest_version":-1,"state":null},"update_available":null,"voltage":3068}'
[2024-10-28 06:24:31] info: 	z2m:mqtt: MQTT publish: topic 'zigbee2mqtt/Smart Plug Z1', payload '{"child_lock":"UNLOCK","countdown":0,"current":0,"energy":16.7,"indicator_mode":"off/on","linkquality":94,"power":0,"power_outage_memory":"off","state":"OFF","update":{"installed_version":192,"latest_version":192,"state":"idle"},"update_available":null,"voltage":233}'
[2024-10-28 06:24:32] info: 	z2m:mqtt: MQTT publish: topic 'zigbee2mqtt/Smart Plug Z1', payload '{"child_lock":"UNLOCK","countdown":0,"current":0,"energy":16.7,"indicator_mode":"off/on","linkquality":94,"power":0,"power_outage_memory":"off","state":"OFF","update":{"installed_version":192,"latest_version":192,"state":"idle"},"update_available":null,"voltage":233}'
[2024-10-28 06:24:42] info: 	z2m:mqtt: MQTT publish: topic 'zigbee2mqtt/Smart Plug Z1', payload '{"child_lock":"UNLOCK","countdown":0,"current":0,"energy":16.7,"indicator_mode":"off/on","linkquality":98,"power":0,"power_outage_memory":"off","state":"OFF","update":{"installed_version":192,"latest_version":192,"state":"idle"},"update_available":null,"voltage":233}'
[2024-10-28 06:24:42] info: 	z2m:mqtt: MQTT publish: topic 'zigbee2mqtt/Smart Plug Z1', payload '{"child_lock":"UNLOCK","countdown":0,"current":0,"energy":16.7,"indicator_mode":"off/on","linkquality":98,"power":0,"power_outage_memory":"off","state":"OFF","update":{"installed_version":192,"latest_version":192,"state":"idle"},"update_available":null,"voltage":233}'
[2024-10-28 06:27:21] info: 	z2m:mqtt: MQTT publish: topic 'zigbee2mqtt/Philips Backyard Sensor', payload '{"battery":57,"illuminance":0,"illuminance_lux":0,"led_indication":true,"linkquality":94,"motion_sensitivity":"high","occupancy":false,"occupancy_timeout":60,"temperature":17.15,"update":{"installed_version":1107323831,"latest_version":1107323831,"state":"idle"},"update_available":null}'
[2024-10-28 06:27:40] info: 	z2m:mqtt: MQTT publish: topic 'zigbee2mqtt/Smart Plug Z1', payload '{"child_lock":"UNLOCK","countdown":0,"current":0,"energy":16.7,"indicator_mode":"off/on","linkquality":94,"power":0,"power_outage_memory":"off","state":"OFF","update":{"installed_version":192,"latest_version":192,"state":"idle"},"update_available":null,"voltage":233}'
[2024-10-28 06:29:48] info: 	z2m:mqtt: MQTT publish: topic 'zigbee2mqtt/Smart Plug Z1', payload '{"child_lock":"UNLOCK","countdown":0,"current":0,"energy":16.7,"indicator_mode":"off/on","linkquality":94,"power":0,"power_outage_memory":"off","state":"OFF","update":{"installed_version":192,"latest_version":192,"state":"idle"},"update_available":null,"voltage":233}'
[2024-10-28 06:29:48] info: 	z2m:mqtt: MQTT publish: topic 'zigbee2mqtt/Smart Plug Z1', payload '{"child_lock":"UNLOCK","countdown":0,"current":0,"energy":16.7,"indicator_mode":"off/on","linkquality":94,"power":0,"power_outage_memory":"off","state":"OFF","update":{"installed_version":192,"latest_version":192,"state":"idle"},"update_available":null,"voltage":233}'
[2024-10-28 06:29:59] info: 	z2m:mqtt: MQTT publish: topic 'zigbee2mqtt/Smart Plug Z1', payload '{"child_lock":"UNLOCK","countdown":0,"current":0,"energy":16.7,"indicator_mode":"off/on","linkquality":94,"power":0,"power_outage_memory":"off","state":"OFF","update":{"installed_version":192,"latest_version":192,"state":"idle"},"update_available":null,"voltage":233}'
[2024-10-28 06:29:59] info: 	z2m:mqtt: MQTT publish: topic 'zigbee2mqtt/Smart Plug Z1', payload '{"child_lock":"UNLOCK","countdown":0,"current":0,"energy":16.7,"indicator_mode":"off/on","linkquality":94,"power":0,"power_outage_memory":"off","state":"OFF","update":{"installed_version":192,"latest_version":192,"state":"idle"},"update_available":null,"voltage":233}'
[2024-10-28 06:33:28] info: 	z2m:mqtt: MQTT publish: topic 'zigbee2mqtt/Philips Backyard Sensor', payload '{"battery":57,"illuminance":0,"illuminance_lux":0,"led_indication":true,"linkquality":94,"motion_sensitivity":"high","occupancy":false,"occupancy_timeout":60,"temperature":17.15,"update":{"installed_version":1107323831,"latest_version":1107323831,"state":"idle"},"update_available":null}'
[2024-10-28 06:34:35] info: 	z2m:mqtt: MQTT publish: topic 'zigbee2mqtt/bridge/event', payload '{"data":{"friendly_name":"Button 1","ieee_address":"0x04cd15fffe268dcc"},"type":"device_announce"}'
[2024-10-28 06:35:17] info: 	z2m:mqtt: MQTT publish: topic 'zigbee2mqtt/Smart Plug Z1', payload '{"child_lock":"UNLOCK","countdown":0,"current":0,"energy":16.7,"indicator_mode":"off/on","linkquality":94,"power":0,"power_outage_memory":"off","state":"OFF","update":{"installed_version":192,"latest_version":192,"state":"idle"},"update_available":null,"voltage":233}'
[2024-10-28 06:35:17] info: 	z2m:mqtt: MQTT publish: topic 'zigbee2mqtt/Smart Plug Z1', payload '{"child_lock":"UNLOCK","countdown":0,"current":0,"energy":16.7,"indicator_mode":"off/on","linkquality":94,"power":0,"power_outage_memory":"off","state":"OFF","update":{"installed_version":192,"latest_version":192,"state":"idle"},"update_available":null,"voltage":233}'
[2024-10-28 06:35:28] info: 	z2m:mqtt: MQTT publish: topic 'zigbee2mqtt/Smart Plug Z1', payload '{"child_lock":"UNLOCK","countdown":0,"current":0,"energy":16.7,"indicator_mode":"off/on","linkquality":94,"power":0,"power_outage_memory":"off","state":"OFF","update":{"installed_version":192,"latest_version":192,"state":"idle"},"update_available":null,"voltage":233}'
[2024-10-28 06:35:28] info: 	z2m:mqtt: MQTT publish: topic 'zigbee2mqtt/Smart Plug Z1', payload '{"child_lock":"UNLOCK","countdown":0,"current":0,"energy":16.7,"indicator_mode":"off/on","linkquality":94,"power":0,"power_outage_memory":"off","state":"OFF","update":{"installed_version":192,"latest_version":192,"state":"idle"},"update_available":null,"voltage":233}'
[2024-10-28 06:40:36] info: 	z2m:mqtt: MQTT publish: topic 'zigbee2mqtt/Smart Plug Z1', payload '{"child_lock":"UNLOCK","countdown":0,"current":0,"energy":16.7,"indicator_mode":"off/on","linkquality":94,"power":0,"power_outage_memory":"off","state":"OFF","update":{"installed_version":192,"latest_version":192,"state":"idle"},"update_available":null,"voltage":232}'
[2024-10-28 06:40:36] info: 	z2m:mqtt: MQTT publish: topic 'zigbee2mqtt/Smart Plug Z1', payload '{"child_lock":"UNLOCK","countdown":0,"current":0,"energy":16.7,"indicator_mode":"off/on","linkquality":94,"power":0,"power_outage_memory":"off","state":"OFF","update":{"installed_version":192,"latest_version":192,"state":"idle"},"update_available":null,"voltage":232}'
[2024-10-28 06:40:47] info: 	z2m:mqtt: MQTT publish: topic 'zigbee2mqtt/Smart Plug Z1', payload '{"child_lock":"UNLOCK","countdown":0,"current":0,"energy":16.7,"indicator_mode":"off/on","linkquality":94,"power":0,"power_outage_memory":"off","state":"OFF","update":{"installed_version":192,"latest_version":192,"state":"idle"},"update_available":null,"voltage":232}'
[2024-10-28 06:40:47] info: 	z2m:mqtt: MQTT publish: topic 'zigbee2mqtt/Smart Plug Z1', payload '{"child_lock":"UNLOCK","countdown":0,"current":0,"energy":16.7,"indicator_mode":"off/on","linkquality":94,"power":0,"power_outage_memory":"off","state":"OFF","update":{"installed_version":192,"latest_version":192,"state":"idle"},"update_available":null,"voltage":232}'
[2024-10-28 06:42:41] info: 	z2m:mqtt: MQTT publish: topic 'zigbee2mqtt/Smart Plug Z1', payload '{"child_lock":"UNLOCK","countdown":0,"current":0,"energy":16.7,"indicator_mode":"off/on","linkquality":98,"power":0,"power_outage_memory":"off","state":"OFF","update":{"installed_version":192,"latest_version":192,"state":"idle"},"update_available":null,"voltage":232}'
[2024-10-28 06:42:51] info: 	z2m:mqtt: MQTT publish: topic 'zigbee2mqtt/Button 1', payload '{"action":null,"battery":1,"linkquality":14,"update":{"installed_version":604241926,"latest_version":604241926,"state":"idle"},"update_available":null}'
[2024-10-28 06:43:46] info: 	z2m:mqtt: MQTT publish: topic 'zigbee2mqtt/Philips Backyard Sensor', payload '{"battery":57,"illuminance":0,"illuminance_lux":0,"led_indication":true,"linkquality":94,"motion_sensitivity":"high","occupancy":false,"occupancy_timeout":60,"temperature":17.71,"update":{"installed_version":1107323831,"latest_version":1107323831,"state":"idle"},"update_available":null}'
[2024-10-28 06:43:49] info: 	z2m:mqtt: MQTT publish: topic 'zigbee2mqtt/Philips Backyard Sensor', payload '{"battery":57,"illuminance":0,"illuminance_lux":0,"led_indication":true,"linkquality":94,"motion_sensitivity":"high","occupancy":false,"occupancy_timeout":60,"temperature":17.71,"update":{"installed_version":1107323831,"latest_version":1107323831,"state":"idle"},"update_available":null}'
[2024-10-28 06:44:24] info: 	z2m:mqtt: MQTT publish: topic 'zigbee2mqtt/bridge/event', payload '{"data":{"friendly_name":"Button 3","ieee_address":"0xb4e3f9fffe753317"},"type":"device_announce"}'
[2024-10-28 06:46:00] info: 	z2m:mqtt: MQTT publish: topic 'zigbee2mqtt/Smart Plug Z1', payload '{"child_lock":"UNLOCK","countdown":0,"current":0,"energy":16.7,"indicator_mode":"off/on","linkquality":98,"power":0,"power_outage_memory":"off","state":"OFF","update":{"installed_version":192,"latest_version":192,"state":"idle"},"update_available":null,"voltage":232}'
[2024-10-28 06:46:00] info: 	z2m:mqtt: MQTT publish: topic 'zigbee2mqtt/Smart Plug Z1', payload '{"child_lock":"UNLOCK","countdown":0,"current":0,"energy":16.7,"indicator_mode":"off/on","linkquality":94,"power":0,"power_outage_memory":"off","state":"OFF","update":{"installed_version":192,"latest_version":192,"state":"idle"},"update_available":null,"voltage":232}'
[2024-10-28 06:46:11] info: 	z2m:mqtt: MQTT publish: topic 'zigbee2mqtt/Smart Plug Z1', payload '{"child_lock":"UNLOCK","countdown":0,"current":0,"energy":16.7,"indicator_mode":"off/on","linkquality":94,"power":0,"power_outage_memory":"off","state":"OFF","update":{"installed_version":192,"latest_version":192,"state":"idle"},"update_available":null,"voltage":232}'
[2024-10-28 06:46:11] info: 	z2m:mqtt: MQTT publish: topic 'zigbee2mqtt/Smart Plug Z1', payload '{"child_lock":"UNLOCK","countdown":0,"current":0,"energy":16.7,"indicator_mode":"off/on","linkquality":94,"power":0,"power_outage_memory":"off","state":"OFF","update":{"installed_version":192,"latest_version":192,"state":"idle"},"update_available":null,"voltage":232}'
[2024-10-28 06:51:19] info: 	z2m:mqtt: MQTT publish: topic 'zigbee2mqtt/Smart Plug Z1', payload '{"child_lock":"UNLOCK","countdown":0,"current":0,"energy":16.7,"indicator_mode":"off/on","linkquality":87,"power":0,"power_outage_memory":"off","state":"OFF","update":{"installed_version":192,"latest_version":192,"state":"idle"},"update_available":null,"voltage":231}'
[2024-10-28 06:51:19] info: 	z2m:mqtt: MQTT publish: topic 'zigbee2mqtt/Smart Plug Z1', payload '{"child_lock":"UNLOCK","countdown":0,"current":0,"energy":16.7,"indicator_mode":"off/on","linkquality":94,"power":0,"power_outage_memory":"off","state":"OFF","update":{"installed_version":192,"latest_version":192,"state":"idle"},"update_available":null,"voltage":231}'
[2024-10-28 06:51:30] info: 	z2m:mqtt: MQTT publish: topic 'zigbee2mqtt/Smart Plug Z1', payload '{"child_lock":"UNLOCK","countdown":0,"current":0,"energy":16.7,"indicator_mode":"off/on","linkquality":94,"power":0,"power_outage_memory":"off","state":"OFF","update":{"installed_version":192,"latest_version":192,"state":"idle"},"update_available":null,"voltage":231}'
[2024-10-28 06:51:30] info: 	z2m:mqtt: MQTT publish: topic 'zigbee2mqtt/Smart Plug Z1', payload '{"child_lock":"UNLOCK","countdown":0,"current":0,"energy":16.7,"indicator_mode":"off/on","linkquality":94,"power":0,"power_outage_memory":"off","state":"OFF","update":{"installed_version":192,"latest_version":192,"state":"idle"},"update_available":null,"voltage":231}'
[2024-10-28 06:56:33] info: 	z2m:mqtt: MQTT publish: topic 'zigbee2mqtt/Smart Plug Z1', payload '{"child_lock":"UNLOCK","countdown":0,"current":0,"energy":16.7,"indicator_mode":"off/on","linkquality":94,"power":0,"power_outage_memory":"off","state":"OFF","update":{"installed_version":192,"latest_version":192,"state":"idle"},"update_available":null,"voltage":231}'
[2024-10-28 06:56:33] info: 	z2m:mqtt: MQTT publish: topic 'zigbee2mqtt/Smart Plug Z1', payload '{"child_lock":"UNLOCK","countdown":0,"current":0,"energy":16.7,"indicator_mode":"off/on","linkquality":94,"power":0,"power_outage_memory":"off","state":"OFF","update":{"installed_version":192,"latest_version":192,"state":"idle"},"update_available":null,"voltage":231}'
[2024-10-28 06:56:44] info: 	z2m:mqtt: MQTT publish: topic 'zigbee2mqtt/Smart Plug Z1', payload '{"child_lock":"UNLOCK","countdown":0,"current":0,"energy":16.7,"indicator_mode":"off/on","linkquality":94,"power":0,"power_outage_memory":"off","state":"OFF","update":{"installed_version":192,"latest_version":192,"state":"idle"},"update_available":null,"voltage":231}'
[2024-10-28 06:56:44] info: 	z2m:mqtt: MQTT publish: topic 'zigbee2mqtt/Smart Plug Z1', payload '{"child_lock":"UNLOCK","countdown":0,"current":0,"energy":16.7,"indicator_mode":"off/on","linkquality":94,"power":0,"power_outage_memory":"off","state":"OFF","update":{"installed_version":192,"latest_version":192,"state":"idle"},"update_available":null,"voltage":231}'
[2024-10-28 06:57:41] info: 	z2m:mqtt: MQTT publish: topic 'zigbee2mqtt/Smart Plug Z1', payload '{"child_lock":"UNLOCK","countdown":0,"current":0,"energy":16.7,"indicator_mode":"off/on","linkquality":94,"power":0,"power_outage_memory":"off","state":"OFF","update":{"installed_version":192,"latest_version":192,"state":"idle"},"update_available":null,"voltage":231}'
[2024-10-28 06:57:41] info: 	z2m:mqtt: MQTT publish: topic 'zigbee2mqtt/Smart Plug Z1', payload '{"child_lock":"UNLOCK","countdown":0,"current":0,"energy":16.7,"indicator_mode":"off/on","linkquality":94,"power":0,"power_outage_memory":"off","state":"OFF","update":{"installed_version":192,"latest_version":192,"state":"idle"},"update_available":null,"voltage":231}'
[2024-10-28 06:57:41] info: 	z2m:mqtt: MQTT publish: topic 'zigbee2mqtt/Smart Plug Z1', payload '{"child_lock":"UNLOCK","countdown":0,"current":0,"energy":16.7,"indicator_mode":"off/on","linkquality":94,"power":0,"power_outage_memory":"off","state":"OFF","update":{"installed_version":192,"latest_version":192,"state":"idle"},"update_available":null,"voltage":231}'
[2024-10-28 06:57:41] info: 	z2m:mqtt: MQTT publish: topic 'zigbee2mqtt/Smart Plug Z1', payload '{"child_lock":"UNLOCK","countdown":0,"current":0,"energy":16.7,"indicator_mode":"off/on","linkquality":94,"power":0,"power_outage_memory":"off","state":"OFF","update":{"installed_version":192,"latest_version":192,"state":"idle"},"update_available":null,"voltage":231}'
[2024-10-28 06:57:46] info: 	z2m:mqtt: MQTT publish: topic 'zigbee2mqtt/Smart Plug Z1', payload '{"child_lock":"UNLOCK","countdown":0,"current":0,"energy":16.7,"indicator_mode":"off/on","linkquality":94,"power":0,"power_outage_memory":"off","state":"OFF","update":{"installed_version":192,"latest_version":192,"state":"idle"},"update_available":null,"voltage":231}'
[2024-10-28 06:57:52] info: 	z2m:mqtt: MQTT publish: topic 'zigbee2mqtt/Smart Plug Z1', payload '{"child_lock":"UNLOCK","countdown":0,"current":0,"energy":16.7,"indicator_mode":"off/on","linkquality":94,"power":0,"power_outage_memory":"off","state":"OFF","update":{"installed_version":192,"latest_version":192,"state":"idle"},"update_available":null,"voltage":231}'
[2024-10-28 06:57:52] info: 	z2m:mqtt: MQTT publish: topic 'zigbee2mqtt/Smart Plug Z1', payload '{"child_lock":"UNLOCK","countdown":0,"current":0,"energy":16.7,"indicator_mode":"off/on","linkquality":94,"power":0,"power_outage_memory":"off","state":"OFF","update":{"installed_version":192,"latest_version":192,"state":"idle"},"update_available":null,"voltage":231}'
[2024-10-28 06:59:06] info: 	z2m:mqtt: MQTT publish: topic 'zigbee2mqtt/Philips Backyard Sensor', payload '{"battery":57,"illuminance":231,"illuminance_lux":1,"led_indication":true,"linkquality":94,"motion_sensitivity":"high","occupancy":false,"occupancy_timeout":60,"temperature":17.71,"update":{"installed_version":1107323831,"latest_version":1107323831,"state":"idle"},"update_available":null}'
[2024-10-28 07:00:58] info: 	z2m:mqtt: MQTT publish: topic 'zigbee2mqtt/Button 2 - Chandelier', payload '{"action":null,"battery":90,"linkquality":91,"update":{"installed_version":604241926,"latest_version":604241926,"state":"idle"},"update_available":null}'
[2024-10-28 07:01:38] info: 	z2m:mqtt: MQTT publish: topic 'zigbee2mqtt/Smart Plug Z1', payload '{"child_lock":"UNLOCK","countdown":0,"current":0,"energy":16.7,"indicator_mode":"off/on","linkquality":94,"power":0,"power_outage_memory":"off","state":"OFF","update":{"installed_version":192,"latest_version":192,"state":"idle"},"update_available":null,"voltage":233}'
[2024-10-28 07:01:38] info: 	z2m:mqtt: MQTT publish: topic 'zigbee2mqtt/Smart Plug Z1', payload '{"child_lock":"UNLOCK","countdown":0,"current":0,"energy":16.7,"indicator_mode":"off/on","linkquality":94,"power":0,"power_outage_memory":"off","state":"OFF","update":{"installed_version":192,"latest_version":192,"state":"idle"},"update_available":null,"voltage":233}'
[2024-10-28 07:01:49] info: 	z2m:mqtt: MQTT publish: topic 'zigbee2mqtt/Smart Plug Z1', payload '{"child_lock":"UNLOCK","countdown":0,"current":0,"energy":16.7,"indicator_mode":"off/on","linkquality":94,"power":0,"power_outage_memory":"off","state":"OFF","update":{"installed_version":192,"latest_version":192,"state":"idle"},"update_available":null,"voltage":233}'
[2024-10-28 07:01:49] info: 	z2m:mqtt: MQTT publish: topic 'zigbee2mqtt/Smart Plug Z1', payload '{"child_lock":"UNLOCK","countdown":0,"current":0,"energy":16.7,"indicator_mode":"off/on","linkquality":94,"power":0,"power_outage_memory":"off","state":"OFF","update":{"installed_version":192,"latest_version":192,"state":"idle"},"update_available":null,"voltage":233}'
[2024-10-28 07:06:48] info: 	z2m:mqtt: MQTT publish: topic 'zigbee2mqtt/Smart Plug Z1', payload '{"child_lock":"UNLOCK","countdown":0,"current":0,"energy":16.7,"indicator_mode":"off/on","linkquality":94,"power":0,"power_outage_memory":"off","state":"OFF","update":{"installed_version":192,"latest_version":192,"state":"idle"},"update_available":null,"voltage":233}'
[2024-10-28 07:06:48] info: 	z2m:mqtt: MQTT publish: topic 'zigbee2mqtt/Smart Plug Z1', payload '{"child_lock":"UNLOCK","countdown":0,"current":0,"energy":16.7,"indicator_mode":"off/on","linkquality":94,"power":0,"power_outage_memory":"off","state":"OFF","update":{"installed_version":192,"latest_version":192,"state":"idle"},"update_available":null,"voltage":233}'
[2024-10-28 07:06:59] info: 	z2m:mqtt: MQTT publish: topic 'zigbee2mqtt/Smart Plug Z1', payload '{"child_lock":"UNLOCK","countdown":0,"current":0,"energy":16.7,"indicator_mode":"off/on","linkquality":94,"power":0,"power_outage_memory":"off","state":"OFF","update":{"installed_version":192,"latest_version":192,"state":"idle"},"update_available":null,"voltage":233}'
[2024-10-28 07:06:59] info: 	z2m:mqtt: MQTT publish: topic 'zigbee2mqtt/Smart Plug Z1', payload '{"child_lock":"UNLOCK","countdown":0,"current":0,"energy":16.7,"indicator_mode":"off/on","linkquality":94,"power":0,"power_outage_memory":"off","state":"OFF","update":{"installed_version":192,"latest_version":192,"state":"idle"},"update_available":null,"voltage":233}'
[2024-10-28 07:09:05] info: 	z2m:mqtt: MQTT publish: topic 'zigbee2mqtt/Philips Backyard Sensor', payload '{"battery":57,"illuminance":5002,"illuminance_lux":3,"led_indication":true,"linkquality":94,"motion_sensitivity":"high","occupancy":false,"occupancy_timeout":60,"temperature":17.71,"update":{"installed_version":1107323831,"latest_version":1107323831,"state":"idle"},"update_available":null}'
[2024-10-28 07:11:50] info: 	z2m:mqtt: MQTT publish: topic 'zigbee2mqtt/Smart Plug Z1', payload '{"child_lock":"UNLOCK","countdown":0,"current":0,"energy":16.7,"indicator_mode":"off/on","linkquality":94,"power":0,"power_outage_memory":"off","state":"OFF","update":{"installed_version":192,"latest_version":192,"state":"idle"},"update_available":null,"voltage":232}'
[2024-10-28 07:11:50] info: 	z2m:mqtt: MQTT publish: topic 'zigbee2mqtt/Smart Plug Z1', payload '{"child_lock":"UNLOCK","countdown":0,"current":0,"energy":16.7,"indicator_mode":"off/on","linkquality":94,"power":0,"power_outage_memory":"off","state":"OFF","update":{"installed_version":192,"latest_version":192,"state":"idle"},"update_available":null,"voltage":232}'
[2024-10-28 07:12:01] info: 	z2m:mqtt: MQTT publish: topic 'zigbee2mqtt/Smart Plug Z1', payload '{"child_lock":"UNLOCK","countdown":0,"current":0,"energy":16.7,"indicator_mode":"off/on","linkquality":94,"power":0,"power_outage_memory":"off","state":"OFF","update":{"installed_version":192,"latest_version":192,"state":"idle"},"update_available":null,"voltage":232}'
[2024-10-28 07:12:01] info: 	z2m:mqtt: MQTT publish: topic 'zigbee2mqtt/Smart Plug Z1', payload '{"child_lock":"UNLOCK","countdown":0,"current":0,"energy":16.7,"indicator_mode":"off/on","linkquality":94,"power":0,"power_outage_memory":"off","state":"OFF","update":{"installed_version":192,"latest_version":192,"state":"idle"},"update_available":null,"voltage":232}'
[2024-10-28 07:12:41] info: 	z2m:mqtt: MQTT publish: topic 'zigbee2mqtt/Smart Plug Z1', payload '{"child_lock":"UNLOCK","countdown":0,"current":0,"energy":16.7,"indicator_mode":"off/on","linkquality":94,"power":0,"power_outage_memory":"off","state":"OFF","update":{"installed_version":192,"latest_version":192,"state":"idle"},"update_available":null,"voltage":232}'
[2024-10-28 07:14:04] info: 	z2m:mqtt: MQTT publish: topic 'zigbee2mqtt/Philips Backyard Sensor', payload '{"battery":57,"illuminance":6252,"illuminance_lux":4,"led_indication":true,"linkquality":94,"motion_sensitivity":"high","occupancy":false,"occupancy_timeout":60,"temperature":17.71,"update":{"installed_version":1107323831,"latest_version":1107323831,"state":"idle"},"update_available":null}'
[2024-10-28 07:17:07] info: 	z2m:mqtt: MQTT publish: topic 'zigbee2mqtt/Smart Plug Z1', payload '{"child_lock":"UNLOCK","countdown":0,"current":0,"energy":16.7,"indicator_mode":"off/on","linkquality":94,"power":0,"power_outage_memory":"off","state":"OFF","update":{"installed_version":192,"latest_version":192,"state":"idle"},"update_available":null,"voltage":233}'
[2024-10-28 07:17:07] info: 	z2m:mqtt: MQTT publish: topic 'zigbee2mqtt/Smart Plug Z1', payload '{"child_lock":"UNLOCK","countdown":0,"current":0,"energy":16.7,"indicator_mode":"off/on","linkquality":98,"power":0,"power_outage_memory":"off","state":"OFF","update":{"installed_version":192,"latest_version":192,"state":"idle"},"update_available":null,"voltage":233}'
[2024-10-28 07:17:18] info: 	z2m:mqtt: MQTT publish: topic 'zigbee2mqtt/Smart Plug Z1', payload '{"child_lock":"UNLOCK","countdown":0,"current":0,"energy":16.7,"indicator_mode":"off/on","linkquality":94,"power":0,"power_outage_memory":"off","state":"OFF","update":{"installed_version":192,"latest_version":192,"state":"idle"},"update_available":null,"voltage":233}'
[2024-10-28 07:17:18] info: 	z2m:mqtt: MQTT publish: topic 'zigbee2mqtt/Smart Plug Z1', payload '{"child_lock":"UNLOCK","countdown":0,"current":0,"energy":16.7,"indicator_mode":"off/on","linkquality":94,"power":0,"power_outage_memory":"off","state":"OFF","update":{"installed_version":192,"latest_version":192,"state":"idle"},"update_available":null,"voltage":233}'
[2024-10-28 07:18:35] info: 	z2m:mqtt: MQTT publish: topic 'zigbee2mqtt/Cube', payload '{"action":null,"action_angle":null,"action_from_side":null,"battery":100,"current":0,"linkquality":94,"operation_mode":"action_mode","power":2,"power_outage_count":159,"side":2,"update":{"installed_version":-1,"latest_version":-1,"state":null},"update_available":null,"voltage":3070}'
[2024-10-28 07:19:04] info: 	z2m:mqtt: MQTT publish: topic 'zigbee2mqtt/Philips Backyard Sensor', payload '{"battery":57,"illuminance":8013,"illuminance_lux":6,"led_indication":true,"linkquality":94,"motion_sensitivity":"high","occupancy":false,"occupancy_timeout":60,"temperature":17.71,"update":{"installed_version":1107323831,"latest_version":1107323831,"state":"idle"},"update_available":null}'
[2024-10-28 07:22:20] info: 	z2m:mqtt: MQTT publish: topic 'zigbee2mqtt/Smart Plug Z1', payload '{"child_lock":"UNLOCK","countdown":0,"current":0,"energy":16.7,"indicator_mode":"off/on","linkquality":94,"power":0,"power_outage_memory":"off","state":"OFF","update":{"installed_version":192,"latest_version":192,"state":"idle"},"update_available":null,"voltage":233}'
[2024-10-28 07:22:20] info: 	z2m:mqtt: MQTT publish: topic 'zigbee2mqtt/Smart Plug Z1', payload '{"child_lock":"UNLOCK","countdown":0,"current":0,"energy":16.7,"indicator_mode":"off/on","linkquality":94,"power":0,"power_outage_memory":"off","state":"OFF","update":{"installed_version":192,"latest_version":192,"state":"idle"},"update_available":null,"voltage":233}'
[2024-10-28 07:22:31] info: 	z2m:mqtt: MQTT publish: topic 'zigbee2mqtt/Smart Plug Z1', payload '{"child_lock":"UNLOCK","countdown":0,"current":0,"energy":16.7,"indicator_mode":"off/on","linkquality":94,"power":0,"power_outage_memory":"off","state":"OFF","update":{"installed_version":192,"latest_version":192,"state":"idle"},"update_available":null,"voltage":233}'
[2024-10-28 07:22:31] info: 	z2m:mqtt: MQTT publish: topic 'zigbee2mqtt/Smart Plug Z1', payload '{"child_lock":"UNLOCK","countdown":0,"current":0,"energy":16.7,"indicator_mode":"off/on","linkquality":94,"power":0,"power_outage_memory":"off","state":"OFF","update":{"installed_version":192,"latest_version":192,"state":"idle"},"update_available":null,"voltage":233}'
[2024-10-28 07:24:03] info: 	z2m:mqtt: MQTT publish: topic 'zigbee2mqtt/Philips Backyard Sensor', payload '{"battery":57,"illuminance":9262,"illuminance_lux":8,"led_indication":true,"linkquality":94,"motion_sensitivity":"high","occupancy":false,"occupancy_timeout":60,"temperature":17.71,"update":{"installed_version":1107323831,"latest_version":1107323831,"state":"idle"},"update_available":null}'
[2024-10-28 07:27:41] info: 	z2m:mqtt: MQTT publish: topic 'zigbee2mqtt/Smart Plug Z1', payload '{"child_lock":"UNLOCK","countdown":0,"current":0,"energy":16.7,"indicator_mode":"off/on","linkquality":94,"power":0,"power_outage_memory":"off","state":"OFF","update":{"installed_version":192,"latest_version":192,"state":"idle"},"update_available":null,"voltage":233}'
[2024-10-28 07:27:46] info: 	z2m:mqtt: MQTT publish: topic 'zigbee2mqtt/Smart Plug Z1', payload '{"child_lock":"UNLOCK","countdown":0,"current":0,"energy":16.7,"indicator_mode":"off/on","linkquality":94,"power":0,"power_outage_memory":"off","state":"OFF","update":{"installed_version":192,"latest_version":192,"state":"idle"},"update_available":null,"voltage":233}'
[2024-10-28 07:27:46] info: 	z2m:mqtt: MQTT publish: topic 'zigbee2mqtt/Smart Plug Z1', payload '{"child_lock":"UNLOCK","countdown":0,"current":0,"energy":16.7,"indicator_mode":"off/on","linkquality":94,"power":0,"power_outage_memory":"off","state":"OFF","update":{"installed_version":192,"latest_version":192,"state":"idle"},"update_available":null,"voltage":233}'
[2024-10-28 07:27:57] info: 	z2m:mqtt: MQTT publish: topic 'zigbee2mqtt/Smart Plug Z1', payload '{"child_lock":"UNLOCK","countdown":0,"current":0,"energy":16.7,"indicator_mode":"off/on","linkquality":94,"power":0,"power_outage_memory":"off","state":"OFF","update":{"installed_version":192,"latest_version":192,"state":"idle"},"update_available":null,"voltage":233}'
[2024-10-28 07:27:57] info: 	z2m:mqtt: MQTT publish: topic 'zigbee2mqtt/Smart Plug Z1', payload '{"child_lock":"UNLOCK","countdown":0,"current":0,"energy":16.7,"indicator_mode":"off/on","linkquality":94,"power":0,"power_outage_memory":"off","state":"OFF","update":{"installed_version":192,"latest_version":192,"state":"idle"},"update_available":null,"voltage":233}'
[2024-10-28 07:29:03] info: 	z2m:mqtt: MQTT publish: topic 'zigbee2mqtt/Philips Backyard Sensor', payload '{"battery":57,"illuminance":11371,"illuminance_lux":14,"led_indication":true,"linkquality":94,"motion_sensitivity":"high","occupancy":false,"occupancy_timeout":60,"temperature":17.71,"update":{"installed_version":1107323831,"latest_version":1107323831,"state":"idle"},"update_available":null}'
[2024-10-28 07:31:20] info: 	z2m:mqtt: MQTT publish: topic 'zigbee2mqtt/Button 3', payload '{"action":null,"battery":90,"linkquality":0,"update":{"installed_version":604241926,"latest_version":604241926,"state":"idle"},"update_available":null}'
[2024-10-28 07:33:13] info: 	z2m:mqtt: MQTT publish: topic 'zigbee2mqtt/Smart Plug Z1', payload '{"child_lock":"UNLOCK","countdown":0,"current":0,"energy":16.7,"indicator_mode":"off/on","linkquality":91,"power":0,"power_outage_memory":"off","state":"OFF","update":{"installed_version":192,"latest_version":192,"state":"idle"},"update_available":null,"voltage":233}'
[2024-10-28 07:33:13] info: 	z2m:mqtt: MQTT publish: topic 'zigbee2mqtt/Smart Plug Z1', payload '{"child_lock":"UNLOCK","countdown":0,"current":0,"energy":16.7,"indicator_mode":"off/on","linkquality":91,"power":0,"power_outage_memory":"off","state":"OFF","update":{"installed_version":192,"latest_version":192,"state":"idle"},"update_available":null,"voltage":233}'
[2024-10-28 07:33:23] info: 	z2m:mqtt: MQTT publish: topic 'zigbee2mqtt/Philips Backyard Sensor', payload '{"battery":57,"illuminance":11371,"illuminance_lux":14,"led_indication":true,"linkquality":94,"motion_sensitivity":"high","occupancy":false,"occupancy_timeout":60,"temperature":17.71,"update":{"installed_version":1107323831,"latest_version":1107323831,"state":"idle"},"update_available":null}'
[2024-10-28 07:33:24] info: 	z2m:mqtt: MQTT publish: topic 'zigbee2mqtt/Smart Plug Z1', payload '{"child_lock":"UNLOCK","countdown":0,"current":0,"energy":16.7,"indicator_mode":"off/on","linkquality":91,"power":0,"power_outage_memory":"off","state":"OFF","update":{"installed_version":192,"latest_version":192,"state":"idle"},"update_available":null,"voltage":233}'
[2024-10-28 07:33:24] info: 	z2m:mqtt: MQTT publish: topic 'zigbee2mqtt/Smart Plug Z1', payload '{"child_lock":"UNLOCK","countdown":0,"current":0,"energy":16.7,"indicator_mode":"off/on","linkquality":91,"power":0,"power_outage_memory":"off","state":"OFF","update":{"installed_version":192,"latest_version":192,"state":"idle"},"update_available":null,"voltage":233}'
[2024-10-28 07:34:03] info: 	z2m:mqtt: MQTT publish: topic 'zigbee2mqtt/Philips Backyard Sensor', payload '{"battery":57,"illuminance":12784,"illuminance_lux":19,"led_indication":true,"linkquality":94,"motion_sensitivity":"high","occupancy":false,"occupancy_timeout":60,"temperature":17.71,"update":{"installed_version":1107323831,"latest_version":1107323831,"state":"idle"},"update_available":null}'
[2024-10-28 07:38:15] info: 	z2m:mqtt: MQTT publish: topic 'zigbee2mqtt/Smart Plug Z1', payload '{"child_lock":"UNLOCK","countdown":0,"current":0,"energy":16.7,"indicator_mode":"off/on","linkquality":91,"power":0,"power_outage_memory":"off","state":"OFF","update":{"installed_version":192,"latest_version":192,"state":"idle"},"update_available":null,"voltage":233}'
[2024-10-28 07:38:15] info: 	z2m:mqtt: MQTT publish: topic 'zigbee2mqtt/Smart Plug Z1', payload '{"child_lock":"UNLOCK","countdown":0,"current":0,"energy":16.7,"indicator_mode":"off/on","linkquality":94,"power":0,"power_outage_memory":"off","state":"OFF","update":{"installed_version":192,"latest_version":192,"state":"idle"},"update_available":null,"voltage":233}'
[2024-10-28 07:38:26] info: 	z2m:mqtt: MQTT publish: topic 'zigbee2mqtt/Smart Plug Z1', payload '{"child_lock":"UNLOCK","countdown":0,"current":0,"energy":16.7,"indicator_mode":"off/on","linkquality":94,"power":0,"power_outage_memory":"off","state":"OFF","update":{"installed_version":192,"latest_version":192,"state":"idle"},"update_available":null,"voltage":233}'
[2024-10-28 07:38:26] info: 	z2m:mqtt: MQTT publish: topic 'zigbee2mqtt/Smart Plug Z1', payload '{"child_lock":"UNLOCK","countdown":0,"current":0,"energy":16.7,"indicator_mode":"off/on","linkquality":94,"power":0,"power_outage_memory":"off","state":"OFF","update":{"installed_version":192,"latest_version":192,"state":"idle"},"update_available":null,"voltage":233}'
[2024-10-28 07:39:02] info: 	z2m:mqtt: MQTT publish: topic 'zigbee2mqtt/Philips Backyard Sensor', payload '{"battery":57,"illuminance":14381,"illuminance_lux":27,"led_indication":true,"linkquality":94,"motion_sensitivity":"high","occupancy":false,"occupancy_timeout":60,"temperature":17.71,"update":{"installed_version":1107323831,"latest_version":1107323831,"state":"idle"},"update_available":null}'
[2024-10-28 07:42:41] info: 	z2m:mqtt: MQTT publish: topic 'zigbee2mqtt/Smart Plug Z1', payload '{"child_lock":"UNLOCK","countdown":0,"current":0,"energy":16.7,"indicator_mode":"off/on","linkquality":94,"power":0,"power_outage_memory":"off","state":"OFF","update":{"installed_version":192,"latest_version":192,"state":"idle"},"update_available":null,"voltage":233}'
[2024-10-28 07:43:17] info: 	z2m:mqtt: MQTT publish: topic 'zigbee2mqtt/Smart Plug Z1', payload '{"child_lock":"UNLOCK","countdown":0,"current":0,"energy":16.7,"indicator_mode":"off/on","linkquality":94,"power":0,"power_outage_memory":"off","state":"OFF","update":{"installed_version":192,"latest_version":192,"state":"idle"},"update_available":null,"voltage":233}'
[2024-10-28 07:43:17] info: 	z2m:mqtt: MQTT publish: topic 'zigbee2mqtt/Smart Plug Z1', payload '{"child_lock":"UNLOCK","countdown":0,"current":0,"energy":16.7,"indicator_mode":"off/on","linkquality":98,"power":0,"power_outage_memory":"off","state":"OFF","update":{"installed_version":192,"latest_version":192,"state":"idle"},"update_available":null,"voltage":233}'
[2024-10-28 07:43:28] info: 	z2m:mqtt: MQTT publish: topic 'zigbee2mqtt/Smart Plug Z1', payload '{"child_lock":"UNLOCK","countdown":0,"current":0,"energy":16.7,"indicator_mode":"off/on","linkquality":98,"power":0,"power_outage_memory":"off","state":"OFF","update":{"installed_version":192,"latest_version":192,"state":"idle"},"update_available":null,"voltage":233}'
[2024-10-28 07:43:28] info: 	z2m:mqtt: MQTT publish: topic 'zigbee2mqtt/Smart Plug Z1', payload '{"child_lock":"UNLOCK","countdown":0,"current":0,"energy":16.7,"indicator_mode":"off/on","linkquality":98,"power":0,"power_outage_memory":"off","state":"OFF","update":{"installed_version":192,"latest_version":192,"state":"idle"},"update_available":null,"voltage":233}'
[2024-10-28 07:43:41] info: 	z2m:mqtt: MQTT publish: topic 'zigbee2mqtt/Philips Backyard Sensor', payload '{"battery":57,"illuminance":14381,"illuminance_lux":27,"led_indication":true,"linkquality":94,"motion_sensitivity":"high","occupancy":false,"occupancy_timeout":60,"temperature":17.71,"update":{"installed_version":1107323831,"latest_version":1107323831,"state":"idle"},"update_available":null}'
[2024-10-28 07:44:02] info: 	z2m:mqtt: MQTT publish: topic 'zigbee2mqtt/Philips Backyard Sensor', payload '{"battery":57,"illuminance":15416,"illuminance_lux":35,"led_indication":true,"linkquality":94,"motion_sensitivity":"high","occupancy":false,"occupancy_timeout":60,"temperature":17.71,"update":{"installed_version":1107323831,"latest_version":1107323831,"state":"idle"},"update_available":null}'
[2024-10-28 07:44:39] info: 	z2m:mqtt: MQTT publish: topic 'zigbee2mqtt/Button 4 - Movie', payload '{"action":null,"battery":90,"linkquality":94,"update":{"installed_version":604241926,"latest_version":604241926,"state":"idle"},"update_available":null}'
[2024-10-28 07:48:28] info: 	z2m:mqtt: MQTT publish: topic 'zigbee2mqtt/Smart Plug Z1', payload '{"child_lock":"UNLOCK","countdown":0,"current":0,"energy":16.7,"indicator_mode":"off/on","linkquality":58,"power":0,"power_outage_memory":"off","state":"OFF","update":{"installed_version":192,"latest_version":192,"state":"idle"},"update_available":null,"voltage":233}'
[2024-10-28 07:48:28] info: 	z2m:mqtt: MQTT publish: topic 'zigbee2mqtt/Smart Plug Z1', payload '{"child_lock":"UNLOCK","countdown":0,"current":0,"energy":16.7,"indicator_mode":"off/on","linkquality":94,"power":0,"power_outage_memory":"off","state":"OFF","update":{"installed_version":192,"latest_version":192,"state":"idle"},"update_available":null,"voltage":233}'
[2024-10-28 07:48:39] info: 	z2m:mqtt: MQTT publish: topic 'zigbee2mqtt/Smart Plug Z1', payload '{"child_lock":"UNLOCK","countdown":0,"current":0,"energy":16.7,"indicator_mode":"off/on","linkquality":94,"power":0,"power_outage_memory":"off","state":"OFF","update":{"installed_version":192,"latest_version":192,"state":"idle"},"update_available":null,"voltage":233}'
[2024-10-28 07:48:39] info: 	z2m:mqtt: MQTT publish: topic 'zigbee2mqtt/Smart Plug Z1', payload '{"child_lock":"UNLOCK","countdown":0,"current":0,"energy":16.7,"indicator_mode":"off/on","linkquality":94,"power":0,"power_outage_memory":"off","state":"OFF","update":{"installed_version":192,"latest_version":192,"state":"idle"},"update_available":null,"voltage":233}'
[2024-10-28 07:49:01] info: 	z2m:mqtt: MQTT publish: topic 'zigbee2mqtt/Philips Backyard Sensor', payload '{"battery":57,"illuminance":15283,"illuminance_lux":34,"led_indication":true,"linkquality":94,"motion_sensitivity":"high","occupancy":false,"occupancy_timeout":60,"temperature":17.71,"update":{"installed_version":1107323831,"latest_version":1107323831,"state":"idle"},"update_available":null}'
[2024-10-28 07:49:24] info: 	z2m:mqtt: MQTT publish: topic 'zigbee2mqtt/Button 1', payload '{"action":null,"battery":1,"linkquality":7,"update":{"installed_version":604241926,"latest_version":604241926,"state":"idle"},"update_available":null}'
[2024-10-28 07:53:48] info: 	z2m:mqtt: MQTT publish: topic 'zigbee2mqtt/Smart Plug Z1', payload '{"child_lock":"UNLOCK","countdown":0,"current":0,"energy":16.7,"indicator_mode":"off/on","linkquality":98,"power":0,"power_outage_memory":"off","state":"OFF","update":{"installed_version":192,"latest_version":192,"state":"idle"},"update_available":null,"voltage":233}'
[2024-10-28 07:53:48] info: 	z2m:mqtt: MQTT publish: topic 'zigbee2mqtt/Smart Plug Z1', payload '{"child_lock":"UNLOCK","countdown":0,"current":0,"energy":16.7,"indicator_mode":"off/on","linkquality":94,"power":0,"power_outage_memory":"off","state":"OFF","update":{"installed_version":192,"latest_version":192,"state":"idle"},"update_available":null,"voltage":233}'
[2024-10-28 07:53:59] info: 	z2m:mqtt: MQTT publish: topic 'zigbee2mqtt/Smart Plug Z1', payload '{"child_lock":"UNLOCK","countdown":0,"current":0,"energy":16.7,"indicator_mode":"off/on","linkquality":94,"power":0,"power_outage_memory":"off","state":"OFF","update":{"installed_version":192,"latest_version":192,"state":"idle"},"update_available":null,"voltage":233}'
[2024-10-28 07:53:59] info: 	z2m:mqtt: MQTT publish: topic 'zigbee2mqtt/Smart Plug Z1', payload '{"child_lock":"UNLOCK","countdown":0,"current":0,"energy":16.7,"indicator_mode":"off/on","linkquality":94,"power":0,"power_outage_memory":"off","state":"OFF","update":{"installed_version":192,"latest_version":192,"state":"idle"},"update_available":null,"voltage":233}'
[2024-10-28 07:54:01] info: 	z2m:mqtt: MQTT publish: topic 'zigbee2mqtt/Philips Backyard Sensor', payload '{"battery":57,"illuminance":16029,"illuminance_lux":40,"led_indication":true,"linkquality":94,"motion_sensitivity":"high","occupancy":false,"occupancy_timeout":60,"temperature":17.71,"update":{"installed_version":1107323831,"latest_version":1107323831,"state":"idle"},"update_available":null}'
[2024-10-28 07:57:41] info: 	z2m:mqtt: MQTT publish: topic 'zigbee2mqtt/Smart Plug Z1', payload '{"child_lock":"UNLOCK","countdown":0,"current":0,"energy":16.7,"indicator_mode":"off/on","linkquality":94,"power":0,"power_outage_memory":"off","state":"OFF","update":{"installed_version":192,"latest_version":192,"state":"idle"},"update_available":null,"voltage":233}'
[2024-10-28 07:57:41] info: 	z2m:mqtt: MQTT publish: topic 'zigbee2mqtt/Smart Plug Z1', payload '{"child_lock":"UNLOCK","countdown":0,"current":0,"energy":16.7,"indicator_mode":"off/on","linkquality":94,"power":0,"power_outage_memory":"off","state":"OFF","update":{"installed_version":192,"latest_version":192,"state":"idle"},"update_available":null,"voltage":233}'
[2024-10-28 07:57:41] info: 	z2m:mqtt: MQTT publish: topic 'zigbee2mqtt/Smart Plug Z1', payload '{"child_lock":"UNLOCK","countdown":0,"current":0,"energy":16.7,"indicator_mode":"off/on","linkquality":94,"power":0,"power_outage_memory":"off","state":"OFF","update":{"installed_version":192,"latest_version":192,"state":"idle"},"update_available":null,"voltage":233}'
[2024-10-28 07:57:41] info: 	z2m:mqtt: MQTT publish: topic 'zigbee2mqtt/Smart Plug Z1', payload '{"child_lock":"UNLOCK","countdown":0,"current":0,"energy":16.7,"indicator_mode":"off/on","linkquality":94,"power":0,"power_outage_memory":"off","state":"OFF","update":{"installed_version":192,"latest_version":192,"state":"idle"},"update_available":null,"voltage":233}'
[2024-10-28 07:57:46] info: 	z2m:mqtt: MQTT publish: topic 'zigbee2mqtt/Smart Plug Z1', payload '{"child_lock":"UNLOCK","countdown":0,"current":0,"energy":16.7,"indicator_mode":"off/on","linkquality":94,"power":0,"power_outage_memory":"off","state":"OFF","update":{"installed_version":192,"latest_version":192,"state":"idle"},"update_available":null,"voltage":232}'
[2024-10-28 07:57:52] info: 	z2m:mqtt: MQTT publish: topic 'zigbee2mqtt/Smart Plug Z1', payload '{"child_lock":"UNLOCK","countdown":0,"current":0,"energy":16.7,"indicator_mode":"off/on","linkquality":94,"power":0,"power_outage_memory":"off","state":"OFF","update":{"installed_version":192,"latest_version":192,"state":"idle"},"update_available":null,"voltage":232}'
[2024-10-28 07:57:52] info: 	z2m:mqtt: MQTT publish: topic 'zigbee2mqtt/Smart Plug Z1', payload '{"child_lock":"UNLOCK","countdown":0,"current":0,"energy":16.7,"indicator_mode":"off/on","linkquality":94,"power":0,"power_outage_memory":"off","state":"OFF","update":{"installed_version":192,"latest_version":192,"state":"idle"},"update_available":null,"voltage":232}'
[2024-10-28 07:59:00] info: 	z2m:mqtt: MQTT publish: topic 'zigbee2mqtt/Philips Backyard Sensor', payload '{"battery":57,"illuminance":15913,"illuminance_lux":39,"led_indication":true,"linkquality":94,"motion_sensitivity":"high","occupancy":false,"occupancy_timeout":60,"temperature":17.71,"update":{"installed_version":1107323831,"latest_version":1107323831,"state":"idle"},"update_available":null}'
[2024-10-28 07:59:05] info: 	z2m:mqtt: MQTT publish: topic 'zigbee2mqtt/Smart Plug Z1', payload '{"child_lock":"UNLOCK","countdown":0,"current":0,"energy":16.7,"indicator_mode":"off/on","linkquality":94,"power":0,"power_outage_memory":"off","state":"OFF","update":{"installed_version":192,"latest_version":192,"state":"idle"},"update_available":null,"voltage":233}'
[2024-10-28 07:59:05] info: 	z2m:mqtt: MQTT publish: topic 'zigbee2mqtt/Smart Plug Z1', payload '{"child_lock":"UNLOCK","countdown":0,"current":0,"energy":16.7,"indicator_mode":"off/on","linkquality":94,"power":0,"power_outage_memory":"off","state":"OFF","update":{"installed_version":192,"latest_version":192,"state":"idle"},"update_available":null,"voltage":233}'
[2024-10-28 07:59:05] info: 	z2m:mqtt: MQTT publish: topic 'zigbee2mqtt/Smart Plug Z1', payload '{"child_lock":"UNLOCK","countdown":0,"current":0,"energy":16.7,"indicator_mode":"off/on","linkquality":94,"power":0,"power_outage_memory":"off","state":"OFF","update":{"installed_version":192,"latest_version":192,"state":"idle"},"update_available":null,"voltage":233}'
[2024-10-28 07:59:16] info: 	z2m:mqtt: MQTT publish: topic 'zigbee2mqtt/Smart Plug Z1', payload '{"child_lock":"UNLOCK","countdown":0,"current":0,"energy":16.7,"indicator_mode":"off/on","linkquality":94,"power":0,"power_outage_memory":"off","state":"OFF","update":{"installed_version":192,"latest_version":192,"state":"idle"},"update_available":null,"voltage":233}'
[2024-10-28 07:59:16] info: 	z2m:mqtt: MQTT publish: topic 'zigbee2mqtt/Smart Plug Z1', payload '{"child_lock":"UNLOCK","countdown":0,"current":0,"energy":16.7,"indicator_mode":"off/on","linkquality":94,"power":0,"power_outage_memory":"off","state":"OFF","update":{"installed_version":192,"latest_version":192,"state":"idle"},"update_available":null,"voltage":233}'
[2024-10-28 08:04:00] info: 	z2m:mqtt: MQTT publish: topic 'zigbee2mqtt/Philips Backyard Sensor', payload '{"battery":57,"illuminance":16566,"illuminance_lux":45,"led_indication":true,"linkquality":94,"motion_sensitivity":"high","occupancy":false,"occupancy_timeout":60,"temperature":17.71,"update":{"installed_version":1107323831,"latest_version":1107323831,"state":"idle"},"update_available":null}'
[2024-10-28 08:04:24] info: 	z2m:mqtt: MQTT publish: topic 'zigbee2mqtt/Smart Plug Z1', payload '{"child_lock":"UNLOCK","countdown":0,"current":0,"energy":16.7,"indicator_mode":"off/on","linkquality":91,"power":0,"power_outage_memory":"off","state":"OFF","update":{"installed_version":192,"latest_version":192,"state":"idle"},"update_available":null,"voltage":230}'
[2024-10-28 08:04:24] info: 	z2m:mqtt: MQTT publish: topic 'zigbee2mqtt/Smart Plug Z1', payload '{"child_lock":"UNLOCK","countdown":0,"current":0,"energy":16.7,"indicator_mode":"off/on","linkquality":91,"power":0,"power_outage_memory":"off","state":"OFF","update":{"installed_version":192,"latest_version":192,"state":"idle"},"update_available":null,"voltage":230}'
[2024-10-28 08:04:35] info: 	z2m:mqtt: MQTT publish: topic 'zigbee2mqtt/Smart Plug Z1', payload '{"child_lock":"UNLOCK","countdown":0,"current":0,"energy":16.7,"indicator_mode":"off/on","linkquality":91,"power":0,"power_outage_memory":"off","state":"OFF","update":{"installed_version":192,"latest_version":192,"state":"idle"},"update_available":null,"voltage":230}'
[2024-10-28 08:04:35] info: 	z2m:mqtt: MQTT publish: topic 'zigbee2mqtt/Smart Plug Z1', payload '{"child_lock":"UNLOCK","countdown":0,"current":0,"energy":16.7,"indicator_mode":"off/on","linkquality":91,"power":0,"power_outage_memory":"off","state":"OFF","update":{"installed_version":192,"latest_version":192,"state":"idle"},"update_available":null,"voltage":230}'
[2024-10-28 08:09:00] info: 	z2m:mqtt: MQTT publish: topic 'zigbee2mqtt/Philips Backyard Sensor', payload '{"battery":57,"illuminance":17635,"illuminance_lux":58,"led_indication":true,"linkquality":94,"motion_sensitivity":"high","occupancy":false,"occupancy_timeout":60,"temperature":17.71,"update":{"installed_version":1107323831,"latest_version":1107323831,"state":"idle"},"update_available":null}'
[2024-10-28 08:09:30] info: 	z2m:mqtt: MQTT publish: topic 'zigbee2mqtt/Smart Plug Z1', payload '{"child_lock":"UNLOCK","countdown":0,"current":0,"energy":16.7,"indicator_mode":"off/on","linkquality":94,"power":0,"power_outage_memory":"off","state":"OFF","update":{"installed_version":192,"latest_version":192,"state":"idle"},"update_available":null,"voltage":235}'
[2024-10-28 08:09:30] info: 	z2m:mqtt: MQTT publish: topic 'zigbee2mqtt/Smart Plug Z1', payload '{"child_lock":"UNLOCK","countdown":0,"current":0,"energy":16.7,"indicator_mode":"off/on","linkquality":94,"power":0,"power_outage_memory":"off","state":"OFF","update":{"installed_version":192,"latest_version":192,"state":"idle"},"update_available":null,"voltage":235}'
[2024-10-28 08:09:41] info: 	z2m:mqtt: MQTT publish: topic 'zigbee2mqtt/Smart Plug Z1', payload '{"child_lock":"UNLOCK","countdown":0,"current":0,"energy":16.7,"indicator_mode":"off/on","linkquality":94,"power":0,"power_outage_memory":"off","state":"OFF","update":{"installed_version":192,"latest_version":192,"state":"idle"},"update_available":null,"voltage":235}'
[2024-10-28 08:09:41] info: 	z2m:mqtt: MQTT publish: topic 'zigbee2mqtt/Smart Plug Z1', payload '{"child_lock":"UNLOCK","countdown":0,"current":0,"energy":16.7,"indicator_mode":"off/on","linkquality":94,"power":0,"power_outage_memory":"off","state":"OFF","update":{"installed_version":192,"latest_version":192,"state":"idle"},"update_available":null,"voltage":235}'
[2024-10-28 08:12:41] info: 	z2m:mqtt: MQTT publish: topic 'zigbee2mqtt/Smart Plug Z1', payload '{"child_lock":"UNLOCK","countdown":0,"current":0,"energy":16.7,"indicator_mode":"off/on","linkquality":91,"power":0,"power_outage_memory":"off","state":"OFF","update":{"installed_version":192,"latest_version":192,"state":"idle"},"update_available":null,"voltage":235}'
[2024-10-28 08:13:43] info: 	z2m:mqtt: MQTT publish: topic 'zigbee2mqtt/Cube', payload '{"action":null,"action_angle":null,"action_from_side":null,"battery":100,"current":0,"linkquality":94,"operation_mode":"action_mode","power":2,"power_outage_count":159,"side":2,"update":{"installed_version":-1,"latest_version":-1,"state":null},"update_available":null,"voltage":3071}'
[2024-10-28 08:13:59] info: 	z2m:mqtt: MQTT publish: topic 'zigbee2mqtt/Philips Backyard Sensor', payload '{"battery":57,"illuminance":18682,"illuminance_lux":74,"led_indication":true,"linkquality":94,"motion_sensitivity":"high","occupancy":false,"occupancy_timeout":60,"temperature":17.71,"update":{"installed_version":1107323831,"latest_version":1107323831,"state":"idle"},"update_available":null}'
[2024-10-28 08:14:46] info: 	z2m:mqtt: MQTT publish: topic 'zigbee2mqtt/Smart Plug Z1', payload '{"child_lock":"UNLOCK","countdown":0,"current":0,"energy":16.7,"indicator_mode":"off/on","linkquality":98,"power":0,"power_outage_memory":"off","state":"OFF","update":{"installed_version":192,"latest_version":192,"state":"idle"},"update_available":null,"voltage":232}'
[2024-10-28 08:14:46] info: 	z2m:mqtt: MQTT publish: topic 'zigbee2mqtt/Smart Plug Z1', payload '{"child_lock":"UNLOCK","countdown":0,"current":0,"energy":16.7,"indicator_mode":"off/on","linkquality":98,"power":0,"power_outage_memory":"off","state":"OFF","update":{"installed_version":192,"latest_version":192,"state":"idle"},"update_available":null,"voltage":232}'
[2024-10-28 08:14:57] info: 	z2m:mqtt: MQTT publish: topic 'zigbee2mqtt/Smart Plug Z1', payload '{"child_lock":"UNLOCK","countdown":0,"current":0,"energy":16.7,"indicator_mode":"off/on","linkquality":98,"power":0,"power_outage_memory":"off","state":"OFF","update":{"installed_version":192,"latest_version":192,"state":"idle"},"update_available":null,"voltage":232}'
[2024-10-28 08:14:57] info: 	z2m:mqtt: MQTT publish: topic 'zigbee2mqtt/Smart Plug Z1', payload '{"child_lock":"UNLOCK","countdown":0,"current":0,"energy":16.7,"indicator_mode":"off/on","linkquality":98,"power":0,"power_outage_memory":"off","state":"OFF","update":{"installed_version":192,"latest_version":192,"state":"idle"},"update_available":null,"voltage":232}'
[2024-10-28 08:18:59] info: 	z2m:mqtt: MQTT publish: topic 'zigbee2mqtt/Philips Backyard Sensor', payload '{"battery":57,"illuminance":19774,"illuminance_lux":95,"led_indication":true,"linkquality":94,"motion_sensitivity":"high","occupancy":false,"occupancy_timeout":60,"temperature":17.71,"update":{"installed_version":1107323831,"latest_version":1107323831,"state":"idle"},"update_available":null}'
[2024-10-28 08:19:47] info: 	z2m:mqtt: MQTT publish: topic 'zigbee2mqtt/Smart Plug Z1', payload '{"child_lock":"UNLOCK","countdown":0,"current":0,"energy":16.7,"indicator_mode":"off/on","linkquality":94,"power":0,"power_outage_memory":"off","state":"OFF","update":{"installed_version":192,"latest_version":192,"state":"idle"},"update_available":null,"voltage":234}'
[2024-10-28 08:19:47] info: 	z2m:mqtt: MQTT publish: topic 'zigbee2mqtt/Smart Plug Z1', payload '{"child_lock":"UNLOCK","countdown":0,"current":0,"energy":16.7,"indicator_mode":"off/on","linkquality":94,"power":0,"power_outage_memory":"off","state":"OFF","update":{"installed_version":192,"latest_version":192,"state":"idle"},"update_available":null,"voltage":234}'
[2024-10-28 08:19:58] info: 	z2m:mqtt: MQTT publish: topic 'zigbee2mqtt/Smart Plug Z1', payload '{"child_lock":"UNLOCK","countdown":0,"current":0,"energy":16.7,"indicator_mode":"off/on","linkquality":94,"power":0,"power_outage_memory":"off","state":"OFF","update":{"installed_version":192,"latest_version":192,"state":"idle"},"update_available":null,"voltage":234}'
[2024-10-28 08:19:58] info: 	z2m:mqtt: MQTT publish: topic 'zigbee2mqtt/Smart Plug Z1', payload '{"child_lock":"UNLOCK","countdown":0,"current":0,"energy":16.7,"indicator_mode":"off/on","linkquality":94,"power":0,"power_outage_memory":"off","state":"OFF","update":{"installed_version":192,"latest_version":192,"state":"idle"},"update_available":null,"voltage":234}'
[2024-10-28 08:23:58] info: 	z2m:mqtt: MQTT publish: topic 'zigbee2mqtt/Philips Backyard Sensor', payload '{"battery":57,"illuminance":18155,"illuminance_lux":65,"led_indication":true,"linkquality":91,"motion_sensitivity":"high","occupancy":false,"occupancy_timeout":60,"temperature":17.71,"update":{"installed_version":1107323831,"latest_version":1107323831,"state":"idle"},"update_available":null}'
[2024-10-28 08:25:13] info: 	z2m:mqtt: MQTT publish: topic 'zigbee2mqtt/Smart Plug Z1', payload '{"child_lock":"UNLOCK","countdown":0,"current":0,"energy":16.7,"indicator_mode":"off/on","linkquality":98,"power":0,"power_outage_memory":"off","state":"OFF","update":{"installed_version":192,"latest_version":192,"state":"idle"},"update_available":null,"voltage":233}'
[2024-10-28 08:25:13] info: 	z2m:mqtt: MQTT publish: topic 'zigbee2mqtt/Smart Plug Z1', payload '{"child_lock":"UNLOCK","countdown":0,"current":0,"energy":16.7,"indicator_mode":"off/on","linkquality":94,"power":0,"power_outage_memory":"off","state":"OFF","update":{"installed_version":192,"latest_version":192,"state":"idle"},"update_available":null,"voltage":233}'
[2024-10-28 08:25:24] info: 	z2m:mqtt: MQTT publish: topic 'zigbee2mqtt/Smart Plug Z1', payload '{"child_lock":"UNLOCK","countdown":0,"current":0,"energy":16.7,"indicator_mode":"off/on","linkquality":94,"power":0,"power_outage_memory":"off","state":"OFF","update":{"installed_version":192,"latest_version":192,"state":"idle"},"update_available":null,"voltage":233}'
[2024-10-28 08:25:24] info: 	z2m:mqtt: MQTT publish: topic 'zigbee2mqtt/Smart Plug Z1', payload '{"child_lock":"UNLOCK","countdown":0,"current":0,"energy":16.7,"indicator_mode":"off/on","linkquality":94,"power":0,"power_outage_memory":"off","state":"OFF","update":{"installed_version":192,"latest_version":192,"state":"idle"},"update_available":null,"voltage":233}'
[2024-10-28 08:27:41] info: 	z2m:mqtt: MQTT publish: topic 'zigbee2mqtt/Smart Plug Z1', payload '{"child_lock":"UNLOCK","countdown":0,"current":0,"energy":16.7,"indicator_mode":"off/on","linkquality":94,"power":0,"power_outage_memory":"off","state":"OFF","update":{"installed_version":192,"latest_version":192,"state":"idle"},"update_available":null,"voltage":233}'
[2024-10-28 08:28:58] info: 	z2m:mqtt: MQTT publish: topic 'zigbee2mqtt/Philips Backyard Sensor', payload '{"battery":57,"illuminance":18085,"illuminance_lux":64,"led_indication":true,"linkquality":94,"motion_sensitivity":"high","occupancy":false,"occupancy_timeout":60,"temperature":17.71,"update":{"installed_version":1107323831,"latest_version":1107323831,"state":"idle"},"update_available":null}'
[2024-10-28 08:30:30] info: 	z2m:mqtt: MQTT publish: topic 'zigbee2mqtt/Smart Plug Z1', payload '{"child_lock":"UNLOCK","countdown":0,"current":0,"energy":16.7,"indicator_mode":"off/on","linkquality":94,"power":0,"power_outage_memory":"off","state":"OFF","update":{"installed_version":192,"latest_version":192,"state":"idle"},"update_available":null,"voltage":234}'
[2024-10-28 08:30:30] info: 	z2m:mqtt: MQTT publish: topic 'zigbee2mqtt/Smart Plug Z1', payload '{"child_lock":"UNLOCK","countdown":0,"current":0,"energy":16.7,"indicator_mode":"off/on","linkquality":94,"power":0,"power_outage_memory":"off","state":"OFF","update":{"installed_version":192,"latest_version":192,"state":"idle"},"update_available":null,"voltage":234}'
[2024-10-28 08:30:41] info: 	z2m:mqtt: MQTT publish: topic 'zigbee2mqtt/Smart Plug Z1', payload '{"child_lock":"UNLOCK","countdown":0,"current":0,"energy":16.7,"indicator_mode":"off/on","linkquality":94,"power":0,"power_outage_memory":"off","state":"OFF","update":{"installed_version":192,"latest_version":192,"state":"idle"},"update_available":null,"voltage":234}'
[2024-10-28 08:30:41] info: 	z2m:mqtt: MQTT publish: topic 'zigbee2mqtt/Smart Plug Z1', payload '{"child_lock":"UNLOCK","countdown":0,"current":0,"energy":16.7,"indicator_mode":"off/on","linkquality":94,"power":0,"power_outage_memory":"off","state":"OFF","update":{"installed_version":192,"latest_version":192,"state":"idle"},"update_available":null,"voltage":234}'
[2024-10-28 08:33:17] info: 	z2m:mqtt: MQTT publish: topic 'zigbee2mqtt/Philips Backyard Sensor', payload '{"battery":57,"illuminance":18085,"illuminance_lux":64,"led_indication":true,"linkquality":91,"motion_sensitivity":"high","occupancy":false,"occupancy_timeout":60,"temperature":17.71,"update":{"installed_version":1107323831,"latest_version":1107323831,"state":"idle"},"update_available":null}'
[2024-10-28 08:33:57] info: 	z2m:mqtt: MQTT publish: topic 'zigbee2mqtt/Philips Backyard Sensor', payload '{"battery":57,"illuminance":19262,"illuminance_lux":84,"led_indication":true,"linkquality":94,"motion_sensitivity":"high","occupancy":false,"occupancy_timeout":60,"temperature":17.71,"update":{"installed_version":1107323831,"latest_version":1107323831,"state":"idle"},"update_available":null}'
[2024-10-28 08:35:40] info: 	z2m:mqtt: MQTT publish: topic 'zigbee2mqtt/Smart Plug Z1', payload '{"child_lock":"UNLOCK","countdown":0,"current":0,"energy":16.7,"indicator_mode":"off/on","linkquality":94,"power":0,"power_outage_memory":"off","state":"OFF","update":{"installed_version":192,"latest_version":192,"state":"idle"},"update_available":null,"voltage":233}'
[2024-10-28 08:35:40] info: 	z2m:mqtt: MQTT publish: topic 'zigbee2mqtt/Smart Plug Z1', payload '{"child_lock":"UNLOCK","countdown":0,"current":0,"energy":16.7,"indicator_mode":"off/on","linkquality":94,"power":0,"power_outage_memory":"off","state":"OFF","update":{"installed_version":192,"latest_version":192,"state":"idle"},"update_available":null,"voltage":233}'
[2024-10-28 08:35:41] info: 	z2m:mqtt: MQTT publish: topic 'zigbee2mqtt/Smart Plug Z1', payload '{"child_lock":"UNLOCK","countdown":0,"current":0,"energy":16.7,"indicator_mode":"off/on","linkquality":94,"power":0,"power_outage_memory":"off","state":"OFF","update":{"installed_version":192,"latest_version":192,"state":"idle"},"update_available":null,"voltage":233}'
[2024-10-28 08:35:51] info: 	z2m:mqtt: MQTT publish: topic 'zigbee2mqtt/Smart Plug Z1', payload '{"child_lock":"UNLOCK","countdown":0,"current":0,"energy":16.7,"indicator_mode":"off/on","linkquality":94,"power":0,"power_outage_memory":"off","state":"OFF","update":{"installed_version":192,"latest_version":192,"state":"idle"},"update_available":null,"voltage":233}'
[2024-10-28 08:35:51] info: 	z2m:mqtt: MQTT publish: topic 'zigbee2mqtt/Smart Plug Z1', payload '{"child_lock":"UNLOCK","countdown":0,"current":0,"energy":16.7,"indicator_mode":"off/on","linkquality":94,"power":0,"power_outage_memory":"off","state":"OFF","update":{"installed_version":192,"latest_version":192,"state":"idle"},"update_available":null,"voltage":233}'
[2024-10-28 08:38:57] info: 	z2m:mqtt: MQTT publish: topic 'zigbee2mqtt/Philips Backyard Sensor', payload '{"battery":57,"illuminance":18805,"illuminance_lux":76,"led_indication":true,"linkquality":91,"motion_sensitivity":"high","occupancy":false,"occupancy_timeout":60,"temperature":17.71,"update":{"installed_version":1107323831,"latest_version":1107323831,"state":"idle"},"update_available":null}'
[2024-10-28 08:40:44] info: 	z2m:mqtt: MQTT publish: topic 'zigbee2mqtt/Smart Plug Z1', payload '{"child_lock":"UNLOCK","countdown":0,"current":0,"energy":16.7,"indicator_mode":"off/on","linkquality":94,"power":0,"power_outage_memory":"off","state":"OFF","update":{"installed_version":192,"latest_version":192,"state":"idle"},"update_available":null,"voltage":234}'
[2024-10-28 08:40:44] info: 	z2m:mqtt: MQTT publish: topic 'zigbee2mqtt/Smart Plug Z1', payload '{"child_lock":"UNLOCK","countdown":0,"current":0,"energy":16.7,"indicator_mode":"off/on","linkquality":94,"power":0,"power_outage_memory":"off","state":"OFF","update":{"installed_version":192,"latest_version":192,"state":"idle"},"update_available":null,"voltage":234}'
[2024-10-28 08:40:44] info: 	z2m:mqtt: MQTT publish: topic 'zigbee2mqtt/Smart Plug Z1', payload '{"child_lock":"UNLOCK","countdown":0,"current":0,"energy":16.7,"indicator_mode":"off/on","linkquality":94,"power":0,"power_outage_memory":"off","state":"OFF","update":{"installed_version":192,"latest_version":192,"state":"idle"},"update_available":null,"voltage":234}'
[2024-10-28 08:40:55] info: 	z2m:mqtt: MQTT publish: topic 'zigbee2mqtt/Smart Plug Z1', payload '{"child_lock":"UNLOCK","countdown":0,"current":0,"energy":16.7,"indicator_mode":"off/on","linkquality":94,"power":0,"power_outage_memory":"off","state":"OFF","update":{"installed_version":192,"latest_version":192,"state":"idle"},"update_available":null,"voltage":234}'
[2024-10-28 08:40:55] info: 	z2m:mqtt: MQTT publish: topic 'zigbee2mqtt/Smart Plug Z1', payload '{"child_lock":"UNLOCK","countdown":0,"current":0,"energy":16.7,"indicator_mode":"off/on","linkquality":94,"power":0,"power_outage_memory":"off","state":"OFF","update":{"installed_version":192,"latest_version":192,"state":"idle"},"update_available":null,"voltage":234}'
[2024-10-28 08:42:42] info: 	z2m:mqtt: MQTT publish: topic 'zigbee2mqtt/Smart Plug Z1', payload '{"child_lock":"UNLOCK","countdown":0,"current":0,"energy":16.7,"indicator_mode":"off/on","linkquality":94,"power":0,"power_outage_memory":"off","state":"OFF","update":{"installed_version":192,"latest_version":192,"state":"idle"},"update_available":null,"voltage":234}'
[2024-10-28 08:43:35] info: 	z2m:mqtt: MQTT publish: topic 'zigbee2mqtt/Philips Backyard Sensor', payload '{"battery":57,"illuminance":18805,"illuminance_lux":76,"led_indication":true,"linkquality":91,"motion_sensitivity":"high","occupancy":false,"occupancy_timeout":60,"temperature":17.71,"update":{"installed_version":1107323831,"latest_version":1107323831,"state":"idle"},"update_available":null}'
[2024-10-28 08:43:57] info: 	z2m:mqtt: MQTT publish: topic 'zigbee2mqtt/Philips Backyard Sensor', payload '{"battery":57,"illuminance":17790,"illuminance_lux":60,"led_indication":true,"linkquality":91,"motion_sensitivity":"high","occupancy":false,"occupancy_timeout":60,"temperature":17.71,"update":{"installed_version":1107323831,"latest_version":1107323831,"state":"idle"},"update_available":null}'
[2024-10-28 08:46:13] info: 	z2m:mqtt: MQTT publish: topic 'zigbee2mqtt/Smart Plug Z1', payload '{"child_lock":"UNLOCK","countdown":0,"current":0,"energy":16.7,"indicator_mode":"off/on","linkquality":94,"power":0,"power_outage_memory":"off","state":"OFF","update":{"installed_version":192,"latest_version":192,"state":"idle"},"update_available":null,"voltage":232}'
[2024-10-28 08:46:13] info: 	z2m:mqtt: MQTT publish: topic 'zigbee2mqtt/Smart Plug Z1', payload '{"child_lock":"UNLOCK","countdown":0,"current":0,"energy":16.7,"indicator_mode":"off/on","linkquality":98,"power":0,"power_outage_memory":"off","state":"OFF","update":{"installed_version":192,"latest_version":192,"state":"idle"},"update_available":null,"voltage":232}'
[2024-10-28 08:46:24] info: 	z2m:mqtt: MQTT publish: topic 'zigbee2mqtt/Smart Plug Z1', payload '{"child_lock":"UNLOCK","countdown":0,"current":0,"energy":16.7,"indicator_mode":"off/on","linkquality":98,"power":0,"power_outage_memory":"off","state":"OFF","update":{"installed_version":192,"latest_version":192,"state":"idle"},"update_available":null,"voltage":232}'
[2024-10-28 08:46:24] info: 	z2m:mqtt: MQTT publish: topic 'zigbee2mqtt/Smart Plug Z1', payload '{"child_lock":"UNLOCK","countdown":0,"current":0,"energy":16.7,"indicator_mode":"off/on","linkquality":98,"power":0,"power_outage_memory":"off","state":"OFF","update":{"installed_version":192,"latest_version":192,"state":"idle"},"update_available":null,"voltage":232}'
[2024-10-28 08:48:56] info: 	z2m:mqtt: MQTT publish: topic 'zigbee2mqtt/Philips Backyard Sensor', payload '{"battery":57,"illuminance":17307,"illuminance_lux":54,"led_indication":true,"linkquality":94,"motion_sensitivity":"high","occupancy":false,"occupancy_timeout":60,"temperature":17.71,"update":{"installed_version":1107323831,"latest_version":1107323831,"state":"idle"},"update_available":null}'
[2024-10-28 08:51:22] info: 	z2m:mqtt: MQTT publish: topic 'zigbee2mqtt/Smart Plug Z1', payload '{"child_lock":"UNLOCK","countdown":0,"current":0,"energy":16.7,"indicator_mode":"off/on","linkquality":98,"power":0,"power_outage_memory":"off","state":"OFF","update":{"installed_version":192,"latest_version":192,"state":"idle"},"update_available":null,"voltage":233}'
[2024-10-28 08:51:22] info: 	z2m:mqtt: MQTT publish: topic 'zigbee2mqtt/Smart Plug Z1', payload '{"child_lock":"UNLOCK","countdown":0,"current":0,"energy":16.7,"indicator_mode":"off/on","linkquality":94,"power":0,"power_outage_memory":"off","state":"OFF","update":{"installed_version":192,"latest_version":192,"state":"idle"},"update_available":null,"voltage":233}'
[2024-10-28 08:51:33] info: 	z2m:mqtt: MQTT publish: topic 'zigbee2mqtt/Smart Plug Z1', payload '{"child_lock":"UNLOCK","countdown":0,"current":0,"energy":16.7,"indicator_mode":"off/on","linkquality":94,"power":0,"power_outage_memory":"off","state":"OFF","update":{"installed_version":192,"latest_version":192,"state":"idle"},"update_available":null,"voltage":233}'
[2024-10-28 08:51:33] info: 	z2m:mqtt: MQTT publish: topic 'zigbee2mqtt/Smart Plug Z1', payload '{"child_lock":"UNLOCK","countdown":0,"current":0,"energy":16.7,"indicator_mode":"off/on","linkquality":94,"power":0,"power_outage_memory":"off","state":"OFF","update":{"installed_version":192,"latest_version":192,"state":"idle"},"update_available":null,"voltage":233}'
[2024-10-28 08:53:55] info: 	z2m:mqtt: MQTT publish: topic 'zigbee2mqtt/Philips Backyard Sensor', payload '{"battery":57,"illuminance":17221,"illuminance_lux":53,"led_indication":true,"linkquality":94,"motion_sensitivity":"high","occupancy":false,"occupancy_timeout":60,"temperature":17.71,"update":{"installed_version":1107323831,"latest_version":1107323831,"state":"idle"},"update_available":null}'
[2024-10-28 08:56:27] info: 	z2m:mqtt: MQTT publish: topic 'zigbee2mqtt/Smart Plug Z1', payload '{"child_lock":"UNLOCK","countdown":0,"current":0,"energy":16.7,"indicator_mode":"off/on","linkquality":94,"power":0,"power_outage_memory":"off","state":"OFF","update":{"installed_version":192,"latest_version":192,"state":"idle"},"update_available":null,"voltage":234}'
[2024-10-28 08:56:27] info: 	z2m:mqtt: MQTT publish: topic 'zigbee2mqtt/Smart Plug Z1', payload '{"child_lock":"UNLOCK","countdown":0,"current":0,"energy":16.7,"indicator_mode":"off/on","linkquality":94,"power":0,"power_outage_memory":"off","state":"OFF","update":{"installed_version":192,"latest_version":192,"state":"idle"},"update_available":null,"voltage":234}'
[2024-10-28 08:56:38] info: 	z2m:mqtt: MQTT publish: topic 'zigbee2mqtt/Smart Plug Z1', payload '{"child_lock":"UNLOCK","countdown":0,"current":0,"energy":16.7,"indicator_mode":"off/on","linkquality":94,"power":0,"power_outage_memory":"off","state":"OFF","update":{"installed_version":192,"latest_version":192,"state":"idle"},"update_available":null,"voltage":234}'
[2024-10-28 08:56:38] info: 	z2m:mqtt: MQTT publish: topic 'zigbee2mqtt/Smart Plug Z1', payload '{"child_lock":"UNLOCK","countdown":0,"current":0,"energy":16.7,"indicator_mode":"off/on","linkquality":94,"power":0,"power_outage_memory":"off","state":"OFF","update":{"installed_version":192,"latest_version":192,"state":"idle"},"update_available":null,"voltage":234}'
[2024-10-28 08:57:42] info: 	z2m:mqtt: MQTT publish: topic 'zigbee2mqtt/Smart Plug Z1', payload '{"child_lock":"UNLOCK","countdown":0,"current":0,"energy":16.7,"indicator_mode":"off/on","linkquality":94,"power":0,"power_outage_memory":"off","state":"OFF","update":{"installed_version":192,"latest_version":192,"state":"idle"},"update_available":null,"voltage":234}'
[2024-10-28 08:57:42] info: 	z2m:mqtt: MQTT publish: topic 'zigbee2mqtt/Smart Plug Z1', payload '{"child_lock":"UNLOCK","countdown":0,"current":0,"energy":16.7,"indicator_mode":"off/on","linkquality":94,"power":0,"power_outage_memory":"off","state":"OFF","update":{"installed_version":192,"latest_version":192,"state":"idle"},"update_available":null,"voltage":234}'
[2024-10-28 08:57:42] info: 	z2m:mqtt: MQTT publish: topic 'zigbee2mqtt/Smart Plug Z1', payload '{"child_lock":"UNLOCK","countdown":0,"current":0,"energy":16.7,"indicator_mode":"off/on","linkquality":94,"power":0,"power_outage_memory":"off","state":"OFF","update":{"installed_version":192,"latest_version":192,"state":"idle"},"update_available":null,"voltage":234}'
[2024-10-28 08:57:42] info: 	z2m:mqtt: MQTT publish: topic 'zigbee2mqtt/Smart Plug Z1', payload '{"child_lock":"UNLOCK","countdown":0,"current":0,"energy":16.7,"indicator_mode":"off/on","linkquality":94,"power":0,"power_outage_memory":"off","state":"OFF","update":{"installed_version":192,"latest_version":192,"state":"idle"},"update_available":null,"voltage":234}'
[2024-10-28 08:57:47] info: 	z2m:mqtt: MQTT publish: topic 'zigbee2mqtt/Smart Plug Z1', payload '{"child_lock":"UNLOCK","countdown":0,"current":0,"energy":16.7,"indicator_mode":"off/on","linkquality":94,"power":0,"power_outage_memory":"off","state":"OFF","update":{"installed_version":192,"latest_version":192,"state":"idle"},"update_available":null,"voltage":233}'
[2024-10-28 08:57:53] info: 	z2m:mqtt: MQTT publish: topic 'zigbee2mqtt/Smart Plug Z1', payload '{"child_lock":"UNLOCK","countdown":0,"current":0,"energy":16.7,"indicator_mode":"off/on","linkquality":94,"power":0,"power_outage_memory":"off","state":"OFF","update":{"installed_version":192,"latest_version":192,"state":"idle"},"update_available":null,"voltage":233}'
[2024-10-28 08:57:53] info: 	z2m:mqtt: MQTT publish: topic 'zigbee2mqtt/Smart Plug Z1', payload '{"child_lock":"UNLOCK","countdown":0,"current":0,"energy":16.7,"indicator_mode":"off/on","linkquality":94,"power":0,"power_outage_memory":"off","state":"OFF","update":{"installed_version":192,"latest_version":192,"state":"idle"},"update_available":null,"voltage":233}'
[2024-10-28 08:58:55] info: 	z2m:mqtt: MQTT publish: topic 'zigbee2mqtt/Philips Backyard Sensor', payload '{"battery":57,"illuminance":15794,"illuminance_lux":38,"led_indication":true,"linkquality":91,"motion_sensitivity":"high","occupancy":false,"occupancy_timeout":60,"temperature":17.71,"update":{"installed_version":1107323831,"latest_version":1107323831,"state":"idle"},"update_available":null}'
