[2026-05-11 18:35:05] info: 	z2m: Logging to console, file (filename: log.log)
[2026-05-11 18:35:05] info: 	z2m: Starting Zigbee2MQTT version 2.10.1 (commit #unknown)
[2026-05-11 18:35:05] info: 	z2m: Starting zigbee-herdsman (10.0.7)
[2026-05-11 18:35:05] info: 	zh:zstack:znp: Opening TCP socket with 192.168.87.68:6638
[2026-05-11 18:35:10] info: 	zh:zstack:znp: Socket connected
[2026-05-11 18:35:10] info: 	zh:zstack:znp: Socket ready
[2026-05-11 18:35:10] info: 	zh:zstack:znp: Writing CC2530/CC2531 skip bootloader payload
[2026-05-11 18:35:11] info: 	zh:zstack:znp: Skip bootloader for CC2652/CC1352
[2026-05-11 18:35:23] error: 	z2m: Error while starting zigbee-herdsman
[2026-05-11 18:35:23] error: 	z2m: Failed to start zigbee-herdsman
[2026-05-11 18:35:23] error: 	z2m: Check https://www.zigbee2mqtt.io/guide/installation/20_zigbee2mqtt-fails-to-start_crashes-runtime.html for possible solutions
[2026-05-11 18:35:23] error: 	z2m: Exiting...
[2026-05-11 18:35:23] error: 	z2m: Error: SRSP - SYS - stackTune after 6000ms
    at Object.start (/app/node_modules/.pnpm/zigbee-herdsman@10.0.7/node_modules/zigbee-herdsman/src/utils/waitress.ts:68:23)
    at /app/node_modules/.pnpm/zigbee-herdsman@10.0.7/node_modules/zigbee-herdsman/src/adapter/z-stack/znp/znp.ts:256:45
    at AsyncMutex.run (/app/node_modules/.pnpm/zigbee-herdsman@10.0.7/node_modules/zigbee-herdsman/src/utils/async-mutex.ts:17:26)
    at Znp.request (/app/node_modules/.pnpm/zigbee-herdsman@10.0.7/node_modules/zigbee-herdsman/src/adapter/z-stack/znp/znp.ts:249:27)
    at ZStackAdapter.start (/app/node_modules/.pnpm/zigbee-herdsman@10.0.7/node_modules/zigbee-herdsman/src/adapter/z-stack/adapter/zStackAdapter.ts:132:28)
    at Controller.start (/app/node_modules/.pnpm/zigbee-herdsman@10.0.7/node_modules/zigbee-herdsman/src/controller/controller.ts:146:29)
    at Zigbee.start (/app/lib/zigbee.ts:70:27)
    at Controller.start (/app/lib/controller.ts:111:29)
    at start (/app/index.js:156:5)
