[2026-06-08 02:00:19] info: 	z2m: Logging to console, file (filename: log.log)
[2026-06-08 02:00:19] info: 	z2m: Starting Zigbee2MQTT version 2.11.0 (commit #unknown)
[2026-06-08 02:00:19] info: 	z2m: Starting zigbee-herdsman (10.1.0)
[2026-06-08 02:00:19] info: 	zh:zstack:znp: Opening TCP socket with 192.168.87.68:6638
[2026-06-08 02:00:19] info: 	zh:zstack:znp: Socket connected
[2026-06-08 02:00:19] info: 	zh:zstack:znp: Socket ready
[2026-06-08 02:00:19] info: 	zh:zstack:znp: Writing CC2530/CC2531 skip bootloader payload
[2026-06-08 02:00:20] info: 	zh:zstack:znp: Skip bootloader for CC2652/CC1352
[2026-06-08 02:00:44] info: 	z2m: zigbee-herdsman started (resumed)
[2026-06-08 02:00:44] info: 	z2m: Coordinator firmware version: '{"meta":{"maintrel":1,"majorrel":2,"minorrel":7,"product":1,"revision":20240710,"transportrev":2},"type":"ZStack3x0"}'
[2026-06-08 02:00:44] info: 	z2m: Button 4 - Movie (0xb4e3f9fffe249e15): E1812 - IKEA TRADFRI shortcut button (EndDevice)
[2026-06-08 02:00:44] info: 	z2m: Smart Plug Z1 (0xa4c13812921dddfd): A1Z - Nous Smart plug (with power monitoring) (Router)
[2026-06-08 02:00:44] info: 	z2m: Button 3 - Workshop (0xb4e3f9fffe753317): E1812 - IKEA TRADFRI shortcut button (EndDevice)
[2026-06-08 02:00:44] info: 	z2m: Button 2 - Chandelier (0x04cd15fffe7ff98b): E1812 - IKEA TRADFRI shortcut button (EndDevice)
[2026-06-08 02:00:44] info: 	z2m: Button 1 - Kitchen (0x04cd15fffe268dcc): E1812 - IKEA TRADFRI shortcut button (EndDevice)
[2026-06-08 02:00:44] info: 	z2m: Cube (0x54ef4410006a43c7): CTP-R01 - Aqara Cube T1 Pro (EndDevice)
[2026-06-08 02:00:44] info: 	z2m: Water Sensor 1 (0x5c0272fffebb9cde): TS0207_water_leak_detector_3 - Tuya Zigbee water leak sensor (EndDevice)
[2026-06-08 02:00:44] info: 	z2m: Alarm Keypad (0x0015bc0043006306): KEYZB-110 - Develco Keypad (EndDevice)
[2026-06-08 02:00:44] info: 	z2m: Alarm Repeater (0x0015bc0022000242): REXZB-111 - Develco Range extender with backup battery (Router)
[2026-06-08 02:00:44] info: 	z2m: Alarm Siren (0x0015bc0041007a25): SIRZB-111 - Develco Customizable siren (Router)
[2026-06-08 02:00:44] info: 	z2m: Workshop Light (0x54ef441000b757df): CL-L02D - Aqara Ceiling light T1M (EndDevice)
[2026-06-08 02:00:44] info: 	z2m: Kitchen Presence (0x54ef44100124a3ca): FP1E - Aqara Presence sensor (EndDevice)
[2026-06-08 02:00:44] info: 	z2m: Philips Backyard Sensor (0x001788010649a073): 9290019758 - Philips Hue motion outdoor sensor (EndDevice)
[2026-06-08 02:00:44] info: 	z2m: Currently 13 devices are joined.
[2026-06-08 02:00:44] info: 	z2m: Connecting to MQTT server at mqtt://core-mosquitto:1883
[2026-06-08 02:00:44] info: 	z2m: Connected to MQTT server
[2026-06-08 02:00:44] info: 	z2m:mqtt: MQTT publish: topic 'zigbee2mqtt/bridge/state', payload '{"state":"online"}'
[2026-06-08 02:00:44] info: 	z2m:mqtt: MQTT publish: topic 'zigbee2mqtt/Button 4 - Movie/availability', payload '{"state":"online"}'
[2026-06-08 02:00:44] info: 	z2m:mqtt: MQTT publish: topic 'zigbee2mqtt/Smart Plug Z1/availability', payload '{"state":"offline"}'
[2026-06-08 02:00:44] info: 	z2m:mqtt: MQTT publish: topic 'zigbee2mqtt/Button 3 - Workshop/availability', payload '{"state":"online"}'
[2026-06-08 02:00:44] info: 	z2m:mqtt: MQTT publish: topic 'zigbee2mqtt/Button 2 - Chandelier/availability', payload '{"state":"online"}'
[2026-06-08 02:00:44] info: 	z2m:mqtt: MQTT publish: topic 'zigbee2mqtt/Button 1 - Kitchen/availability', payload '{"state":"online"}'
[2026-06-08 02:00:44] info: 	z2m:mqtt: MQTT publish: topic 'zigbee2mqtt/Cube/availability', payload '{"state":"offline"}'
[2026-06-08 02:00:44] info: 	z2m:mqtt: MQTT publish: topic 'zigbee2mqtt/Water Sensor 1/availability', payload '{"state":"online"}'
[2026-06-08 02:00:44] info: 	z2m:mqtt: MQTT publish: topic 'zigbee2mqtt/Alarm Keypad/availability', payload '{"state":"online"}'
[2026-06-08 02:00:45] info: 	z2m:mqtt: MQTT publish: topic 'zigbee2mqtt/Alarm Repeater/availability', payload '{"state":"offline"}'
[2026-06-08 02:00:45] info: 	z2m:mqtt: MQTT publish: topic 'zigbee2mqtt/Alarm Siren/availability', payload '{"state":"offline"}'
[2026-06-08 02:00:45] info: 	z2m:mqtt: MQTT publish: topic 'zigbee2mqtt/Workshop Light/availability', payload '{"state":"offline"}'
[2026-06-08 02:00:45] info: 	z2m:mqtt: MQTT publish: topic 'zigbee2mqtt/Kitchen Presence/availability', payload '{"state":"offline"}'
[2026-06-08 02:00:45] info: 	z2m:mqtt: MQTT publish: topic 'zigbee2mqtt/Philips Backyard Sensor/availability', payload '{"state":"online"}'
[2026-06-08 02:00:45] info: 	z2m: Started frontend on port 8099
[2026-06-08 02:00:45] info: 	z2m:mqtt: MQTT publish: topic 'zigbee2mqtt/Button 4 - Movie', payload '{"battery":90,"identify":null,"linkquality":134,"update":{"installed_version":604241926,"latest_release_notes":"Enables double-clicks.\r\nhttps://www.zigbee2mqtt.io/devices/E1812.html\r\nhttps://ww8.ikea.com/ikeahomesmart/releasenotes/releasenotes.html","latest_source":"https://raw.githubusercontent.com/Koenkk/zigbee-OTA/master/images/IKEA/tradfri-shortcut-button_release_prod_v604241926_56f5d8d1-78b1-4088-afc1-05d3b7e3314b.ota","latest_version":604241926,"state":"idle"}}'
[2026-06-08 02:00:45] info: 	z2m:mqtt: MQTT publish: topic 'zigbee2mqtt/Smart Plug Z1', payload '{"child_lock":"UNLOCK","countdown":0,"current":0,"energy":16.74,"identify":null,"indicator_mode":"off/on","linkquality":120,"power":0,"power_outage_memory":"off","state":"OFF","switch_type_button":null,"update":{"installed_version":-1,"latest_version":-1,"state":null},"voltage":232}'
[2026-06-08 02:00:45] info: 	z2m:mqtt: MQTT publish: topic 'zigbee2mqtt/Button 3 - Workshop', payload '{"battery":90,"identify":null,"linkquality":65,"update":{"installed_version":604241926,"latest_release_notes":"Enables double-clicks.\r\nhttps://www.zigbee2mqtt.io/devices/E1812.html\r\nhttps://ww8.ikea.com/ikeahomesmart/releasenotes/releasenotes.html","latest_source":"https://raw.githubusercontent.com/Koenkk/zigbee-OTA/master/images/IKEA/tradfri-shortcut-button_release_prod_v604241926_56f5d8d1-78b1-4088-afc1-05d3b7e3314b.ota","latest_version":604241926,"state":"idle"}}'
[2026-06-08 02:00:45] info: 	z2m:mqtt: MQTT publish: topic 'zigbee2mqtt/Button 2 - Chandelier', payload '{"battery":40,"identify":null,"linkquality":72,"update":{"installed_version":604241926,"latest_release_notes":"Enables double-clicks.\r\nhttps://www.zigbee2mqtt.io/devices/E1812.html\r\nhttps://ww8.ikea.com/ikeahomesmart/releasenotes/releasenotes.html","latest_source":"https://raw.githubusercontent.com/Koenkk/zigbee-OTA/master/images/IKEA/tradfri-shortcut-button_release_prod_v604241926_56f5d8d1-78b1-4088-afc1-05d3b7e3314b.ota","latest_version":604241926,"state":"idle"}}'
[2026-06-08 02:00:45] info: 	z2m:mqtt: MQTT publish: topic 'zigbee2mqtt/Button 1 - Kitchen', payload '{"battery":90,"identify":null,"linkquality":83,"update":{"installed_version":604241926,"latest_release_notes":"Enables double-clicks.\r\nhttps://www.zigbee2mqtt.io/devices/E1812.html\r\nhttps://ww8.ikea.com/ikeahomesmart/releasenotes/releasenotes.html","latest_source":"https://raw.githubusercontent.com/Koenkk/zigbee-OTA/master/images/IKEA/tradfri-shortcut-button_release_prod_v604241926_56f5d8d1-78b1-4088-afc1-05d3b7e3314b.ota","latest_version":604241926,"state":"idle"}}'
[2026-06-08 02:00:45] info: 	z2m:mqtt: MQTT publish: topic 'zigbee2mqtt/Cube', payload '{"action_angle":null,"action_from_side":null,"battery":39,"current":0,"linkquality":131,"operation_mode":"action_mode","power":2,"power_outage_count":160,"side":4,"update":{"installed_version":-1,"latest_version":-1,"state":null},"voltage":2909}'
[2026-06-08 02:00:45] info: 	z2m:mqtt: MQTT publish: topic 'zigbee2mqtt/Water Sensor 1', payload '{"battery":70,"battery_low":false,"linkquality":65,"tamper":false,"voltage":2800,"water_leak":false}'
[2026-06-08 02:00:45] info: 	z2m:mqtt: MQTT publish: topic 'zigbee2mqtt/Alarm Keypad', payload '{"action_code":null,"action_transaction":null,"action_zone":null,"battery":100,"battery_low":false,"linkquality":18,"tamper":false,"update":{"installed_version":131078,"latest_release_notes":null,"latest_source":"https://raw.githubusercontent.com/Koenkk/zigbee-OTA/master/images/Develco/IntelligentKeyPad_2.0.5.zigbee","latest_version":131077,"state":"idle"},"voltage":5200}'
[2026-06-08 02:00:45] info: 	z2m:mqtt: MQTT publish: topic 'zigbee2mqtt/Alarm Repeater', payload '{"ac_connected":null,"alarm_1":false,"alarm_2":false,"battery":null,"battery_defect":null,"battery_low":true,"identify":null,"led_control":null,"linkquality":47,"tamper":false,"tx_power":null,"update":{"installed_version":-1,"latest_version":-1,"state":null},"voltage":null,"zone_status_interval":null}'
[2026-06-08 02:00:45] info: 	z2m:mqtt: MQTT publish: topic 'zigbee2mqtt/Alarm Siren', payload '{"ac_status":true,"alarm":false,"battery":null,"battery_low":true,"enrolled":true,"ias_cie_address":"0x00124b002e0e1c5f","linkquality":65,"max_duration":10,"restore_reports":true,"supervision_reports":true,"tamper":false,"test":false,"voltage":null,"warning":null,"zone_id":23}'
[2026-06-08 02:00:45] info: 	z2m:mqtt: MQTT publish: topic 'zigbee2mqtt/Workshop Light', payload '{"brightness_rgb":112,"brightness_white":254,"color_mode_rgb":"xy","color_mode_white":"color_temp","color_rgb":{"x":0.313,"y":0.21},"color_temp_white":250,"device_temperature":37,"dimming_range_maximum":100,"dimming_range_minimum":1,"effect":null,"effect_speed":0,"identify":null,"level_config_white":{"off_transition_time":1.5,"on_transition_time":1.5},"linkquality":18,"off_on_duration":null,"on_off_duration":null,"power_on_behavior":null,"power_on_behaviour":"off","power_outage_count":48,"state":"OFF","state_rgb":"OFF","state_white":"OFF","update":{"installed_version":-1,"latest_version":-1,"state":null}}'
[2026-06-08 02:00:45] info: 	z2m:mqtt: MQTT publish: topic 'zigbee2mqtt/Workshop Light/white', payload '{"brightness":254,"color_mode":"color_temp","color_temp":250,"level_config":{"off_transition_time":1.5,"on_transition_time":1.5},"state":"OFF"}'
[2026-06-08 02:00:45] info: 	z2m:mqtt: MQTT publish: topic 'zigbee2mqtt/Kitchen Presence', payload '{"ai_interference_source_selfidentification":"ON","ai_sensitivity_adaptive":"ON","detection_range":6,"device_temperature":28,"identify":null,"linkquality":65,"motion_sensitivity":null,"movement":"movement","power_outage_count":3,"presence":true,"restart_device":null,"spatial_learning":null,"target_distance":0.15,"update":{"installed_version":29,"latest_release_notes":null,"latest_source":"https://raw.githubusercontent.com/Koenkk/zigbee-OTA/master/images/Aqara/20250827143703_lumi.sensor_occupy.agl1_0.0.0_0029_20250804_33D437.ota","latest_version":29,"state":"idle"}}'
[2026-06-08 02:00:45] info: 	z2m:mqtt: MQTT publish: topic 'zigbee2mqtt/Workshop Light/rgb', payload '{"brightness":112,"color":{"x":0.313,"y":0.21},"color_mode":"xy","state":"OFF"}'
[2026-06-08 02:00:45] info: 	z2m:mqtt: MQTT publish: topic 'zigbee2mqtt/Philips Backyard Sensor', payload '{"battery":100,"illuminance":1,"led_indication":true,"linkquality":61,"motion_sensitivity":"high","occupancy":false,"occupancy_timeout":60,"temperature":21.38,"update":{"installed_version":1124103169,"latest_release_notes":null,"latest_source":"https://raw.githubusercontent.com/Koenkk/zigbee-OTA/master/images/Hue/Sensor-ATmega_0012.sbl-ota","latest_version":1124103169,"state":"idle"}}'
[2026-06-08 02:00:45] info: 	z2m: Zigbee2MQTT started!
[2026-06-08 02:00:46] warning: 	z2m: Failed to ping 'Smart Plug Z1' (attempt 1/1, ZCL command 0xa4c13812921dddfd/1 genBasic.read(["zclVersion"], {"timeout":10000,"disableResponse":false,"disableRecovery":true,"disableDefaultResponse":true,"direction":0,"reservedBits":0,"writeUndiv":false,"sendPolicy":"immediate"}) failed (Data request failed with error: 'NWK_NO_ROUTE' (0xcd)))
[2026-06-08 02:00:50] info: 	z2m:mqtt: MQTT publish: topic 'homeassistant/binary_sensor/1221051039810110150109113116116_0x00124b002e0e1c5f/connection_state/config', payload '{"default_entity_id":"binary_sensor.zigbee2mqtt_bridge_connection_state","device":{"hw_version":"ZStack3x0 20240710","identifiers":["zigbee2mqtt_bridge_0x00124b002e0e1c5f"],"manufacturer":"Zigbee2MQTT","model":"Bridge","name":"Zigbee2MQTT Bridge","sw_version":"2.11.0"},"device_class":"connectivity","entity_category":"diagnostic","name":"Connection state","object_id":"zigbee2mqtt_bridge_connection_state","origin":{"name":"Zigbee2MQTT","sw":"2.11.0","url":"https://www.zigbee2mqtt.io"},"payload_off":"offline","payload_on":"online","state_topic":"zigbee2mqtt/bridge/state","unique_id":"bridge_0x00124b002e0e1c5f_connection_state_zigbee2mqtt","value_template":"{{ value_json.state }}"}'
[2026-06-08 02:00:50] warning: 	z2m: Failed to ping 'Alarm Repeater' (attempt 1/1, ZCL command 0x0015bc0022000242/37 genBasic.read(["zclVersion"], {"timeout":10000,"disableResponse":false,"disableRecovery":true,"disableDefaultResponse":true,"direction":0,"reservedBits":0,"writeUndiv":false,"sendPolicy":"immediate"}) failed (Data request failed with error: 'NWK_NO_ROUTE' (0xcd)))
[2026-06-08 02:00:54] warning: 	z2m: Failed to ping 'Alarm Siren' (attempt 1/1, ZCL command 0x0015bc0041007a25/43 genBasic.read(["zclVersion"], {"timeout":10000,"disableResponse":false,"disableRecovery":true,"disableDefaultResponse":true,"direction":0,"reservedBits":0,"writeUndiv":false,"sendPolicy":"immediate"}) failed (Data request failed with error: 'NWK_NO_ROUTE' (0xcd)))
[2026-06-08 02:00:57] info: 	z2m: Configuring 'Workshop Light'
[2026-06-08 02:00:57] info: 	z2m:mqtt: MQTT publish: topic 'zigbee2mqtt/Workshop Light/availability', payload '{"state":"online"}'
[2026-06-08 02:00:58] info: 	z2m:mqtt: MQTT publish: topic 'zigbee2mqtt/Workshop Light', payload '{"brightness_rgb":112,"brightness_white":254,"color_mode_rgb":"xy","color_mode_white":"color_temp","color_rgb":{"x":0.313,"y":0.21},"color_temp_white":250,"device_temperature":37,"dimming_range_maximum":100,"dimming_range_minimum":1,"effect":null,"effect_speed":0,"identify":null,"level_config_white":{"off_transition_time":1.5,"on_transition_time":1.5},"linkquality":32,"off_on_duration":null,"on_off_duration":null,"power_on_behavior":null,"power_on_behaviour":"off","power_outage_count":48,"state":"OFF","state_rgb":"OFF","state_white":"OFF","update":{"installed_version":-1,"latest_version":-1,"state":null}}'
[2026-06-08 02:00:58] info: 	z2m:mqtt: MQTT publish: topic 'zigbee2mqtt/Workshop Light/white', payload '{"brightness":254,"color_mode":"color_temp","color_temp":250,"level_config":{"off_transition_time":1.5,"on_transition_time":1.5},"state":"OFF"}'
[2026-06-08 02:00:58] info: 	z2m:mqtt: MQTT publish: topic 'zigbee2mqtt/Workshop Light/rgb', payload '{"brightness":112,"color":{"x":0.313,"y":0.21},"color_mode":"xy","state":"OFF"}'
[2026-06-08 02:00:58] info: 	z2m:mqtt: MQTT publish: topic 'zigbee2mqtt/Workshop Light', payload '{"brightness_rgb":112,"brightness_white":254,"color_mode_rgb":"xy","color_mode_white":"color_temp","color_rgb":{"x":0.313,"y":0.21},"color_temp_white":250,"device_temperature":37,"dimming_range_maximum":100,"dimming_range_minimum":1,"effect":null,"effect_speed":0,"identify":null,"level_config_white":{"off_transition_time":1.5,"on_transition_time":1.5},"linkquality":32,"off_on_duration":null,"on_off_duration":null,"power_on_behavior":null,"power_on_behaviour":"off","power_outage_count":48,"state":"OFF","state_rgb":"OFF","state_white":"OFF","update":{"installed_version":-1,"latest_version":-1,"state":null}}'
[2026-06-08 02:00:58] info: 	z2m:mqtt: MQTT publish: topic 'zigbee2mqtt/Workshop Light/white', payload '{"brightness":254,"color_mode":"color_temp","color_temp":250,"level_config":{"off_transition_time":1.5,"on_transition_time":1.5},"state":"OFF"}'
[2026-06-08 02:00:58] info: 	z2m:mqtt: MQTT publish: topic 'zigbee2mqtt/Workshop Light/rgb', payload '{"brightness":112,"color":{"x":0.313,"y":0.21},"color_mode":"xy","state":"OFF"}'
[2026-06-08 02:00:59] info: 	z2m:mqtt: MQTT publish: topic 'zigbee2mqtt/Workshop Light', payload '{"brightness_rgb":112,"brightness_white":254,"color_mode_rgb":"xy","color_mode_white":"color_temp","color_rgb":{"x":0.313,"y":0.21},"color_temp_white":250,"device_temperature":37,"dimming_range_maximum":100,"dimming_range_minimum":1,"effect":null,"effect_speed":0,"identify":null,"level_config_white":{"off_transition_time":1.5,"on_transition_time":1.5},"linkquality":32,"off_on_duration":null,"on_off_duration":null,"power_on_behavior":null,"power_on_behaviour":"off","power_outage_count":48,"state":"OFF","state_rgb":"OFF","state_white":"OFF","update":{"installed_version":-1,"latest_version":-1,"state":null}}'
[2026-06-08 02:00:59] info: 	z2m:mqtt: MQTT publish: topic 'zigbee2mqtt/Workshop Light/white', payload '{"brightness":254,"color_mode":"color_temp","color_temp":250,"level_config":{"off_transition_time":1.5,"on_transition_time":1.5},"state":"OFF"}'
[2026-06-08 02:00:59] info: 	z2m:mqtt: MQTT publish: topic 'zigbee2mqtt/Workshop Light/rgb', payload '{"brightness":112,"color":{"x":0.313,"y":0.21},"color_mode":"xy","state":"OFF"}'
[2026-06-08 02:01:04] info: 	z2m: Configuring 'Alarm Repeater'
[2026-06-08 02:01:05] warning: 	z2m: Failed to ping 'Kitchen Presence' (attempt 1/1, ZCL command 0x54ef44100124a3ca/1 genBasic.read(["zclVersion"], {"timeout":10000,"disableResponse":false,"disableRecovery":true,"disableDefaultResponse":true,"direction":0,"reservedBits":0,"writeUndiv":false,"sendPolicy":"immediate"}) failed (SRSP - AF - dataRequest after 6000ms))
[2026-06-08 02:01:19] error: 	z2m: Failed to configure 'Alarm Repeater', attempt 1 (Error: Bind 0x0015bc0022000242/37 genPowerCfg from '0x00124b002e0e1c5f/1' failed (AREQ - ZDO - bindRsp after 10000ms)
    at Object.start (/app/node_modules/.pnpm/zigbee-herdsman@10.1.0/node_modules/zigbee-herdsman/src/utils/waitress.ts:68:23)
    at func (/app/node_modules/.pnpm/zigbee-herdsman@10.1.0/node_modules/zigbee-herdsman/src/adapter/z-stack/adapter/zStackAdapter.ts:449:47)
    at processTicksAndRejections (node:internal/process/task_queues:103:5)
    at Queue.execute (/app/node_modules/.pnpm/zigbee-herdsman@10.1.0/node_modules/zigbee-herdsman/src/utils/queue.ts:38:20)
    at ZStackAdapter.sendZdoInternal (/app/node_modules/.pnpm/zigbee-herdsman@10.1.0/node_modules/zigbee-herdsman/src/adapter/z-stack/adapter/zStackAdapter.ts:454:43)
    at ZStackAdapter.sendZdo (/app/node_modules/.pnpm/zigbee-herdsman@10.1.0/node_modules/zigbee-herdsman/src/adapter/z-stack/adapter/zStackAdapter.ts:331:16)
    at Endpoint.bind (/app/node_modules/.pnpm/zigbee-herdsman@10.1.0/node_modules/zigbee-herdsman/src/controller/model/endpoint.ts:731:30)
    at Object.bind (/app/node_modules/.pnpm/zigbee-herdsman-converters@26.61.1/node_modules/zigbee-herdsman-converters/src/lib/reporting.ts:48:9)
    at configure (/app/node_modules/.pnpm/zigbee-herdsman-converters@26.61.1/node_modules/zigbee-herdsman-converters/src/devices/develco.ts:1173:13)
    at Object.configure (/app/node_modules/.pnpm/zigbee-herdsman-converters@26.61.1/node_modules/zigbee-herdsman-converters/src/index.ts:363:21))
[2026-06-08 02:01:22] error: 	z2m: Failed to configure 'Workshop Light', attempt 1 (Error: ZCL command 0x54ef441000b757df/1 manuSpecificLumi.read([1315], {"timeout":10000,"disableResponse":false,"disableRecovery":false,"disableDefaultResponse":true,"direction":0,"reservedBits":0,"manufacturerCode":4447,"writeUndiv":false}) failed (Timeout after 10000ms [address=64997 endpoint=1 clusterId=64704 cmdId=1 tsn=9])
    at Object.start (/app/node_modules/.pnpm/zigbee-herdsman@10.1.0/node_modules/zigbee-herdsman/src/utils/waitress.ts:68:23)
    at ZStackAdapter.sendZclFrameToEndpointInternal (/app/node_modules/.pnpm/zigbee-herdsman@10.1.0/node_modules/zigbee-herdsman/src/adapter/z-stack/adapter/zStackAdapter.ts:688:47)
    at processTicksAndRejections (node:internal/process/task_queues:103:5)
    at ZStackAdapter.sendZclFrameToEndpointInternal (/app/node_modules/.pnpm/zigbee-herdsman@10.1.0/node_modules/zigbee-herdsman/src/adapter/z-stack/adapter/zStackAdapter.ts:720:28)
    at /app/node_modules/.pnpm/zigbee-herdsman@10.1.0/node_modules/zigbee-herdsman/src/adapter/z-stack/adapter/zStackAdapter.ts:472:20
    at Queue.execute (/app/node_modules/.pnpm/zigbee-herdsman@10.1.0/node_modules/zigbee-herdsman/src/utils/queue.ts:38:20)
    at ZStackAdapter.sendZclFrameToEndpoint (/app/node_modules/.pnpm/zigbee-herdsman@10.1.0/node_modules/zigbee-herdsman/src/adapter/z-stack/adapter/zStackAdapter.ts:470:16)
    at Request.send (/app/node_modules/.pnpm/zigbee-herdsman@10.1.0/node_modules/zigbee-herdsman/src/controller/helpers/request.ts:86:25)
    at Endpoint.sendRequest (/app/node_modules/.pnpm/zigbee-herdsman@10.1.0/node_modules/zigbee-herdsman/src/controller/model/endpoint.ts:433:20)
    at Endpoint.zclCommand (/app/node_modules/.pnpm/zigbee-herdsman@10.1.0/node_modules/zigbee-herdsman/src/controller/model/endpoint.ts:1174:28))
[2026-06-08 02:01:22] info: 	z2m: Configuring 'Workshop Light'
[2026-06-08 02:01:22] info: 	z2m:mqtt: MQTT publish: topic 'zigbee2mqtt/Workshop Light', payload '{"brightness_rgb":112,"brightness_white":254,"color_mode_rgb":"xy","color_mode_white":"color_temp","color_rgb":{"x":0.313,"y":0.21},"color_temp_white":250,"device_temperature":37,"dimming_range_maximum":100,"dimming_range_minimum":1,"effect":null,"effect_speed":0,"identify":null,"level_config_white":{"off_transition_time":1.5,"on_transition_time":1.5},"linkquality":32,"off_on_duration":null,"on_off_duration":null,"power_on_behavior":null,"power_on_behaviour":"off","power_outage_count":48,"state":"OFF","state_rgb":"OFF","state_white":"OFF","update":{"installed_version":-1,"latest_version":-1,"state":null}}'
[2026-06-08 02:01:22] info: 	z2m:mqtt: MQTT publish: topic 'zigbee2mqtt/Workshop Light/white', payload '{"brightness":254,"color_mode":"color_temp","color_temp":250,"level_config":{"off_transition_time":1.5,"on_transition_time":1.5},"state":"OFF"}'
[2026-06-08 02:01:22] info: 	z2m:mqtt: MQTT publish: topic 'zigbee2mqtt/Workshop Light/rgb', payload '{"brightness":112,"color":{"x":0.313,"y":0.21},"color_mode":"xy","state":"OFF"}'
[2026-06-08 02:01:24] info: 	z2m:mqtt: MQTT publish: topic 'zigbee2mqtt/Workshop Light', payload '{"brightness_rgb":112,"brightness_white":254,"color_mode_rgb":"xy","color_mode_white":"color_temp","color_rgb":{"x":0.313,"y":0.21},"color_temp_white":250,"device_temperature":37,"dimming_range_maximum":100,"dimming_range_minimum":1,"effect":null,"effect_speed":0,"identify":null,"level_config_white":{"off_transition_time":1.5,"on_transition_time":1.5},"linkquality":32,"off_on_duration":null,"on_off_duration":null,"power_on_behavior":null,"power_on_behaviour":"off","power_outage_count":48,"state":"OFF","state_rgb":"OFF","state_white":"OFF","update":{"installed_version":-1,"latest_version":-1,"state":null}}'
[2026-06-08 02:01:24] info: 	z2m:mqtt: MQTT publish: topic 'zigbee2mqtt/Workshop Light/white', payload '{"brightness":254,"color_mode":"color_temp","color_temp":250,"level_config":{"off_transition_time":1.5,"on_transition_time":1.5},"state":"OFF"}'
[2026-06-08 02:01:24] info: 	z2m:mqtt: MQTT publish: topic 'zigbee2mqtt/Workshop Light/rgb', payload '{"brightness":112,"color":{"x":0.313,"y":0.21},"color_mode":"xy","state":"OFF"}'
[2026-06-08 02:01:28] info: 	z2m:mqtt: MQTT publish: topic 'zigbee2mqtt/Workshop Light', payload '{"brightness_rgb":112,"brightness_white":254,"color_mode_rgb":"xy","color_mode_white":"color_temp","color_rgb":{"x":0.313,"y":0.21},"color_temp_white":250,"device_temperature":37,"dimming_range_maximum":100,"dimming_range_minimum":1,"effect":null,"effect_speed":0,"identify":null,"level_config_white":{"off_transition_time":1.5,"on_transition_time":1.5},"linkquality":29,"off_on_duration":null,"on_off_duration":null,"power_on_behavior":null,"power_on_behaviour":"off","power_outage_count":48,"state":"OFF","state_rgb":"OFF","state_white":"OFF","update":{"installed_version":-1,"latest_version":-1,"state":null}}'
[2026-06-08 02:01:28] info: 	z2m:mqtt: MQTT publish: topic 'zigbee2mqtt/Workshop Light/white', payload '{"brightness":254,"color_mode":"color_temp","color_temp":250,"level_config":{"off_transition_time":1.5,"on_transition_time":1.5},"state":"OFF"}'
[2026-06-08 02:01:28] info: 	z2m:mqtt: MQTT publish: topic 'zigbee2mqtt/Workshop Light/rgb', payload '{"brightness":112,"color":{"x":0.313,"y":0.21},"color_mode":"xy","state":"OFF"}'
[2026-06-08 02:01:29] info: 	z2m:mqtt: MQTT publish: topic 'zigbee2mqtt/Workshop Light', payload '{"brightness_rgb":112,"brightness_white":254,"color_mode_rgb":"xy","color_mode_white":"color_temp","color_rgb":{"x":0.313,"y":0.21},"color_temp_white":250,"device_temperature":37,"dimming_range_maximum":100,"dimming_range_minimum":1,"effect":null,"effect_speed":0,"identify":null,"level_config_white":{"off_transition_time":1.5,"on_transition_time":1.5},"linkquality":32,"off_on_duration":null,"on_off_duration":null,"power_on_behavior":null,"power_on_behaviour":"off","power_outage_count":48,"state":"OFF","state_rgb":"OFF","state_white":"OFF","update":{"installed_version":-1,"latest_version":-1,"state":null}}'
[2026-06-08 02:01:29] info: 	z2m:mqtt: MQTT publish: topic 'zigbee2mqtt/Workshop Light/white', payload '{"brightness":254,"color_mode":"color_temp","color_temp":250,"level_config":{"off_transition_time":1.5,"on_transition_time":1.5},"state":"OFF"}'
[2026-06-08 02:01:29] info: 	z2m:mqtt: MQTT publish: topic 'zigbee2mqtt/Workshop Light/rgb', payload '{"brightness":112,"color":{"x":0.313,"y":0.21},"color_mode":"xy","state":"OFF"}'
[2026-06-08 02:01:29] info: 	z2m: Configuring 'Alarm Siren'
[2026-06-08 02:01:35] error: 	z2m: Failed to configure 'Workshop Light', attempt 2 (Error: ZCL command 0x54ef441000b757df/1 manuSpecificLumi.read([1315], {"timeout":10000,"disableResponse":false,"disableRecovery":false,"disableDefaultResponse":true,"direction":0,"reservedBits":0,"manufacturerCode":4447,"writeUndiv":false}) failed (SRSP - AF - dataRequest after 6000ms)
    at Object.start (/app/node_modules/.pnpm/zigbee-herdsman@10.1.0/node_modules/zigbee-herdsman/src/utils/waitress.ts:68:23)
    at /app/node_modules/.pnpm/zigbee-herdsman@10.1.0/node_modules/zigbee-herdsman/src/adapter/z-stack/znp/znp.ts:256:45
    at AsyncMutex.run (/app/node_modules/.pnpm/zigbee-herdsman@10.1.0/node_modules/zigbee-herdsman/src/utils/async-mutex.ts:17:26)
    at Znp.request (/app/node_modules/.pnpm/zigbee-herdsman@10.1.0/node_modules/zigbee-herdsman/src/adapter/z-stack/znp/znp.ts:249:27)
    at ZStackAdapter.dataRequest (/app/node_modules/.pnpm/zigbee-herdsman@10.1.0/node_modules/zigbee-herdsman/src/adapter/z-stack/adapter/zStackAdapter.ts:1149:24)
    at ZStackAdapter.sendZclFrameToEndpointInternal (/app/node_modules/.pnpm/zigbee-herdsman@10.1.0/node_modules/zigbee-herdsman/src/adapter/z-stack/adapter/zStackAdapter.ts:534:46)
    at /app/node_modules/.pnpm/zigbee-herdsman@10.1.0/node_modules/zigbee-herdsman/src/adapter/z-stack/adapter/zStackAdapter.ts:472:31
    at Queue.execute (/app/node_modules/.pnpm/zigbee-herdsman@10.1.0/node_modules/zigbee-herdsman/src/utils/queue.ts:38:26)
    at ZStackAdapter.sendZclFrameToEndpoint (/app/node_modules/.pnpm/zigbee-herdsman@10.1.0/node_modules/zigbee-herdsman/src/adapter/z-stack/adapter/zStackAdapter.ts:470:33)
    at Request.func (/app/node_modules/.pnpm/zigbee-herdsman@10.1.0/node_modules/zigbee-herdsman/src/controller/model/endpoint.ts:406:35))
[2026-06-08 02:01:39] info: 	z2m: Configuring 'Workshop Light'
[2026-06-08 02:01:39] info: 	z2m:mqtt: MQTT publish: topic 'zigbee2mqtt/Alarm Keypad', payload '{"action_code":null,"action_transaction":null,"action_zone":null,"battery":100,"battery_low":false,"linkquality":32,"tamper":false,"update":{"installed_version":131078,"latest_release_notes":null,"latest_source":"https://raw.githubusercontent.com/Koenkk/zigbee-OTA/master/images/Develco/IntelligentKeyPad_2.0.5.zigbee","latest_version":131077,"state":"idle"},"voltage":5200}'
[2026-06-08 02:01:39] info: 	z2m:mqtt: MQTT publish: topic 'zigbee2mqtt/Workshop Light', payload '{"brightness_rgb":112,"brightness_white":254,"color_mode_rgb":"xy","color_mode_white":"color_temp","color_rgb":{"x":0.313,"y":0.21},"color_temp_white":250,"device_temperature":37,"dimming_range_maximum":100,"dimming_range_minimum":1,"effect":null,"effect_speed":0,"identify":null,"level_config_white":{"off_transition_time":1.5,"on_transition_time":1.5},"linkquality":32,"off_on_duration":null,"on_off_duration":null,"power_on_behavior":null,"power_on_behaviour":"off","power_outage_count":48,"state":"OFF","state_rgb":"OFF","state_white":"OFF","update":{"installed_version":-1,"latest_version":-1,"state":null}}'
[2026-06-08 02:01:39] info: 	z2m:mqtt: MQTT publish: topic 'zigbee2mqtt/Workshop Light/white', payload '{"brightness":254,"color_mode":"color_temp","color_temp":250,"level_config":{"off_transition_time":1.5,"on_transition_time":1.5},"state":"OFF"}'
[2026-06-08 02:01:39] info: 	z2m:mqtt: MQTT publish: topic 'zigbee2mqtt/Workshop Light/rgb', payload '{"brightness":112,"color":{"x":0.313,"y":0.21},"color_mode":"xy","state":"OFF"}'
[2026-06-08 02:01:39] info: 	z2m:mqtt: MQTT publish: topic 'zigbee2mqtt/Workshop Light', payload '{"brightness_rgb":112,"brightness_white":254,"color_mode_rgb":"xy","color_mode_white":"color_temp","color_rgb":{"x":0.313,"y":0.21},"color_temp_white":250,"device_temperature":37,"dimming_range_maximum":100,"dimming_range_minimum":1,"effect":null,"effect_speed":0,"identify":null,"level_config_white":{"off_transition_time":1.5,"on_transition_time":1.5},"linkquality":25,"off_on_duration":null,"on_off_duration":null,"power_on_behavior":null,"power_on_behaviour":"off","power_outage_count":48,"state":"OFF","state_rgb":"OFF","state_white":"OFF","update":{"installed_version":-1,"latest_version":-1,"state":null}}'
[2026-06-08 02:01:39] info: 	z2m:mqtt: MQTT publish: topic 'zigbee2mqtt/Workshop Light/white', payload '{"brightness":254,"color_mode":"color_temp","color_temp":250,"level_config":{"off_transition_time":1.5,"on_transition_time":1.5},"state":"OFF"}'
[2026-06-08 02:01:39] info: 	z2m:mqtt: MQTT publish: topic 'zigbee2mqtt/Workshop Light/rgb', payload '{"brightness":112,"color":{"x":0.313,"y":0.21},"color_mode":"xy","state":"OFF"}'
[2026-06-08 02:01:42] info: 	z2m:mqtt: MQTT publish: topic 'zigbee2mqtt/Workshop Light', payload '{"brightness_rgb":112,"brightness_white":254,"color_mode_rgb":"xy","color_mode_white":"color_temp","color_rgb":{"x":0.313,"y":0.21},"color_temp_white":250,"device_temperature":37,"dimming_range_maximum":100,"dimming_range_minimum":1,"effect":null,"effect_speed":0,"identify":null,"level_config_white":{"off_transition_time":1.5,"on_transition_time":1.5},"linkquality":32,"off_on_duration":null,"on_off_duration":null,"power_on_behavior":null,"power_on_behaviour":"off","power_outage_count":48,"state":"OFF","state_rgb":"OFF","state_white":"OFF","update":{"installed_version":-1,"latest_version":-1,"state":null}}'
[2026-06-08 02:01:42] info: 	z2m:mqtt: MQTT publish: topic 'zigbee2mqtt/Workshop Light/white', payload '{"brightness":254,"color_mode":"color_temp","color_temp":250,"level_config":{"off_transition_time":1.5,"on_transition_time":1.5},"state":"OFF"}'
[2026-06-08 02:01:42] info: 	z2m:mqtt: MQTT publish: topic 'zigbee2mqtt/Workshop Light/rgb', payload '{"brightness":112,"color":{"x":0.313,"y":0.21},"color_mode":"xy","state":"OFF"}'
[2026-06-08 02:01:45] info: 	z2m:mqtt: MQTT publish: topic 'zigbee2mqtt/Workshop Light', payload '{"brightness_rgb":112,"brightness_white":254,"color_mode_rgb":"xy","color_mode_white":"color_temp","color_rgb":{"x":0.313,"y":0.21},"color_temp_white":250,"device_temperature":37,"dimming_range_maximum":100,"dimming_range_minimum":1,"effect":null,"effect_speed":0,"identify":null,"level_config_white":{"off_transition_time":1.5,"on_transition_time":1.5},"linkquality":32,"off_on_duration":null,"on_off_duration":null,"power_on_behavior":null,"power_on_behaviour":"off","power_outage_count":48,"state":"OFF","state_rgb":"OFF","state_white":"OFF","update":{"installed_version":-1,"latest_version":-1,"state":null}}'
[2026-06-08 02:01:45] info: 	z2m:mqtt: MQTT publish: topic 'zigbee2mqtt/Workshop Light/white', payload '{"brightness":254,"color_mode":"color_temp","color_temp":250,"level_config":{"off_transition_time":1.5,"on_transition_time":1.5},"state":"OFF"}'
[2026-06-08 02:01:45] info: 	z2m:mqtt: MQTT publish: topic 'zigbee2mqtt/Workshop Light/rgb', payload '{"brightness":112,"color":{"x":0.313,"y":0.21},"color_mode":"xy","state":"OFF"}'
[2026-06-08 02:01:45] info: 	z2m:mqtt: MQTT publish: topic 'zigbee2mqtt/Workshop Light', payload '{"brightness_rgb":112,"brightness_white":254,"color_mode_rgb":"xy","color_mode_white":"color_temp","color_rgb":{"x":0.313,"y":0.21},"color_temp_white":250,"device_temperature":37,"dimming_range_maximum":100,"dimming_range_minimum":1,"effect":null,"effect_speed":0,"identify":null,"level_config_white":{"off_transition_time":1.5,"on_transition_time":1.5},"linkquality":36,"off_on_duration":null,"on_off_duration":null,"power_on_behavior":null,"power_on_behaviour":"off","power_outage_count":48,"state":"OFF","state_rgb":"OFF","state_white":"OFF","update":{"installed_version":-1,"latest_version":-1,"state":null}}'
[2026-06-08 02:01:45] info: 	z2m:mqtt: MQTT publish: topic 'zigbee2mqtt/Workshop Light/white', payload '{"brightness":254,"color_mode":"color_temp","color_temp":250,"level_config":{"off_transition_time":1.5,"on_transition_time":1.5},"state":"OFF"}'
[2026-06-08 02:01:45] info: 	z2m:mqtt: MQTT publish: topic 'zigbee2mqtt/Workshop Light/rgb', payload '{"brightness":112,"color":{"x":0.313,"y":0.21},"color_mode":"xy","state":"OFF"}'
[2026-06-08 02:01:45] error: 	z2m: Failed to configure 'Workshop Light', attempt 3 (Error: Device 0x54ef441000b757df has no input cluster manuSpecificLumi
    at getEndpointsWithCluster (/app/node_modules/.pnpm/zigbee-herdsman-converters@26.61.1/node_modules/zigbee-herdsman-converters/src/lib/utils.ts:755:15)
    at configure (/app/node_modules/.pnpm/zigbee-herdsman-converters@26.61.1/node_modules/zigbee-herdsman-converters/src/lib/modernExtend.ts:228:52)
    at Object.configure (/app/node_modules/.pnpm/zigbee-herdsman-converters@26.61.1/node_modules/zigbee-herdsman-converters/src/index.ts:363:27)
    at processTicksAndRejections (node:internal/process/task_queues:103:5)
    at Configure.configure (/app/lib/extension/configure.ts:135:13)
    at EventEmitter.wrappedCallback (/app/lib/eventBus.ts:252:17))
[2026-06-08 02:01:49] error: 	z2m: Failed to configure 'Alarm Siren', attempt 1 (Error: Bind 0x0015bc0041007a25/43 ssIasZone from '0x00124b002e0e1c5f/1' failed (AREQ - ZDO - bindRsp after 10000ms)
    at Object.start (/app/node_modules/.pnpm/zigbee-herdsman@10.1.0/node_modules/zigbee-herdsman/src/utils/waitress.ts:68:23)
    at func (/app/node_modules/.pnpm/zigbee-herdsman@10.1.0/node_modules/zigbee-herdsman/src/adapter/z-stack/adapter/zStackAdapter.ts:449:47)
    at processTicksAndRejections (node:internal/process/task_queues:103:5)
    at Queue.execute (/app/node_modules/.pnpm/zigbee-herdsman@10.1.0/node_modules/zigbee-herdsman/src/utils/queue.ts:38:20)
    at ZStackAdapter.sendZdoInternal (/app/node_modules/.pnpm/zigbee-herdsman@10.1.0/node_modules/zigbee-herdsman/src/adapter/z-stack/adapter/zStackAdapter.ts:454:43)
    at ZStackAdapter.sendZdo (/app/node_modules/.pnpm/zigbee-herdsman@10.1.0/node_modules/zigbee-herdsman/src/adapter/z-stack/adapter/zStackAdapter.ts:331:16)
    at Endpoint.bind (/app/node_modules/.pnpm/zigbee-herdsman@10.1.0/node_modules/zigbee-herdsman/src/controller/model/endpoint.ts:731:30)
    at Object.bind (/app/node_modules/.pnpm/zigbee-herdsman-converters@26.61.1/node_modules/zigbee-herdsman-converters/src/lib/reporting.ts:48:9)
    at configure (/app/node_modules/.pnpm/zigbee-herdsman-converters@26.61.1/node_modules/zigbee-herdsman-converters/src/devices/develco.ts:995:13)
    at Object.configure (/app/node_modules/.pnpm/zigbee-herdsman-converters@26.61.1/node_modules/zigbee-herdsman-converters/src/index.ts:363:21))
[2026-06-08 02:02:59] info: 	z2m:mqtt: MQTT publish: topic 'zigbee2mqtt/Workshop Light', payload '{"brightness_rgb":112,"brightness_white":254,"color_mode_rgb":"xy","color_mode_white":"color_temp","color_rgb":{"x":0.313,"y":0.21},"color_temp_white":250,"device_temperature":37,"dimming_range_maximum":100,"dimming_range_minimum":1,"effect":null,"effect_speed":0,"identify":null,"level_config_white":{"off_transition_time":1.5,"on_transition_time":1.5},"linkquality":32,"off_on_duration":null,"on_off_duration":null,"power_on_behavior":null,"power_on_behaviour":"off","power_outage_count":48,"state":"OFF","state_rgb":"OFF","state_white":"OFF","update":{"installed_version":-1,"latest_version":-1,"state":null}}'
[2026-06-08 02:02:59] info: 	z2m:mqtt: MQTT publish: topic 'zigbee2mqtt/Workshop Light/white', payload '{"brightness":254,"color_mode":"color_temp","color_temp":250,"level_config":{"off_transition_time":1.5,"on_transition_time":1.5},"state":"OFF"}'
[2026-06-08 02:02:59] info: 	z2m:mqtt: MQTT publish: topic 'zigbee2mqtt/Workshop Light/rgb', payload '{"brightness":112,"color":{"x":0.313,"y":0.21},"color_mode":"xy","state":"OFF"}'
[2026-06-08 02:06:34] info: 	z2m:mqtt: MQTT publish: topic 'zigbee2mqtt/Alarm Keypad', payload '{"action_code":null,"action_transaction":null,"action_zone":null,"battery":100,"battery_low":false,"linkquality":32,"tamper":false,"update":{"installed_version":131078,"latest_release_notes":null,"latest_source":"https://raw.githubusercontent.com/Koenkk/zigbee-OTA/master/images/Develco/IntelligentKeyPad_2.0.5.zigbee","latest_version":131077,"state":"idle"},"voltage":5200}'
[2026-06-08 02:09:53] info: 	z2m:mqtt: MQTT publish: topic 'zigbee2mqtt/Workshop Light', payload '{"brightness_rgb":112,"brightness_white":254,"color_mode_rgb":"xy","color_mode_white":"color_temp","color_rgb":{"x":0.313,"y":0.21},"color_temp_white":250,"device_temperature":37,"dimming_range_maximum":100,"dimming_range_minimum":1,"effect":null,"effect_speed":0,"identify":null,"level_config_white":{"off_transition_time":1.5,"on_transition_time":1.5},"linkquality":32,"off_on_duration":null,"on_off_duration":null,"power_on_behavior":null,"power_on_behaviour":"off","power_outage_count":48,"state":"OFF","state_rgb":"OFF","state_white":"OFF","update":{"installed_version":-1,"latest_version":-1,"state":null}}'
[2026-06-08 02:09:53] info: 	z2m:mqtt: MQTT publish: topic 'zigbee2mqtt/Workshop Light/white', payload '{"brightness":254,"color_mode":"color_temp","color_temp":250,"level_config":{"off_transition_time":1.5,"on_transition_time":1.5},"state":"OFF"}'
[2026-06-08 02:09:53] info: 	z2m:mqtt: MQTT publish: topic 'zigbee2mqtt/Workshop Light/rgb', payload '{"brightness":112,"color":{"x":0.313,"y":0.21},"color_mode":"xy","state":"OFF"}'
[2026-06-08 02:10:45] info: 	z2m:mqtt: MQTT publish: topic 'zigbee2mqtt/bridge/health', payload '{"response_time":1780877445230,"os":{"load_average":[0.07,0.13,0.15],"memory_used_mb":4337.66,"memory_percent":13.8087},"process":{"uptime_sec":625,"memory_used_mb":131.06,"memory_percent":0.4172},"mqtt":{"connected":true,"queued":0,"published":171,"received":160},"devices":{"0x54ef441000b757df":{"messages":30,"messages_per_sec":0.051,"leave_count":0,"network_address_changes":0},"0x0015bc0043006306":{"messages":3,"messages_per_sec":0.0055,"leave_count":0,"network_address_changes":0}}}'
[2026-06-08 02:11:34] info: 	z2m:mqtt: MQTT publish: topic 'zigbee2mqtt/Alarm Keypad', payload '{"action_code":null,"action_transaction":null,"action_zone":null,"battery":100,"battery_low":false,"linkquality":32,"tamper":false,"update":{"installed_version":131078,"latest_release_notes":null,"latest_source":"https://raw.githubusercontent.com/Koenkk/zigbee-OTA/master/images/Develco/IntelligentKeyPad_2.0.5.zigbee","latest_version":131077,"state":"idle"},"voltage":5200}'
[2026-06-08 02:16:35] info: 	z2m:mqtt: MQTT publish: topic 'zigbee2mqtt/Alarm Keypad', payload '{"action_code":null,"action_transaction":null,"action_zone":null,"battery":100,"battery_low":false,"linkquality":32,"tamper":false,"update":{"installed_version":131078,"latest_release_notes":null,"latest_source":"https://raw.githubusercontent.com/Koenkk/zigbee-OTA/master/images/Develco/IntelligentKeyPad_2.0.5.zigbee","latest_version":131077,"state":"idle"},"voltage":5200}'
[2026-06-08 02:17:45] info: 	z2m:mqtt: MQTT publish: topic 'zigbee2mqtt/Workshop Light', payload '{"brightness_rgb":112,"brightness_white":254,"color_mode_rgb":"xy","color_mode_white":"color_temp","color_rgb":{"x":0.313,"y":0.21},"color_temp_white":250,"device_temperature":37,"dimming_range_maximum":100,"dimming_range_minimum":1,"effect":null,"effect_speed":0,"identify":null,"level_config_white":{"off_transition_time":1.5,"on_transition_time":1.5},"linkquality":32,"off_on_duration":null,"on_off_duration":null,"power_on_behavior":null,"power_on_behaviour":"off","power_outage_count":48,"state":"OFF","state_rgb":"OFF","state_white":"OFF","update":{"installed_version":-1,"latest_version":-1,"state":null}}'
[2026-06-08 02:17:45] info: 	z2m:mqtt: MQTT publish: topic 'zigbee2mqtt/Workshop Light/white', payload '{"brightness":254,"color_mode":"color_temp","color_temp":250,"level_config":{"off_transition_time":1.5,"on_transition_time":1.5},"state":"OFF"}'
[2026-06-08 02:17:45] info: 	z2m:mqtt: MQTT publish: topic 'zigbee2mqtt/Workshop Light/rgb', payload '{"brightness":112,"color":{"x":0.313,"y":0.21},"color_mode":"xy","state":"OFF"}'
[2026-06-08 02:18:28] error: 	zh:controller:device: Read response to 0x0015bc0043006306 failed (ZCL command 0x0015bc0043006306/44 genTime.readRsp({"time":834193098}, {"timeout":10000,"disableResponse":false,"disableRecovery":false,"disableDefaultResponse":true,"direction":1,"srcEndpoint":11,"reservedBits":0,"transactionSequenceNumber":109,"writeUndiv":false}) failed (Data request failed with error: 'TIMEOUT'))
[2026-06-08 02:18:28] info: 	z2m:mqtt: MQTT publish: topic 'zigbee2mqtt/Alarm Keypad', payload '{"action_code":null,"action_transaction":null,"action_zone":null,"battery":100,"battery_low":false,"linkquality":32,"tamper":false,"update":{"installed_version":131078,"latest_release_notes":null,"latest_source":"https://raw.githubusercontent.com/Koenkk/zigbee-OTA/master/images/Develco/IntelligentKeyPad_2.0.5.zigbee","latest_version":131077,"state":"idle"},"voltage":5200}'
[2026-06-08 02:20:45] info: 	z2m:mqtt: MQTT publish: topic 'zigbee2mqtt/bridge/health', payload '{"response_time":1780878045230,"os":{"load_average":[0.12,0.16,0.15],"memory_used_mb":4338.48,"memory_percent":13.8113},"process":{"uptime_sec":1225,"memory_used_mb":131.23,"memory_percent":0.4178},"mqtt":{"connected":true,"queued":0,"published":185,"received":160},"devices":{"0x54ef441000b757df":{"messages":32,"messages_per_sec":0.0269,"leave_count":0,"network_address_changes":0},"0x0015bc0043006306":{"messages":9,"messages_per_sec":0.0079,"leave_count":0,"network_address_changes":0}}}'
[2026-06-08 02:21:29] warning: 	z2m: Failed to ping 'Alarm Repeater' (attempt 1/1, ZCL command 0x0015bc0022000242/37 genBasic.read(["zclVersion"], {"timeout":10000,"disableResponse":false,"disableRecovery":true,"disableDefaultResponse":true,"direction":0,"reservedBits":0,"writeUndiv":false,"sendPolicy":"immediate"}) failed (Data request failed with error: 'NWK_NO_ROUTE' (0xcd)))
[2026-06-08 02:21:35] info: 	z2m:mqtt: MQTT publish: topic 'zigbee2mqtt/Alarm Keypad', payload '{"action_code":null,"action_transaction":null,"action_zone":null,"battery":100,"battery_low":false,"linkquality":32,"tamper":false,"update":{"installed_version":131078,"latest_release_notes":null,"latest_source":"https://raw.githubusercontent.com/Koenkk/zigbee-OTA/master/images/Develco/IntelligentKeyPad_2.0.5.zigbee","latest_version":131077,"state":"idle"},"voltage":5200}'
[2026-06-08 02:21:43] warning: 	z2m: Failed to ping 'Smart Plug Z1' (attempt 1/1, ZCL command 0xa4c13812921dddfd/1 genBasic.read(["zclVersion"], {"timeout":10000,"disableResponse":false,"disableRecovery":true,"disableDefaultResponse":true,"direction":0,"reservedBits":0,"writeUndiv":false,"sendPolicy":"immediate"}) failed (Data request failed with error: 'NWK_NO_ROUTE' (0xcd)))
[2026-06-08 02:21:47] warning: 	z2m: Failed to ping 'Kitchen Presence' (attempt 1/1, ZCL command 0x54ef44100124a3ca/1 genBasic.read(["zclVersion"], {"timeout":10000,"disableResponse":false,"disableRecovery":true,"disableDefaultResponse":true,"direction":0,"reservedBits":0,"writeUndiv":false,"sendPolicy":"immediate"}) failed (Data request failed with error: 'NWK_NO_ROUTE' (0xcd)))
[2026-06-08 02:21:51] warning: 	z2m: Failed to ping 'Alarm Siren' (attempt 1/1, ZCL command 0x0015bc0041007a25/43 genBasic.read(["zclVersion"], {"timeout":10000,"disableResponse":false,"disableRecovery":true,"disableDefaultResponse":true,"direction":0,"reservedBits":0,"writeUndiv":false,"sendPolicy":"immediate"}) failed (Data request failed with error: 'NWK_NO_ROUTE' (0xcd)))
[2026-06-08 02:22:36] info: 	z2m: Configuring 'Water Sensor 1'
[2026-06-08 02:22:36] info: 	z2m:mqtt: MQTT publish: topic 'zigbee2mqtt/bridge/event', payload '{"data":{"friendly_name":"Water Sensor 1","ieee_address":"0x5c0272fffebb9cde"},"type":"device_announce"}'
[2026-06-08 02:22:46] error: 	z2m: Failed to configure 'Water Sensor 1', attempt 1 (Error: Bind 0x5c0272fffebb9cde/1 genPowerCfg from '0x00124b002e0e1c5f/1' failed (AREQ - ZDO - bindRsp after 10000ms)
    at Object.start (/app/node_modules/.pnpm/zigbee-herdsman@10.1.0/node_modules/zigbee-herdsman/src/utils/waitress.ts:68:23)
    at func (/app/node_modules/.pnpm/zigbee-herdsman@10.1.0/node_modules/zigbee-herdsman/src/adapter/z-stack/adapter/zStackAdapter.ts:449:47)
    at processTicksAndRejections (node:internal/process/task_queues:103:5)
    at Queue.execute (/app/node_modules/.pnpm/zigbee-herdsman@10.1.0/node_modules/zigbee-herdsman/src/utils/queue.ts:38:20)
    at ZStackAdapter.sendZdoInternal (/app/node_modules/.pnpm/zigbee-herdsman@10.1.0/node_modules/zigbee-herdsman/src/adapter/z-stack/adapter/zStackAdapter.ts:454:43)
    at ZStackAdapter.sendZdo (/app/node_modules/.pnpm/zigbee-herdsman@10.1.0/node_modules/zigbee-herdsman/src/adapter/z-stack/adapter/zStackAdapter.ts:331:16)
    at Endpoint.bind (/app/node_modules/.pnpm/zigbee-herdsman@10.1.0/node_modules/zigbee-herdsman/src/controller/model/endpoint.ts:731:30)
    at Object.bind (/app/node_modules/.pnpm/zigbee-herdsman-converters@26.61.1/node_modules/zigbee-herdsman-converters/src/lib/reporting.ts:48:9)
    at Object.configure (/app/node_modules/.pnpm/zigbee-herdsman-converters@26.61.1/node_modules/zigbee-herdsman-converters/src/devices/tuya.ts:4119:13)
    at Configure.configure (/app/lib/extension/configure.ts:135:13))
[2026-06-08 02:22:47] info: 	z2m: Configuring 'Water Sensor 1'
[2026-06-08 02:22:47] info: 	z2m:mqtt: MQTT publish: topic 'zigbee2mqtt/Water Sensor 1', payload '{"battery":70,"battery_low":false,"linkquality":40,"tamper":false,"voltage":2800,"water_leak":false}'
[2026-06-08 02:22:47] info: 	z2m:mqtt: MQTT publish: topic 'zigbee2mqtt/Water Sensor 1', payload '{"battery":70,"battery_low":false,"linkquality":40,"tamper":false,"voltage":2800,"water_leak":false}'
[2026-06-08 02:22:47] info: 	z2m:mqtt: MQTT publish: topic 'zigbee2mqtt/Water Sensor 1', payload '{"battery":70,"battery_low":false,"linkquality":40,"tamper":false,"voltage":2800,"water_leak":false}'
[2026-06-08 02:22:47] info: 	z2m:mqtt: MQTT publish: topic 'zigbee2mqtt/Water Sensor 1', payload '{"battery":70,"battery_low":false,"linkquality":40,"tamper":false,"voltage":2800,"water_leak":false}'
[2026-06-08 02:22:47] info: 	z2m:mqtt: MQTT publish: topic 'zigbee2mqtt/Water Sensor 1', payload '{"battery":70,"battery_low":false,"linkquality":40,"tamper":false,"voltage":2800,"water_leak":false}'
[2026-06-08 02:22:47] info: 	z2m:mqtt: MQTT publish: topic 'zigbee2mqtt/Water Sensor 1', payload '{"battery":70,"battery_low":false,"linkquality":40,"tamper":false,"voltage":2800,"water_leak":false}'
[2026-06-08 02:22:47] info: 	z2m:mqtt: MQTT publish: topic 'zigbee2mqtt/Water Sensor 1', payload '{"battery":70,"battery_low":false,"linkquality":40,"tamper":false,"voltage":2800,"water_leak":false}'
[2026-06-08 02:22:47] info: 	z2m:mqtt: MQTT publish: topic 'zigbee2mqtt/Water Sensor 1', payload '{"battery":70,"battery_low":false,"linkquality":40,"tamper":false,"voltage":2800,"water_leak":false}'
[2026-06-08 02:22:47] info: 	z2m:mqtt: MQTT publish: topic 'zigbee2mqtt/Water Sensor 1', payload '{"battery":70,"battery_low":false,"linkquality":40,"tamper":false,"voltage":2800,"water_leak":false}'
[2026-06-08 02:22:47] info: 	z2m:mqtt: MQTT publish: topic 'zigbee2mqtt/Water Sensor 1', payload '{"battery":70,"battery_low":false,"linkquality":40,"tamper":false,"voltage":2800,"water_leak":false}'
[2026-06-08 02:22:47] info: 	z2m:mqtt: MQTT publish: topic 'zigbee2mqtt/Water Sensor 1', payload '{"battery":70,"battery_low":false,"linkquality":40,"tamper":false,"voltage":2800,"water_leak":false}'
[2026-06-08 02:22:47] info: 	z2m:mqtt: MQTT publish: topic 'zigbee2mqtt/Water Sensor 1', payload '{"battery":70,"battery_low":false,"linkquality":40,"tamper":false,"voltage":2800,"water_leak":false}'
[2026-06-08 02:22:47] info: 	z2m:mqtt: MQTT publish: topic 'zigbee2mqtt/Water Sensor 1', payload '{"battery":70,"battery_low":false,"linkquality":40,"tamper":false,"voltage":2800,"water_leak":false}'
[2026-06-08 02:22:47] info: 	z2m:mqtt: MQTT publish: topic 'zigbee2mqtt/Water Sensor 1', payload '{"battery":70,"battery_low":false,"linkquality":40,"tamper":false,"voltage":2800,"water_leak":false}'
[2026-06-08 02:22:47] info: 	z2m:mqtt: MQTT publish: topic 'zigbee2mqtt/Water Sensor 1', payload '{"battery":70,"battery_low":false,"linkquality":40,"tamper":false,"voltage":2800,"water_leak":false}'
[2026-06-08 02:22:47] info: 	z2m:mqtt: MQTT publish: topic 'zigbee2mqtt/Water Sensor 1', payload '{"battery":70,"battery_low":false,"linkquality":40,"tamper":false,"voltage":2800,"water_leak":false}'
[2026-06-08 02:22:47] info: 	z2m:mqtt: MQTT publish: topic 'zigbee2mqtt/Water Sensor 1', payload '{"battery":70,"battery_low":false,"linkquality":40,"tamper":false,"voltage":2800,"water_leak":false}'
[2026-06-08 02:22:50] info: 	z2m:mqtt: MQTT publish: topic 'zigbee2mqtt/Alarm Keypad', payload '{"action_code":null,"action_transaction":null,"action_zone":null,"battery":100,"battery_low":false,"linkquality":32,"tamper":false,"update":{"installed_version":131078,"latest_release_notes":null,"latest_source":"https://raw.githubusercontent.com/Koenkk/zigbee-OTA/master/images/Develco/IntelligentKeyPad_2.0.5.zigbee","latest_version":131077,"state":"idle"},"voltage":5200}'
[2026-06-08 02:22:50] info: 	z2m:mqtt: MQTT publish: topic 'zigbee2mqtt/Water Sensor 1', payload '{"battery":70,"battery_low":false,"linkquality":40,"tamper":false,"voltage":2800,"water_leak":false}'
[2026-06-08 02:22:50] info: 	z2m:mqtt: MQTT publish: topic 'zigbee2mqtt/Water Sensor 1', payload '{"battery":70,"battery_low":false,"linkquality":40,"tamper":false,"voltage":2800,"water_leak":false}'
[2026-06-08 02:22:50] info: 	z2m:mqtt: MQTT publish: topic 'zigbee2mqtt/Water Sensor 1', payload '{"battery":70,"battery_low":false,"linkquality":40,"tamper":false,"voltage":2800,"water_leak":false}'
[2026-06-08 02:22:50] info: 	z2m:mqtt: MQTT publish: topic 'zigbee2mqtt/Water Sensor 1', payload '{"battery":70,"battery_low":false,"linkquality":40,"tamper":false,"voltage":2800,"water_leak":false}'
[2026-06-08 02:22:50] info: 	z2m:mqtt: MQTT publish: topic 'zigbee2mqtt/Water Sensor 1', payload '{"battery":70,"battery_low":false,"linkquality":40,"tamper":false,"voltage":2800,"water_leak":false}'
[2026-06-08 02:22:50] info: 	z2m:mqtt: MQTT publish: topic 'zigbee2mqtt/Water Sensor 1', payload '{"battery":70,"battery_low":false,"linkquality":40,"tamper":false,"voltage":2800,"water_leak":false}'
[2026-06-08 02:22:50] info: 	z2m:mqtt: MQTT publish: topic 'zigbee2mqtt/Water Sensor 1', payload '{"battery":70,"battery_low":false,"linkquality":40,"tamper":false,"voltage":2800,"water_leak":false}'
[2026-06-08 02:22:50] info: 	z2m:mqtt: MQTT publish: topic 'zigbee2mqtt/Water Sensor 1', payload '{"battery":70,"battery_low":false,"linkquality":40,"tamper":false,"voltage":2800,"water_leak":false}'
[2026-06-08 02:22:50] info: 	z2m:mqtt: MQTT publish: topic 'zigbee2mqtt/Water Sensor 1', payload '{"battery":70,"battery_low":false,"linkquality":40,"tamper":false,"voltage":2800,"water_leak":false}'
[2026-06-08 02:22:50] info: 	z2m:mqtt: MQTT publish: topic 'zigbee2mqtt/Water Sensor 1', payload '{"battery":70,"battery_low":false,"linkquality":40,"tamper":false,"voltage":2800,"water_leak":false}'
[2026-06-08 02:22:50] info: 	z2m:mqtt: MQTT publish: topic 'zigbee2mqtt/Water Sensor 1', payload '{"battery":70,"battery_low":false,"linkquality":40,"tamper":false,"voltage":2800,"water_leak":false}'
[2026-06-08 02:22:50] info: 	z2m:mqtt: MQTT publish: topic 'zigbee2mqtt/Water Sensor 1', payload '{"battery":70,"battery_low":false,"linkquality":40,"tamper":false,"voltage":2800,"water_leak":false}'
[2026-06-08 02:22:50] info: 	z2m:mqtt: MQTT publish: topic 'zigbee2mqtt/Water Sensor 1', payload '{"battery":70,"battery_low":false,"linkquality":40,"tamper":false,"voltage":2800,"water_leak":false}'
[2026-06-08 02:22:50] info: 	z2m:mqtt: MQTT publish: topic 'zigbee2mqtt/Water Sensor 1', payload '{"battery":70,"battery_low":false,"linkquality":40,"tamper":false,"voltage":2800,"water_leak":false}'
[2026-06-08 02:22:50] info: 	z2m:mqtt: MQTT publish: topic 'zigbee2mqtt/Water Sensor 1', payload '{"battery":70,"battery_low":false,"linkquality":40,"tamper":false,"voltage":2800,"water_leak":false}'
[2026-06-08 02:24:06] error: 	z2m: Failed to configure 'Water Sensor 1', attempt 2 (Error: ZCL command 0x5c0272fffebb9cde/1 genPowerCfg.configReport([{"attribute":"batteryPercentageRemaining","minimumReportInterval":3600,"maximumReportInterval":65000,"reportableChange":0}], {"timeout":10000,"disableResponse":false,"disableRecovery":false,"disableDefaultResponse":true,"direction":0,"reservedBits":0,"writeUndiv":false}) failed (Timeout after 10000ms [address=42265 endpoint=1 clusterId=1 cmdId=7 tsn=30])
    at Object.start (/app/node_modules/.pnpm/zigbee-herdsman@10.1.0/node_modules/zigbee-herdsman/src/utils/waitress.ts:68:23)
    at ZStackAdapter.sendZclFrameToEndpointInternal (/app/node_modules/.pnpm/zigbee-herdsman@10.1.0/node_modules/zigbee-herdsman/src/adapter/z-stack/adapter/zStackAdapter.ts:688:47)
    at processTicksAndRejections (node:internal/process/task_queues:103:5)
    at ZStackAdapter.sendZclFrameToEndpointInternal (/app/node_modules/.pnpm/zigbee-herdsman@10.1.0/node_modules/zigbee-herdsman/src/adapter/z-stack/adapter/zStackAdapter.ts:720:28)
    at /app/node_modules/.pnpm/zigbee-herdsman@10.1.0/node_modules/zigbee-herdsman/src/adapter/z-stack/adapter/zStackAdapter.ts:472:20
    at Queue.execute (/app/node_modules/.pnpm/zigbee-herdsman@10.1.0/node_modules/zigbee-herdsman/src/utils/queue.ts:38:20)
    at ZStackAdapter.sendZclFrameToEndpoint (/app/node_modules/.pnpm/zigbee-herdsman@10.1.0/node_modules/zigbee-herdsman/src/adapter/z-stack/adapter/zStackAdapter.ts:470:16)
    at Request.send (/app/node_modules/.pnpm/zigbee-herdsman@10.1.0/node_modules/zigbee-herdsman/src/controller/helpers/request.ts:86:25)
    at Endpoint.sendRequest (/app/node_modules/.pnpm/zigbee-herdsman@10.1.0/node_modules/zigbee-herdsman/src/controller/model/endpoint.ts:433:20)
    at Endpoint.zclCommand (/app/node_modules/.pnpm/zigbee-herdsman@10.1.0/node_modules/zigbee-herdsman/src/controller/model/endpoint.ts:1174:28))
[2026-06-08 02:24:37] info: 	z2m:mqtt: MQTT publish: topic 'zigbee2mqtt/Workshop Light', payload '{"brightness_rgb":112,"brightness_white":254,"color_mode_rgb":"xy","color_mode_white":"color_temp","color_rgb":{"x":0.313,"y":0.21},"color_temp_white":250,"device_temperature":36,"dimming_range_maximum":100,"dimming_range_minimum":1,"effect":null,"effect_speed":0,"identify":null,"level_config_white":{"off_transition_time":1.5,"on_transition_time":1.5},"linkquality":32,"off_on_duration":null,"on_off_duration":null,"power_on_behavior":null,"power_on_behaviour":"off","power_outage_count":48,"state":"OFF","state_rgb":"OFF","state_white":"OFF","update":{"installed_version":-1,"latest_version":-1,"state":null}}'
[2026-06-08 02:24:37] info: 	z2m:mqtt: MQTT publish: topic 'zigbee2mqtt/Workshop Light/white', payload '{"brightness":254,"color_mode":"color_temp","color_temp":250,"level_config":{"off_transition_time":1.5,"on_transition_time":1.5},"state":"OFF"}'
[2026-06-08 02:24:37] info: 	z2m:mqtt: MQTT publish: topic 'zigbee2mqtt/Workshop Light/rgb', payload '{"brightness":112,"color":{"x":0.313,"y":0.21},"color_mode":"xy","state":"OFF"}'
[2026-06-08 02:26:35] info: 	z2m:mqtt: MQTT publish: topic 'zigbee2mqtt/Alarm Keypad', payload '{"action_code":null,"action_transaction":null,"action_zone":null,"battery":100,"battery_low":false,"linkquality":32,"tamper":false,"update":{"installed_version":131078,"latest_release_notes":null,"latest_source":"https://raw.githubusercontent.com/Koenkk/zigbee-OTA/master/images/Develco/IntelligentKeyPad_2.0.5.zigbee","latest_version":131077,"state":"idle"},"voltage":5200}'
[2026-06-08 02:29:25] info: 	z2m:mqtt: MQTT publish: topic 'zigbee2mqtt/Button 2 - Chandelier', payload '{"battery":40,"identify":null,"linkquality":36,"update":{"installed_version":604241926,"latest_release_notes":"Enables double-clicks.\r\nhttps://www.zigbee2mqtt.io/devices/E1812.html\r\nhttps://ww8.ikea.com/ikeahomesmart/releasenotes/releasenotes.html","latest_source":"https://raw.githubusercontent.com/Koenkk/zigbee-OTA/master/images/IKEA/tradfri-shortcut-button_release_prod_v604241926_56f5d8d1-78b1-4088-afc1-05d3b7e3314b.ota","latest_version":604241926,"state":"idle"}}'
[2026-06-08 02:30:45] info: 	z2m:mqtt: MQTT publish: topic 'zigbee2mqtt/bridge/health', payload '{"response_time":1780878645232,"os":{"load_average":[0.02,0.04,0.08],"memory_used_mb":4360.71,"memory_percent":13.882},"process":{"uptime_sec":1825,"memory_used_mb":155.07,"memory_percent":0.4937},"mqtt":{"connected":true,"queued":0,"published":246,"received":160},"devices":{"0x54ef441000b757df":{"messages":34,"messages_per_sec":0.019,"leave_count":0,"network_address_changes":0},"0x0015bc0043006306":{"messages":12,"messages_per_sec":0.0069,"leave_count":0,"network_address_changes":0},"0x5c0272fffebb9cde":{"messages":70,"messages_per_sec":0.1431,"leave_count":0,"network_address_changes":0},"0x04cd15fffe7ff98b":{"messages":1,"messages_per_sec":0.0125,"leave_count":0,"network_address_changes":0}}}'
[2026-06-08 02:31:34] info: 	z2m:mqtt: MQTT publish: topic 'zigbee2mqtt/Alarm Keypad', payload '{"action_code":null,"action_transaction":null,"action_zone":null,"battery":100,"battery_low":false,"linkquality":32,"tamper":false,"update":{"installed_version":131078,"latest_release_notes":null,"latest_source":"https://raw.githubusercontent.com/Koenkk/zigbee-OTA/master/images/Develco/IntelligentKeyPad_2.0.5.zigbee","latest_version":131077,"state":"idle"},"voltage":5200}'
[2026-06-08 02:31:49] info: 	z2m:mqtt: MQTT publish: topic 'zigbee2mqtt/Workshop Light', payload '{"brightness_rgb":112,"brightness_white":254,"color_mode_rgb":"xy","color_mode_white":"color_temp","color_rgb":{"x":0.313,"y":0.21},"color_temp_white":250,"device_temperature":37,"dimming_range_maximum":100,"dimming_range_minimum":1,"effect":null,"effect_speed":0,"identify":null,"level_config_white":{"off_transition_time":1.5,"on_transition_time":1.5},"linkquality":36,"off_on_duration":null,"on_off_duration":null,"power_on_behavior":null,"power_on_behaviour":"off","power_outage_count":48,"state":"OFF","state_rgb":"OFF","state_white":"OFF","update":{"installed_version":-1,"latest_version":-1,"state":null}}'
[2026-06-08 02:31:49] info: 	z2m:mqtt: MQTT publish: topic 'zigbee2mqtt/Workshop Light/white', payload '{"brightness":254,"color_mode":"color_temp","color_temp":250,"level_config":{"off_transition_time":1.5,"on_transition_time":1.5},"state":"OFF"}'
[2026-06-08 02:31:49] info: 	z2m:mqtt: MQTT publish: topic 'zigbee2mqtt/Workshop Light/rgb', payload '{"brightness":112,"color":{"x":0.313,"y":0.21},"color_mode":"xy","state":"OFF"}'
[2026-06-08 02:36:34] info: 	z2m:mqtt: MQTT publish: topic 'zigbee2mqtt/Alarm Keypad', payload '{"action_code":null,"action_transaction":null,"action_zone":null,"battery":100,"battery_low":false,"linkquality":32,"tamper":false,"update":{"installed_version":131078,"latest_release_notes":null,"latest_source":"https://raw.githubusercontent.com/Koenkk/zigbee-OTA/master/images/Develco/IntelligentKeyPad_2.0.5.zigbee","latest_version":131077,"state":"idle"},"voltage":5200}'
[2026-06-08 02:38:51] info: 	z2m:mqtt: MQTT publish: topic 'zigbee2mqtt/Workshop Light', payload '{"brightness_rgb":112,"brightness_white":254,"color_mode_rgb":"xy","color_mode_white":"color_temp","color_rgb":{"x":0.313,"y":0.21},"color_temp_white":250,"device_temperature":37,"dimming_range_maximum":100,"dimming_range_minimum":1,"effect":null,"effect_speed":0,"identify":null,"level_config_white":{"off_transition_time":1.5,"on_transition_time":1.5},"linkquality":32,"off_on_duration":null,"on_off_duration":null,"power_on_behavior":null,"power_on_behaviour":"off","power_outage_count":48,"state":"OFF","state_rgb":"OFF","state_white":"OFF","update":{"installed_version":-1,"latest_version":-1,"state":null}}'
[2026-06-08 02:38:51] info: 	z2m:mqtt: MQTT publish: topic 'zigbee2mqtt/Workshop Light/white', payload '{"brightness":254,"color_mode":"color_temp","color_temp":250,"level_config":{"off_transition_time":1.5,"on_transition_time":1.5},"state":"OFF"}'
[2026-06-08 02:38:51] info: 	z2m:mqtt: MQTT publish: topic 'zigbee2mqtt/Workshop Light/rgb', payload '{"brightness":112,"color":{"x":0.313,"y":0.21},"color_mode":"xy","state":"OFF"}'
[2026-06-08 02:40:45] info: 	z2m:mqtt: MQTT publish: topic 'zigbee2mqtt/bridge/health', payload '{"response_time":1780879245233,"os":{"load_average":[0.01,0.06,0.08],"memory_used_mb":4359.24,"memory_percent":13.8774},"process":{"uptime_sec":2425,"memory_used_mb":155.33,"memory_percent":0.4945},"mqtt":{"connected":true,"queued":0,"published":264,"received":160},"devices":{"0x54ef441000b757df":{"messages":38,"messages_per_sec":0.0159,"leave_count":0,"network_address_changes":0},"0x0015bc0043006306":{"messages":15,"messages_per_sec":0.0064,"leave_count":0,"network_address_changes":0},"0x5c0272fffebb9cde":{"messages":70,"messages_per_sec":0.0643,"leave_count":0,"network_address_changes":0},"0x04cd15fffe7ff98b":{"messages":1,"messages_per_sec":0.0015,"leave_count":0,"network_address_changes":0}}}'
[2026-06-08 02:41:44] info: 	z2m:mqtt: MQTT publish: topic 'zigbee2mqtt/Alarm Keypad', payload '{"action_code":null,"action_transaction":null,"action_zone":null,"battery":100,"battery_low":false,"linkquality":32,"tamper":false,"update":{"installed_version":131078,"latest_release_notes":null,"latest_source":"https://raw.githubusercontent.com/Koenkk/zigbee-OTA/master/images/Develco/IntelligentKeyPad_2.0.5.zigbee","latest_version":131077,"state":"idle"},"voltage":5200}'
[2026-06-08 02:42:19] info: 	z2m:mqtt: MQTT publish: topic 'zigbee2mqtt/Philips Backyard Sensor', payload '{"battery":100,"illuminance":1,"led_indication":true,"linkquality":87,"motion_sensitivity":"high","occupancy":false,"occupancy_timeout":60,"temperature":21.38,"update":{"installed_version":1124103169,"latest_release_notes":null,"latest_source":"https://raw.githubusercontent.com/Koenkk/zigbee-OTA/master/images/Hue/Sensor-ATmega_0012.sbl-ota","latest_version":1124103169,"state":"idle"}}'
[2026-06-08 02:44:12] info: 	z2m:mqtt: MQTT publish: topic 'zigbee2mqtt/Workshop Light', payload '{"brightness_rgb":112,"brightness_white":254,"color_mode_rgb":"xy","color_mode_white":"color_temp","color_rgb":{"x":0.313,"y":0.21},"color_temp_white":250,"device_temperature":36,"dimming_range_maximum":100,"dimming_range_minimum":1,"effect":null,"effect_speed":0,"identify":null,"level_config_white":{"off_transition_time":1.5,"on_transition_time":1.5},"linkquality":32,"off_on_duration":null,"on_off_duration":null,"power_on_behavior":null,"power_on_behaviour":"off","power_outage_count":48,"state":"OFF","state_rgb":"OFF","state_white":"OFF","update":{"installed_version":-1,"latest_version":-1,"state":null}}'
[2026-06-08 02:44:12] info: 	z2m:mqtt: MQTT publish: topic 'zigbee2mqtt/Workshop Light/white', payload '{"brightness":254,"color_mode":"color_temp","color_temp":250,"level_config":{"off_transition_time":1.5,"on_transition_time":1.5},"state":"OFF"}'
[2026-06-08 02:44:12] info: 	z2m:mqtt: MQTT publish: topic 'zigbee2mqtt/Workshop Light/rgb', payload '{"brightness":112,"color":{"x":0.313,"y":0.21},"color_mode":"xy","state":"OFF"}'
[2026-06-08 02:46:34] info: 	z2m:mqtt: MQTT publish: topic 'zigbee2mqtt/Alarm Keypad', payload '{"action_code":null,"action_transaction":null,"action_zone":null,"battery":100,"battery_low":false,"linkquality":32,"tamper":false,"update":{"installed_version":131078,"latest_release_notes":null,"latest_source":"https://raw.githubusercontent.com/Koenkk/zigbee-OTA/master/images/Develco/IntelligentKeyPad_2.0.5.zigbee","latest_version":131077,"state":"idle"},"voltage":5200}'
[2026-06-08 02:50:45] info: 	z2m:mqtt: MQTT publish: topic 'zigbee2mqtt/bridge/health', payload '{"response_time":1780879845234,"os":{"load_average":[0.15,0.12,0.1],"memory_used_mb":4359.43,"memory_percent":13.878},"process":{"uptime_sec":3025,"memory_used_mb":155.68,"memory_percent":0.4956},"mqtt":{"connected":true,"queued":0,"published":278,"received":160},"devices":{"0x54ef441000b757df":{"messages":40,"messages_per_sec":0.0134,"leave_count":0,"network_address_changes":0},"0x0015bc0043006306":{"messages":18,"messages_per_sec":0.0061,"leave_count":0,"network_address_changes":0},"0x5c0272fffebb9cde":{"messages":70,"messages_per_sec":0.0414,"leave_count":0,"network_address_changes":0},"0x04cd15fffe7ff98b":{"messages":1,"messages_per_sec":0.0008,"leave_count":0,"network_address_changes":0},"0x001788010649a073":{"messages":1,"messages_per_sec":0.002,"leave_count":0,"network_address_changes":0}}}'
[2026-06-08 02:51:04] info: 	z2m:mqtt: MQTT publish: topic 'zigbee2mqtt/Workshop Light', payload '{"brightness_rgb":112,"brightness_white":254,"color_mode_rgb":"xy","color_mode_white":"color_temp","color_rgb":{"x":0.313,"y":0.21},"color_temp_white":250,"device_temperature":36,"dimming_range_maximum":100,"dimming_range_minimum":1,"effect":null,"effect_speed":0,"identify":null,"level_config_white":{"off_transition_time":1.5,"on_transition_time":1.5},"linkquality":32,"off_on_duration":null,"on_off_duration":null,"power_on_behavior":null,"power_on_behaviour":"off","power_outage_count":48,"state":"OFF","state_rgb":"OFF","state_white":"OFF","update":{"installed_version":-1,"latest_version":-1,"state":null}}'
[2026-06-08 02:51:04] info: 	z2m:mqtt: MQTT publish: topic 'zigbee2mqtt/Workshop Light/white', payload '{"brightness":254,"color_mode":"color_temp","color_temp":250,"level_config":{"off_transition_time":1.5,"on_transition_time":1.5},"state":"OFF"}'
[2026-06-08 02:51:04] info: 	z2m:mqtt: MQTT publish: topic 'zigbee2mqtt/Workshop Light/rgb', payload '{"brightness":112,"color":{"x":0.313,"y":0.21},"color_mode":"xy","state":"OFF"}'
[2026-06-08 02:51:44] info: 	z2m:mqtt: MQTT publish: topic 'zigbee2mqtt/Alarm Keypad', payload '{"action_code":null,"action_transaction":null,"action_zone":null,"battery":100,"battery_low":false,"linkquality":32,"tamper":false,"update":{"installed_version":131078,"latest_release_notes":null,"latest_source":"https://raw.githubusercontent.com/Koenkk/zigbee-OTA/master/images/Develco/IntelligentKeyPad_2.0.5.zigbee","latest_version":131077,"state":"idle"},"voltage":5200}'
[2026-06-08 02:52:18] info: 	z2m:mqtt: MQTT publish: topic 'zigbee2mqtt/Philips Backyard Sensor', payload '{"battery":100,"illuminance":1,"led_indication":true,"linkquality":91,"motion_sensitivity":"high","occupancy":false,"occupancy_timeout":60,"temperature":21.38,"update":{"installed_version":1124103169,"latest_release_notes":null,"latest_source":"https://raw.githubusercontent.com/Koenkk/zigbee-OTA/master/images/Hue/Sensor-ATmega_0012.sbl-ota","latest_version":1124103169,"state":"idle"}}'
[2026-06-08 02:56:35] info: 	z2m:mqtt: MQTT publish: topic 'zigbee2mqtt/Alarm Keypad', payload '{"action_code":null,"action_transaction":null,"action_zone":null,"battery":100,"battery_low":false,"linkquality":32,"tamper":false,"update":{"installed_version":131078,"latest_release_notes":null,"latest_source":"https://raw.githubusercontent.com/Koenkk/zigbee-OTA/master/images/Develco/IntelligentKeyPad_2.0.5.zigbee","latest_version":131077,"state":"idle"},"voltage":5200}'
[2026-06-08 02:57:52] info: 	z2m:mqtt: MQTT publish: topic 'zigbee2mqtt/Workshop Light', payload '{"brightness_rgb":112,"brightness_white":254,"color_mode_rgb":"xy","color_mode_white":"color_temp","color_rgb":{"x":0.313,"y":0.21},"color_temp_white":250,"device_temperature":37,"dimming_range_maximum":100,"dimming_range_minimum":1,"effect":null,"effect_speed":0,"identify":null,"level_config_white":{"off_transition_time":1.5,"on_transition_time":1.5},"linkquality":36,"off_on_duration":null,"on_off_duration":null,"power_on_behavior":null,"power_on_behaviour":"off","power_outage_count":48,"state":"OFF","state_rgb":"OFF","state_white":"OFF","update":{"installed_version":-1,"latest_version":-1,"state":null}}'
[2026-06-08 02:57:52] info: 	z2m:mqtt: MQTT publish: topic 'zigbee2mqtt/Workshop Light/white', payload '{"brightness":254,"color_mode":"color_temp","color_temp":250,"level_config":{"off_transition_time":1.5,"on_transition_time":1.5},"state":"OFF"}'
[2026-06-08 02:57:52] info: 	z2m:mqtt: MQTT publish: topic 'zigbee2mqtt/Workshop Light/rgb', payload '{"brightness":112,"color":{"x":0.313,"y":0.21},"color_mode":"xy","state":"OFF"}'
[2026-06-08 02:58:19] info: 	z2m:mqtt: MQTT publish: topic 'zigbee2mqtt/Philips Backyard Sensor', payload '{"battery":100,"illuminance":1,"led_indication":true,"linkquality":87,"motion_sensitivity":"high","occupancy":false,"occupancy_timeout":60,"temperature":20.82,"update":{"installed_version":1124103169,"latest_release_notes":null,"latest_source":"https://raw.githubusercontent.com/Koenkk/zigbee-OTA/master/images/Hue/Sensor-ATmega_0012.sbl-ota","latest_version":1124103169,"state":"idle"}}'
[2026-06-08 03:00:00] info: 	z2m: Stopping Zigbee2MQTT (restart=false, code=0, signal=SIGTERM)
[2026-06-08 03:00:00] info: 	z2m:mqtt: MQTT publish: topic 'zigbee2mqtt/bridge/state', payload '{"state":"offline"}'
[2026-06-08 03:00:00] info: 	z2m: Disconnecting from MQTT server
[2026-06-08 03:00:00] info: 	z2m: Stopping zigbee-herdsman...
[2026-06-08 03:00:22] error: 	z2m: Failed to stop Zigbee2MQTT (TypeError: Cannot read properties of undefined (reading 'payload')
    at AdapterNvMemory.readExtendedTableEntry (/app/node_modules/.pnpm/zigbee-herdsman@10.1.0/node_modules/zigbee-herdsman/src/adapter/z-stack/adapter/adapter-nv-memory.ts:207:39)
    at AdapterNvMemory.readTable (/app/node_modules/.pnpm/zigbee-herdsman@10.1.0/node_modules/zigbee-herdsman/src/adapter/z-stack/adapter/adapter-nv-memory.ts:365:28)
    at AdapterBackup.getAddressManagerTable (/app/node_modules/.pnpm/zigbee-herdsman@10.1.0/node_modules/zigbee-herdsman/src/adapter/z-stack/adapter/adapter-backup.ts:449:20)
    at AdapterBackup.createBackup (/app/node_modules/.pnpm/zigbee-herdsman@10.1.0/node_modules/zigbee-herdsman/src/adapter/z-stack/adapter/adapter-backup.ts:95:37)
    at ZStackAdapter.backup (/app/node_modules/.pnpm/zigbee-herdsman@10.1.0/node_modules/zigbee-herdsman/src/adapter/z-stack/adapter/zStackAdapter.ts:1019:16)
    at Controller.backup (/app/node_modules/.pnpm/zigbee-herdsman@10.1.0/node_modules/zigbee-herdsman/src/controller/controller.ts:482:28)
    at Controller.stop (/app/node_modules/.pnpm/zigbee-herdsman@10.1.0/node_modules/zigbee-herdsman/src/controller/controller.ts:456:13)
    at Zigbee.stop (/app/lib/zigbee.ts:254:9)
    at Controller.stop (/app/lib/controller.ts:366:13)
    at stop (/app/index.js:168:5))
