[2025-11-29 15:18:51] info: 	z2m: Logging to console, file (filename: log.log)
[2025-11-29 15:18:52] info: 	z2m: Starting Zigbee2MQTT version 2.6.3 (commit #unknown)
[2025-11-29 15:18:52] info: 	z2m: Starting zigbee-herdsman (6.3.2)
[2025-11-29 15:18:52] info: 	zh:zstack:znp: Opening TCP socket with 192.168.87.68:6638
[2025-11-29 15:18:53] info: 	zh:zstack:znp: Socket connected
[2025-11-29 15:18:53] info: 	zh:zstack:znp: Socket ready
[2025-11-29 15:18:53] info: 	zh:zstack:znp: Writing CC2530/CC2531 skip bootloader payload
[2025-11-29 15:18:54] info: 	zh:zstack:znp: Skip bootloader for CC2652/CC1352
[2025-11-29 15:18:58] info: 	z2m: zigbee-herdsman started (resumed)
[2025-11-29 15:18:58] info: 	z2m: Coordinator firmware version: '{"meta":{"maintrel":1,"majorrel":2,"minorrel":7,"product":1,"revision":20240710,"transportrev":2},"type":"ZStack3x0"}'
[2025-11-29 15:18:58] info: 	z2m: Button 4 - Movie (0xb4e3f9fffe249e15): E1812 - IKEA TRADFRI shortcut button (EndDevice)
[2025-11-29 15:18:58] info: 	z2m: Smart Plug Z1 (0xa4c13812921dddfd): TS011F_plug_3 - Tuya Smart plug (with power monitoring by polling) (Router)
[2025-11-29 15:18:58] info: 	z2m: Button 3 - Workshop (0xb4e3f9fffe753317): E1812 - IKEA TRADFRI shortcut button (EndDevice)
[2025-11-29 15:18:58] info: 	z2m: Button 2 - Chandelier (0x04cd15fffe7ff98b): E1812 - IKEA TRADFRI shortcut button (EndDevice)
[2025-11-29 15:18:58] info: 	z2m: Button 1 - Kitchen (0x04cd15fffe268dcc): E1812 - IKEA TRADFRI shortcut button (EndDevice)
[2025-11-29 15:18:58] info: 	z2m: Cube (0x54ef4410006a43c7): CTP-R01 - Aqara Cube T1 Pro (EndDevice)
[2025-11-29 15:18:58] info: 	z2m: Philips Backyard Sensor (0x001788010649a073): 9290019758 - Philips Hue motion outdoor sensor (EndDevice)
[2025-11-29 15:18:58] info: 	z2m: Water Sensor 1 (0x5c0272fffebb9cde): TS0207_water_leak_detector_3 - Tuya Zigbee water leak sensor (EndDevice)
[2025-11-29 15:18:58] info: 	z2m: Alarm Keypad (0x0015bc0043006306): KEYZB-110 - Develco Keypad (EndDevice)
[2025-11-29 15:18:58] info: 	z2m: Alarm Repeater (0x0015bc0022000242): REXZB-111 - Frient Zigbee repeater with backup battery (Router)
[2025-11-29 15:18:58] info: 	z2m: Alarm Siren (0x0015bc0041007a25): SIRZB-111 - Develco Customizable siren (Router)
[2025-11-29 15:18:58] info: 	z2m: Workshop Light (0x54ef441000b757df): CL-L02D - Aqara Ceiling light T1M (EndDevice)
[2025-11-29 15:18:58] info: 	z2m: Currently 12 devices are joined.
[2025-11-29 15:18:58] info: 	z2m: Connecting to MQTT server at mqtt://core-mosquitto:1883
[2025-11-29 15:18:59] info: 	z2m: Connected to MQTT server
[2025-11-29 15:18:59] info: 	z2m:mqtt: MQTT publish: topic 'zigbee2mqtt/bridge/state', payload '{"state":"online"}'
[2025-11-29 15:18:59] info: 	z2m:mqtt: MQTT publish: topic 'zigbee2mqtt/Button 4 - Movie/availability', payload '{"state":"online"}'
[2025-11-29 15:18:59] info: 	z2m:mqtt: MQTT publish: topic 'zigbee2mqtt/Smart Plug Z1/availability', payload '{"state":"offline"}'
[2025-11-29 15:18:59] info: 	z2m:mqtt: MQTT publish: topic 'zigbee2mqtt/Button 3 - Workshop/availability', payload '{"state":"online"}'
[2025-11-29 15:18:59] info: 	z2m:mqtt: MQTT publish: topic 'zigbee2mqtt/Button 2 - Chandelier/availability', payload '{"state":"online"}'
[2025-11-29 15:18:59] info: 	z2m:mqtt: MQTT publish: topic 'zigbee2mqtt/Button 1 - Kitchen/availability', payload '{"state":"online"}'
[2025-11-29 15:18:59] info: 	z2m:mqtt: MQTT publish: topic 'zigbee2mqtt/Cube/availability', payload '{"state":"online"}'
[2025-11-29 15:19:00] info: 	z2m:mqtt: MQTT publish: topic 'zigbee2mqtt/Philips Backyard Sensor/availability', payload '{"state":"online"}'
[2025-11-29 15:19:00] info: 	z2m:mqtt: MQTT publish: topic 'zigbee2mqtt/Water Sensor 1/availability', payload '{"state":"online"}'
[2025-11-29 15:19:00] info: 	z2m:mqtt: MQTT publish: topic 'zigbee2mqtt/Alarm Keypad/availability', payload '{"state":"online"}'
[2025-11-29 15:19:00] info: 	z2m:mqtt: MQTT publish: topic 'zigbee2mqtt/Alarm Repeater/availability', payload '{"state":"offline"}'
[2025-11-29 15:19:00] info: 	z2m:mqtt: MQTT publish: topic 'zigbee2mqtt/Alarm Siren/availability', payload '{"state":"offline"}'
[2025-11-29 15:19:00] info: 	z2m:mqtt: MQTT publish: topic 'zigbee2mqtt/Workshop Light/availability', payload '{"state":"online"}'
[2025-11-29 15:19:00] info: 	z2m: Started frontend on port 8099
[2025-11-29 15:19:00] info: 	z2m:mqtt: MQTT publish: topic 'zigbee2mqtt/Button 4 - Movie', payload '{"battery":90,"identify":null,"linkquality":54,"update":{"installed_version":604241926,"latest_version":604241926,"state":"idle"}}'
[2025-11-29 15:19:00] info: 	z2m:mqtt: MQTT publish: topic 'zigbee2mqtt/Smart Plug Z1', payload '{"child_lock":"UNLOCK","countdown":0,"current":0,"energy":16.74,"indicator_mode":"off/on","linkquality":120,"power":0,"power_outage_memory":"off","state":"OFF","update":{"installed_version":192,"latest_version":192,"state":"idle"},"voltage":232}'
[2025-11-29 15:19:00] info: 	z2m:mqtt: MQTT publish: topic 'zigbee2mqtt/Button 3 - Workshop', payload '{"battery":50,"identify":null,"linkquality":54,"update":{"installed_version":604241926,"latest_version":604241926,"state":"idle"}}'
[2025-11-29 15:19:00] info: 	z2m:mqtt: MQTT publish: topic 'zigbee2mqtt/Button 2 - Chandelier', payload '{"battery":1,"identify":null,"linkquality":54,"update":{"installed_version":604241926,"latest_version":604241926,"state":"idle"}}'
[2025-11-29 15:19:00] info: 	z2m:mqtt: MQTT publish: topic 'zigbee2mqtt/Button 1 - Kitchen', payload '{"battery":75,"identify":null,"linkquality":87,"update":{"installed_version":604241926,"latest_version":604241926,"state":"idle"}}'
[2025-11-29 15:19:00] info: 	z2m:mqtt: MQTT publish: topic 'zigbee2mqtt/Cube', payload '{"action_angle":null,"action_from_side":null,"battery":58,"current":0,"linkquality":54,"operation_mode":"action_mode","power":2,"power_outage_count":159,"side":4,"update":{"installed_version":-1,"latest_version":-1,"state":null},"voltage":2937}'
[2025-11-29 15:19:00] info: 	z2m:mqtt: MQTT publish: topic 'zigbee2mqtt/Philips Backyard Sensor', payload '{"battery":15.5,"illuminance":1203,"led_indication":true,"linkquality":54,"motion_sensitivity":"high","occupancy":false,"occupancy_timeout":60,"temperature":15.73,"update":{"installed_version":1124102917,"latest_version":1124102917,"state":"idle"}}'
[2025-11-29 15:19:00] info: 	z2m:mqtt: MQTT publish: topic 'zigbee2mqtt/Water Sensor 1', payload '{"battery":70,"battery_low":false,"linkquality":3,"tamper":false,"voltage":2800,"water_leak":false}'
[2025-11-29 15:19:00] info: 	z2m:mqtt: MQTT publish: topic 'zigbee2mqtt/Alarm Keypad', payload '{"action_code":null,"action_transaction":null,"action_zone":null,"battery":100,"battery_low":false,"linkquality":54,"tamper":false,"update":{"installed_version":131077,"latest_version":131077,"state":"idle"},"voltage":5400}'
[2025-11-29 15:19:00] info: 	z2m:mqtt: MQTT publish: topic 'zigbee2mqtt/Alarm Repeater', payload '{"alarm_1":false,"alarm_2":false,"battery":null,"battery_low":true,"identify":null,"linkquality":47,"tamper":false}'
[2025-11-29 15:19:00] info: 	z2m:mqtt: MQTT publish: topic 'zigbee2mqtt/Alarm Siren', payload '{"ac_status":true,"alarm":false,"battery":null,"battery_low":true,"enrolled":true,"ias_cie_address":"0x00124b002e0e1c5f","linkquality":65,"max_duration":10,"restore_reports":true,"supervision_reports":true,"tamper":false,"test":false,"voltage":null,"zone_id":23}'
[2025-11-29 15:19:00] info: 	z2m:mqtt: MQTT publish: topic 'zigbee2mqtt/Workshop Light', payload '{"brightness_rgb":254,"brightness_white":254,"color_mode_rgb":"xy","color_rgb":{"x":0.313,"y":0.21},"device_temperature":27,"linkquality":54,"power_on_behaviour":"off","power_outage_count":33,"state":"OFF","state_rgb":"OFF","state_white":"OFF","update":{"installed_version":-1,"latest_version":-1,"state":null}}'
[2025-11-29 15:19:00] info: 	z2m:mqtt: MQTT publish: topic 'zigbee2mqtt/Workshop Light/white', payload '{"brightness":254,"state":"OFF"}'
[2025-11-29 15:19:00] info: 	z2m: Zigbee2MQTT started!
[2025-11-29 15:19:00] info: 	z2m:mqtt: MQTT publish: topic 'zigbee2mqtt/Workshop Light/rgb', payload '{"brightness":254,"color":{"x":0.313,"y":0.21},"color_mode":"xy","state":"OFF"}'
[2025-11-29 15:19:02] warning: 	z2m: Failed to ping 'Smart Plug Z1' (attempt 1/1, ZCL command 0xa4c13812921dddfd/1 genBasic.read(["zclVersion"], {"timeout":10000,"disableResponse":false,"disableRecovery":true,"disableDefaultResponse":true,"direction":0,"reservedBits":0,"writeUndiv":false}) failed (Data request failed with error: 'No network route' (205)))
[2025-11-29 15:19:05] info: 	z2m:mqtt: MQTT publish: topic 'homeassistant/binary_sensor/1221051039810110150109113116116_0x00124b002e0e1c5f/connection_state/config', payload '{"default_entity_id":"binary_sensor.zigbee2mqtt_bridge_connection_state","device":{"hw_version":"ZStack3x0 20240710","identifiers":["zigbee2mqtt_bridge_0x00124b002e0e1c5f"],"manufacturer":"Zigbee2MQTT","model":"Bridge","name":"Zigbee2MQTT Bridge","sw_version":"2.6.3"},"device_class":"connectivity","entity_category":"diagnostic","name":"Connection state","object_id":"zigbee2mqtt_bridge_connection_state","origin":{"name":"Zigbee2MQTT","sw":"2.6.3","url":"https://www.zigbee2mqtt.io"},"payload_off":"offline","payload_on":"online","state_topic":"zigbee2mqtt/bridge/state","unique_id":"bridge_0x00124b002e0e1c5f_connection_state_zigbee2mqtt","value_template":"{{ value_json.state }}"}'
[2025-11-29 15:19:06] warning: 	z2m: Failed to ping 'Alarm Repeater' (attempt 1/1, ZCL command 0x0015bc0022000242/37 genBasic.read(["zclVersion"], {"timeout":10000,"disableResponse":false,"disableRecovery":true,"disableDefaultResponse":true,"direction":0,"reservedBits":0,"writeUndiv":false}) failed (Data request failed with error: 'No network route' (205)))
[2025-11-29 15:19:09] warning: 	z2m: Failed to ping 'Alarm Siren' (attempt 1/1, ZCL command 0x0015bc0041007a25/43 genBasic.read(["zclVersion"], {"timeout":10000,"disableResponse":false,"disableRecovery":true,"disableDefaultResponse":true,"direction":0,"reservedBits":0,"writeUndiv":false}) failed (Data request failed with error: 'No network route' (205)))
[2025-11-29 15:19:12] info: 	z2m: Configuring 'Workshop Light'
[2025-11-29 15:19:12] error: 	z2m: Failed to configure 'Workshop Light', attempt 1 (Error: Device 0x54ef441000b757df has no input cluster manuSpecificLumi
    at getEndpointsWithCluster (/app/node_modules/.pnpm/zigbee-herdsman-converters@25.59.0/node_modules/zigbee-herdsman-converters/src/lib/modernExtend.ts:73:15)
    at configure (/app/node_modules/.pnpm/zigbee-herdsman-converters@25.59.0/node_modules/zigbee-herdsman-converters/src/lib/modernExtend.ts:238:29)
    at Object.configure (/app/node_modules/.pnpm/zigbee-herdsman-converters@25.59.0/node_modules/zigbee-herdsman-converters/src/index.ts:366:27)
    at processTicksAndRejections (node:internal/process/task_queues:105:5)
    at Configure.configure (/app/lib/extension/configure.ts:123:13)
    at EventEmitter.wrappedCallback (/app/lib/eventBus.ts:252:17))
[2025-11-29 15:19:19] info: 	z2m: Configuring 'Alarm Repeater'
[2025-11-29 15:19:29] error: 	z2m: Failed to configure 'Alarm Repeater', attempt 1 (Error: Bind 0x0015bc0022000242/37 genPowerCfg from '0x00124b002e0e1c5f/1' failed (AREQ - ZDO - bindRsp after 10000ms)
    at Object.start (/app/node_modules/.pnpm/zigbee-herdsman@6.3.2/node_modules/zigbee-herdsman/src/utils/waitress.ts:68:23)
    at func (/app/node_modules/.pnpm/zigbee-herdsman@6.3.2/node_modules/zigbee-herdsman/src/adapter/z-stack/adapter/zStackAdapter.ts:469:47)
    at processTicksAndRejections (node:internal/process/task_queues:105:5)
    at Queue.execute (/app/node_modules/.pnpm/zigbee-herdsman@6.3.2/node_modules/zigbee-herdsman/src/utils/queue.ts:36:20)
    at ZStackAdapter.sendZdoInternal (/app/node_modules/.pnpm/zigbee-herdsman@6.3.2/node_modules/zigbee-herdsman/src/adapter/z-stack/adapter/zStackAdapter.ts:474:43)
    at ZStackAdapter.sendZdo (/app/node_modules/.pnpm/zigbee-herdsman@6.3.2/node_modules/zigbee-herdsman/src/adapter/z-stack/adapter/zStackAdapter.ts:351:16)
    at Endpoint.bind (/app/node_modules/.pnpm/zigbee-herdsman@6.3.2/node_modules/zigbee-herdsman/src/controller/model/endpoint.ts:634:30)
    at setupAttributes (/app/node_modules/.pnpm/zigbee-herdsman-converters@25.59.0/node_modules/zigbee-herdsman-converters/src/lib/modernExtend.ts:181:13)
    at configure (/app/node_modules/.pnpm/zigbee-herdsman-converters@25.59.0/node_modules/zigbee-herdsman-converters/src/lib/modernExtend.ts:245:17)
    at Object.configure (/app/node_modules/.pnpm/zigbee-herdsman-converters@25.59.0/node_modules/zigbee-herdsman-converters/src/index.ts:366:21))
[2025-11-29 15:19:29] info: 	z2m: Configuring 'Workshop Light'
[2025-11-29 15:19:29] info: 	z2m:mqtt: MQTT publish: topic 'zigbee2mqtt/Workshop Light', payload '{"brightness_rgb":254,"brightness_white":254,"color_mode_rgb":"xy","color_rgb":{"x":0.313,"y":0.21},"device_temperature":26,"linkquality":54,"power_on_behaviour":"off","power_outage_count":36,"state":"OFF","state_rgb":"OFF","state_white":"OFF","update":{"installed_version":-1,"latest_version":-1,"state":null}}'
[2025-11-29 15:19:29] error: 	z2m: Failed to configure 'Workshop Light', attempt 2 (Error: Device 0x54ef441000b757df has no input cluster manuSpecificLumi
    at getEndpointsWithCluster (/app/node_modules/.pnpm/zigbee-herdsman-converters@25.59.0/node_modules/zigbee-herdsman-converters/src/lib/modernExtend.ts:73:15)
    at configure (/app/node_modules/.pnpm/zigbee-herdsman-converters@25.59.0/node_modules/zigbee-herdsman-converters/src/lib/modernExtend.ts:238:29)
    at Object.configure (/app/node_modules/.pnpm/zigbee-herdsman-converters@25.59.0/node_modules/zigbee-herdsman-converters/src/index.ts:366:27)
    at processTicksAndRejections (node:internal/process/task_queues:105:5)
    at Configure.configure (/app/lib/extension/configure.ts:123:13)
    at EventEmitter.wrappedCallback (/app/lib/eventBus.ts:252:17))
[2025-11-29 15:19:29] info: 	z2m:mqtt: MQTT publish: topic 'zigbee2mqtt/Workshop Light/white', payload '{"brightness":254,"state":"OFF"}'
[2025-11-29 15:19:29] info: 	z2m:mqtt: MQTT publish: topic 'zigbee2mqtt/Workshop Light/rgb', payload '{"brightness":254,"color":{"x":0.313,"y":0.21},"color_mode":"xy","state":"OFF"}'
[2025-11-29 15:19:30] info: 	z2m: Configuring 'Workshop Light'
[2025-11-29 15:19:30] error: 	z2m: Failed to configure 'Workshop Light', attempt 3 (Error: Device 0x54ef441000b757df has no input cluster manuSpecificLumi
    at getEndpointsWithCluster (/app/node_modules/.pnpm/zigbee-herdsman-converters@25.59.0/node_modules/zigbee-herdsman-converters/src/lib/modernExtend.ts:73:15)
    at configure (/app/node_modules/.pnpm/zigbee-herdsman-converters@25.59.0/node_modules/zigbee-herdsman-converters/src/lib/modernExtend.ts:238:29)
    at Object.configure (/app/node_modules/.pnpm/zigbee-herdsman-converters@25.59.0/node_modules/zigbee-herdsman-converters/src/index.ts:366:27)
    at processTicksAndRejections (node:internal/process/task_queues:105:5)
    at Configure.configure (/app/lib/extension/configure.ts:123:13)
    at EventEmitter.wrappedCallback (/app/lib/eventBus.ts:252:17))
[2025-11-29 15:19:39] info: 	z2m: Configuring 'Alarm Siren'
[2025-11-29 15:19:49] error: 	z2m: Failed to configure 'Alarm Siren', attempt 1 (Error: Bind 0x0015bc0041007a25/43 ssIasZone from '0x00124b002e0e1c5f/1' failed (AREQ - ZDO - bindRsp after 10000ms)
    at Object.start (/app/node_modules/.pnpm/zigbee-herdsman@6.3.2/node_modules/zigbee-herdsman/src/utils/waitress.ts:68:23)
    at func (/app/node_modules/.pnpm/zigbee-herdsman@6.3.2/node_modules/zigbee-herdsman/src/adapter/z-stack/adapter/zStackAdapter.ts:469:47)
    at processTicksAndRejections (node:internal/process/task_queues:105:5)
    at Queue.execute (/app/node_modules/.pnpm/zigbee-herdsman@6.3.2/node_modules/zigbee-herdsman/src/utils/queue.ts:36:20)
    at ZStackAdapter.sendZdoInternal (/app/node_modules/.pnpm/zigbee-herdsman@6.3.2/node_modules/zigbee-herdsman/src/adapter/z-stack/adapter/zStackAdapter.ts:474:43)
    at ZStackAdapter.sendZdo (/app/node_modules/.pnpm/zigbee-herdsman@6.3.2/node_modules/zigbee-herdsman/src/adapter/z-stack/adapter/zStackAdapter.ts:351:16)
    at Endpoint.bind (/app/node_modules/.pnpm/zigbee-herdsman@6.3.2/node_modules/zigbee-herdsman/src/controller/model/endpoint.ts:634:30)
    at Object.bind (/app/node_modules/.pnpm/zigbee-herdsman-converters@25.59.0/node_modules/zigbee-herdsman-converters/src/lib/reporting.ts:48:9)
    at configure (/app/node_modules/.pnpm/zigbee-herdsman-converters@25.59.0/node_modules/zigbee-herdsman-converters/src/devices/develco.ts:922:13)
    at Object.configure (/app/node_modules/.pnpm/zigbee-herdsman-converters@25.59.0/node_modules/zigbee-herdsman-converters/src/index.ts:366:21))
