[2024-05-10 01:06:22] info: 	z2m: Logging to console, file (filename: log.log)
[2024-05-10 01:06:22] info: 	z2m: Starting Zigbee2MQTT version 1.37.1 (commit #unknown)
[2024-05-10 01:06:22] info: 	z2m: Starting zigbee-herdsman (0.46.6)
[2024-05-10 01:06:23] info: 	zh:zstack:znp: Opening TCP socket with 192.168.87.68:6638
[2024-05-10 01:06:23] info: 	zh:zstack:znp: Socket connected
[2024-05-10 01:06:23] info: 	zh:zstack:znp: Socket ready
[2024-05-10 01:06:23] info: 	zh:zstack:znp: Writing CC2530/CC2531 skip bootloader payload
[2024-05-10 01:06:24] info: 	zh:zstack:znp: Skip bootloader for CC2652/CC1352
[2024-05-10 01:06:26] info: 	z2m: zigbee-herdsman started (resumed)
[2024-05-10 01:06:26] info: 	z2m: Coordinator firmware version: '{"meta":{"maintrel":1,"majorrel":2,"minorrel":7,"product":1,"revision":20230507,"transportrev":2},"type":"zStack3x0"}'
[2024-05-10 01:06:26] info: 	z2m: Set transmit power to '20'
[2024-05-10 01:06:26] info: 	z2m: Currently 8 devices are joined:
[2024-05-10 01:06:26] info: 	z2m: Button 4 - Movie (0xb4e3f9fffe249e15): E1812 - IKEA TRADFRI shortcut button (EndDevice)
[2024-05-10 01:06:26] info: 	z2m: Smart Plug Z1 (0xa4c13812921dddfd): A1Z - Nous Smart plug (with power monitoring) (Router)
[2024-05-10 01:06:26] info: 	z2m: Button 3 (0xb4e3f9fffe753317): E1812 - IKEA TRADFRI shortcut button (EndDevice)
[2024-05-10 01:06:26] info: 	z2m: Button 2 - Chandelier (0x04cd15fffe7ff98b): E1812 - IKEA TRADFRI shortcut button (EndDevice)
[2024-05-10 01:06:26] info: 	z2m: Button 1 (0x04cd15fffe268dcc): E1812 - IKEA TRADFRI shortcut button (EndDevice)
[2024-05-10 01:06:26] info: 	z2m: Cube (0x54ef4410006a43c7): CTP-R01 - Aqara Cube T1 Pro (EndDevice)
[2024-05-10 01:06:26] info: 	z2m: Philips Backyard Sensor (0x001788010649a073): 9290019758 - Philips Hue motion outdoor sensor (EndDevice)
[2024-05-10 01:06:26] info: 	z2m: Water Sensor 1 (0x5c0272fffebb9cde): TS0207_water_leak_detector_3 - TuYa Zigbee water leak sensor (EndDevice)
[2024-05-10 01:06:26] info: 	z2m: Zigbee: disabling joining new devices.
[2024-05-10 01:06:26] info: 	z2m: Connecting to MQTT server at mqtt://core-mosquitto:1883
[2024-05-10 01:06:27] info: 	z2m: Connected to MQTT server
[2024-05-10 01:06:28] info: 	z2m: Started frontend on port 8099
[2024-05-10 01:06:28] info: 	z2m: Zigbee2MQTT started!
[2024-05-10 02:23:24] info: 	z2m: Configuring 'Water Sensor 1'
[2024-05-10 02:23:49] error: 	z2m: Failed to configure 'Water Sensor 1', attempt 1 (Error: ZCL command 0x5c0272fffebb9cde/1 genPowerCfg.configReport([{"attribute":"batteryPercentageRemaining","minimumReportInterval":3600,"maximumReportInterval":65000,"reportableChange":0}], {"timeout":10000,"disableResponse":false,"disableRecovery":false,"disableDefaultResponse":true,"direction":0,"srcEndpoint":null,"reservedBits":0,"manufacturerCode":null,"transactionSequenceNumber":null,"writeUndiv":false}) failed (Timeout - 42265 - 1 - 4 - 1 - 7 after 10000ms)
    at Object.start (/app/node_modules/zigbee-herdsman/src/utils/waitress.ts:63:23)
    at ZStackAdapter.sendZclFrameToEndpointInternal (/app/node_modules/zigbee-herdsman/src/adapter/z-stack/adapter/zStackAdapter.ts:498:47)
    at processTicksAndRejections (node:internal/process/task_queues:95:5)
    at Queue.execute (/app/node_modules/zigbee-herdsman/src/utils/queue.ts:35:20)
    at Request.send (/app/node_modules/zigbee-herdsman/src/controller/helpers/request.ts:79:20)
    at Endpoint.zclCommand (/app/node_modules/zigbee-herdsman/src/controller/model/endpoint.ts:766:28)
    at Endpoint.configureReporting (/app/node_modules/zigbee-herdsman/src/controller/model/endpoint.ts:556:9)
    at Object.batteryPercentageRemaining (/app/node_modules/zigbee-herdsman-converters/src/lib/reporting.ts:59:5)
    at Object.configure (/app/node_modules/zigbee-herdsman-converters/src/devices/tuya.ts:1718:13)
    at Configure.configure (/app/lib/extension/configure.ts:121:13))
[2024-05-10 04:41:44] error: 	zh:controller:device: Default response to 0xa4c13812921dddfd failed
[2024-05-10 06:14:08] error: 	zh:controller:device: Default response to 0xa4c13812921dddfd failed
[2024-05-10 06:31:29] info: 	z2m: Configuring 'Water Sensor 1'
[2024-05-10 06:31:53] error: 	z2m: Failed to configure 'Water Sensor 1', attempt 2 (Error: ZCL command 0x5c0272fffebb9cde/1 genPowerCfg.configReport([{"attribute":"batteryPercentageRemaining","minimumReportInterval":3600,"maximumReportInterval":65000,"reportableChange":0}], {"timeout":10000,"disableResponse":false,"disableRecovery":false,"disableDefaultResponse":true,"direction":0,"srcEndpoint":null,"reservedBits":0,"manufacturerCode":null,"transactionSequenceNumber":null,"writeUndiv":false}) failed (Timeout - 42265 - 1 - 6 - 1 - 7 after 10000ms)
    at Object.start (/app/node_modules/zigbee-herdsman/src/utils/waitress.ts:63:23)
    at ZStackAdapter.sendZclFrameToEndpointInternal (/app/node_modules/zigbee-herdsman/src/adapter/z-stack/adapter/zStackAdapter.ts:498:47)
    at processTicksAndRejections (node:internal/process/task_queues:95:5)
    at Queue.execute (/app/node_modules/zigbee-herdsman/src/utils/queue.ts:35:20)
    at Request.send (/app/node_modules/zigbee-herdsman/src/controller/helpers/request.ts:79:20)
    at Endpoint.zclCommand (/app/node_modules/zigbee-herdsman/src/controller/model/endpoint.ts:766:28)
    at Endpoint.configureReporting (/app/node_modules/zigbee-herdsman/src/controller/model/endpoint.ts:556:9)
    at Object.batteryPercentageRemaining (/app/node_modules/zigbee-herdsman-converters/src/lib/reporting.ts:59:5)
    at Object.configure (/app/node_modules/zigbee-herdsman-converters/src/devices/tuya.ts:1718:13)
    at Configure.configure (/app/lib/extension/configure.ts:121:13))
[2024-05-10 06:46:41] error: 	zh:controller:device: Default response to 0xa4c13812921dddfd failed
[2024-05-10 07:17:08] error: 	zh:controller:device: Default response to 0xa4c13812921dddfd failed
[2024-05-10 07:27:38] error: 	zh:controller:device: Default response to 0xa4c13812921dddfd failed
[2024-05-10 09:05:17] error: 	zh:controller:device: Default response to 0xa4c13812921dddfd failed
[2024-05-10 09:10:32] error: 	zh:controller:device: Default response to 0xa4c13812921dddfd failed
[2024-05-10 09:59:53] error: 	zh:controller:device: Default response to 0x001788010649a073 failed
[2024-05-10 10:19:50] error: 	zh:controller:device: Default response to 0x001788010649a073 failed
[2024-05-10 10:39:34] info: 	z2m: Configuring 'Water Sensor 1'
[2024-05-10 10:39:58] error: 	z2m: Failed to configure 'Water Sensor 1', attempt 3 (Error: ZCL command 0x5c0272fffebb9cde/1 genPowerCfg.configReport([{"attribute":"batteryPercentageRemaining","minimumReportInterval":3600,"maximumReportInterval":65000,"reportableChange":0}], {"timeout":10000,"disableResponse":false,"disableRecovery":false,"disableDefaultResponse":true,"direction":0,"srcEndpoint":null,"reservedBits":0,"manufacturerCode":null,"transactionSequenceNumber":null,"writeUndiv":false}) failed (Timeout - 42265 - 1 - 7 - 1 - 7 after 10000ms)
    at Object.start (/app/node_modules/zigbee-herdsman/src/utils/waitress.ts:63:23)
    at ZStackAdapter.sendZclFrameToEndpointInternal (/app/node_modules/zigbee-herdsman/src/adapter/z-stack/adapter/zStackAdapter.ts:498:47)
    at processTicksAndRejections (node:internal/process/task_queues:95:5)
    at Queue.execute (/app/node_modules/zigbee-herdsman/src/utils/queue.ts:35:20)
    at Request.send (/app/node_modules/zigbee-herdsman/src/controller/helpers/request.ts:79:20)
    at Endpoint.zclCommand (/app/node_modules/zigbee-herdsman/src/controller/model/endpoint.ts:766:28)
    at Endpoint.configureReporting (/app/node_modules/zigbee-herdsman/src/controller/model/endpoint.ts:556:9)
    at Object.batteryPercentageRemaining (/app/node_modules/zigbee-herdsman-converters/src/lib/reporting.ts:59:5)
    at Object.configure (/app/node_modules/zigbee-herdsman-converters/src/devices/tuya.ts:1718:13)
    at Configure.configure (/app/lib/extension/configure.ts:121:13))
[2024-05-10 10:43:59] error: 	zh:controller:device: Default response to 0xa4c13812921dddfd failed
[2024-05-10 11:50:08] error: 	zh:controller:device: Default response to 0xa4c13812921dddfd failed
[2024-05-10 12:55:14] error: 	zh:controller:device: Default response to 0xa4c13812921dddfd failed
[2024-05-10 13:23:35] error: 	zh:controller:device: Default response to 0x001788010649a073 failed
[2024-05-10 14:15:03] error: 	zh:controller:device: Default response to 0xa4c13812921dddfd failed
[2024-05-10 15:10:42] error: 	zh:controller:device: Default response to 0xa4c13812921dddfd failed
[2024-05-10 15:15:57] error: 	zh:controller:device: Default response to 0xa4c13812921dddfd failed
[2024-05-10 15:16:03] error: 	zh:controller:device: Default response to 0x001788010649a073 failed
[2024-05-10 15:43:15] error: 	zh:controller:device: Default response to 0xa4c13812921dddfd failed
[2024-05-10 15:48:30] error: 	zh:controller:device: Default response to 0xa4c13812921dddfd failed
[2024-05-10 17:02:00] error: 	zh:controller:device: Default response to 0x001788010649a073 failed
[2024-05-10 17:02:06] error: 	zh:controller:device: Default response to 0x001788010649a073 failed
[2024-05-10 17:44:41] error: 	zh:controller:device: Handling of poll check-in from 0x04cd15fffe268dcc failed
[2024-05-10 17:51:21] error: 	zh:controller:device: Default response to 0x001788010649a073 failed
[2024-05-10 18:02:54] error: 	zh:controller:device: Default response to 0xa4c13812921dddfd failed
[2024-05-10 18:30:12] error: 	zh:controller:device: Default response to 0x001788010649a073 failed
[2024-05-10 18:49:06] error: 	zh:controller:device: Default response to 0xa4c13812921dddfd failed
[2024-05-10 19:29:00] error: 	zh:controller:device: Default response to 0xa4c13812921dddfd failed
[2024-05-10 21:00:21] error: 	zh:controller:device: Default response to 0xa4c13812921dddfd failed
[2024-05-10 21:42:21] error: 	zh:controller:device: Default response to 0xa4c13812921dddfd failed
[2024-05-10 21:57:03] error: 	zh:controller:device: Default response to 0xa4c13812921dddfd failed
[2024-05-11 00:14:37] error: 	zh:controller:device: Default response to 0xa4c13812921dddfd failed
[2024-05-11 00:25:07] error: 	zh:controller:device: Default response to 0xa4c13812921dddfd failed
[2024-05-11 00:30:22] error: 	zh:controller:device: Default response to 0xa4c13812921dddfd failed
[2024-05-11 00:47:10] error: 	zh:controller:device: Default response to 0xa4c13812921dddfd failed
[2024-05-11 01:06:43] info: 	zh:controller: Wrote coordinator backup to '/config/zigbee2mqtt/coordinator_backup.json'
