[2026-06-21 06:00:12] info: 	z2m: Logging to console, file (filename: log.log)
[2026-06-21 06:00:12] info: 	z2m: Starting Zigbee2MQTT version 2.12.0 (commit #unknown)
[2026-06-21 06:00:12] info: 	z2m: Starting zigbee-herdsman (10.4.0)
[2026-06-21 06:00:12] info: 	zh:zstack:znp: Opening TCP socket with 192.168.87.68:6638
[2026-06-21 06:00:12] info: 	zh:zstack:znp: Socket connected
[2026-06-21 06:00:12] info: 	zh:zstack:znp: Socket ready
[2026-06-21 06:00:12] info: 	zh:zstack:znp: Writing CC2530/CC2531 skip bootloader payload
[2026-06-21 06:00:13] info: 	zh:zstack:znp: Skip bootloader for CC2652/CC1352
[2026-06-21 06:00:13] info: 	z2m: zigbee-herdsman started (resumed)
[2026-06-21 06:00:13] info: 	z2m: Coordinator firmware version: '{"meta":{"maintrel":1,"majorrel":2,"minorrel":7,"product":1,"revision":20240710,"transportrev":2},"type":"ZStack3x0"}'
[2026-06-21 06:00:13] info: 	z2m: Button 4 - Movie (0xb4e3f9fffe249e15): E1812 - IKEA TRADFRI shortcut button (EndDevice)
[2026-06-21 06:00:13] info: 	z2m: Smart Plug Z1 (0xa4c13812921dddfd): A1Z - Nous Smart plug (with power monitoring) (Router)
[2026-06-21 06:00:13] info: 	z2m: Button 3 - Workshop (0xb4e3f9fffe753317): E1812 - IKEA TRADFRI shortcut button (EndDevice)
[2026-06-21 06:00:13] info: 	z2m: Button 2 - Chandelier (0x04cd15fffe7ff98b): E1812 - IKEA TRADFRI shortcut button (EndDevice)
[2026-06-21 06:00:13] info: 	z2m: Button 1 - Kitchen (0x04cd15fffe268dcc): E1812 - IKEA TRADFRI shortcut button (EndDevice)
[2026-06-21 06:00:13] info: 	z2m: Cube (0x54ef4410006a43c7): CTP-R01 - Aqara Cube T1 Pro (EndDevice)
[2026-06-21 06:00:13] info: 	z2m: Water Sensor 1 (0x5c0272fffebb9cde): TS0207_water_leak_detector_3 - Tuya Zigbee water leak sensor (EndDevice)
[2026-06-21 06:00:13] info: 	z2m: Alarm Keypad (0x0015bc0043006306): KEYZB-110 - Develco Keypad (EndDevice)
[2026-06-21 06:00:13] info: 	z2m: Alarm Repeater (0x0015bc0022000242): REXZB-111 - Develco Range extender with backup battery (Router)
[2026-06-21 06:00:13] info: 	z2m: Alarm Siren (0x0015bc0041007a25): SIRZB-111 - Develco Customizable siren (Router)
[2026-06-21 06:00:13] info: 	z2m: Workshop Light (0x54ef441000b757df): CL-L02D - Aqara Ceiling light T1M (EndDevice)
[2026-06-21 06:00:13] info: 	z2m: Kitchen Presence (0x54ef44100124a3ca): FP1E - Aqara Presence sensor (EndDevice)
[2026-06-21 06:00:13] info: 	z2m: Philips Backyard Sensor (0x001788010649a073): 9290019758 - Philips Hue motion outdoor sensor (EndDevice)
[2026-06-21 06:00:13] info: 	z2m: Currently 13 devices are joined.
[2026-06-21 06:00:13] info: 	z2m: Connecting to MQTT server at mqtt://core-mosquitto:1883
[2026-06-21 06:00:13] info: 	z2m: Connected to MQTT server
[2026-06-21 06:00:13] info: 	z2m:mqtt: MQTT publish: topic 'zigbee2mqtt/bridge/state', payload '{"state":"online"}'
[2026-06-21 06:00:13] info: 	z2m:mqtt: MQTT publish: topic 'zigbee2mqtt/Button 4 - Movie/availability', payload '{"state":"online"}'
[2026-06-21 06:00:13] info: 	z2m:mqtt: MQTT publish: topic 'zigbee2mqtt/Smart Plug Z1/availability', payload '{"state":"offline"}'
[2026-06-21 06:00:13] info: 	z2m:mqtt: MQTT publish: topic 'zigbee2mqtt/Button 3 - Workshop/availability', payload '{"state":"online"}'
[2026-06-21 06:00:13] info: 	z2m:mqtt: MQTT publish: topic 'zigbee2mqtt/Button 2 - Chandelier/availability', payload '{"state":"online"}'
[2026-06-21 06:00:13] info: 	z2m:mqtt: MQTT publish: topic 'zigbee2mqtt/Button 1 - Kitchen/availability', payload '{"state":"online"}'
[2026-06-21 06:00:13] info: 	z2m:mqtt: MQTT publish: topic 'zigbee2mqtt/Cube/availability', payload '{"state":"offline"}'
[2026-06-21 06:00:13] info: 	z2m:mqtt: MQTT publish: topic 'zigbee2mqtt/Water Sensor 1/availability', payload '{"state":"online"}'
[2026-06-21 06:00:14] info: 	z2m:mqtt: MQTT publish: topic 'zigbee2mqtt/Alarm Keypad/availability', payload '{"state":"online"}'
[2026-06-21 06:00:14] info: 	z2m:mqtt: MQTT publish: topic 'zigbee2mqtt/Alarm Repeater/availability', payload '{"state":"offline"}'
[2026-06-21 06:00:14] info: 	z2m:mqtt: MQTT publish: topic 'zigbee2mqtt/Alarm Siren/availability', payload '{"state":"offline"}'
[2026-06-21 06:00:14] info: 	z2m:mqtt: MQTT publish: topic 'zigbee2mqtt/Workshop Light/availability', payload '{"state":"online"}'
[2026-06-21 06:00:14] info: 	z2m:mqtt: MQTT publish: topic 'zigbee2mqtt/Kitchen Presence/availability', payload '{"state":"offline"}'
[2026-06-21 06:00:14] info: 	z2m:mqtt: MQTT publish: topic 'zigbee2mqtt/Philips Backyard Sensor/availability', payload '{"state":"online"}'
[2026-06-21 06:00:14] info: 	z2m: Started frontend on port 8099
[2026-06-21 06:00:14] info: 	z2m:mqtt: MQTT publish: topic 'zigbee2mqtt/Button 4 - Movie', payload '{"battery":90,"identify":null,"linkquality":87,"update":{"installed_version":604241926,"latest_release_notes":"Enables double-clicks.\r\nhttps://www.zigbee2mqtt.io/devices/E1812.html\r\nhttps://ww8.ikea.com/ikeahomesmart/releasenotes/releasenotes.html","latest_source":"https://raw.githubusercontent.com/Koenkk/zigbee-OTA/master/images/IKEA/tradfri-shortcut-button_release_prod_v604241926_56f5d8d1-78b1-4088-afc1-05d3b7e3314b.ota","latest_version":604241926,"state":"idle"}}'
[2026-06-21 06:00:14] info: 	z2m:mqtt: MQTT publish: topic 'zigbee2mqtt/Smart Plug Z1', payload '{"child_lock":"UNLOCK","countdown":0,"current":0,"energy":16.74,"identify":null,"indicator_mode":"off/on","linkquality":120,"power":0,"power_outage_memory":"off","state":"OFF","switch_type_button":null,"update":{"installed_version":-1,"latest_version":-1,"state":null},"voltage":232}'
[2026-06-21 06:00:14] info: 	z2m:mqtt: MQTT publish: topic 'zigbee2mqtt/Button 3 - Workshop', payload '{"battery":90,"identify":null,"linkquality":29,"update":{"installed_version":604241926,"latest_release_notes":"Enables double-clicks.\r\nhttps://www.zigbee2mqtt.io/devices/E1812.html\r\nhttps://ww8.ikea.com/ikeahomesmart/releasenotes/releasenotes.html","latest_source":"https://raw.githubusercontent.com/Koenkk/zigbee-OTA/master/images/IKEA/tradfri-shortcut-button_release_prod_v604241926_56f5d8d1-78b1-4088-afc1-05d3b7e3314b.ota","latest_version":604241926,"state":"idle"}}'
[2026-06-21 06:00:14] info: 	z2m:mqtt: MQTT publish: topic 'zigbee2mqtt/Button 2 - Chandelier', payload '{"battery":30,"identify":null,"linkquality":109,"update":{"installed_version":604241926,"latest_release_notes":"Enables double-clicks.\r\nhttps://www.zigbee2mqtt.io/devices/E1812.html\r\nhttps://ww8.ikea.com/ikeahomesmart/releasenotes/releasenotes.html","latest_source":"https://raw.githubusercontent.com/Koenkk/zigbee-OTA/master/images/IKEA/tradfri-shortcut-button_release_prod_v604241926_56f5d8d1-78b1-4088-afc1-05d3b7e3314b.ota","latest_version":604241926,"state":"idle"}}'
[2026-06-21 06:00:14] info: 	z2m:mqtt: MQTT publish: topic 'zigbee2mqtt/Button 1 - Kitchen', payload '{"battery":90,"identify":null,"linkquality":87,"update":{"installed_version":604241926,"latest_release_notes":"Enables double-clicks.\r\nhttps://www.zigbee2mqtt.io/devices/E1812.html\r\nhttps://ww8.ikea.com/ikeahomesmart/releasenotes/releasenotes.html","latest_source":"https://raw.githubusercontent.com/Koenkk/zigbee-OTA/master/images/IKEA/tradfri-shortcut-button_release_prod_v604241926_56f5d8d1-78b1-4088-afc1-05d3b7e3314b.ota","latest_version":604241926,"state":"idle"}}'
[2026-06-21 06:00:14] info: 	z2m:mqtt: MQTT publish: topic 'zigbee2mqtt/Cube', payload '{"action_angle":null,"action_from_side":null,"battery":39,"current":0,"linkquality":131,"operation_mode":"action_mode","power":2,"power_outage_count":160,"side":4,"update":{"installed_version":-1,"latest_version":-1,"state":null},"voltage":2909}'
[2026-06-21 06:00:14] info: 	z2m:mqtt: MQTT publish: topic 'zigbee2mqtt/Water Sensor 1', payload '{"battery":70,"battery_low":false,"linkquality":36,"tamper":false,"voltage":2800,"water_leak":false}'
[2026-06-21 06:00:14] info: 	z2m:mqtt: MQTT publish: topic 'zigbee2mqtt/Alarm Keypad', payload '{"action_code":null,"action_transaction":null,"action_zone":null,"battery":100,"battery_low":false,"linkquality":58,"tamper":false,"update":{"installed_version":131078,"latest_release_notes":null,"latest_source":"https://raw.githubusercontent.com/Koenkk/zigbee-OTA/master/images/Develco/IntelligentKeyPad_2.0.5.zigbee","latest_version":131077,"state":"idle"},"voltage":5100}'
[2026-06-21 06:00:14] info: 	z2m:mqtt: MQTT publish: topic 'zigbee2mqtt/Alarm Repeater', payload '{"ac_connected":null,"alarm_1":false,"alarm_2":false,"battery":null,"battery_defect":null,"battery_low":true,"identify":null,"led_control":null,"linkquality":47,"tamper":false,"tx_power":null,"update":{"installed_version":-1,"latest_version":-1,"state":null},"voltage":null,"zone_status_interval":null}'
[2026-06-21 06:00:14] info: 	z2m:mqtt: MQTT publish: topic 'zigbee2mqtt/Alarm Siren', payload '{"ac_status":true,"alarm":false,"battery":null,"battery_low":true,"enrolled":true,"ias_cie_address":"0x00124b002e0e1c5f","linkquality":65,"max_duration":10,"restore_reports":true,"supervision_reports":true,"tamper":false,"test":false,"voltage":null,"warning":null,"zone_id":23}'
[2026-06-21 06:00:14] info: 	z2m:mqtt: MQTT publish: topic 'zigbee2mqtt/Workshop Light', payload '{"brightness_rgb":112,"brightness_white":254,"color_mode_rgb":"xy","color_mode_white":"color_temp","color_rgb":{"x":0.313,"y":0.21},"color_temp_white":250,"device_temperature":37,"dimming_range_maximum":100,"dimming_range_minimum":1,"effect":null,"effect_speed":0,"identify":null,"level_config_white":{"off_transition_time":1.5,"on_transition_time":1.5},"linkquality":58,"off_on_duration":null,"on_off_duration":null,"power_on_behavior":null,"power_on_behaviour":"off","power_outage_count":51,"state":"OFF","state_rgb":"OFF","state_white":"OFF","update":{"installed_version":-1,"latest_version":-1,"state":null}}'
[2026-06-21 06:00:14] info: 	z2m:mqtt: MQTT publish: topic 'zigbee2mqtt/Workshop Light/white', payload '{"brightness":254,"color_mode":"color_temp","color_temp":250,"level_config":{"off_transition_time":1.5,"on_transition_time":1.5},"state":"OFF"}'
[2026-06-21 06:00:14] info: 	z2m:mqtt: MQTT publish: topic 'zigbee2mqtt/Kitchen Presence', payload '{"ai_interference_source_selfidentification":"ON","ai_sensitivity_adaptive":"ON","detection_range":6,"device_temperature":28,"identify":null,"linkquality":65,"motion_sensitivity":null,"movement":"movement","power_outage_count":3,"presence":true,"restart_device":null,"spatial_learning":null,"target_distance":0.15,"update":{"installed_version":29,"latest_release_notes":null,"latest_source":"https://raw.githubusercontent.com/Koenkk/zigbee-OTA/master/images/Aqara/20250827143703_lumi.sensor_occupy.agl1_0.0.0_0029_20250804_33D437.ota","latest_version":29,"state":"idle"}}'
[2026-06-21 06:00:14] info: 	z2m:mqtt: MQTT publish: topic 'zigbee2mqtt/Workshop Light/rgb', payload '{"brightness":112,"color":{"x":0.313,"y":0.21},"color_mode":"xy","state":"OFF"}'
[2026-06-21 06:00:14] info: 	z2m:mqtt: MQTT publish: topic 'zigbee2mqtt/Philips Backyard Sensor', payload '{"battery":100,"illuminance":1,"led_indication":true,"linkquality":61,"motion_sensitivity":"high","occupancy":false,"occupancy_timeout":60,"temperature":25.34,"update":{"installed_version":1124103169,"latest_release_notes":null,"latest_source":"https://raw.githubusercontent.com/Koenkk/zigbee-OTA/master/images/Hue/Sensor-ATmega_0012.sbl-ota","latest_version":1124103169,"state":"idle"}}'
[2026-06-21 06:00:14] info: 	z2m: Zigbee2MQTT started!
[2026-06-21 06:00:15] warning: 	z2m: Failed to ping 'Smart Plug Z1' (attempt 1/1, ZCL command 0xa4c13812921dddfd/1 genBasic.read(["zclVersion"], {"timeout":10000,"disableResponse":false,"disableRecovery":true,"disableDefaultResponse":true,"direction":0,"reservedBits":0,"writeUndiv":false,"sendPolicy":"immediate"}) failed (Data request failed with error: 'NWK_NO_ROUTE' (0xcd)))
[2026-06-21 06:00:19] warning: 	z2m: Failed to ping 'Alarm Repeater' (attempt 1/1, ZCL command 0x0015bc0022000242/37 genBasic.read(["zclVersion"], {"timeout":10000,"disableResponse":false,"disableRecovery":true,"disableDefaultResponse":true,"direction":0,"reservedBits":0,"writeUndiv":false,"sendPolicy":"immediate"}) failed (Data request failed with error: 'NWK_NO_ROUTE' (0xcd)))
[2026-06-21 06:00:19] info: 	z2m:mqtt: MQTT publish: topic 'homeassistant/binary_sensor/1221051039810110150109113116116_0x00124b002e0e1c5f/connection_state/config', payload '{"default_entity_id":"binary_sensor.zigbee2mqtt_bridge_connection_state","device":{"hw_version":"ZStack3x0 20240710","identifiers":["zigbee2mqtt_bridge_0x00124b002e0e1c5f"],"manufacturer":"Zigbee2MQTT","model":"Bridge","name":"Zigbee2MQTT Bridge","sw_version":"2.12.0"},"device_class":"connectivity","entity_category":"diagnostic","name":"Connection state","object_id":"zigbee2mqtt_bridge_connection_state","origin":{"name":"Zigbee2MQTT","sw":"2.12.0","url":"https://www.zigbee2mqtt.io"},"payload_off":"offline","payload_on":"online","state_topic":"zigbee2mqtt/bridge/state","unique_id":"bridge_0x00124b002e0e1c5f_connection_state_zigbee2mqtt","value_template":"{{ value_json.state }}"}'
[2026-06-21 06:00:22] warning: 	z2m: Failed to ping 'Alarm Siren' (attempt 1/1, ZCL command 0x0015bc0041007a25/43 genBasic.read(["zclVersion"], {"timeout":10000,"disableResponse":false,"disableRecovery":true,"disableDefaultResponse":true,"direction":0,"reservedBits":0,"writeUndiv":false,"sendPolicy":"immediate"}) failed (Data request failed with error: 'NWK_NO_ROUTE' (0xcd)))
[2026-06-21 06:00:26] warning: 	z2m: Failed to ping 'Kitchen Presence' (attempt 1/1, ZCL command 0x54ef44100124a3ca/1 genBasic.read(["zclVersion"], {"timeout":10000,"disableResponse":false,"disableRecovery":true,"disableDefaultResponse":true,"direction":0,"reservedBits":0,"writeUndiv":false,"sendPolicy":"immediate"}) failed (Data request failed with error: 'NWK_NO_ROUTE' (0xcd)))
[2026-06-21 06:00:33] info: 	z2m: Configuring 'Alarm Repeater'
[2026-06-21 06:00:34] info: 	z2m:mqtt: MQTT publish: topic 'zigbee2mqtt/Button 3 - Workshop', payload '{"battery":90,"identify":null,"linkquality":43,"update":{"installed_version":604241926,"latest_release_notes":"Enables double-clicks.\r\nhttps://www.zigbee2mqtt.io/devices/E1812.html\r\nhttps://ww8.ikea.com/ikeahomesmart/releasenotes/releasenotes.html","latest_source":"https://raw.githubusercontent.com/Koenkk/zigbee-OTA/master/images/IKEA/tradfri-shortcut-button_release_prod_v604241926_56f5d8d1-78b1-4088-afc1-05d3b7e3314b.ota","latest_version":604241926,"state":"idle"}}'
[2026-06-21 06:00:43] error: 	z2m: Failed to configure 'Alarm Repeater', attempt 1 (Error: Bind 0x0015bc0022000242/37 genPowerCfg from '0x00124b002e0e1c5f/1' failed (AREQ - ZDO - bindRsp after 10000ms)
    at Object.start (/app/node_modules/.pnpm/zigbee-herdsman@10.4.0/node_modules/zigbee-herdsman/src/utils/waitress.ts:68:23)
    at func (/app/node_modules/.pnpm/zigbee-herdsman@10.4.0/node_modules/zigbee-herdsman/src/adapter/z-stack/adapter/zStackAdapter.ts:449:47)
    at processTicksAndRejections (node:internal/process/task_queues:103:5)
    at Queue.execute (/app/node_modules/.pnpm/zigbee-herdsman@10.4.0/node_modules/zigbee-herdsman/src/utils/queue.ts:38:20)
    at ZStackAdapter.sendZdoInternal (/app/node_modules/.pnpm/zigbee-herdsman@10.4.0/node_modules/zigbee-herdsman/src/adapter/z-stack/adapter/zStackAdapter.ts:454:43)
    at ZStackAdapter.sendZdo (/app/node_modules/.pnpm/zigbee-herdsman@10.4.0/node_modules/zigbee-herdsman/src/adapter/z-stack/adapter/zStackAdapter.ts:331:16)
    at Endpoint.bind (/app/node_modules/.pnpm/zigbee-herdsman@10.4.0/node_modules/zigbee-herdsman/src/controller/model/endpoint.ts:731:30)
    at Object.bind (/app/node_modules/.pnpm/zigbee-herdsman-converters@26.63.0/node_modules/zigbee-herdsman-converters/src/lib/reporting.ts:48:9)
    at configure (/app/node_modules/.pnpm/zigbee-herdsman-converters@26.63.0/node_modules/zigbee-herdsman-converters/src/devices/develco.ts:1173:13)
    at Object.configure (/app/node_modules/.pnpm/zigbee-herdsman-converters@26.63.0/node_modules/zigbee-herdsman-converters/src/index.ts:363:21))
[2026-06-21 06:00:53] info: 	z2m: Configuring 'Alarm Siren'
[2026-06-21 06:01:03] error: 	z2m: Failed to configure 'Alarm Siren', attempt 1 (Error: Bind 0x0015bc0041007a25/43 ssIasZone from '0x00124b002e0e1c5f/1' failed (AREQ - ZDO - bindRsp after 10000ms)
    at Object.start (/app/node_modules/.pnpm/zigbee-herdsman@10.4.0/node_modules/zigbee-herdsman/src/utils/waitress.ts:68:23)
    at func (/app/node_modules/.pnpm/zigbee-herdsman@10.4.0/node_modules/zigbee-herdsman/src/adapter/z-stack/adapter/zStackAdapter.ts:449:47)
    at processTicksAndRejections (node:internal/process/task_queues:103:5)
    at Queue.execute (/app/node_modules/.pnpm/zigbee-herdsman@10.4.0/node_modules/zigbee-herdsman/src/utils/queue.ts:38:20)
    at ZStackAdapter.sendZdoInternal (/app/node_modules/.pnpm/zigbee-herdsman@10.4.0/node_modules/zigbee-herdsman/src/adapter/z-stack/adapter/zStackAdapter.ts:454:43)
    at ZStackAdapter.sendZdo (/app/node_modules/.pnpm/zigbee-herdsman@10.4.0/node_modules/zigbee-herdsman/src/adapter/z-stack/adapter/zStackAdapter.ts:331:16)
    at Endpoint.bind (/app/node_modules/.pnpm/zigbee-herdsman@10.4.0/node_modules/zigbee-herdsman/src/controller/model/endpoint.ts:731:30)
    at Object.bind (/app/node_modules/.pnpm/zigbee-herdsman-converters@26.63.0/node_modules/zigbee-herdsman-converters/src/lib/reporting.ts:48:9)
    at configure (/app/node_modules/.pnpm/zigbee-herdsman-converters@26.63.0/node_modules/zigbee-herdsman-converters/src/devices/develco.ts:995:13)
    at Object.configure (/app/node_modules/.pnpm/zigbee-herdsman-converters@26.63.0/node_modules/zigbee-herdsman-converters/src/index.ts:363:21))
[2026-06-21 06:04:29] info: 	z2m: Configuring 'Workshop Light'
[2026-06-21 06:04:29] info: 	z2m:mqtt: MQTT publish: topic 'zigbee2mqtt/Workshop Light', payload '{"brightness_rgb":112,"brightness_white":254,"color_mode_rgb":"xy","color_mode_white":"color_temp","color_rgb":{"x":0.313,"y":0.21},"color_temp_white":250,"device_temperature":38,"dimming_range_maximum":100,"dimming_range_minimum":1,"effect":null,"effect_speed":0,"identify":null,"level_config_white":{"off_transition_time":1.5,"on_transition_time":1.5},"linkquality":43,"off_on_duration":null,"on_off_duration":null,"power_on_behavior":null,"power_on_behaviour":"off","power_outage_count":51,"state":"OFF","state_rgb":"OFF","state_white":"OFF","update":{"installed_version":-1,"latest_version":-1,"state":null}}'
[2026-06-21 06:04:29] info: 	z2m:mqtt: MQTT publish: topic 'zigbee2mqtt/Workshop Light/white', payload '{"brightness":254,"color_mode":"color_temp","color_temp":250,"level_config":{"off_transition_time":1.5,"on_transition_time":1.5},"state":"OFF"}'
[2026-06-21 06:04:29] info: 	z2m:mqtt: MQTT publish: topic 'zigbee2mqtt/Workshop Light/rgb', payload '{"brightness":112,"color":{"x":0.313,"y":0.21},"color_mode":"xy","state":"OFF"}'
[2026-06-21 06:04:29] info: 	z2m:mqtt: MQTT publish: topic 'zigbee2mqtt/Workshop Light', payload '{"brightness_rgb":112,"brightness_white":254,"color_mode_rgb":"xy","color_mode_white":"color_temp","color_rgb":{"x":0.313,"y":0.21},"color_temp_white":250,"device_temperature":38,"dimming_range_maximum":100,"dimming_range_minimum":1,"effect":null,"effect_speed":0,"identify":null,"level_config_white":{"off_transition_time":1.5,"on_transition_time":1.5},"linkquality":43,"off_on_duration":null,"on_off_duration":null,"power_on_behavior":null,"power_on_behaviour":"off","power_outage_count":51,"state":"OFF","state_rgb":"OFF","state_white":"OFF","update":{"installed_version":-1,"latest_version":-1,"state":null}}'
[2026-06-21 06:04:29] info: 	z2m:mqtt: MQTT publish: topic 'zigbee2mqtt/Workshop Light/white', payload '{"brightness":254,"color_mode":"color_temp","color_temp":250,"level_config":{"off_transition_time":1.5,"on_transition_time":1.5},"state":"OFF"}'
[2026-06-21 06:04:29] info: 	z2m:mqtt: MQTT publish: topic 'zigbee2mqtt/Workshop Light/rgb', payload '{"brightness":112,"color":{"x":0.313,"y":0.21},"color_mode":"xy","state":"OFF"}'
[2026-06-21 06:04:29] info: 	z2m:mqtt: MQTT publish: topic 'zigbee2mqtt/Workshop Light', payload '{"brightness_rgb":112,"brightness_white":254,"color_mode_rgb":"xy","color_mode_white":"color_temp","color_rgb":{"x":0.313,"y":0.21},"color_temp_white":250,"device_temperature":38,"dimming_range_maximum":100,"dimming_range_minimum":1,"effect":null,"effect_speed":0,"identify":null,"level_config_white":{"off_transition_time":1.5,"on_transition_time":1.5},"linkquality":43,"off_on_duration":null,"on_off_duration":null,"power_on_behavior":null,"power_on_behaviour":"off","power_outage_count":51,"state":"OFF","state_rgb":"OFF","state_white":"OFF","update":{"installed_version":-1,"latest_version":-1,"state":null}}'
[2026-06-21 06:04:29] info: 	z2m:mqtt: MQTT publish: topic 'zigbee2mqtt/Workshop Light/white', payload '{"brightness":254,"color_mode":"color_temp","color_temp":250,"level_config":{"off_transition_time":1.5,"on_transition_time":1.5},"state":"OFF"}'
[2026-06-21 06:04:29] info: 	z2m:mqtt: MQTT publish: topic 'zigbee2mqtt/Workshop Light/rgb', payload '{"brightness":112,"color":{"x":0.313,"y":0.21},"color_mode":"xy","state":"OFF"}'
[2026-06-21 06:04:29] info: 	z2m:mqtt: MQTT publish: topic 'zigbee2mqtt/Workshop Light', payload '{"brightness_rgb":112,"brightness_white":254,"color_mode_rgb":"xy","color_mode_white":"color_temp","color_rgb":{"x":0.313,"y":0.21},"color_temp_white":250,"device_temperature":38,"dimming_range_maximum":100,"dimming_range_minimum":1,"effect":null,"effect_speed":0,"identify":null,"level_config_white":{"off_transition_time":1.5,"on_transition_time":1.5},"linkquality":43,"off_on_duration":null,"on_off_duration":null,"power_on_behavior":null,"power_on_behaviour":"off","power_outage_count":51,"state":"OFF","state_rgb":"OFF","state_white":"OFF","update":{"installed_version":-1,"latest_version":-1,"state":null}}'
[2026-06-21 06:04:29] info: 	z2m:mqtt: MQTT publish: topic 'zigbee2mqtt/Workshop Light/white', payload '{"brightness":254,"color_mode":"color_temp","color_temp":250,"level_config":{"off_transition_time":1.5,"on_transition_time":1.5},"state":"OFF"}'
[2026-06-21 06:04:29] info: 	z2m:mqtt: MQTT publish: topic 'zigbee2mqtt/Workshop Light/rgb', payload '{"brightness":112,"color":{"x":0.313,"y":0.21},"color_mode":"xy","state":"OFF"}'
[2026-06-21 06:04:29] info: 	z2m:mqtt: MQTT publish: topic 'zigbee2mqtt/Workshop Light', payload '{"brightness_rgb":112,"brightness_white":254,"color_mode_rgb":"xy","color_mode_white":"color_temp","color_rgb":{"x":0.313,"y":0.21},"color_temp_white":250,"device_temperature":38,"dimming_range_maximum":100,"dimming_range_minimum":1,"effect":null,"effect_speed":0,"identify":null,"level_config_white":{"off_transition_time":1.5,"on_transition_time":1.5},"linkquality":43,"off_on_duration":null,"on_off_duration":null,"power_on_behavior":null,"power_on_behaviour":"off","power_outage_count":51,"state":"OFF","state_rgb":"OFF","state_white":"OFF","update":{"installed_version":-1,"latest_version":-1,"state":null}}'
[2026-06-21 06:04:29] info: 	z2m:mqtt: MQTT publish: topic 'zigbee2mqtt/Workshop Light/white', payload '{"brightness":254,"color_mode":"color_temp","color_temp":250,"level_config":{"off_transition_time":1.5,"on_transition_time":1.5},"state":"OFF"}'
[2026-06-21 06:04:29] info: 	z2m:mqtt: MQTT publish: topic 'zigbee2mqtt/Workshop Light/rgb', payload '{"brightness":112,"color":{"x":0.313,"y":0.21},"color_mode":"xy","state":"OFF"}'
[2026-06-21 06:04:29] info: 	z2m:mqtt: MQTT publish: topic 'zigbee2mqtt/Workshop Light', payload '{"brightness_rgb":112,"brightness_white":254,"color_mode_rgb":"xy","color_mode_white":"color_temp","color_rgb":{"x":0.313,"y":0.21},"color_temp_white":250,"device_temperature":38,"dimming_range_maximum":100,"dimming_range_minimum":1,"effect":null,"effect_speed":0,"identify":null,"level_config_white":{"off_transition_time":1.5,"on_transition_time":1.5},"linkquality":43,"off_on_duration":null,"on_off_duration":null,"power_on_behavior":null,"power_on_behaviour":"off","power_outage_count":51,"state":"OFF","state_rgb":"OFF","state_white":"OFF","update":{"installed_version":-1,"latest_version":-1,"state":null}}'
[2026-06-21 06:04:29] info: 	z2m:mqtt: MQTT publish: topic 'zigbee2mqtt/Workshop Light/white', payload '{"brightness":254,"color_mode":"color_temp","color_temp":250,"level_config":{"off_transition_time":1.5,"on_transition_time":1.5},"state":"OFF"}'
[2026-06-21 06:04:29] info: 	z2m:mqtt: MQTT publish: topic 'zigbee2mqtt/Workshop Light/rgb', payload '{"brightness":112,"color":{"x":0.313,"y":0.21},"color_mode":"xy","state":"OFF"}'
[2026-06-21 06:04:29] error: 	z2m: Failed to configure 'Workshop Light', attempt 1 (Error: Device 0x54ef441000b757df has no input cluster manuSpecificLumi
    at getEndpointsWithCluster (/app/node_modules/.pnpm/zigbee-herdsman-converters@26.63.0/node_modules/zigbee-herdsman-converters/src/lib/utils.ts:755:15)
    at configure (/app/node_modules/.pnpm/zigbee-herdsman-converters@26.63.0/node_modules/zigbee-herdsman-converters/src/lib/modernExtend.ts:228:52)
    at Object.configure (/app/node_modules/.pnpm/zigbee-herdsman-converters@26.63.0/node_modules/zigbee-herdsman-converters/src/index.ts:363:27)
    at processTicksAndRejections (node:internal/process/task_queues:103:5)
    at Configure.configure (/app/lib/extension/configure.ts:135:13)
    at EventEmitter.wrappedCallback (/app/lib/eventBus.ts:252:17))
[2026-06-21 06:04:33] info: 	z2m:mqtt: MQTT publish: topic 'zigbee2mqtt/Button 4 - Movie', payload '{"battery":90,"identify":null,"linkquality":72,"update":{"installed_version":604241926,"latest_release_notes":"Enables double-clicks.\r\nhttps://www.zigbee2mqtt.io/devices/E1812.html\r\nhttps://ww8.ikea.com/ikeahomesmart/releasenotes/releasenotes.html","latest_source":"https://raw.githubusercontent.com/Koenkk/zigbee-OTA/master/images/IKEA/tradfri-shortcut-button_release_prod_v604241926_56f5d8d1-78b1-4088-afc1-05d3b7e3314b.ota","latest_version":604241926,"state":"idle"}}'
[2026-06-21 06:04:42] info: 	z2m:mqtt: MQTT publish: topic 'zigbee2mqtt/Alarm Keypad', payload '{"action_code":null,"action_transaction":null,"action_zone":null,"battery":100,"battery_low":false,"linkquality":43,"tamper":false,"update":{"installed_version":131078,"latest_release_notes":null,"latest_source":"https://raw.githubusercontent.com/Koenkk/zigbee-OTA/master/images/Develco/IntelligentKeyPad_2.0.5.zigbee","latest_version":131077,"state":"idle"},"voltage":5100}'
[2026-06-21 06:05:02] info: 	z2m:mqtt: MQTT publish: topic 'zigbee2mqtt/Philips Backyard Sensor', payload '{"battery":100,"illuminance":2,"led_indication":true,"linkquality":54,"motion_sensitivity":"high","occupancy":false,"occupancy_timeout":60,"temperature":25.34,"update":{"installed_version":1124103169,"latest_release_notes":null,"latest_source":"https://raw.githubusercontent.com/Koenkk/zigbee-OTA/master/images/Hue/Sensor-ATmega_0012.sbl-ota","latest_version":1124103169,"state":"idle"}}'
[2026-06-21 06:09:42] info: 	z2m:mqtt: MQTT publish: topic 'zigbee2mqtt/Alarm Keypad', payload '{"action_code":null,"action_transaction":null,"action_zone":null,"battery":100,"battery_low":false,"linkquality":43,"tamper":false,"update":{"installed_version":131078,"latest_release_notes":null,"latest_source":"https://raw.githubusercontent.com/Koenkk/zigbee-OTA/master/images/Develco/IntelligentKeyPad_2.0.5.zigbee","latest_version":131077,"state":"idle"},"voltage":5100}'
[2026-06-21 06:10:02] info: 	z2m:mqtt: MQTT publish: topic 'zigbee2mqtt/Philips Backyard Sensor', payload '{"battery":100,"illuminance":5,"led_indication":true,"linkquality":51,"motion_sensitivity":"high","occupancy":false,"occupancy_timeout":60,"temperature":25.34,"update":{"installed_version":1124103169,"latest_release_notes":null,"latest_source":"https://raw.githubusercontent.com/Koenkk/zigbee-OTA/master/images/Hue/Sensor-ATmega_0012.sbl-ota","latest_version":1124103169,"state":"idle"}}'
[2026-06-21 06:10:14] info: 	z2m:mqtt: MQTT publish: topic 'zigbee2mqtt/bridge/health', payload '{"response_time":1782015014297,"os":{"load_average":[0.06,0.09,0.08],"memory_used_mb":3858.18,"memory_percent":12.2832},"process":{"uptime_sec":602,"memory_used_mb":132.57,"memory_percent":0.4221},"mqtt":{"connected":true,"queued":0,"published":125,"received":160},"devices":{"0xb4e3f9fffe753317":{"messages":1,"messages_per_sec":0.0017,"leave_count":0,"network_address_changes":0},"0x54ef441000b757df":{"messages":10,"messages_per_sec":0.029,"leave_count":0,"network_address_changes":0},"0xb4e3f9fffe249e15":{"messages":1,"messages_per_sec":0.0029,"leave_count":0,"network_address_changes":0},"0x0015bc0043006306":{"messages":3,"messages_per_sec":0.009,"leave_count":0,"network_address_changes":0},"0x001788010649a073":{"messages":2,"messages_per_sec":0.0064,"leave_count":0,"network_address_changes":0}}}'
[2026-06-21 06:10:49] info: 	z2m: Configuring 'Workshop Light'
[2026-06-21 06:10:49] info: 	z2m:mqtt: MQTT publish: topic 'zigbee2mqtt/Workshop Light', payload '{"brightness_rgb":112,"brightness_white":254,"color_mode_rgb":"xy","color_mode_white":"color_temp","color_rgb":{"x":0.313,"y":0.21},"color_temp_white":250,"device_temperature":38,"dimming_range_maximum":100,"dimming_range_minimum":1,"effect":null,"effect_speed":0,"identify":null,"level_config_white":{"off_transition_time":1.5,"on_transition_time":1.5},"linkquality":43,"off_on_duration":null,"on_off_duration":null,"power_on_behavior":null,"power_on_behaviour":"off","power_outage_count":51,"state":"OFF","state_rgb":"OFF","state_white":"OFF","update":{"installed_version":-1,"latest_version":-1,"state":null}}'
[2026-06-21 06:10:49] info: 	z2m:mqtt: MQTT publish: topic 'zigbee2mqtt/Workshop Light/white', payload '{"brightness":254,"color_mode":"color_temp","color_temp":250,"level_config":{"off_transition_time":1.5,"on_transition_time":1.5},"state":"OFF"}'
[2026-06-21 06:10:49] info: 	z2m:mqtt: MQTT publish: topic 'zigbee2mqtt/Workshop Light/rgb', payload '{"brightness":112,"color":{"x":0.313,"y":0.21},"color_mode":"xy","state":"OFF"}'
[2026-06-21 06:10:49] info: 	z2m:mqtt: MQTT publish: topic 'zigbee2mqtt/Workshop Light', payload '{"brightness_rgb":112,"brightness_white":254,"color_mode_rgb":"xy","color_mode_white":"color_temp","color_rgb":{"x":0.313,"y":0.21},"color_temp_white":250,"device_temperature":38,"dimming_range_maximum":100,"dimming_range_minimum":1,"effect":null,"effect_speed":0,"identify":null,"level_config_white":{"off_transition_time":1.5,"on_transition_time":1.5},"linkquality":43,"off_on_duration":null,"on_off_duration":null,"power_on_behavior":null,"power_on_behaviour":"off","power_outage_count":51,"state":"OFF","state_rgb":"OFF","state_white":"OFF","update":{"installed_version":-1,"latest_version":-1,"state":null}}'
[2026-06-21 06:10:49] info: 	z2m:mqtt: MQTT publish: topic 'zigbee2mqtt/Workshop Light/white', payload '{"brightness":254,"color_mode":"color_temp","color_temp":250,"level_config":{"off_transition_time":1.5,"on_transition_time":1.5},"state":"OFF"}'
[2026-06-21 06:10:49] info: 	z2m:mqtt: MQTT publish: topic 'zigbee2mqtt/Workshop Light/rgb', payload '{"brightness":112,"color":{"x":0.313,"y":0.21},"color_mode":"xy","state":"OFF"}'
[2026-06-21 06:10:50] info: 	z2m:mqtt: MQTT publish: topic 'zigbee2mqtt/Workshop Light', payload '{"brightness_rgb":112,"brightness_white":254,"color_mode_rgb":"xy","color_mode_white":"color_temp","color_rgb":{"x":0.313,"y":0.21},"color_temp_white":250,"device_temperature":38,"dimming_range_maximum":100,"dimming_range_minimum":1,"effect":null,"effect_speed":0,"identify":null,"level_config_white":{"off_transition_time":1.5,"on_transition_time":1.5},"linkquality":43,"off_on_duration":null,"on_off_duration":null,"power_on_behavior":null,"power_on_behaviour":"off","power_outage_count":51,"state":"OFF","state_rgb":"OFF","state_white":"OFF","update":{"installed_version":-1,"latest_version":-1,"state":null}}'
[2026-06-21 06:10:50] info: 	z2m:mqtt: MQTT publish: topic 'zigbee2mqtt/Workshop Light/white', payload '{"brightness":254,"color_mode":"color_temp","color_temp":250,"level_config":{"off_transition_time":1.5,"on_transition_time":1.5},"state":"OFF"}'
[2026-06-21 06:10:50] info: 	z2m:mqtt: MQTT publish: topic 'zigbee2mqtt/Workshop Light/rgb', payload '{"brightness":112,"color":{"x":0.313,"y":0.21},"color_mode":"xy","state":"OFF"}'
[2026-06-21 06:10:50] info: 	z2m:mqtt: MQTT publish: topic 'zigbee2mqtt/Workshop Light', payload '{"brightness_rgb":112,"brightness_white":254,"color_mode_rgb":"xy","color_mode_white":"color_temp","color_rgb":{"x":0.313,"y":0.21},"color_temp_white":250,"device_temperature":38,"dimming_range_maximum":100,"dimming_range_minimum":1,"effect":null,"effect_speed":0,"identify":null,"level_config_white":{"off_transition_time":1.5,"on_transition_time":1.5},"linkquality":43,"off_on_duration":null,"on_off_duration":null,"power_on_behavior":null,"power_on_behaviour":"off","power_outage_count":51,"state":"OFF","state_rgb":"OFF","state_white":"OFF","update":{"installed_version":-1,"latest_version":-1,"state":null}}'
[2026-06-21 06:10:50] info: 	z2m:mqtt: MQTT publish: topic 'zigbee2mqtt/Workshop Light/white', payload '{"brightness":254,"color_mode":"color_temp","color_temp":250,"level_config":{"off_transition_time":1.5,"on_transition_time":1.5},"state":"OFF"}'
[2026-06-21 06:10:50] info: 	z2m:mqtt: MQTT publish: topic 'zigbee2mqtt/Workshop Light/rgb', payload '{"brightness":112,"color":{"x":0.313,"y":0.21},"color_mode":"xy","state":"OFF"}'
[2026-06-21 06:10:50] info: 	z2m:mqtt: MQTT publish: topic 'zigbee2mqtt/Workshop Light', payload '{"brightness_rgb":112,"brightness_white":254,"color_mode_rgb":"xy","color_mode_white":"color_temp","color_rgb":{"x":0.313,"y":0.21},"color_temp_white":250,"device_temperature":38,"dimming_range_maximum":100,"dimming_range_minimum":1,"effect":null,"effect_speed":0,"identify":null,"level_config_white":{"off_transition_time":1.5,"on_transition_time":1.5},"linkquality":43,"off_on_duration":null,"on_off_duration":null,"power_on_behavior":null,"power_on_behaviour":"off","power_outage_count":51,"state":"OFF","state_rgb":"OFF","state_white":"OFF","update":{"installed_version":-1,"latest_version":-1,"state":null}}'
[2026-06-21 06:10:50] info: 	z2m:mqtt: MQTT publish: topic 'zigbee2mqtt/Workshop Light/white', payload '{"brightness":254,"color_mode":"color_temp","color_temp":250,"level_config":{"off_transition_time":1.5,"on_transition_time":1.5},"state":"OFF"}'
[2026-06-21 06:10:50] info: 	z2m:mqtt: MQTT publish: topic 'zigbee2mqtt/Workshop Light/rgb', payload '{"brightness":112,"color":{"x":0.313,"y":0.21},"color_mode":"xy","state":"OFF"}'
[2026-06-21 06:10:50] info: 	z2m:mqtt: MQTT publish: topic 'zigbee2mqtt/Workshop Light', payload '{"brightness_rgb":112,"brightness_white":254,"color_mode_rgb":"xy","color_mode_white":"color_temp","color_rgb":{"x":0.313,"y":0.21},"color_temp_white":250,"device_temperature":38,"dimming_range_maximum":100,"dimming_range_minimum":1,"effect":null,"effect_speed":0,"identify":null,"level_config_white":{"off_transition_time":1.5,"on_transition_time":1.5},"linkquality":43,"off_on_duration":null,"on_off_duration":null,"power_on_behavior":null,"power_on_behaviour":"off","power_outage_count":51,"state":"OFF","state_rgb":"OFF","state_white":"OFF","update":{"installed_version":-1,"latest_version":-1,"state":null}}'
[2026-06-21 06:10:50] info: 	z2m:mqtt: MQTT publish: topic 'zigbee2mqtt/Workshop Light/white', payload '{"brightness":254,"color_mode":"color_temp","color_temp":250,"level_config":{"off_transition_time":1.5,"on_transition_time":1.5},"state":"OFF"}'
[2026-06-21 06:10:50] info: 	z2m:mqtt: MQTT publish: topic 'zigbee2mqtt/Workshop Light/rgb', payload '{"brightness":112,"color":{"x":0.313,"y":0.21},"color_mode":"xy","state":"OFF"}'
[2026-06-21 06:10:50] error: 	z2m: Failed to configure 'Workshop Light', attempt 2 (Error: Device 0x54ef441000b757df has no input cluster manuSpecificLumi
    at getEndpointsWithCluster (/app/node_modules/.pnpm/zigbee-herdsman-converters@26.63.0/node_modules/zigbee-herdsman-converters/src/lib/utils.ts:755:15)
    at configure (/app/node_modules/.pnpm/zigbee-herdsman-converters@26.63.0/node_modules/zigbee-herdsman-converters/src/lib/modernExtend.ts:228:52)
    at Object.configure (/app/node_modules/.pnpm/zigbee-herdsman-converters@26.63.0/node_modules/zigbee-herdsman-converters/src/index.ts:363:27)
    at processTicksAndRejections (node:internal/process/task_queues:103:5)
    at Configure.configure (/app/lib/extension/configure.ts:135:13)
    at EventEmitter.wrappedCallback (/app/lib/eventBus.ts:252:17))
[2026-06-21 06:14:42] info: 	z2m:mqtt: MQTT publish: topic 'zigbee2mqtt/Alarm Keypad', payload '{"action_code":null,"action_transaction":null,"action_zone":null,"battery":100,"battery_low":false,"linkquality":43,"tamper":false,"update":{"installed_version":131078,"latest_release_notes":null,"latest_source":"https://raw.githubusercontent.com/Koenkk/zigbee-OTA/master/images/Develco/IntelligentKeyPad_2.0.5.zigbee","latest_version":131077,"state":"idle"},"voltage":5100}'
[2026-06-21 06:15:02] info: 	z2m:mqtt: MQTT publish: topic 'zigbee2mqtt/Philips Backyard Sensor', payload '{"battery":100,"illuminance":7,"led_indication":true,"linkquality":54,"motion_sensitivity":"high","occupancy":false,"occupancy_timeout":60,"temperature":25.34,"update":{"installed_version":1124103169,"latest_release_notes":null,"latest_source":"https://raw.githubusercontent.com/Koenkk/zigbee-OTA/master/images/Hue/Sensor-ATmega_0012.sbl-ota","latest_version":1124103169,"state":"idle"}}'
[2026-06-21 06:17:05] info: 	z2m: Configuring 'Workshop Light'
[2026-06-21 06:17:06] info: 	z2m:mqtt: MQTT publish: topic 'zigbee2mqtt/Workshop Light', payload '{"brightness_rgb":112,"brightness_white":254,"color_mode_rgb":"xy","color_mode_white":"color_temp","color_rgb":{"x":0.313,"y":0.21},"color_temp_white":250,"device_temperature":38,"dimming_range_maximum":100,"dimming_range_minimum":1,"effect":null,"effect_speed":0,"identify":null,"level_config_white":{"off_transition_time":1.5,"on_transition_time":1.5},"linkquality":43,"off_on_duration":null,"on_off_duration":null,"power_on_behavior":null,"power_on_behaviour":"off","power_outage_count":51,"state":"OFF","state_rgb":"OFF","state_white":"OFF","update":{"installed_version":-1,"latest_version":-1,"state":null}}'
[2026-06-21 06:17:06] info: 	z2m:mqtt: MQTT publish: topic 'zigbee2mqtt/Workshop Light/white', payload '{"brightness":254,"color_mode":"color_temp","color_temp":250,"level_config":{"off_transition_time":1.5,"on_transition_time":1.5},"state":"OFF"}'
[2026-06-21 06:17:06] info: 	z2m:mqtt: MQTT publish: topic 'zigbee2mqtt/Workshop Light/rgb', payload '{"brightness":112,"color":{"x":0.313,"y":0.21},"color_mode":"xy","state":"OFF"}'
[2026-06-21 06:17:06] info: 	z2m:mqtt: MQTT publish: topic 'zigbee2mqtt/Workshop Light', payload '{"brightness_rgb":112,"brightness_white":254,"color_mode_rgb":"xy","color_mode_white":"color_temp","color_rgb":{"x":0.313,"y":0.21},"color_temp_white":250,"device_temperature":38,"dimming_range_maximum":100,"dimming_range_minimum":1,"effect":null,"effect_speed":0,"identify":null,"level_config_white":{"off_transition_time":1.5,"on_transition_time":1.5},"linkquality":47,"off_on_duration":null,"on_off_duration":null,"power_on_behavior":null,"power_on_behaviour":"off","power_outage_count":51,"state":"OFF","state_rgb":"OFF","state_white":"OFF","update":{"installed_version":-1,"latest_version":-1,"state":null}}'
[2026-06-21 06:17:06] info: 	z2m:mqtt: MQTT publish: topic 'zigbee2mqtt/Workshop Light/white', payload '{"brightness":254,"color_mode":"color_temp","color_temp":250,"level_config":{"off_transition_time":1.5,"on_transition_time":1.5},"state":"OFF"}'
[2026-06-21 06:17:06] info: 	z2m:mqtt: MQTT publish: topic 'zigbee2mqtt/Workshop Light/rgb', payload '{"brightness":112,"color":{"x":0.313,"y":0.21},"color_mode":"xy","state":"OFF"}'
[2026-06-21 06:17:06] info: 	z2m:mqtt: MQTT publish: topic 'zigbee2mqtt/Workshop Light', payload '{"brightness_rgb":112,"brightness_white":254,"color_mode_rgb":"xy","color_mode_white":"color_temp","color_rgb":{"x":0.313,"y":0.21},"color_temp_white":250,"device_temperature":38,"dimming_range_maximum":100,"dimming_range_minimum":1,"effect":null,"effect_speed":0,"identify":null,"level_config_white":{"off_transition_time":1.5,"on_transition_time":1.5},"linkquality":43,"off_on_duration":null,"on_off_duration":null,"power_on_behavior":null,"power_on_behaviour":"off","power_outage_count":51,"state":"OFF","state_rgb":"OFF","state_white":"OFF","update":{"installed_version":-1,"latest_version":-1,"state":null}}'
[2026-06-21 06:17:06] info: 	z2m:mqtt: MQTT publish: topic 'zigbee2mqtt/Workshop Light/white', payload '{"brightness":254,"color_mode":"color_temp","color_temp":250,"level_config":{"off_transition_time":1.5,"on_transition_time":1.5},"state":"OFF"}'
[2026-06-21 06:17:06] info: 	z2m:mqtt: MQTT publish: topic 'zigbee2mqtt/Workshop Light/rgb', payload '{"brightness":112,"color":{"x":0.313,"y":0.21},"color_mode":"xy","state":"OFF"}'
[2026-06-21 06:17:06] info: 	z2m:mqtt: MQTT publish: topic 'zigbee2mqtt/Workshop Light', payload '{"brightness_rgb":112,"brightness_white":254,"color_mode_rgb":"xy","color_mode_white":"color_temp","color_rgb":{"x":0.313,"y":0.21},"color_temp_white":250,"device_temperature":38,"dimming_range_maximum":100,"dimming_range_minimum":1,"effect":null,"effect_speed":0,"identify":null,"level_config_white":{"off_transition_time":1.5,"on_transition_time":1.5},"linkquality":43,"off_on_duration":null,"on_off_duration":null,"power_on_behavior":null,"power_on_behaviour":"off","power_outage_count":51,"state":"OFF","state_rgb":"OFF","state_white":"OFF","update":{"installed_version":-1,"latest_version":-1,"state":null}}'
[2026-06-21 06:17:06] info: 	z2m:mqtt: MQTT publish: topic 'zigbee2mqtt/Workshop Light/white', payload '{"brightness":254,"color_mode":"color_temp","color_temp":250,"level_config":{"off_transition_time":1.5,"on_transition_time":1.5},"state":"OFF"}'
[2026-06-21 06:17:06] info: 	z2m:mqtt: MQTT publish: topic 'zigbee2mqtt/Workshop Light/rgb', payload '{"brightness":112,"color":{"x":0.313,"y":0.21},"color_mode":"xy","state":"OFF"}'
[2026-06-21 06:17:06] info: 	z2m:mqtt: MQTT publish: topic 'zigbee2mqtt/Workshop Light', payload '{"brightness_rgb":112,"brightness_white":254,"color_mode_rgb":"xy","color_mode_white":"color_temp","color_rgb":{"x":0.313,"y":0.21},"color_temp_white":250,"device_temperature":38,"dimming_range_maximum":100,"dimming_range_minimum":1,"effect":null,"effect_speed":0,"identify":null,"level_config_white":{"off_transition_time":1.5,"on_transition_time":1.5},"linkquality":43,"off_on_duration":null,"on_off_duration":null,"power_on_behavior":null,"power_on_behaviour":"off","power_outage_count":51,"state":"OFF","state_rgb":"OFF","state_white":"OFF","update":{"installed_version":-1,"latest_version":-1,"state":null}}'
[2026-06-21 06:17:06] info: 	z2m:mqtt: MQTT publish: topic 'zigbee2mqtt/Workshop Light/white', payload '{"brightness":254,"color_mode":"color_temp","color_temp":250,"level_config":{"off_transition_time":1.5,"on_transition_time":1.5},"state":"OFF"}'
[2026-06-21 06:17:06] info: 	z2m:mqtt: MQTT publish: topic 'zigbee2mqtt/Workshop Light/rgb', payload '{"brightness":112,"color":{"x":0.313,"y":0.21},"color_mode":"xy","state":"OFF"}'
[2026-06-21 06:17:06] error: 	z2m: Failed to configure 'Workshop Light', attempt 3 (Error: Device 0x54ef441000b757df has no input cluster manuSpecificLumi
    at getEndpointsWithCluster (/app/node_modules/.pnpm/zigbee-herdsman-converters@26.63.0/node_modules/zigbee-herdsman-converters/src/lib/utils.ts:755:15)
    at configure (/app/node_modules/.pnpm/zigbee-herdsman-converters@26.63.0/node_modules/zigbee-herdsman-converters/src/lib/modernExtend.ts:228:52)
    at Object.configure (/app/node_modules/.pnpm/zigbee-herdsman-converters@26.63.0/node_modules/zigbee-herdsman-converters/src/index.ts:363:27)
    at processTicksAndRejections (node:internal/process/task_queues:103:5)
    at Configure.configure (/app/lib/extension/configure.ts:135:13)
    at EventEmitter.wrappedCallback (/app/lib/eventBus.ts:252:17))
[2026-06-21 06:18:35] info: 	z2m:mqtt: MQTT publish: topic 'zigbee2mqtt/Workshop Light', payload '{"brightness_rgb":112,"brightness_white":254,"color_mode_rgb":"xy","color_mode_white":"color_temp","color_rgb":{"x":0.313,"y":0.21},"color_temp_white":250,"device_temperature":37,"dimming_range_maximum":100,"dimming_range_minimum":1,"effect":null,"effect_speed":0,"identify":null,"level_config_white":{"off_transition_time":1.5,"on_transition_time":1.5},"linkquality":47,"off_on_duration":null,"on_off_duration":null,"power_on_behavior":null,"power_on_behaviour":"off","power_outage_count":51,"state":"OFF","state_rgb":"OFF","state_white":"OFF","update":{"installed_version":-1,"latest_version":-1,"state":null}}'
[2026-06-21 06:18:35] info: 	z2m:mqtt: MQTT publish: topic 'zigbee2mqtt/Workshop Light/white', payload '{"brightness":254,"color_mode":"color_temp","color_temp":250,"level_config":{"off_transition_time":1.5,"on_transition_time":1.5},"state":"OFF"}'
[2026-06-21 06:18:35] info: 	z2m:mqtt: MQTT publish: topic 'zigbee2mqtt/Workshop Light/rgb', payload '{"brightness":112,"color":{"x":0.313,"y":0.21},"color_mode":"xy","state":"OFF"}'
[2026-06-21 06:19:42] info: 	z2m:mqtt: MQTT publish: topic 'zigbee2mqtt/Alarm Keypad', payload '{"action_code":null,"action_transaction":null,"action_zone":null,"battery":100,"battery_low":false,"linkquality":43,"tamper":false,"update":{"installed_version":131078,"latest_release_notes":null,"latest_source":"https://raw.githubusercontent.com/Koenkk/zigbee-OTA/master/images/Develco/IntelligentKeyPad_2.0.5.zigbee","latest_version":131077,"state":"idle"},"voltage":5100}'
[2026-06-21 06:20:00] info: 	z2m:mqtt: MQTT publish: topic 'zigbee2mqtt/Philips Backyard Sensor', payload '{"battery":100,"illuminance":7,"led_indication":true,"linkquality":54,"motion_sensitivity":"high","occupancy":false,"occupancy_timeout":60,"temperature":25.34,"update":{"installed_version":1124103169,"latest_release_notes":null,"latest_source":"https://raw.githubusercontent.com/Koenkk/zigbee-OTA/master/images/Hue/Sensor-ATmega_0012.sbl-ota","latest_version":1124103169,"state":"idle"}}'
[2026-06-21 06:20:01] info: 	z2m:mqtt: MQTT publish: topic 'zigbee2mqtt/Philips Backyard Sensor', payload '{"battery":100,"illuminance":13,"led_indication":true,"linkquality":54,"motion_sensitivity":"high","occupancy":false,"occupancy_timeout":60,"temperature":25.34,"update":{"installed_version":1124103169,"latest_release_notes":null,"latest_source":"https://raw.githubusercontent.com/Koenkk/zigbee-OTA/master/images/Hue/Sensor-ATmega_0012.sbl-ota","latest_version":1124103169,"state":"idle"}}'
[2026-06-21 06:20:14] info: 	z2m:mqtt: MQTT publish: topic 'zigbee2mqtt/bridge/health', payload '{"response_time":1782015614296,"os":{"load_average":[0.21,0.07,0.07],"memory_used_mb":3849.64,"memory_percent":12.256},"process":{"uptime_sec":1202,"memory_used_mb":133.17,"memory_percent":0.424},"mqtt":{"connected":true,"queued":0,"published":213,"received":160},"devices":{"0xb4e3f9fffe753317":{"messages":1,"messages_per_sec":0.0008,"leave_count":0,"network_address_changes":0},"0x54ef441000b757df":{"messages":31,"messages_per_sec":0.0328,"leave_count":0,"network_address_changes":0},"0xb4e3f9fffe249e15":{"messages":1,"messages_per_sec":0.0011,"leave_count":0,"network_address_changes":0},"0x0015bc0043006306":{"messages":5,"messages_per_sec":0.0054,"leave_count":0,"network_address_changes":0},"0x001788010649a073":{"messages":5,"messages_per_sec":0.0055,"leave_count":0,"network_address_changes":0}}}'
[2026-06-21 06:20:26] warning: 	z2m: Failed to ping 'Alarm Siren' (attempt 1/1, ZCL command 0x0015bc0041007a25/43 genBasic.read(["zclVersion"], {"timeout":10000,"disableResponse":false,"disableRecovery":true,"disableDefaultResponse":true,"direction":0,"reservedBits":0,"writeUndiv":false,"sendPolicy":"immediate"}) failed (Data request failed with error: 'NWK_NO_ROUTE' (0xcd)))
[2026-06-21 06:20:37] warning: 	z2m: Failed to ping 'Alarm Repeater' (attempt 1/1, ZCL command 0x0015bc0022000242/37 genBasic.read(["zclVersion"], {"timeout":10000,"disableResponse":false,"disableRecovery":true,"disableDefaultResponse":true,"direction":0,"reservedBits":0,"writeUndiv":false,"sendPolicy":"immediate"}) failed (Data request failed with error: 'NWK_NO_ROUTE' (0xcd)))
[2026-06-21 06:20:39] info: 	z2m:mqtt: MQTT publish: topic 'zigbee2mqtt/Philips Backyard Sensor', payload '{"battery":100,"illuminance":13,"led_indication":true,"linkquality":54,"motion_sensitivity":"high","occupancy":false,"occupancy_timeout":60,"temperature":25.05,"update":{"installed_version":1124103169,"latest_release_notes":null,"latest_source":"https://raw.githubusercontent.com/Koenkk/zigbee-OTA/master/images/Hue/Sensor-ATmega_0012.sbl-ota","latest_version":1124103169,"state":"idle"}}'
[2026-06-21 06:20:41] warning: 	z2m: Failed to ping 'Kitchen Presence' (attempt 1/1, ZCL command 0x54ef44100124a3ca/1 genBasic.read(["zclVersion"], {"timeout":10000,"disableResponse":false,"disableRecovery":true,"disableDefaultResponse":true,"direction":0,"reservedBits":0,"writeUndiv":false,"sendPolicy":"immediate"}) failed (Data request failed with error: 'NWK_NO_ROUTE' (0xcd)))
[2026-06-21 06:21:19] warning: 	z2m: Failed to ping 'Smart Plug Z1' (attempt 1/1, ZCL command 0xa4c13812921dddfd/1 genBasic.read(["zclVersion"], {"timeout":10000,"disableResponse":false,"disableRecovery":true,"disableDefaultResponse":true,"direction":0,"reservedBits":0,"writeUndiv":false,"sendPolicy":"immediate"}) failed (Data request failed with error: 'NWK_NO_ROUTE' (0xcd)))
[2026-06-21 06:24:42] info: 	z2m:mqtt: MQTT publish: topic 'zigbee2mqtt/Alarm Keypad', payload '{"action_code":null,"action_transaction":null,"action_zone":null,"battery":100,"battery_low":false,"linkquality":43,"tamper":false,"update":{"installed_version":131078,"latest_release_notes":null,"latest_source":"https://raw.githubusercontent.com/Koenkk/zigbee-OTA/master/images/Develco/IntelligentKeyPad_2.0.5.zigbee","latest_version":131077,"state":"idle"},"voltage":5100}'
[2026-06-21 06:25:01] info: 	z2m:mqtt: MQTT publish: topic 'zigbee2mqtt/Philips Backyard Sensor', payload '{"battery":100,"illuminance":17,"led_indication":true,"linkquality":54,"motion_sensitivity":"high","occupancy":false,"occupancy_timeout":60,"temperature":25.05,"update":{"installed_version":1124103169,"latest_release_notes":null,"latest_source":"https://raw.githubusercontent.com/Koenkk/zigbee-OTA/master/images/Hue/Sensor-ATmega_0012.sbl-ota","latest_version":1124103169,"state":"idle"}}'
[2026-06-21 06:26:12] info: 	z2m:mqtt: MQTT publish: topic 'zigbee2mqtt/Workshop Light', payload '{"brightness_rgb":112,"brightness_white":254,"color_mode_rgb":"xy","color_mode_white":"color_temp","color_rgb":{"x":0.313,"y":0.21},"color_temp_white":250,"device_temperature":39,"dimming_range_maximum":100,"dimming_range_minimum":1,"effect":null,"effect_speed":0,"identify":null,"level_config_white":{"off_transition_time":1.5,"on_transition_time":1.5},"linkquality":43,"off_on_duration":null,"on_off_duration":null,"power_on_behavior":null,"power_on_behaviour":"off","power_outage_count":51,"state":"OFF","state_rgb":"OFF","state_white":"OFF","update":{"installed_version":-1,"latest_version":-1,"state":null}}'
[2026-06-21 06:26:12] info: 	z2m:mqtt: MQTT publish: topic 'zigbee2mqtt/Workshop Light/white', payload '{"brightness":254,"color_mode":"color_temp","color_temp":250,"level_config":{"off_transition_time":1.5,"on_transition_time":1.5},"state":"OFF"}'
[2026-06-21 06:26:12] info: 	z2m:mqtt: MQTT publish: topic 'zigbee2mqtt/Workshop Light/rgb', payload '{"brightness":112,"color":{"x":0.313,"y":0.21},"color_mode":"xy","state":"OFF"}'
[2026-06-21 06:29:42] info: 	z2m:mqtt: MQTT publish: topic 'zigbee2mqtt/Alarm Keypad', payload '{"action_code":null,"action_transaction":null,"action_zone":null,"battery":100,"battery_low":false,"linkquality":43,"tamper":false,"update":{"installed_version":131078,"latest_release_notes":null,"latest_source":"https://raw.githubusercontent.com/Koenkk/zigbee-OTA/master/images/Develco/IntelligentKeyPad_2.0.5.zigbee","latest_version":131077,"state":"idle"},"voltage":5100}'
[2026-06-21 06:30:00] info: 	z2m:mqtt: MQTT publish: topic 'zigbee2mqtt/Philips Backyard Sensor', payload '{"battery":100,"illuminance":25,"led_indication":true,"linkquality":54,"motion_sensitivity":"high","occupancy":false,"occupancy_timeout":60,"temperature":25.05,"update":{"installed_version":1124103169,"latest_release_notes":null,"latest_source":"https://raw.githubusercontent.com/Koenkk/zigbee-OTA/master/images/Hue/Sensor-ATmega_0012.sbl-ota","latest_version":1124103169,"state":"idle"}}'
[2026-06-21 06:30:14] info: 	z2m:mqtt: MQTT publish: topic 'zigbee2mqtt/bridge/health', payload '{"response_time":1782016214296,"os":{"load_average":[0.02,0.1,0.08],"memory_used_mb":3854.64,"memory_percent":12.2719},"process":{"uptime_sec":1802,"memory_used_mb":133.56,"memory_percent":0.4252},"mqtt":{"connected":true,"queued":0,"published":235,"received":160},"devices":{"0xb4e3f9fffe753317":{"messages":1,"messages_per_sec":0.0006,"leave_count":0,"network_address_changes":0},"0x54ef441000b757df":{"messages":33,"messages_per_sec":0.0214,"leave_count":0,"network_address_changes":0},"0xb4e3f9fffe249e15":{"messages":1,"messages_per_sec":0.0006,"leave_count":0,"network_address_changes":0},"0x0015bc0043006306":{"messages":8,"messages_per_sec":0.0052,"leave_count":0,"network_address_changes":0},"0x001788010649a073":{"messages":8,"messages_per_sec":0.0053,"leave_count":0,"network_address_changes":0}}}'
[2026-06-21 06:32:11] info: 	z2m:mqtt: MQTT publish: topic 'zigbee2mqtt/Philips Backyard Sensor', payload '{"battery":100,"illuminance":25,"led_indication":true,"linkquality":54,"motion_sensitivity":"high","occupancy":false,"occupancy_timeout":60,"temperature":25.05,"update":{"installed_version":1124103169,"latest_release_notes":null,"latest_source":"https://raw.githubusercontent.com/Koenkk/zigbee-OTA/master/images/Hue/Sensor-ATmega_0012.sbl-ota","latest_version":1124103169,"state":"idle"}}'
[2026-06-21 06:32:26] info: 	z2m:mqtt: MQTT publish: topic 'zigbee2mqtt/Workshop Light', payload '{"brightness_rgb":112,"brightness_white":254,"color_mode_rgb":"xy","color_mode_white":"color_temp","color_rgb":{"x":0.313,"y":0.21},"color_temp_white":250,"device_temperature":38,"dimming_range_maximum":100,"dimming_range_minimum":1,"effect":null,"effect_speed":0,"identify":null,"level_config_white":{"off_transition_time":1.5,"on_transition_time":1.5},"linkquality":43,"off_on_duration":null,"on_off_duration":null,"power_on_behavior":null,"power_on_behaviour":"off","power_outage_count":51,"state":"OFF","state_rgb":"OFF","state_white":"OFF","update":{"installed_version":-1,"latest_version":-1,"state":null}}'
[2026-06-21 06:32:26] info: 	z2m:mqtt: MQTT publish: topic 'zigbee2mqtt/Workshop Light/white', payload '{"brightness":254,"color_mode":"color_temp","color_temp":250,"level_config":{"off_transition_time":1.5,"on_transition_time":1.5},"state":"OFF"}'
[2026-06-21 06:32:26] info: 	z2m:mqtt: MQTT publish: topic 'zigbee2mqtt/Workshop Light/rgb', payload '{"brightness":112,"color":{"x":0.313,"y":0.21},"color_mode":"xy","state":"OFF"}'
[2026-06-21 06:34:42] info: 	z2m:mqtt: MQTT publish: topic 'zigbee2mqtt/Alarm Keypad', payload '{"action_code":null,"action_transaction":null,"action_zone":null,"battery":100,"battery_low":false,"linkquality":43,"tamper":false,"update":{"installed_version":131078,"latest_release_notes":null,"latest_source":"https://raw.githubusercontent.com/Koenkk/zigbee-OTA/master/images/Develco/IntelligentKeyPad_2.0.5.zigbee","latest_version":131077,"state":"idle"},"voltage":5100}'
[2026-06-21 06:35:00] info: 	z2m:mqtt: MQTT publish: topic 'zigbee2mqtt/Philips Backyard Sensor', payload '{"battery":100,"illuminance":34,"led_indication":true,"linkquality":51,"motion_sensitivity":"high","occupancy":false,"occupancy_timeout":60,"temperature":25.05,"update":{"installed_version":1124103169,"latest_release_notes":null,"latest_source":"https://raw.githubusercontent.com/Koenkk/zigbee-OTA/master/images/Hue/Sensor-ATmega_0012.sbl-ota","latest_version":1124103169,"state":"idle"}}'
[2026-06-21 06:39:15] info: 	z2m:mqtt: MQTT publish: topic 'zigbee2mqtt/Workshop Light', payload '{"brightness_rgb":112,"brightness_white":254,"color_mode_rgb":"xy","color_mode_white":"color_temp","color_rgb":{"x":0.313,"y":0.21},"color_temp_white":250,"device_temperature":37,"dimming_range_maximum":100,"dimming_range_minimum":1,"effect":null,"effect_speed":0,"identify":null,"level_config_white":{"off_transition_time":1.5,"on_transition_time":1.5},"linkquality":43,"off_on_duration":null,"on_off_duration":null,"power_on_behavior":null,"power_on_behaviour":"off","power_outage_count":51,"state":"OFF","state_rgb":"OFF","state_white":"OFF","update":{"installed_version":-1,"latest_version":-1,"state":null}}'
[2026-06-21 06:39:15] info: 	z2m:mqtt: MQTT publish: topic 'zigbee2mqtt/Workshop Light/white', payload '{"brightness":254,"color_mode":"color_temp","color_temp":250,"level_config":{"off_transition_time":1.5,"on_transition_time":1.5},"state":"OFF"}'
[2026-06-21 06:39:15] info: 	z2m:mqtt: MQTT publish: topic 'zigbee2mqtt/Workshop Light/rgb', payload '{"brightness":112,"color":{"x":0.313,"y":0.21},"color_mode":"xy","state":"OFF"}'
[2026-06-21 06:39:42] info: 	z2m:mqtt: MQTT publish: topic 'zigbee2mqtt/Alarm Keypad', payload '{"action_code":null,"action_transaction":null,"action_zone":null,"battery":100,"battery_low":false,"linkquality":43,"tamper":false,"update":{"installed_version":131078,"latest_release_notes":null,"latest_source":"https://raw.githubusercontent.com/Koenkk/zigbee-OTA/master/images/Develco/IntelligentKeyPad_2.0.5.zigbee","latest_version":131077,"state":"idle"},"voltage":5100}'
[2026-06-21 06:39:59] info: 	z2m:mqtt: MQTT publish: topic 'zigbee2mqtt/Philips Backyard Sensor', payload '{"battery":100,"illuminance":43,"led_indication":true,"linkquality":51,"motion_sensitivity":"high","occupancy":false,"occupancy_timeout":60,"temperature":25.05,"update":{"installed_version":1124103169,"latest_release_notes":null,"latest_source":"https://raw.githubusercontent.com/Koenkk/zigbee-OTA/master/images/Hue/Sensor-ATmega_0012.sbl-ota","latest_version":1124103169,"state":"idle"}}'
[2026-06-21 06:40:14] info: 	z2m:mqtt: MQTT publish: topic 'zigbee2mqtt/bridge/health', payload '{"response_time":1782016814297,"os":{"load_average":[0.08,0.08,0.08],"memory_used_mb":3868.01,"memory_percent":12.3145},"process":{"uptime_sec":2402,"memory_used_mb":140.05,"memory_percent":0.4459},"mqtt":{"connected":true,"queued":0,"published":259,"received":160},"devices":{"0xb4e3f9fffe753317":{"messages":2,"messages_per_sec":0.0008,"leave_count":0,"network_address_changes":0},"0x54ef441000b757df":{"messages":39,"messages_per_sec":0.0182,"leave_count":0,"network_address_changes":0},"0xb4e3f9fffe249e15":{"messages":1,"messages_per_sec":0.0005,"leave_count":0,"network_address_changes":0},"0x0015bc0043006306":{"messages":12,"messages_per_sec":0.0056,"leave_count":0,"network_address_changes":0},"0x001788010649a073":{"messages":11,"messages_per_sec":0.0052,"leave_count":0,"network_address_changes":0},"0x04cd15fffe268dcc":{"messages":1,"messages_per_sec":0.0084,"leave_count":0,"network_address_changes":0}}}'
[2026-06-21 06:44:42] info: 	z2m:mqtt: MQTT publish: topic 'zigbee2mqtt/Alarm Keypad', payload '{"action_code":null,"action_transaction":null,"action_zone":null,"battery":100,"battery_low":false,"linkquality":43,"tamper":false,"update":{"installed_version":131078,"latest_release_notes":null,"latest_source":"https://raw.githubusercontent.com/Koenkk/zigbee-OTA/master/images/Develco/IntelligentKeyPad_2.0.5.zigbee","latest_version":131077,"state":"idle"},"voltage":5100}'
[2026-06-21 06:44:59] info: 	z2m:mqtt: MQTT publish: topic 'zigbee2mqtt/Philips Backyard Sensor', payload '{"battery":100,"illuminance":54,"led_indication":true,"linkquality":51,"motion_sensitivity":"high","occupancy":false,"occupancy_timeout":60,"temperature":25.05,"update":{"installed_version":1124103169,"latest_release_notes":null,"latest_source":"https://raw.githubusercontent.com/Koenkk/zigbee-OTA/master/images/Hue/Sensor-ATmega_0012.sbl-ota","latest_version":1124103169,"state":"idle"}}'
[2026-06-21 06:46:41] info: 	z2m:mqtt: MQTT publish: topic 'zigbee2mqtt/Workshop Light', payload '{"brightness_rgb":112,"brightness_white":254,"color_mode_rgb":"xy","color_mode_white":"color_temp","color_rgb":{"x":0.313,"y":0.21},"color_temp_white":250,"device_temperature":37,"dimming_range_maximum":100,"dimming_range_minimum":1,"effect":null,"effect_speed":0,"identify":null,"level_config_white":{"off_transition_time":1.5,"on_transition_time":1.5},"linkquality":43,"off_on_duration":null,"on_off_duration":null,"power_on_behavior":null,"power_on_behaviour":"off","power_outage_count":51,"state":"OFF","state_rgb":"OFF","state_white":"OFF","update":{"installed_version":-1,"latest_version":-1,"state":null}}'
[2026-06-21 06:46:41] info: 	z2m:mqtt: MQTT publish: topic 'zigbee2mqtt/Workshop Light/white', payload '{"brightness":254,"color_mode":"color_temp","color_temp":250,"level_config":{"off_transition_time":1.5,"on_transition_time":1.5},"state":"OFF"}'
[2026-06-21 06:46:41] info: 	z2m:mqtt: MQTT publish: topic 'zigbee2mqtt/Workshop Light/rgb', payload '{"brightness":112,"color":{"x":0.313,"y":0.21},"color_mode":"xy","state":"OFF"}'
[2026-06-21 06:47:45] info: 	z2m:mqtt: MQTT publish: topic 'zigbee2mqtt/Button 1 - Kitchen', payload '{"battery":90,"identify":null,"linkquality":43,"update":{"installed_version":604241926,"latest_release_notes":"Enables double-clicks.\r\nhttps://www.zigbee2mqtt.io/devices/E1812.html\r\nhttps://ww8.ikea.com/ikeahomesmart/releasenotes/releasenotes.html","latest_source":"https://raw.githubusercontent.com/Koenkk/zigbee-OTA/master/images/IKEA/tradfri-shortcut-button_release_prod_v604241926_56f5d8d1-78b1-4088-afc1-05d3b7e3314b.ota","latest_version":604241926,"state":"idle"}}'
[2026-06-21 06:49:42] info: 	z2m:mqtt: MQTT publish: topic 'zigbee2mqtt/Alarm Keypad', payload '{"action_code":null,"action_transaction":null,"action_zone":null,"battery":100,"battery_low":false,"linkquality":43,"tamper":false,"update":{"installed_version":131078,"latest_release_notes":null,"latest_source":"https://raw.githubusercontent.com/Koenkk/zigbee-OTA/master/images/Develco/IntelligentKeyPad_2.0.5.zigbee","latest_version":131077,"state":"idle"},"voltage":5100}'
[2026-06-21 06:49:58] info: 	z2m:mqtt: MQTT publish: topic 'zigbee2mqtt/Philips Backyard Sensor', payload '{"battery":100,"illuminance":64,"led_indication":true,"linkquality":54,"motion_sensitivity":"high","occupancy":false,"occupancy_timeout":60,"temperature":25.05,"update":{"installed_version":1124103169,"latest_release_notes":null,"latest_source":"https://raw.githubusercontent.com/Koenkk/zigbee-OTA/master/images/Hue/Sensor-ATmega_0012.sbl-ota","latest_version":1124103169,"state":"idle"}}'
[2026-06-21 06:50:14] info: 	z2m:mqtt: MQTT publish: topic 'zigbee2mqtt/bridge/health', payload '{"response_time":1782017414298,"os":{"load_average":[0.08,0.07,0.06],"memory_used_mb":3872.77,"memory_percent":12.3297},"process":{"uptime_sec":3002,"memory_used_mb":141.12,"memory_percent":0.4493},"mqtt":{"connected":true,"queued":0,"published":277,"received":160},"devices":{"0xb4e3f9fffe753317":{"messages":2,"messages_per_sec":0.0007,"leave_count":0,"network_address_changes":0},"0x54ef441000b757df":{"messages":41,"messages_per_sec":0.0149,"leave_count":0,"network_address_changes":0},"0xb4e3f9fffe249e15":{"messages":1,"messages_per_sec":0.0004,"leave_count":0,"network_address_changes":0},"0x0015bc0043006306":{"messages":14,"messages_per_sec":0.0051,"leave_count":0,"network_address_changes":0},"0x001788010649a073":{"messages":13,"messages_per_sec":0.0048,"leave_count":0,"network_address_changes":0},"0x04cd15fffe268dcc":{"messages":2,"messages_per_sec":0.0028,"leave_count":0,"network_address_changes":0}}}'
[2026-06-21 06:51:48] info: 	z2m:mqtt: MQTT publish: topic 'zigbee2mqtt/Workshop Light', payload '{"brightness_rgb":112,"brightness_white":254,"color_mode_rgb":"xy","color_mode_white":"color_temp","color_rgb":{"x":0.313,"y":0.21},"color_temp_white":250,"device_temperature":37,"dimming_range_maximum":100,"dimming_range_minimum":1,"effect":null,"effect_speed":0,"identify":null,"level_config_white":{"off_transition_time":1.5,"on_transition_time":1.5},"linkquality":43,"off_on_duration":null,"on_off_duration":null,"power_on_behavior":null,"power_on_behaviour":"off","power_outage_count":51,"state":"OFF","state_rgb":"OFF","state_white":"OFF","update":{"installed_version":-1,"latest_version":-1,"state":null}}'
[2026-06-21 06:51:48] info: 	z2m:mqtt: MQTT publish: topic 'zigbee2mqtt/Workshop Light/white', payload '{"brightness":254,"color_mode":"color_temp","color_temp":250,"level_config":{"off_transition_time":1.5,"on_transition_time":1.5},"state":"OFF"}'
[2026-06-21 06:51:48] info: 	z2m:mqtt: MQTT publish: topic 'zigbee2mqtt/Workshop Light/rgb', payload '{"brightness":112,"color":{"x":0.313,"y":0.21},"color_mode":"xy","state":"OFF"}'
[2026-06-21 06:54:42] info: 	z2m:mqtt: MQTT publish: topic 'zigbee2mqtt/Alarm Keypad', payload '{"action_code":null,"action_transaction":null,"action_zone":null,"battery":100,"battery_low":false,"linkquality":43,"tamper":false,"update":{"installed_version":131078,"latest_release_notes":null,"latest_source":"https://raw.githubusercontent.com/Koenkk/zigbee-OTA/master/images/Develco/IntelligentKeyPad_2.0.5.zigbee","latest_version":131077,"state":"idle"},"voltage":5100}'
[2026-06-21 06:54:42] info: 	z2m:mqtt: MQTT publish: topic 'zigbee2mqtt/Alarm Keypad', payload '{"action_code":null,"action_transaction":null,"action_zone":null,"battery":100,"battery_low":false,"linkquality":43,"tamper":false,"update":{"installed_version":131078,"latest_release_notes":null,"latest_source":"https://raw.githubusercontent.com/Koenkk/zigbee-OTA/master/images/Develco/IntelligentKeyPad_2.0.5.zigbee","latest_version":131077,"state":"idle"},"voltage":5100}'
[2026-06-21 06:54:58] info: 	z2m:mqtt: MQTT publish: topic 'zigbee2mqtt/Philips Backyard Sensor', payload '{"battery":100,"illuminance":76,"led_indication":true,"linkquality":51,"motion_sensitivity":"high","occupancy":false,"occupancy_timeout":60,"temperature":25.05,"update":{"installed_version":1124103169,"latest_release_notes":null,"latest_source":"https://raw.githubusercontent.com/Koenkk/zigbee-OTA/master/images/Hue/Sensor-ATmega_0012.sbl-ota","latest_version":1124103169,"state":"idle"}}'
[2026-06-21 06:59:42] info: 	z2m:mqtt: MQTT publish: topic 'zigbee2mqtt/Alarm Keypad', payload '{"action_code":null,"action_transaction":null,"action_zone":null,"battery":100,"battery_low":false,"linkquality":43,"tamper":false,"update":{"installed_version":131078,"latest_release_notes":null,"latest_source":"https://raw.githubusercontent.com/Koenkk/zigbee-OTA/master/images/Develco/IntelligentKeyPad_2.0.5.zigbee","latest_version":131077,"state":"idle"},"voltage":5100}'
[2026-06-21 06:59:44] info: 	z2m:mqtt: MQTT publish: topic 'zigbee2mqtt/Workshop Light', payload '{"brightness_rgb":112,"brightness_white":254,"color_mode_rgb":"xy","color_mode_white":"color_temp","color_rgb":{"x":0.313,"y":0.21},"color_temp_white":250,"device_temperature":37,"dimming_range_maximum":100,"dimming_range_minimum":1,"effect":null,"effect_speed":0,"identify":null,"level_config_white":{"off_transition_time":1.5,"on_transition_time":1.5},"linkquality":43,"off_on_duration":null,"on_off_duration":null,"power_on_behavior":null,"power_on_behaviour":"off","power_outage_count":51,"state":"OFF","state_rgb":"OFF","state_white":"OFF","update":{"installed_version":-1,"latest_version":-1,"state":null}}'
[2026-06-21 06:59:44] info: 	z2m:mqtt: MQTT publish: topic 'zigbee2mqtt/Workshop Light/white', payload '{"brightness":254,"color_mode":"color_temp","color_temp":250,"level_config":{"off_transition_time":1.5,"on_transition_time":1.5},"state":"OFF"}'
[2026-06-21 06:59:44] info: 	z2m:mqtt: MQTT publish: topic 'zigbee2mqtt/Workshop Light/rgb', payload '{"brightness":112,"color":{"x":0.313,"y":0.21},"color_mode":"xy","state":"OFF"}'
[2026-06-21 06:59:57] info: 	z2m:mqtt: MQTT publish: topic 'zigbee2mqtt/Philips Backyard Sensor', payload '{"battery":100,"illuminance":86,"led_indication":true,"linkquality":51,"motion_sensitivity":"high","occupancy":false,"occupancy_timeout":60,"temperature":25.05,"update":{"installed_version":1124103169,"latest_release_notes":null,"latest_source":"https://raw.githubusercontent.com/Koenkk/zigbee-OTA/master/images/Hue/Sensor-ATmega_0012.sbl-ota","latest_version":1124103169,"state":"idle"}}'
[2026-06-21 07:00:00] info: 	z2m: Stopping Zigbee2MQTT (restart=false, code=0, signal=SIGTERM)
[2026-06-21 07:00:00] info: 	z2m:mqtt: MQTT publish: topic 'zigbee2mqtt/bridge/state', payload '{"state":"offline"}'
[2026-06-21 07:00:00] info: 	z2m: Disconnecting from MQTT server
[2026-06-21 07:00:00] info: 	z2m: Stopping zigbee-herdsman...
[2026-06-21 07:00:11] info: 	zh:controller: Wrote coordinator backup to '/config/zigbee2mqtt/coordinator_backup.json'
