[2025-07-09 18:08:06] info: 	z2m: Logging to console, file (filename: log.log)
[2025-07-09 18:08:06] info: 	z2m: Starting Zigbee2MQTT version 2.5.1 (commit #unknown)
[2025-07-09 18:08:06] info: 	z2m: Starting zigbee-herdsman (4.3.1)
[2025-07-09 18:08:07] info: 	zh:zstack:znp: Opening TCP socket with 192.168.87.68:6638
[2025-07-09 18:08:07] info: 	zh:zstack:znp: Socket connected
[2025-07-09 18:08:07] info: 	zh:zstack:znp: Socket ready
[2025-07-09 18:08:07] info: 	zh:zstack:znp: Writing CC2530/CC2531 skip bootloader payload
[2025-07-09 18:08:08] info: 	zh:zstack:znp: Skip bootloader for CC2652/CC1352
[2025-07-09 18:08:09] info: 	z2m: zigbee-herdsman started (resumed)
[2025-07-09 18:08:09] info: 	z2m: Coordinator firmware version: '{"meta":{"maintrel":1,"majorrel":2,"minorrel":7,"product":1,"revision":20240710,"transportrev":2},"type":"ZStack3x0"}'
[2025-07-09 18:08:09] info: 	z2m: Button 4 - Movie (0xb4e3f9fffe249e15): E1812 - IKEA TRADFRI shortcut button (EndDevice)
[2025-07-09 18:08:09] info: 	z2m: Smart Plug Z1 (0xa4c13812921dddfd): A1Z - Nous Smart plug (with power monitoring) (Router)
[2025-07-09 18:08:09] info: 	z2m: Button 3 (0xb4e3f9fffe753317): E1812 - IKEA TRADFRI shortcut button (EndDevice)
[2025-07-09 18:08:09] info: 	z2m: Button 2 - Chandelier (0x04cd15fffe7ff98b): E1812 - IKEA TRADFRI shortcut button (EndDevice)
[2025-07-09 18:08:09] info: 	z2m: Button 1 (0x04cd15fffe268dcc): E1812 - IKEA TRADFRI shortcut button (EndDevice)
[2025-07-09 18:08:09] info: 	z2m: Cube (0x54ef4410006a43c7): CTP-R01 - Aqara Cube T1 Pro (EndDevice)
[2025-07-09 18:08:09] info: 	z2m: Philips Backyard Sensor (0x001788010649a073): 9290019758 - Philips Hue motion outdoor sensor (EndDevice)
[2025-07-09 18:08:09] info: 	z2m: Water Sensor 1 (0x5c0272fffebb9cde): TS0207_water_leak_detector_3 - Tuya Zigbee water leak sensor (EndDevice)
[2025-07-09 18:08:09] info: 	z2m: Alarm Keypad (0x0015bc0043006306): KEYZB-110 - Develco Keypad (EndDevice)
[2025-07-09 18:08:09] info: 	z2m: Alarm Repeater (0x0015bc0022000242): Not supported (Router)
[2025-07-09 18:08:09] info: 	z2m: Alarm Siren (0x0015bc0041007a25): SIRZB-111 - Develco Customizable siren (Router)
[2025-07-09 18:08:09] info: 	z2m: Currently 11 devices are joined.
[2025-07-09 18:08:09] info: 	z2m: Connecting to MQTT server at mqtt://core-mosquitto:1883
[2025-07-09 18:08:10] info: 	z2m: Connected to MQTT server
[2025-07-09 18:08:10] info: 	z2m:mqtt: MQTT publish: topic 'zigbee2mqtt/bridge/state', payload '{"state":"online"}'
[2025-07-09 18:08:10] info: 	z2m:mqtt: MQTT publish: topic 'zigbee2mqtt/Button 4 - Movie/availability', payload '{"state":"online"}'
[2025-07-09 18:08:11] info: 	z2m:mqtt: MQTT publish: topic 'zigbee2mqtt/Smart Plug Z1/availability', payload '{"state":"offline"}'
[2025-07-09 18:08:11] info: 	z2m:mqtt: MQTT publish: topic 'zigbee2mqtt/Button 3/availability', payload '{"state":"online"}'
[2025-07-09 18:08:11] info: 	z2m:mqtt: MQTT publish: topic 'zigbee2mqtt/Button 2 - Chandelier/availability', payload '{"state":"online"}'
[2025-07-09 18:08:11] info: 	z2m:mqtt: MQTT publish: topic 'zigbee2mqtt/Button 1/availability', payload '{"state":"offline"}'
[2025-07-09 18:08:11] info: 	z2m:mqtt: MQTT publish: topic 'zigbee2mqtt/Cube/availability', payload '{"state":"online"}'
[2025-07-09 18:08:11] info: 	z2m:mqtt: MQTT publish: topic 'zigbee2mqtt/Philips Backyard Sensor/availability', payload '{"state":"online"}'
[2025-07-09 18:08:11] info: 	z2m:mqtt: MQTT publish: topic 'zigbee2mqtt/Water Sensor 1/availability', payload '{"state":"online"}'
[2025-07-09 18:08:11] info: 	z2m:mqtt: MQTT publish: topic 'zigbee2mqtt/Alarm Keypad/availability', payload '{"state":"online"}'
[2025-07-09 18:08:11] info: 	z2m:mqtt: MQTT publish: topic 'zigbee2mqtt/Alarm Repeater/availability', payload '{"state":"offline"}'
[2025-07-09 18:08:11] info: 	z2m:mqtt: MQTT publish: topic 'zigbee2mqtt/Alarm Siren/availability', payload '{"state":"offline"}'
[2025-07-09 18:08:11] info: 	z2m: Started frontend on port 8099
[2025-07-09 18:08:11] info: 	z2m:mqtt: MQTT publish: topic 'zigbee2mqtt/Button 4 - Movie', payload '{"battery":100,"identify":null,"linkquality":83,"update":{"installed_version":604241926,"latest_version":604241926,"state":"idle"}}'
[2025-07-09 18:08:11] info: 	z2m:mqtt: MQTT publish: topic 'zigbee2mqtt/Smart Plug Z1', payload '{"child_lock":"UNLOCK","countdown":0,"current":0,"energy":16.74,"indicator_mode":"off/on","linkquality":120,"power":0,"power_outage_memory":"off","state":"OFF","update":{"installed_version":192,"latest_version":192,"state":"idle"},"voltage":232}'
[2025-07-09 18:08:11] info: 	z2m:mqtt: MQTT publish: topic 'zigbee2mqtt/Button 3', payload '{"battery":90,"identify":null,"linkquality":0,"update":{"installed_version":604241926,"latest_version":604241926,"state":"idle"}}'
[2025-07-09 18:08:11] info: 	z2m:mqtt: MQTT publish: topic 'zigbee2mqtt/Button 2 - Chandelier', payload '{"battery":90,"identify":null,"linkquality":98,"update":{"installed_version":604241926,"latest_version":604241926,"state":"idle"}}'
[2025-07-09 18:08:11] info: 	z2m:mqtt: MQTT publish: topic 'zigbee2mqtt/Button 1', payload '{"battery":1,"identify":null,"linkquality":3,"update":{"installed_version":604241926,"latest_version":604241926,"state":"idle"}}'
[2025-07-09 18:08:11] info: 	z2m:mqtt: MQTT publish: topic 'zigbee2mqtt/Cube', payload '{"action_angle":null,"action_from_side":null,"battery":100,"current":0,"linkquality":134,"operation_mode":"action_mode","power":2,"power_outage_count":159,"side":2,"update":{"installed_version":-1,"latest_version":-1,"state":null},"voltage":3078}'
[2025-07-09 18:08:11] info: 	z2m:mqtt: MQTT publish: topic 'zigbee2mqtt/Philips Backyard Sensor', payload '{"battery":43,"illuminance":1114,"led_indication":true,"linkquality":65,"motion_sensitivity":"high","occupancy":false,"occupancy_timeout":60,"temperature":27.88,"update":{"installed_version":1124102917,"latest_version":1124102917,"state":"idle"}}'
[2025-07-09 18:08:11] info: 	z2m:mqtt: MQTT publish: topic 'zigbee2mqtt/Water Sensor 1', payload '{"battery":76,"battery_low":false,"linkquality":43,"tamper":false,"voltage":2800,"water_leak":false}'
[2025-07-09 18:08:11] info: 	z2m:mqtt: MQTT publish: topic 'zigbee2mqtt/Alarm Keypad', payload '{"action_code":null,"action_transaction":null,"action_zone":null,"battery":100,"battery_low":false,"linkquality":43,"tamper":false,"update":{"installed_version":131077,"latest_version":131077,"state":"idle"},"voltage":5800}'
[2025-07-09 18:08:11] info: 	z2m:mqtt: MQTT publish: topic 'zigbee2mqtt/Alarm Repeater', payload '{"alarm_1":false,"alarm_2":false,"battery":null,"battery_low":true,"linkquality":47,"state":null,"tamper":false}'
[2025-07-09 18:08:11] info: 	z2m:mqtt: MQTT publish: topic 'zigbee2mqtt/Alarm Siren', payload '{"ac_status":true,"alarm":false,"battery":null,"battery_low":true,"enrolled":true,"ias_cie_address":"0x00124b002e0e1c5f","linkquality":65,"max_duration":10,"restore_reports":true,"supervision_reports":true,"tamper":false,"temperature":null,"test":false,"voltage":null,"zone_id":23}'
[2025-07-09 18:08:11] info: 	z2m: Zigbee2MQTT started!
[2025-07-09 18:08:13] warning: 	z2m: Failed to ping 'Smart Plug Z1' (attempt 1/1, ZCL command 0xa4c13812921dddfd/1 genBasic.read(["zclVersion"], {"timeout":10000,"disableResponse":false,"disableRecovery":true,"disableDefaultResponse":true,"direction":0,"reservedBits":0,"writeUndiv":false}) failed (Data request failed with error: 'No network route' (205)))
[2025-07-09 18:08:16] info: 	z2m:mqtt: MQTT publish: topic 'homeassistant/binary_sensor/1221051039810110150109113116116_0x00124b002e0e1c5f/connection_state/config', payload '{"device":{"hw_version":"ZStack3x0 20240710","identifiers":["zigbee2mqtt_bridge_0x00124b002e0e1c5f"],"manufacturer":"Zigbee2MQTT","model":"Bridge","name":"Zigbee2MQTT Bridge","sw_version":"2.5.1"},"device_class":"connectivity","entity_category":"diagnostic","name":"Connection state","object_id":"zigbee2mqtt_bridge_connection_state","origin":{"name":"Zigbee2MQTT","sw":"2.5.1","url":"https://www.zigbee2mqtt.io"},"payload_off":"offline","payload_on":"online","state_topic":"zigbee2mqtt/bridge/state","unique_id":"bridge_0x00124b002e0e1c5f_connection_state_zigbee2mqtt","value_template":"{{ value_json.state }}"}'
[2025-07-09 18:08:17] warning: 	z2m: Failed to ping 'Alarm Repeater' (attempt 1/1, ZCL command 0x0015bc0022000242/37 genBasic.read(["zclVersion"], {"timeout":10000,"disableResponse":false,"disableRecovery":true,"disableDefaultResponse":true,"direction":0,"reservedBits":0,"writeUndiv":false}) failed (Data request failed with error: 'No network route' (205)))
[2025-07-09 18:08:20] warning: 	z2m: Failed to ping 'Alarm Siren' (attempt 1/1, ZCL command 0x0015bc0041007a25/43 genBasic.read(["zclVersion"], {"timeout":10000,"disableResponse":false,"disableRecovery":true,"disableDefaultResponse":true,"direction":0,"reservedBits":0,"writeUndiv":false}) failed (Data request failed with error: 'No network route' (205)))
[2025-07-09 18:08:31] info: 	z2m: Configuring 'Alarm Repeater'
[2025-07-09 18:08:41] error: 	z2m: Failed to configure 'Alarm Repeater', attempt 1 (Error: Bind 0x0015bc0022000242/1 genOnOff from '0x00124b002e0e1c5f/1' failed (AREQ - ZDO - bindRsp after 10000ms)
    at Object.start (/app/node_modules/.pnpm/zigbee-herdsman@4.3.1/node_modules/zigbee-herdsman/src/utils/waitress.ts:67:23)
    at func (/app/node_modules/.pnpm/zigbee-herdsman@4.3.1/node_modules/zigbee-herdsman/src/adapter/z-stack/adapter/zStackAdapter.ts:419:47)
    at processTicksAndRejections (node:internal/process/task_queues:105:5)
    at Queue.execute (/app/node_modules/.pnpm/zigbee-herdsman@4.3.1/node_modules/zigbee-herdsman/src/utils/queue.ts:36:20)
    at ZStackAdapter.sendZdoInternal (/app/node_modules/.pnpm/zigbee-herdsman@4.3.1/node_modules/zigbee-herdsman/src/adapter/z-stack/adapter/zStackAdapter.ts:424:43)
    at ZStackAdapter.sendZdo (/app/node_modules/.pnpm/zigbee-herdsman@4.3.1/node_modules/zigbee-herdsman/src/adapter/z-stack/adapter/zStackAdapter.ts:301:16)
    at Endpoint.bind (/app/node_modules/.pnpm/zigbee-herdsman@4.3.1/node_modules/zigbee-herdsman/src/controller/model/endpoint.ts:580:30)
    at setupAttributes (/app/node_modules/.pnpm/zigbee-herdsman-converters@23.69.0/node_modules/zigbee-herdsman-converters/src/lib/modernExtend.ts:158:13)
    at /app/node_modules/.pnpm/zigbee-herdsman-converters@23.69.0/node_modules/zigbee-herdsman-converters/src/lib/modernExtend.ts:574:17
    at Object.configure (/app/node_modules/.pnpm/zigbee-herdsman-converters@23.69.0/node_modules/zigbee-herdsman-converters/src/index.ts:363:21))
[2025-07-09 18:08:51] info: 	z2m: Configuring 'Alarm Siren'
[2025-07-09 18:09:01] error: 	z2m: Failed to configure 'Alarm Siren', attempt 1 (Error: Bind 0x0015bc0041007a25/43 ssIasZone from '0x00124b002e0e1c5f/1' failed (AREQ - ZDO - bindRsp after 10000ms)
    at Object.start (/app/node_modules/.pnpm/zigbee-herdsman@4.3.1/node_modules/zigbee-herdsman/src/utils/waitress.ts:67:23)
    at func (/app/node_modules/.pnpm/zigbee-herdsman@4.3.1/node_modules/zigbee-herdsman/src/adapter/z-stack/adapter/zStackAdapter.ts:419:47)
    at processTicksAndRejections (node:internal/process/task_queues:105:5)
    at Queue.execute (/app/node_modules/.pnpm/zigbee-herdsman@4.3.1/node_modules/zigbee-herdsman/src/utils/queue.ts:36:20)
    at ZStackAdapter.sendZdoInternal (/app/node_modules/.pnpm/zigbee-herdsman@4.3.1/node_modules/zigbee-herdsman/src/adapter/z-stack/adapter/zStackAdapter.ts:424:43)
    at ZStackAdapter.sendZdo (/app/node_modules/.pnpm/zigbee-herdsman@4.3.1/node_modules/zigbee-herdsman/src/adapter/z-stack/adapter/zStackAdapter.ts:301:16)
    at Endpoint.bind (/app/node_modules/.pnpm/zigbee-herdsman@4.3.1/node_modules/zigbee-herdsman/src/controller/model/endpoint.ts:580:30)
    at Object.bind (/app/node_modules/.pnpm/zigbee-herdsman-converters@23.69.0/node_modules/zigbee-herdsman-converters/src/lib/reporting.ts:40:9)
    at configure (/app/node_modules/.pnpm/zigbee-herdsman-converters@23.69.0/node_modules/zigbee-herdsman-converters/src/devices/develco.ts:878:13)
    at Object.configure (/app/node_modules/.pnpm/zigbee-herdsman-converters@23.69.0/node_modules/zigbee-herdsman-converters/src/index.ts:363:21))
[2025-07-09 18:10:07] info: 	z2m:mqtt: MQTT publish: topic 'zigbee2mqtt/Philips Backyard Sensor', payload '{"battery":43,"illuminance":881,"led_indication":true,"linkquality":72,"motion_sensitivity":"high","occupancy":false,"occupancy_timeout":60,"temperature":27.88,"update":{"installed_version":1124102917,"latest_version":1124102917,"state":"idle"}}'
[2025-07-09 18:12:38] info: 	z2m:mqtt: MQTT publish: topic 'zigbee2mqtt/bridge/event', payload '{"data":{"friendly_name":"Philips Backyard Sensor","ieee_address":"0x001788010649a073"},"type":"device_announce"}'
[2025-07-09 18:12:38] info: 	z2m:mqtt: MQTT publish: topic 'zigbee2mqtt/Philips Backyard Sensor', payload '{"battery":43,"illuminance":881,"led_indication":true,"linkquality":76,"motion_sensitivity":"high","occupancy":false,"occupancy_timeout":60,"temperature":27.46,"update":{"installed_version":1124102917,"latest_version":1124102917,"state":"idle"}}'
[2025-07-09 18:15:06] info: 	z2m:mqtt: MQTT publish: topic 'zigbee2mqtt/Philips Backyard Sensor', payload '{"battery":43,"illuminance":820,"led_indication":true,"linkquality":76,"motion_sensitivity":"high","occupancy":false,"occupancy_timeout":60,"temperature":27.46,"update":{"installed_version":1124102917,"latest_version":1124102917,"state":"idle"}}'
[2025-07-09 18:18:11] info: 	z2m:mqtt: MQTT publish: topic 'zigbee2mqtt/bridge/health', payload '{"response_time":1752077891604,"os":{"load_average":[0.08,0.3,0.42],"memory_used_mb":1670.11,"memory_percent":57.4315},"process":{"uptime_sec":612,"memory_used_mb":111.14,"memory_percent":2.8327},"mqtt":{"connected":true,"queued":0,"published":71,"received":105},"devices":{"0x0015bc0043006306":{"messages":2,"messages_per_sec":0.0034,"leave_count":0,"network_address_changes":0},"0x001788010649a073":{"messages":5,"messages_per_sec":0.0103,"leave_count":0,"network_address_changes":0}}}'
[2025-07-09 18:20:06] info: 	z2m:mqtt: MQTT publish: topic 'zigbee2mqtt/Philips Backyard Sensor', payload '{"battery":43,"illuminance":781,"led_indication":true,"linkquality":72,"motion_sensitivity":"high","occupancy":false,"occupancy_timeout":60,"temperature":27.46,"update":{"installed_version":1124102917,"latest_version":1124102917,"state":"idle"}}'
[2025-07-09 18:21:47] info: 	z2m:mqtt: MQTT publish: topic 'zigbee2mqtt/Button 3', payload '{"battery":90,"identify":null,"linkquality":7,"update":{"installed_version":604241926,"latest_version":604241926,"state":"idle"}}'
[2025-07-09 18:25:05] info: 	z2m:mqtt: MQTT publish: topic 'zigbee2mqtt/Philips Backyard Sensor', payload '{"battery":43,"illuminance":685,"led_indication":true,"linkquality":65,"motion_sensitivity":"high","occupancy":false,"occupancy_timeout":60,"temperature":27.46,"update":{"installed_version":1124102917,"latest_version":1124102917,"state":"idle"}}'
[2025-07-09 18:28:11] info: 	z2m:mqtt: MQTT publish: topic 'zigbee2mqtt/bridge/health', payload '{"response_time":1752078491603,"os":{"load_average":[0.32,0.23,0.31],"memory_used_mb":1674.32,"memory_percent":57.3244},"process":{"uptime_sec":1212,"memory_used_mb":111.39,"memory_percent":2.8391},"mqtt":{"connected":true,"queued":0,"published":79,"received":105},"devices":{"0x0015bc0043006306":{"messages":5,"messages_per_sec":0.0042,"leave_count":0,"network_address_changes":0},"0x001788010649a073":{"messages":7,"messages_per_sec":0.0065,"leave_count":0,"network_address_changes":0},"0xb4e3f9fffe753317":{"messages":1,"messages_per_sec":0.0026,"leave_count":0,"network_address_changes":0}}}'
[2025-07-09 18:28:41] warning: 	z2m: Failed to ping 'Alarm Repeater' (attempt 1/1, ZCL command 0x0015bc0022000242/37 genBasic.read(["zclVersion"], {"timeout":10000,"disableResponse":false,"disableRecovery":true,"disableDefaultResponse":true,"direction":0,"reservedBits":0,"writeUndiv":false}) failed (Data request failed with error: 'No network route' (205)))
[2025-07-09 18:29:00] warning: 	z2m: Failed to ping 'Smart Plug Z1' (attempt 1/1, ZCL command 0xa4c13812921dddfd/1 genBasic.read(["zclVersion"], {"timeout":10000,"disableResponse":false,"disableRecovery":true,"disableDefaultResponse":true,"direction":0,"reservedBits":0,"writeUndiv":false}) failed (Data request failed with error: 'No network route' (205)))
[2025-07-09 18:29:05] warning: 	z2m: Failed to ping 'Alarm Siren' (attempt 1/1, ZCL command 0x0015bc0041007a25/43 genBasic.read(["zclVersion"], {"timeout":10000,"disableResponse":false,"disableRecovery":true,"disableDefaultResponse":true,"direction":0,"reservedBits":0,"writeUndiv":false}) failed (Data request failed with error: 'No network route' (205)))
[2025-07-09 18:30:05] info: 	z2m:mqtt: MQTT publish: topic 'zigbee2mqtt/Philips Backyard Sensor', payload '{"battery":43,"illuminance":816,"led_indication":true,"linkquality":76,"motion_sensitivity":"high","occupancy":false,"occupancy_timeout":60,"temperature":27.46,"update":{"installed_version":1124102917,"latest_version":1124102917,"state":"idle"}}'
[2025-07-09 18:30:47] info: 	z2m:mqtt: MQTT publish: topic 'zigbee2mqtt/Cube', payload '{"action_angle":null,"action_from_side":null,"battery":100,"current":0,"linkquality":123,"operation_mode":"action_mode","power":2,"power_outage_count":159,"side":2,"update":{"installed_version":-1,"latest_version":-1,"state":null},"voltage":3078}'
[2025-07-09 18:35:04] info: 	z2m:mqtt: MQTT publish: topic 'zigbee2mqtt/Philips Backyard Sensor', payload '{"battery":43,"illuminance":655,"led_indication":true,"linkquality":72,"motion_sensitivity":"high","occupancy":false,"occupancy_timeout":60,"temperature":27.46,"update":{"installed_version":1124102917,"latest_version":1124102917,"state":"idle"}}'
[2025-07-09 18:38:11] info: 	z2m:mqtt: MQTT publish: topic 'zigbee2mqtt/bridge/health', payload '{"response_time":1752079091608,"os":{"load_average":[0.02,0.04,0.16],"memory_used_mb":1683.58,"memory_percent":57.0882},"process":{"uptime_sec":1812,"memory_used_mb":111.63,"memory_percent":2.8452},"mqtt":{"connected":true,"queued":0,"published":90,"received":105},"devices":{"0x0015bc0043006306":{"messages":8,"messages_per_sec":0.0045,"leave_count":0,"network_address_changes":0},"0x001788010649a073":{"messages":9,"messages_per_sec":0.0053,"leave_count":0,"network_address_changes":0},"0xb4e3f9fffe753317":{"messages":1,"messages_per_sec":0.001,"leave_count":0,"network_address_changes":0},"0x54ef4410006a43c7":{"messages":1,"messages_per_sec":0.0023,"leave_count":0,"network_address_changes":0}}}'
[2025-07-09 18:40:04] info: 	z2m:mqtt: MQTT publish: topic 'zigbee2mqtt/Philips Backyard Sensor', payload '{"battery":43,"illuminance":548,"led_indication":true,"linkquality":65,"motion_sensitivity":"high","occupancy":false,"occupancy_timeout":60,"temperature":27.46,"update":{"installed_version":1124102917,"latest_version":1124102917,"state":"idle"}}'
[2025-07-09 18:45:03] info: 	z2m:mqtt: MQTT publish: topic 'zigbee2mqtt/Philips Backyard Sensor', payload '{"battery":43,"illuminance":388,"led_indication":true,"linkquality":69,"motion_sensitivity":"high","occupancy":false,"occupancy_timeout":60,"temperature":27.46,"update":{"installed_version":1124102917,"latest_version":1124102917,"state":"idle"}}'
[2025-07-09 18:45:19] info: 	z2m:mqtt: MQTT publish: topic 'zigbee2mqtt/Button 4 - Movie', payload '{"battery":100,"identify":null,"linkquality":109,"update":{"installed_version":604241926,"latest_version":604241926,"state":"idle"}}'
[2025-07-09 18:48:11] info: 	z2m:mqtt: MQTT publish: topic 'zigbee2mqtt/bridge/health', payload '{"response_time":1752079691613,"os":{"load_average":[0.01,0.02,0.08],"memory_used_mb":1685.02,"memory_percent":57.0516},"process":{"uptime_sec":2412,"memory_used_mb":111.75,"memory_percent":2.8484},"mqtt":{"connected":true,"queued":0,"published":98,"received":105},"devices":{"0x0015bc0043006306":{"messages":10,"messages_per_sec":0.0042,"leave_count":0,"network_address_changes":0},"0x001788010649a073":{"messages":11,"messages_per_sec":0.0048,"leave_count":0,"network_address_changes":0},"0xb4e3f9fffe753317":{"messages":1,"messages_per_sec":0.0006,"leave_count":0,"network_address_changes":0},"0x54ef4410006a43c7":{"messages":1,"messages_per_sec":0.001,"leave_count":0,"network_address_changes":0},"0xb4e3f9fffe249e15":{"messages":1,"messages_per_sec":0.0058,"leave_count":0,"network_address_changes":0}}}'
[2025-07-09 18:50:03] info: 	z2m:mqtt: MQTT publish: topic 'zigbee2mqtt/bridge/event', payload '{"data":{"friendly_name":"Philips Backyard Sensor","ieee_address":"0x001788010649a073"},"type":"device_announce"}'
[2025-07-09 18:50:03] info: 	z2m:mqtt: MQTT publish: topic 'zigbee2mqtt/Philips Backyard Sensor', payload '{"battery":43,"illuminance":374,"led_indication":true,"linkquality":76,"motion_sensitivity":"high","occupancy":false,"occupancy_timeout":60,"temperature":27.46,"update":{"installed_version":1124102917,"latest_version":1124102917,"state":"idle"}}'
[2025-07-09 18:53:14] error: 	zh:zstack:znp: Socket error Error: read ETIMEDOUT
[2025-07-09 18:53:14] info: 	zh:zstack:znp: Port closed
[2025-07-09 18:53:14] info: 	zh:zstack:znp: closing
[2025-07-09 18:53:14] error: 	z2m: Adapter disconnected, stopping
[2025-07-09 18:53:14] info: 	z2m:mqtt: MQTT publish: topic 'zigbee2mqtt/bridge/state', payload '{"state":"offline"}'
[2025-07-09 18:53:14] info: 	z2m: Disconnecting from MQTT server
[2025-07-09 18:53:14] info: 	z2m: Stopping zigbee-herdsman...
[2025-07-09 18:53:14] info: 	z2m: Stopped zigbee-herdsman
[2025-07-09 18:53:14] info: 	z2m: Stopped Zigbee2MQTT
