[2026-01-08 08:15:29] info: 	z2m: Logging to console, file (filename: log.log)
[2026-01-08 08:15:30] info: 	z2m: Starting Zigbee2MQTT version 2.7.2 (commit #unknown)
[2026-01-08 08:15:30] info: 	z2m: Starting zigbee-herdsman (8.0.1)
[2026-01-08 08:15:30] info: 	zh:zstack:znp: Opening TCP socket with 192.168.87.68:6638
[2026-01-08 08:15:30] info: 	zh:zstack:znp: Socket connected
[2026-01-08 08:15:30] info: 	zh:zstack:znp: Socket ready
[2026-01-08 08:15:30] info: 	zh:zstack:znp: Writing CC2530/CC2531 skip bootloader payload
[2026-01-08 08:15:31] info: 	zh:zstack:znp: Skip bootloader for CC2652/CC1352
[2026-01-08 08:15:33] info: 	z2m: zigbee-herdsman started (resumed)
[2026-01-08 08:15:33] info: 	z2m: Coordinator firmware version: '{"meta":{"maintrel":1,"majorrel":2,"minorrel":7,"product":1,"revision":20240710,"transportrev":2},"type":"ZStack3x0"}'
[2026-01-08 08:15:33] info: 	z2m: Button 4 - Movie (0xb4e3f9fffe249e15): E1812 - IKEA TRADFRI shortcut button (EndDevice)
[2026-01-08 08:15:33] info: 	z2m: Smart Plug Z1 (0xa4c13812921dddfd): A1Z - Nous Smart plug (with power monitoring) (Router)
[2026-01-08 08:15:33] info: 	z2m: Button 3 - Workshop (0xb4e3f9fffe753317): E1812 - IKEA TRADFRI shortcut button (EndDevice)
[2026-01-08 08:15:33] info: 	z2m: Button 2 - Chandelier (0x04cd15fffe7ff98b): E1812 - IKEA TRADFRI shortcut button (EndDevice)
[2026-01-08 08:15:33] info: 	z2m: Button 1 - Kitchen (0x04cd15fffe268dcc): E1812 - IKEA TRADFRI shortcut button (EndDevice)
[2026-01-08 08:15:33] info: 	z2m: Cube (0x54ef4410006a43c7): CTP-R01 - Aqara Cube T1 Pro (EndDevice)
[2026-01-08 08:15:33] info: 	z2m: Philips Backyard Sensor (0x001788010649a073): 9290019758 - Philips Hue motion outdoor sensor (EndDevice)
[2026-01-08 08:15:33] info: 	z2m: Water Sensor 1 (0x5c0272fffebb9cde): TS0207_water_leak_detector_3 - Tuya Zigbee water leak sensor (EndDevice)
[2026-01-08 08:15:33] info: 	z2m: Alarm Keypad (0x0015bc0043006306): KEYZB-110 - Develco Keypad (EndDevice)
[2026-01-08 08:15:33] info: 	z2m: Alarm Repeater (0x0015bc0022000242): REXZB-111 - Develco Range extender with backup battery (Router)
[2026-01-08 08:15:33] info: 	z2m: Alarm Siren (0x0015bc0041007a25): SIRZB-111 - Develco Customizable siren (Router)
[2026-01-08 08:15:33] info: 	z2m: Workshop Light (0x54ef441000b757df): CL-L02D - Aqara Ceiling light T1M (EndDevice)
[2026-01-08 08:15:33] info: 	z2m: Currently 12 devices are joined.
[2026-01-08 08:15:33] info: 	z2m: Connecting to MQTT server at mqtt://core-mosquitto:1883
[2026-01-08 08:15:33] info: 	z2m: Connected to MQTT server
[2026-01-08 08:15:33] info: 	z2m:mqtt: MQTT publish: topic 'zigbee2mqtt/bridge/state', payload '{"state":"online"}'
[2026-01-08 08:15:33] info: 	z2m:mqtt: MQTT publish: topic 'zigbee2mqtt/Button 4 - Movie/availability', payload '{"state":"online"}'
[2026-01-08 08:15:33] info: 	z2m:mqtt: MQTT publish: topic 'zigbee2mqtt/Smart Plug Z1/availability', payload '{"state":"offline"}'
[2026-01-08 08:15:34] info: 	z2m:mqtt: MQTT publish: topic 'zigbee2mqtt/Button 3 - Workshop/availability', payload '{"state":"online"}'
[2026-01-08 08:15:34] info: 	z2m:mqtt: MQTT publish: topic 'zigbee2mqtt/Button 2 - Chandelier/availability', payload '{"state":"online"}'
[2026-01-08 08:15:34] info: 	z2m:mqtt: MQTT publish: topic 'zigbee2mqtt/Button 1 - Kitchen/availability', payload '{"state":"online"}'
[2026-01-08 08:15:34] info: 	z2m:mqtt: MQTT publish: topic 'zigbee2mqtt/Cube/availability', payload '{"state":"online"}'
[2026-01-08 08:15:34] info: 	z2m:mqtt: MQTT publish: topic 'zigbee2mqtt/Philips Backyard Sensor/availability', payload '{"state":"online"}'
[2026-01-08 08:15:34] info: 	z2m:mqtt: MQTT publish: topic 'zigbee2mqtt/Water Sensor 1/availability', payload '{"state":"online"}'
[2026-01-08 08:15:34] info: 	z2m:mqtt: MQTT publish: topic 'zigbee2mqtt/Alarm Keypad/availability', payload '{"state":"online"}'
[2026-01-08 08:15:34] info: 	z2m:mqtt: MQTT publish: topic 'zigbee2mqtt/Alarm Repeater/availability', payload '{"state":"offline"}'
[2026-01-08 08:15:34] info: 	z2m:mqtt: MQTT publish: topic 'zigbee2mqtt/Alarm Siren/availability', payload '{"state":"offline"}'
[2026-01-08 08:15:34] info: 	z2m:mqtt: MQTT publish: topic 'zigbee2mqtt/Workshop Light/availability', payload '{"state":"online"}'
[2026-01-08 08:15:34] info: 	z2m: Started frontend on port 8099
[2026-01-08 08:15:34] info: 	z2m:mqtt: MQTT publish: topic 'zigbee2mqtt/Button 4 - Movie', payload '{"battery":90,"identify":null,"linkquality":98,"update":{"installed_version":604241926,"latest_version":604241926,"state":"idle"}}'
[2026-01-08 08:15:34] info: 	z2m:mqtt: MQTT publish: topic 'zigbee2mqtt/Smart Plug Z1', payload '{"child_lock":"UNLOCK","countdown":0,"current":0,"energy":16.74,"indicator_mode":"off/on","linkquality":120,"power":0,"power_outage_memory":"off","state":"OFF","update":{"installed_version":192,"latest_version":192,"state":"idle"},"voltage":232}'
[2026-01-08 08:15:34] info: 	z2m:mqtt: MQTT publish: topic 'zigbee2mqtt/Button 3 - Workshop', payload '{"battery":90,"identify":null,"linkquality":25,"update":{"installed_version":604241926,"latest_version":604241926,"state":"idle"}}'
[2026-01-08 08:15:34] info: 	z2m:mqtt: MQTT publish: topic 'zigbee2mqtt/Button 2 - Chandelier', payload '{"battery":14,"identify":null,"linkquality":25,"update":{"installed_version":604241926,"latest_version":604241926,"state":"idle"}}'
[2026-01-08 08:15:34] info: 	z2m:mqtt: MQTT publish: topic 'zigbee2mqtt/Button 1 - Kitchen', payload '{"battery":90,"identify":null,"linkquality":21,"update":{"installed_version":604241926,"latest_version":604241926,"state":"idle"}}'
[2026-01-08 08:15:34] info: 	z2m:mqtt: MQTT publish: topic 'zigbee2mqtt/Cube', payload '{"action_angle":null,"action_from_side":null,"battery":44,"current":0,"linkquality":127,"operation_mode":"action_mode","power":2,"power_outage_count":159,"side":4,"update":{"installed_version":-1,"latest_version":-1,"state":null},"voltage":2916}'
[2026-01-08 08:15:34] info: 	z2m:mqtt: MQTT publish: topic 'zigbee2mqtt/Philips Backyard Sensor', payload '{"battery":11,"illuminance":12,"led_indication":true,"linkquality":61,"motion_sensitivity":"high","occupancy":false,"occupancy_timeout":60,"temperature":6.69,"update":{"installed_version":1124102917,"latest_version":1124102917,"state":"idle"}}'
[2026-01-08 08:15:34] info: 	z2m:mqtt: MQTT publish: topic 'zigbee2mqtt/Water Sensor 1', payload '{"battery":70,"battery_low":false,"linkquality":25,"tamper":false,"voltage":2800,"water_leak":false}'
[2026-01-08 08:15:34] info: 	z2m:mqtt: MQTT publish: topic 'zigbee2mqtt/Alarm Keypad', payload '{"action_code":null,"action_transaction":null,"action_zone":null,"battery":100,"battery_low":false,"linkquality":32,"tamper":false,"update":{"installed_version":131077,"latest_version":131077,"state":"idle"},"voltage":5300}'
[2026-01-08 08:15:34] info: 	z2m:mqtt: MQTT publish: topic 'zigbee2mqtt/Alarm Repeater', payload '{"ac_connected":null,"alarm_1":false,"alarm_2":false,"battery":null,"battery_defect":null,"battery_low":true,"identify":null,"led_control":null,"linkquality":47,"tamper":false,"tx_power":null,"update":{"installed_version":-1,"latest_version":-1,"state":null},"voltage":null,"zone_status_interval":null}'
[2026-01-08 08:15:34] info: 	z2m:mqtt: MQTT publish: topic 'zigbee2mqtt/Alarm Siren', payload '{"ac_status":true,"alarm":false,"battery":null,"battery_low":true,"enrolled":true,"ias_cie_address":"0x00124b002e0e1c5f","linkquality":65,"max_duration":10,"restore_reports":true,"supervision_reports":true,"tamper":false,"test":false,"voltage":null,"zone_id":23}'
[2026-01-08 08:15:34] info: 	z2m:mqtt: MQTT publish: topic 'zigbee2mqtt/Workshop Light', payload '{"brightness_rgb":254,"brightness_white":254,"color_mode_rgb":"xy","color_rgb":{"x":0.313,"y":0.21},"device_temperature":28,"dimming_range_maximum":100,"dimming_range_minimum":1,"effect":null,"effect_speed":0,"identify":null,"level_config_white":{"off_transition_time":15,"on_transition_time":15},"linkquality":32,"off_on_duration":null,"on_off_duration":null,"power_on_behavior":null,"power_on_behaviour":"off","power_outage_count":41,"state":"OFF","state_rgb":"OFF","state_white":"OFF","update":{"installed_version":-1,"latest_version":-1,"state":null}}'
[2026-01-08 08:15:34] info: 	z2m:mqtt: MQTT publish: topic 'zigbee2mqtt/Workshop Light/white', payload '{"brightness":254,"level_config":{"off_transition_time":15,"on_transition_time":15},"state":"OFF"}'
[2026-01-08 08:15:34] info: 	z2m: Zigbee2MQTT started!
[2026-01-08 08:15:34] info: 	z2m:mqtt: MQTT publish: topic 'zigbee2mqtt/Workshop Light/rgb', payload '{"brightness":254,"color":{"x":0.313,"y":0.21},"color_mode":"xy","state":"OFF"}'
[2026-01-08 08:15:36] warning: 	z2m: Failed to ping 'Smart Plug Z1' (attempt 1/1, ZCL command 0xa4c13812921dddfd/1 genBasic.read(["zclVersion"], {"timeout":10000,"disableResponse":false,"disableRecovery":true,"disableDefaultResponse":true,"direction":0,"reservedBits":0,"writeUndiv":false,"sendPolicy":"immediate"}) failed (Data request failed with error: 'NWK_NO_ROUTE' (0xcd)))
[2026-01-08 08:15:39] info: 	z2m:mqtt: MQTT publish: topic 'homeassistant/binary_sensor/1221051039810110150109113116116_0x00124b002e0e1c5f/connection_state/config', payload '{"default_entity_id":"binary_sensor.zigbee2mqtt_bridge_connection_state","device":{"hw_version":"ZStack3x0 20240710","identifiers":["zigbee2mqtt_bridge_0x00124b002e0e1c5f"],"manufacturer":"Zigbee2MQTT","model":"Bridge","name":"Zigbee2MQTT Bridge","sw_version":"2.7.2"},"device_class":"connectivity","entity_category":"diagnostic","name":"Connection state","object_id":"zigbee2mqtt_bridge_connection_state","origin":{"name":"Zigbee2MQTT","sw":"2.7.2","url":"https://www.zigbee2mqtt.io"},"payload_off":"offline","payload_on":"online","state_topic":"zigbee2mqtt/bridge/state","unique_id":"bridge_0x00124b002e0e1c5f_connection_state_zigbee2mqtt","value_template":"{{ value_json.state }}"}'
[2026-01-08 08:15:40] warning: 	z2m: Failed to ping 'Alarm Repeater' (attempt 1/1, ZCL command 0x0015bc0022000242/37 genBasic.read(["zclVersion"], {"timeout":10000,"disableResponse":false,"disableRecovery":true,"disableDefaultResponse":true,"direction":0,"reservedBits":0,"writeUndiv":false,"sendPolicy":"immediate"}) failed (Data request failed with error: 'NWK_NO_ROUTE' (0xcd)))
[2026-01-08 08:15:43] warning: 	z2m: Failed to ping 'Alarm Siren' (attempt 1/1, ZCL command 0x0015bc0041007a25/43 genBasic.read(["zclVersion"], {"timeout":10000,"disableResponse":false,"disableRecovery":true,"disableDefaultResponse":true,"direction":0,"reservedBits":0,"writeUndiv":false,"sendPolicy":"immediate"}) failed (Data request failed with error: 'NWK_NO_ROUTE' (0xcd)))
[2026-01-08 08:15:53] info: 	z2m: Configuring 'Alarm Repeater'
[2026-01-08 08:16:04] error: 	z2m: Failed to configure 'Alarm Repeater', attempt 1 (Error: Bind 0x0015bc0022000242/37 genPowerCfg from '0x00124b002e0e1c5f/1' failed (AREQ - ZDO - bindRsp after 10000ms)
    at Object.start (/app/node_modules/.pnpm/zigbee-herdsman@8.0.1/node_modules/zigbee-herdsman/src/utils/waitress.ts:68:23)
    at func (/app/node_modules/.pnpm/zigbee-herdsman@8.0.1/node_modules/zigbee-herdsman/src/adapter/z-stack/adapter/zStackAdapter.ts:461:47)
    at processTicksAndRejections (node:internal/process/task_queues:105:5)
    at Queue.execute (/app/node_modules/.pnpm/zigbee-herdsman@8.0.1/node_modules/zigbee-herdsman/src/utils/queue.ts:36:20)
    at ZStackAdapter.sendZdoInternal (/app/node_modules/.pnpm/zigbee-herdsman@8.0.1/node_modules/zigbee-herdsman/src/adapter/z-stack/adapter/zStackAdapter.ts:466:43)
    at ZStackAdapter.sendZdo (/app/node_modules/.pnpm/zigbee-herdsman@8.0.1/node_modules/zigbee-herdsman/src/adapter/z-stack/adapter/zStackAdapter.ts:343:16)
    at Endpoint.bind (/app/node_modules/.pnpm/zigbee-herdsman@8.0.1/node_modules/zigbee-herdsman/src/controller/model/endpoint.ts:719:30)
    at Object.bind (/app/node_modules/.pnpm/zigbee-herdsman-converters@25.98.0/node_modules/zigbee-herdsman-converters/src/lib/reporting.ts:48:9)
    at configure (/app/node_modules/.pnpm/zigbee-herdsman-converters@25.98.0/node_modules/zigbee-herdsman-converters/src/devices/develco.ts:1104:13)
    at Object.configure (/app/node_modules/.pnpm/zigbee-herdsman-converters@25.98.0/node_modules/zigbee-herdsman-converters/src/index.ts:365:21))
[2026-01-08 08:16:14] info: 	z2m: Configuring 'Alarm Siren'
[2026-01-08 08:16:24] error: 	z2m: Failed to configure 'Alarm Siren', attempt 1 (Error: Bind 0x0015bc0041007a25/43 ssIasZone from '0x00124b002e0e1c5f/1' failed (AREQ - ZDO - bindRsp after 10000ms)
    at Object.start (/app/node_modules/.pnpm/zigbee-herdsman@8.0.1/node_modules/zigbee-herdsman/src/utils/waitress.ts:68:23)
    at func (/app/node_modules/.pnpm/zigbee-herdsman@8.0.1/node_modules/zigbee-herdsman/src/adapter/z-stack/adapter/zStackAdapter.ts:461:47)
    at processTicksAndRejections (node:internal/process/task_queues:105:5)
    at Queue.execute (/app/node_modules/.pnpm/zigbee-herdsman@8.0.1/node_modules/zigbee-herdsman/src/utils/queue.ts:36:20)
    at ZStackAdapter.sendZdoInternal (/app/node_modules/.pnpm/zigbee-herdsman@8.0.1/node_modules/zigbee-herdsman/src/adapter/z-stack/adapter/zStackAdapter.ts:466:43)
    at ZStackAdapter.sendZdo (/app/node_modules/.pnpm/zigbee-herdsman@8.0.1/node_modules/zigbee-herdsman/src/adapter/z-stack/adapter/zStackAdapter.ts:343:16)
    at Endpoint.bind (/app/node_modules/.pnpm/zigbee-herdsman@8.0.1/node_modules/zigbee-herdsman/src/controller/model/endpoint.ts:719:30)
    at Object.bind (/app/node_modules/.pnpm/zigbee-herdsman-converters@25.98.0/node_modules/zigbee-herdsman-converters/src/lib/reporting.ts:48:9)
    at configure (/app/node_modules/.pnpm/zigbee-herdsman-converters@25.98.0/node_modules/zigbee-herdsman-converters/src/devices/develco.ts:928:13)
    at Object.configure (/app/node_modules/.pnpm/zigbee-herdsman-converters@25.98.0/node_modules/zigbee-herdsman-converters/src/index.ts:365:21))
[2026-01-08 08:17:54] info: 	z2m:mqtt: MQTT publish: topic 'zigbee2mqtt/Philips Backyard Sensor', payload '{"battery":11,"illuminance":21,"led_indication":true,"linkquality":76,"motion_sensitivity":"high","occupancy":false,"occupancy_timeout":60,"temperature":6.69,"update":{"installed_version":1124102917,"latest_version":1124102917,"state":"idle"}}'
[2026-01-08 08:18:57] info: 	z2m:mqtt: MQTT publish: topic 'zigbee2mqtt/Alarm Keypad', payload '{"action_code":null,"action_transaction":null,"action_zone":null,"battery":100,"battery_low":false,"linkquality":32,"tamper":false,"update":{"installed_version":131077,"latest_version":131077,"state":"idle"},"voltage":5300}'
[2026-01-08 08:19:09] info: 	z2m: Configuring 'Workshop Light'
[2026-01-08 08:19:09] info: 	z2m:mqtt: MQTT publish: topic 'zigbee2mqtt/Workshop Light', payload '{"brightness_rgb":254,"brightness_white":254,"color_mode_rgb":"xy","color_rgb":{"x":0.313,"y":0.21},"device_temperature":29,"dimming_range_maximum":100,"dimming_range_minimum":1,"effect":null,"effect_speed":0,"identify":null,"level_config_white":{"off_transition_time":15,"on_transition_time":15},"linkquality":29,"off_on_duration":null,"on_off_duration":null,"power_on_behavior":null,"power_on_behaviour":"off","power_outage_count":41,"state":"OFF","state_rgb":"OFF","state_white":"OFF","update":{"installed_version":-1,"latest_version":-1,"state":null}}'
[2026-01-08 08:19:09] info: 	z2m:mqtt: MQTT publish: topic 'zigbee2mqtt/Workshop Light/white', payload '{"brightness":254,"level_config":{"off_transition_time":15,"on_transition_time":15},"state":"OFF"}'
[2026-01-08 08:19:09] info: 	z2m:mqtt: MQTT publish: topic 'zigbee2mqtt/Workshop Light/rgb', payload '{"brightness":254,"color":{"x":0.313,"y":0.21},"color_mode":"xy","state":"OFF"}'
[2026-01-08 08:19:09] info: 	z2m:mqtt: MQTT publish: topic 'zigbee2mqtt/Workshop Light', payload '{"brightness_rgb":254,"brightness_white":254,"color_mode_rgb":"xy","color_rgb":{"x":0.313,"y":0.21},"device_temperature":29,"dimming_range_maximum":100,"dimming_range_minimum":1,"effect":null,"effect_speed":0,"identify":null,"level_config_white":{"off_transition_time":15,"on_transition_time":15},"linkquality":29,"off_on_duration":null,"on_off_duration":null,"power_on_behavior":null,"power_on_behaviour":"off","power_outage_count":41,"state":"OFF","state_rgb":"OFF","state_white":"OFF","update":{"installed_version":-1,"latest_version":-1,"state":null}}'
[2026-01-08 08:19:09] info: 	z2m:mqtt: MQTT publish: topic 'zigbee2mqtt/Workshop Light/white', payload '{"brightness":254,"level_config":{"off_transition_time":15,"on_transition_time":15},"state":"OFF"}'
[2026-01-08 08:19:09] info: 	z2m:mqtt: MQTT publish: topic 'zigbee2mqtt/Workshop Light/rgb', payload '{"brightness":254,"color":{"x":0.313,"y":0.21},"color_mode":"xy","state":"OFF"}'
[2026-01-08 08:19:09] info: 	z2m:mqtt: MQTT publish: topic 'zigbee2mqtt/Workshop Light', payload '{"brightness_rgb":254,"brightness_white":254,"color_mode_rgb":"xy","color_rgb":{"x":0.313,"y":0.21},"device_temperature":29,"dimming_range_maximum":100,"dimming_range_minimum":1,"effect":null,"effect_speed":0,"identify":null,"level_config_white":{"off_transition_time":15,"on_transition_time":15},"linkquality":29,"off_on_duration":null,"on_off_duration":null,"power_on_behavior":null,"power_on_behaviour":"off","power_outage_count":41,"state":"OFF","state_rgb":"OFF","state_white":"OFF","update":{"installed_version":-1,"latest_version":-1,"state":null}}'
[2026-01-08 08:19:09] info: 	z2m:mqtt: MQTT publish: topic 'zigbee2mqtt/Workshop Light/white', payload '{"brightness":254,"level_config":{"off_transition_time":15,"on_transition_time":15},"state":"OFF"}'
[2026-01-08 08:19:09] info: 	z2m:mqtt: MQTT publish: topic 'zigbee2mqtt/Workshop Light/rgb', payload '{"brightness":254,"color":{"x":0.313,"y":0.21},"color_mode":"xy","state":"OFF"}'
[2026-01-08 08:19:10] info: 	z2m:mqtt: MQTT publish: topic 'zigbee2mqtt/Workshop Light', payload '{"brightness_rgb":254,"brightness_white":254,"color_mode_rgb":"xy","color_rgb":{"x":0.313,"y":0.21},"device_temperature":29,"dimming_range_maximum":100,"dimming_range_minimum":1,"effect":null,"effect_speed":0,"identify":null,"level_config_white":{"off_transition_time":15,"on_transition_time":15},"linkquality":32,"off_on_duration":null,"on_off_duration":null,"power_on_behavior":null,"power_on_behaviour":"off","power_outage_count":41,"state":"OFF","state_rgb":"OFF","state_white":"OFF","update":{"installed_version":-1,"latest_version":-1,"state":null}}'
[2026-01-08 08:19:10] info: 	z2m:mqtt: MQTT publish: topic 'zigbee2mqtt/Workshop Light/white', payload '{"brightness":254,"level_config":{"off_transition_time":15,"on_transition_time":15},"state":"OFF"}'
[2026-01-08 08:19:10] info: 	z2m:mqtt: MQTT publish: topic 'zigbee2mqtt/Workshop Light/rgb', payload '{"brightness":254,"color":{"x":0.313,"y":0.21},"color_mode":"xy","state":"OFF"}'
[2026-01-08 08:19:10] info: 	z2m:mqtt: MQTT publish: topic 'zigbee2mqtt/Workshop Light', payload '{"brightness_rgb":254,"brightness_white":254,"color_mode_rgb":"xy","color_rgb":{"x":0.313,"y":0.21},"device_temperature":29,"dimming_range_maximum":100,"dimming_range_minimum":1,"effect":null,"effect_speed":0,"identify":null,"level_config_white":{"off_transition_time":15,"on_transition_time":15},"linkquality":29,"off_on_duration":null,"on_off_duration":null,"power_on_behavior":null,"power_on_behaviour":"off","power_outage_count":41,"state":"OFF","state_rgb":"OFF","state_white":"OFF","update":{"installed_version":-1,"latest_version":-1,"state":null}}'
[2026-01-08 08:19:10] info: 	z2m:mqtt: MQTT publish: topic 'zigbee2mqtt/Workshop Light/white', payload '{"brightness":254,"level_config":{"off_transition_time":15,"on_transition_time":15},"state":"OFF"}'
[2026-01-08 08:19:10] info: 	z2m:mqtt: MQTT publish: topic 'zigbee2mqtt/Workshop Light/rgb', payload '{"brightness":254,"color":{"x":0.313,"y":0.21},"color_mode":"xy","state":"OFF"}'
[2026-01-08 08:19:10] info: 	z2m:mqtt: MQTT publish: topic 'zigbee2mqtt/Workshop Light', payload '{"brightness_rgb":254,"brightness_white":254,"color_mode_rgb":"xy","color_rgb":{"x":0.313,"y":0.21},"device_temperature":29,"dimming_range_maximum":100,"dimming_range_minimum":1,"effect":null,"effect_speed":0,"identify":null,"level_config_white":{"off_transition_time":15,"on_transition_time":15},"linkquality":32,"off_on_duration":null,"on_off_duration":null,"power_on_behavior":null,"power_on_behaviour":"off","power_outage_count":41,"state":"OFF","state_rgb":"OFF","state_white":"OFF","update":{"installed_version":-1,"latest_version":-1,"state":null}}'
[2026-01-08 08:19:10] info: 	z2m:mqtt: MQTT publish: topic 'zigbee2mqtt/Workshop Light/white', payload '{"brightness":254,"level_config":{"off_transition_time":15,"on_transition_time":15},"state":"OFF"}'
[2026-01-08 08:19:10] info: 	z2m:mqtt: MQTT publish: topic 'zigbee2mqtt/Workshop Light/rgb', payload '{"brightness":254,"color":{"x":0.313,"y":0.21},"color_mode":"xy","state":"OFF"}'
[2026-01-08 08:19:10] error: 	z2m: Failed to configure 'Workshop Light', attempt 1 (Error: Device 0x54ef441000b757df has no input cluster manuSpecificLumi
    at getEndpointsWithCluster (/app/node_modules/.pnpm/zigbee-herdsman-converters@25.98.0/node_modules/zigbee-herdsman-converters/src/lib/modernExtend.ts:73:15)
    at configure (/app/node_modules/.pnpm/zigbee-herdsman-converters@25.98.0/node_modules/zigbee-herdsman-converters/src/lib/modernExtend.ts:238:29)
    at Object.configure (/app/node_modules/.pnpm/zigbee-herdsman-converters@25.98.0/node_modules/zigbee-herdsman-converters/src/index.ts:365:27)
    at processTicksAndRejections (node:internal/process/task_queues:105:5)
    at Configure.configure (/app/lib/extension/configure.ts:123:13)
    at EventEmitter.wrappedCallback (/app/lib/eventBus.ts:252:17))
[2026-01-08 08:22:54] info: 	z2m:mqtt: MQTT publish: topic 'zigbee2mqtt/Philips Backyard Sensor', payload '{"battery":11,"illuminance":32,"led_indication":true,"linkquality":76,"motion_sensitivity":"high","occupancy":false,"occupancy_timeout":60,"temperature":6.69,"update":{"installed_version":1124102917,"latest_version":1124102917,"state":"idle"}}'
[2026-01-08 08:23:44] info: 	z2m: Configuring 'Workshop Light'
[2026-01-08 08:23:44] info: 	z2m:mqtt: MQTT publish: topic 'zigbee2mqtt/Workshop Light', payload '{"brightness_rgb":254,"brightness_white":254,"color_mode_rgb":"xy","color_rgb":{"x":0.313,"y":0.21},"device_temperature":29,"dimming_range_maximum":100,"dimming_range_minimum":1,"effect":null,"effect_speed":0,"identify":null,"level_config_white":{"off_transition_time":15,"on_transition_time":15},"linkquality":36,"off_on_duration":null,"on_off_duration":null,"power_on_behavior":null,"power_on_behaviour":"off","power_outage_count":41,"state":"OFF","state_rgb":"OFF","state_white":"OFF","update":{"installed_version":-1,"latest_version":-1,"state":null}}'
[2026-01-08 08:23:44] info: 	z2m:mqtt: MQTT publish: topic 'zigbee2mqtt/Workshop Light/white', payload '{"brightness":254,"level_config":{"off_transition_time":15,"on_transition_time":15},"state":"OFF"}'
[2026-01-08 08:23:44] info: 	z2m:mqtt: MQTT publish: topic 'zigbee2mqtt/Workshop Light/rgb', payload '{"brightness":254,"color":{"x":0.313,"y":0.21},"color_mode":"xy","state":"OFF"}'
[2026-01-08 08:23:45] info: 	z2m:mqtt: MQTT publish: topic 'zigbee2mqtt/Workshop Light', payload '{"brightness_rgb":254,"brightness_white":254,"color_mode_rgb":"xy","color_rgb":{"x":0.313,"y":0.21},"device_temperature":29,"dimming_range_maximum":100,"dimming_range_minimum":1,"effect":null,"effect_speed":0,"identify":null,"level_config_white":{"off_transition_time":15,"on_transition_time":15},"linkquality":32,"off_on_duration":null,"on_off_duration":null,"power_on_behavior":null,"power_on_behaviour":"off","power_outage_count":41,"state":"OFF","state_rgb":"OFF","state_white":"OFF","update":{"installed_version":-1,"latest_version":-1,"state":null}}'
[2026-01-08 08:23:45] info: 	z2m:mqtt: MQTT publish: topic 'zigbee2mqtt/Workshop Light/white', payload '{"brightness":254,"level_config":{"off_transition_time":15,"on_transition_time":15},"state":"OFF"}'
[2026-01-08 08:23:45] info: 	z2m:mqtt: MQTT publish: topic 'zigbee2mqtt/Workshop Light/rgb', payload '{"brightness":254,"color":{"x":0.313,"y":0.21},"color_mode":"xy","state":"OFF"}'
[2026-01-08 08:23:45] info: 	z2m:mqtt: MQTT publish: topic 'zigbee2mqtt/Workshop Light', payload '{"brightness_rgb":254,"brightness_white":254,"color_mode_rgb":"xy","color_rgb":{"x":0.313,"y":0.21},"device_temperature":29,"dimming_range_maximum":100,"dimming_range_minimum":1,"effect":null,"effect_speed":0,"identify":null,"level_config_white":{"off_transition_time":15,"on_transition_time":15},"linkquality":32,"off_on_duration":null,"on_off_duration":null,"power_on_behavior":null,"power_on_behaviour":"off","power_outage_count":41,"state":"OFF","state_rgb":"OFF","state_white":"OFF","update":{"installed_version":-1,"latest_version":-1,"state":null}}'
[2026-01-08 08:23:45] info: 	z2m:mqtt: MQTT publish: topic 'zigbee2mqtt/Workshop Light/white', payload '{"brightness":254,"level_config":{"off_transition_time":15,"on_transition_time":15},"state":"OFF"}'
[2026-01-08 08:23:45] info: 	z2m:mqtt: MQTT publish: topic 'zigbee2mqtt/Workshop Light/rgb', payload '{"brightness":254,"color":{"x":0.313,"y":0.21},"color_mode":"xy","state":"OFF"}'
[2026-01-08 08:23:45] info: 	z2m:mqtt: MQTT publish: topic 'zigbee2mqtt/Workshop Light', payload '{"brightness_rgb":254,"brightness_white":254,"color_mode_rgb":"xy","color_rgb":{"x":0.313,"y":0.21},"device_temperature":29,"dimming_range_maximum":100,"dimming_range_minimum":1,"effect":null,"effect_speed":0,"identify":null,"level_config_white":{"off_transition_time":15,"on_transition_time":15},"linkquality":32,"off_on_duration":null,"on_off_duration":null,"power_on_behavior":null,"power_on_behaviour":"off","power_outage_count":41,"state":"OFF","state_rgb":"OFF","state_white":"OFF","update":{"installed_version":-1,"latest_version":-1,"state":null}}'
[2026-01-08 08:23:45] info: 	z2m:mqtt: MQTT publish: topic 'zigbee2mqtt/Workshop Light/white', payload '{"brightness":254,"level_config":{"off_transition_time":15,"on_transition_time":15},"state":"OFF"}'
[2026-01-08 08:23:45] info: 	z2m:mqtt: MQTT publish: topic 'zigbee2mqtt/Workshop Light/rgb', payload '{"brightness":254,"color":{"x":0.313,"y":0.21},"color_mode":"xy","state":"OFF"}'
[2026-01-08 08:23:45] info: 	z2m:mqtt: MQTT publish: topic 'zigbee2mqtt/Workshop Light', payload '{"brightness_rgb":254,"brightness_white":254,"color_mode_rgb":"xy","color_rgb":{"x":0.313,"y":0.21},"device_temperature":29,"dimming_range_maximum":100,"dimming_range_minimum":1,"effect":null,"effect_speed":0,"identify":null,"level_config_white":{"off_transition_time":15,"on_transition_time":15},"linkquality":32,"off_on_duration":null,"on_off_duration":null,"power_on_behavior":null,"power_on_behaviour":"off","power_outage_count":41,"state":"OFF","state_rgb":"OFF","state_white":"OFF","update":{"installed_version":-1,"latest_version":-1,"state":null}}'
[2026-01-08 08:23:45] info: 	z2m:mqtt: MQTT publish: topic 'zigbee2mqtt/Workshop Light/white', payload '{"brightness":254,"level_config":{"off_transition_time":15,"on_transition_time":15},"state":"OFF"}'
[2026-01-08 08:23:45] info: 	z2m:mqtt: MQTT publish: topic 'zigbee2mqtt/Workshop Light/rgb', payload '{"brightness":254,"color":{"x":0.313,"y":0.21},"color_mode":"xy","state":"OFF"}'
[2026-01-08 08:23:45] error: 	z2m: Failed to configure 'Workshop Light', attempt 2 (Error: Device 0x54ef441000b757df has no input cluster manuSpecificLumi
    at getEndpointsWithCluster (/app/node_modules/.pnpm/zigbee-herdsman-converters@25.98.0/node_modules/zigbee-herdsman-converters/src/lib/modernExtend.ts:73:15)
    at configure (/app/node_modules/.pnpm/zigbee-herdsman-converters@25.98.0/node_modules/zigbee-herdsman-converters/src/lib/modernExtend.ts:238:29)
    at Object.configure (/app/node_modules/.pnpm/zigbee-herdsman-converters@25.98.0/node_modules/zigbee-herdsman-converters/src/index.ts:365:27)
    at processTicksAndRejections (node:internal/process/task_queues:105:5)
    at Configure.configure (/app/lib/extension/configure.ts:123:13)
    at EventEmitter.wrappedCallback (/app/lib/eventBus.ts:252:17))
[2026-01-08 08:23:57] info: 	z2m:mqtt: MQTT publish: topic 'zigbee2mqtt/Alarm Keypad', payload '{"action_code":null,"action_transaction":null,"action_zone":null,"battery":100,"battery_low":false,"linkquality":32,"tamper":false,"update":{"installed_version":131077,"latest_version":131077,"state":"idle"},"voltage":5300}'
[2026-01-08 08:25:34] info: 	z2m:mqtt: MQTT publish: topic 'zigbee2mqtt/bridge/health', payload '{"response_time":1767857134538,"os":{"load_average":[0.06,0.14,0.15],"memory_used_mb":1684.11,"memory_percent":42.9258},"process":{"uptime_sec":610,"memory_used_mb":123.23,"memory_percent":3.1409},"mqtt":{"connected":true,"queued":0,"published":148,"received":140},"devices":{"0x001788010649a073":{"messages":2,"messages_per_sec":0.0043,"leave_count":0,"network_address_changes":0},"0x0015bc0043006306":{"messages":3,"messages_per_sec":0.0076,"leave_count":0,"network_address_changes":0},"0x54ef441000b757df":{"messages":19,"messages_per_sec":0.0494,"leave_count":0,"network_address_changes":0}}}'
[2026-01-08 08:25:47] info: 	z2m: Configuring 'Workshop Light'
[2026-01-08 08:25:47] info: 	z2m:mqtt: MQTT publish: topic 'zigbee2mqtt/Workshop Light', payload '{"brightness_rgb":254,"brightness_white":254,"color_mode_rgb":"xy","color_rgb":{"x":0.313,"y":0.21},"device_temperature":29,"dimming_range_maximum":100,"dimming_range_minimum":1,"effect":null,"effect_speed":0,"identify":null,"level_config_white":{"off_transition_time":15,"on_transition_time":15},"linkquality":32,"off_on_duration":null,"on_off_duration":null,"power_on_behavior":null,"power_on_behaviour":"off","power_outage_count":41,"state":"OFF","state_rgb":"OFF","state_white":"OFF","update":{"installed_version":-1,"latest_version":-1,"state":null}}'
[2026-01-08 08:25:47] info: 	z2m:mqtt: MQTT publish: topic 'zigbee2mqtt/Workshop Light/white', payload '{"brightness":254,"level_config":{"off_transition_time":15,"on_transition_time":15},"state":"OFF"}'
[2026-01-08 08:25:47] info: 	z2m:mqtt: MQTT publish: topic 'zigbee2mqtt/Workshop Light/rgb', payload '{"brightness":254,"color":{"x":0.313,"y":0.21},"color_mode":"xy","state":"OFF"}'
[2026-01-08 08:25:47] info: 	z2m:mqtt: MQTT publish: topic 'zigbee2mqtt/Workshop Light', payload '{"brightness_rgb":254,"brightness_white":254,"color_mode_rgb":"xy","color_rgb":{"x":0.313,"y":0.21},"device_temperature":29,"dimming_range_maximum":100,"dimming_range_minimum":1,"effect":null,"effect_speed":0,"identify":null,"level_config_white":{"off_transition_time":15,"on_transition_time":15},"linkquality":36,"off_on_duration":null,"on_off_duration":null,"power_on_behavior":null,"power_on_behaviour":"off","power_outage_count":41,"state":"OFF","state_rgb":"OFF","state_white":"OFF","update":{"installed_version":-1,"latest_version":-1,"state":null}}'
[2026-01-08 08:25:47] info: 	z2m:mqtt: MQTT publish: topic 'zigbee2mqtt/Workshop Light/white', payload '{"brightness":254,"level_config":{"off_transition_time":15,"on_transition_time":15},"state":"OFF"}'
[2026-01-08 08:25:47] info: 	z2m:mqtt: MQTT publish: topic 'zigbee2mqtt/Workshop Light/rgb', payload '{"brightness":254,"color":{"x":0.313,"y":0.21},"color_mode":"xy","state":"OFF"}'
[2026-01-08 08:25:47] info: 	z2m:mqtt: MQTT publish: topic 'zigbee2mqtt/Workshop Light', payload '{"brightness_rgb":254,"brightness_white":254,"color_mode_rgb":"xy","color_rgb":{"x":0.313,"y":0.21},"device_temperature":29,"dimming_range_maximum":100,"dimming_range_minimum":1,"effect":null,"effect_speed":0,"identify":null,"level_config_white":{"off_transition_time":15,"on_transition_time":15},"linkquality":36,"off_on_duration":null,"on_off_duration":null,"power_on_behavior":null,"power_on_behaviour":"off","power_outage_count":41,"state":"OFF","state_rgb":"OFF","state_white":"OFF","update":{"installed_version":-1,"latest_version":-1,"state":null}}'
[2026-01-08 08:25:47] info: 	z2m:mqtt: MQTT publish: topic 'zigbee2mqtt/Workshop Light/white', payload '{"brightness":254,"level_config":{"off_transition_time":15,"on_transition_time":15},"state":"OFF"}'
[2026-01-08 08:25:47] info: 	z2m:mqtt: MQTT publish: topic 'zigbee2mqtt/Workshop Light/rgb', payload '{"brightness":254,"color":{"x":0.313,"y":0.21},"color_mode":"xy","state":"OFF"}'
[2026-01-08 08:25:47] info: 	z2m:mqtt: MQTT publish: topic 'zigbee2mqtt/Workshop Light', payload '{"brightness_rgb":254,"brightness_white":254,"color_mode_rgb":"xy","color_rgb":{"x":0.313,"y":0.21},"device_temperature":29,"dimming_range_maximum":100,"dimming_range_minimum":1,"effect":null,"effect_speed":0,"identify":null,"level_config_white":{"off_transition_time":15,"on_transition_time":15},"linkquality":32,"off_on_duration":null,"on_off_duration":null,"power_on_behavior":null,"power_on_behaviour":"off","power_outage_count":41,"state":"OFF","state_rgb":"OFF","state_white":"OFF","update":{"installed_version":-1,"latest_version":-1,"state":null}}'
[2026-01-08 08:25:47] info: 	z2m:mqtt: MQTT publish: topic 'zigbee2mqtt/Workshop Light/white', payload '{"brightness":254,"level_config":{"off_transition_time":15,"on_transition_time":15},"state":"OFF"}'
[2026-01-08 08:25:47] info: 	z2m:mqtt: MQTT publish: topic 'zigbee2mqtt/Workshop Light/rgb', payload '{"brightness":254,"color":{"x":0.313,"y":0.21},"color_mode":"xy","state":"OFF"}'
[2026-01-08 08:25:47] info: 	z2m:mqtt: MQTT publish: topic 'zigbee2mqtt/Workshop Light', payload '{"brightness_rgb":254,"brightness_white":254,"color_mode_rgb":"xy","color_rgb":{"x":0.313,"y":0.21},"device_temperature":29,"dimming_range_maximum":100,"dimming_range_minimum":1,"effect":null,"effect_speed":0,"identify":null,"level_config_white":{"off_transition_time":15,"on_transition_time":15},"linkquality":36,"off_on_duration":null,"on_off_duration":null,"power_on_behavior":null,"power_on_behaviour":"off","power_outage_count":41,"state":"OFF","state_rgb":"OFF","state_white":"OFF","update":{"installed_version":-1,"latest_version":-1,"state":null}}'
[2026-01-08 08:25:47] info: 	z2m:mqtt: MQTT publish: topic 'zigbee2mqtt/Workshop Light/white', payload '{"brightness":254,"level_config":{"off_transition_time":15,"on_transition_time":15},"state":"OFF"}'
[2026-01-08 08:25:47] info: 	z2m:mqtt: MQTT publish: topic 'zigbee2mqtt/Workshop Light/rgb', payload '{"brightness":254,"color":{"x":0.313,"y":0.21},"color_mode":"xy","state":"OFF"}'
[2026-01-08 08:25:47] info: 	z2m:mqtt: MQTT publish: topic 'zigbee2mqtt/Workshop Light', payload '{"brightness_rgb":254,"brightness_white":254,"color_mode_rgb":"xy","color_rgb":{"x":0.313,"y":0.21},"device_temperature":29,"dimming_range_maximum":100,"dimming_range_minimum":1,"effect":null,"effect_speed":0,"identify":null,"level_config_white":{"off_transition_time":15,"on_transition_time":15},"linkquality":36,"off_on_duration":null,"on_off_duration":null,"power_on_behavior":null,"power_on_behaviour":"off","power_outage_count":41,"state":"OFF","state_rgb":"OFF","state_white":"OFF","update":{"installed_version":-1,"latest_version":-1,"state":null}}'
[2026-01-08 08:25:47] info: 	z2m:mqtt: MQTT publish: topic 'zigbee2mqtt/Workshop Light/white', payload '{"brightness":254,"level_config":{"off_transition_time":15,"on_transition_time":15},"state":"OFF"}'
[2026-01-08 08:25:47] info: 	z2m:mqtt: MQTT publish: topic 'zigbee2mqtt/Workshop Light/rgb', payload '{"brightness":254,"color":{"x":0.313,"y":0.21},"color_mode":"xy","state":"OFF"}'
[2026-01-08 08:25:47] error: 	z2m: Failed to configure 'Workshop Light', attempt 3 (Error: Device 0x54ef441000b757df has no input cluster manuSpecificLumi
    at getEndpointsWithCluster (/app/node_modules/.pnpm/zigbee-herdsman-converters@25.98.0/node_modules/zigbee-herdsman-converters/src/lib/modernExtend.ts:73:15)
    at configure (/app/node_modules/.pnpm/zigbee-herdsman-converters@25.98.0/node_modules/zigbee-herdsman-converters/src/lib/modernExtend.ts:238:29)
    at Object.configure (/app/node_modules/.pnpm/zigbee-herdsman-converters@25.98.0/node_modules/zigbee-herdsman-converters/src/index.ts:365:27)
    at processTicksAndRejections (node:internal/process/task_queues:105:5)
    at Configure.configure (/app/lib/extension/configure.ts:123:13)
    at EventEmitter.wrappedCallback (/app/lib/eventBus.ts:252:17))
[2026-01-08 08:27:53] info: 	z2m:mqtt: MQTT publish: topic 'zigbee2mqtt/Philips Backyard Sensor', payload '{"battery":11,"illuminance":43,"led_indication":true,"linkquality":76,"motion_sensitivity":"high","occupancy":false,"occupancy_timeout":60,"temperature":6.69,"update":{"installed_version":1124102917,"latest_version":1124102917,"state":"idle"}}'
[2026-01-08 08:28:57] info: 	z2m:mqtt: MQTT publish: topic 'zigbee2mqtt/Alarm Keypad', payload '{"action_code":null,"action_transaction":null,"action_zone":null,"battery":100,"battery_low":false,"linkquality":32,"tamper":false,"update":{"installed_version":131077,"latest_version":131077,"state":"idle"},"voltage":5300}'
[2026-01-08 08:30:23] info: 	z2m:mqtt: MQTT publish: topic 'zigbee2mqtt/Philips Backyard Sensor', payload '{"battery":11,"illuminance":43,"led_indication":true,"linkquality":80,"motion_sensitivity":"high","occupancy":false,"occupancy_timeout":60,"temperature":6.69,"update":{"installed_version":1124102917,"latest_version":1124102917,"state":"idle"}}'
[2026-01-08 08:32:53] info: 	z2m:mqtt: MQTT publish: topic 'zigbee2mqtt/Philips Backyard Sensor', payload '{"battery":11,"illuminance":55,"led_indication":true,"linkquality":76,"motion_sensitivity":"high","occupancy":false,"occupancy_timeout":60,"temperature":6.69,"update":{"installed_version":1124102917,"latest_version":1124102917,"state":"idle"}}'
[2026-01-08 08:33:39] info: 	z2m:mqtt: MQTT publish: topic 'zigbee2mqtt/Workshop Light', payload '{"brightness_rgb":254,"brightness_white":254,"color_mode_rgb":"xy","color_rgb":{"x":0.313,"y":0.21},"device_temperature":28,"dimming_range_maximum":100,"dimming_range_minimum":1,"effect":null,"effect_speed":0,"identify":null,"level_config_white":{"off_transition_time":15,"on_transition_time":15},"linkquality":32,"off_on_duration":null,"on_off_duration":null,"power_on_behavior":null,"power_on_behaviour":"off","power_outage_count":41,"state":"OFF","state_rgb":"OFF","state_white":"OFF","update":{"installed_version":-1,"latest_version":-1,"state":null}}'
[2026-01-08 08:33:39] info: 	z2m:mqtt: MQTT publish: topic 'zigbee2mqtt/Workshop Light/white', payload '{"brightness":254,"level_config":{"off_transition_time":15,"on_transition_time":15},"state":"OFF"}'
[2026-01-08 08:33:39] info: 	z2m:mqtt: MQTT publish: topic 'zigbee2mqtt/Workshop Light/rgb', payload '{"brightness":254,"color":{"x":0.313,"y":0.21},"color_mode":"xy","state":"OFF"}'
[2026-01-08 08:33:57] info: 	z2m:mqtt: MQTT publish: topic 'zigbee2mqtt/Alarm Keypad', payload '{"action_code":null,"action_transaction":null,"action_zone":null,"battery":100,"battery_low":false,"linkquality":36,"tamper":false,"update":{"installed_version":131077,"latest_version":131077,"state":"idle"},"voltage":5300}'
[2026-01-08 08:35:34] info: 	z2m:mqtt: MQTT publish: topic 'zigbee2mqtt/bridge/health', payload '{"response_time":1767857734537,"os":{"load_average":[0.12,0.12,0.13],"memory_used_mb":1682.19,"memory_percent":42.8769},"process":{"uptime_sec":1210,"memory_used_mb":130.51,"memory_percent":3.3265},"mqtt":{"connected":true,"queued":0,"published":204,"received":140},"devices":{"0x001788010649a073":{"messages":5,"messages_per_sec":0.0047,"leave_count":0,"network_address_changes":0},"0x0015bc0043006306":{"messages":5,"messages_per_sec":0.005,"leave_count":0,"network_address_changes":0},"0x54ef441000b757df":{"messages":31,"messages_per_sec":0.0315,"leave_count":0,"network_address_changes":0}}}'
[2026-01-08 08:35:56] warning: 	z2m: Failed to ping 'Alarm Repeater' (attempt 1/1, ZCL command 0x0015bc0022000242/37 genBasic.read(["zclVersion"], {"timeout":10000,"disableResponse":false,"disableRecovery":true,"disableDefaultResponse":true,"direction":0,"reservedBits":0,"writeUndiv":false,"sendPolicy":"immediate"}) failed (Data request failed with error: 'NWK_NO_ROUTE' (0xcd)))
[2026-01-08 08:36:03] warning: 	z2m: Failed to ping 'Smart Plug Z1' (attempt 1/1, ZCL command 0xa4c13812921dddfd/1 genBasic.read(["zclVersion"], {"timeout":10000,"disableResponse":false,"disableRecovery":true,"disableDefaultResponse":true,"direction":0,"reservedBits":0,"writeUndiv":false,"sendPolicy":"immediate"}) failed (Data request failed with error: 'NWK_NO_ROUTE' (0xcd)))
[2026-01-08 08:36:24] warning: 	z2m: Failed to ping 'Alarm Siren' (attempt 1/1, ZCL command 0x0015bc0041007a25/43 genBasic.read(["zclVersion"], {"timeout":10000,"disableResponse":false,"disableRecovery":true,"disableDefaultResponse":true,"direction":0,"reservedBits":0,"writeUndiv":false,"sendPolicy":"immediate"}) failed (Data request failed with error: 'NWK_NO_ROUTE' (0xcd)))
[2026-01-08 08:37:52] info: 	z2m:mqtt: MQTT publish: topic 'zigbee2mqtt/Philips Backyard Sensor', payload '{"battery":11,"illuminance":62,"led_indication":true,"linkquality":76,"motion_sensitivity":"high","occupancy":false,"occupancy_timeout":60,"temperature":6.69,"update":{"installed_version":1124102917,"latest_version":1124102917,"state":"idle"}}'
[2026-01-08 08:38:57] info: 	z2m:mqtt: MQTT publish: topic 'zigbee2mqtt/Alarm Keypad', payload '{"action_code":null,"action_transaction":null,"action_zone":null,"battery":100,"battery_low":false,"linkquality":32,"tamper":false,"update":{"installed_version":131077,"latest_version":131077,"state":"idle"},"voltage":5300}'
[2026-01-08 08:39:10] info: 	z2m:mqtt: MQTT publish: topic 'zigbee2mqtt/Workshop Light', payload '{"brightness_rgb":254,"brightness_white":254,"color_mode_rgb":"xy","color_rgb":{"x":0.313,"y":0.21},"device_temperature":28,"dimming_range_maximum":100,"dimming_range_minimum":1,"effect":null,"effect_speed":0,"identify":null,"level_config_white":{"off_transition_time":15,"on_transition_time":15},"linkquality":32,"off_on_duration":null,"on_off_duration":null,"power_on_behavior":null,"power_on_behaviour":"off","power_outage_count":41,"state":"OFF","state_rgb":"OFF","state_white":"OFF","update":{"installed_version":-1,"latest_version":-1,"state":null}}'
[2026-01-08 08:39:10] info: 	z2m:mqtt: MQTT publish: topic 'zigbee2mqtt/Workshop Light/white', payload '{"brightness":254,"level_config":{"off_transition_time":15,"on_transition_time":15},"state":"OFF"}'
[2026-01-08 08:39:10] info: 	z2m:mqtt: MQTT publish: topic 'zigbee2mqtt/Workshop Light/rgb', payload '{"brightness":254,"color":{"x":0.313,"y":0.21},"color_mode":"xy","state":"OFF"}'
[2026-01-08 08:42:52] info: 	z2m:mqtt: MQTT publish: topic 'zigbee2mqtt/Philips Backyard Sensor', payload '{"battery":11,"illuminance":77,"led_indication":true,"linkquality":80,"motion_sensitivity":"high","occupancy":false,"occupancy_timeout":60,"temperature":6.69,"update":{"installed_version":1124102917,"latest_version":1124102917,"state":"idle"}}'
[2026-01-08 08:43:57] info: 	z2m:mqtt: MQTT publish: topic 'zigbee2mqtt/Alarm Keypad', payload '{"action_code":null,"action_transaction":null,"action_zone":null,"battery":100,"battery_low":false,"linkquality":32,"tamper":false,"update":{"installed_version":131077,"latest_version":131077,"state":"idle"},"voltage":5300}'
[2026-01-08 08:44:14] info: 	z2m:mqtt: MQTT publish: topic 'zigbee2mqtt/Workshop Light', payload '{"brightness_rgb":254,"brightness_white":254,"color_mode_rgb":"xy","color_rgb":{"x":0.313,"y":0.21},"device_temperature":27,"dimming_range_maximum":100,"dimming_range_minimum":1,"effect":null,"effect_speed":0,"identify":null,"level_config_white":{"off_transition_time":15,"on_transition_time":15},"linkquality":32,"off_on_duration":null,"on_off_duration":null,"power_on_behavior":null,"power_on_behaviour":"off","power_outage_count":41,"state":"OFF","state_rgb":"OFF","state_white":"OFF","update":{"installed_version":-1,"latest_version":-1,"state":null}}'
[2026-01-08 08:44:14] info: 	z2m:mqtt: MQTT publish: topic 'zigbee2mqtt/Workshop Light/white', payload '{"brightness":254,"level_config":{"off_transition_time":15,"on_transition_time":15},"state":"OFF"}'
[2026-01-08 08:44:14] info: 	z2m:mqtt: MQTT publish: topic 'zigbee2mqtt/Workshop Light/rgb', payload '{"brightness":254,"color":{"x":0.313,"y":0.21},"color_mode":"xy","state":"OFF"}'
[2026-01-08 08:45:34] info: 	z2m:mqtt: MQTT publish: topic 'zigbee2mqtt/bridge/health', payload '{"response_time":1767858334540,"os":{"load_average":[0.06,0.09,0.09],"memory_used_mb":1682.03,"memory_percent":42.8729},"process":{"uptime_sec":1810,"memory_used_mb":130.61,"memory_percent":3.3291},"mqtt":{"connected":true,"queued":0,"published":229,"received":140},"devices":{"0x001788010649a073":{"messages":7,"messages_per_sec":0.0042,"leave_count":0,"network_address_changes":0},"0x0015bc0043006306":{"messages":8,"messages_per_sec":0.005,"leave_count":0,"network_address_changes":0},"0x54ef441000b757df":{"messages":35,"messages_per_sec":0.0221,"leave_count":0,"network_address_changes":0}}}'
[2026-01-08 08:47:51] info: 	z2m:mqtt: MQTT publish: topic 'zigbee2mqtt/Philips Backyard Sensor', payload '{"battery":11,"illuminance":84,"led_indication":true,"linkquality":76,"motion_sensitivity":"high","occupancy":false,"occupancy_timeout":60,"temperature":6.69,"update":{"installed_version":1124102917,"latest_version":1124102917,"state":"idle"}}'
[2026-01-08 08:48:57] info: 	z2m:mqtt: MQTT publish: topic 'zigbee2mqtt/Alarm Keypad', payload '{"action_code":null,"action_transaction":null,"action_zone":null,"battery":100,"battery_low":false,"linkquality":29,"tamper":false,"update":{"installed_version":131077,"latest_version":131077,"state":"idle"},"voltage":5300}'
[2026-01-08 08:50:40] info: 	z2m:mqtt: MQTT publish: topic 'zigbee2mqtt/Workshop Light', payload '{"brightness_rgb":254,"brightness_white":254,"color_mode_rgb":"xy","color_rgb":{"x":0.313,"y":0.21},"device_temperature":29,"dimming_range_maximum":100,"dimming_range_minimum":1,"effect":null,"effect_speed":0,"identify":null,"level_config_white":{"off_transition_time":15,"on_transition_time":15},"linkquality":29,"off_on_duration":null,"on_off_duration":null,"power_on_behavior":null,"power_on_behaviour":"off","power_outage_count":41,"state":"OFF","state_rgb":"OFF","state_white":"OFF","update":{"installed_version":-1,"latest_version":-1,"state":null}}'
[2026-01-08 08:50:40] info: 	z2m:mqtt: MQTT publish: topic 'zigbee2mqtt/Workshop Light/white', payload '{"brightness":254,"level_config":{"off_transition_time":15,"on_transition_time":15},"state":"OFF"}'
[2026-01-08 08:50:40] info: 	z2m:mqtt: MQTT publish: topic 'zigbee2mqtt/Workshop Light/rgb', payload '{"brightness":254,"color":{"x":0.313,"y":0.21},"color_mode":"xy","state":"OFF"}'
[2026-01-08 08:52:51] info: 	z2m:mqtt: MQTT publish: topic 'zigbee2mqtt/Philips Backyard Sensor', payload '{"battery":11,"illuminance":119,"led_indication":true,"linkquality":76,"motion_sensitivity":"high","occupancy":false,"occupancy_timeout":60,"temperature":6.69,"update":{"installed_version":1124102917,"latest_version":1124102917,"state":"idle"}}'
[2026-01-08 08:53:57] info: 	z2m:mqtt: MQTT publish: topic 'zigbee2mqtt/Alarm Keypad', payload '{"action_code":null,"action_transaction":null,"action_zone":null,"battery":100,"battery_low":false,"linkquality":29,"tamper":false,"update":{"installed_version":131077,"latest_version":131077,"state":"idle"},"voltage":5300}'
[2026-01-08 08:54:14] info: 	z2m:mqtt: MQTT publish: topic 'zigbee2mqtt/Philips Backyard Sensor', payload '{"battery":11,"illuminance":119,"led_indication":true,"linkquality":80,"motion_sensitivity":"high","occupancy":true,"occupancy_timeout":60,"temperature":6.69,"update":{"installed_version":1124102917,"latest_version":1124102917,"state":"idle"}}'
[2026-01-08 08:54:14] info: 	z2m:mqtt: MQTT publish: topic 'zigbee2mqtt/Philips Backyard Sensor', payload '{"battery":11,"illuminance":226,"led_indication":true,"linkquality":76,"motion_sensitivity":"high","occupancy":true,"occupancy_timeout":60,"temperature":6.69,"update":{"installed_version":1124102917,"latest_version":1124102917,"state":"idle"}}'
[2026-01-08 08:54:24] info: 	z2m:mqtt: MQTT publish: topic 'zigbee2mqtt/Philips Backyard Sensor', payload '{"battery":11,"illuminance":128,"led_indication":true,"linkquality":83,"motion_sensitivity":"high","occupancy":true,"occupancy_timeout":60,"temperature":6.69,"update":{"installed_version":1124102917,"latest_version":1124102917,"state":"idle"}}'
[2026-01-08 08:54:34] info: 	z2m:mqtt: MQTT publish: topic 'zigbee2mqtt/Philips Backyard Sensor', payload '{"battery":11,"illuminance":129,"led_indication":true,"linkquality":72,"motion_sensitivity":"high","occupancy":true,"occupancy_timeout":60,"temperature":6.69,"update":{"installed_version":1124102917,"latest_version":1124102917,"state":"idle"}}'
[2026-01-08 08:54:44] info: 	z2m:mqtt: MQTT publish: topic 'zigbee2mqtt/Philips Backyard Sensor', payload '{"battery":11,"illuminance":128,"led_indication":true,"linkquality":80,"motion_sensitivity":"high","occupancy":true,"occupancy_timeout":60,"temperature":6.69,"update":{"installed_version":1124102917,"latest_version":1124102917,"state":"idle"}}'
[2026-01-08 08:54:54] info: 	z2m:mqtt: MQTT publish: topic 'zigbee2mqtt/Philips Backyard Sensor', payload '{"battery":11,"illuminance":129,"led_indication":true,"linkquality":80,"motion_sensitivity":"high","occupancy":true,"occupancy_timeout":60,"temperature":6.69,"update":{"installed_version":1124102917,"latest_version":1124102917,"state":"idle"}}'
[2026-01-08 08:55:04] info: 	z2m:mqtt: MQTT publish: topic 'zigbee2mqtt/Philips Backyard Sensor', payload '{"battery":11,"illuminance":128,"led_indication":true,"linkquality":83,"motion_sensitivity":"high","occupancy":true,"occupancy_timeout":60,"temperature":6.69,"update":{"installed_version":1124102917,"latest_version":1124102917,"state":"idle"}}'
[2026-01-08 08:55:04] info: 	z2m:mqtt: MQTT publish: topic 'zigbee2mqtt/Cube', payload '{"action_angle":null,"action_from_side":null,"battery":44,"current":0,"linkquality":102,"operation_mode":"action_mode","power":2,"power_outage_count":159,"side":4,"update":{"installed_version":-1,"latest_version":-1,"state":null},"voltage":2916}'
[2026-01-08 08:55:22] info: 	z2m:mqtt: MQTT publish: topic 'zigbee2mqtt/Philips Backyard Sensor', payload '{"battery":11,"illuminance":128,"led_indication":true,"linkquality":80,"motion_sensitivity":"high","occupancy":false,"occupancy_timeout":60,"temperature":6.69,"update":{"installed_version":1124102917,"latest_version":1124102917,"state":"idle"}}'
[2026-01-08 08:55:34] info: 	z2m:mqtt: MQTT publish: topic 'zigbee2mqtt/bridge/health', payload '{"response_time":1767858934542,"os":{"load_average":[0.16,0.11,0.1],"memory_used_mb":1695.2,"memory_percent":43.2087},"process":{"uptime_sec":2410,"memory_used_mb":130.6,"memory_percent":3.3288},"mqtt":{"connected":true,"queued":0,"published":263,"received":140},"devices":{"0x001788010649a073":{"messages":17,"messages_per_sec":0.0075,"leave_count":0,"network_address_changes":0},"0x0015bc0043006306":{"messages":11,"messages_per_sec":0.005,"leave_count":0,"network_address_changes":0},"0x54ef441000b757df":{"messages":39,"messages_per_sec":0.0179,"leave_count":0,"network_address_changes":0},"0x54ef4410006a43c7":{"messages":1,"messages_per_sec":0.0338,"leave_count":0,"network_address_changes":0}}}'
[2026-01-08 08:58:34] info: 	z2m:mqtt: MQTT publish: topic 'zigbee2mqtt/Workshop Light', payload '{"brightness_rgb":254,"brightness_white":254,"color_mode_rgb":"xy","color_rgb":{"x":0.313,"y":0.21},"device_temperature":28,"dimming_range_maximum":100,"dimming_range_minimum":1,"effect":null,"effect_speed":0,"identify":null,"level_config_white":{"off_transition_time":15,"on_transition_time":15},"linkquality":36,"off_on_duration":null,"on_off_duration":null,"power_on_behavior":null,"power_on_behaviour":"off","power_outage_count":41,"state":"OFF","state_rgb":"OFF","state_white":"OFF","update":{"installed_version":-1,"latest_version":-1,"state":null}}'
[2026-01-08 08:58:34] info: 	z2m:mqtt: MQTT publish: topic 'zigbee2mqtt/Workshop Light/white', payload '{"brightness":254,"level_config":{"off_transition_time":15,"on_transition_time":15},"state":"OFF"}'
[2026-01-08 08:58:34] info: 	z2m:mqtt: MQTT publish: topic 'zigbee2mqtt/Workshop Light/rgb', payload '{"brightness":254,"color":{"x":0.313,"y":0.21},"color_mode":"xy","state":"OFF"}'
[2026-01-08 08:58:57] info: 	z2m:mqtt: MQTT publish: topic 'zigbee2mqtt/Alarm Keypad', payload '{"action_code":null,"action_transaction":null,"action_zone":null,"battery":100,"battery_low":false,"linkquality":32,"tamper":false,"update":{"installed_version":131077,"latest_version":131077,"state":"idle"},"voltage":5300}'
