[2025-08-12 02:46:32] info: 	z2m: Logging to console, file (filename: log.log)
[2025-08-12 02:46:33] info: 	z2m: Starting Zigbee2MQTT version 2.6.0 (commit #unknown)
[2025-08-12 02:46:33] info: 	z2m: Starting zigbee-herdsman (5.0.4)
[2025-08-12 02:46:33] info: 	zh:zstack:znp: Opening TCP socket with 192.168.87.68:6638
[2025-08-12 02:46:33] info: 	zh:zstack:znp: Socket connected
[2025-08-12 02:46:33] info: 	zh:zstack:znp: Socket ready
[2025-08-12 02:46:33] info: 	zh:zstack:znp: Writing CC2530/CC2531 skip bootloader payload
[2025-08-12 02:46:34] info: 	zh:zstack:znp: Skip bootloader for CC2652/CC1352
[2025-08-12 02:46:36] info: 	z2m: zigbee-herdsman started (resumed)
[2025-08-12 02:46:36] info: 	z2m: Coordinator firmware version: '{"meta":{"maintrel":1,"majorrel":2,"minorrel":7,"product":1,"revision":20240710,"transportrev":2},"type":"ZStack3x0"}'
[2025-08-12 02:46:36] info: 	z2m: Button 4 - Movie (0xb4e3f9fffe249e15): E1812 - IKEA TRADFRI shortcut button (EndDevice)
[2025-08-12 02:46:36] info: 	z2m: Smart Plug Z1 (0xa4c13812921dddfd): A1Z - Nous Smart plug (with power monitoring) (Router)
[2025-08-12 02:46:36] info: 	z2m: Button 3 (0xb4e3f9fffe753317): E1812 - IKEA TRADFRI shortcut button (EndDevice)
[2025-08-12 02:46:36] info: 	z2m: Button 2 - Chandelier (0x04cd15fffe7ff98b): E1812 - IKEA TRADFRI shortcut button (EndDevice)
[2025-08-12 02:46:36] info: 	z2m: Button 1 (0x04cd15fffe268dcc): E1812 - IKEA TRADFRI shortcut button (EndDevice)
[2025-08-12 02:46:36] info: 	z2m: Cube (0x54ef4410006a43c7): CTP-R01 - Aqara Cube T1 Pro (EndDevice)
[2025-08-12 02:46:36] info: 	z2m: Philips Backyard Sensor (0x001788010649a073): 9290019758 - Philips Hue motion outdoor sensor (EndDevice)
[2025-08-12 02:46:36] info: 	z2m: Water Sensor 1 (0x5c0272fffebb9cde): TS0207_water_leak_detector_3 - Tuya Zigbee water leak sensor (EndDevice)
[2025-08-12 02:46:36] info: 	z2m: Alarm Keypad (0x0015bc0043006306): KEYZB-110 - Develco Keypad (EndDevice)
[2025-08-12 02:46:36] info: 	z2m: Alarm Repeater (0x0015bc0022000242): Not supported (Router)
[2025-08-12 02:46:36] info: 	z2m: Alarm Siren (0x0015bc0041007a25): SIRZB-111 - Develco Customizable siren (Router)
[2025-08-12 02:46:36] info: 	z2m: Currently 11 devices are joined.
[2025-08-12 02:46:36] info: 	z2m: Connecting to MQTT server at mqtt://core-mosquitto:1883
[2025-08-12 02:46:37] info: 	z2m: Connected to MQTT server
[2025-08-12 02:46:37] info: 	z2m:mqtt: MQTT publish: topic 'zigbee2mqtt/bridge/state', payload '{"state":"online"}'
[2025-08-12 02:46:37] info: 	z2m:mqtt: MQTT publish: topic 'zigbee2mqtt/Button 4 - Movie/availability', payload '{"state":"online"}'
[2025-08-12 02:46:37] info: 	z2m:mqtt: MQTT publish: topic 'zigbee2mqtt/Smart Plug Z1/availability', payload '{"state":"offline"}'
[2025-08-12 02:46:37] info: 	z2m:mqtt: MQTT publish: topic 'zigbee2mqtt/Button 3/availability', payload '{"state":"online"}'
[2025-08-12 02:46:37] info: 	z2m:mqtt: MQTT publish: topic 'zigbee2mqtt/Button 2 - Chandelier/availability', payload '{"state":"online"}'
[2025-08-12 02:46:37] info: 	z2m:mqtt: MQTT publish: topic 'zigbee2mqtt/Button 1/availability', payload '{"state":"offline"}'
[2025-08-12 02:46:38] info: 	z2m:mqtt: MQTT publish: topic 'zigbee2mqtt/Cube/availability', payload '{"state":"online"}'
[2025-08-12 02:46:38] info: 	z2m:mqtt: MQTT publish: topic 'zigbee2mqtt/Philips Backyard Sensor/availability', payload '{"state":"online"}'
[2025-08-12 02:46:38] info: 	z2m:mqtt: MQTT publish: topic 'zigbee2mqtt/Water Sensor 1/availability', payload '{"state":"online"}'
[2025-08-12 02:46:38] info: 	z2m:mqtt: MQTT publish: topic 'zigbee2mqtt/Alarm Keypad/availability', payload '{"state":"online"}'
[2025-08-12 02:46:38] info: 	z2m:mqtt: MQTT publish: topic 'zigbee2mqtt/Alarm Repeater/availability', payload '{"state":"offline"}'
[2025-08-12 02:46:38] info: 	z2m:mqtt: MQTT publish: topic 'zigbee2mqtt/Alarm Siren/availability', payload '{"state":"offline"}'
[2025-08-12 02:46:38] info: 	z2m: Started frontend on port 8099
[2025-08-12 02:46:38] info: 	z2m:mqtt: MQTT publish: topic 'zigbee2mqtt/Button 4 - Movie', payload '{"battery":90,"identify":null,"linkquality":83,"update":{"installed_version":604241926,"latest_version":604241926,"state":"idle"}}'
[2025-08-12 02:46:38] info: 	z2m:mqtt: MQTT publish: topic 'zigbee2mqtt/Smart Plug Z1', payload '{"child_lock":"UNLOCK","countdown":0,"current":0,"energy":16.74,"indicator_mode":"off/on","linkquality":120,"power":0,"power_outage_memory":"off","state":"OFF","update":{"installed_version":192,"latest_version":192,"state":"idle"},"voltage":232}'
[2025-08-12 02:46:38] info: 	z2m:mqtt: MQTT publish: topic 'zigbee2mqtt/Button 3', payload '{"battery":90,"identify":null,"linkquality":0,"update":{"installed_version":604241926,"latest_version":604241926,"state":"idle"}}'
[2025-08-12 02:46:38] info: 	z2m:mqtt: MQTT publish: topic 'zigbee2mqtt/Button 2 - Chandelier', payload '{"battery":90,"identify":null,"linkquality":98,"update":{"installed_version":604241926,"latest_version":604241926,"state":"idle"}}'
[2025-08-12 02:46:38] info: 	z2m:mqtt: MQTT publish: topic 'zigbee2mqtt/Button 1', payload '{"battery":1,"identify":null,"linkquality":3,"update":{"installed_version":604241926,"latest_version":604241926,"state":"idle"}}'
[2025-08-12 02:46:38] info: 	z2m:mqtt: MQTT publish: topic 'zigbee2mqtt/Cube', payload '{"action_angle":null,"action_from_side":null,"battery":100,"current":0,"linkquality":134,"operation_mode":"action_mode","power":2,"power_outage_count":159,"side":2,"update":{"installed_version":-1,"latest_version":-1,"state":null},"voltage":3067}'
[2025-08-12 02:46:38] info: 	z2m:mqtt: MQTT publish: topic 'zigbee2mqtt/Philips Backyard Sensor', payload '{"battery":36.5,"illuminance":1,"led_indication":true,"linkquality":65,"motion_sensitivity":"high","occupancy":false,"occupancy_timeout":60,"temperature":28.73,"update":{"installed_version":1124102917,"latest_version":1124102917,"state":"idle"}}'
[2025-08-12 02:46:38] info: 	z2m:mqtt: MQTT publish: topic 'zigbee2mqtt/Water Sensor 1', payload '{"battery":76,"battery_low":false,"linkquality":43,"tamper":false,"voltage":2800,"water_leak":false}'
[2025-08-12 02:46:38] info: 	z2m:mqtt: MQTT publish: topic 'zigbee2mqtt/Alarm Keypad', payload '{"action_code":null,"action_transaction":null,"action_zone":null,"battery":100,"battery_low":false,"linkquality":43,"tamper":false,"update":{"installed_version":131077,"latest_version":131077,"state":"idle"},"voltage":5700}'
[2025-08-12 02:46:38] info: 	z2m:mqtt: MQTT publish: topic 'zigbee2mqtt/Alarm Repeater', payload '{"alarm_1":false,"alarm_2":false,"battery":null,"battery_low":true,"linkquality":47,"state":null,"tamper":false}'
[2025-08-12 02:46:38] info: 	z2m:mqtt: MQTT publish: topic 'zigbee2mqtt/Alarm Siren', payload '{"ac_status":true,"alarm":false,"battery":null,"battery_low":true,"enrolled":true,"ias_cie_address":"0x00124b002e0e1c5f","linkquality":65,"max_duration":10,"restore_reports":true,"supervision_reports":true,"tamper":false,"temperature":null,"test":false,"voltage":null,"zone_id":23}'
[2025-08-12 02:46:38] info: 	z2m: Zigbee2MQTT started!
[2025-08-12 02:46:40] warning: 	z2m: Failed to ping 'Smart Plug Z1' (attempt 1/1, ZCL command 0xa4c13812921dddfd/1 genBasic.read(["zclVersion"], {"timeout":10000,"disableResponse":false,"disableRecovery":true,"disableDefaultResponse":true,"direction":0,"reservedBits":0,"writeUndiv":false}) failed (Data request failed with error: 'No network route' (205)))
[2025-08-12 02:46:43] info: 	z2m:mqtt: MQTT publish: topic 'homeassistant/binary_sensor/1221051039810110150109113116116_0x00124b002e0e1c5f/connection_state/config', payload '{"device":{"hw_version":"ZStack3x0 20240710","identifiers":["zigbee2mqtt_bridge_0x00124b002e0e1c5f"],"manufacturer":"Zigbee2MQTT","model":"Bridge","name":"Zigbee2MQTT Bridge","sw_version":"2.6.0"},"device_class":"connectivity","entity_category":"diagnostic","name":"Connection state","object_id":"zigbee2mqtt_bridge_connection_state","origin":{"name":"Zigbee2MQTT","sw":"2.6.0","url":"https://www.zigbee2mqtt.io"},"payload_off":"offline","payload_on":"online","state_topic":"zigbee2mqtt/bridge/state","unique_id":"bridge_0x00124b002e0e1c5f_connection_state_zigbee2mqtt","value_template":"{{ value_json.state }}"}'
[2025-08-12 02:46:43] warning: 	z2m: Failed to ping 'Alarm Repeater' (attempt 1/1, ZCL command 0x0015bc0022000242/37 genBasic.read(["zclVersion"], {"timeout":10000,"disableResponse":false,"disableRecovery":true,"disableDefaultResponse":true,"direction":0,"reservedBits":0,"writeUndiv":false}) failed (Data request failed with error: 'No network route' (205)))
[2025-08-12 02:46:47] warning: 	z2m: Failed to ping 'Alarm Siren' (attempt 1/1, ZCL command 0x0015bc0041007a25/43 genBasic.read(["zclVersion"], {"timeout":10000,"disableResponse":false,"disableRecovery":true,"disableDefaultResponse":true,"direction":0,"reservedBits":0,"writeUndiv":false}) failed (Data request failed with error: 'No network route' (205)))
[2025-08-12 02:46:57] info: 	z2m: Configuring 'Alarm Repeater'
[2025-08-12 02:47:07] error: 	z2m: Failed to configure 'Alarm Repeater', attempt 1 (Error: Bind 0x0015bc0022000242/1 genOnOff from '0x00124b002e0e1c5f/1' failed (AREQ - ZDO - bindRsp after 10000ms)
    at Object.start (/app/node_modules/.pnpm/zigbee-herdsman@5.0.4/node_modules/zigbee-herdsman/src/utils/waitress.ts:68:23)
    at func (/app/node_modules/.pnpm/zigbee-herdsman@5.0.4/node_modules/zigbee-herdsman/src/adapter/z-stack/adapter/zStackAdapter.ts:419:47)
    at processTicksAndRejections (node:internal/process/task_queues:105:5)
    at Queue.execute (/app/node_modules/.pnpm/zigbee-herdsman@5.0.4/node_modules/zigbee-herdsman/src/utils/queue.ts:36:20)
    at ZStackAdapter.sendZdoInternal (/app/node_modules/.pnpm/zigbee-herdsman@5.0.4/node_modules/zigbee-herdsman/src/adapter/z-stack/adapter/zStackAdapter.ts:424:43)
    at ZStackAdapter.sendZdo (/app/node_modules/.pnpm/zigbee-herdsman@5.0.4/node_modules/zigbee-herdsman/src/adapter/z-stack/adapter/zStackAdapter.ts:301:16)
    at Endpoint.bind (/app/node_modules/.pnpm/zigbee-herdsman@5.0.4/node_modules/zigbee-herdsman/src/controller/model/endpoint.ts:599:30)
    at setupAttributes (/app/node_modules/.pnpm/zigbee-herdsman-converters@24.11.0/node_modules/zigbee-herdsman-converters/src/lib/modernExtend.ts:158:13)
    at /app/node_modules/.pnpm/zigbee-herdsman-converters@24.11.0/node_modules/zigbee-herdsman-converters/src/lib/modernExtend.ts:574:17
    at Object.configure (/app/node_modules/.pnpm/zigbee-herdsman-converters@24.11.0/node_modules/zigbee-herdsman-converters/src/index.ts:363:21))
[2025-08-12 02:47:17] info: 	z2m: Configuring 'Alarm Siren'
[2025-08-12 02:47:28] error: 	z2m: Failed to configure 'Alarm Siren', attempt 1 (Error: Bind 0x0015bc0041007a25/43 ssIasZone from '0x00124b002e0e1c5f/1' failed (AREQ - ZDO - bindRsp after 10000ms)
    at Object.start (/app/node_modules/.pnpm/zigbee-herdsman@5.0.4/node_modules/zigbee-herdsman/src/utils/waitress.ts:68:23)
    at func (/app/node_modules/.pnpm/zigbee-herdsman@5.0.4/node_modules/zigbee-herdsman/src/adapter/z-stack/adapter/zStackAdapter.ts:419:47)
    at processTicksAndRejections (node:internal/process/task_queues:105:5)
    at Queue.execute (/app/node_modules/.pnpm/zigbee-herdsman@5.0.4/node_modules/zigbee-herdsman/src/utils/queue.ts:36:20)
    at ZStackAdapter.sendZdoInternal (/app/node_modules/.pnpm/zigbee-herdsman@5.0.4/node_modules/zigbee-herdsman/src/adapter/z-stack/adapter/zStackAdapter.ts:424:43)
    at ZStackAdapter.sendZdo (/app/node_modules/.pnpm/zigbee-herdsman@5.0.4/node_modules/zigbee-herdsman/src/adapter/z-stack/adapter/zStackAdapter.ts:301:16)
    at Endpoint.bind (/app/node_modules/.pnpm/zigbee-herdsman@5.0.4/node_modules/zigbee-herdsman/src/controller/model/endpoint.ts:599:30)
    at Object.bind (/app/node_modules/.pnpm/zigbee-herdsman-converters@24.11.0/node_modules/zigbee-herdsman-converters/src/lib/reporting.ts:40:9)
    at configure (/app/node_modules/.pnpm/zigbee-herdsman-converters@24.11.0/node_modules/zigbee-herdsman-converters/src/devices/develco.ts:878:13)
    at Object.configure (/app/node_modules/.pnpm/zigbee-herdsman-converters@24.11.0/node_modules/zigbee-herdsman-converters/src/index.ts:363:21))
[2025-08-12 02:48:46] info: 	z2m:mqtt: MQTT publish: topic 'zigbee2mqtt/Alarm Keypad', payload '{"action_code":null,"action_transaction":null,"action_zone":null,"battery":100,"battery_low":false,"linkquality":51,"tamper":false,"update":{"installed_version":131077,"latest_version":131077,"state":"idle"},"voltage":5700}'
[2025-08-12 02:53:46] info: 	z2m:mqtt: MQTT publish: topic 'zigbee2mqtt/Alarm Keypad', payload '{"action_code":null,"action_transaction":null,"action_zone":null,"battery":100,"battery_low":false,"linkquality":51,"tamper":false,"update":{"installed_version":131077,"latest_version":131077,"state":"idle"},"voltage":5700}'
[2025-08-12 02:56:38] info: 	z2m:mqtt: MQTT publish: topic 'zigbee2mqtt/bridge/health', payload '{"response_time":1754960198340,"os":{"load_average":[0.03,0.22,0.21],"memory_used_mb":1658.68,"memory_percent":42.2772},"process":{"uptime_sec":610,"memory_used_mb":103.32,"memory_percent":2.6334},"mqtt":{"connected":true,"queued":0,"published":65,"received":106},"devices":{"0x0015bc0043006306":{"messages":3,"messages_per_sec":0.0064,"leave_count":0,"network_address_changes":0}}}'
[2025-08-12 02:58:15] info: 	z2m:mqtt: MQTT publish: topic 'zigbee2mqtt/Philips Backyard Sensor', payload '{"battery":36.5,"illuminance":1,"led_indication":true,"linkquality":87,"motion_sensitivity":"high","occupancy":false,"occupancy_timeout":60,"temperature":28.16,"update":{"installed_version":1124102917,"latest_version":1124102917,"state":"idle"}}'
[2025-08-12 02:58:46] info: 	z2m:mqtt: MQTT publish: topic 'zigbee2mqtt/Alarm Keypad', payload '{"action_code":null,"action_transaction":null,"action_zone":null,"battery":100,"battery_low":false,"linkquality":51,"tamper":false,"update":{"installed_version":131077,"latest_version":131077,"state":"idle"},"voltage":5700}'
[2025-08-12 03:03:46] info: 	z2m:mqtt: MQTT publish: topic 'zigbee2mqtt/Alarm Keypad', payload '{"action_code":null,"action_transaction":null,"action_zone":null,"battery":100,"battery_low":false,"linkquality":51,"tamper":false,"update":{"installed_version":131077,"latest_version":131077,"state":"idle"},"voltage":5700}'
[2025-08-12 03:03:46] info: 	z2m:mqtt: MQTT publish: topic 'zigbee2mqtt/Alarm Keypad', payload '{"action_code":null,"action_transaction":null,"action_zone":null,"battery":100,"battery_low":false,"linkquality":51,"tamper":false,"update":{"installed_version":131077,"latest_version":131077,"state":"idle"},"voltage":5700}'
[2025-08-12 03:06:30] info: 	z2m:mqtt: MQTT publish: topic 'zigbee2mqtt/Philips Backyard Sensor', payload '{"battery":36.5,"illuminance":1,"led_indication":true,"linkquality":87,"motion_sensitivity":"high","occupancy":false,"occupancy_timeout":60,"temperature":28.16,"update":{"installed_version":1124102917,"latest_version":1124102917,"state":"idle"}}'
[2025-08-12 03:06:38] info: 	z2m:mqtt: MQTT publish: topic 'zigbee2mqtt/bridge/health', payload '{"response_time":1754960798338,"os":{"load_average":[0.32,0.17,0.16],"memory_used_mb":1675.87,"memory_percent":42.7152},"process":{"uptime_sec":1210,"memory_used_mb":110.3,"memory_percent":2.8115},"mqtt":{"connected":true,"queued":0,"published":75,"received":106},"devices":{"0x0015bc0043006306":{"messages":9,"messages_per_sec":0.0084,"leave_count":0,"network_address_changes":0},"0x001788010649a073":{"messages":2,"messages_per_sec":0.004,"leave_count":0,"network_address_changes":0}}}'
[2025-08-12 03:07:11] warning: 	z2m: Failed to ping 'Smart Plug Z1' (attempt 1/1, ZCL command 0xa4c13812921dddfd/1 genBasic.read(["zclVersion"], {"timeout":10000,"disableResponse":false,"disableRecovery":true,"disableDefaultResponse":true,"direction":0,"reservedBits":0,"writeUndiv":false}) failed (Data request failed with error: 'No network route' (205)))
[2025-08-12 03:07:15] warning: 	z2m: Failed to ping 'Alarm Siren' (attempt 1/1, ZCL command 0x0015bc0041007a25/43 genBasic.read(["zclVersion"], {"timeout":10000,"disableResponse":false,"disableRecovery":true,"disableDefaultResponse":true,"direction":0,"reservedBits":0,"writeUndiv":false}) failed (Data request failed with error: 'No network route' (205)))
[2025-08-12 03:07:34] warning: 	z2m: Failed to ping 'Alarm Repeater' (attempt 1/1, ZCL command 0x0015bc0022000242/37 genBasic.read(["zclVersion"], {"timeout":10000,"disableResponse":false,"disableRecovery":true,"disableDefaultResponse":true,"direction":0,"reservedBits":0,"writeUndiv":false}) failed (Data request failed with error: 'No network route' (205)))
[2025-08-12 03:08:24] info: 	z2m:mqtt: MQTT publish: topic 'zigbee2mqtt/Philips Backyard Sensor', payload '{"battery":36.5,"illuminance":1,"led_indication":true,"linkquality":87,"motion_sensitivity":"high","occupancy":false,"occupancy_timeout":60,"temperature":28.16,"update":{"installed_version":1124102917,"latest_version":1124102917,"state":"idle"}}'
[2025-08-12 03:08:46] info: 	z2m:mqtt: MQTT publish: topic 'zigbee2mqtt/Alarm Keypad', payload '{"action_code":null,"action_transaction":null,"action_zone":null,"battery":100,"battery_low":false,"linkquality":51,"tamper":false,"update":{"installed_version":131077,"latest_version":131077,"state":"idle"},"voltage":5700}'
[2025-08-12 03:09:41] info: 	z2m:mqtt: MQTT publish: topic 'zigbee2mqtt/Philips Backyard Sensor', payload '{"battery":36.5,"illuminance":1,"led_indication":true,"linkquality":87,"motion_sensitivity":"high","occupancy":false,"occupancy_timeout":60,"temperature":28.16,"update":{"installed_version":1124102917,"latest_version":1124102917,"state":"idle"}}'
[2025-08-12 03:10:34] info: 	z2m:mqtt: MQTT publish: topic 'zigbee2mqtt/Button 2 - Chandelier', payload '{"battery":90,"identify":null,"linkquality":32,"update":{"installed_version":604241926,"latest_version":604241926,"state":"idle"}}'
[2025-08-12 03:13:07] info: 	z2m:mqtt: MQTT publish: topic 'zigbee2mqtt/Alarm Keypad', payload '{"action_code":null,"action_transaction":null,"action_zone":null,"battery":100,"battery_low":false,"linkquality":51,"tamper":false,"update":{"installed_version":131077,"latest_version":131077,"state":"idle"},"voltage":5700}'
[2025-08-12 03:13:46] info: 	z2m:mqtt: MQTT publish: topic 'zigbee2mqtt/Alarm Keypad', payload '{"action_code":null,"action_transaction":null,"action_zone":null,"battery":100,"battery_low":false,"linkquality":51,"tamper":false,"update":{"installed_version":131077,"latest_version":131077,"state":"idle"},"voltage":5700}'
[2025-08-12 03:16:38] info: 	z2m:mqtt: MQTT publish: topic 'zigbee2mqtt/bridge/health', payload '{"response_time":1754961398343,"os":{"load_average":[0.14,0.1,0.1],"memory_used_mb":1660.13,"memory_percent":42.314},"process":{"uptime_sec":1810,"memory_used_mb":112.37,"memory_percent":2.8641},"mqtt":{"connected":true,"queued":0,"published":91,"received":106},"devices":{"0x0015bc0043006306":{"messages":12,"messages_per_sec":0.0072,"leave_count":0,"network_address_changes":0},"0x001788010649a073":{"messages":4,"messages_per_sec":0.0036,"leave_count":0,"network_address_changes":0},"0x04cd15fffe7ff98b":{"messages":1,"messages_per_sec":0.0027,"leave_count":0,"network_address_changes":0}}}'
[2025-08-12 03:18:46] info: 	z2m:mqtt: MQTT publish: topic 'zigbee2mqtt/Alarm Keypad', payload '{"action_code":null,"action_transaction":null,"action_zone":null,"battery":100,"battery_low":false,"linkquality":51,"tamper":false,"update":{"installed_version":131077,"latest_version":131077,"state":"idle"},"voltage":5700}'
[2025-08-12 03:22:03] info: 	z2m:mqtt: MQTT publish: topic 'zigbee2mqtt/Cube', payload '{"action_angle":null,"action_from_side":null,"battery":100,"current":0,"linkquality":105,"operation_mode":"action_mode","power":2,"power_outage_count":159,"side":2,"update":{"installed_version":-1,"latest_version":-1,"state":null},"voltage":3065}'
[2025-08-12 03:23:46] info: 	z2m:mqtt: MQTT publish: topic 'zigbee2mqtt/Alarm Keypad', payload '{"action_code":null,"action_transaction":null,"action_zone":null,"battery":100,"battery_low":false,"linkquality":51,"tamper":false,"update":{"installed_version":131077,"latest_version":131077,"state":"idle"},"voltage":5700}'
[2025-08-12 03:26:38] info: 	z2m:mqtt: MQTT publish: topic 'zigbee2mqtt/bridge/health', payload '{"response_time":1754961998349,"os":{"load_average":[0.04,0.14,0.11],"memory_used_mb":1660.68,"memory_percent":42.3281},"process":{"uptime_sec":2410,"memory_used_mb":112.34,"memory_percent":2.8633},"mqtt":{"connected":true,"queued":0,"published":99,"received":106},"devices":{"0x0015bc0043006306":{"messages":15,"messages_per_sec":0.0066,"leave_count":0,"network_address_changes":0},"0x001788010649a073":{"messages":4,"messages_per_sec":0.0023,"leave_count":0,"network_address_changes":0},"0x04cd15fffe7ff98b":{"messages":1,"messages_per_sec":0.001,"leave_count":0,"network_address_changes":0},"0x54ef4410006a43c7":{"messages":1,"messages_per_sec":0.0036,"leave_count":0,"network_address_changes":0}}}'
[2025-08-12 03:28:46] info: 	z2m:mqtt: MQTT publish: topic 'zigbee2mqtt/Alarm Keypad', payload '{"action_code":null,"action_transaction":null,"action_zone":null,"battery":100,"battery_low":false,"linkquality":51,"tamper":false,"update":{"installed_version":131077,"latest_version":131077,"state":"idle"},"voltage":5700}'
[2025-08-12 03:33:46] info: 	z2m:mqtt: MQTT publish: topic 'zigbee2mqtt/Alarm Keypad', payload '{"action_code":null,"action_transaction":null,"action_zone":null,"battery":100,"battery_low":false,"linkquality":51,"tamper":false,"update":{"installed_version":131077,"latest_version":131077,"state":"idle"},"voltage":5700}'
[2025-08-12 03:36:38] info: 	z2m:mqtt: MQTT publish: topic 'zigbee2mqtt/bridge/health', payload '{"response_time":1754962598354,"os":{"load_average":[0.01,0.04,0.07],"memory_used_mb":1664.86,"memory_percent":42.4345},"process":{"uptime_sec":3010,"memory_used_mb":112.34,"memory_percent":2.8633},"mqtt":{"connected":true,"queued":0,"published":104,"received":106},"devices":{"0x0015bc0043006306":{"messages":18,"messages_per_sec":0.0063,"leave_count":0,"network_address_changes":0},"0x001788010649a073":{"messages":4,"messages_per_sec":0.0017,"leave_count":0,"network_address_changes":0},"0x04cd15fffe7ff98b":{"messages":1,"messages_per_sec":0.0006,"leave_count":0,"network_address_changes":0},"0x54ef4410006a43c7":{"messages":1,"messages_per_sec":0.0011,"leave_count":0,"network_address_changes":0}}}'
[2025-08-12 03:38:46] info: 	z2m:mqtt: MQTT publish: topic 'zigbee2mqtt/Alarm Keypad', payload '{"action_code":null,"action_transaction":null,"action_zone":null,"battery":100,"battery_low":false,"linkquality":51,"tamper":false,"update":{"installed_version":131077,"latest_version":131077,"state":"idle"},"voltage":5700}'
[2025-08-12 03:43:46] info: 	z2m:mqtt: MQTT publish: topic 'zigbee2mqtt/Alarm Keypad', payload '{"action_code":null,"action_transaction":null,"action_zone":null,"battery":100,"battery_low":false,"linkquality":51,"tamper":false,"update":{"installed_version":131077,"latest_version":131077,"state":"idle"},"voltage":5700}'
[2025-08-12 03:46:38] info: 	z2m:mqtt: MQTT publish: topic 'zigbee2mqtt/bridge/health', payload '{"response_time":1754963198358,"os":{"load_average":[0.11,0.1,0.09],"memory_used_mb":1669.76,"memory_percent":42.5594},"process":{"uptime_sec":3610,"memory_used_mb":112.64,"memory_percent":2.8711},"mqtt":{"connected":true,"queued":0,"published":109,"received":106},"devices":{"0x0015bc0043006306":{"messages":20,"messages_per_sec":0.0058,"leave_count":0,"network_address_changes":0},"0x001788010649a073":{"messages":4,"messages_per_sec":0.0014,"leave_count":0,"network_address_changes":0},"0x04cd15fffe7ff98b":{"messages":1,"messages_per_sec":0.0005,"leave_count":0,"network_address_changes":0},"0x54ef4410006a43c7":{"messages":1,"messages_per_sec":0.0007,"leave_count":0,"network_address_changes":0}}}'
[2025-08-12 03:46:57] info: 	z2m:mqtt: MQTT publish: topic 'zigbee2mqtt/Button 4 - Movie', payload '{"battery":90,"identify":null,"linkquality":109,"update":{"installed_version":604241926,"latest_version":604241926,"state":"idle"}}'
[2025-08-12 03:47:44] warning: 	z2m: Failed to ping 'Alarm Siren' (attempt 1/1, ZCL command 0x0015bc0041007a25/43 genBasic.read(["zclVersion"], {"timeout":10000,"disableResponse":false,"disableRecovery":true,"disableDefaultResponse":true,"direction":0,"reservedBits":0,"writeUndiv":false}) failed (Data request failed with error: 'No network route' (205)))
[2025-08-12 03:48:15] warning: 	z2m: Failed to ping 'Smart Plug Z1' (attempt 1/1, ZCL command 0xa4c13812921dddfd/1 genBasic.read(["zclVersion"], {"timeout":10000,"disableResponse":false,"disableRecovery":true,"disableDefaultResponse":true,"direction":0,"reservedBits":0,"writeUndiv":false}) failed (Data request failed with error: 'No network route' (205)))
[2025-08-12 03:48:46] info: 	z2m:mqtt: MQTT publish: topic 'zigbee2mqtt/Alarm Keypad', payload '{"action_code":null,"action_transaction":null,"action_zone":null,"battery":100,"battery_low":false,"linkquality":51,"tamper":false,"update":{"installed_version":131077,"latest_version":131077,"state":"idle"},"voltage":5700}'
[2025-08-12 03:48:53] warning: 	z2m: Failed to ping 'Alarm Repeater' (attempt 1/1, ZCL command 0x0015bc0022000242/37 genBasic.read(["zclVersion"], {"timeout":10000,"disableResponse":false,"disableRecovery":true,"disableDefaultResponse":true,"direction":0,"reservedBits":0,"writeUndiv":false}) failed (Data request failed with error: 'No network route' (205)))
[2025-08-12 03:53:46] info: 	z2m:mqtt: MQTT publish: topic 'zigbee2mqtt/Alarm Keypad', payload '{"action_code":null,"action_transaction":null,"action_zone":null,"battery":100,"battery_low":false,"linkquality":51,"tamper":false,"update":{"installed_version":131077,"latest_version":131077,"state":"idle"},"voltage":5700}'
[2025-08-12 03:56:38] info: 	z2m:mqtt: MQTT publish: topic 'zigbee2mqtt/bridge/health', payload '{"response_time":1754963798363,"os":{"load_average":[0.06,0.16,0.13],"memory_used_mb":1666.84,"memory_percent":42.485},"process":{"uptime_sec":4210,"memory_used_mb":112.64,"memory_percent":2.8711},"mqtt":{"connected":true,"queued":0,"published":120,"received":106},"devices":{"0x0015bc0043006306":{"messages":23,"messages_per_sec":0.0056,"leave_count":0,"network_address_changes":0},"0x001788010649a073":{"messages":4,"messages_per_sec":0.0011,"leave_count":0,"network_address_changes":0},"0x04cd15fffe7ff98b":{"messages":1,"messages_per_sec":0.0004,"leave_count":0,"network_address_changes":0},"0x54ef4410006a43c7":{"messages":1,"messages_per_sec":0.0005,"leave_count":0,"network_address_changes":0},"0xb4e3f9fffe249e15":{"messages":1,"messages_per_sec":0.0017,"leave_count":0,"network_address_changes":0}}}'
[2025-08-12 03:58:09] info: 	z2m:mqtt: MQTT publish: topic 'zigbee2mqtt/Philips Backyard Sensor', payload '{"battery":36.5,"illuminance":1,"led_indication":true,"linkquality":87,"motion_sensitivity":"high","occupancy":false,"occupancy_timeout":60,"temperature":28.02,"update":{"installed_version":1124102917,"latest_version":1124102917,"state":"idle"}}'
[2025-08-12 03:58:46] info: 	z2m:mqtt: MQTT publish: topic 'zigbee2mqtt/Alarm Keypad', payload '{"action_code":null,"action_transaction":null,"action_zone":null,"battery":100,"battery_low":false,"linkquality":51,"tamper":false,"update":{"installed_version":131077,"latest_version":131077,"state":"idle"},"voltage":5700}'
[2025-08-12 04:03:46] info: 	z2m:mqtt: MQTT publish: topic 'zigbee2mqtt/Alarm Keypad', payload '{"action_code":null,"action_transaction":null,"action_zone":null,"battery":100,"battery_low":false,"linkquality":51,"tamper":false,"update":{"installed_version":131077,"latest_version":131077,"state":"idle"},"voltage":5700}'
[2025-08-12 04:03:46] info: 	z2m:mqtt: MQTT publish: topic 'zigbee2mqtt/Alarm Keypad', payload '{"action_code":null,"action_transaction":null,"action_zone":null,"battery":100,"battery_low":false,"linkquality":51,"tamper":false,"update":{"installed_version":131077,"latest_version":131077,"state":"idle"},"voltage":5700}'
[2025-08-12 04:05:24] info: 	z2m:mqtt: MQTT publish: topic 'zigbee2mqtt/Philips Backyard Sensor', payload '{"battery":37.5,"illuminance":1,"led_indication":true,"linkquality":83,"motion_sensitivity":"high","occupancy":false,"occupancy_timeout":60,"temperature":28.02,"update":{"installed_version":1124102917,"latest_version":1124102917,"state":"idle"}}'
[2025-08-12 04:06:38] info: 	z2m:mqtt: MQTT publish: topic 'zigbee2mqtt/bridge/health', payload '{"response_time":1754964398368,"os":{"load_average":[0.04,0.11,0.1],"memory_used_mb":1661.56,"memory_percent":42.3504},"process":{"uptime_sec":4810,"memory_used_mb":112.75,"memory_percent":2.8739},"mqtt":{"connected":true,"queued":0,"published":130,"received":106},"devices":{"0x0015bc0043006306":{"messages":29,"messages_per_sec":0.0062,"leave_count":0,"network_address_changes":0},"0x001788010649a073":{"messages":6,"messages_per_sec":0.0015,"leave_count":0,"network_address_changes":0},"0x04cd15fffe7ff98b":{"messages":1,"messages_per_sec":0.0003,"leave_count":0,"network_address_changes":0},"0x54ef4410006a43c7":{"messages":1,"messages_per_sec":0.0004,"leave_count":0,"network_address_changes":0},"0xb4e3f9fffe249e15":{"messages":1,"messages_per_sec":0.0008,"leave_count":0,"network_address_changes":0}}}'
[2025-08-12 04:08:18] info: 	z2m:mqtt: MQTT publish: topic 'zigbee2mqtt/Philips Backyard Sensor', payload '{"battery":37.5,"illuminance":1,"led_indication":true,"linkquality":87,"motion_sensitivity":"high","occupancy":false,"occupancy_timeout":60,"temperature":28.02,"update":{"installed_version":1124102917,"latest_version":1124102917,"state":"idle"}}'
[2025-08-12 04:08:46] info: 	z2m:mqtt: MQTT publish: topic 'zigbee2mqtt/Alarm Keypad', payload '{"action_code":null,"action_transaction":null,"action_zone":null,"battery":100,"battery_low":false,"linkquality":51,"tamper":false,"update":{"installed_version":131077,"latest_version":131077,"state":"idle"},"voltage":5700}'
[2025-08-12 04:09:35] info: 	z2m:mqtt: MQTT publish: topic 'zigbee2mqtt/Philips Backyard Sensor', payload '{"battery":37.5,"illuminance":1,"led_indication":true,"linkquality":87,"motion_sensitivity":"high","occupancy":false,"occupancy_timeout":60,"temperature":28.02,"update":{"installed_version":1124102917,"latest_version":1124102917,"state":"idle"}}'
[2025-08-12 04:13:46] info: 	z2m:mqtt: MQTT publish: topic 'zigbee2mqtt/Alarm Keypad', payload '{"action_code":null,"action_transaction":null,"action_zone":null,"battery":100,"battery_low":false,"linkquality":51,"tamper":false,"update":{"installed_version":131077,"latest_version":131077,"state":"idle"},"voltage":5700}'
[2025-08-12 04:16:38] info: 	z2m:mqtt: MQTT publish: topic 'zigbee2mqtt/bridge/health', payload '{"response_time":1754964998373,"os":{"load_average":[0.03,0.09,0.09],"memory_used_mb":1675.5,"memory_percent":42.7059},"process":{"uptime_sec":5410,"memory_used_mb":112.99,"memory_percent":2.8799},"mqtt":{"connected":true,"queued":0,"published":140,"received":106},"devices":{"0x0015bc0043006306":{"messages":31,"messages_per_sec":0.0059,"leave_count":0,"network_address_changes":0},"0x001788010649a073":{"messages":8,"messages_per_sec":0.0017,"leave_count":0,"network_address_changes":0},"0x04cd15fffe7ff98b":{"messages":1,"messages_per_sec":0.0003,"leave_count":0,"network_address_changes":0},"0x54ef4410006a43c7":{"messages":1,"messages_per_sec":0.0003,"leave_count":0,"network_address_changes":0},"0xb4e3f9fffe249e15":{"messages":1,"messages_per_sec":0.0006,"leave_count":0,"network_address_changes":0}}}'
[2025-08-12 04:17:11] info: 	z2m:mqtt: MQTT publish: topic 'zigbee2mqtt/Cube', payload '{"action_angle":null,"action_from_side":null,"battery":100,"current":0,"linkquality":102,"operation_mode":"action_mode","power":2,"power_outage_count":159,"side":2,"update":{"installed_version":-1,"latest_version":-1,"state":null},"voltage":3064}'
[2025-08-12 04:18:46] info: 	z2m:mqtt: MQTT publish: topic 'zigbee2mqtt/Alarm Keypad', payload '{"action_code":null,"action_transaction":null,"action_zone":null,"battery":100,"battery_low":false,"linkquality":51,"tamper":false,"update":{"installed_version":131077,"latest_version":131077,"state":"idle"},"voltage":5700}'
[2025-08-12 04:23:46] info: 	z2m:mqtt: MQTT publish: topic 'zigbee2mqtt/Alarm Keypad', payload '{"action_code":null,"action_transaction":null,"action_zone":null,"battery":100,"battery_low":false,"linkquality":51,"tamper":false,"update":{"installed_version":131077,"latest_version":131077,"state":"idle"},"voltage":5700}'
[2025-08-12 04:26:38] info: 	z2m:mqtt: MQTT publish: topic 'zigbee2mqtt/bridge/health', payload '{"response_time":1754965598378,"os":{"load_average":[0.03,0.08,0.08],"memory_used_mb":1671.8,"memory_percent":42.6116},"process":{"uptime_sec":6010,"memory_used_mb":113.15,"memory_percent":2.884},"mqtt":{"connected":true,"queued":0,"published":147,"received":106},"devices":{"0x0015bc0043006306":{"messages":34,"messages_per_sec":0.0058,"leave_count":0,"network_address_changes":0},"0x001788010649a073":{"messages":8,"messages_per_sec":0.0015,"leave_count":0,"network_address_changes":0},"0x04cd15fffe7ff98b":{"messages":1,"messages_per_sec":0.0002,"leave_count":0,"network_address_changes":0},"0x54ef4410006a43c7":{"messages":2,"messages_per_sec":0.0005,"leave_count":0,"network_address_changes":0},"0xb4e3f9fffe249e15":{"messages":1,"messages_per_sec":0.0004,"leave_count":0,"network_address_changes":0}}}'
[2025-08-12 04:28:46] info: 	z2m:mqtt: MQTT publish: topic 'zigbee2mqtt/Alarm Keypad', payload '{"action_code":null,"action_transaction":null,"action_zone":null,"battery":100,"battery_low":false,"linkquality":51,"tamper":false,"update":{"installed_version":131077,"latest_version":131077,"state":"idle"},"voltage":5700}'
[2025-08-12 04:33:46] info: 	z2m:mqtt: MQTT publish: topic 'zigbee2mqtt/Alarm Keypad', payload '{"action_code":null,"action_transaction":null,"action_zone":null,"battery":100,"battery_low":false,"linkquality":51,"tamper":false,"update":{"installed_version":131077,"latest_version":131077,"state":"idle"},"voltage":5700}'
[2025-08-12 04:36:38] info: 	z2m:mqtt: MQTT publish: topic 'zigbee2mqtt/bridge/health', payload '{"response_time":1754966198382,"os":{"load_average":[0.04,0.07,0.06],"memory_used_mb":1670.95,"memory_percent":42.5898},"process":{"uptime_sec":6610,"memory_used_mb":113.15,"memory_percent":2.884},"mqtt":{"connected":true,"queued":0,"published":152,"received":106},"devices":{"0x0015bc0043006306":{"messages":37,"messages_per_sec":0.0057,"leave_count":0,"network_address_changes":0},"0x001788010649a073":{"messages":8,"messages_per_sec":0.0014,"leave_count":0,"network_address_changes":0},"0x04cd15fffe7ff98b":{"messages":1,"messages_per_sec":0.0002,"leave_count":0,"network_address_changes":0},"0x54ef4410006a43c7":{"messages":2,"messages_per_sec":0.0004,"leave_count":0,"network_address_changes":0},"0xb4e3f9fffe249e15":{"messages":1,"messages_per_sec":0.0003,"leave_count":0,"network_address_changes":0}}}'
[2025-08-12 04:38:46] info: 	z2m:mqtt: MQTT publish: topic 'zigbee2mqtt/Alarm Keypad', payload '{"action_code":null,"action_transaction":null,"action_zone":null,"battery":100,"battery_low":false,"linkquality":51,"tamper":false,"update":{"installed_version":131077,"latest_version":131077,"state":"idle"},"voltage":5700}'
[2025-08-12 04:43:46] info: 	z2m:mqtt: MQTT publish: topic 'zigbee2mqtt/Alarm Keypad', payload '{"action_code":null,"action_transaction":null,"action_zone":null,"battery":100,"battery_low":false,"linkquality":51,"tamper":false,"update":{"installed_version":131077,"latest_version":131077,"state":"idle"},"voltage":5700}'
[2025-08-12 04:46:38] info: 	z2m:mqtt: MQTT publish: topic 'zigbee2mqtt/bridge/health', payload '{"response_time":1754966798383,"os":{"load_average":[0.25,0.19,0.12],"memory_used_mb":1675.91,"memory_percent":42.7163},"process":{"uptime_sec":7210,"memory_used_mb":113.2,"memory_percent":2.8852},"mqtt":{"connected":true,"queued":0,"published":157,"received":106},"devices":{"0x0015bc0043006306":{"messages":39,"messages_per_sec":0.0055,"leave_count":0,"network_address_changes":0},"0x001788010649a073":{"messages":8,"messages_per_sec":0.0012,"leave_count":0,"network_address_changes":0},"0x04cd15fffe7ff98b":{"messages":1,"messages_per_sec":0.0002,"leave_count":0,"network_address_changes":0},"0x54ef4410006a43c7":{"messages":2,"messages_per_sec":0.0004,"leave_count":0,"network_address_changes":0},"0xb4e3f9fffe249e15":{"messages":1,"messages_per_sec":0.0003,"leave_count":0,"network_address_changes":0}}}'
[2025-08-12 04:48:46] info: 	z2m:mqtt: MQTT publish: topic 'zigbee2mqtt/Alarm Keypad', payload '{"action_code":null,"action_transaction":null,"action_zone":null,"battery":100,"battery_low":false,"linkquality":51,"tamper":false,"update":{"installed_version":131077,"latest_version":131077,"state":"idle"},"voltage":5700}'
[2025-08-12 04:53:46] info: 	z2m:mqtt: MQTT publish: topic 'zigbee2mqtt/Alarm Keypad', payload '{"action_code":null,"action_transaction":null,"action_zone":null,"battery":100,"battery_low":false,"linkquality":51,"tamper":false,"update":{"installed_version":131077,"latest_version":131077,"state":"idle"},"voltage":5700}'
[2025-08-12 04:56:38] info: 	z2m:mqtt: MQTT publish: topic 'zigbee2mqtt/bridge/health', payload '{"response_time":1754967398388,"os":{"load_average":[0.03,0.17,0.14],"memory_used_mb":1673.97,"memory_percent":42.6669},"process":{"uptime_sec":7810,"memory_used_mb":113.18,"memory_percent":2.8847},"mqtt":{"connected":true,"queued":0,"published":162,"received":106},"devices":{"0x0015bc0043006306":{"messages":42,"messages_per_sec":0.0055,"leave_count":0,"network_address_changes":0},"0x001788010649a073":{"messages":8,"messages_per_sec":0.0011,"leave_count":0,"network_address_changes":0},"0x04cd15fffe7ff98b":{"messages":1,"messages_per_sec":0.0002,"leave_count":0,"network_address_changes":0},"0x54ef4410006a43c7":{"messages":2,"messages_per_sec":0.0004,"leave_count":0,"network_address_changes":0},"0xb4e3f9fffe249e15":{"messages":1,"messages_per_sec":0.0002,"leave_count":0,"network_address_changes":0}}}'
[2025-08-12 04:58:03] info: 	z2m:mqtt: MQTT publish: topic 'zigbee2mqtt/Philips Backyard Sensor', payload '{"battery":37.5,"illuminance":1,"led_indication":true,"linkquality":83,"motion_sensitivity":"high","occupancy":false,"occupancy_timeout":60,"temperature":27.88,"update":{"installed_version":1124102917,"latest_version":1124102917,"state":"idle"}}'
[2025-08-12 04:58:46] info: 	z2m:mqtt: MQTT publish: topic 'zigbee2mqtt/Alarm Keypad', payload '{"action_code":null,"action_transaction":null,"action_zone":null,"battery":100,"battery_low":false,"linkquality":51,"tamper":false,"update":{"installed_version":131077,"latest_version":131077,"state":"idle"},"voltage":5700}'
[2025-08-12 05:03:46] info: 	z2m:mqtt: MQTT publish: topic 'zigbee2mqtt/Alarm Keypad', payload '{"action_code":null,"action_transaction":null,"action_zone":null,"battery":100,"battery_low":false,"linkquality":51,"tamper":false,"update":{"installed_version":131077,"latest_version":131077,"state":"idle"},"voltage":5700}'
[2025-08-12 05:03:46] info: 	z2m:mqtt: MQTT publish: topic 'zigbee2mqtt/Alarm Keypad', payload '{"action_code":null,"action_transaction":null,"action_zone":null,"battery":100,"battery_low":false,"linkquality":51,"tamper":false,"update":{"installed_version":131077,"latest_version":131077,"state":"idle"},"voltage":5700}'
[2025-08-12 05:06:38] info: 	z2m:mqtt: MQTT publish: topic 'zigbee2mqtt/bridge/health', payload '{"response_time":1754967998391,"os":{"load_average":[0.05,0.07,0.09],"memory_used_mb":1679.99,"memory_percent":42.8202},"process":{"uptime_sec":8410,"memory_used_mb":113.18,"memory_percent":2.8847},"mqtt":{"connected":true,"queued":0,"published":170,"received":106},"devices":{"0x0015bc0043006306":{"messages":48,"messages_per_sec":0.0058,"leave_count":0,"network_address_changes":0},"0x001788010649a073":{"messages":10,"messages_per_sec":0.0013,"leave_count":0,"network_address_changes":0},"0x04cd15fffe7ff98b":{"messages":1,"messages_per_sec":0.0001,"leave_count":0,"network_address_changes":0},"0x54ef4410006a43c7":{"messages":2,"messages_per_sec":0.0003,"leave_count":0,"network_address_changes":0},"0xb4e3f9fffe249e15":{"messages":1,"messages_per_sec":0.0002,"leave_count":0,"network_address_changes":0}}}'
[2025-08-12 05:08:12] info: 	z2m:mqtt: MQTT publish: topic 'zigbee2mqtt/Philips Backyard Sensor', payload '{"battery":37.5,"illuminance":1,"led_indication":true,"linkquality":91,"motion_sensitivity":"high","occupancy":false,"occupancy_timeout":60,"temperature":27.88,"update":{"installed_version":1124102917,"latest_version":1124102917,"state":"idle"}}'
[2025-08-12 05:08:46] info: 	z2m:mqtt: MQTT publish: topic 'zigbee2mqtt/Alarm Keypad', payload '{"action_code":null,"action_transaction":null,"action_zone":null,"battery":100,"battery_low":false,"linkquality":51,"tamper":false,"update":{"installed_version":131077,"latest_version":131077,"state":"idle"},"voltage":5700}'
[2025-08-12 05:08:59] warning: 	z2m: Failed to ping 'Smart Plug Z1' (attempt 1/1, ZCL command 0xa4c13812921dddfd/1 genBasic.read(["zclVersion"], {"timeout":10000,"disableResponse":false,"disableRecovery":true,"disableDefaultResponse":true,"direction":0,"reservedBits":0,"writeUndiv":false}) failed (Data request failed with error: 'No network route' (205)))
[2025-08-12 05:09:29] info: 	z2m:mqtt: MQTT publish: topic 'zigbee2mqtt/Philips Backyard Sensor', payload '{"battery":37.5,"illuminance":1,"led_indication":true,"linkquality":87,"motion_sensitivity":"high","occupancy":false,"occupancy_timeout":60,"temperature":27.88,"update":{"installed_version":1124102917,"latest_version":1124102917,"state":"idle"}}'
[2025-08-12 05:09:58] warning: 	z2m: Failed to ping 'Alarm Siren' (attempt 1/1, ZCL command 0x0015bc0041007a25/43 genBasic.read(["zclVersion"], {"timeout":10000,"disableResponse":false,"disableRecovery":true,"disableDefaultResponse":true,"direction":0,"reservedBits":0,"writeUndiv":false}) failed (Data request failed with error: 'No network route' (205)))
[2025-08-12 05:10:36] warning: 	z2m: Failed to ping 'Alarm Repeater' (attempt 1/1, ZCL command 0x0015bc0022000242/37 genBasic.read(["zclVersion"], {"timeout":10000,"disableResponse":false,"disableRecovery":true,"disableDefaultResponse":true,"direction":0,"reservedBits":0,"writeUndiv":false}) failed (Data request failed with error: 'No network route' (205)))
[2025-08-12 05:12:27] info: 	z2m:mqtt: MQTT publish: topic 'zigbee2mqtt/Cube', payload '{"action_angle":null,"action_from_side":null,"battery":100,"current":0,"linkquality":102,"operation_mode":"action_mode","power":2,"power_outage_count":159,"side":2,"update":{"installed_version":-1,"latest_version":-1,"state":null},"voltage":3063}'
[2025-08-12 05:13:46] info: 	z2m:mqtt: MQTT publish: topic 'zigbee2mqtt/Alarm Keypad', payload '{"action_code":null,"action_transaction":null,"action_zone":null,"battery":100,"battery_low":false,"linkquality":51,"tamper":false,"update":{"installed_version":131077,"latest_version":131077,"state":"idle"},"voltage":5700}'
[2025-08-12 05:15:08] info: 	z2m:mqtt: MQTT publish: topic 'zigbee2mqtt/Button 3', payload '{"battery":90,"identify":null,"linkquality":21,"update":{"installed_version":604241926,"latest_version":604241926,"state":"idle"}}'
[2025-08-12 05:16:38] info: 	z2m:mqtt: MQTT publish: topic 'zigbee2mqtt/bridge/health', payload '{"response_time":1754968598396,"os":{"load_average":[1.63,1.06,0.51],"memory_used_mb":1711.27,"memory_percent":43.6174},"process":{"uptime_sec":9010,"memory_used_mb":109.91,"memory_percent":2.8015},"mqtt":{"connected":true,"queued":0,"published":187,"received":106},"devices":{"0x0015bc0043006306":{"messages":50,"messages_per_sec":0.0056,"leave_count":0,"network_address_changes":0},"0x001788010649a073":{"messages":15,"messages_per_sec":0.0018,"leave_count":0,"network_address_changes":0},"0x04cd15fffe7ff98b":{"messages":1,"messages_per_sec":0.0001,"leave_count":0,"network_address_changes":0},"0x54ef4410006a43c7":{"messages":3,"messages_per_sec":0.0004,"leave_count":0,"network_address_changes":0},"0xb4e3f9fffe249e15":{"messages":1,"messages_per_sec":0.0002,"leave_count":0,"network_address_changes":0},"0xb4e3f9fffe753317":{"messages":1,"messages_per_sec":0.0111,"leave_count":0,"network_address_changes":0}}}'
[2025-08-12 05:18:46] info: 	z2m:mqtt: MQTT publish: topic 'zigbee2mqtt/Alarm Keypad', payload '{"action_code":null,"action_transaction":null,"action_zone":null,"battery":100,"battery_low":false,"linkquality":51,"tamper":false,"update":{"installed_version":131077,"latest_version":131077,"state":"idle"},"voltage":5700}'
[2025-08-12 05:23:46] info: 	z2m:mqtt: MQTT publish: topic 'zigbee2mqtt/Alarm Keypad', payload '{"action_code":null,"action_transaction":null,"action_zone":null,"battery":100,"battery_low":false,"linkquality":51,"tamper":false,"update":{"installed_version":131077,"latest_version":131077,"state":"idle"},"voltage":5700}'
[2025-08-12 05:26:38] info: 	z2m:mqtt: MQTT publish: topic 'zigbee2mqtt/bridge/health', payload '{"response_time":1754969198396,"os":{"load_average":[0.05,0.4,0.48],"memory_used_mb":1687.49,"memory_percent":43.0114},"process":{"uptime_sec":9610,"memory_used_mb":110.04,"memory_percent":2.8048},"mqtt":{"connected":true,"queued":0,"published":192,"received":106},"devices":{"0x0015bc0043006306":{"messages":53,"messages_per_sec":0.0056,"leave_count":0,"network_address_changes":0},"0x001788010649a073":{"messages":15,"messages_per_sec":0.0017,"leave_count":0,"network_address_changes":0},"0x04cd15fffe7ff98b":{"messages":1,"messages_per_sec":0.0001,"leave_count":0,"network_address_changes":0},"0x54ef4410006a43c7":{"messages":3,"messages_per_sec":0.0004,"leave_count":0,"network_address_changes":0},"0xb4e3f9fffe249e15":{"messages":1,"messages_per_sec":0.0002,"leave_count":0,"network_address_changes":0},"0xb4e3f9fffe753317":{"messages":1,"messages_per_sec":0.0014,"leave_count":0,"network_address_changes":0}}}'
[2025-08-12 05:28:46] info: 	z2m:mqtt: MQTT publish: topic 'zigbee2mqtt/Alarm Keypad', payload '{"action_code":null,"action_transaction":null,"action_zone":null,"battery":100,"battery_low":false,"linkquality":51,"tamper":false,"update":{"installed_version":131077,"latest_version":131077,"state":"idle"},"voltage":5700}'
[2025-08-12 05:33:46] info: 	z2m:mqtt: MQTT publish: topic 'zigbee2mqtt/Alarm Keypad', payload '{"action_code":null,"action_transaction":null,"action_zone":null,"battery":100,"battery_low":false,"linkquality":51,"tamper":false,"update":{"installed_version":131077,"latest_version":131077,"state":"idle"},"voltage":5700}'
[2025-08-12 05:36:38] info: 	z2m:mqtt: MQTT publish: topic 'zigbee2mqtt/bridge/health', payload '{"response_time":1754969798401,"os":{"load_average":[0.11,0.14,0.3],"memory_used_mb":1676,"memory_percent":42.7185},"process":{"uptime_sec":10210,"memory_used_mb":110.04,"memory_percent":2.8048},"mqtt":{"connected":true,"queued":0,"published":197,"received":106},"devices":{"0x0015bc0043006306":{"messages":56,"messages_per_sec":0.0056,"leave_count":0,"network_address_changes":0},"0x001788010649a073":{"messages":15,"messages_per_sec":0.0016,"leave_count":0,"network_address_changes":0},"0x04cd15fffe7ff98b":{"messages":1,"messages_per_sec":0.0001,"leave_count":0,"network_address_changes":0},"0x54ef4410006a43c7":{"messages":3,"messages_per_sec":0.0004,"leave_count":0,"network_address_changes":0},"0xb4e3f9fffe249e15":{"messages":1,"messages_per_sec":0.0002,"leave_count":0,"network_address_changes":0},"0xb4e3f9fffe753317":{"messages":1,"messages_per_sec":0.0008,"leave_count":0,"network_address_changes":0}}}'
[2025-08-12 05:38:46] info: 	z2m:mqtt: MQTT publish: topic 'zigbee2mqtt/Alarm Keypad', payload '{"action_code":null,"action_transaction":null,"action_zone":null,"battery":100,"battery_low":false,"linkquality":51,"tamper":false,"update":{"installed_version":131077,"latest_version":131077,"state":"idle"},"voltage":5700}'
[2025-08-12 05:43:46] info: 	z2m:mqtt: MQTT publish: topic 'zigbee2mqtt/Alarm Keypad', payload '{"action_code":null,"action_transaction":null,"action_zone":null,"battery":100,"battery_low":false,"linkquality":51,"tamper":false,"update":{"installed_version":131077,"latest_version":131077,"state":"idle"},"voltage":5700}'
[2025-08-12 05:46:38] info: 	z2m:mqtt: MQTT publish: topic 'zigbee2mqtt/bridge/health', payload '{"response_time":1754970398404,"os":{"load_average":[0.04,0.09,0.19],"memory_used_mb":1677.29,"memory_percent":42.7513},"process":{"uptime_sec":10810,"memory_used_mb":110.04,"memory_percent":2.8048},"mqtt":{"connected":true,"queued":0,"published":202,"received":106},"devices":{"0x0015bc0043006306":{"messages":58,"messages_per_sec":0.0054,"leave_count":0,"network_address_changes":0},"0x001788010649a073":{"messages":20,"messages_per_sec":0.002,"leave_count":0,"network_address_changes":0},"0x04cd15fffe7ff98b":{"messages":1,"messages_per_sec":0.0001,"leave_count":0,"network_address_changes":0},"0x54ef4410006a43c7":{"messages":3,"messages_per_sec":0.0003,"leave_count":0,"network_address_changes":0},"0xb4e3f9fffe249e15":{"messages":1,"messages_per_sec":0.0001,"leave_count":0,"network_address_changes":0},"0xb4e3f9fffe753317":{"messages":1,"messages_per_sec":0.0005,"leave_count":0,"network_address_changes":0}}}'
[2025-08-12 05:48:46] info: 	z2m:mqtt: MQTT publish: topic 'zigbee2mqtt/Alarm Keypad', payload '{"action_code":null,"action_transaction":null,"action_zone":null,"battery":100,"battery_low":false,"linkquality":51,"tamper":false,"update":{"installed_version":131077,"latest_version":131077,"state":"idle"},"voltage":5700}'
[2025-08-12 05:53:46] info: 	z2m:mqtt: MQTT publish: topic 'zigbee2mqtt/Alarm Keypad', payload '{"action_code":null,"action_transaction":null,"action_zone":null,"battery":100,"battery_low":false,"linkquality":51,"tamper":false,"update":{"installed_version":131077,"latest_version":131077,"state":"idle"},"voltage":5700}'
[2025-08-12 05:56:38] info: 	z2m:mqtt: MQTT publish: topic 'zigbee2mqtt/bridge/health', payload '{"response_time":1754970998408,"os":{"load_average":[0.13,0.19,0.18],"memory_used_mb":1668.66,"memory_percent":42.5314},"process":{"uptime_sec":11410,"memory_used_mb":110.04,"memory_percent":2.8048},"mqtt":{"connected":true,"queued":0,"published":207,"received":106},"devices":{"0x0015bc0043006306":{"messages":61,"messages_per_sec":0.0054,"leave_count":0,"network_address_changes":0},"0x001788010649a073":{"messages":20,"messages_per_sec":0.0019,"leave_count":0,"network_address_changes":0},"0x04cd15fffe7ff98b":{"messages":3,"messages_per_sec":0.0003,"leave_count":0,"network_address_changes":0},"0x54ef4410006a43c7":{"messages":3,"messages_per_sec":0.0003,"leave_count":0,"network_address_changes":0},"0xb4e3f9fffe249e15":{"messages":1,"messages_per_sec":0.0001,"leave_count":0,"network_address_changes":0},"0xb4e3f9fffe753317":{"messages":1,"messages_per_sec":0.0004,"leave_count":0,"network_address_changes":0}}}'
[2025-08-12 05:57:57] info: 	z2m:mqtt: MQTT publish: topic 'zigbee2mqtt/Philips Backyard Sensor', payload '{"battery":37.5,"illuminance":1,"led_indication":true,"linkquality":87,"motion_sensitivity":"high","occupancy":false,"occupancy_timeout":60,"temperature":27.31,"update":{"installed_version":1124102917,"latest_version":1124102917,"state":"idle"}}'
[2025-08-12 05:58:46] info: 	z2m:mqtt: MQTT publish: topic 'zigbee2mqtt/Alarm Keypad', payload '{"action_code":null,"action_transaction":null,"action_zone":null,"battery":100,"battery_low":false,"linkquality":51,"tamper":false,"update":{"installed_version":131077,"latest_version":131077,"state":"idle"},"voltage":5700}'
[2025-08-12 06:02:45] info: 	zhc:ota: [0x04cd15fffe7ff98b | TRADFRI SHORTCUT Button] Firmware release notes: https://ww8.ikea.com/ikeahomesmart/releasenotes/releasenotes.html
[2025-08-12 06:02:45] info: 	z2m:mqtt: MQTT publish: topic 'zigbee2mqtt/Button 2 - Chandelier', payload '{"battery":90,"identify":null,"linkquality":25,"update":{"installed_version":604241926,"latest_version":604241926,"state":"idle"}}'
[2025-08-12 06:03:46] info: 	z2m:mqtt: MQTT publish: topic 'zigbee2mqtt/Alarm Keypad', payload '{"action_code":null,"action_transaction":null,"action_zone":null,"battery":100,"battery_low":false,"linkquality":51,"tamper":false,"update":{"installed_version":131077,"latest_version":131077,"state":"idle"},"voltage":5700}'
[2025-08-12 06:03:46] info: 	z2m:mqtt: MQTT publish: topic 'zigbee2mqtt/Alarm Keypad', payload '{"action_code":null,"action_transaction":null,"action_zone":null,"battery":100,"battery_low":false,"linkquality":51,"tamper":false,"update":{"installed_version":131077,"latest_version":131077,"state":"idle"},"voltage":5700}'
[2025-08-12 06:06:38] info: 	z2m:mqtt: MQTT publish: topic 'zigbee2mqtt/bridge/health', payload '{"response_time":1754971598412,"os":{"load_average":[0.05,0.13,0.16],"memory_used_mb":1680.57,"memory_percent":42.8351},"process":{"uptime_sec":12010,"memory_used_mb":110.5,"memory_percent":2.8166},"mqtt":{"connected":true,"queued":0,"published":219,"received":106},"devices":{"0x0015bc0043006306":{"messages":67,"messages_per_sec":0.0056,"leave_count":0,"network_address_changes":0},"0x001788010649a073":{"messages":21,"messages_per_sec":0.0019,"leave_count":0,"network_address_changes":0},"0x04cd15fffe7ff98b":{"messages":4,"messages_per_sec":0.0004,"leave_count":0,"network_address_changes":0},"0x54ef4410006a43c7":{"messages":3,"messages_per_sec":0.0003,"leave_count":0,"network_address_changes":0},"0xb4e3f9fffe249e15":{"messages":1,"messages_per_sec":0.0001,"leave_count":0,"network_address_changes":0},"0xb4e3f9fffe753317":{"messages":1,"messages_per_sec":0.0003,"leave_count":0,"network_address_changes":0}}}'
[2025-08-12 06:07:57] info: 	z2m:mqtt: MQTT publish: topic 'zigbee2mqtt/Cube', payload '{"action_angle":null,"action_from_side":null,"battery":100,"current":0,"linkquality":109,"operation_mode":"action_mode","power":2,"power_outage_count":159,"side":2,"update":{"installed_version":-1,"latest_version":-1,"state":null},"voltage":3066}'
[2025-08-12 06:08:06] info: 	z2m:mqtt: MQTT publish: topic 'zigbee2mqtt/Philips Backyard Sensor', payload '{"battery":37.5,"illuminance":1,"led_indication":true,"linkquality":87,"motion_sensitivity":"high","occupancy":false,"occupancy_timeout":60,"temperature":27.31,"update":{"installed_version":1124102917,"latest_version":1124102917,"state":"idle"}}'
[2025-08-12 06:08:46] info: 	z2m:mqtt: MQTT publish: topic 'zigbee2mqtt/Alarm Keypad', payload '{"action_code":null,"action_transaction":null,"action_zone":null,"battery":100,"battery_low":false,"linkquality":51,"tamper":false,"update":{"installed_version":131077,"latest_version":131077,"state":"idle"},"voltage":5700}'
[2025-08-12 06:09:23] info: 	z2m:mqtt: MQTT publish: topic 'zigbee2mqtt/Philips Backyard Sensor', payload '{"battery":37.5,"illuminance":1,"led_indication":true,"linkquality":87,"motion_sensitivity":"high","occupancy":false,"occupancy_timeout":60,"temperature":27.31,"update":{"installed_version":1124102917,"latest_version":1124102917,"state":"idle"}}'
[2025-08-12 06:13:46] info: 	z2m:mqtt: MQTT publish: topic 'zigbee2mqtt/Alarm Keypad', payload '{"action_code":null,"action_transaction":null,"action_zone":null,"battery":100,"battery_low":false,"linkquality":51,"tamper":false,"update":{"installed_version":131077,"latest_version":131077,"state":"idle"},"voltage":5700}'
[2025-08-12 06:15:51] info: 	z2m:mqtt: MQTT publish: topic 'zigbee2mqtt/bridge/event', payload '{"data":{"friendly_name":"Alarm Keypad","ieee_address":"0x0015bc0043006306"},"type":"device_announce"}'
[2025-08-12 06:15:51] info: 	z2m:mqtt: MQTT publish: topic 'zigbee2mqtt/Alarm Keypad', payload '{"action_code":null,"action_transaction":null,"action_zone":null,"battery":100,"battery_low":false,"linkquality":51,"tamper":false,"update":{"installed_version":131077,"latest_version":131077,"state":"idle"},"voltage":5700}'
[2025-08-12 06:15:51] info: 	z2m:mqtt: MQTT publish: topic 'zigbee2mqtt/Alarm Keypad', payload '{"action_code":null,"action_transaction":null,"action_zone":null,"battery":100,"battery_low":false,"linkquality":51,"tamper":false,"update":{"installed_version":131077,"latest_version":131077,"state":"idle"},"voltage":5700}'
[2025-08-12 06:16:38] info: 	z2m:mqtt: MQTT publish: topic 'zigbee2mqtt/bridge/health', payload '{"response_time":1754972198416,"os":{"load_average":[0.18,0.18,0.18],"memory_used_mb":1667.97,"memory_percent":42.5139},"process":{"uptime_sec":12610,"memory_used_mb":110.6,"memory_percent":2.819},"mqtt":{"connected":true,"queued":0,"published":237,"received":106},"devices":{"0x0015bc0043006306":{"messages":74,"messages_per_sec":0.0059,"leave_count":0,"network_address_changes":0},"0x001788010649a073":{"messages":28,"messages_per_sec":0.0024,"leave_count":0,"network_address_changes":0},"0x04cd15fffe7ff98b":{"messages":4,"messages_per_sec":0.0004,"leave_count":0,"network_address_changes":0},"0x54ef4410006a43c7":{"messages":4,"messages_per_sec":0.0004,"leave_count":0,"network_address_changes":0},"0xb4e3f9fffe249e15":{"messages":1,"messages_per_sec":0.0001,"leave_count":0,"network_address_changes":0},"0xb4e3f9fffe753317":{"messages":1,"messages_per_sec":0.0003,"leave_count":0,"network_address_changes":0}}}'
[2025-08-12 06:20:51] info: 	z2m:mqtt: MQTT publish: topic 'zigbee2mqtt/Alarm Keypad', payload '{"action_code":null,"action_transaction":null,"action_zone":null,"battery":100,"battery_low":false,"linkquality":51,"tamper":false,"update":{"installed_version":131077,"latest_version":131077,"state":"idle"},"voltage":5700}'
[2025-08-12 06:25:51] info: 	z2m:mqtt: MQTT publish: topic 'zigbee2mqtt/Alarm Keypad', payload '{"action_code":null,"action_transaction":null,"action_zone":null,"battery":100,"battery_low":false,"linkquality":51,"tamper":false,"update":{"installed_version":131077,"latest_version":131077,"state":"idle"},"voltage":5700}'
[2025-08-12 06:26:38] info: 	z2m:mqtt: MQTT publish: topic 'zigbee2mqtt/bridge/health', payload '{"response_time":1754972798419,"os":{"load_average":[0,0.04,0.1],"memory_used_mb":1666.25,"memory_percent":42.47},"process":{"uptime_sec":13210,"memory_used_mb":110.6,"memory_percent":2.819},"mqtt":{"connected":true,"queued":0,"published":242,"received":106},"devices":{"0x0015bc0043006306":{"messages":76,"messages_per_sec":0.0058,"leave_count":0,"network_address_changes":0},"0x001788010649a073":{"messages":28,"messages_per_sec":0.0022,"leave_count":0,"network_address_changes":0},"0x04cd15fffe7ff98b":{"messages":4,"messages_per_sec":0.0003,"leave_count":0,"network_address_changes":0},"0x54ef4410006a43c7":{"messages":4,"messages_per_sec":0.0004,"leave_count":0,"network_address_changes":0},"0xb4e3f9fffe249e15":{"messages":1,"messages_per_sec":0.0001,"leave_count":0,"network_address_changes":0},"0xb4e3f9fffe753317":{"messages":1,"messages_per_sec":0.0002,"leave_count":0,"network_address_changes":0}}}'
[2025-08-12 06:30:51] info: 	z2m:mqtt: MQTT publish: topic 'zigbee2mqtt/Alarm Keypad', payload '{"action_code":null,"action_transaction":null,"action_zone":null,"battery":100,"battery_low":false,"linkquality":51,"tamper":false,"update":{"installed_version":131077,"latest_version":131077,"state":"idle"},"voltage":5700}'
[2025-08-12 06:35:51] info: 	z2m:mqtt: MQTT publish: topic 'zigbee2mqtt/Alarm Keypad', payload '{"action_code":null,"action_transaction":null,"action_zone":null,"battery":100,"battery_low":false,"linkquality":51,"tamper":false,"update":{"installed_version":131077,"latest_version":131077,"state":"idle"},"voltage":5700}'
[2025-08-12 06:36:38] info: 	z2m:mqtt: MQTT publish: topic 'zigbee2mqtt/bridge/health', payload '{"response_time":1754973398421,"os":{"load_average":[0.04,0.08,0.08],"memory_used_mb":1670.77,"memory_percent":42.5852},"process":{"uptime_sec":13810,"memory_used_mb":110.6,"memory_percent":2.819},"mqtt":{"connected":true,"queued":0,"published":247,"received":106},"devices":{"0x0015bc0043006306":{"messages":79,"messages_per_sec":0.0058,"leave_count":0,"network_address_changes":0},"0x001788010649a073":{"messages":28,"messages_per_sec":0.0021,"leave_count":0,"network_address_changes":0},"0x04cd15fffe7ff98b":{"messages":4,"messages_per_sec":0.0003,"leave_count":0,"network_address_changes":0},"0x54ef4410006a43c7":{"messages":4,"messages_per_sec":0.0003,"leave_count":0,"network_address_changes":0},"0xb4e3f9fffe249e15":{"messages":1,"messages_per_sec":0.0001,"leave_count":0,"network_address_changes":0},"0xb4e3f9fffe753317":{"messages":1,"messages_per_sec":0.0002,"leave_count":0,"network_address_changes":0}}}'
[2025-08-12 06:40:51] info: 	z2m:mqtt: MQTT publish: topic 'zigbee2mqtt/Alarm Keypad', payload '{"action_code":null,"action_transaction":null,"action_zone":null,"battery":100,"battery_low":false,"linkquality":51,"tamper":false,"update":{"installed_version":131077,"latest_version":131077,"state":"idle"},"voltage":5700}'
[2025-08-12 06:44:22] info: 	z2m:mqtt: MQTT publish: topic 'zigbee2mqtt/Philips Backyard Sensor', payload '{"battery":37.5,"illuminance":2,"led_indication":true,"linkquality":87,"motion_sensitivity":"high","occupancy":false,"occupancy_timeout":60,"temperature":27.31,"update":{"installed_version":1124102917,"latest_version":1124102917,"state":"idle"}}'
[2025-08-12 06:45:51] info: 	z2m:mqtt: MQTT publish: topic 'zigbee2mqtt/Alarm Keypad', payload '{"action_code":null,"action_transaction":null,"action_zone":null,"battery":100,"battery_low":false,"linkquality":51,"tamper":false,"update":{"installed_version":131077,"latest_version":131077,"state":"idle"},"voltage":5700}'
[2025-08-12 06:46:38] info: 	z2m:mqtt: MQTT publish: topic 'zigbee2mqtt/bridge/health', payload '{"response_time":1754973998423,"os":{"load_average":[0.06,0.1,0.09],"memory_used_mb":1672.08,"memory_percent":42.6186},"process":{"uptime_sec":14410,"memory_used_mb":110.9,"memory_percent":2.8267},"mqtt":{"connected":true,"queued":0,"published":255,"received":106},"devices":{"0x0015bc0043006306":{"messages":82,"messages_per_sec":0.0057,"leave_count":0,"network_address_changes":0},"0x001788010649a073":{"messages":34,"messages_per_sec":0.0025,"leave_count":0,"network_address_changes":0},"0x04cd15fffe7ff98b":{"messages":4,"messages_per_sec":0.0003,"leave_count":0,"network_address_changes":0},"0x54ef4410006a43c7":{"messages":4,"messages_per_sec":0.0003,"leave_count":0,"network_address_changes":0},"0xb4e3f9fffe249e15":{"messages":1,"messages_per_sec":0.0001,"leave_count":0,"network_address_changes":0},"0xb4e3f9fffe753317":{"messages":1,"messages_per_sec":0.0002,"leave_count":0,"network_address_changes":0}}}'
[2025-08-12 06:49:21] info: 	z2m:mqtt: MQTT publish: topic 'zigbee2mqtt/Philips Backyard Sensor', payload '{"battery":37.5,"illuminance":4,"led_indication":true,"linkquality":87,"motion_sensitivity":"high","occupancy":false,"occupancy_timeout":60,"temperature":27.31,"update":{"installed_version":1124102917,"latest_version":1124102917,"state":"idle"}}'
[2025-08-12 06:50:51] info: 	z2m:mqtt: MQTT publish: topic 'zigbee2mqtt/Alarm Keypad', payload '{"action_code":null,"action_transaction":null,"action_zone":null,"battery":100,"battery_low":false,"linkquality":51,"tamper":false,"update":{"installed_version":131077,"latest_version":131077,"state":"idle"},"voltage":5700}'
[2025-08-12 06:53:54] info: 	z2m: Configuring 'Water Sensor 1'
[2025-08-12 06:53:54] info: 	z2m:mqtt: MQTT publish: topic 'zigbee2mqtt/bridge/event', payload '{"data":{"friendly_name":"Water Sensor 1","ieee_address":"0x5c0272fffebb9cde"},"type":"device_announce"}'
[2025-08-12 06:53:56] info: 	z2m:mqtt: MQTT publish: topic 'zigbee2mqtt/Water Sensor 1', payload '{"battery":76,"battery_low":false,"linkquality":51,"tamper":false,"voltage":2800,"water_leak":false}'
[2025-08-12 06:53:56] info: 	z2m:mqtt: MQTT publish: topic 'zigbee2mqtt/Water Sensor 1', payload '{"battery":76,"battery_low":false,"linkquality":51,"tamper":false,"voltage":2800,"water_leak":false}'
[2025-08-12 06:53:56] info: 	z2m:mqtt: MQTT publish: topic 'zigbee2mqtt/Water Sensor 1', payload '{"battery":76,"battery_low":false,"linkquality":51,"tamper":false,"voltage":2800,"water_leak":false}'
[2025-08-12 06:53:56] info: 	z2m:mqtt: MQTT publish: topic 'zigbee2mqtt/Water Sensor 1', payload '{"battery":76,"battery_low":false,"linkquality":51,"tamper":false,"voltage":2800,"water_leak":false}'
[2025-08-12 06:53:56] info: 	z2m:mqtt: MQTT publish: topic 'zigbee2mqtt/Water Sensor 1', payload '{"battery":76,"battery_low":false,"linkquality":51,"tamper":false,"voltage":2800,"water_leak":false}'
[2025-08-12 06:53:56] info: 	z2m:mqtt: MQTT publish: topic 'zigbee2mqtt/Water Sensor 1', payload '{"battery":76,"battery_low":false,"linkquality":51,"tamper":false,"voltage":2800,"water_leak":false}'
[2025-08-12 06:53:56] info: 	z2m:mqtt: MQTT publish: topic 'zigbee2mqtt/Water Sensor 1', payload '{"battery":76,"battery_low":false,"linkquality":51,"tamper":false,"voltage":2800,"water_leak":false}'
[2025-08-12 06:53:56] info: 	z2m:mqtt: MQTT publish: topic 'zigbee2mqtt/Water Sensor 1', payload '{"battery":76,"battery_low":false,"linkquality":51,"tamper":false,"voltage":2800,"water_leak":false}'
[2025-08-12 06:53:56] info: 	z2m:mqtt: MQTT publish: topic 'zigbee2mqtt/Water Sensor 1', payload '{"battery":76,"battery_low":false,"linkquality":51,"tamper":false,"voltage":2800,"water_leak":false}'
[2025-08-12 06:53:56] info: 	z2m:mqtt: MQTT publish: topic 'zigbee2mqtt/Water Sensor 1', payload '{"battery":76,"battery_low":false,"linkquality":51,"tamper":false,"voltage":2800,"water_leak":false}'
[2025-08-12 06:53:56] info: 	z2m:mqtt: MQTT publish: topic 'zigbee2mqtt/Water Sensor 1', payload '{"battery":76,"battery_low":false,"linkquality":51,"tamper":false,"voltage":2800,"water_leak":false}'
[2025-08-12 06:53:56] info: 	z2m:mqtt: MQTT publish: topic 'zigbee2mqtt/Water Sensor 1', payload '{"battery":76,"battery_low":false,"linkquality":51,"tamper":false,"voltage":2800,"water_leak":false}'
[2025-08-12 06:53:56] info: 	z2m:mqtt: MQTT publish: topic 'zigbee2mqtt/Water Sensor 1', payload '{"battery":76,"battery_low":false,"linkquality":51,"tamper":false,"voltage":2800,"water_leak":false}'
[2025-08-12 06:53:56] info: 	z2m:mqtt: MQTT publish: topic 'zigbee2mqtt/Water Sensor 1', payload '{"battery":76,"battery_low":false,"linkquality":51,"tamper":false,"voltage":2800,"water_leak":false}'
[2025-08-12 06:53:58] info: 	z2m:mqtt: MQTT publish: topic 'zigbee2mqtt/Water Sensor 1', payload '{"battery":76,"battery_low":false,"linkquality":47,"tamper":false,"voltage":2800,"water_leak":false}'
[2025-08-12 06:54:00] info: 	z2m:mqtt: MQTT publish: topic 'zigbee2mqtt/Water Sensor 1', payload '{"battery":76,"battery_low":false,"linkquality":51,"tamper":false,"voltage":2800,"water_leak":false}'
[2025-08-12 06:54:02] info: 	z2m:mqtt: MQTT publish: topic 'zigbee2mqtt/Water Sensor 1', payload '{"battery":76,"battery_low":false,"linkquality":51,"tamper":false,"voltage":2800,"water_leak":false}'
[2025-08-12 06:54:02] info: 	z2m:mqtt: MQTT publish: topic 'zigbee2mqtt/Water Sensor 1', payload '{"battery":76,"battery_low":false,"linkquality":51,"tamper":false,"voltage":2800,"water_leak":false}'
[2025-08-12 06:54:02] info: 	z2m:mqtt: MQTT publish: topic 'zigbee2mqtt/Water Sensor 1', payload '{"battery":76,"battery_low":false,"linkquality":51,"tamper":false,"voltage":2800,"water_leak":false}'
[2025-08-12 06:54:02] info: 	z2m:mqtt: MQTT publish: topic 'zigbee2mqtt/Water Sensor 1', payload '{"battery":76,"battery_low":false,"linkquality":51,"tamper":false,"voltage":2800,"water_leak":false}'
[2025-08-12 06:54:02] info: 	z2m:mqtt: MQTT publish: topic 'zigbee2mqtt/Water Sensor 1', payload '{"battery":76,"battery_low":false,"linkquality":51,"tamper":false,"voltage":2800,"water_leak":false}'
[2025-08-12 06:54:02] info: 	z2m:mqtt: MQTT publish: topic 'zigbee2mqtt/Water Sensor 1', payload '{"battery":76,"battery_low":false,"linkquality":51,"tamper":false,"voltage":2800,"water_leak":false}'
[2025-08-12 06:54:02] info: 	z2m:mqtt: MQTT publish: topic 'zigbee2mqtt/Water Sensor 1', payload '{"battery":76,"battery_low":false,"linkquality":51,"tamper":false,"voltage":2800,"water_leak":false}'
[2025-08-12 06:54:02] info: 	z2m:mqtt: MQTT publish: topic 'zigbee2mqtt/Water Sensor 1', payload '{"battery":76,"battery_low":false,"linkquality":51,"tamper":false,"voltage":2800,"water_leak":false}'
[2025-08-12 06:54:02] info: 	z2m:mqtt: MQTT publish: topic 'zigbee2mqtt/Water Sensor 1', payload '{"battery":76,"battery_low":false,"linkquality":51,"tamper":false,"voltage":2800,"water_leak":false}'
[2025-08-12 06:54:02] info: 	z2m:mqtt: MQTT publish: topic 'zigbee2mqtt/Water Sensor 1', payload '{"battery":76,"battery_low":false,"linkquality":51,"tamper":false,"voltage":2800,"water_leak":false}'
[2025-08-12 06:54:02] info: 	z2m:mqtt: MQTT publish: topic 'zigbee2mqtt/Water Sensor 1', payload '{"battery":76,"battery_low":false,"linkquality":51,"tamper":false,"voltage":2800,"water_leak":false}'
[2025-08-12 06:54:02] info: 	z2m:mqtt: MQTT publish: topic 'zigbee2mqtt/Water Sensor 1', payload '{"battery":76,"battery_low":false,"linkquality":51,"tamper":false,"voltage":2800,"water_leak":false}'
[2025-08-12 06:54:02] info: 	z2m:mqtt: MQTT publish: topic 'zigbee2mqtt/Water Sensor 1', payload '{"battery":76,"battery_low":false,"linkquality":51,"tamper":false,"voltage":2800,"water_leak":false}'
[2025-08-12 06:54:02] info: 	z2m:mqtt: MQTT publish: topic 'zigbee2mqtt/Water Sensor 1', payload '{"battery":76,"battery_low":false,"linkquality":51,"tamper":false,"voltage":2800,"water_leak":false}'
[2025-08-12 06:54:03] info: 	z2m:mqtt: MQTT publish: topic 'zigbee2mqtt/Water Sensor 1', payload '{"battery":76,"battery_low":false,"linkquality":47,"tamper":false,"voltage":2800,"water_leak":false}'
[2025-08-12 06:54:08] info: 	z2m:mqtt: MQTT publish: topic 'zigbee2mqtt/Water Sensor 1', payload '{"battery":76,"battery_low":false,"linkquality":51,"tamper":false,"voltage":2800,"water_leak":false}'
[2025-08-12 06:54:08] info: 	z2m:mqtt: MQTT publish: topic 'zigbee2mqtt/Water Sensor 1', payload '{"battery":76,"battery_low":false,"linkquality":51,"tamper":false,"voltage":2800,"water_leak":false}'
[2025-08-12 06:54:09] info: 	z2m:mqtt: MQTT publish: topic 'zigbee2mqtt/Water Sensor 1', payload '{"battery":76,"battery_low":false,"linkquality":51,"tamper":false,"voltage":2800,"water_leak":false}'
[2025-08-12 06:54:09] info: 	z2m:mqtt: MQTT publish: topic 'zigbee2mqtt/Water Sensor 1', payload '{"battery":76,"battery_low":false,"linkquality":51,"tamper":false,"voltage":2800,"water_leak":false}'
[2025-08-12 06:54:09] info: 	z2m:mqtt: MQTT publish: topic 'zigbee2mqtt/Water Sensor 1', payload '{"battery":76,"battery_low":false,"linkquality":51,"tamper":false,"voltage":2800,"water_leak":false}'
[2025-08-12 06:54:09] info: 	z2m:mqtt: MQTT publish: topic 'zigbee2mqtt/Water Sensor 1', payload '{"battery":76,"battery_low":false,"linkquality":51,"tamper":false,"voltage":2800,"water_leak":false}'
[2025-08-12 06:54:09] info: 	z2m:mqtt: MQTT publish: topic 'zigbee2mqtt/Water Sensor 1', payload '{"battery":76,"battery_low":false,"linkquality":51,"tamper":false,"voltage":2800,"water_leak":false}'
[2025-08-12 06:54:09] info: 	z2m:mqtt: MQTT publish: topic 'zigbee2mqtt/Water Sensor 1', payload '{"battery":76,"battery_low":false,"linkquality":51,"tamper":false,"voltage":2800,"water_leak":false}'
[2025-08-12 06:54:09] info: 	z2m:mqtt: MQTT publish: topic 'zigbee2mqtt/Water Sensor 1', payload '{"battery":76,"battery_low":false,"linkquality":51,"tamper":false,"voltage":2800,"water_leak":false}'
[2025-08-12 06:54:09] info: 	z2m:mqtt: MQTT publish: topic 'zigbee2mqtt/Water Sensor 1', payload '{"battery":76,"battery_low":false,"linkquality":51,"tamper":false,"voltage":2800,"water_leak":false}'
[2025-08-12 06:54:09] info: 	z2m:mqtt: MQTT publish: topic 'zigbee2mqtt/Water Sensor 1', payload '{"battery":76,"battery_low":false,"linkquality":51,"tamper":false,"voltage":2800,"water_leak":false}'
[2025-08-12 06:54:09] info: 	z2m:mqtt: MQTT publish: topic 'zigbee2mqtt/Water Sensor 1', payload '{"battery":76,"battery_low":false,"linkquality":51,"tamper":false,"voltage":2800,"water_leak":false}'
[2025-08-12 06:54:09] info: 	z2m:mqtt: MQTT publish: topic 'zigbee2mqtt/Water Sensor 1', payload '{"battery":76,"battery_low":false,"linkquality":51,"tamper":false,"voltage":2800,"water_leak":false}'
[2025-08-12 06:54:09] info: 	z2m:mqtt: MQTT publish: topic 'zigbee2mqtt/Water Sensor 1', payload '{"battery":76,"battery_low":false,"linkquality":51,"tamper":false,"voltage":2800,"water_leak":false}'
[2025-08-12 06:54:21] info: 	z2m:mqtt: MQTT publish: topic 'zigbee2mqtt/Philips Backyard Sensor', payload '{"battery":37.5,"illuminance":9,"led_indication":true,"linkquality":87,"motion_sensitivity":"high","occupancy":false,"occupancy_timeout":60,"temperature":27.31,"update":{"installed_version":1124102917,"latest_version":1124102917,"state":"idle"}}'
[2025-08-12 06:54:22] error: 	z2m: Failed to configure 'Water Sensor 1', attempt 1 (Error: ZCL command 0x5c0272fffebb9cde/1 genPowerCfg.configReport([{"attribute":"batteryPercentageRemaining","minimumReportInterval":3600,"maximumReportInterval":65000,"reportableChange":0}], {"timeout":10000,"disableResponse":false,"disableRecovery":false,"disableDefaultResponse":true,"direction":0,"reservedBits":0,"writeUndiv":false}) failed (Timeout - 42265 - 1 - 19 - 1 - 7 after 10000ms)
    at Object.start (/app/node_modules/.pnpm/zigbee-herdsman@5.0.4/node_modules/zigbee-herdsman/src/utils/waitress.ts:68:23)
    at ZStackAdapter.sendZclFrameToEndpointInternal (/app/node_modules/.pnpm/zigbee-herdsman@5.0.4/node_modules/zigbee-herdsman/src/adapter/z-stack/adapter/zStackAdapter.ts:659:47)
    at processTicksAndRejections (node:internal/process/task_queues:105:5)
    at ZStackAdapter.sendZclFrameToEndpointInternal (/app/node_modules/.pnpm/zigbee-herdsman@5.0.4/node_modules/zigbee-herdsman/src/adapter/z-stack/adapter/zStackAdapter.ts:691:28)
    at /app/node_modules/.pnpm/zigbee-herdsman@5.0.4/node_modules/zigbee-herdsman/src/adapter/z-stack/adapter/zStackAdapter.ts:439:20
    at Queue.execute (/app/node_modules/.pnpm/zigbee-herdsman@5.0.4/node_modules/zigbee-herdsman/src/utils/queue.ts:36:20)
    at ZStackAdapter.sendZclFrameToEndpoint (/app/node_modules/.pnpm/zigbee-herdsman@5.0.4/node_modules/zigbee-herdsman/src/adapter/z-stack/adapter/zStackAdapter.ts:437:16)
    at Request.send (/app/node_modules/.pnpm/zigbee-herdsman@5.0.4/node_modules/zigbee-herdsman/src/controller/helpers/request.ts:86:20)
    at Endpoint.sendRequest (/app/node_modules/.pnpm/zigbee-herdsman@5.0.4/node_modules/zigbee-herdsman/src/controller/model/endpoint.ts:347:20)
    at Endpoint.zclCommand (/app/node_modules/.pnpm/zigbee-herdsman@5.0.4/node_modules/zigbee-herdsman/src/controller/model/endpoint.ts:1000:28))
