[2024-08-12 14:26:12] info: 	z2m: Logging to console, file (filename: log.log)
[2024-08-12 14:26:12] info: 	z2m: Starting Zigbee2MQTT version 1.39.1 (commit #unknown)
[2024-08-12 14:26:12] info: 	z2m: Starting zigbee-herdsman (0.55.3)
[2024-08-12 14:26:13] info: 	zh:zstack:znp: Opening TCP socket with 192.168.87.68:6638
[2024-08-12 14:26:25] info: 	zh:zstack:znp: Socket connected
[2024-08-12 14:26:25] info: 	zh:zstack:znp: Socket ready
[2024-08-12 14:26:25] info: 	zh:zstack:znp: Writing CC2530/CC2531 skip bootloader payload
[2024-08-12 14:26:26] info: 	zh:zstack:znp: Skip bootloader for CC2652/CC1352
[2024-08-12 14:26:44] error: 	z2m: Error while starting zigbee-herdsman
[2024-08-12 14:26:44] error: 	z2m: Failed to start zigbee
[2024-08-12 14:26:44] error: 	z2m: Check https://www.zigbee2mqtt.io/guide/installation/20_zigbee2mqtt-fails-to-start.html for possible solutions
[2024-08-12 14:26:44] error: 	z2m: Exiting...
[2024-08-12 14:26:44] error: 	z2m: Error: SRSP - ZDO - activeEpReq after 6000ms
    at Object.start (/app/node_modules/zigbee-herdsman/src/utils/waitress.ts:59:23)
    at /app/node_modules/zigbee-herdsman/src/adapter/z-stack/znp/znp.ts:300:45
    at Queue.execute (/app/node_modules/zigbee-herdsman/src/utils/queue.ts:35:26)
    at Znp.request (/app/node_modules/zigbee-herdsman/src/adapter/z-stack/znp/znp.ts:291:27)
    at /app/node_modules/zigbee-herdsman/src/adapter/z-stack/adapter/zStackAdapter.ts:180:28
    at Queue.execute (/app/node_modules/zigbee-herdsman/src/utils/queue.ts:35:26)
    at ZStackAdapter.getCoordinator (/app/node_modules/zigbee-herdsman/src/adapter/z-stack/adapter/zStackAdapter.ts:177:27)
    at Controller.start (/app/node_modules/zigbee-herdsman/src/controller/controller.ts:181:48)
    at processTicksAndRejections (node:internal/process/task_queues:95:5)
    at Zigbee.start (/app/lib/zigbee.ts:63:27)
