[2024-05-14 12:11:25] info: 	z2m: Logging to console, file (filename: log.log)
[2024-05-14 12:11:25] info: 	z2m: Starting Zigbee2MQTT version 1.37.1 (commit #unknown)
[2024-05-14 12:11:25] info: 	z2m: Starting zigbee-herdsman (0.46.6)
[2024-05-14 12:11:26] info: 	zh:zstack:znp: Opening TCP socket with 192.168.87.68:6638
[2024-05-14 12:11:26] info: 	zh:zstack:znp: Socket connected
[2024-05-14 12:11:26] info: 	zh:zstack:znp: Socket ready
[2024-05-14 12:11:26] info: 	zh:zstack:znp: Writing CC2530/CC2531 skip bootloader payload
[2024-05-14 12:11:27] info: 	zh:zstack:znp: Skip bootloader for CC2652/CC1352
[2024-05-14 12:11:28] info: 	z2m: zigbee-herdsman started (resumed)
[2024-05-14 12:11:28] info: 	z2m: Coordinator firmware version: '{"meta":{"maintrel":1,"majorrel":2,"minorrel":7,"product":1,"revision":20230507,"transportrev":2},"type":"zStack3x0"}'
[2024-05-14 12:11:28] info: 	z2m: Set transmit power to '20'
[2024-05-14 12:11:28] info: 	z2m: Currently 8 devices are joined:
[2024-05-14 12:11:28] info: 	z2m: Button 4 - Movie (0xb4e3f9fffe249e15): E1812 - IKEA TRADFRI shortcut button (EndDevice)
[2024-05-14 12:11:28] info: 	z2m: Smart Plug Z1 (0xa4c13812921dddfd): A1Z - Nous Smart plug (with power monitoring) (Router)
[2024-05-14 12:11:28] info: 	z2m: Button 3 (0xb4e3f9fffe753317): E1812 - IKEA TRADFRI shortcut button (EndDevice)
[2024-05-14 12:11:28] info: 	z2m: Button 2 - Chandelier (0x04cd15fffe7ff98b): E1812 - IKEA TRADFRI shortcut button (EndDevice)
[2024-05-14 12:11:28] info: 	z2m: Button 1 (0x04cd15fffe268dcc): E1812 - IKEA TRADFRI shortcut button (EndDevice)
[2024-05-14 12:11:28] info: 	z2m: Cube (0x54ef4410006a43c7): CTP-R01 - Aqara Cube T1 Pro (EndDevice)
[2024-05-14 12:11:28] info: 	z2m: Philips Backyard Sensor (0x001788010649a073): 9290019758 - Philips Hue motion outdoor sensor (EndDevice)
[2024-05-14 12:11:28] info: 	z2m: Water Sensor 1 (0x5c0272fffebb9cde): TS0207_water_leak_detector_3 - TuYa Zigbee water leak sensor (EndDevice)
[2024-05-14 12:11:28] info: 	z2m: Zigbee: disabling joining new devices.
[2024-05-14 12:11:28] info: 	z2m: Connecting to MQTT server at mqtt://core-mosquitto:1883
[2024-05-14 12:11:28] info: 	z2m: Connected to MQTT server
[2024-05-14 12:11:29] info: 	z2m: Started frontend on port 8099
[2024-05-14 12:11:29] info: 	z2m: Zigbee2MQTT started!
[2024-05-14 12:23:10] error: 	zh:controller:device: Default response to 0xa4c13812921dddfd failed
[2024-05-14 13:32:28] error: 	zh:controller:device: Default response to 0x001788010649a073 failed
[2024-05-14 13:53:10] info: 	z2m: Configuring 'Water Sensor 1'
[2024-05-14 13:53:36] error: 	z2m: Failed to configure 'Water Sensor 1', attempt 1 (Error: ZCL command 0x5c0272fffebb9cde/1 genPowerCfg.configReport([{"attribute":"batteryPercentageRemaining","minimumReportInterval":3600,"maximumReportInterval":65000,"reportableChange":0}], {"timeout":10000,"disableResponse":false,"disableRecovery":false,"disableDefaultResponse":true,"direction":0,"srcEndpoint":null,"reservedBits":0,"manufacturerCode":null,"transactionSequenceNumber":null,"writeUndiv":false}) failed (Timeout - 42265 - 1 - 3 - 1 - 7 after 10000ms)
    at Object.start (/app/node_modules/zigbee-herdsman/src/utils/waitress.ts:63:23)
    at ZStackAdapter.sendZclFrameToEndpointInternal (/app/node_modules/zigbee-herdsman/src/adapter/z-stack/adapter/zStackAdapter.ts:498:47)
    at processTicksAndRejections (node:internal/process/task_queues:95:5)
    at Queue.execute (/app/node_modules/zigbee-herdsman/src/utils/queue.ts:35:20)
    at Request.send (/app/node_modules/zigbee-herdsman/src/controller/helpers/request.ts:79:20)
    at Endpoint.zclCommand (/app/node_modules/zigbee-herdsman/src/controller/model/endpoint.ts:766:28)
    at Endpoint.configureReporting (/app/node_modules/zigbee-herdsman/src/controller/model/endpoint.ts:556:9)
    at Object.batteryPercentageRemaining (/app/node_modules/zigbee-herdsman-converters/src/lib/reporting.ts:59:5)
    at Object.configure (/app/node_modules/zigbee-herdsman-converters/src/devices/tuya.ts:1718:13)
    at Configure.configure (/app/lib/extension/configure.ts:121:13))
[2024-05-14 14:32:19] error: 	zh:controller:device: Default response to 0xa4c13812921dddfd failed
[2024-05-14 16:35:11] error: 	zh:controller:device: Default response to 0xa4c13812921dddfd failed
[2024-05-14 16:40:26] error: 	zh:controller:device: Default response to 0xa4c13812921dddfd failed
[2024-05-14 18:01:13] info: 	z2m: Configuring 'Water Sensor 1'
[2024-05-14 18:01:37] error: 	z2m: Failed to configure 'Water Sensor 1', attempt 2 (Error: ZCL command 0x5c0272fffebb9cde/1 genPowerCfg.configReport([{"attribute":"batteryPercentageRemaining","minimumReportInterval":3600,"maximumReportInterval":65000,"reportableChange":0}], {"timeout":10000,"disableResponse":false,"disableRecovery":false,"disableDefaultResponse":true,"direction":0,"srcEndpoint":null,"reservedBits":0,"manufacturerCode":null,"transactionSequenceNumber":null,"writeUndiv":false}) failed (Timeout - 42265 - 1 - 5 - 1 - 7 after 10000ms)
    at Object.start (/app/node_modules/zigbee-herdsman/src/utils/waitress.ts:63:23)
    at ZStackAdapter.sendZclFrameToEndpointInternal (/app/node_modules/zigbee-herdsman/src/adapter/z-stack/adapter/zStackAdapter.ts:498:47)
    at processTicksAndRejections (node:internal/process/task_queues:95:5)
    at Queue.execute (/app/node_modules/zigbee-herdsman/src/utils/queue.ts:35:20)
    at Request.send (/app/node_modules/zigbee-herdsman/src/controller/helpers/request.ts:79:20)
    at Endpoint.zclCommand (/app/node_modules/zigbee-herdsman/src/controller/model/endpoint.ts:766:28)
    at Endpoint.configureReporting (/app/node_modules/zigbee-herdsman/src/controller/model/endpoint.ts:556:9)
    at Object.batteryPercentageRemaining (/app/node_modules/zigbee-herdsman-converters/src/lib/reporting.ts:59:5)
    at Object.configure (/app/node_modules/zigbee-herdsman-converters/src/devices/tuya.ts:1718:13)
    at Configure.configure (/app/lib/extension/configure.ts:121:13))
[2024-05-14 18:28:35] error: 	zh:controller:device: Default response to 0xa4c13812921dddfd failed
[2024-05-14 18:32:47] error: 	zh:controller:device: Default response to 0x001788010649a073 failed
[2024-05-14 20:34:35] error: 	zh:controller:device: Default response to 0xa4c13812921dddfd failed
[2024-05-14 21:23:56] error: 	zh:controller:device: Read response to 0xa4c13812921dddfd failed
[2024-05-14 21:38:38] error: 	zh:controller:device: Default response to 0xa4c13812921dddfd failed
[2024-05-14 21:57:32] error: 	zh:controller:device: Default response to 0xa4c13812921dddfd failed
[2024-05-14 22:09:17] info: 	z2m: Configuring 'Water Sensor 1'
[2024-05-14 22:09:43] error: 	z2m: Failed to configure 'Water Sensor 1', attempt 3 (Error: ZCL command 0x5c0272fffebb9cde/1 genPowerCfg.configReport([{"attribute":"batteryPercentageRemaining","minimumReportInterval":3600,"maximumReportInterval":65000,"reportableChange":0}], {"timeout":10000,"disableResponse":false,"disableRecovery":false,"disableDefaultResponse":true,"direction":0,"srcEndpoint":null,"reservedBits":0,"manufacturerCode":null,"transactionSequenceNumber":null,"writeUndiv":false}) failed (Timeout - 42265 - 1 - 7 - 1 - 7 after 10000ms)
    at Object.start (/app/node_modules/zigbee-herdsman/src/utils/waitress.ts:63:23)
    at ZStackAdapter.sendZclFrameToEndpointInternal (/app/node_modules/zigbee-herdsman/src/adapter/z-stack/adapter/zStackAdapter.ts:498:47)
    at processTicksAndRejections (node:internal/process/task_queues:95:5)
    at Queue.execute (/app/node_modules/zigbee-herdsman/src/utils/queue.ts:35:20)
    at Request.send (/app/node_modules/zigbee-herdsman/src/controller/helpers/request.ts:79:20)
    at Endpoint.zclCommand (/app/node_modules/zigbee-herdsman/src/controller/model/endpoint.ts:766:28)
    at Endpoint.configureReporting (/app/node_modules/zigbee-herdsman/src/controller/model/endpoint.ts:556:9)
    at Object.batteryPercentageRemaining (/app/node_modules/zigbee-herdsman-converters/src/lib/reporting.ts:59:5)
    at Object.configure (/app/node_modules/zigbee-herdsman-converters/src/devices/tuya.ts:1718:13)
    at Configure.configure (/app/lib/extension/configure.ts:121:13))
[2024-05-14 22:56:20] error: 	zh:controller:device: Default response to 0xa4c13812921dddfd failed
[2024-05-14 23:43:35] error: 	zh:controller:device: Default response to 0xa4c13812921dddfd failed
[2024-05-15 01:18:06] error: 	zh:controller:device: Default response to 0xa4c13812921dddfd failed
