[2024-08-12 14:27:11] info: 	z2m: Logging to console, file (filename: log.log)
[2024-08-12 14:27:11] info: 	z2m: Starting Zigbee2MQTT version 1.39.1 (commit #unknown)
[2024-08-12 14:27:11] info: 	z2m: Starting zigbee-herdsman (0.55.3)
[2024-08-12 14:27:12] info: 	zh:zstack:znp: Opening TCP socket with 192.168.87.68:6638
[2024-08-12 14:27:24] info: 	zh:zstack:znp: Socket connected
[2024-08-12 14:27:24] info: 	zh:zstack:znp: Socket ready
[2024-08-12 14:27:24] info: 	zh:zstack:znp: Writing CC2530/CC2531 skip bootloader payload
[2024-08-12 14:27:25] info: 	zh:zstack:znp: Skip bootloader for CC2652/CC1352
[2024-08-12 14:27:28] info: 	z2m: zigbee-herdsman started (resumed)
[2024-08-12 14:27:28] info: 	z2m: Coordinator firmware version: '{"meta":{"maintrel":1,"majorrel":2,"minorrel":7,"product":1,"revision":20230507,"transportrev":2},"type":"zStack3x0"}'
[2024-08-12 14:27:28] info: 	z2m: Set transmit power to '20'
[2024-08-12 14:27:28] info: 	z2m: Currently 8 devices are joined:
[2024-08-12 14:27:28] info: 	z2m: Button 4 - Movie (0xb4e3f9fffe249e15): E1812 - IKEA TRADFRI shortcut button (EndDevice)
[2024-08-12 14:27:28] info: 	z2m: Smart Plug Z1 (0xa4c13812921dddfd): A1Z - Nous Smart plug (with power monitoring) (Router)
[2024-08-12 14:27:28] info: 	z2m: Button 3 (0xb4e3f9fffe753317): E1812 - IKEA TRADFRI shortcut button (EndDevice)
[2024-08-12 14:27:28] info: 	z2m: Button 2 - Chandelier (0x04cd15fffe7ff98b): E1812 - IKEA TRADFRI shortcut button (EndDevice)
[2024-08-12 14:27:28] info: 	z2m: Button 1 (0x04cd15fffe268dcc): E1812 - IKEA TRADFRI shortcut button (EndDevice)
[2024-08-12 14:27:28] info: 	z2m: Cube (0x54ef4410006a43c7): CTP-R01 - Aqara Cube T1 Pro (EndDevice)
[2024-08-12 14:27:28] info: 	z2m: Philips Backyard Sensor (0x001788010649a073): 9290019758 - Philips Hue motion outdoor sensor (EndDevice)
[2024-08-12 14:27:28] info: 	z2m: Water Sensor 1 (0x5c0272fffebb9cde): TS0207_water_leak_detector_3 - Tuya Zigbee water leak sensor (EndDevice)
[2024-08-12 14:27:28] info: 	z2m: Zigbee: disabling joining new devices.
[2024-08-12 14:27:29] info: 	z2m: Connecting to MQTT server at mqtt://core-mosquitto:1883
[2024-08-12 14:27:29] info: 	z2m: Connected to MQTT server
[2024-08-12 14:27:29] info: 	z2m:mqtt: MQTT publish: topic 'zigbee2mqtt/bridge/state', payload '{"state":"online"}'
[2024-08-12 14:27:29] info: 	z2m:mqtt: MQTT publish: topic 'zigbee2mqtt/Button 4 - Movie/availability', payload '{"state":"online"}'
[2024-08-12 14:27:30] info: 	z2m:mqtt: MQTT publish: topic 'zigbee2mqtt/Smart Plug Z1/availability', payload '{"state":"online"}'
[2024-08-12 14:27:30] info: 	z2m:mqtt: MQTT publish: topic 'zigbee2mqtt/Button 3/availability', payload '{"state":"online"}'
[2024-08-12 14:27:30] info: 	z2m:mqtt: MQTT publish: topic 'zigbee2mqtt/Button 2 - Chandelier/availability', payload '{"state":"online"}'
[2024-08-12 14:27:30] info: 	z2m:mqtt: MQTT publish: topic 'zigbee2mqtt/Button 1/availability', payload '{"state":"online"}'
[2024-08-12 14:27:30] info: 	z2m:mqtt: MQTT publish: topic 'zigbee2mqtt/Cube/availability', payload '{"state":"online"}'
[2024-08-12 14:27:30] info: 	z2m:mqtt: MQTT publish: topic 'zigbee2mqtt/Philips Backyard Sensor/availability', payload '{"state":"online"}'
[2024-08-12 14:27:30] info: 	z2m:mqtt: MQTT publish: topic 'zigbee2mqtt/Water Sensor 1/availability', payload '{"state":"online"}'
[2024-08-12 14:27:30] info: 	z2m: Started frontend on port 8099
[2024-08-12 14:27:30] info: 	z2m:mqtt: MQTT publish: topic 'zigbee2mqtt/bridge/state', payload '{"state":"online"}'
[2024-08-12 14:27:30] info: 	z2m:mqtt: MQTT publish: topic 'zigbee2mqtt/Button 4 - Movie', payload '{"action":null,"battery":100,"linkquality":83,"update":{"installed_version":604241926,"latest_version":604241926,"state":"idle"},"update_available":null}'
[2024-08-12 14:27:30] info: 	z2m:mqtt: MQTT publish: topic 'zigbee2mqtt/Smart Plug Z1', payload '{"child_lock":"UNLOCK","countdown":0,"current":0,"energy":16.7,"indicator_mode":"off/on","linkquality":127,"power":0,"power_outage_memory":"off","state":"ON","update":{"installed_version":192,"latest_version":192,"state":"idle"},"update_available":null,"voltage":232}'
[2024-08-12 14:27:30] info: 	z2m:mqtt: MQTT publish: topic 'zigbee2mqtt/Button 3', payload '{"action":null,"battery":100,"linkquality":120,"update":{"installed_version":604241926,"latest_version":604241926,"state":"idle"},"update_available":null}'
[2024-08-12 14:27:30] info: 	z2m:mqtt: MQTT publish: topic 'zigbee2mqtt/Button 2 - Chandelier', payload '{"action":null,"battery":90,"linkquality":116,"update":{"installed_version":604241926,"latest_version":604241926,"state":"idle"},"update_available":null}'
[2024-08-12 14:27:30] info: 	z2m:mqtt: MQTT publish: topic 'zigbee2mqtt/Button 1', payload '{"action":null,"battery":1,"linkquality":0,"update":{"installed_version":604241926,"latest_version":604241926,"state":"idle"},"update_available":null}'
[2024-08-12 14:27:30] info: 	z2m:mqtt: MQTT publish: topic 'zigbee2mqtt/Cube', payload '{"action":null,"action_angle":null,"action_from_side":null,"battery":100,"current":0,"linkquality":83,"operation_mode":"action_mode","power":2,"power_outage_count":159,"side":2,"update":{"installed_version":-1,"latest_version":-1,"state":null},"update_available":null,"voltage":3085}'
[2024-08-12 14:27:30] info: 	z2m:mqtt: MQTT publish: topic 'zigbee2mqtt/Philips Backyard Sensor', payload '{"battery":60.5,"illuminance":36678,"illuminance_lux":4653,"led_indication":true,"linkquality":127,"motion_sensitivity":"high","occupancy":false,"occupancy_timeout":60,"temperature":31.41,"update":{"installed_version":1107323831,"latest_version":1107323831,"state":"idle"},"update_available":null}'
[2024-08-12 14:27:30] info: 	z2m:mqtt: MQTT publish: topic 'zigbee2mqtt/Water Sensor 1', payload '{"battery":92,"battery_low":false,"linkquality":116,"tamper":false,"voltage":2900,"water_leak":false}'
[2024-08-12 14:27:30] info: 	z2m: Zigbee2MQTT started!
[2024-08-12 14:27:35] info: 	z2m:mqtt: MQTT publish: topic 'homeassistant/binary_sensor/1221051039810110150109113116116_0x00124b002e0e1c5f/connection_state/config', payload '{"device":{"hw_version":"zStack3x0 20230507","identifiers":["zigbee2mqtt_bridge_0x00124b002e0e1c5f"],"manufacturer":"Zigbee2MQTT","model":"Bridge","name":"Zigbee2MQTT Bridge","sw_version":"1.39.1"},"device_class":"connectivity","entity_category":"diagnostic","name":"Connection state","object_id":"zigbee2mqtt_bridge_connection_state","origin":{"name":"Zigbee2MQTT","sw":"1.39.1","url":"https://www.zigbee2mqtt.io"},"payload_off":"offline","payload_on":"online","state_topic":"zigbee2mqtt/bridge/state","unique_id":"bridge_0x00124b002e0e1c5f_connection_state_zigbee2mqtt","value_template":"{{ value_json.state }}"}'
[2024-08-12 14:27:53] info: 	z2m:mqtt: MQTT publish: topic 'zigbee2mqtt/Smart Plug Z1', payload '{"child_lock":"UNLOCK","countdown":0,"current":0,"energy":16.7,"indicator_mode":"off/on","linkquality":94,"power":0,"power_outage_memory":"off","state":"ON","update":{"installed_version":192,"latest_version":192,"state":"idle"},"update_available":null,"voltage":233}'
[2024-08-12 14:27:53] info: 	z2m:mqtt: MQTT publish: topic 'zigbee2mqtt/Smart Plug Z1', payload '{"child_lock":"UNLOCK","countdown":0,"current":0,"energy":16.7,"indicator_mode":"off/on","linkquality":94,"power":0,"power_outage_memory":"off","state":"ON","update":{"installed_version":192,"latest_version":192,"state":"idle"},"update_available":null,"voltage":233}'
[2024-08-12 14:28:02] info: 	z2m:mqtt: MQTT publish: topic 'zigbee2mqtt/Philips Backyard Sensor', payload '{"battery":60.5,"illuminance":36126,"illuminance_lux":4097,"led_indication":true,"linkquality":94,"motion_sensitivity":"high","occupancy":false,"occupancy_timeout":60,"temperature":31.41,"update":{"installed_version":1107323831,"latest_version":1107323831,"state":"idle"},"update_available":null}'
[2024-08-12 14:28:02] info: 	z2m:mqtt: MQTT publish: topic 'zigbee2mqtt/Philips Backyard Sensor', payload '{"battery":60.5,"illuminance":36126,"illuminance_lux":4097,"led_indication":true,"linkquality":94,"motion_sensitivity":"high","occupancy":false,"occupancy_timeout":60,"temperature":31.41,"update":{"installed_version":1107323831,"latest_version":1107323831,"state":"idle"},"update_available":null}'
[2024-08-12 14:28:02] info: 	z2m:mqtt: MQTT publish: topic 'zigbee2mqtt/Philips Backyard Sensor', payload '{"battery":60.5,"illuminance":36126,"illuminance_lux":4097,"led_indication":true,"linkquality":94,"motion_sensitivity":"high","occupancy":false,"occupancy_timeout":60,"temperature":31.41,"update":{"installed_version":1107323831,"latest_version":1107323831,"state":"idle"},"update_available":null}'
[2024-08-12 14:28:02] info: 	z2m:mqtt: MQTT publish: topic 'zigbee2mqtt/Philips Backyard Sensor', payload '{"battery":60.5,"illuminance":36126,"illuminance_lux":4097,"led_indication":true,"linkquality":94,"motion_sensitivity":"high","occupancy":false,"occupancy_timeout":60,"temperature":31.41,"update":{"installed_version":1107323831,"latest_version":1107323831,"state":"idle"},"update_available":null}'
[2024-08-12 14:28:02] info: 	z2m:mqtt: MQTT publish: topic 'zigbee2mqtt/Philips Backyard Sensor', payload '{"battery":60.5,"illuminance":36126,"illuminance_lux":4097,"led_indication":true,"linkquality":94,"motion_sensitivity":"high","occupancy":false,"occupancy_timeout":60,"temperature":31.41,"update":{"installed_version":1107323831,"latest_version":1107323831,"state":"idle"},"update_available":null}'
[2024-08-12 14:28:02] info: 	z2m:mqtt: MQTT publish: topic 'zigbee2mqtt/Philips Backyard Sensor', payload '{"battery":60.5,"illuminance":36126,"illuminance_lux":4097,"led_indication":true,"linkquality":94,"motion_sensitivity":"high","occupancy":false,"occupancy_timeout":60,"temperature":31.41,"update":{"installed_version":1107323831,"latest_version":1107323831,"state":"idle"},"update_available":null}'
[2024-08-12 14:28:02] info: 	z2m:mqtt: MQTT publish: topic 'zigbee2mqtt/Philips Backyard Sensor', payload '{"battery":60.5,"illuminance":36126,"illuminance_lux":4097,"led_indication":true,"linkquality":94,"motion_sensitivity":"high","occupancy":false,"occupancy_timeout":60,"temperature":31.41,"update":{"installed_version":1107323831,"latest_version":1107323831,"state":"idle"},"update_available":null}'
[2024-08-12 14:28:04] info: 	z2m:mqtt: MQTT publish: topic 'zigbee2mqtt/Smart Plug Z1', payload '{"child_lock":"UNLOCK","countdown":0,"current":0,"energy":16.7,"indicator_mode":"off/on","linkquality":94,"power":0,"power_outage_memory":"off","state":"ON","update":{"installed_version":192,"latest_version":192,"state":"idle"},"update_available":null,"voltage":233}'
[2024-08-12 14:28:04] info: 	z2m:mqtt: MQTT publish: topic 'zigbee2mqtt/Smart Plug Z1', payload '{"child_lock":"UNLOCK","countdown":0,"current":0,"energy":16.7,"indicator_mode":"off/on","linkquality":94,"power":0,"power_outage_memory":"off","state":"ON","update":{"installed_version":192,"latest_version":192,"state":"idle"},"update_available":null,"voltage":233}'
[2024-08-12 14:30:48] info: 	z2m:mqtt: MQTT publish: topic 'zigbee2mqtt/Smart Plug Z1', payload '{"child_lock":"UNLOCK","countdown":0,"current":0,"energy":16.7,"indicator_mode":"off/on","linkquality":83,"power":0,"power_outage_memory":"off","state":"ON","update":{"installed_version":192,"latest_version":192,"state":"idle"},"update_available":null,"voltage":233}'
[2024-08-12 14:32:59] info: 	z2m:mqtt: MQTT publish: topic 'zigbee2mqtt/Philips Backyard Sensor', payload '{"battery":60.5,"illuminance":36285,"illuminance_lux":4250,"led_indication":true,"linkquality":102,"motion_sensitivity":"high","occupancy":false,"occupancy_timeout":60,"temperature":31.41,"update":{"installed_version":1107323831,"latest_version":1107323831,"state":"idle"},"update_available":null}'
[2024-08-12 14:33:12] info: 	z2m:mqtt: MQTT publish: topic 'zigbee2mqtt/Smart Plug Z1', payload '{"child_lock":"UNLOCK","countdown":0,"current":0,"energy":16.7,"indicator_mode":"off/on","linkquality":109,"power":0,"power_outage_memory":"off","state":"ON","update":{"installed_version":192,"latest_version":192,"state":"idle"},"update_available":null,"voltage":233}'
[2024-08-12 14:33:13] info: 	z2m:mqtt: MQTT publish: topic 'zigbee2mqtt/Smart Plug Z1', payload '{"child_lock":"UNLOCK","countdown":0,"current":0,"energy":16.7,"indicator_mode":"off/on","linkquality":105,"power":0,"power_outage_memory":"off","state":"ON","update":{"installed_version":192,"latest_version":192,"state":"idle"},"update_available":null,"voltage":233}'
[2024-08-12 14:33:14] info: 	z2m:mqtt: MQTT publish: topic 'zigbee2mqtt/Smart Plug Z1', payload '{"child_lock":"UNLOCK","countdown":0,"current":0,"energy":16.7,"indicator_mode":"off/on","linkquality":105,"power":0,"power_outage_memory":"off","state":"ON","update":{"installed_version":192,"latest_version":192,"state":"idle"},"update_available":null,"voltage":232}'
[2024-08-12 14:33:23] info: 	z2m:mqtt: MQTT publish: topic 'zigbee2mqtt/Smart Plug Z1', payload '{"child_lock":"UNLOCK","countdown":0,"current":0,"energy":16.7,"indicator_mode":"off/on","linkquality":102,"power":0,"power_outage_memory":"off","state":"ON","update":{"installed_version":192,"latest_version":192,"state":"idle"},"update_available":null,"voltage":232}'
[2024-08-12 14:33:23] info: 	z2m:mqtt: MQTT publish: topic 'zigbee2mqtt/Smart Plug Z1', payload '{"child_lock":"UNLOCK","countdown":0,"current":0,"energy":16.7,"indicator_mode":"off/on","linkquality":102,"power":0,"power_outage_memory":"off","state":"ON","update":{"installed_version":192,"latest_version":192,"state":"idle"},"update_available":null,"voltage":232}'
[2024-08-12 14:36:16] info: 	z2m:mqtt: MQTT publish: topic 'zigbee2mqtt/Button 2 - Chandelier', payload '{"action":null,"battery":90,"linkquality":105,"update":{"installed_version":604241926,"latest_version":604241926,"state":"idle"},"update_available":null}'
[2024-08-12 14:37:52] info: 	z2m:mqtt: MQTT publish: topic 'zigbee2mqtt/Philips Backyard Sensor', payload '{"battery":60.5,"illuminance":36285,"illuminance_lux":4250,"led_indication":true,"linkquality":105,"motion_sensitivity":"high","occupancy":false,"occupancy_timeout":60,"temperature":32.68,"update":{"installed_version":1107323831,"latest_version":1107323831,"state":"idle"},"update_available":null}'
[2024-08-12 14:37:58] info: 	z2m:mqtt: MQTT publish: topic 'zigbee2mqtt/Philips Backyard Sensor', payload '{"battery":60.5,"illuminance":36285,"illuminance_lux":4250,"led_indication":true,"linkquality":109,"motion_sensitivity":"high","occupancy":false,"occupancy_timeout":60,"temperature":32.68,"update":{"installed_version":1107323831,"latest_version":1107323831,"state":"idle"},"update_available":null}'
[2024-08-12 14:37:58] info: 	z2m:mqtt: MQTT publish: topic 'zigbee2mqtt/Philips Backyard Sensor', payload '{"battery":60.5,"illuminance":33385,"illuminance_lux":2180,"led_indication":true,"linkquality":72,"motion_sensitivity":"high","occupancy":false,"occupancy_timeout":60,"temperature":32.68,"update":{"installed_version":1107323831,"latest_version":1107323831,"state":"idle"},"update_available":null}'
[2024-08-12 14:38:02] info: 	z2m:mqtt: MQTT publish: topic 'zigbee2mqtt/Philips Backyard Sensor', payload '{"battery":60.5,"illuminance":33385,"illuminance_lux":2180,"led_indication":true,"linkquality":105,"motion_sensitivity":"high","occupancy":false,"occupancy_timeout":60,"temperature":32.68,"update":{"installed_version":1107323831,"latest_version":1107323831,"state":"idle"},"update_available":null}'
[2024-08-12 14:38:02] info: 	z2m:mqtt: MQTT publish: topic 'zigbee2mqtt/Philips Backyard Sensor', payload '{"battery":60.5,"illuminance":33385,"illuminance_lux":2180,"led_indication":true,"linkquality":105,"motion_sensitivity":"high","occupancy":false,"occupancy_timeout":60,"temperature":32.68,"update":{"installed_version":1107323831,"latest_version":1107323831,"state":"idle"},"update_available":null}'
[2024-08-12 14:38:02] info: 	z2m:mqtt: MQTT publish: topic 'zigbee2mqtt/Philips Backyard Sensor', payload '{"battery":60.5,"illuminance":33385,"illuminance_lux":2180,"led_indication":true,"linkquality":105,"motion_sensitivity":"high","occupancy":false,"occupancy_timeout":60,"temperature":32.68,"update":{"installed_version":1107323831,"latest_version":1107323831,"state":"idle"},"update_available":null}'
[2024-08-12 14:38:02] info: 	z2m:mqtt: MQTT publish: topic 'zigbee2mqtt/Philips Backyard Sensor', payload '{"battery":60.5,"illuminance":33385,"illuminance_lux":2180,"led_indication":true,"linkquality":105,"motion_sensitivity":"high","occupancy":false,"occupancy_timeout":60,"temperature":32.68,"update":{"installed_version":1107323831,"latest_version":1107323831,"state":"idle"},"update_available":null}'
[2024-08-12 14:38:02] info: 	z2m:mqtt: MQTT publish: topic 'zigbee2mqtt/Philips Backyard Sensor', payload '{"battery":60.5,"illuminance":33385,"illuminance_lux":2180,"led_indication":true,"linkquality":105,"motion_sensitivity":"high","occupancy":false,"occupancy_timeout":60,"temperature":32.68,"update":{"installed_version":1107323831,"latest_version":1107323831,"state":"idle"},"update_available":null}'
[2024-08-12 14:38:03] info: 	z2m:mqtt: MQTT publish: topic 'zigbee2mqtt/Philips Backyard Sensor', payload '{"battery":60.5,"illuminance":33385,"illuminance_lux":2180,"led_indication":true,"linkquality":105,"motion_sensitivity":"high","occupancy":false,"occupancy_timeout":60,"temperature":32.68,"update":{"installed_version":1107323831,"latest_version":1107323831,"state":"idle"},"update_available":null}'
[2024-08-12 14:38:03] info: 	z2m:mqtt: MQTT publish: topic 'zigbee2mqtt/Philips Backyard Sensor', payload '{"battery":60.5,"illuminance":33385,"illuminance_lux":2180,"led_indication":true,"linkquality":105,"motion_sensitivity":"high","occupancy":false,"occupancy_timeout":60,"temperature":32.68,"update":{"installed_version":1107323831,"latest_version":1107323831,"state":"idle"},"update_available":null}'
[2024-08-12 14:38:03] info: 	z2m:mqtt: MQTT publish: topic 'zigbee2mqtt/Philips Backyard Sensor', payload '{"battery":60.5,"illuminance":33385,"illuminance_lux":2180,"led_indication":true,"linkquality":105,"motion_sensitivity":"high","occupancy":false,"occupancy_timeout":60,"temperature":32.68,"update":{"installed_version":1107323831,"latest_version":1107323831,"state":"idle"},"update_available":null}'
[2024-08-12 14:38:03] info: 	z2m:mqtt: MQTT publish: topic 'zigbee2mqtt/Philips Backyard Sensor', payload '{"battery":60.5,"illuminance":33385,"illuminance_lux":2180,"led_indication":true,"linkquality":105,"motion_sensitivity":"high","occupancy":false,"occupancy_timeout":60,"temperature":32.68,"update":{"installed_version":1107323831,"latest_version":1107323831,"state":"idle"},"update_available":null}'
[2024-08-12 14:38:03] info: 	z2m:mqtt: MQTT publish: topic 'zigbee2mqtt/Philips Backyard Sensor', payload '{"battery":60.5,"illuminance":33385,"illuminance_lux":2180,"led_indication":true,"linkquality":105,"motion_sensitivity":"high","occupancy":false,"occupancy_timeout":60,"temperature":32.68,"update":{"installed_version":1107323831,"latest_version":1107323831,"state":"idle"},"update_available":null}'
[2024-08-12 14:38:03] info: 	z2m:mqtt: MQTT publish: topic 'zigbee2mqtt/Philips Backyard Sensor', payload '{"battery":60.5,"illuminance":33385,"illuminance_lux":2180,"led_indication":true,"linkquality":105,"motion_sensitivity":"high","occupancy":false,"occupancy_timeout":60,"temperature":32.68,"update":{"installed_version":1107323831,"latest_version":1107323831,"state":"idle"},"update_available":null}'
[2024-08-12 14:38:03] info: 	z2m:mqtt: MQTT publish: topic 'zigbee2mqtt/Philips Backyard Sensor', payload '{"battery":60.5,"illuminance":33385,"illuminance_lux":2180,"led_indication":true,"linkquality":105,"motion_sensitivity":"high","occupancy":false,"occupancy_timeout":60,"temperature":32.68,"update":{"installed_version":1107323831,"latest_version":1107323831,"state":"idle"},"update_available":null}'
[2024-08-12 14:38:03] info: 	z2m:mqtt: MQTT publish: topic 'zigbee2mqtt/Philips Backyard Sensor', payload '{"battery":60.5,"illuminance":33385,"illuminance_lux":2180,"led_indication":true,"linkquality":105,"motion_sensitivity":"high","occupancy":false,"occupancy_timeout":60,"temperature":32.68,"update":{"installed_version":1107323831,"latest_version":1107323831,"state":"idle"},"update_available":null}'
[2024-08-12 14:38:03] info: 	z2m:mqtt: MQTT publish: topic 'zigbee2mqtt/Philips Backyard Sensor', payload '{"battery":60.5,"illuminance":33385,"illuminance_lux":2180,"led_indication":true,"linkquality":105,"motion_sensitivity":"high","occupancy":false,"occupancy_timeout":60,"temperature":32.68,"update":{"installed_version":1107323831,"latest_version":1107323831,"state":"idle"},"update_available":null}'
[2024-08-12 14:38:30] info: 	zh:zstack:znp: Socket error
[2024-08-12 14:38:30] info: 	zh:zstack:znp: Port closed
[2024-08-12 14:38:30] info: 	zh:zstack:znp: closing
[2024-08-12 14:38:30] error: 	z2m: Adapter disconnected, stopping
[2024-08-12 14:38:30] info: 	z2m:mqtt: MQTT publish: topic 'zigbee2mqtt/bridge/state', payload '{"state":"offline"}'
[2024-08-12 14:38:30] info: 	z2m: Disconnecting from MQTT server
[2024-08-12 14:38:30] info: 	z2m: Stopping zigbee-herdsman...
[2024-08-12 14:38:30] info: 	z2m: Stopped zigbee-herdsman
[2024-08-12 14:38:30] info: 	z2m: Stopped Zigbee2MQTT
