[2025-08-12 06:55:18] info: 	z2m: Logging to console, file (filename: log.log)
[2025-08-12 06:55:19] info: 	z2m: Starting Zigbee2MQTT version 2.6.0 (commit #unknown)
[2025-08-12 06:55:19] info: 	z2m: Starting zigbee-herdsman (5.0.4)
[2025-08-12 06:55:19] info: 	zh:zstack:znp: Opening TCP socket with 192.168.87.68:6638
[2025-08-12 06:55:19] info: 	zh:zstack:znp: Socket connected
[2025-08-12 06:55:19] info: 	zh:zstack:znp: Socket ready
[2025-08-12 06:55:19] info: 	zh:zstack:znp: Writing CC2530/CC2531 skip bootloader payload
[2025-08-12 06:55:20] info: 	zh:zstack:znp: Skip bootloader for CC2652/CC1352
[2025-08-12 06:55:22] info: 	z2m: zigbee-herdsman started (resumed)
[2025-08-12 06:55:22] info: 	z2m: Coordinator firmware version: '{"meta":{"maintrel":1,"majorrel":2,"minorrel":7,"product":1,"revision":20240710,"transportrev":2},"type":"ZStack3x0"}'
[2025-08-12 06:55:22] info: 	z2m: Button 4 - Movie (0xb4e3f9fffe249e15): E1812 - IKEA TRADFRI shortcut button (EndDevice)
[2025-08-12 06:55:22] info: 	z2m: Smart Plug Z1 (0xa4c13812921dddfd): A1Z - Nous Smart plug (with power monitoring) (Router)
[2025-08-12 06:55:22] info: 	z2m: Button 3 (0xb4e3f9fffe753317): E1812 - IKEA TRADFRI shortcut button (EndDevice)
[2025-08-12 06:55:22] info: 	z2m: Button 2 - Chandelier (0x04cd15fffe7ff98b): E1812 - IKEA TRADFRI shortcut button (EndDevice)
[2025-08-12 06:55:22] info: 	z2m: Button 1 (0x04cd15fffe268dcc): E1812 - IKEA TRADFRI shortcut button (EndDevice)
[2025-08-12 06:55:22] info: 	z2m: Cube (0x54ef4410006a43c7): CTP-R01 - Aqara Cube T1 Pro (EndDevice)
[2025-08-12 06:55:22] info: 	z2m: Philips Backyard Sensor (0x001788010649a073): 9290019758 - Philips Hue motion outdoor sensor (EndDevice)
[2025-08-12 06:55:22] info: 	z2m: Water Sensor 1 (0x5c0272fffebb9cde): TS0207_water_leak_detector_3 - Tuya Zigbee water leak sensor (EndDevice)
[2025-08-12 06:55:22] info: 	z2m: Alarm Keypad (0x0015bc0043006306): KEYZB-110 - Develco Keypad (EndDevice)
[2025-08-12 06:55:22] info: 	z2m: Alarm Repeater (0x0015bc0022000242): Not supported (Router)
[2025-08-12 06:55:22] info: 	z2m: Alarm Siren (0x0015bc0041007a25): SIRZB-111 - Develco Customizable siren (Router)
[2025-08-12 06:55:22] info: 	z2m: Currently 11 devices are joined.
[2025-08-12 06:55:22] info: 	z2m: Connecting to MQTT server at mqtt://core-mosquitto:1883
[2025-08-12 06:55:22] info: 	z2m: Connected to MQTT server
[2025-08-12 06:55:22] info: 	z2m:mqtt: MQTT publish: topic 'zigbee2mqtt/bridge/state', payload '{"state":"online"}'
[2025-08-12 06:55:22] info: 	z2m:mqtt: MQTT publish: topic 'zigbee2mqtt/Button 4 - Movie/availability', payload '{"state":"online"}'
[2025-08-12 06:55:22] info: 	z2m:mqtt: MQTT publish: topic 'zigbee2mqtt/Smart Plug Z1/availability', payload '{"state":"offline"}'
[2025-08-12 06:55:23] info: 	z2m:mqtt: MQTT publish: topic 'zigbee2mqtt/Button 3/availability', payload '{"state":"online"}'
[2025-08-12 06:55:23] info: 	z2m:mqtt: MQTT publish: topic 'zigbee2mqtt/Button 2 - Chandelier/availability', payload '{"state":"online"}'
[2025-08-12 06:55:23] info: 	z2m:mqtt: MQTT publish: topic 'zigbee2mqtt/Button 1/availability', payload '{"state":"offline"}'
[2025-08-12 06:55:23] info: 	z2m:mqtt: MQTT publish: topic 'zigbee2mqtt/Cube/availability', payload '{"state":"online"}'
[2025-08-12 06:55:23] info: 	z2m:mqtt: MQTT publish: topic 'zigbee2mqtt/Philips Backyard Sensor/availability', payload '{"state":"online"}'
[2025-08-12 06:55:23] info: 	z2m:mqtt: MQTT publish: topic 'zigbee2mqtt/Water Sensor 1/availability', payload '{"state":"online"}'
[2025-08-12 06:55:23] info: 	z2m:mqtt: MQTT publish: topic 'zigbee2mqtt/Alarm Keypad/availability', payload '{"state":"online"}'
[2025-08-12 06:55:23] info: 	z2m:mqtt: MQTT publish: topic 'zigbee2mqtt/Alarm Repeater/availability', payload '{"state":"offline"}'
[2025-08-12 06:55:23] info: 	z2m:mqtt: MQTT publish: topic 'zigbee2mqtt/Alarm Siren/availability', payload '{"state":"offline"}'
[2025-08-12 06:55:23] info: 	z2m: Started frontend on port 8099
[2025-08-12 06:55:23] info: 	z2m:mqtt: MQTT publish: topic 'zigbee2mqtt/Button 4 - Movie', payload '{"battery":90,"identify":null,"linkquality":83,"update":{"installed_version":604241926,"latest_version":604241926,"state":"idle"}}'
[2025-08-12 06:55:23] info: 	z2m:mqtt: MQTT publish: topic 'zigbee2mqtt/Smart Plug Z1', payload '{"child_lock":"UNLOCK","countdown":0,"current":0,"energy":16.74,"indicator_mode":"off/on","linkquality":120,"power":0,"power_outage_memory":"off","state":"OFF","update":{"installed_version":192,"latest_version":192,"state":"idle"},"voltage":232}'
[2025-08-12 06:55:23] info: 	z2m:mqtt: MQTT publish: topic 'zigbee2mqtt/Button 3', payload '{"battery":90,"identify":null,"linkquality":0,"update":{"installed_version":604241926,"latest_version":604241926,"state":"idle"}}'
[2025-08-12 06:55:23] info: 	z2m:mqtt: MQTT publish: topic 'zigbee2mqtt/Button 2 - Chandelier', payload '{"battery":90,"identify":null,"linkquality":98,"update":{"installed_version":604241926,"latest_version":604241926,"state":"idle"}}'
[2025-08-12 06:55:23] info: 	z2m:mqtt: MQTT publish: topic 'zigbee2mqtt/Button 1', payload '{"battery":1,"identify":null,"linkquality":3,"update":{"installed_version":604241926,"latest_version":604241926,"state":"idle"}}'
[2025-08-12 06:55:23] info: 	z2m:mqtt: MQTT publish: topic 'zigbee2mqtt/Cube', payload '{"action_angle":null,"action_from_side":null,"battery":100,"current":0,"linkquality":134,"operation_mode":"action_mode","power":2,"power_outage_count":159,"side":2,"update":{"installed_version":-1,"latest_version":-1,"state":null},"voltage":3066}'
[2025-08-12 06:55:23] info: 	z2m:mqtt: MQTT publish: topic 'zigbee2mqtt/Philips Backyard Sensor', payload '{"battery":37.5,"illuminance":4,"led_indication":true,"linkquality":65,"motion_sensitivity":"high","occupancy":false,"occupancy_timeout":60,"temperature":27.31,"update":{"installed_version":1124102917,"latest_version":1124102917,"state":"idle"}}'
[2025-08-12 06:55:23] info: 	z2m:mqtt: MQTT publish: topic 'zigbee2mqtt/Water Sensor 1', payload '{"battery":76,"battery_low":false,"linkquality":43,"tamper":false,"voltage":2800,"water_leak":false}'
[2025-08-12 06:55:23] info: 	z2m:mqtt: MQTT publish: topic 'zigbee2mqtt/Alarm Keypad', payload '{"action_code":null,"action_transaction":null,"action_zone":null,"battery":100,"battery_low":false,"linkquality":43,"tamper":false,"update":{"installed_version":131077,"latest_version":131077,"state":"idle"},"voltage":5700}'
[2025-08-12 06:55:23] info: 	z2m:mqtt: MQTT publish: topic 'zigbee2mqtt/Alarm Repeater', payload '{"alarm_1":false,"alarm_2":false,"battery":null,"battery_low":true,"linkquality":47,"state":null,"tamper":false}'
[2025-08-12 06:55:23] info: 	z2m:mqtt: MQTT publish: topic 'zigbee2mqtt/Alarm Siren', payload '{"ac_status":true,"alarm":false,"battery":null,"battery_low":true,"enrolled":true,"ias_cie_address":"0x00124b002e0e1c5f","linkquality":65,"max_duration":10,"restore_reports":true,"supervision_reports":true,"tamper":false,"temperature":null,"test":false,"voltage":null,"zone_id":23}'
[2025-08-12 06:55:23] info: 	z2m: Zigbee2MQTT started!
[2025-08-12 06:55:25] warning: 	z2m: Failed to ping 'Smart Plug Z1' (attempt 1/1, ZCL command 0xa4c13812921dddfd/1 genBasic.read(["zclVersion"], {"timeout":10000,"disableResponse":false,"disableRecovery":true,"disableDefaultResponse":true,"direction":0,"reservedBits":0,"writeUndiv":false}) failed (Data request failed with error: 'No network route' (205)))
[2025-08-12 06:55:29] warning: 	z2m: Failed to ping 'Alarm Repeater' (attempt 1/1, ZCL command 0x0015bc0022000242/37 genBasic.read(["zclVersion"], {"timeout":10000,"disableResponse":false,"disableRecovery":true,"disableDefaultResponse":true,"direction":0,"reservedBits":0,"writeUndiv":false}) failed (Data request failed with error: 'No network route' (205)))
[2025-08-12 06:55:29] info: 	z2m:mqtt: MQTT publish: topic 'homeassistant/binary_sensor/1221051039810110150109113116116_0x00124b002e0e1c5f/connection_state/config', payload '{"device":{"hw_version":"ZStack3x0 20240710","identifiers":["zigbee2mqtt_bridge_0x00124b002e0e1c5f"],"manufacturer":"Zigbee2MQTT","model":"Bridge","name":"Zigbee2MQTT Bridge","sw_version":"2.6.0"},"device_class":"connectivity","entity_category":"diagnostic","name":"Connection state","object_id":"zigbee2mqtt_bridge_connection_state","origin":{"name":"Zigbee2MQTT","sw":"2.6.0","url":"https://www.zigbee2mqtt.io"},"payload_off":"offline","payload_on":"online","state_topic":"zigbee2mqtt/bridge/state","unique_id":"bridge_0x00124b002e0e1c5f_connection_state_zigbee2mqtt","value_template":"{{ value_json.state }}"}'
[2025-08-12 06:55:32] warning: 	z2m: Failed to ping 'Alarm Siren' (attempt 1/1, ZCL command 0x0015bc0041007a25/43 genBasic.read(["zclVersion"], {"timeout":10000,"disableResponse":false,"disableRecovery":true,"disableDefaultResponse":true,"direction":0,"reservedBits":0,"writeUndiv":false}) failed (Data request failed with error: 'No network route' (205)))
[2025-08-12 06:55:42] info: 	z2m: Configuring 'Alarm Repeater'
[2025-08-12 06:55:51] info: 	z2m:mqtt: MQTT publish: topic 'zigbee2mqtt/Alarm Keypad', payload '{"action_code":null,"action_transaction":null,"action_zone":null,"battery":100,"battery_low":false,"linkquality":51,"tamper":false,"update":{"installed_version":131077,"latest_version":131077,"state":"idle"},"voltage":5700}'
[2025-08-12 06:55:53] error: 	z2m: Failed to configure 'Alarm Repeater', attempt 1 (Error: Bind 0x0015bc0022000242/1 genOnOff from '0x00124b002e0e1c5f/1' failed (AREQ - ZDO - bindRsp after 10000ms)
    at Object.start (/app/node_modules/.pnpm/zigbee-herdsman@5.0.4/node_modules/zigbee-herdsman/src/utils/waitress.ts:68:23)
    at func (/app/node_modules/.pnpm/zigbee-herdsman@5.0.4/node_modules/zigbee-herdsman/src/adapter/z-stack/adapter/zStackAdapter.ts:419:47)
    at processTicksAndRejections (node:internal/process/task_queues:105:5)
    at Queue.execute (/app/node_modules/.pnpm/zigbee-herdsman@5.0.4/node_modules/zigbee-herdsman/src/utils/queue.ts:36:20)
    at ZStackAdapter.sendZdoInternal (/app/node_modules/.pnpm/zigbee-herdsman@5.0.4/node_modules/zigbee-herdsman/src/adapter/z-stack/adapter/zStackAdapter.ts:424:43)
    at ZStackAdapter.sendZdo (/app/node_modules/.pnpm/zigbee-herdsman@5.0.4/node_modules/zigbee-herdsman/src/adapter/z-stack/adapter/zStackAdapter.ts:301:16)
    at Endpoint.bind (/app/node_modules/.pnpm/zigbee-herdsman@5.0.4/node_modules/zigbee-herdsman/src/controller/model/endpoint.ts:599:30)
    at setupAttributes (/app/node_modules/.pnpm/zigbee-herdsman-converters@24.11.0/node_modules/zigbee-herdsman-converters/src/lib/modernExtend.ts:158:13)
    at /app/node_modules/.pnpm/zigbee-herdsman-converters@24.11.0/node_modules/zigbee-herdsman-converters/src/lib/modernExtend.ts:574:17
    at Object.configure (/app/node_modules/.pnpm/zigbee-herdsman-converters@24.11.0/node_modules/zigbee-herdsman-converters/src/index.ts:363:21))
[2025-08-12 06:56:03] info: 	z2m: Configuring 'Alarm Siren'
[2025-08-12 06:56:04] info: 	z2m:mqtt: MQTT publish: topic 'zigbee2mqtt/Button 4 - Movie', payload '{"battery":90,"identify":null,"linkquality":83,"update":{"installed_version":604241926,"latest_version":604241926,"state":"idle"}}'
[2025-08-12 06:56:04] info: 	z2m:mqtt: MQTT publish: topic 'zigbee2mqtt/Smart Plug Z1', payload '{"child_lock":"UNLOCK","countdown":0,"current":0,"energy":16.74,"indicator_mode":"off/on","linkquality":120,"power":0,"power_outage_memory":"off","state":"OFF","update":{"installed_version":192,"latest_version":192,"state":"idle"},"voltage":232}'
[2025-08-12 06:56:04] info: 	z2m:mqtt: MQTT publish: topic 'zigbee2mqtt/Button 3', payload '{"battery":90,"identify":null,"linkquality":0,"update":{"installed_version":604241926,"latest_version":604241926,"state":"idle"}}'
[2025-08-12 06:56:04] info: 	z2m:mqtt: MQTT publish: topic 'zigbee2mqtt/Button 2 - Chandelier', payload '{"battery":90,"identify":null,"linkquality":98,"update":{"installed_version":604241926,"latest_version":604241926,"state":"idle"}}'
[2025-08-12 06:56:04] info: 	z2m:mqtt: MQTT publish: topic 'zigbee2mqtt/Button 1', payload '{"battery":1,"identify":null,"linkquality":3,"update":{"installed_version":604241926,"latest_version":604241926,"state":"idle"}}'
[2025-08-12 06:56:04] info: 	z2m:mqtt: MQTT publish: topic 'zigbee2mqtt/Cube', payload '{"action_angle":null,"action_from_side":null,"battery":100,"current":0,"linkquality":134,"operation_mode":"action_mode","power":2,"power_outage_count":159,"side":2,"update":{"installed_version":-1,"latest_version":-1,"state":null},"voltage":3066}'
[2025-08-12 06:56:04] info: 	z2m:mqtt: MQTT publish: topic 'zigbee2mqtt/Philips Backyard Sensor', payload '{"battery":37.5,"illuminance":4,"led_indication":true,"linkquality":65,"motion_sensitivity":"high","occupancy":false,"occupancy_timeout":60,"temperature":27.31,"update":{"installed_version":1124102917,"latest_version":1124102917,"state":"idle"}}'
[2025-08-12 06:56:04] info: 	z2m:mqtt: MQTT publish: topic 'zigbee2mqtt/Water Sensor 1', payload '{"battery":76,"battery_low":false,"linkquality":43,"tamper":false,"voltage":2800,"water_leak":false}'
[2025-08-12 06:56:04] info: 	z2m:mqtt: MQTT publish: topic 'zigbee2mqtt/Alarm Keypad', payload '{"action_code":null,"action_transaction":null,"action_zone":null,"battery":100,"battery_low":false,"linkquality":51,"tamper":false,"update":{"installed_version":131077,"latest_version":131077,"state":"idle"},"voltage":5700}'
[2025-08-12 06:56:04] info: 	z2m:mqtt: MQTT publish: topic 'zigbee2mqtt/Alarm Repeater', payload '{"alarm_1":false,"alarm_2":false,"battery":null,"battery_low":true,"linkquality":47,"state":null,"tamper":false}'
[2025-08-12 06:56:04] info: 	z2m:mqtt: MQTT publish: topic 'zigbee2mqtt/Alarm Siren', payload '{"ac_status":true,"alarm":false,"battery":null,"battery_low":true,"enrolled":true,"ias_cie_address":"0x00124b002e0e1c5f","linkquality":65,"max_duration":10,"restore_reports":true,"supervision_reports":true,"tamper":false,"temperature":null,"test":false,"voltage":null,"zone_id":23}'
[2025-08-12 06:56:13] error: 	z2m: Failed to configure 'Alarm Siren', attempt 1 (Error: Bind 0x0015bc0041007a25/43 ssIasZone from '0x00124b002e0e1c5f/1' failed (AREQ - ZDO - bindRsp after 10000ms)
    at Object.start (/app/node_modules/.pnpm/zigbee-herdsman@5.0.4/node_modules/zigbee-herdsman/src/utils/waitress.ts:68:23)
    at func (/app/node_modules/.pnpm/zigbee-herdsman@5.0.4/node_modules/zigbee-herdsman/src/adapter/z-stack/adapter/zStackAdapter.ts:419:47)
    at processTicksAndRejections (node:internal/process/task_queues:105:5)
    at Queue.execute (/app/node_modules/.pnpm/zigbee-herdsman@5.0.4/node_modules/zigbee-herdsman/src/utils/queue.ts:36:20)
    at ZStackAdapter.sendZdoInternal (/app/node_modules/.pnpm/zigbee-herdsman@5.0.4/node_modules/zigbee-herdsman/src/adapter/z-stack/adapter/zStackAdapter.ts:424:43)
    at ZStackAdapter.sendZdo (/app/node_modules/.pnpm/zigbee-herdsman@5.0.4/node_modules/zigbee-herdsman/src/adapter/z-stack/adapter/zStackAdapter.ts:301:16)
    at Endpoint.bind (/app/node_modules/.pnpm/zigbee-herdsman@5.0.4/node_modules/zigbee-herdsman/src/controller/model/endpoint.ts:599:30)
    at Object.bind (/app/node_modules/.pnpm/zigbee-herdsman-converters@24.11.0/node_modules/zigbee-herdsman-converters/src/lib/reporting.ts:40:9)
    at configure (/app/node_modules/.pnpm/zigbee-herdsman-converters@24.11.0/node_modules/zigbee-herdsman-converters/src/devices/develco.ts:878:13)
    at Object.configure (/app/node_modules/.pnpm/zigbee-herdsman-converters@24.11.0/node_modules/zigbee-herdsman-converters/src/index.ts:363:21))
[2025-08-12 06:57:51] info: 	z2m:mqtt: MQTT publish: topic 'zigbee2mqtt/Philips Backyard Sensor', payload '{"battery":37.5,"illuminance":4,"led_indication":true,"linkquality":87,"motion_sensitivity":"high","occupancy":false,"occupancy_timeout":60,"temperature":26.75,"update":{"installed_version":1124102917,"latest_version":1124102917,"state":"idle"}}'
[2025-08-12 06:59:20] info: 	z2m:mqtt: MQTT publish: topic 'zigbee2mqtt/Philips Backyard Sensor', payload '{"battery":37.5,"illuminance":17,"led_indication":true,"linkquality":91,"motion_sensitivity":"high","occupancy":false,"occupancy_timeout":60,"temperature":26.75,"update":{"installed_version":1124102917,"latest_version":1124102917,"state":"idle"}}'
[2025-08-12 07:00:51] info: 	z2m:mqtt: MQTT publish: topic 'zigbee2mqtt/Alarm Keypad', payload '{"action_code":null,"action_transaction":null,"action_zone":null,"battery":100,"battery_low":false,"linkquality":51,"tamper":false,"update":{"installed_version":131077,"latest_version":131077,"state":"idle"},"voltage":5700}'
[2025-08-12 07:03:20] info: 	z2m:mqtt: MQTT publish: topic 'zigbee2mqtt/Cube', payload '{"action_angle":null,"action_from_side":null,"battery":100,"current":0,"linkquality":105,"operation_mode":"action_mode","power":2,"power_outage_count":159,"side":2,"update":{"installed_version":-1,"latest_version":-1,"state":null},"voltage":3064}'
[2025-08-12 07:04:20] info: 	z2m:mqtt: MQTT publish: topic 'zigbee2mqtt/Philips Backyard Sensor', payload '{"battery":37.5,"illuminance":25,"led_indication":true,"linkquality":87,"motion_sensitivity":"high","occupancy":false,"occupancy_timeout":60,"temperature":26.75,"update":{"installed_version":1124102917,"latest_version":1124102917,"state":"idle"}}'
[2025-08-12 07:05:23] info: 	z2m:mqtt: MQTT publish: topic 'zigbee2mqtt/bridge/health', payload '{"response_time":1754975123488,"os":{"load_average":[0.25,0.22,0.19],"memory_used_mb":1663.84,"memory_percent":42.4086},"process":{"uptime_sec":610,"memory_used_mb":95.41,"memory_percent":2.4319},"mqtt":{"connected":true,"queued":0,"published":96,"received":106},"devices":{"0x0015bc0043006306":{"messages":3,"messages_per_sec":0.0052,"leave_count":0,"network_address_changes":0},"0x001788010649a073":{"messages":3,"messages_per_sec":0.0066,"leave_count":0,"network_address_changes":0},"0x54ef4410006a43c7":{"messages":1,"messages_per_sec":0.0081,"leave_count":0,"network_address_changes":0}}}'
[2025-08-12 07:05:51] info: 	z2m:mqtt: MQTT publish: topic 'zigbee2mqtt/Alarm Keypad', payload '{"action_code":null,"action_transaction":null,"action_zone":null,"battery":100,"battery_low":false,"linkquality":51,"tamper":false,"update":{"installed_version":131077,"latest_version":131077,"state":"idle"},"voltage":5700}'
[2025-08-12 07:09:17] info: 	z2m:mqtt: MQTT publish: topic 'zigbee2mqtt/Philips Backyard Sensor', payload '{"battery":37.5,"illuminance":25,"led_indication":true,"linkquality":87,"motion_sensitivity":"high","occupancy":false,"occupancy_timeout":60,"temperature":26.75,"update":{"installed_version":1124102917,"latest_version":1124102917,"state":"idle"}}'
[2025-08-12 07:09:19] info: 	z2m:mqtt: MQTT publish: topic 'zigbee2mqtt/Philips Backyard Sensor', payload '{"battery":37.5,"illuminance":37,"led_indication":true,"linkquality":87,"motion_sensitivity":"high","occupancy":false,"occupancy_timeout":60,"temperature":26.75,"update":{"installed_version":1124102917,"latest_version":1124102917,"state":"idle"}}'
[2025-08-12 07:10:51] info: 	z2m:mqtt: MQTT publish: topic 'zigbee2mqtt/Alarm Keypad', payload '{"action_code":null,"action_transaction":null,"action_zone":null,"battery":100,"battery_low":false,"linkquality":51,"tamper":false,"update":{"installed_version":131077,"latest_version":131077,"state":"idle"},"voltage":5700}'
[2025-08-12 07:12:17] info: 	z2m:mqtt: MQTT publish: topic 'zigbee2mqtt/Philips Backyard Sensor', payload '{"battery":37.5,"illuminance":37,"led_indication":true,"linkquality":87,"motion_sensitivity":"high","occupancy":false,"occupancy_timeout":60,"temperature":26.75,"update":{"installed_version":1124102917,"latest_version":1124102917,"state":"idle"}}'
[2025-08-12 07:14:18] info: 	z2m:mqtt: MQTT publish: topic 'zigbee2mqtt/Philips Backyard Sensor', payload '{"battery":37.5,"illuminance":50,"led_indication":true,"linkquality":87,"motion_sensitivity":"high","occupancy":false,"occupancy_timeout":60,"temperature":26.75,"update":{"installed_version":1124102917,"latest_version":1124102917,"state":"idle"}}'
[2025-08-12 07:15:23] info: 	z2m:mqtt: MQTT publish: topic 'zigbee2mqtt/bridge/health', payload '{"response_time":1754975723488,"os":{"load_average":[0.12,0.09,0.13],"memory_used_mb":1670.32,"memory_percent":42.5738},"process":{"uptime_sec":1210,"memory_used_mb":101.36,"memory_percent":2.5836},"mqtt":{"connected":true,"queued":0,"published":110,"received":106},"devices":{"0x0015bc0043006306":{"messages":7,"messages_per_sec":0.006,"leave_count":0,"network_address_changes":0},"0x001788010649a073":{"messages":7,"messages_per_sec":0.0067,"leave_count":0,"network_address_changes":0},"0x54ef4410006a43c7":{"messages":1,"messages_per_sec":0.0014,"leave_count":0,"network_address_changes":0}}}'
[2025-08-12 07:15:42] warning: 	z2m: Failed to ping 'Alarm Siren' (attempt 1/1, ZCL command 0x0015bc0041007a25/43 genBasic.read(["zclVersion"], {"timeout":10000,"disableResponse":false,"disableRecovery":true,"disableDefaultResponse":true,"direction":0,"reservedBits":0,"writeUndiv":false}) failed (Data request failed with error: 'No network route' (205)))
[2025-08-12 07:15:51] info: 	z2m:mqtt: MQTT publish: topic 'zigbee2mqtt/Alarm Keypad', payload '{"action_code":null,"action_transaction":null,"action_zone":null,"battery":100,"battery_low":false,"linkquality":51,"tamper":false,"update":{"installed_version":131077,"latest_version":131077,"state":"idle"},"voltage":5700}'
[2025-08-12 07:15:51] info: 	z2m:mqtt: MQTT publish: topic 'zigbee2mqtt/Alarm Keypad', payload '{"action_code":null,"action_transaction":null,"action_zone":null,"battery":100,"battery_low":false,"linkquality":51,"tamper":false,"update":{"installed_version":131077,"latest_version":131077,"state":"idle"},"voltage":5700}'
[2025-08-12 07:16:02] warning: 	z2m: Failed to ping 'Alarm Repeater' (attempt 1/1, ZCL command 0x0015bc0022000242/37 genBasic.read(["zclVersion"], {"timeout":10000,"disableResponse":false,"disableRecovery":true,"disableDefaultResponse":true,"direction":0,"reservedBits":0,"writeUndiv":false}) failed (Data request failed with error: 'No network route' (205)))
[2025-08-12 07:16:06] warning: 	z2m: Failed to ping 'Smart Plug Z1' (attempt 1/1, ZCL command 0xa4c13812921dddfd/1 genBasic.read(["zclVersion"], {"timeout":10000,"disableResponse":false,"disableRecovery":true,"disableDefaultResponse":true,"direction":0,"reservedBits":0,"writeUndiv":false}) failed (Data request failed with error: 'No network route' (205)))
[2025-08-12 07:19:19] info: 	z2m:mqtt: MQTT publish: topic 'zigbee2mqtt/bridge/event', payload '{"data":{"friendly_name":"Philips Backyard Sensor","ieee_address":"0x001788010649a073"},"type":"device_announce"}'
[2025-08-12 07:19:19] info: 	z2m:mqtt: MQTT publish: topic 'zigbee2mqtt/Philips Backyard Sensor', payload '{"battery":37.5,"illuminance":63,"led_indication":true,"linkquality":91,"motion_sensitivity":"high","occupancy":false,"occupancy_timeout":60,"temperature":26.75,"update":{"installed_version":1124102917,"latest_version":1124102917,"state":"idle"}}'
[2025-08-12 07:20:51] info: 	z2m:mqtt: MQTT publish: topic 'zigbee2mqtt/Alarm Keypad', payload '{"action_code":null,"action_transaction":null,"action_zone":null,"battery":100,"battery_low":false,"linkquality":51,"tamper":false,"update":{"installed_version":131077,"latest_version":131077,"state":"idle"},"voltage":5700}'
[2025-08-12 07:24:17] info: 	z2m:mqtt: MQTT publish: topic 'zigbee2mqtt/Philips Backyard Sensor', payload '{"battery":37.5,"illuminance":78,"led_indication":true,"linkquality":29,"motion_sensitivity":"high","occupancy":false,"occupancy_timeout":60,"temperature":26.75,"update":{"installed_version":1124102917,"latest_version":1124102917,"state":"idle"}}'
[2025-08-12 07:25:23] info: 	z2m:mqtt: MQTT publish: topic 'zigbee2mqtt/bridge/health', payload '{"response_time":1754976323493,"os":{"load_average":[0.2,0.17,0.12],"memory_used_mb":1666.1,"memory_percent":42.4661},"process":{"uptime_sec":1810,"memory_used_mb":102.64,"memory_percent":2.6161},"mqtt":{"connected":true,"queued":0,"published":127,"received":106},"devices":{"0x0015bc0043006306":{"messages":11,"messages_per_sec":0.0062,"leave_count":0,"network_address_changes":0},"0x001788010649a073":{"messages":11,"messages_per_sec":0.0067,"leave_count":0,"network_address_changes":0},"0x54ef4410006a43c7":{"messages":1,"messages_per_sec":0.0008,"leave_count":0,"network_address_changes":0}}}'
[2025-08-12 07:25:51] info: 	z2m:mqtt: MQTT publish: topic 'zigbee2mqtt/Alarm Keypad', payload '{"action_code":null,"action_transaction":null,"action_zone":null,"battery":100,"battery_low":false,"linkquality":51,"tamper":false,"update":{"installed_version":131077,"latest_version":131077,"state":"idle"},"voltage":5700}'
[2025-08-12 07:29:17] info: 	z2m:mqtt: MQTT publish: topic 'zigbee2mqtt/Philips Backyard Sensor', payload '{"battery":37.5,"illuminance":94,"led_indication":true,"linkquality":91,"motion_sensitivity":"high","occupancy":false,"occupancy_timeout":60,"temperature":26.75,"update":{"installed_version":1124102917,"latest_version":1124102917,"state":"idle"}}'
[2025-08-12 07:30:51] info: 	z2m:mqtt: MQTT publish: topic 'zigbee2mqtt/Alarm Keypad', payload '{"action_code":null,"action_transaction":null,"action_zone":null,"battery":100,"battery_low":false,"linkquality":51,"tamper":false,"update":{"installed_version":131077,"latest_version":131077,"state":"idle"},"voltage":5700}'
[2025-08-12 07:34:17] info: 	z2m:mqtt: MQTT publish: topic 'zigbee2mqtt/Philips Backyard Sensor', payload '{"battery":37.5,"illuminance":111,"led_indication":true,"linkquality":91,"motion_sensitivity":"high","occupancy":false,"occupancy_timeout":60,"temperature":26.75,"update":{"installed_version":1124102917,"latest_version":1124102917,"state":"idle"}}'
[2025-08-12 07:34:52] info: 	z2m:mqtt: MQTT publish: topic 'zigbee2mqtt/Button 2 - Chandelier', payload '{"battery":90,"identify":null,"linkquality":25,"update":{"installed_version":604241926,"latest_version":604241926,"state":"idle"}}'
[2025-08-12 07:35:23] info: 	z2m:mqtt: MQTT publish: topic 'zigbee2mqtt/bridge/health', payload '{"response_time":1754976923496,"os":{"load_average":[0.04,0.14,0.11],"memory_used_mb":1675.09,"memory_percent":42.6954},"process":{"uptime_sec":2410,"memory_used_mb":102.64,"memory_percent":2.6161},"mqtt":{"connected":true,"queued":0,"published":139,"received":106},"devices":{"0x0015bc0043006306":{"messages":14,"messages_per_sec":0.0059,"leave_count":0,"network_address_changes":0},"0x001788010649a073":{"messages":13,"messages_per_sec":0.0058,"leave_count":0,"network_address_changes":0},"0x54ef4410006a43c7":{"messages":1,"messages_per_sec":0.0005,"leave_count":0,"network_address_changes":0},"0x04cd15fffe7ff98b":{"messages":1,"messages_per_sec":0.0323,"leave_count":0,"network_address_changes":0}}}'
[2025-08-12 07:35:51] info: 	z2m:mqtt: MQTT publish: topic 'zigbee2mqtt/Alarm Keypad', payload '{"action_code":null,"action_transaction":null,"action_zone":null,"battery":100,"battery_low":false,"linkquality":51,"tamper":false,"update":{"installed_version":131077,"latest_version":131077,"state":"idle"},"voltage":5700}'
[2025-08-12 07:39:16] info: 	z2m:mqtt: MQTT publish: topic 'zigbee2mqtt/Philips Backyard Sensor', payload '{"battery":37.5,"illuminance":128,"led_indication":true,"linkquality":91,"motion_sensitivity":"high","occupancy":false,"occupancy_timeout":60,"temperature":26.75,"update":{"installed_version":1124102917,"latest_version":1124102917,"state":"idle"}}'
[2025-08-12 07:40:51] info: 	z2m:mqtt: MQTT publish: topic 'zigbee2mqtt/Alarm Keypad', payload '{"action_code":null,"action_transaction":null,"action_zone":null,"battery":100,"battery_low":false,"linkquality":51,"tamper":false,"update":{"installed_version":131077,"latest_version":131077,"state":"idle"},"voltage":5700}'
[2025-08-12 07:44:16] info: 	z2m:mqtt: MQTT publish: topic 'zigbee2mqtt/Philips Backyard Sensor', payload '{"battery":37.5,"illuminance":144,"led_indication":true,"linkquality":87,"motion_sensitivity":"high","occupancy":false,"occupancy_timeout":60,"temperature":26.75,"update":{"installed_version":1124102917,"latest_version":1124102917,"state":"idle"}}'
[2025-08-12 07:45:23] info: 	z2m:mqtt: MQTT publish: topic 'zigbee2mqtt/bridge/health', payload '{"response_time":1754977523500,"os":{"load_average":[0.94,0.39,0.19],"memory_used_mb":1676.04,"memory_percent":42.7194},"process":{"uptime_sec":3010,"memory_used_mb":102.73,"memory_percent":2.6185},"mqtt":{"connected":true,"queued":0,"published":149,"received":106},"devices":{"0x0015bc0043006306":{"messages":16,"messages_per_sec":0.0054,"leave_count":0,"network_address_changes":0},"0x001788010649a073":{"messages":15,"messages_per_sec":0.0053,"leave_count":0,"network_address_changes":0},"0x54ef4410006a43c7":{"messages":1,"messages_per_sec":0.0004,"leave_count":0,"network_address_changes":0},"0x04cd15fffe7ff98b":{"messages":1,"messages_per_sec":0.0016,"leave_count":0,"network_address_changes":0}}}'
[2025-08-12 07:45:51] info: 	z2m:mqtt: MQTT publish: topic 'zigbee2mqtt/Alarm Keypad', payload '{"action_code":null,"action_transaction":null,"action_zone":null,"battery":100,"battery_low":false,"linkquality":51,"tamper":false,"update":{"installed_version":131077,"latest_version":131077,"state":"idle"},"voltage":5700}'
[2025-08-12 07:49:15] info: 	z2m:mqtt: MQTT publish: topic 'zigbee2mqtt/Philips Backyard Sensor', payload '{"battery":37.5,"illuminance":160,"led_indication":true,"linkquality":91,"motion_sensitivity":"high","occupancy":false,"occupancy_timeout":60,"temperature":26.75,"update":{"installed_version":1124102917,"latest_version":1124102917,"state":"idle"}}'
[2025-08-12 07:50:51] info: 	z2m:mqtt: MQTT publish: topic 'zigbee2mqtt/Alarm Keypad', payload '{"action_code":null,"action_transaction":null,"action_zone":null,"battery":100,"battery_low":false,"linkquality":51,"tamper":false,"update":{"installed_version":131077,"latest_version":131077,"state":"idle"},"voltage":5700}'
[2025-08-12 07:54:15] info: 	z2m:mqtt: MQTT publish: topic 'zigbee2mqtt/Philips Backyard Sensor', payload '{"battery":37.5,"illuminance":177,"led_indication":true,"linkquality":87,"motion_sensitivity":"high","occupancy":false,"occupancy_timeout":60,"temperature":26.75,"update":{"installed_version":1124102917,"latest_version":1124102917,"state":"idle"}}'
[2025-08-12 07:55:23] info: 	z2m:mqtt: MQTT publish: topic 'zigbee2mqtt/bridge/health', payload '{"response_time":1754978123503,"os":{"load_average":[0.16,0.09,0.1],"memory_used_mb":1667.69,"memory_percent":42.5068},"process":{"uptime_sec":3610,"memory_used_mb":102.73,"memory_percent":2.6185},"mqtt":{"connected":true,"queued":0,"published":159,"received":106},"devices":{"0x0015bc0043006306":{"messages":19,"messages_per_sec":0.0053,"leave_count":0,"network_address_changes":0},"0x001788010649a073":{"messages":17,"messages_per_sec":0.0049,"leave_count":0,"network_address_changes":0},"0x54ef4410006a43c7":{"messages":1,"messages_per_sec":0.0003,"leave_count":0,"network_address_changes":0},"0x04cd15fffe7ff98b":{"messages":1,"messages_per_sec":0.0008,"leave_count":0,"network_address_changes":0}}}'
[2025-08-12 07:55:51] info: 	z2m:mqtt: MQTT publish: topic 'zigbee2mqtt/Alarm Keypad', payload '{"action_code":null,"action_transaction":null,"action_zone":null,"battery":100,"battery_low":false,"linkquality":51,"tamper":false,"update":{"installed_version":131077,"latest_version":131077,"state":"idle"},"voltage":5700}'
[2025-08-12 07:55:56] warning: 	z2m: Failed to ping 'Alarm Siren' (attempt 1/1, ZCL command 0x0015bc0041007a25/43 genBasic.read(["zclVersion"], {"timeout":10000,"disableResponse":false,"disableRecovery":true,"disableDefaultResponse":true,"direction":0,"reservedBits":0,"writeUndiv":false}) failed (Data request failed with error: 'No network route' (205)))
[2025-08-12 07:56:52] warning: 	z2m: Failed to ping 'Smart Plug Z1' (attempt 1/1, ZCL command 0xa4c13812921dddfd/1 genBasic.read(["zclVersion"], {"timeout":10000,"disableResponse":false,"disableRecovery":true,"disableDefaultResponse":true,"direction":0,"reservedBits":0,"writeUndiv":false}) failed (Data request failed with error: 'No network route' (205)))
[2025-08-12 07:56:56] warning: 	z2m: Failed to ping 'Alarm Repeater' (attempt 1/1, ZCL command 0x0015bc0022000242/37 genBasic.read(["zclVersion"], {"timeout":10000,"disableResponse":false,"disableRecovery":true,"disableDefaultResponse":true,"direction":0,"reservedBits":0,"writeUndiv":false}) failed (Data request failed with error: 'No network route' (205)))
[2025-08-12 07:57:04] info: 	z2m:mqtt: MQTT publish: topic 'zigbee2mqtt/Button 4 - Movie', payload '{"battery":90,"identify":null,"linkquality":83,"update":{"installed_version":604241926,"latest_version":604241926,"state":"idle"}}'
[2025-08-12 07:57:04] info: 	z2m:mqtt: MQTT publish: topic 'zigbee2mqtt/Smart Plug Z1', payload '{"child_lock":"UNLOCK","countdown":0,"current":0,"energy":16.74,"indicator_mode":"off/on","linkquality":120,"power":0,"power_outage_memory":"off","state":"OFF","update":{"installed_version":192,"latest_version":192,"state":"idle"},"voltage":232}'
[2025-08-12 07:57:04] info: 	z2m:mqtt: MQTT publish: topic 'zigbee2mqtt/Button 3', payload '{"battery":90,"identify":null,"linkquality":0,"update":{"installed_version":604241926,"latest_version":604241926,"state":"idle"}}'
[2025-08-12 07:57:04] info: 	z2m:mqtt: MQTT publish: topic 'zigbee2mqtt/Button 2 - Chandelier', payload '{"battery":90,"identify":null,"linkquality":25,"update":{"installed_version":604241926,"latest_version":604241926,"state":"idle"}}'
[2025-08-12 07:57:04] info: 	z2m:mqtt: MQTT publish: topic 'zigbee2mqtt/Button 1', payload '{"battery":1,"identify":null,"linkquality":3,"update":{"installed_version":604241926,"latest_version":604241926,"state":"idle"}}'
[2025-08-12 07:57:04] info: 	z2m:mqtt: MQTT publish: topic 'zigbee2mqtt/Cube', payload '{"action_angle":null,"action_from_side":null,"battery":100,"current":0,"linkquality":105,"operation_mode":"action_mode","power":2,"power_outage_count":159,"side":2,"update":{"installed_version":-1,"latest_version":-1,"state":null},"voltage":3064}'
[2025-08-12 07:57:04] info: 	z2m:mqtt: MQTT publish: topic 'zigbee2mqtt/Philips Backyard Sensor', payload '{"battery":37.5,"illuminance":177,"led_indication":true,"linkquality":87,"motion_sensitivity":"high","occupancy":false,"occupancy_timeout":60,"temperature":26.75,"update":{"installed_version":1124102917,"latest_version":1124102917,"state":"idle"}}'
[2025-08-12 07:57:04] info: 	z2m:mqtt: MQTT publish: topic 'zigbee2mqtt/Water Sensor 1', payload '{"battery":76,"battery_low":false,"linkquality":43,"tamper":false,"voltage":2800,"water_leak":false}'
[2025-08-12 07:57:04] info: 	z2m:mqtt: MQTT publish: topic 'zigbee2mqtt/Alarm Keypad', payload '{"action_code":null,"action_transaction":null,"action_zone":null,"battery":100,"battery_low":false,"linkquality":51,"tamper":false,"update":{"installed_version":131077,"latest_version":131077,"state":"idle"},"voltage":5700}'
[2025-08-12 07:57:04] info: 	z2m:mqtt: MQTT publish: topic 'zigbee2mqtt/Alarm Repeater', payload '{"alarm_1":false,"alarm_2":false,"battery":null,"battery_low":true,"linkquality":47,"state":null,"tamper":false}'
[2025-08-12 07:57:04] info: 	z2m:mqtt: MQTT publish: topic 'zigbee2mqtt/Alarm Siren', payload '{"ac_status":true,"alarm":false,"battery":null,"battery_low":true,"enrolled":true,"ias_cie_address":"0x00124b002e0e1c5f","linkquality":65,"max_duration":10,"restore_reports":true,"supervision_reports":true,"tamper":false,"temperature":null,"test":false,"voltage":null,"zone_id":23}'
[2025-08-12 07:57:45] info: 	z2m:mqtt: MQTT publish: topic 'zigbee2mqtt/Philips Backyard Sensor', payload '{"battery":37.5,"illuminance":177,"led_indication":true,"linkquality":91,"motion_sensitivity":"high","occupancy":false,"occupancy_timeout":60,"temperature":27.03,"update":{"installed_version":1124102917,"latest_version":1124102917,"state":"idle"}}'
[2025-08-12 07:58:31] info: 	z2m:mqtt: MQTT publish: topic 'zigbee2mqtt/Cube', payload '{"action_angle":null,"action_from_side":null,"battery":100,"current":0,"linkquality":102,"operation_mode":"action_mode","power":2,"power_outage_count":159,"side":2,"update":{"installed_version":-1,"latest_version":-1,"state":null},"voltage":3065}'
[2025-08-12 07:59:14] info: 	z2m:mqtt: MQTT publish: topic 'zigbee2mqtt/Philips Backyard Sensor', payload '{"battery":37.5,"illuminance":194,"led_indication":true,"linkquality":91,"motion_sensitivity":"high","occupancy":false,"occupancy_timeout":60,"temperature":27.03,"update":{"installed_version":1124102917,"latest_version":1124102917,"state":"idle"}}'
[2025-08-12 08:00:51] info: 	z2m:mqtt: MQTT publish: topic 'zigbee2mqtt/Alarm Keypad', payload '{"action_code":null,"action_transaction":null,"action_zone":null,"battery":100,"battery_low":false,"linkquality":51,"tamper":false,"update":{"installed_version":131077,"latest_version":131077,"state":"idle"},"voltage":5700}'
[2025-08-12 08:04:14] info: 	z2m:mqtt: MQTT publish: topic 'zigbee2mqtt/Philips Backyard Sensor', payload '{"battery":37.5,"illuminance":211,"led_indication":true,"linkquality":87,"motion_sensitivity":"high","occupancy":false,"occupancy_timeout":60,"temperature":27.03,"update":{"installed_version":1124102917,"latest_version":1124102917,"state":"idle"}}'
[2025-08-12 08:05:23] info: 	z2m:mqtt: MQTT publish: topic 'zigbee2mqtt/bridge/health', payload '{"response_time":1754978723506,"os":{"load_average":[0.12,0.15,0.15],"memory_used_mb":1674.31,"memory_percent":42.6755},"process":{"uptime_sec":4210,"memory_used_mb":102.82,"memory_percent":2.6208},"mqtt":{"connected":true,"queued":0,"published":198,"received":108},"devices":{"0x0015bc0043006306":{"messages":22,"messages_per_sec":0.0053,"leave_count":0,"network_address_changes":0},"0x001788010649a073":{"messages":20,"messages_per_sec":0.0049,"leave_count":0,"network_address_changes":0},"0x54ef4410006a43c7":{"messages":2,"messages_per_sec":0.0005,"leave_count":0,"network_address_changes":0},"0x04cd15fffe7ff98b":{"messages":1,"messages_per_sec":0.0005,"leave_count":0,"network_address_changes":0}}}'
[2025-08-12 08:05:51] info: 	z2m:mqtt: MQTT publish: topic 'zigbee2mqtt/Alarm Keypad', payload '{"action_code":null,"action_transaction":null,"action_zone":null,"battery":100,"battery_low":false,"linkquality":51,"tamper":false,"update":{"installed_version":131077,"latest_version":131077,"state":"idle"},"voltage":5700}'
[2025-08-12 08:09:11] info: 	z2m:mqtt: MQTT publish: topic 'zigbee2mqtt/Philips Backyard Sensor', payload '{"battery":37.5,"illuminance":211,"led_indication":true,"linkquality":83,"motion_sensitivity":"high","occupancy":false,"occupancy_timeout":60,"temperature":27.03,"update":{"installed_version":1124102917,"latest_version":1124102917,"state":"idle"}}'
[2025-08-12 08:09:14] info: 	z2m:mqtt: MQTT publish: topic 'zigbee2mqtt/Philips Backyard Sensor', payload '{"battery":37.5,"illuminance":227,"led_indication":true,"linkquality":87,"motion_sensitivity":"high","occupancy":false,"occupancy_timeout":60,"temperature":27.03,"update":{"installed_version":1124102917,"latest_version":1124102917,"state":"idle"}}'
[2025-08-12 08:10:51] info: 	z2m:mqtt: MQTT publish: topic 'zigbee2mqtt/Alarm Keypad', payload '{"action_code":null,"action_transaction":null,"action_zone":null,"battery":100,"battery_low":false,"linkquality":51,"tamper":false,"update":{"installed_version":131077,"latest_version":131077,"state":"idle"},"voltage":5700}'
[2025-08-12 08:12:07] info: 	z2m:mqtt: MQTT publish: topic 'zigbee2mqtt/Button 4 - Movie', payload '{"battery":90,"identify":null,"linkquality":43,"update":{"installed_version":604241926,"latest_version":604241926,"state":"idle"}}'
[2025-08-12 08:14:13] info: 	z2m:mqtt: MQTT publish: topic 'zigbee2mqtt/Philips Backyard Sensor', payload '{"battery":37.5,"illuminance":245,"led_indication":true,"linkquality":87,"motion_sensitivity":"high","occupancy":false,"occupancy_timeout":60,"temperature":27.03,"update":{"installed_version":1124102917,"latest_version":1124102917,"state":"idle"}}'
[2025-08-12 08:15:23] info: 	z2m:mqtt: MQTT publish: topic 'zigbee2mqtt/bridge/health', payload '{"response_time":1754979323510,"os":{"load_average":[0.11,0.14,0.14],"memory_used_mb":1674.95,"memory_percent":42.6919},"process":{"uptime_sec":4810,"memory_used_mb":102.82,"memory_percent":2.6208},"mqtt":{"connected":true,"queued":0,"published":212,"received":108},"devices":{"0x0015bc0043006306":{"messages":26,"messages_per_sec":0.0054,"leave_count":0,"network_address_changes":0},"0x001788010649a073":{"messages":23,"messages_per_sec":0.0049,"leave_count":0,"network_address_changes":0},"0x54ef4410006a43c7":{"messages":2,"messages_per_sec":0.0005,"leave_count":0,"network_address_changes":0},"0x04cd15fffe7ff98b":{"messages":1,"messages_per_sec":0.0004,"leave_count":0,"network_address_changes":0},"0xb4e3f9fffe249e15":{"messages":1,"messages_per_sec":0.0051,"leave_count":0,"network_address_changes":0}}}'
[2025-08-12 08:15:51] info: 	z2m:mqtt: MQTT publish: topic 'zigbee2mqtt/Alarm Keypad', payload '{"action_code":null,"action_transaction":null,"action_zone":null,"battery":100,"battery_low":false,"linkquality":51,"tamper":false,"update":{"installed_version":131077,"latest_version":131077,"state":"idle"},"voltage":5700}'
[2025-08-12 08:15:51] info: 	z2m:mqtt: MQTT publish: topic 'zigbee2mqtt/Alarm Keypad', payload '{"action_code":null,"action_transaction":null,"action_zone":null,"battery":100,"battery_low":false,"linkquality":51,"tamper":false,"update":{"installed_version":131077,"latest_version":131077,"state":"idle"},"voltage":5700}'
[2025-08-12 08:19:13] info: 	z2m:mqtt: MQTT publish: topic 'zigbee2mqtt/Philips Backyard Sensor', payload '{"battery":37.5,"illuminance":260,"led_indication":true,"linkquality":87,"motion_sensitivity":"high","occupancy":false,"occupancy_timeout":60,"temperature":27.03,"update":{"installed_version":1124102917,"latest_version":1124102917,"state":"idle"}}'
[2025-08-12 08:20:51] info: 	z2m:mqtt: MQTT publish: topic 'zigbee2mqtt/Alarm Keypad', payload '{"action_code":null,"action_transaction":null,"action_zone":null,"battery":100,"battery_low":false,"linkquality":51,"tamper":false,"update":{"installed_version":131077,"latest_version":131077,"state":"idle"},"voltage":5700}'
[2025-08-12 08:24:12] info: 	z2m:mqtt: MQTT publish: topic 'zigbee2mqtt/Philips Backyard Sensor', payload '{"battery":37.5,"illuminance":276,"led_indication":true,"linkquality":87,"motion_sensitivity":"high","occupancy":false,"occupancy_timeout":60,"temperature":27.03,"update":{"installed_version":1124102917,"latest_version":1124102917,"state":"idle"}}'
[2025-08-12 08:25:23] info: 	z2m:mqtt: MQTT publish: topic 'zigbee2mqtt/bridge/health', payload '{"response_time":1754979923510,"os":{"load_average":[0.4,0.17,0.12],"memory_used_mb":1675.62,"memory_percent":42.7088},"process":{"uptime_sec":5410,"memory_used_mb":102.97,"memory_percent":2.6246},"mqtt":{"connected":true,"queued":0,"published":223,"received":108},"devices":{"0x0015bc0043006306":{"messages":30,"messages_per_sec":0.0056,"leave_count":0,"network_address_changes":0},"0x001788010649a073":{"messages":25,"messages_per_sec":0.0048,"leave_count":0,"network_address_changes":0},"0x54ef4410006a43c7":{"messages":2,"messages_per_sec":0.0004,"leave_count":0,"network_address_changes":0},"0x04cd15fffe7ff98b":{"messages":1,"messages_per_sec":0.0003,"leave_count":0,"network_address_changes":0},"0xb4e3f9fffe249e15":{"messages":1,"messages_per_sec":0.0013,"leave_count":0,"network_address_changes":0}}}'
[2025-08-12 08:25:51] info: 	z2m:mqtt: MQTT publish: topic 'zigbee2mqtt/Alarm Keypad', payload '{"action_code":null,"action_transaction":null,"action_zone":null,"battery":100,"battery_low":false,"linkquality":51,"tamper":false,"update":{"installed_version":131077,"latest_version":131077,"state":"idle"},"voltage":5700}'
[2025-08-12 08:29:12] info: 	z2m:mqtt: MQTT publish: topic 'zigbee2mqtt/Philips Backyard Sensor', payload '{"battery":37.5,"illuminance":290,"led_indication":true,"linkquality":83,"motion_sensitivity":"high","occupancy":false,"occupancy_timeout":60,"temperature":27.03,"update":{"installed_version":1124102917,"latest_version":1124102917,"state":"idle"}}'
[2025-08-12 08:34:11] info: 	z2m:mqtt: MQTT publish: topic 'zigbee2mqtt/Philips Backyard Sensor', payload '{"battery":37.5,"illuminance":306,"led_indication":true,"linkquality":91,"motion_sensitivity":"high","occupancy":false,"occupancy_timeout":60,"temperature":27.03,"update":{"installed_version":1124102917,"latest_version":1124102917,"state":"idle"}}'
[2025-08-12 08:35:23] info: 	z2m:mqtt: MQTT publish: topic 'zigbee2mqtt/bridge/health', payload '{"response_time":1754980523515,"os":{"load_average":[0.01,0.09,0.09],"memory_used_mb":1669.97,"memory_percent":42.5649},"process":{"uptime_sec":6010,"memory_used_mb":102.97,"memory_percent":2.6246},"mqtt":{"connected":true,"queued":0,"published":231,"received":108},"devices":{"0x0015bc0043006306":{"messages":32,"messages_per_sec":0.0054,"leave_count":0,"network_address_changes":0},"0x001788010649a073":{"messages":27,"messages_per_sec":0.0046,"leave_count":0,"network_address_changes":0},"0x54ef4410006a43c7":{"messages":2,"messages_per_sec":0.0004,"leave_count":0,"network_address_changes":0},"0x04cd15fffe7ff98b":{"messages":1,"messages_per_sec":0.0003,"leave_count":0,"network_address_changes":0},"0xb4e3f9fffe249e15":{"messages":1,"messages_per_sec":0.0007,"leave_count":0,"network_address_changes":0}}}'
[2025-08-12 08:35:51] info: 	z2m:mqtt: MQTT publish: topic 'zigbee2mqtt/Alarm Keypad', payload '{"action_code":null,"action_transaction":null,"action_zone":null,"battery":100,"battery_low":false,"linkquality":51,"tamper":false,"update":{"installed_version":131077,"latest_version":131077,"state":"idle"},"voltage":5700}'
[2025-08-12 08:39:11] info: 	z2m:mqtt: MQTT publish: topic 'zigbee2mqtt/Philips Backyard Sensor', payload '{"battery":37.5,"illuminance":323,"led_indication":true,"linkquality":94,"motion_sensitivity":"high","occupancy":false,"occupancy_timeout":60,"temperature":27.03,"update":{"installed_version":1124102917,"latest_version":1124102917,"state":"idle"}}'
[2025-08-12 08:40:51] info: 	z2m:mqtt: MQTT publish: topic 'zigbee2mqtt/Alarm Keypad', payload '{"action_code":null,"action_transaction":null,"action_zone":null,"battery":100,"battery_low":false,"linkquality":51,"tamper":false,"update":{"installed_version":131077,"latest_version":131077,"state":"idle"},"voltage":5700}'
[2025-08-12 08:44:11] info: 	z2m:mqtt: MQTT publish: topic 'zigbee2mqtt/Philips Backyard Sensor', payload '{"battery":37.5,"illuminance":337,"led_indication":true,"linkquality":87,"motion_sensitivity":"high","occupancy":false,"occupancy_timeout":60,"temperature":27.03,"update":{"installed_version":1124102917,"latest_version":1124102917,"state":"idle"}}'
[2025-08-12 08:45:23] info: 	z2m:mqtt: MQTT publish: topic 'zigbee2mqtt/bridge/health', payload '{"response_time":1754981123519,"os":{"load_average":[0.02,0.04,0.07],"memory_used_mb":1675.72,"memory_percent":42.7114},"process":{"uptime_sec":6610,"memory_used_mb":103.1,"memory_percent":2.6278},"mqtt":{"connected":true,"queued":0,"published":241,"received":108},"devices":{"0x0015bc0043006306":{"messages":34,"messages_per_sec":0.0052,"leave_count":0,"network_address_changes":0},"0x001788010649a073":{"messages":29,"messages_per_sec":0.0045,"leave_count":0,"network_address_changes":0},"0x54ef4410006a43c7":{"messages":2,"messages_per_sec":0.0003,"leave_count":0,"network_address_changes":0},"0x04cd15fffe7ff98b":{"messages":1,"messages_per_sec":0.0002,"leave_count":0,"network_address_changes":0},"0xb4e3f9fffe249e15":{"messages":1,"messages_per_sec":0.0005,"leave_count":0,"network_address_changes":0}}}'
[2025-08-12 08:45:51] info: 	z2m:mqtt: MQTT publish: topic 'zigbee2mqtt/Alarm Keypad', payload '{"action_code":null,"action_transaction":null,"action_zone":null,"battery":100,"battery_low":false,"linkquality":51,"tamper":false,"update":{"installed_version":131077,"latest_version":131077,"state":"idle"},"voltage":5700}'
[2025-08-12 08:49:10] info: 	z2m:mqtt: MQTT publish: topic 'zigbee2mqtt/Philips Backyard Sensor', payload '{"battery":37.5,"illuminance":351,"led_indication":true,"linkquality":83,"motion_sensitivity":"high","occupancy":false,"occupancy_timeout":60,"temperature":27.03,"update":{"installed_version":1124102917,"latest_version":1124102917,"state":"idle"}}'
[2025-08-12 08:50:51] info: 	z2m:mqtt: MQTT publish: topic 'zigbee2mqtt/Alarm Keypad', payload '{"action_code":null,"action_transaction":null,"action_zone":null,"battery":100,"battery_low":false,"linkquality":51,"tamper":false,"update":{"installed_version":131077,"latest_version":131077,"state":"idle"},"voltage":5700}'
[2025-08-12 08:53:44] info: 	z2m:mqtt: MQTT publish: topic 'zigbee2mqtt/Cube', payload '{"action_angle":null,"action_from_side":null,"battery":100,"current":0,"linkquality":105,"operation_mode":"action_mode","power":2,"power_outage_count":159,"side":2,"update":{"installed_version":-1,"latest_version":-1,"state":null},"voltage":3067}'
[2025-08-12 08:54:10] info: 	z2m:mqtt: MQTT publish: topic 'zigbee2mqtt/Philips Backyard Sensor', payload '{"battery":37.5,"illuminance":364,"led_indication":true,"linkquality":83,"motion_sensitivity":"high","occupancy":false,"occupancy_timeout":60,"temperature":27.03,"update":{"installed_version":1124102917,"latest_version":1124102917,"state":"idle"}}'
[2025-08-12 08:55:23] info: 	z2m:mqtt: MQTT publish: topic 'zigbee2mqtt/bridge/health', payload '{"response_time":1754981723521,"os":{"load_average":[0.13,0.15,0.1],"memory_used_mb":1679.52,"memory_percent":42.8081},"process":{"uptime_sec":7210,"memory_used_mb":103.13,"memory_percent":2.6287},"mqtt":{"connected":true,"queued":0,"published":253,"received":108},"devices":{"0x0015bc0043006306":{"messages":37,"messages_per_sec":0.0052,"leave_count":0,"network_address_changes":0},"0x001788010649a073":{"messages":31,"messages_per_sec":0.0044,"leave_count":0,"network_address_changes":0},"0x54ef4410006a43c7":{"messages":3,"messages_per_sec":0.0004,"leave_count":0,"network_address_changes":0},"0x04cd15fffe7ff98b":{"messages":1,"messages_per_sec":0.0002,"leave_count":0,"network_address_changes":0},"0xb4e3f9fffe249e15":{"messages":1,"messages_per_sec":0.0004,"leave_count":0,"network_address_changes":0},"0xb4e3f9fffe753317":{"messages":2,"messages_per_sec":0.0891,"leave_count":0,"network_address_changes":0}}}'
[2025-08-12 08:55:27] info: 	z2m: Configuring 'Water Sensor 1'
[2025-08-12 08:55:27] info: 	z2m:mqtt: MQTT publish: topic 'zigbee2mqtt/bridge/event', payload '{"data":{"friendly_name":"Water Sensor 1","ieee_address":"0x5c0272fffebb9cde"},"type":"device_announce"}'
[2025-08-12 08:55:29] info: 	z2m:mqtt: MQTT publish: topic 'zigbee2mqtt/Water Sensor 1', payload '{"battery":76,"battery_low":false,"linkquality":51,"tamper":false,"voltage":2800,"water_leak":false}'
[2025-08-12 08:55:29] info: 	z2m:mqtt: MQTT publish: topic 'zigbee2mqtt/Water Sensor 1', payload '{"battery":76,"battery_low":false,"linkquality":51,"tamper":false,"voltage":2800,"water_leak":false}'
[2025-08-12 08:55:29] info: 	z2m:mqtt: MQTT publish: topic 'zigbee2mqtt/Water Sensor 1', payload '{"battery":76,"battery_low":false,"linkquality":51,"tamper":false,"voltage":2800,"water_leak":false}'
[2025-08-12 08:55:29] info: 	z2m:mqtt: MQTT publish: topic 'zigbee2mqtt/Water Sensor 1', payload '{"battery":76,"battery_low":false,"linkquality":51,"tamper":false,"voltage":2800,"water_leak":false}'
[2025-08-12 08:55:29] info: 	z2m:mqtt: MQTT publish: topic 'zigbee2mqtt/Water Sensor 1', payload '{"battery":76,"battery_low":false,"linkquality":51,"tamper":false,"voltage":2800,"water_leak":false}'
[2025-08-12 08:55:29] info: 	z2m:mqtt: MQTT publish: topic 'zigbee2mqtt/Water Sensor 1', payload '{"battery":76,"battery_low":false,"linkquality":51,"tamper":false,"voltage":2800,"water_leak":false}'
[2025-08-12 08:55:29] info: 	z2m:mqtt: MQTT publish: topic 'zigbee2mqtt/Water Sensor 1', payload '{"battery":76,"battery_low":false,"linkquality":51,"tamper":false,"voltage":2800,"water_leak":false}'
[2025-08-12 08:55:29] info: 	z2m:mqtt: MQTT publish: topic 'zigbee2mqtt/Water Sensor 1', payload '{"battery":76,"battery_low":false,"linkquality":51,"tamper":false,"voltage":2800,"water_leak":false}'
[2025-08-12 08:55:29] info: 	z2m:mqtt: MQTT publish: topic 'zigbee2mqtt/Water Sensor 1', payload '{"battery":76,"battery_low":false,"linkquality":51,"tamper":false,"voltage":2800,"water_leak":false}'
[2025-08-12 08:55:29] info: 	z2m:mqtt: MQTT publish: topic 'zigbee2mqtt/Water Sensor 1', payload '{"battery":76,"battery_low":false,"linkquality":51,"tamper":false,"voltage":2800,"water_leak":false}'
[2025-08-12 08:55:29] info: 	z2m:mqtt: MQTT publish: topic 'zigbee2mqtt/Water Sensor 1', payload '{"battery":76,"battery_low":false,"linkquality":51,"tamper":false,"voltage":2800,"water_leak":false}'
[2025-08-12 08:55:29] info: 	z2m:mqtt: MQTT publish: topic 'zigbee2mqtt/Water Sensor 1', payload '{"battery":76,"battery_low":false,"linkquality":51,"tamper":false,"voltage":2800,"water_leak":false}'
[2025-08-12 08:55:29] info: 	z2m:mqtt: MQTT publish: topic 'zigbee2mqtt/Water Sensor 1', payload '{"battery":76,"battery_low":false,"linkquality":51,"tamper":false,"voltage":2800,"water_leak":false}'
[2025-08-12 08:55:29] info: 	z2m:mqtt: MQTT publish: topic 'zigbee2mqtt/Water Sensor 1', payload '{"battery":76,"battery_low":false,"linkquality":51,"tamper":false,"voltage":2800,"water_leak":false}'
[2025-08-12 08:55:30] info: 	z2m:mqtt: MQTT publish: topic 'zigbee2mqtt/Water Sensor 1', payload '{"battery":76,"battery_low":false,"linkquality":47,"tamper":false,"voltage":2800,"water_leak":false}'
[2025-08-12 08:55:33] info: 	z2m:mqtt: MQTT publish: topic 'zigbee2mqtt/Water Sensor 1', payload '{"battery":76,"battery_low":false,"linkquality":47,"tamper":false,"voltage":2800,"water_leak":false}'
[2025-08-12 08:55:35] info: 	z2m:mqtt: MQTT publish: topic 'zigbee2mqtt/Water Sensor 1', payload '{"battery":76,"battery_low":false,"linkquality":47,"tamper":false,"voltage":2800,"water_leak":false}'
[2025-08-12 08:55:35] info: 	z2m:mqtt: MQTT publish: topic 'zigbee2mqtt/Water Sensor 1', payload '{"battery":76,"battery_low":false,"linkquality":47,"tamper":false,"voltage":2800,"water_leak":false}'
[2025-08-12 08:55:35] info: 	z2m:mqtt: MQTT publish: topic 'zigbee2mqtt/Water Sensor 1', payload '{"battery":76,"battery_low":false,"linkquality":47,"tamper":false,"voltage":2800,"water_leak":false}'
[2025-08-12 08:55:35] info: 	z2m:mqtt: MQTT publish: topic 'zigbee2mqtt/Water Sensor 1', payload '{"battery":76,"battery_low":false,"linkquality":47,"tamper":false,"voltage":2800,"water_leak":false}'
[2025-08-12 08:55:35] info: 	z2m:mqtt: MQTT publish: topic 'zigbee2mqtt/Water Sensor 1', payload '{"battery":76,"battery_low":false,"linkquality":47,"tamper":false,"voltage":2800,"water_leak":false}'
[2025-08-12 08:55:35] info: 	z2m:mqtt: MQTT publish: topic 'zigbee2mqtt/Water Sensor 1', payload '{"battery":76,"battery_low":false,"linkquality":47,"tamper":false,"voltage":2800,"water_leak":false}'
[2025-08-12 08:55:35] info: 	z2m:mqtt: MQTT publish: topic 'zigbee2mqtt/Water Sensor 1', payload '{"battery":76,"battery_low":false,"linkquality":47,"tamper":false,"voltage":2800,"water_leak":false}'
[2025-08-12 08:55:35] info: 	z2m:mqtt: MQTT publish: topic 'zigbee2mqtt/Water Sensor 1', payload '{"battery":76,"battery_low":false,"linkquality":47,"tamper":false,"voltage":2800,"water_leak":false}'
[2025-08-12 08:55:35] info: 	z2m:mqtt: MQTT publish: topic 'zigbee2mqtt/Water Sensor 1', payload '{"battery":76,"battery_low":false,"linkquality":47,"tamper":false,"voltage":2800,"water_leak":false}'
[2025-08-12 08:55:35] info: 	z2m:mqtt: MQTT publish: topic 'zigbee2mqtt/Water Sensor 1', payload '{"battery":76,"battery_low":false,"linkquality":47,"tamper":false,"voltage":2800,"water_leak":false}'
[2025-08-12 08:55:35] info: 	z2m:mqtt: MQTT publish: topic 'zigbee2mqtt/Water Sensor 1', payload '{"battery":76,"battery_low":false,"linkquality":47,"tamper":false,"voltage":2800,"water_leak":false}'
[2025-08-12 08:55:35] info: 	z2m:mqtt: MQTT publish: topic 'zigbee2mqtt/Water Sensor 1', payload '{"battery":76,"battery_low":false,"linkquality":47,"tamper":false,"voltage":2800,"water_leak":false}'
[2025-08-12 08:55:35] info: 	z2m:mqtt: MQTT publish: topic 'zigbee2mqtt/Water Sensor 1', payload '{"battery":76,"battery_low":false,"linkquality":47,"tamper":false,"voltage":2800,"water_leak":false}'
[2025-08-12 08:55:35] info: 	z2m:mqtt: MQTT publish: topic 'zigbee2mqtt/Water Sensor 1', payload '{"battery":76,"battery_low":false,"linkquality":47,"tamper":false,"voltage":2800,"water_leak":false}'
[2025-08-12 08:55:35] info: 	z2m:mqtt: MQTT publish: topic 'zigbee2mqtt/Water Sensor 1', payload '{"battery":76,"battery_low":false,"linkquality":47,"tamper":false,"voltage":2800,"water_leak":false}'
[2025-08-12 08:55:41] info: 	z2m:mqtt: MQTT publish: topic 'zigbee2mqtt/Water Sensor 1', payload '{"battery":76,"battery_low":false,"linkquality":47,"tamper":false,"voltage":2800,"water_leak":false}'
[2025-08-12 08:55:41] info: 	z2m:mqtt: MQTT publish: topic 'zigbee2mqtt/Water Sensor 1', payload '{"battery":76,"battery_low":false,"linkquality":47,"tamper":false,"voltage":2800,"water_leak":false}'
[2025-08-12 08:55:41] info: 	z2m:mqtt: MQTT publish: topic 'zigbee2mqtt/Water Sensor 1', payload '{"battery":76,"battery_low":false,"linkquality":47,"tamper":false,"voltage":2800,"water_leak":false}'
[2025-08-12 08:55:41] info: 	z2m:mqtt: MQTT publish: topic 'zigbee2mqtt/Water Sensor 1', payload '{"battery":76,"battery_low":false,"linkquality":47,"tamper":false,"voltage":2800,"water_leak":false}'
[2025-08-12 08:55:41] info: 	z2m:mqtt: MQTT publish: topic 'zigbee2mqtt/Water Sensor 1', payload '{"battery":76,"battery_low":false,"linkquality":47,"tamper":false,"voltage":2800,"water_leak":false}'
[2025-08-12 08:55:41] info: 	z2m:mqtt: MQTT publish: topic 'zigbee2mqtt/Water Sensor 1', payload '{"battery":76,"battery_low":false,"linkquality":47,"tamper":false,"voltage":2800,"water_leak":false}'
[2025-08-12 08:55:41] info: 	z2m:mqtt: MQTT publish: topic 'zigbee2mqtt/Water Sensor 1', payload '{"battery":76,"battery_low":false,"linkquality":47,"tamper":false,"voltage":2800,"water_leak":false}'
[2025-08-12 08:55:41] info: 	z2m:mqtt: MQTT publish: topic 'zigbee2mqtt/Water Sensor 1', payload '{"battery":76,"battery_low":false,"linkquality":47,"tamper":false,"voltage":2800,"water_leak":false}'
[2025-08-12 08:55:41] info: 	z2m:mqtt: MQTT publish: topic 'zigbee2mqtt/Water Sensor 1', payload '{"battery":76,"battery_low":false,"linkquality":47,"tamper":false,"voltage":2800,"water_leak":false}'
[2025-08-12 08:55:41] info: 	z2m:mqtt: MQTT publish: topic 'zigbee2mqtt/Water Sensor 1', payload '{"battery":76,"battery_low":false,"linkquality":47,"tamper":false,"voltage":2800,"water_leak":false}'
[2025-08-12 08:55:41] info: 	z2m:mqtt: MQTT publish: topic 'zigbee2mqtt/Water Sensor 1', payload '{"battery":76,"battery_low":false,"linkquality":47,"tamper":false,"voltage":2800,"water_leak":false}'
[2025-08-12 08:55:41] info: 	z2m:mqtt: MQTT publish: topic 'zigbee2mqtt/Water Sensor 1', payload '{"battery":76,"battery_low":false,"linkquality":47,"tamper":false,"voltage":2800,"water_leak":false}'
[2025-08-12 08:55:41] info: 	z2m:mqtt: MQTT publish: topic 'zigbee2mqtt/Water Sensor 1', payload '{"battery":76,"battery_low":false,"linkquality":47,"tamper":false,"voltage":2800,"water_leak":false}'
[2025-08-12 08:55:41] info: 	z2m:mqtt: MQTT publish: topic 'zigbee2mqtt/Water Sensor 1', payload '{"battery":76,"battery_low":false,"linkquality":47,"tamper":false,"voltage":2800,"water_leak":false}'
[2025-08-12 08:55:51] info: 	z2m:mqtt: MQTT publish: topic 'zigbee2mqtt/Alarm Keypad', payload '{"action_code":null,"action_transaction":null,"action_zone":null,"battery":100,"battery_low":false,"linkquality":47,"tamper":false,"update":{"installed_version":131077,"latest_version":131077,"state":"idle"},"voltage":5700}'
[2025-08-12 08:55:51] error: 	z2m: Failed to configure 'Water Sensor 1', attempt 1 (Error: ZCL command 0x5c0272fffebb9cde/1 genPowerCfg.configReport([{"attribute":"batteryPercentageRemaining","minimumReportInterval":3600,"maximumReportInterval":65000,"reportableChange":0}], {"timeout":10000,"disableResponse":false,"disableRecovery":false,"disableDefaultResponse":true,"direction":0,"reservedBits":0,"writeUndiv":false}) failed (Timeout - 42265 - 1 - 13 - 1 - 7 after 10000ms)
    at Object.start (/app/node_modules/.pnpm/zigbee-herdsman@5.0.4/node_modules/zigbee-herdsman/src/utils/waitress.ts:68:23)
    at ZStackAdapter.sendZclFrameToEndpointInternal (/app/node_modules/.pnpm/zigbee-herdsman@5.0.4/node_modules/zigbee-herdsman/src/adapter/z-stack/adapter/zStackAdapter.ts:659:47)
    at processTicksAndRejections (node:internal/process/task_queues:105:5)
    at ZStackAdapter.sendZclFrameToEndpointInternal (/app/node_modules/.pnpm/zigbee-herdsman@5.0.4/node_modules/zigbee-herdsman/src/adapter/z-stack/adapter/zStackAdapter.ts:691:28)
    at /app/node_modules/.pnpm/zigbee-herdsman@5.0.4/node_modules/zigbee-herdsman/src/adapter/z-stack/adapter/zStackAdapter.ts:439:20
    at Queue.execute (/app/node_modules/.pnpm/zigbee-herdsman@5.0.4/node_modules/zigbee-herdsman/src/utils/queue.ts:36:20)
    at ZStackAdapter.sendZclFrameToEndpoint (/app/node_modules/.pnpm/zigbee-herdsman@5.0.4/node_modules/zigbee-herdsman/src/adapter/z-stack/adapter/zStackAdapter.ts:437:16)
    at Request.send (/app/node_modules/.pnpm/zigbee-herdsman@5.0.4/node_modules/zigbee-herdsman/src/controller/helpers/request.ts:86:20)
    at Endpoint.sendRequest (/app/node_modules/.pnpm/zigbee-herdsman@5.0.4/node_modules/zigbee-herdsman/src/controller/model/endpoint.ts:347:20)
    at Endpoint.zclCommand (/app/node_modules/.pnpm/zigbee-herdsman@5.0.4/node_modules/zigbee-herdsman/src/controller/model/endpoint.ts:1000:28))
[2025-08-12 08:57:39] info: 	z2m:mqtt: MQTT publish: topic 'zigbee2mqtt/Philips Backyard Sensor', payload '{"battery":37.5,"illuminance":364,"led_indication":true,"linkquality":87,"motion_sensitivity":"high","occupancy":false,"occupancy_timeout":60,"temperature":28.02,"update":{"installed_version":1124102917,"latest_version":1124102917,"state":"idle"}}'
[2025-08-12 08:58:05] info: 	z2m:mqtt: MQTT publish: topic 'zigbee2mqtt/Button 4 - Movie', payload '{"battery":90,"identify":null,"linkquality":43,"update":{"installed_version":604241926,"latest_version":604241926,"state":"idle"}}'
[2025-08-12 08:58:05] info: 	z2m:mqtt: MQTT publish: topic 'zigbee2mqtt/Smart Plug Z1', payload '{"child_lock":"UNLOCK","countdown":0,"current":0,"energy":16.74,"indicator_mode":"off/on","linkquality":120,"power":0,"power_outage_memory":"off","state":"OFF","update":{"installed_version":192,"latest_version":192,"state":"idle"},"voltage":232}'
[2025-08-12 08:58:05] info: 	z2m:mqtt: MQTT publish: topic 'zigbee2mqtt/Button 3', payload '{"battery":90,"identify":null,"linkquality":0,"update":{"installed_version":604241926,"latest_version":604241926,"state":"idle"}}'
[2025-08-12 08:58:05] info: 	z2m:mqtt: MQTT publish: topic 'zigbee2mqtt/Button 2 - Chandelier', payload '{"battery":90,"identify":null,"linkquality":25,"update":{"installed_version":604241926,"latest_version":604241926,"state":"idle"}}'
[2025-08-12 08:58:05] info: 	z2m:mqtt: MQTT publish: topic 'zigbee2mqtt/Button 1', payload '{"battery":1,"identify":null,"linkquality":3,"update":{"installed_version":604241926,"latest_version":604241926,"state":"idle"}}'
[2025-08-12 08:58:05] info: 	z2m:mqtt: MQTT publish: topic 'zigbee2mqtt/Cube', payload '{"action_angle":null,"action_from_side":null,"battery":100,"current":0,"linkquality":105,"operation_mode":"action_mode","power":2,"power_outage_count":159,"side":2,"update":{"installed_version":-1,"latest_version":-1,"state":null},"voltage":3067}'
[2025-08-12 08:58:05] info: 	z2m:mqtt: MQTT publish: topic 'zigbee2mqtt/Philips Backyard Sensor', payload '{"battery":37.5,"illuminance":364,"led_indication":true,"linkquality":87,"motion_sensitivity":"high","occupancy":false,"occupancy_timeout":60,"temperature":28.02,"update":{"installed_version":1124102917,"latest_version":1124102917,"state":"idle"}}'
[2025-08-12 08:58:05] info: 	z2m:mqtt: MQTT publish: topic 'zigbee2mqtt/Water Sensor 1', payload '{"battery":76,"battery_low":false,"linkquality":47,"tamper":false,"voltage":2800,"water_leak":false}'
[2025-08-12 08:58:05] info: 	z2m:mqtt: MQTT publish: topic 'zigbee2mqtt/Alarm Keypad', payload '{"action_code":null,"action_transaction":null,"action_zone":null,"battery":100,"battery_low":false,"linkquality":47,"tamper":false,"update":{"installed_version":131077,"latest_version":131077,"state":"idle"},"voltage":5700}'
[2025-08-12 08:58:05] info: 	z2m:mqtt: MQTT publish: topic 'zigbee2mqtt/Alarm Repeater', payload '{"alarm_1":false,"alarm_2":false,"battery":null,"battery_low":true,"linkquality":47,"state":null,"tamper":false}'
[2025-08-12 08:58:05] info: 	z2m:mqtt: MQTT publish: topic 'zigbee2mqtt/Alarm Siren', payload '{"ac_status":true,"alarm":false,"battery":null,"battery_low":true,"enrolled":true,"ias_cie_address":"0x00124b002e0e1c5f","linkquality":65,"max_duration":10,"restore_reports":true,"supervision_reports":true,"tamper":false,"temperature":null,"test":false,"voltage":null,"zone_id":23}'
[2025-08-12 08:59:09] info: 	z2m:mqtt: MQTT publish: topic 'zigbee2mqtt/Philips Backyard Sensor', payload '{"battery":37.5,"illuminance":373,"led_indication":true,"linkquality":87,"motion_sensitivity":"high","occupancy":false,"occupancy_timeout":60,"temperature":28.02,"update":{"installed_version":1124102917,"latest_version":1124102917,"state":"idle"}}'
