[2024-05-03 10:43:12] info: 	z2m: Logging to console, file (filename: log.log)
[2024-05-03 10:43:17] info: 	z2m: Starting Zigbee2MQTT version 1.37.0 (commit #unknown)
[2024-05-03 10:43:17] info: 	z2m: Starting zigbee-herdsman (0.45.0)
[2024-05-03 10:43:18] info: 	zh:zstack:znp: Opening TCP socket with 192.168.87.68:6638
[2024-05-03 10:43:18] info: 	zh:zstack:znp: Socket connected
[2024-05-03 10:43:18] info: 	zh:zstack:znp: Socket ready
[2024-05-03 10:43:18] info: 	zh:zstack:znp: Writing CC2530/CC2531 skip bootloader payload
[2024-05-03 10:43:19] info: 	zh:zstack:znp: Skip bootloader for CC2652/CC1352
[2024-05-03 10:43:20] info: 	z2m: zigbee-herdsman started (resumed)
[2024-05-03 10:43:20] info: 	z2m: Coordinator firmware version: '{"meta":{"maintrel":1,"majorrel":2,"minorrel":7,"product":1,"revision":20230507,"transportrev":2},"type":"zStack3x0"}'
[2024-05-03 10:43:20] info: 	z2m: Set transmit power to '20'
[2024-05-03 10:43:20] info: 	z2m: Currently 8 devices are joined:
[2024-05-03 10:43:20] info: 	z2m: Button 4 - Movie (0xb4e3f9fffe249e15): E1812 - IKEA TRADFRI shortcut button (EndDevice)
[2024-05-03 10:43:20] info: 	z2m: Smart Plug Z1 (0xa4c13812921dddfd): A1Z - Nous Smart plug (with power monitoring) (Router)
[2024-05-03 10:43:20] info: 	z2m: Button 3 (0xb4e3f9fffe753317): E1812 - IKEA TRADFRI shortcut button (EndDevice)
[2024-05-03 10:43:20] info: 	z2m: Button 2 - Chandelier (0x04cd15fffe7ff98b): E1812 - IKEA TRADFRI shortcut button (EndDevice)
[2024-05-03 10:43:20] info: 	z2m: Button 1 (0x04cd15fffe268dcc): E1812 - IKEA TRADFRI shortcut button (EndDevice)
[2024-05-03 10:43:20] info: 	z2m: Cube (0x54ef4410006a43c7): CTP-R01 - Aqara Cube T1 Pro (EndDevice)
[2024-05-03 10:43:20] info: 	z2m: Philips Backyard Sensor (0x001788010649a073): 9290019758 - Philips Hue motion outdoor sensor (EndDevice)
[2024-05-03 10:43:20] info: 	z2m: Water Sensor 1 (0x5c0272fffebb9cde): TS0207_water_leak_detector_3 - TuYa Zigbee water leak sensor (EndDevice)
[2024-05-03 10:43:20] info: 	z2m: Zigbee: disabling joining new devices.
[2024-05-03 10:43:20] info: 	z2m: Connecting to MQTT server at mqtt://core-mosquitto:1883
[2024-05-03 10:43:20] info: 	z2m: Connected to MQTT server
[2024-05-03 10:43:21] info: 	z2m: Started frontend on port 8099
[2024-05-03 10:43:21] info: 	z2m: Zigbee2MQTT started!
[2024-05-03 12:41:17] error: 	zh:controller:device: Default response to 0xa4c13812921dddfd failed
[2024-05-03 13:16:10] info: 	z2m: Configuring 'Water Sensor 1'
[2024-05-03 13:16:36] error: 	z2m: Failed to configure 'Water Sensor 1', attempt 1 (Error: ZCL command 0x5c0272fffebb9cde/1 genPowerCfg.configReport([{"attribute":"batteryPercentageRemaining","minimumReportInterval":3600,"maximumReportInterval":65000,"reportableChange":0}], {"timeout":10000,"disableResponse":false,"disableRecovery":false,"disableDefaultResponse":true,"direction":0,"srcEndpoint":null,"reservedBits":0,"manufacturerCode":null,"transactionSequenceNumber":null,"writeUndiv":false}) failed (Timeout - 42265 - 1 - 4 - 1 - 7 after 10000ms)
    at Object.start (/app/node_modules/zigbee-herdsman/src/utils/waitress.ts:63:23)
    at ZStackAdapter.sendZclFrameToEndpointInternal (/app/node_modules/zigbee-herdsman/src/adapter/z-stack/adapter/zStackAdapter.ts:498:47)
    at processTicksAndRejections (node:internal/process/task_queues:95:5)
    at Queue.execute (/app/node_modules/zigbee-herdsman/src/utils/queue.ts:35:20)
    at Request.send (/app/node_modules/zigbee-herdsman/src/controller/helpers/request.ts:79:20)
    at Endpoint.zclCommand (/app/node_modules/zigbee-herdsman/src/controller/model/endpoint.ts:766:28)
    at Endpoint.configureReporting (/app/node_modules/zigbee-herdsman/src/controller/model/endpoint.ts:556:9)
    at Object.batteryPercentageRemaining (/app/node_modules/zigbee-herdsman-converters/src/lib/reporting.ts:59:5)
    at Object.configure (/app/node_modules/zigbee-herdsman-converters/src/devices/tuya.ts:1706:13)
    at Configure.configure (/app/lib/extension/configure.ts:121:13))
[2024-05-03 13:30:38] error: 	zh:controller:device: Default response to 0xa4c13812921dddfd failed
[2024-05-03 13:31:41] error: 	zh:controller:device: Default response to 0xa4c13812921dddfd failed
[2024-05-03 14:09:29] error: 	zh:controller:device: Default response to 0x001788010649a073 failed
[2024-05-03 14:29:26] error: 	zh:controller:device: Default response to 0x001788010649a073 failed
[2024-05-03 14:53:35] error: 	zh:controller:device: Default response to 0x001788010649a073 failed
[2024-05-03 14:59:53] error: 	zh:controller:device: Default response to 0x001788010649a073 failed
[2024-05-03 15:21:56] error: 	zh:controller:device: Default response to 0xa4c13812921dddfd failed
[2024-05-03 15:50:17] error: 	zh:controller:device: Default response to 0x001788010649a073 failed
[2024-05-03 16:37:32] error: 	zh:controller:device: Default response to 0x001788010649a073 failed
[2024-05-03 16:40:41] error: 	zh:controller:device: Default response to 0xa4c13812921dddfd failed
[2024-05-03 17:24:16] info: 	z2m: Configuring 'Water Sensor 1'
[2024-05-03 17:24:40] error: 	z2m: Failed to configure 'Water Sensor 1', attempt 2 (Error: ZCL command 0x5c0272fffebb9cde/1 genPowerCfg.configReport([{"attribute":"batteryPercentageRemaining","minimumReportInterval":3600,"maximumReportInterval":65000,"reportableChange":0}], {"timeout":10000,"disableResponse":false,"disableRecovery":false,"disableDefaultResponse":true,"direction":0,"srcEndpoint":null,"reservedBits":0,"manufacturerCode":null,"transactionSequenceNumber":null,"writeUndiv":false}) failed (Timeout - 42265 - 1 - 6 - 1 - 7 after 10000ms)
    at Object.start (/app/node_modules/zigbee-herdsman/src/utils/waitress.ts:63:23)
    at ZStackAdapter.sendZclFrameToEndpointInternal (/app/node_modules/zigbee-herdsman/src/adapter/z-stack/adapter/zStackAdapter.ts:498:47)
    at processTicksAndRejections (node:internal/process/task_queues:95:5)
    at Queue.execute (/app/node_modules/zigbee-herdsman/src/utils/queue.ts:35:20)
    at Request.send (/app/node_modules/zigbee-herdsman/src/controller/helpers/request.ts:79:20)
    at Endpoint.zclCommand (/app/node_modules/zigbee-herdsman/src/controller/model/endpoint.ts:766:28)
    at Endpoint.configureReporting (/app/node_modules/zigbee-herdsman/src/controller/model/endpoint.ts:556:9)
    at Object.batteryPercentageRemaining (/app/node_modules/zigbee-herdsman-converters/src/lib/reporting.ts:59:5)
    at Object.configure (/app/node_modules/zigbee-herdsman-converters/src/devices/tuya.ts:1706:13)
    at Configure.configure (/app/lib/extension/configure.ts:121:13))
[2024-05-03 18:09:56] error: 	zh:controller:device: Default response to 0x001788010649a073 failed
[2024-05-03 19:13:59] error: 	zh:controller:device: Default response to 0xa4c13812921dddfd failed
[2024-05-03 19:44:26] error: 	zh:controller:device: Default response to 0xa4c13812921dddfd failed
[2024-05-03 20:01:14] error: 	zh:controller:device: Default response to 0xa4c13812921dddfd failed
[2024-05-03 20:06:29] error: 	zh:controller:device: Default response to 0xa4c13812921dddfd failed
[2024-05-03 20:30:38] error: 	zh:controller:device: Default response to 0xa4c13812921dddfd failed
[2024-05-03 20:56:54] error: 	zh:controller:device: Default response to 0xa4c13812921dddfd failed
[2024-05-03 21:10:33] error: 	zh:controller:device: Default response to 0xa4c13812921dddfd failed
[2024-05-03 21:32:21] info: 	z2m: Configuring 'Water Sensor 1'
[2024-05-03 21:32:46] error: 	z2m: Failed to configure 'Water Sensor 1', attempt 3 (Error: ZCL command 0x5c0272fffebb9cde/1 genPowerCfg.configReport([{"attribute":"batteryPercentageRemaining","minimumReportInterval":3600,"maximumReportInterval":65000,"reportableChange":0}], {"timeout":10000,"disableResponse":false,"disableRecovery":false,"disableDefaultResponse":true,"direction":0,"srcEndpoint":null,"reservedBits":0,"manufacturerCode":null,"transactionSequenceNumber":null,"writeUndiv":false}) failed (Timeout - 42265 - 1 - 7 - 1 - 7 after 10000ms)
    at Object.start (/app/node_modules/zigbee-herdsman/src/utils/waitress.ts:63:23)
    at ZStackAdapter.sendZclFrameToEndpointInternal (/app/node_modules/zigbee-herdsman/src/adapter/z-stack/adapter/zStackAdapter.ts:498:47)
    at processTicksAndRejections (node:internal/process/task_queues:95:5)
    at Queue.execute (/app/node_modules/zigbee-herdsman/src/utils/queue.ts:35:20)
    at Request.send (/app/node_modules/zigbee-herdsman/src/controller/helpers/request.ts:79:20)
    at Endpoint.zclCommand (/app/node_modules/zigbee-herdsman/src/controller/model/endpoint.ts:766:28)
    at Endpoint.configureReporting (/app/node_modules/zigbee-herdsman/src/controller/model/endpoint.ts:556:9)
    at Object.batteryPercentageRemaining (/app/node_modules/zigbee-herdsman-converters/src/lib/reporting.ts:59:5)
    at Object.configure (/app/node_modules/zigbee-herdsman-converters/src/devices/tuya.ts:1706:13)
    at Configure.configure (/app/lib/extension/configure.ts:121:13))
[2024-05-03 23:07:06] error: 	zh:controller:device: Default response to 0xa4c13812921dddfd failed
[2024-05-03 23:39:39] error: 	zh:controller:device: Default response to 0x001788010649a073 failed
[2024-05-04 00:57:21] error: 	zh:controller:device: Default response to 0xa4c13812921dddfd failed
[2024-05-04 01:05:45] error: 	zh:controller:device: Default response to 0xa4c13812921dddfd failed
[2024-05-04 03:36:57] error: 	zh:controller:device: Read response to 0xa4c13812921dddfd failed
[2024-05-04 03:40:06] error: 	zh:controller:device: Default response to 0xa4c13812921dddfd failed
[2024-05-04 04:13:42] error: 	zh:controller:device: Default response to 0xa4c13812921dddfd failed
[2024-05-04 05:04:06] error: 	zh:controller:device: Default response to 0xa4c13812921dddfd failed
[2024-05-04 05:30:21] error: 	zh:controller:device: Default response to 0xa4c13812921dddfd failed
[2024-05-04 08:18:22] error: 	zh:controller:device: Default response to 0xa4c13812921dddfd failed
[2024-05-04 10:09:40] error: 	zh:controller:device: Default response to 0x001788010649a073 failed
[2024-05-04 10:32:46] error: 	zh:controller:device: Default response to 0xa4c13812921dddfd failed
[2024-05-04 10:43:36] info: 	zh:controller: Wrote coordinator backup to '/config/zigbee2mqtt/coordinator_backup.json'
[2024-05-04 10:54:49] error: 	zh:controller:device: Default response to 0x001788010649a073 failed
[2024-05-04 10:55:52] error: 	zh:controller:device: Default response to 0x001788010649a073 failed
[2024-05-04 11:18:58] error: 	zh:controller:device: Default response to 0xa4c13812921dddfd failed
[2024-05-04 11:44:10] error: 	zh:controller:device: Default response to 0x001788010649a073 failed
[2024-05-04 11:50:28] error: 	zh:controller:device: Default response to 0x001788010649a073 failed
[2024-05-04 12:21:58] error: 	zh:controller:device: Default response to 0xa4c13812921dddfd failed
[2024-05-04 13:13:25] error: 	zh:controller:device: Default response to 0xa4c13812921dddfd failed
[2024-05-04 13:37:34] error: 	zh:controller:device: Default response to 0x001788010649a073 failed
[2024-05-04 13:49:07] error: 	zh:controller:device: Default response to 0xa4c13812921dddfd failed
[2024-05-04 14:04:52] error: 	zh:controller:device: Default response to 0x5c0272fffebb9cde failed
[2024-05-04 14:10:07] error: 	zh:controller:device: Default response to 0x001788010649a073 failed
[2024-05-04 14:57:23] error: 	zh:controller:device: Default response to 0x001788010649a073 failed
[2024-05-04 15:13:08] error: 	zh:controller:device: Default response to 0x001788010649a073 failed
[2024-05-04 15:14:11] error: 	zh:controller:device: Default response to 0x001788010649a073 failed
[2024-05-04 15:34:08] error: 	zh:controller:device: Default response to 0x001788010649a073 failed
[2024-05-04 16:12:59] error: 	zh:controller:device: Default response to 0x001788010649a073 failed
[2024-05-04 17:25:26] error: 	zh:controller:device: Default response to 0x001788010649a073 failed
[2024-05-04 17:39:05] error: 	zh:controller:device: Default response to 0xa4c13812921dddfd failed
[2024-05-04 22:54:05] error: 	zh:controller:device: Default response to 0xa4c13812921dddfd failed
[2024-05-04 23:19:17] error: 	zh:controller:device: Default response to 0xa4c13812921dddfd failed
[2024-05-04 23:56:03] error: 	zh:controller:device: Default response to 0xa4c13812921dddfd failed
[2024-05-05 01:03:15] error: 	zh:controller:device: Default response to 0xa4c13812921dddfd failed
[2024-05-05 01:08:30] error: 	zh:controller:device: Default response to 0xa4c13812921dddfd failed
[2024-05-05 01:27:24] error: 	zh:controller:device: Default response to 0xa4c13812921dddfd failed
[2024-05-05 02:44:03] error: 	zh:controller:device: Default response to 0xa4c13812921dddfd failed
[2024-05-05 03:21:51] error: 	zh:controller:device: Default response to 0xa4c13812921dddfd failed
[2024-05-05 03:27:06] error: 	zh:controller:device: Default response to 0xa4c13812921dddfd failed
[2024-05-05 05:12:06] error: 	zh:controller:device: Default response to 0xa4c13812921dddfd failed
[2024-05-05 05:25:45] error: 	zh:controller:device: Default response to 0xa4c13812921dddfd failed
[2024-05-05 05:54:06] error: 	zh:controller:device: Default response to 0xa4c13812921dddfd failed
[2024-05-05 05:58:18] error: 	zh:controller:device: Default response to 0xa4c13812921dddfd failed
[2024-05-05 08:38:57] error: 	zh:controller:device: Default response to 0x001788010649a073 failed
[2024-05-05 08:51:34] error: 	zh:controller:device: Default response to 0x001788010649a073 failed
[2024-05-05 09:38:49] error: 	zh:controller:device: Default response to 0xa4c13812921dddfd failed
[2024-05-05 09:46:10] error: 	zh:controller:device: Default response to 0x001788010649a073 failed
[2024-05-05 10:20:49] error: 	zh:controller:device: Default response to 0xa4c13812921dddfd failed
[2024-05-05 10:34:28] error: 	zh:controller:device: Default response to 0x001788010649a073 failed
[2024-05-05 10:43:36] info: 	zh:controller: Wrote coordinator backup to '/config/zigbee2mqtt/coordinator_backup.json'
[2024-05-05 10:47:04] error: 	zh:controller:device: Default response to 0x001788010649a073 failed
[2024-05-05 11:00:43] error: 	zh:controller:device: Default response to 0x001788010649a073 failed
[2024-05-05 11:09:07] error: 	zh:controller:device: Default response to 0x001788010649a073 failed
[2024-05-05 11:44:49] error: 	zh:controller:device: Default response to 0xa4c13812921dddfd failed
[2024-05-05 11:57:25] error: 	zh:controller:device: Default response to 0xa4c13812921dddfd failed
[2024-05-05 12:14:13] error: 	zh:controller:device: Default response to 0xa4c13812921dddfd failed
[2024-05-05 13:45:34] error: 	zh:controller:device: Default response to 0xa4c13812921dddfd failed
[2024-05-05 13:47:40] error: 	zh:controller:device: Default response to 0x001788010649a073 failed
[2024-05-05 15:25:19] error: 	zh:controller:device: Default response to 0x001788010649a073 failed
[2024-05-05 16:18:52] error: 	zh:controller:device: Default response to 0x001788010649a073 failed
[2024-05-05 16:25:10] error: 	zh:controller:device: Default response to 0x001788010649a073 failed
[2024-05-05 16:31:28] error: 	zh:controller:device: Default response to 0x001788010649a073 failed
[2024-05-05 16:32:31] error: 	zh:controller:device: Default response to 0x001788010649a073 failed
[2024-05-05 16:45:07] error: 	zh:controller:device: Default response to 0xa4c13812921dddfd failed
[2024-05-05 17:56:32] error: 	zh:controller:device: Default response to 0x001788010649a073 failed
[2024-05-05 19:01:38] error: 	zh:controller:device: Default response to 0xa4c13812921dddfd failed
[2024-05-05 19:17:23] error: 	zh:controller:device: Default response to 0xa4c13812921dddfd failed
[2024-05-05 21:49:38] error: 	zh:controller:device: Default response to 0xa4c13812921dddfd failed
[2024-05-05 22:41:05] error: 	zh:controller:device: Default response to 0x001788010649a073 failed
[2024-05-05 23:51:26] error: 	zh:controller:device: Default response to 0xa4c13812921dddfd failed
[2024-05-06 00:02:59] error: 	zh:controller:device: Default response to 0xa4c13812921dddfd failed
[2024-05-06 00:28:11] error: 	zh:controller:device: Default response to 0xa4c13812921dddfd failed
[2024-05-06 02:22:38] error: 	zh:controller:device: Default response to 0xa4c13812921dddfd failed
[2024-05-06 02:23:41] error: 	zh:controller:device: Default response to 0xa4c13812921dddfd failed
[2024-05-06 04:28:39] error: 	zh:controller:device: Default response to 0xa4c13812921dddfd failed
[2024-05-06 05:27:27] error: 	zh:controller:device: Default response to 0xa4c13812921dddfd failed
[2024-05-06 05:46:21] error: 	zh:controller:device: Default response to 0xa4c13812921dddfd failed
[2024-05-06 06:46:12] error: 	zh:controller:device: Default response to 0xa4c13812921dddfd failed
[2024-05-06 07:10:21] error: 	zh:controller:device: Default response to 0x001788010649a073 failed
[2024-05-06 09:31:03] error: 	zh:controller:device: Default response to 0xa4c13812921dddfd failed
[2024-05-06 09:34:12] error: 	zh:controller:device: Default response to 0x001788010649a073 failed
[2024-05-06 10:02:33] error: 	zh:controller:device: Default response to 0x001788010649a073 failed
[2024-05-06 10:14:06] error: 	zh:controller:device: Default response to 0x001788010649a073 failed
[2024-05-06 10:15:09] error: 	zh:controller:device: Default response to 0xa4c13812921dddfd failed
[2024-05-06 10:43:39] info: 	zh:controller: Wrote coordinator backup to '/config/zigbee2mqtt/coordinator_backup.json'
[2024-05-06 11:02:24] error: 	zh:controller:device: Default response to 0xa4c13812921dddfd failed
[2024-05-06 11:34:57] error: 	zh:controller:device: Default response to 0x001788010649a073 failed
[2024-05-06 11:54:55] error: 	zh:controller:device: Default response to 0x001788010649a073 failed
[2024-05-06 12:00:10] error: 	zh:controller:device: Default response to 0x001788010649a073 failed
[2024-05-06 12:15:55] error: 	zh:controller:device: Default response to 0xa4c13812921dddfd failed
[2024-05-06 12:27:28] error: 	zh:controller:device: Default response to 0xa4c13812921dddfd failed
[2024-05-06 12:57:55] error: 	zh:controller:device: Default response to 0xa4c13812921dddfd failed
[2024-05-06 13:59:52] error: 	zh:controller:device: Default response to 0x001788010649a073 failed
[2024-05-06 14:00:55] error: 	zh:controller:device: Read response to 0xa4c13812921dddfd failed
[2024-05-06 15:28:04] error: 	zh:controller:device: Default response to 0xa4c13812921dddfd failed
[2024-05-06 15:33:19] error: 	zh:controller:device: Default response to 0xa4c13812921dddfd failed
[2024-05-06 16:41:34] error: 	zh:controller:device: Default response to 0x001788010649a073 failed
[2024-05-06 16:46:49] error: 	zh:controller:device: Default response to 0xa4c13812921dddfd failed
[2024-05-06 16:52:04] error: 	zh:controller:device: Default response to 0x001788010649a073 failed
[2024-05-06 17:12:01] error: 	zh:controller:device: Default response to 0x001788010649a073 failed
[2024-05-06 17:13:04] error: 	zh:controller:device: Default response to 0xa4c13812921dddfd failed
[2024-05-06 18:29:43] error: 	zh:controller:device: Default response to 0x001788010649a073 failed
[2024-05-06 18:33:55] error: 	zh:controller:device: Default response to 0x001788010649a073 failed
[2024-05-06 19:06:25] error: 	zh:controller:device: Default response to 0xa4c13812921dddfd failed
[2024-05-06 19:41:07] error: 	zh:controller:device: Default response to 0x001788010649a073 failed
[2024-05-07 01:39:11] error: 	zh:controller:device: Default response to 0xa4c13812921dddfd failed
[2024-05-07 02:16:59] error: 	zh:controller:device: Default response to 0xa4c13812921dddfd failed
[2024-05-07 03:39:56] error: 	zh:controller:device: Default response to 0xa4c13812921dddfd failed
[2024-05-07 05:48:03] error: 	zh:controller:device: Default response to 0xa4c13812921dddfd failed
[2024-05-07 06:45:48] error: 	zh:controller:device: Default response to 0xa4c13812921dddfd failed
[2024-05-07 07:18:21] error: 	zh:controller:device: Default response to 0x001788010649a073 failed
[2024-05-07 07:21:30] error: 	zh:controller:device: Default response to 0xa4c13812921dddfd failed
[2024-05-07 09:08:36] error: 	zh:controller:device: Default response to 0x001788010649a073 failed
[2024-05-07 10:43:36] info: 	zh:controller: Wrote coordinator backup to '/config/zigbee2mqtt/coordinator_backup.json'
[2024-05-07 10:51:30] error: 	zh:controller:device: Default response to 0x001788010649a073 failed
[2024-05-07 11:03:03] error: 	zh:controller:device: Default response to 0x001788010649a073 failed
[2024-05-07 11:36:39] error: 	zh:controller:device: Default response to 0x001788010649a073 failed
[2024-05-07 11:56:36] error: 	zh:controller:device: Default response to 0x001788010649a073 failed
[2024-05-07 12:15:30] error: 	zh:controller:device: Default response to 0xa4c13812921dddfd failed
[2024-05-07 12:24:57] error: 	zh:controller:device: Default response to 0x001788010649a073 failed
[2024-05-07 12:41:45] error: 	zh:controller:device: Default response to 0x001788010649a073 failed
[2024-05-07 13:05:54] error: 	zh:controller:device: Default response to 0xa4c13812921dddfd failed
[2024-05-07 13:14:18] error: 	zh:controller:device: Default response to 0xa4c13812921dddfd failed
[2024-05-07 14:06:48] error: 	zh:controller:device: Default response to 0xa4c13812921dddfd failed
[2024-05-07 14:15:12] error: 	zh:controller:device: Default response to 0xa4c13812921dddfd failed
[2024-05-07 14:20:28] error: 	zh:controller:device: Default response to 0xa4c13812921dddfd failed
[2024-05-07 14:34:07] error: 	zh:controller:device: Default response to 0xa4c13812921dddfd failed
[2024-05-07 15:12:58] error: 	zh:controller:device: Default response to 0xa4c13812921dddfd failed
[2024-05-07 16:15:58] error: 	zh:controller:device: Default response to 0xa4c13812921dddfd failed
[2024-05-07 16:17:01] error: 	zh:controller:device: Default response to 0xa4c13812921dddfd failed
[2024-05-07 16:41:10] error: 	zh:controller:device: Default response to 0x001788010649a073 failed
[2024-05-07 16:51:40] error: 	zh:controller:device: Default response to 0xa4c13812921dddfd failed
[2024-05-07 17:20:01] error: 	zh:controller:device: Default response to 0xa4c13812921dddfd failed
[2024-05-07 17:35:46] error: 	zh:controller:device: Default response to 0x001788010649a073 failed
[2024-05-07 18:02:01] error: 	zh:controller:device: Default response to 0xa4c13812921dddfd failed
[2024-05-07 18:20:55] error: 	zh:controller:device: Default response to 0xa4c13812921dddfd failed
[2024-05-07 19:03:58] error: 	zh:controller:device: Default response to 0xa4c13812921dddfd failed
[2024-05-07 19:19:43] error: 	zh:controller:device: Default response to 0xa4c13812921dddfd failed
[2024-05-07 19:23:55] error: 	zh:controller:device: Default response to 0xa4c13812921dddfd failed
[2024-05-07 21:46:43] error: 	zh:controller:device: Default response to 0xa4c13812921dddfd failed
[2024-05-08 02:16:35] error: 	zh:controller:device: Default response to 0xa4c13812921dddfd failed
[2024-05-08 02:35:29] error: 	zh:controller:device: Default response to 0xa4c13812921dddfd failed
[2024-05-08 02:57:32] error: 	zh:controller:device: Default response to 0xa4c13812921dddfd failed
[2024-05-08 03:16:26] error: 	zh:controller:device: Default response to 0xa4c13812921dddfd failed
[2024-05-08 04:39:23] error: 	zh:controller:device: Default response to 0xa4c13812921dddfd failed
[2024-05-08 06:26:29] error: 	zh:controller:device: Default response to 0xa4c13812921dddfd failed
[2024-05-08 06:31:44] error: 	zh:controller:device: Default response to 0xa4c13812921dddfd failed
[2024-05-08 07:26:20] error: 	zh:controller:device: Default response to 0xa4c13812921dddfd failed
[2024-05-08 08:06:15] error: 	zh:controller:device: Default response to 0xa4c13812921dddfd failed
[2024-05-08 08:11:30] error: 	zh:controller:device: Default response to 0xa4c13812921dddfd failed
[2024-05-08 08:13:36] error: 	zh:controller:device: Default response to 0xa4c13812921dddfd failed
[2024-05-08 08:57:42] error: 	zh:controller:device: Default response to 0xa4c13812921dddfd failed
[2024-05-08 10:03:51] error: 	zh:controller:device: Default response to 0xa4c13812921dddfd failed
[2024-05-08 10:43:40] info: 	zh:controller: Wrote coordinator backup to '/config/zigbee2mqtt/coordinator_backup.json'
[2024-05-08 12:44:30] error: 	zh:controller:device: Default response to 0xa4c13812921dddfd failed
[2024-05-08 14:07:27] error: 	zh:controller:device: Default response to 0xa4c13812921dddfd failed
[2024-05-08 14:08:30] error: 	zh:controller:device: Default response to 0x001788010649a073 failed
[2024-05-08 14:12:42] error: 	zh:controller:device: Default response to 0xa4c13812921dddfd failed
[2024-05-08 14:36:51] error: 	zh:controller:device: Default response to 0xa4c13812921dddfd failed
[2024-05-08 14:46:18] error: 	zh:controller:device: Default response to 0x001788010649a073 failed
[2024-05-08 15:33:33] error: 	zh:controller:device: Default response to 0xa4c13812921dddfd failed
[2024-05-08 15:50:21] error: 	zh:controller:device: Default response to 0xa4c13812921dddfd failed
[2024-05-08 15:58:45] error: 	zh:controller:device: Default response to 0xa4c13812921dddfd failed
[2024-05-08 16:21:51] error: 	zh:controller:device: Default response to 0x001788010649a073 failed
[2024-05-08 16:28:09] error: 	zh:controller:device: Default response to 0x001788010649a073 failed
[2024-05-08 16:39:42] error: 	zh:controller:device: Default response to 0x001788010649a073 failed
[2024-05-08 17:05:57] error: 	zh:controller:device: Default response to 0x001788010649a073 failed
[2024-05-08 17:25:05] error: 	zh:controller:device: Handling of poll check-in from 0x04cd15fffe268dcc failed
[2024-05-08 17:26:58] error: 	zh:controller:device: Default response to 0xa4c13812921dddfd failed
[2024-05-08 17:31:10] error: 	zh:controller:device: Default response to 0x001788010649a073 failed
[2024-05-08 18:06:52] error: 	zh:controller:device: Default response to 0x001788010649a073 failed
[2024-05-08 19:02:31] error: 	zh:controller:device: Default response to 0xa4c13812921dddfd failed
[2024-05-08 21:12:43] error: 	zh:controller:device: Default response to 0xa4c13812921dddfd failed
[2024-05-09 00:23:49] error: 	zh:controller:device: Default response to 0xa4c13812921dddfd failed
[2024-05-09 01:04:46] error: 	zh:controller:device: Default response to 0xa4c13812921dddfd failed
[2024-05-09 01:10:01] error: 	zh:controller:device: Default response to 0xa4c13812921dddfd failed
[2024-05-09 03:27:35] error: 	zh:controller:device: Default response to 0xa4c13812921dddfd failed
[2024-05-09 04:20:05] error: 	zh:controller:device: Default response to 0xa4c13812921dddfd failed
[2024-05-09 05:53:32] error: 	zh:controller:device: Read response to 0xa4c13812921dddfd failed
[2024-05-09 05:53:38] error: 	zh:controller:device: Read response to 0xa4c13812921dddfd failed
[2024-05-09 08:05:50] error: 	zh:controller:device: Default response to 0x001788010649a073 failed
[2024-05-09 09:05:41] error: 	zh:controller:device: Default response to 0x001788010649a073 failed
[2024-05-09 09:28:47] error: 	zh:controller:device: Default response to 0xa4c13812921dddfd failed
[2024-05-09 09:51:53] error: 	zh:controller:device: Default response to 0x001788010649a073 failed
[2024-05-09 09:52:56] error: 	zh:controller:device: Default response to 0x001788010649a073 failed
[2024-05-09 10:18:08] error: 	zh:controller:device: Default response to 0xa4c13812921dddfd failed
[2024-05-09 10:40:11] error: 	zh:controller:device: Default response to 0x001788010649a073 failed
[2024-05-09 10:43:36] info: 	zh:controller: Wrote coordinator backup to '/config/zigbee2mqtt/coordinator_backup.json'
[2024-05-09 11:24:18] error: 	zh:controller:device: Default response to 0xa4c13812921dddfd failed
[2024-05-09 11:55:48] error: 	zh:controller:device: Default response to 0xa4c13812921dddfd failed
[2024-05-09 14:42:45] error: 	zh:controller:device: Default response to 0xa4c13812921dddfd failed
[2024-05-09 14:45:54] error: 	zh:controller:device: Default response to 0xa4c13812921dddfd failed
[2024-05-09 16:24:36] error: 	zh:controller:device: Default response to 0x001788010649a073 failed
[2024-05-09 16:45:36] error: 	zh:controller:device: Default response to 0xa4c13812921dddfd failed
[2024-05-09 18:40:03] error: 	zh:controller:device: Default response to 0xa4c13812921dddfd failed
[2024-05-09 19:11:33] error: 	zh:controller:device: Default response to 0xa4c13812921dddfd failed
[2024-05-09 19:37:48] error: 	zh:controller:device: Default response to 0x001788010649a073 failed
[2024-05-09 19:48:19] error: 	zh:controller:device: Default response to 0xa4c13812921dddfd failed
[2024-05-09 19:55:40] error: 	zh:controller:device: Default response to 0xa4c13812921dddfd failed
[2024-05-09 20:22:58] error: 	zh:controller:device: Default response to 0xa4c13812921dddfd failed
[2024-05-09 20:31:22] error: 	zh:controller:device: Default response to 0xa4c13812921dddfd failed
[2024-05-09 21:55:22] error: 	zh:controller:device: Default response to 0xa4c13812921dddfd failed
[2024-05-09 22:12:10] error: 	zh:controller:device: Default response to 0xa4c13812921dddfd failed
[2024-05-09 23:55:04] error: 	zh:controller:device: Default response to 0xa4c13812921dddfd failed
[2024-05-10 00:00:19] error: 	zh:controller:device: Default response to 0xa4c13812921dddfd failed
[2024-05-10 00:42:19] error: 	zh:controller:device: Default response to 0xa4c13812921dddfd failed
[2024-05-10 00:47:34] error: 	zh:controller:device: Default response to 0xa4c13812921dddfd failed
[2024-05-10 01:05:37] info: 	z2m: Disconnecting from MQTT server
[2024-05-10 01:05:37] info: 	z2m: Stopping zigbee-herdsman...
[2024-05-10 01:05:53] info: 	zh:controller: Wrote coordinator backup to '/config/zigbee2mqtt/coordinator_backup.json'
