[2026-02-12 07:27:29] info: 	z2m: Logging to console, file (filename: log.log)
[2026-02-12 07:27:29] info: 	z2m: Starting Zigbee2MQTT version 2.8.0 (commit #unknown)
[2026-02-12 07:27:29] info: 	z2m: Starting zigbee-herdsman (9.0.2)
[2026-02-12 07:27:29] info: 	zh:zstack:znp: Opening TCP socket with 192.168.87.68:6638
[2026-02-12 07:27:29] info: 	zh:zstack:znp: Socket connected
[2026-02-12 07:27:29] info: 	zh:zstack:znp: Socket ready
[2026-02-12 07:27:29] info: 	zh:zstack:znp: Writing CC2530/CC2531 skip bootloader payload
[2026-02-12 07:27:30] info: 	zh:zstack:znp: Skip bootloader for CC2652/CC1352
[2026-02-12 07:27:31] info: 	z2m: zigbee-herdsman started (resumed)
[2026-02-12 07:27:31] info: 	z2m: Coordinator firmware version: '{"meta":{"maintrel":1,"majorrel":2,"minorrel":7,"product":1,"revision":20240710,"transportrev":2},"type":"ZStack3x0"}'
[2026-02-12 07:27:31] info: 	z2m: Button 4 - Movie (0xb4e3f9fffe249e15): E1812 - IKEA TRADFRI shortcut button (EndDevice)
[2026-02-12 07:27:31] info: 	z2m: Smart Plug Z1 (0xa4c13812921dddfd): A1Z - Nous Smart plug (with power monitoring) (Router)
[2026-02-12 07:27:31] info: 	z2m: Button 3 - Workshop (0xb4e3f9fffe753317): E1812 - IKEA TRADFRI shortcut button (EndDevice)
[2026-02-12 07:27:31] info: 	z2m: Button 2 - Chandelier (0x04cd15fffe7ff98b): E1812 - IKEA TRADFRI shortcut button (EndDevice)
[2026-02-12 07:27:31] info: 	z2m: Button 1 - Kitchen (0x04cd15fffe268dcc): E1812 - IKEA TRADFRI shortcut button (EndDevice)
[2026-02-12 07:27:31] info: 	z2m: Cube (0x54ef4410006a43c7): CTP-R01 - Aqara Cube T1 Pro (EndDevice)
[2026-02-12 07:27:31] info: 	z2m: Philips Backyard Sensor (0x001788010649a073): 9290019758 - Philips Hue motion outdoor sensor (EndDevice)
[2026-02-12 07:27:31] info: 	z2m: Water Sensor 1 (0x5c0272fffebb9cde): TS0207_water_leak_detector_3 - Tuya Zigbee water leak sensor (EndDevice)
[2026-02-12 07:27:31] info: 	z2m: Alarm Keypad (0x0015bc0043006306): KEYZB-110 - Develco Keypad (EndDevice)
[2026-02-12 07:27:31] info: 	z2m: Alarm Repeater (0x0015bc0022000242): REXZB-111 - Develco Range extender with backup battery (Router)
[2026-02-12 07:27:31] info: 	z2m: Alarm Siren (0x0015bc0041007a25): SIRZB-111 - Develco Customizable siren (Router)
[2026-02-12 07:27:31] info: 	z2m: Workshop Light (0x54ef441000b757df): CL-L02D - Aqara Ceiling light T1M (EndDevice)
[2026-02-12 07:27:31] info: 	z2m: Kitchen Presence (0x54ef44100124a3ca): FP1E - Aqara Presence sensor (EndDevice)
[2026-02-12 07:27:31] info: 	z2m: Currently 13 devices are joined.
[2026-02-12 07:27:31] info: 	z2m: Connecting to MQTT server at mqtt://core-mosquitto:1883
[2026-02-12 07:27:31] info: 	z2m: Connected to MQTT server
[2026-02-12 07:27:31] info: 	z2m:mqtt: MQTT publish: topic 'zigbee2mqtt/bridge/state', payload '{"state":"online"}'
[2026-02-12 07:27:31] info: 	z2m:mqtt: MQTT publish: topic 'zigbee2mqtt/Button 4 - Movie/availability', payload '{"state":"online"}'
[2026-02-12 07:27:31] info: 	z2m:mqtt: MQTT publish: topic 'zigbee2mqtt/Smart Plug Z1/availability', payload '{"state":"offline"}'
[2026-02-12 07:27:31] info: 	z2m:mqtt: MQTT publish: topic 'zigbee2mqtt/Button 3 - Workshop/availability', payload '{"state":"online"}'
[2026-02-12 07:27:31] info: 	z2m:mqtt: MQTT publish: topic 'zigbee2mqtt/Button 2 - Chandelier/availability', payload '{"state":"online"}'
[2026-02-12 07:27:31] info: 	z2m:mqtt: MQTT publish: topic 'zigbee2mqtt/Button 1 - Kitchen/availability', payload '{"state":"online"}'
[2026-02-12 07:27:31] info: 	z2m:mqtt: MQTT publish: topic 'zigbee2mqtt/Cube/availability', payload '{"state":"online"}'
[2026-02-12 07:27:31] info: 	z2m:mqtt: MQTT publish: topic 'zigbee2mqtt/Philips Backyard Sensor/availability', payload '{"state":"online"}'
[2026-02-12 07:27:31] info: 	z2m:mqtt: MQTT publish: topic 'zigbee2mqtt/Water Sensor 1/availability', payload '{"state":"online"}'
[2026-02-12 07:27:31] info: 	z2m:mqtt: MQTT publish: topic 'zigbee2mqtt/Alarm Keypad/availability', payload '{"state":"online"}'
[2026-02-12 07:27:31] info: 	z2m:mqtt: MQTT publish: topic 'zigbee2mqtt/Alarm Repeater/availability', payload '{"state":"offline"}'
[2026-02-12 07:27:31] info: 	z2m:mqtt: MQTT publish: topic 'zigbee2mqtt/Alarm Siren/availability', payload '{"state":"offline"}'
[2026-02-12 07:27:31] info: 	z2m:mqtt: MQTT publish: topic 'zigbee2mqtt/Workshop Light/availability', payload '{"state":"online"}'
[2026-02-12 07:27:31] info: 	z2m:mqtt: MQTT publish: topic 'zigbee2mqtt/Kitchen Presence/availability', payload '{"state":"offline"}'
[2026-02-12 07:27:31] info: 	z2m: Started frontend on port 8099
[2026-02-12 07:27:31] info: 	z2m:mqtt: MQTT publish: topic 'zigbee2mqtt/Button 4 - Movie', payload '{"battery":90,"identify":null,"linkquality":98,"update":{"installed_version":604241926,"latest_release_notes":"https://ww8.ikea.com/ikeahomesmart/releasenotes/releasenotes.html","latest_source":"https://raw.githubusercontent.com/Koenkk/zigbee-OTA/master/images/IKEA/tradfri-shortcut-button_release_prod_v604241926_56f5d8d1-78b1-4088-afc1-05d3b7e3314b.ota","latest_version":604241926,"state":"idle"}}'
[2026-02-12 07:27:31] info: 	z2m:mqtt: MQTT publish: topic 'zigbee2mqtt/Smart Plug Z1', payload '{"child_lock":"UNLOCK","countdown":0,"current":0,"energy":16.74,"indicator_mode":"off/on","linkquality":120,"power":0,"power_outage_memory":"off","state":"OFF","update":{"installed_version":-1,"latest_version":-1,"state":null},"voltage":232}'
[2026-02-12 07:27:31] info: 	z2m:mqtt: MQTT publish: topic 'zigbee2mqtt/Button 3 - Workshop', payload '{"battery":90,"identify":null,"linkquality":25,"update":{"installed_version":604241926,"latest_release_notes":"https://ww8.ikea.com/ikeahomesmart/releasenotes/releasenotes.html","latest_source":"https://raw.githubusercontent.com/Koenkk/zigbee-OTA/master/images/IKEA/tradfri-shortcut-button_release_prod_v604241926_56f5d8d1-78b1-4088-afc1-05d3b7e3314b.ota","latest_version":604241926,"state":"idle"}}'
[2026-02-12 07:27:31] info: 	z2m:mqtt: MQTT publish: topic 'zigbee2mqtt/Button 2 - Chandelier', payload '{"battery":20,"identify":null,"linkquality":69,"update":{"installed_version":604241926,"latest_release_notes":"https://ww8.ikea.com/ikeahomesmart/releasenotes/releasenotes.html","latest_source":"https://raw.githubusercontent.com/Koenkk/zigbee-OTA/master/images/IKEA/tradfri-shortcut-button_release_prod_v604241926_56f5d8d1-78b1-4088-afc1-05d3b7e3314b.ota","latest_version":604241926,"state":"idle"}}'
[2026-02-12 07:27:31] info: 	z2m:mqtt: MQTT publish: topic 'zigbee2mqtt/Button 1 - Kitchen', payload '{"battery":90,"identify":null,"linkquality":94,"update":{"installed_version":604241926,"latest_release_notes":"https://ww8.ikea.com/ikeahomesmart/releasenotes/releasenotes.html","latest_source":"https://raw.githubusercontent.com/Koenkk/zigbee-OTA/master/images/IKEA/tradfri-shortcut-button_release_prod_v604241926_56f5d8d1-78b1-4088-afc1-05d3b7e3314b.ota","latest_version":604241926,"state":"idle"}}'
[2026-02-12 07:27:31] info: 	z2m:mqtt: MQTT publish: topic 'zigbee2mqtt/Cube', payload '{"action_angle":null,"action_from_side":null,"battery":51,"current":0,"linkquality":51,"operation_mode":"action_mode","power":2,"power_outage_count":159,"side":4,"update":{"installed_version":-1,"latest_version":-1,"state":null},"voltage":2927}'
[2026-02-12 07:27:31] info: 	z2m:mqtt: MQTT publish: topic 'zigbee2mqtt/Philips Backyard Sensor', payload '{"battery":10,"illuminance":1,"led_indication":true,"linkquality":47,"motion_sensitivity":"high","occupancy":false,"occupancy_timeout":60,"temperature":15.17,"update":{"installed_version":1124102917,"latest_release_notes":null,"latest_source":"https://raw.githubusercontent.com/Koenkk/zigbee-OTA/master/images/Hue/Sensor-ATmega_0012.sbl-ota","latest_version":1124102917,"state":"idle"}}'
[2026-02-12 07:27:31] info: 	z2m:mqtt: MQTT publish: topic 'zigbee2mqtt/Water Sensor 1', payload '{"battery":70,"battery_low":false,"linkquality":32,"tamper":false,"voltage":2800,"water_leak":false}'
[2026-02-12 07:27:31] info: 	z2m:mqtt: MQTT publish: topic 'zigbee2mqtt/Alarm Keypad', payload '{"action_code":null,"action_transaction":null,"action_zone":null,"battery":100,"battery_low":false,"linkquality":47,"tamper":false,"update":{"installed_version":131077,"latest_release_notes":null,"latest_source":"https://raw.githubusercontent.com/Koenkk/zigbee-OTA/master/images/Develco/IntelligentKeyPad_2.0.5.zigbee","latest_version":131077,"state":"idle"},"voltage":5200}'
[2026-02-12 07:27:31] info: 	z2m:mqtt: MQTT publish: topic 'zigbee2mqtt/Alarm Repeater', payload '{"ac_connected":null,"alarm_1":false,"alarm_2":false,"battery":null,"battery_defect":null,"battery_low":true,"identify":null,"led_control":null,"linkquality":47,"tamper":false,"tx_power":null,"update":{"installed_version":-1,"latest_version":-1,"state":null},"voltage":null,"zone_status_interval":null}'
[2026-02-12 07:27:31] info: 	z2m:mqtt: MQTT publish: topic 'zigbee2mqtt/Alarm Siren', payload '{"ac_status":true,"alarm":false,"battery":null,"battery_low":true,"enrolled":true,"ias_cie_address":"0x00124b002e0e1c5f","linkquality":65,"max_duration":10,"restore_reports":true,"supervision_reports":true,"tamper":false,"test":false,"voltage":null,"zone_id":23}'
[2026-02-12 07:27:31] info: 	z2m:mqtt: MQTT publish: topic 'zigbee2mqtt/Workshop Light', payload '{"brightness_rgb":254,"brightness_white":254,"color_mode_rgb":"xy","color_mode_white":"color_temp","color_rgb":{"x":0.313,"y":0.21},"color_temp_white":250,"device_temperature":32,"dimming_range_maximum":100,"dimming_range_minimum":1,"effect":null,"effect_speed":0,"identify":null,"level_config_white":{"off_transition_time":15,"on_transition_time":15},"linkquality":43,"off_on_duration":null,"on_off_duration":null,"power_on_behavior":null,"power_on_behaviour":"off","power_outage_count":46,"state":"OFF","state_rgb":"OFF","state_white":"OFF","update":{"installed_version":-1,"latest_version":-1,"state":null}}'
[2026-02-12 07:27:31] info: 	z2m:mqtt: MQTT publish: topic 'zigbee2mqtt/Workshop Light/white', payload '{"brightness":254,"color_mode":"color_temp","color_temp":250,"level_config":{"off_transition_time":15,"on_transition_time":15},"state":"OFF"}'
[2026-02-12 07:27:31] info: 	z2m:mqtt: MQTT publish: topic 'zigbee2mqtt/Kitchen Presence', payload '{"ai_interference_source_selfidentification":"ON","ai_sensitivity_adaptive":"ON","detection_range":6,"device_temperature":28,"identify":null,"linkquality":65,"motion_sensitivity":null,"movement":"movement","power_outage_count":3,"presence":true,"restart_device":null,"spatial_learning":null,"target_distance":0.15,"update":{"installed_version":29,"latest_release_notes":null,"latest_source":"https://raw.githubusercontent.com/Koenkk/zigbee-OTA/master/images/Aqara/20250827143703_lumi.sensor_occupy.agl1_0.0.0_0029_20250804_33D437.ota","latest_version":29,"state":"idle"}}'
[2026-02-12 07:27:31] info: 	z2m:mqtt: MQTT publish: topic 'zigbee2mqtt/Workshop Light/rgb', payload '{"brightness":254,"color":{"x":0.313,"y":0.21},"color_mode":"xy","state":"OFF"}'
[2026-02-12 07:27:31] info: 	z2m: Zigbee2MQTT started!
[2026-02-12 07:27:36] info: 	z2m:mqtt: MQTT publish: topic 'homeassistant/binary_sensor/1221051039810110150109113116116_0x00124b002e0e1c5f/connection_state/config', payload '{"default_entity_id":"binary_sensor.zigbee2mqtt_bridge_connection_state","device":{"hw_version":"ZStack3x0 20240710","identifiers":["zigbee2mqtt_bridge_0x00124b002e0e1c5f"],"manufacturer":"Zigbee2MQTT","model":"Bridge","name":"Zigbee2MQTT Bridge","sw_version":"2.8.0"},"device_class":"connectivity","entity_category":"diagnostic","name":"Connection state","object_id":"zigbee2mqtt_bridge_connection_state","origin":{"name":"Zigbee2MQTT","sw":"2.8.0","url":"https://www.zigbee2mqtt.io"},"payload_off":"offline","payload_on":"online","state_topic":"zigbee2mqtt/bridge/state","unique_id":"bridge_0x00124b002e0e1c5f_connection_state_zigbee2mqtt","value_template":"{{ value_json.state }}"}'
[2026-02-12 07:27:37] warning: 	z2m: Failed to ping 'Smart Plug Z1' (attempt 1/1, ZCL command 0xa4c13812921dddfd/1 genBasic.read(["zclVersion"], {"timeout":10000,"disableResponse":false,"disableRecovery":true,"disableDefaultResponse":true,"direction":0,"reservedBits":0,"writeUndiv":false,"sendPolicy":"immediate"}) failed (Data request failed with error: 'NWK_NO_ROUTE' (0xcd)))
[2026-02-12 07:27:41] warning: 	z2m: Failed to ping 'Alarm Repeater' (attempt 1/1, ZCL command 0x0015bc0022000242/37 genBasic.read(["zclVersion"], {"timeout":10000,"disableResponse":false,"disableRecovery":true,"disableDefaultResponse":true,"direction":0,"reservedBits":0,"writeUndiv":false,"sendPolicy":"immediate"}) failed (Data request failed with error: 'NWK_NO_ROUTE' (0xcd)))
[2026-02-12 07:27:44] warning: 	z2m: Failed to ping 'Alarm Siren' (attempt 1/1, ZCL command 0x0015bc0041007a25/43 genBasic.read(["zclVersion"], {"timeout":10000,"disableResponse":false,"disableRecovery":true,"disableDefaultResponse":true,"direction":0,"reservedBits":0,"writeUndiv":false,"sendPolicy":"immediate"}) failed (Data request failed with error: 'NWK_NO_ROUTE' (0xcd)))
[2026-02-12 07:27:51] info: 	z2m: Configuring 'Alarm Repeater'
[2026-02-12 07:27:57] warning: 	z2m: Failed to ping 'Kitchen Presence' (attempt 1/1, ZCL command 0x54ef44100124a3ca/1 genBasic.read(["zclVersion"], {"timeout":10000,"disableResponse":false,"disableRecovery":true,"disableDefaultResponse":true,"direction":0,"reservedBits":0,"writeUndiv":false,"sendPolicy":"immediate"}) failed (Timeout - 63983 - 1 - 3 - 0 - 1 after 10000ms))
[2026-02-12 07:28:01] error: 	z2m: Failed to configure 'Alarm Repeater', attempt 1 (Error: Bind 0x0015bc0022000242/37 genPowerCfg from '0x00124b002e0e1c5f/1' failed (AREQ - ZDO - bindRsp after 10000ms)
    at Object.start (/app/node_modules/.pnpm/zigbee-herdsman@9.0.2/node_modules/zigbee-herdsman/src/utils/waitress.ts:68:23)
    at func (/app/node_modules/.pnpm/zigbee-herdsman@9.0.2/node_modules/zigbee-herdsman/src/adapter/z-stack/adapter/zStackAdapter.ts:461:47)
    at processTicksAndRejections (node:internal/process/task_queues:105:5)
    at Queue.execute (/app/node_modules/.pnpm/zigbee-herdsman@9.0.2/node_modules/zigbee-herdsman/src/utils/queue.ts:38:20)
    at ZStackAdapter.sendZdoInternal (/app/node_modules/.pnpm/zigbee-herdsman@9.0.2/node_modules/zigbee-herdsman/src/adapter/z-stack/adapter/zStackAdapter.ts:466:43)
    at ZStackAdapter.sendZdo (/app/node_modules/.pnpm/zigbee-herdsman@9.0.2/node_modules/zigbee-herdsman/src/adapter/z-stack/adapter/zStackAdapter.ts:343:16)
    at Endpoint.bind (/app/node_modules/.pnpm/zigbee-herdsman@9.0.2/node_modules/zigbee-herdsman/src/controller/model/endpoint.ts:719:30)
    at Object.bind (/app/node_modules/.pnpm/zigbee-herdsman-converters@25.120.0/node_modules/zigbee-herdsman-converters/src/lib/reporting.ts:48:9)
    at configure (/app/node_modules/.pnpm/zigbee-herdsman-converters@25.120.0/node_modules/zigbee-herdsman-converters/src/devices/develco.ts:1125:13)
    at Object.configure (/app/node_modules/.pnpm/zigbee-herdsman-converters@25.120.0/node_modules/zigbee-herdsman-converters/src/index.ts:363:21))
[2026-02-12 07:28:11] info: 	z2m: Configuring 'Alarm Siren'
[2026-02-12 07:28:21] error: 	z2m: Failed to configure 'Alarm Siren', attempt 1 (Error: Bind 0x0015bc0041007a25/43 ssIasZone from '0x00124b002e0e1c5f/1' failed (AREQ - ZDO - bindRsp after 10000ms)
    at Object.start (/app/node_modules/.pnpm/zigbee-herdsman@9.0.2/node_modules/zigbee-herdsman/src/utils/waitress.ts:68:23)
    at func (/app/node_modules/.pnpm/zigbee-herdsman@9.0.2/node_modules/zigbee-herdsman/src/adapter/z-stack/adapter/zStackAdapter.ts:461:47)
    at processTicksAndRejections (node:internal/process/task_queues:105:5)
    at Queue.execute (/app/node_modules/.pnpm/zigbee-herdsman@9.0.2/node_modules/zigbee-herdsman/src/utils/queue.ts:38:20)
    at ZStackAdapter.sendZdoInternal (/app/node_modules/.pnpm/zigbee-herdsman@9.0.2/node_modules/zigbee-herdsman/src/adapter/z-stack/adapter/zStackAdapter.ts:466:43)
    at ZStackAdapter.sendZdo (/app/node_modules/.pnpm/zigbee-herdsman@9.0.2/node_modules/zigbee-herdsman/src/adapter/z-stack/adapter/zStackAdapter.ts:343:16)
    at Endpoint.bind (/app/node_modules/.pnpm/zigbee-herdsman@9.0.2/node_modules/zigbee-herdsman/src/controller/model/endpoint.ts:719:30)
    at Object.bind (/app/node_modules/.pnpm/zigbee-herdsman-converters@25.120.0/node_modules/zigbee-herdsman-converters/src/lib/reporting.ts:48:9)
    at configure (/app/node_modules/.pnpm/zigbee-herdsman-converters@25.120.0/node_modules/zigbee-herdsman-converters/src/devices/develco.ts:949:13)
    at Object.configure (/app/node_modules/.pnpm/zigbee-herdsman-converters@25.120.0/node_modules/zigbee-herdsman-converters/src/index.ts:363:21))
[2026-02-12 07:30:29] info: 	z2m:mqtt: MQTT publish: topic 'zigbee2mqtt/Alarm Keypad', payload '{"action_code":null,"action_transaction":null,"action_zone":null,"battery":100,"battery_low":false,"linkquality":72,"tamper":false,"update":{"installed_version":131077,"latest_release_notes":null,"latest_source":"https://raw.githubusercontent.com/Koenkk/zigbee-OTA/master/images/Develco/IntelligentKeyPad_2.0.5.zigbee","latest_version":131077,"state":"idle"},"voltage":5200}'
[2026-02-12 07:35:29] info: 	z2m:mqtt: MQTT publish: topic 'zigbee2mqtt/Alarm Keypad', payload '{"action_code":null,"action_transaction":null,"action_zone":null,"battery":100,"battery_low":false,"linkquality":72,"tamper":false,"update":{"installed_version":131077,"latest_release_notes":null,"latest_source":"https://raw.githubusercontent.com/Koenkk/zigbee-OTA/master/images/Develco/IntelligentKeyPad_2.0.5.zigbee","latest_version":131077,"state":"idle"},"voltage":5200}'
[2026-02-12 07:35:30] info: 	z2m:mqtt: MQTT publish: topic 'zigbee2mqtt/Alarm Keypad', payload '{"action_code":null,"action_transaction":null,"action_zone":null,"battery":100,"battery_low":false,"linkquality":76,"tamper":false,"update":{"installed_version":131077,"latest_release_notes":null,"latest_source":"https://raw.githubusercontent.com/Koenkk/zigbee-OTA/master/images/Develco/IntelligentKeyPad_2.0.5.zigbee","latest_version":131077,"state":"idle"},"voltage":5200}'
[2026-02-12 07:36:38] info: 	z2m:mqtt: MQTT publish: topic 'zigbee2mqtt/bridge/event', payload '{"data":{"friendly_name":"Philips Backyard Sensor","ieee_address":"0x001788010649a073"},"type":"device_announce"}'
[2026-02-12 07:36:38] info: 	z2m:mqtt: MQTT publish: topic 'zigbee2mqtt/Philips Backyard Sensor', payload '{"battery":10,"illuminance":2,"led_indication":true,"linkquality":58,"motion_sensitivity":"high","occupancy":false,"occupancy_timeout":60,"temperature":15.17,"update":{"installed_version":1124102917,"latest_release_notes":null,"latest_source":"https://raw.githubusercontent.com/Koenkk/zigbee-OTA/master/images/Hue/Sensor-ATmega_0012.sbl-ota","latest_version":1124102917,"state":"idle"}}'
[2026-02-12 07:37:31] info: 	z2m:mqtt: MQTT publish: topic 'zigbee2mqtt/bridge/health', payload '{"response_time":1770878251924,"os":{"load_average":[0.07,0.04,0.01],"memory_used_mb":4147.11,"memory_percent":13.2022},"process":{"uptime_sec":602,"memory_used_mb":123.93,"memory_percent":0.3945},"mqtt":{"connected":true,"queued":0,"published":85,"received":151},"devices":{"0x0015bc0043006306":{"messages":4,"messages_per_sec":0.0095,"leave_count":0,"network_address_changes":0},"0x001788010649a073":{"messages":5,"messages_per_sec":0.0143,"leave_count":0,"network_address_changes":0}}}'
[2026-02-12 07:37:51] warning: 	z2m: Failed to ping 'Workshop Light' (attempt 1/2, ZCL command 0x54ef441000b757df/1 genBasic.read(["zclVersion"], {"timeout":10000,"disableResponse":false,"disableRecovery":true,"disableDefaultResponse":true,"direction":0,"reservedBits":0,"writeUndiv":false,"sendPolicy":"immediate"}) failed (Data request failed with error: 'MAC_CHANNEL_ACCESS_FAILURE' (0xe1)))
[2026-02-12 07:37:51] info: 	z2m: Configuring 'Workshop Light'
[2026-02-12 07:37:53] info: 	z2m:mqtt: MQTT publish: topic 'zigbee2mqtt/Workshop Light', payload '{"brightness_rgb":254,"brightness_white":254,"color_mode_rgb":"xy","color_mode_white":"color_temp","color_rgb":{"x":0.313,"y":0.21},"color_temp_white":250,"device_temperature":32,"dimming_range_maximum":100,"dimming_range_minimum":1,"effect":null,"effect_speed":0,"identify":null,"level_config_white":{"off_transition_time":15,"on_transition_time":15},"linkquality":10,"off_on_duration":null,"on_off_duration":null,"power_on_behavior":null,"power_on_behaviour":"off","power_outage_count":46,"state":"OFF","state_rgb":"OFF","state_white":"OFF","update":{"installed_version":-1,"latest_version":-1,"state":null}}'
[2026-02-12 07:37:53] info: 	z2m:mqtt: MQTT publish: topic 'zigbee2mqtt/Workshop Light/white', payload '{"brightness":254,"color_mode":"color_temp","color_temp":250,"level_config":{"off_transition_time":15,"on_transition_time":15},"state":"OFF"}'
[2026-02-12 07:37:53] info: 	z2m:mqtt: MQTT publish: topic 'zigbee2mqtt/Workshop Light/rgb', payload '{"brightness":254,"color":{"x":0.313,"y":0.21},"color_mode":"xy","state":"OFF"}'
[2026-02-12 07:37:56] info: 	z2m:mqtt: MQTT publish: topic 'zigbee2mqtt/Workshop Light', payload '{"brightness_rgb":254,"brightness_white":254,"color_mode_rgb":"xy","color_mode_white":"color_temp","color_rgb":{"x":0.313,"y":0.21},"color_temp_white":250,"device_temperature":32,"dimming_range_maximum":100,"dimming_range_minimum":1,"effect":null,"effect_speed":0,"identify":null,"level_config_white":{"off_transition_time":15,"on_transition_time":15},"linkquality":0,"off_on_duration":null,"on_off_duration":null,"power_on_behavior":null,"power_on_behaviour":"off","power_outage_count":46,"state":"OFF","state_rgb":"OFF","state_white":"OFF","update":{"installed_version":-1,"latest_version":-1,"state":null}}'
[2026-02-12 07:37:56] info: 	z2m:mqtt: MQTT publish: topic 'zigbee2mqtt/Workshop Light/white', payload '{"brightness":254,"color_mode":"color_temp","color_temp":250,"level_config":{"off_transition_time":15,"on_transition_time":15},"state":"OFF"}'
[2026-02-12 07:37:56] info: 	z2m:mqtt: MQTT publish: topic 'zigbee2mqtt/Workshop Light/rgb', payload '{"brightness":254,"color":{"x":0.313,"y":0.21},"color_mode":"xy","state":"OFF"}'
[2026-02-12 07:37:58] info: 	z2m:mqtt: MQTT publish: topic 'zigbee2mqtt/Workshop Light', payload '{"brightness_rgb":254,"brightness_white":254,"color_mode_rgb":"xy","color_mode_white":"color_temp","color_rgb":{"x":0.313,"y":0.21},"color_temp_white":250,"device_temperature":32,"dimming_range_maximum":100,"dimming_range_minimum":1,"effect":null,"effect_speed":0,"identify":null,"level_config_white":{"off_transition_time":15,"on_transition_time":15},"linkquality":0,"off_on_duration":null,"on_off_duration":null,"power_on_behavior":null,"power_on_behaviour":"off","power_outage_count":46,"state":"OFF","state_rgb":"OFF","state_white":"OFF","update":{"installed_version":-1,"latest_version":-1,"state":null}}'
[2026-02-12 07:37:58] info: 	z2m:mqtt: MQTT publish: topic 'zigbee2mqtt/Workshop Light/white', payload '{"brightness":254,"color_mode":"color_temp","color_temp":250,"level_config":{"off_transition_time":15,"on_transition_time":15},"state":"OFF"}'
[2026-02-12 07:37:58] info: 	z2m:mqtt: MQTT publish: topic 'zigbee2mqtt/Workshop Light/rgb', payload '{"brightness":254,"color":{"x":0.313,"y":0.21},"color_mode":"xy","state":"OFF"}'
[2026-02-12 07:38:00] error: 	z2m: Failed to configure 'Workshop Light', attempt 1 (Error: ZCL command 0x54ef441000b757df/1 manuSpecificLumi.read([1301], {"timeout":10000,"disableResponse":false,"disableRecovery":false,"disableDefaultResponse":true,"direction":0,"reservedBits":0,"manufacturerCode":4447,"writeUndiv":false}) failed (Data request failed with error: 'MAC_NO_ACK' (0xe9))
    at ZStackAdapter.sendZclFrameToEndpointInternal (/app/node_modules/.pnpm/zigbee-herdsman@9.0.2/node_modules/zigbee-herdsman/src/adapter/z-stack/adapter/zStackAdapter.ts:586:23)
    at processTicksAndRejections (node:internal/process/task_queues:105:5)
    at ZStackAdapter.sendZclFrameToEndpointInternal (/app/node_modules/.pnpm/zigbee-herdsman@9.0.2/node_modules/zigbee-herdsman/src/adapter/z-stack/adapter/zStackAdapter.ts:604:24)
    at ZStackAdapter.sendZclFrameToEndpointInternal (/app/node_modules/.pnpm/zigbee-herdsman@9.0.2/node_modules/zigbee-herdsman/src/adapter/z-stack/adapter/zStackAdapter.ts:604:24)
    at ZStackAdapter.sendZclFrameToEndpointInternal (/app/node_modules/.pnpm/zigbee-herdsman@9.0.2/node_modules/zigbee-herdsman/src/adapter/z-stack/adapter/zStackAdapter.ts:604:24)
    at ZStackAdapter.sendZclFrameToEndpointInternal (/app/node_modules/.pnpm/zigbee-herdsman@9.0.2/node_modules/zigbee-herdsman/src/adapter/z-stack/adapter/zStackAdapter.ts:604:24)
    at /app/node_modules/.pnpm/zigbee-herdsman@9.0.2/node_modules/zigbee-herdsman/src/adapter/z-stack/adapter/zStackAdapter.ts:484:20
    at Queue.execute (/app/node_modules/.pnpm/zigbee-herdsman@9.0.2/node_modules/zigbee-herdsman/src/utils/queue.ts:38:20)
    at ZStackAdapter.sendZclFrameToEndpoint (/app/node_modules/.pnpm/zigbee-herdsman@9.0.2/node_modules/zigbee-herdsman/src/adapter/z-stack/adapter/zStackAdapter.ts:482:16)
    at Request.send (/app/node_modules/.pnpm/zigbee-herdsman@9.0.2/node_modules/zigbee-herdsman/src/controller/helpers/request.ts:86:25))
[2026-02-12 07:38:23] warning: 	z2m: Failed to ping 'Workshop Light' (attempt 2/2, ZCL command 0x54ef441000b757df/1 genBasic.read(["zclVersion"], {"timeout":10000,"disableResponse":false,"disableRecovery":false,"disableDefaultResponse":true,"direction":0,"reservedBits":0,"writeUndiv":false,"sendPolicy":"immediate"}) failed (Timeout - 64997 - 1 - 6 - 0 - 1 after 10000ms))
[2026-02-12 07:40:29] info: 	z2m:mqtt: MQTT publish: topic 'zigbee2mqtt/Alarm Keypad', payload '{"action_code":null,"action_transaction":null,"action_zone":null,"battery":100,"battery_low":false,"linkquality":72,"tamper":false,"update":{"installed_version":131077,"latest_release_notes":null,"latest_source":"https://raw.githubusercontent.com/Koenkk/zigbee-OTA/master/images/Develco/IntelligentKeyPad_2.0.5.zigbee","latest_version":131077,"state":"idle"},"voltage":5200}'
[2026-02-12 07:45:29] info: 	z2m:mqtt: MQTT publish: topic 'zigbee2mqtt/Alarm Keypad', payload '{"action_code":null,"action_transaction":null,"action_zone":null,"battery":100,"battery_low":false,"linkquality":69,"tamper":false,"update":{"installed_version":131077,"latest_release_notes":null,"latest_source":"https://raw.githubusercontent.com/Koenkk/zigbee-OTA/master/images/Develco/IntelligentKeyPad_2.0.5.zigbee","latest_version":131077,"state":"idle"},"voltage":5200}'
[2026-02-12 07:46:10] info: 	z2m: Configuring 'Workshop Light'
[2026-02-12 07:46:26] info: 	z2m:mqtt: MQTT publish: topic 'zigbee2mqtt/Workshop Light', payload '{"brightness_rgb":254,"brightness_white":254,"color_mode_rgb":"xy","color_mode_white":"color_temp","color_rgb":{"x":0.313,"y":0.21},"color_temp_white":250,"device_temperature":32,"dimming_range_maximum":100,"dimming_range_minimum":1,"effect":null,"effect_speed":0,"identify":null,"level_config_white":{"off_transition_time":15,"on_transition_time":15},"linkquality":7,"off_on_duration":null,"on_off_duration":null,"power_on_behavior":null,"power_on_behaviour":"off","power_outage_count":46,"state":"OFF","state_rgb":"OFF","state_white":"ON","update":{"installed_version":-1,"latest_version":-1,"state":null}}'
[2026-02-12 07:46:26] info: 	z2m:mqtt: MQTT publish: topic 'zigbee2mqtt/Workshop Light/white', payload '{"brightness":254,"color_mode":"color_temp","color_temp":250,"level_config":{"off_transition_time":15,"on_transition_time":15},"state":"ON"}'
[2026-02-12 07:46:26] info: 	z2m:mqtt: MQTT publish: topic 'zigbee2mqtt/Workshop Light/rgb', payload '{"brightness":254,"color":{"x":0.313,"y":0.21},"color_mode":"xy","state":"OFF"}'
[2026-02-12 07:46:28] info: 	z2m:mqtt: MQTT publish: topic 'zigbee2mqtt/Workshop Light', payload '{"brightness_rgb":254,"brightness_white":254,"color_mode_rgb":"xy","color_mode_white":"color_temp","color_rgb":{"x":0.313,"y":0.21},"color_temp_white":250,"device_temperature":32,"dimming_range_maximum":100,"dimming_range_minimum":1,"effect":null,"effect_speed":0,"identify":null,"level_config_white":{"off_transition_time":15,"on_transition_time":15},"linkquality":18,"off_on_duration":null,"on_off_duration":null,"power_on_behavior":null,"power_on_behaviour":"off","power_outage_count":46,"state":"OFF","state_rgb":"OFF","state_white":"ON","update":{"installed_version":-1,"latest_version":-1,"state":null}}'
[2026-02-12 07:46:28] info: 	z2m:mqtt: MQTT publish: topic 'zigbee2mqtt/Workshop Light/white', payload '{"brightness":254,"color_mode":"color_temp","color_temp":250,"level_config":{"off_transition_time":15,"on_transition_time":15},"state":"ON"}'
[2026-02-12 07:46:28] info: 	z2m:mqtt: MQTT publish: topic 'zigbee2mqtt/Workshop Light/rgb', payload '{"brightness":254,"color":{"x":0.313,"y":0.21},"color_mode":"xy","state":"OFF"}'
[2026-02-12 07:46:35] info: 	z2m:mqtt: MQTT publish: topic 'zigbee2mqtt/Workshop Light', payload '{"brightness_rgb":254,"brightness_white":254,"color_mode_rgb":"xy","color_mode_white":"color_temp","color_rgb":{"x":0.313,"y":0.21},"color_temp_white":250,"device_temperature":32,"dimming_range_maximum":100,"dimming_range_minimum":1,"effect":null,"effect_speed":0,"identify":null,"level_config_white":{"off_transition_time":15,"on_transition_time":15},"linkquality":0,"off_on_duration":null,"on_off_duration":null,"power_on_behavior":null,"power_on_behaviour":"off","power_outage_count":46,"state":"OFF","state_rgb":"OFF","state_white":"ON","update":{"installed_version":-1,"latest_version":-1,"state":null}}'
[2026-02-12 07:46:35] info: 	z2m:mqtt: MQTT publish: topic 'zigbee2mqtt/Workshop Light/white', payload '{"brightness":254,"color_mode":"color_temp","color_temp":250,"level_config":{"off_transition_time":15,"on_transition_time":15},"state":"ON"}'
[2026-02-12 07:46:35] info: 	z2m:mqtt: MQTT publish: topic 'zigbee2mqtt/Workshop Light/rgb', payload '{"brightness":254,"color":{"x":0.313,"y":0.21},"color_mode":"xy","state":"OFF"}'
[2026-02-12 07:46:37] error: 	z2m: Failed to configure 'Workshop Light', attempt 2 (Error: ZCL command 0x54ef441000b757df/1 manuSpecificLumi.read([1301], {"timeout":10000,"disableResponse":false,"disableRecovery":false,"disableDefaultResponse":true,"direction":0,"reservedBits":0,"manufacturerCode":4447,"writeUndiv":false}) failed (Data request failed with error: 'MAC_CHANNEL_ACCESS_FAILURE' (0xe1))
    at ZStackAdapter.sendZclFrameToEndpointInternal (/app/node_modules/.pnpm/zigbee-herdsman@9.0.2/node_modules/zigbee-herdsman/src/adapter/z-stack/adapter/zStackAdapter.ts:586:23)
    at processTicksAndRejections (node:internal/process/task_queues:105:5)
    at ZStackAdapter.sendZclFrameToEndpointInternal (/app/node_modules/.pnpm/zigbee-herdsman@9.0.2/node_modules/zigbee-herdsman/src/adapter/z-stack/adapter/zStackAdapter.ts:604:24)
    at ZStackAdapter.sendZclFrameToEndpointInternal (/app/node_modules/.pnpm/zigbee-herdsman@9.0.2/node_modules/zigbee-herdsman/src/adapter/z-stack/adapter/zStackAdapter.ts:604:24)
    at ZStackAdapter.sendZclFrameToEndpointInternal (/app/node_modules/.pnpm/zigbee-herdsman@9.0.2/node_modules/zigbee-herdsman/src/adapter/z-stack/adapter/zStackAdapter.ts:604:24)
    at ZStackAdapter.sendZclFrameToEndpointInternal (/app/node_modules/.pnpm/zigbee-herdsman@9.0.2/node_modules/zigbee-herdsman/src/adapter/z-stack/adapter/zStackAdapter.ts:604:24)
    at /app/node_modules/.pnpm/zigbee-herdsman@9.0.2/node_modules/zigbee-herdsman/src/adapter/z-stack/adapter/zStackAdapter.ts:484:20
    at Queue.execute (/app/node_modules/.pnpm/zigbee-herdsman@9.0.2/node_modules/zigbee-herdsman/src/utils/queue.ts:38:20)
    at ZStackAdapter.sendZclFrameToEndpoint (/app/node_modules/.pnpm/zigbee-herdsman@9.0.2/node_modules/zigbee-herdsman/src/adapter/z-stack/adapter/zStackAdapter.ts:482:16)
    at Request.send (/app/node_modules/.pnpm/zigbee-herdsman@9.0.2/node_modules/zigbee-herdsman/src/controller/helpers/request.ts:86:25))
[2026-02-12 07:47:31] info: 	z2m:mqtt: MQTT publish: topic 'zigbee2mqtt/bridge/health', payload '{"response_time":1770878851925,"os":{"load_average":[0,0.03,0],"memory_used_mb":4151.1,"memory_percent":13.2149},"process":{"uptime_sec":1202,"memory_used_mb":124.43,"memory_percent":0.3961},"mqtt":{"connected":true,"queued":0,"published":133,"received":152},"devices":{"0x0015bc0043006306":{"messages":6,"messages_per_sec":0.0059,"leave_count":0,"network_address_changes":0},"0x001788010649a073":{"messages":7,"messages_per_sec":0.0074,"leave_count":0,"network_address_changes":0},"0x54ef441000b757df":{"messages":9,"messages_per_sec":0.0155,"leave_count":0,"network_address_changes":0}}}'
[2026-02-12 07:47:54] warning: 	z2m: Failed to ping 'Alarm Siren' (attempt 1/1, ZCL command 0x0015bc0041007a25/43 genBasic.read(["zclVersion"], {"timeout":10000,"disableResponse":false,"disableRecovery":true,"disableDefaultResponse":true,"direction":0,"reservedBits":0,"writeUndiv":false,"sendPolicy":"immediate"}) failed (Data request failed with error: 'NWK_NO_ROUTE' (0xcd)))
[2026-02-12 07:48:06] warning: 	z2m: Failed to ping 'Kitchen Presence' (attempt 1/1, ZCL command 0x54ef44100124a3ca/1 genBasic.read(["zclVersion"], {"timeout":10000,"disableResponse":false,"disableRecovery":true,"disableDefaultResponse":true,"direction":0,"reservedBits":0,"writeUndiv":false,"sendPolicy":"immediate"}) failed (Data request failed with error: 'MAC_CHANNEL_ACCESS_FAILURE' (0xe1)))
[2026-02-12 07:48:21] warning: 	z2m: Failed to ping 'Alarm Repeater' (attempt 1/1, ZCL command 0x0015bc0022000242/37 genBasic.read(["zclVersion"], {"timeout":10000,"disableResponse":false,"disableRecovery":true,"disableDefaultResponse":true,"direction":0,"reservedBits":0,"writeUndiv":false,"sendPolicy":"immediate"}) failed (Data request failed with error: 'NWK_NO_ROUTE' (0xcd)))
[2026-02-12 07:48:40] warning: 	z2m: Failed to ping 'Smart Plug Z1' (attempt 1/1, ZCL command 0xa4c13812921dddfd/1 genBasic.read(["zclVersion"], {"timeout":10000,"disableResponse":false,"disableRecovery":true,"disableDefaultResponse":true,"direction":0,"reservedBits":0,"writeUndiv":false,"sendPolicy":"immediate"}) failed (Data request failed with error: 'NWK_NO_ROUTE' (0xcd)))
[2026-02-12 07:49:10] info: 	z2m:mqtt: MQTT publish: topic 'zigbee2mqtt/Button 3 - Workshop', payload '{"action":"on","battery":90,"identify":null,"linkquality":7,"update":{"installed_version":604241926,"latest_release_notes":"https://ww8.ikea.com/ikeahomesmart/releasenotes/releasenotes.html","latest_source":"https://raw.githubusercontent.com/Koenkk/zigbee-OTA/master/images/IKEA/tradfri-shortcut-button_release_prod_v604241926_56f5d8d1-78b1-4088-afc1-05d3b7e3314b.ota","latest_version":604241926,"state":"idle"}}'
[2026-02-12 07:49:10] info: 	z2m:mqtt: MQTT publish: topic 'zigbee2mqtt/Button 3 - Workshop/action', payload 'on'
[2026-02-12 07:49:11] info: 	z2m: Configuring 'Workshop Light'
[2026-02-12 07:49:20] error: 	z2m: Publish 'set' 'state' to 'Workshop Light' failed: 'Error: ZCL command 0x54ef441000b757df/1 genOnOff.off({}, {"timeout":10000,"disableResponse":false,"disableRecovery":false,"disableDefaultResponse":false,"direction":0,"reservedBits":0,"writeUndiv":false}) failed (Data request failed with error: 'MAC_CHANNEL_ACCESS_FAILURE' (0xe1))'
[2026-02-12 07:49:26] info: 	z2m:mqtt: MQTT publish: topic 'zigbee2mqtt/Workshop Light', payload '{"brightness_rgb":254,"brightness_white":254,"color_mode_rgb":"xy","color_mode_white":"color_temp","color_rgb":{"x":0.313,"y":0.21},"color_temp_white":250,"device_temperature":32,"dimming_range_maximum":100,"dimming_range_minimum":1,"effect":null,"effect_speed":0,"identify":null,"level_config_white":{"off_transition_time":15,"on_transition_time":15},"linkquality":0,"off_on_duration":null,"on_off_duration":null,"power_on_behavior":null,"power_on_behaviour":"off","power_outage_count":46,"state":"OFF","state_rgb":"OFF","state_white":"ON","update":{"installed_version":-1,"latest_version":-1,"state":null}}'
[2026-02-12 07:49:26] info: 	z2m:mqtt: MQTT publish: topic 'zigbee2mqtt/Workshop Light/white', payload '{"brightness":254,"color_mode":"color_temp","color_temp":250,"level_config":{"off_transition_time":15,"on_transition_time":15},"state":"ON"}'
[2026-02-12 07:49:26] info: 	z2m:mqtt: MQTT publish: topic 'zigbee2mqtt/Workshop Light/rgb', payload '{"brightness":254,"color":{"x":0.313,"y":0.21},"color_mode":"xy","state":"OFF"}'
[2026-02-12 07:49:26] info: 	z2m:mqtt: MQTT publish: topic 'zigbee2mqtt/Workshop Light', payload '{"brightness_rgb":254,"brightness_white":254,"color_mode_rgb":"xy","color_mode_white":"color_temp","color_rgb":{"x":0.313,"y":0.21},"color_temp_white":250,"device_temperature":32,"dimming_range_maximum":100,"dimming_range_minimum":1,"effect":null,"effect_speed":0,"identify":null,"level_config_white":{"off_transition_time":15,"on_transition_time":15},"linkquality":0,"off_on_duration":null,"on_off_duration":null,"power_on_behavior":null,"power_on_behaviour":"off","power_outage_count":46,"state":"OFF","state_rgb":"OFF","state_white":"ON","update":{"installed_version":-1,"latest_version":-1,"state":null}}'
[2026-02-12 07:49:26] info: 	z2m:mqtt: MQTT publish: topic 'zigbee2mqtt/Workshop Light/white', payload '{"brightness":254,"color_mode":"color_temp","color_temp":250,"level_config":{"off_transition_time":15,"on_transition_time":15},"state":"ON"}'
[2026-02-12 07:49:26] info: 	z2m:mqtt: MQTT publish: topic 'zigbee2mqtt/Workshop Light/rgb', payload '{"brightness":254,"color":{"x":0.313,"y":0.21},"color_mode":"xy","state":"OFF"}'
[2026-02-12 07:49:27] info: 	z2m:mqtt: MQTT publish: topic 'zigbee2mqtt/Workshop Light', payload '{"brightness_rgb":254,"brightness_white":254,"color_mode_rgb":"xy","color_mode_white":"color_temp","color_rgb":{"x":0.313,"y":0.21},"color_temp_white":250,"device_temperature":32,"dimming_range_maximum":100,"dimming_range_minimum":1,"effect":null,"effect_speed":0,"identify":null,"level_config_white":{"off_transition_time":15,"on_transition_time":15},"linkquality":0,"off_on_duration":null,"on_off_duration":null,"power_on_behavior":null,"power_on_behaviour":"off","power_outage_count":46,"state":"OFF","state_rgb":"OFF","state_white":"ON","update":{"installed_version":-1,"latest_version":-1,"state":null}}'
[2026-02-12 07:49:27] info: 	z2m:mqtt: MQTT publish: topic 'zigbee2mqtt/Workshop Light/white', payload '{"brightness":254,"color_mode":"color_temp","color_temp":250,"level_config":{"off_transition_time":15,"on_transition_time":15},"state":"ON"}'
[2026-02-12 07:49:27] info: 	z2m:mqtt: MQTT publish: topic 'zigbee2mqtt/Workshop Light/rgb', payload '{"brightness":254,"color":{"x":0.313,"y":0.21},"color_mode":"xy","state":"OFF"}'
[2026-02-12 07:49:27] info: 	z2m:mqtt: MQTT publish: topic 'zigbee2mqtt/Workshop Light', payload '{"brightness_rgb":254,"brightness_white":254,"color_mode_rgb":"xy","color_mode_white":"color_temp","color_rgb":{"x":0.313,"y":0.21},"color_temp_white":250,"device_temperature":32,"dimming_range_maximum":100,"dimming_range_minimum":1,"effect":null,"effect_speed":0,"identify":null,"level_config_white":{"off_transition_time":15,"on_transition_time":15},"linkquality":0,"off_on_duration":null,"on_off_duration":null,"power_on_behavior":null,"power_on_behaviour":"off","power_outage_count":46,"state":"OFF","state_rgb":"OFF","state_white":"ON","update":{"installed_version":-1,"latest_version":-1,"state":null}}'
[2026-02-12 07:49:27] info: 	z2m:mqtt: MQTT publish: topic 'zigbee2mqtt/Workshop Light/white', payload '{"brightness":254,"color_mode":"color_temp","color_temp":250,"level_config":{"off_transition_time":15,"on_transition_time":15},"state":"ON"}'
[2026-02-12 07:49:27] info: 	z2m:mqtt: MQTT publish: topic 'zigbee2mqtt/Workshop Light/rgb', payload '{"brightness":254,"color":{"x":0.313,"y":0.21},"color_mode":"xy","state":"OFF"}'
[2026-02-12 07:49:27] info: 	z2m:mqtt: MQTT publish: topic 'zigbee2mqtt/Workshop Light', payload '{"brightness_rgb":254,"brightness_white":254,"color_mode_rgb":"xy","color_mode_white":"color_temp","color_rgb":{"x":0.313,"y":0.21},"color_temp_white":250,"device_temperature":32,"dimming_range_maximum":100,"dimming_range_minimum":1,"effect":null,"effect_speed":0,"identify":null,"level_config_white":{"off_transition_time":15,"on_transition_time":15},"linkquality":3,"off_on_duration":null,"on_off_duration":null,"power_on_behavior":null,"power_on_behaviour":"off","power_outage_count":46,"state":"OFF","state_rgb":"OFF","state_white":"ON","update":{"installed_version":-1,"latest_version":-1,"state":null}}'
[2026-02-12 07:49:27] info: 	z2m:mqtt: MQTT publish: topic 'zigbee2mqtt/Workshop Light/white', payload '{"brightness":254,"color_mode":"color_temp","color_temp":250,"level_config":{"off_transition_time":15,"on_transition_time":15},"state":"ON"}'
[2026-02-12 07:49:27] info: 	z2m:mqtt: MQTT publish: topic 'zigbee2mqtt/Workshop Light/rgb', payload '{"brightness":254,"color":{"x":0.313,"y":0.21},"color_mode":"xy","state":"OFF"}'
[2026-02-12 07:49:27] error: 	z2m: Failed to configure 'Workshop Light', attempt 3 (Error: Device 0x54ef441000b757df has no input cluster manuSpecificLumi
    at getEndpointsWithCluster (/app/node_modules/.pnpm/zigbee-herdsman-converters@25.120.0/node_modules/zigbee-herdsman-converters/src/lib/modernExtend.ts:75:15)
    at configure (/app/node_modules/.pnpm/zigbee-herdsman-converters@25.120.0/node_modules/zigbee-herdsman-converters/src/lib/modernExtend.ts:240:29)
    at Object.configure (/app/node_modules/.pnpm/zigbee-herdsman-converters@25.120.0/node_modules/zigbee-herdsman-converters/src/index.ts:363:27)
    at processTicksAndRejections (node:internal/process/task_queues:105:5)
    at Configure.configure (/app/lib/extension/configure.ts:124:13)
    at EventEmitter.wrappedCallback (/app/lib/eventBus.ts:252:17))
[2026-02-12 07:50:29] info: 	z2m:mqtt: MQTT publish: topic 'zigbee2mqtt/Alarm Keypad', payload '{"action_code":null,"action_transaction":null,"action_zone":null,"battery":100,"battery_low":false,"linkquality":72,"tamper":false,"update":{"installed_version":131077,"latest_release_notes":null,"latest_source":"https://raw.githubusercontent.com/Koenkk/zigbee-OTA/master/images/Develco/IntelligentKeyPad_2.0.5.zigbee","latest_version":131077,"state":"idle"},"voltage":5200}'
[2026-02-12 07:50:39] info: 	z2m:mqtt: MQTT publish: topic 'zigbee2mqtt/Workshop Light', payload '{"brightness_rgb":254,"brightness_white":254,"color_mode_rgb":"xy","color_mode_white":"color_temp","color_rgb":{"x":0.313,"y":0.21},"color_temp_white":250,"device_temperature":32,"dimming_range_maximum":100,"dimming_range_minimum":1,"effect":null,"effect_speed":0,"identify":null,"level_config_white":{"off_transition_time":15,"on_transition_time":15},"linkquality":0,"off_on_duration":null,"on_off_duration":null,"power_on_behavior":null,"power_on_behaviour":"off","power_outage_count":46,"state":"OFF","state_rgb":"OFF","state_white":"OFF","update":{"installed_version":-1,"latest_version":-1,"state":null}}'
[2026-02-12 07:50:39] info: 	z2m:mqtt: MQTT publish: topic 'zigbee2mqtt/Workshop Light/white', payload '{"brightness":254,"color_mode":"color_temp","color_temp":250,"level_config":{"off_transition_time":15,"on_transition_time":15},"state":"OFF"}'
[2026-02-12 07:50:39] info: 	z2m:mqtt: MQTT publish: topic 'zigbee2mqtt/Workshop Light/rgb', payload '{"brightness":254,"color":{"x":0.313,"y":0.21},"color_mode":"xy","state":"OFF"}'
[2026-02-12 07:50:39] info: 	z2m:mqtt: MQTT publish: topic 'zigbee2mqtt/Workshop Light', payload '{"brightness_rgb":254,"brightness_white":254,"color_mode_rgb":"xy","color_mode_white":"color_temp","color_rgb":{"x":0.313,"y":0.21},"color_temp_white":250,"device_temperature":32,"dimming_range_maximum":100,"dimming_range_minimum":1,"effect":null,"effect_speed":0,"identify":null,"level_config_white":{"off_transition_time":15,"on_transition_time":15},"linkquality":0,"off_on_duration":null,"on_off_duration":null,"power_on_behavior":null,"power_on_behaviour":"off","power_outage_count":46,"state":"OFF","state_rgb":"OFF","state_white":"OFF","update":{"installed_version":-1,"latest_version":-1,"state":null}}'
[2026-02-12 07:50:39] info: 	z2m:mqtt: MQTT publish: topic 'zigbee2mqtt/Workshop Light/white', payload '{"brightness":254,"color_mode":"color_temp","color_temp":250,"level_config":{"off_transition_time":15,"on_transition_time":15},"state":"OFF"}'
[2026-02-12 07:50:39] info: 	z2m:mqtt: MQTT publish: topic 'zigbee2mqtt/Workshop Light/rgb', payload '{"brightness":254,"color":{"x":0.313,"y":0.21},"color_mode":"xy","state":"OFF"}'
[2026-02-12 07:50:39] info: 	z2m:mqtt: MQTT publish: topic 'zigbee2mqtt/Workshop Light', payload '{"brightness_rgb":254,"brightness_white":254,"color_mode_rgb":"xy","color_mode_white":"color_temp","color_rgb":{"x":0.313,"y":0.21},"color_temp_white":250,"device_temperature":32,"dimming_range_maximum":100,"dimming_range_minimum":1,"effect":null,"effect_speed":0,"identify":null,"level_config_white":{"off_transition_time":15,"on_transition_time":15},"linkquality":0,"off_on_duration":null,"on_off_duration":null,"power_on_behavior":null,"power_on_behaviour":"off","power_outage_count":46,"state":"OFF","state_rgb":"OFF","state_white":"OFF","update":{"installed_version":-1,"latest_version":-1,"state":null}}'
[2026-02-12 07:50:39] info: 	z2m:mqtt: MQTT publish: topic 'zigbee2mqtt/Workshop Light/white', payload '{"brightness":254,"color_mode":"color_temp","color_temp":250,"level_config":{"off_transition_time":15,"on_transition_time":15},"state":"OFF"}'
[2026-02-12 07:50:39] info: 	z2m:mqtt: MQTT publish: topic 'zigbee2mqtt/Workshop Light/rgb', payload '{"brightness":254,"color":{"x":0.313,"y":0.21},"color_mode":"xy","state":"OFF"}'
[2026-02-12 07:50:39] info: 	z2m:mqtt: MQTT publish: topic 'zigbee2mqtt/Workshop Light', payload '{"brightness_rgb":254,"brightness_white":254,"color_mode_rgb":"xy","color_mode_white":"color_temp","color_rgb":{"x":0.313,"y":0.21},"color_temp_white":250,"device_temperature":32,"dimming_range_maximum":100,"dimming_range_minimum":1,"effect":null,"effect_speed":0,"identify":null,"level_config_white":{"off_transition_time":15,"on_transition_time":15},"linkquality":0,"off_on_duration":null,"on_off_duration":null,"power_on_behavior":null,"power_on_behaviour":"off","power_outage_count":46,"state":"OFF","state_rgb":"OFF","state_white":"OFF","update":{"installed_version":-1,"latest_version":-1,"state":null}}'
[2026-02-12 07:50:39] info: 	z2m:mqtt: MQTT publish: topic 'zigbee2mqtt/Workshop Light/white', payload '{"brightness":254,"color_mode":"color_temp","color_temp":250,"level_config":{"off_transition_time":15,"on_transition_time":15},"state":"OFF"}'
[2026-02-12 07:50:39] info: 	z2m:mqtt: MQTT publish: topic 'zigbee2mqtt/Workshop Light/rgb', payload '{"brightness":254,"color":{"x":0.313,"y":0.21},"color_mode":"xy","state":"OFF"}'
[2026-02-12 07:51:40] info: 	z2m:mqtt: MQTT publish: topic 'zigbee2mqtt/bridge/event', payload '{"data":{"friendly_name":"Philips Backyard Sensor","ieee_address":"0x001788010649a073"},"type":"device_announce"}'
[2026-02-12 07:51:40] info: 	z2m:mqtt: MQTT publish: topic 'zigbee2mqtt/Philips Backyard Sensor', payload '{"battery":10,"illuminance":21,"led_indication":true,"linkquality":40,"motion_sensitivity":"high","occupancy":false,"occupancy_timeout":60,"temperature":15.17,"update":{"installed_version":1124102917,"latest_release_notes":null,"latest_source":"https://raw.githubusercontent.com/Koenkk/zigbee-OTA/master/images/Hue/Sensor-ATmega_0012.sbl-ota","latest_version":1124102917,"state":"idle"}}'
[2026-02-12 07:55:29] info: 	z2m:mqtt: MQTT publish: topic 'zigbee2mqtt/Alarm Keypad', payload '{"action_code":null,"action_transaction":null,"action_zone":null,"battery":100,"battery_low":false,"linkquality":72,"tamper":false,"update":{"installed_version":131077,"latest_release_notes":null,"latest_source":"https://raw.githubusercontent.com/Koenkk/zigbee-OTA/master/images/Develco/IntelligentKeyPad_2.0.5.zigbee","latest_version":131077,"state":"idle"},"voltage":5200}'
[2026-02-12 07:57:31] info: 	z2m:mqtt: MQTT publish: topic 'zigbee2mqtt/bridge/health', payload '{"response_time":1770879451927,"os":{"load_average":[0.08,0.02,0],"memory_used_mb":4156.83,"memory_percent":13.2331},"process":{"uptime_sec":1802,"memory_used_mb":128.16,"memory_percent":0.408},"mqtt":{"connected":true,"queued":0,"published":209,"received":155},"devices":{"0x0015bc0043006306":{"messages":9,"messages_per_sec":0.0055,"leave_count":0,"network_address_changes":0},"0x001788010649a073":{"messages":11,"messages_per_sec":0.0071,"leave_count":0,"network_address_changes":0},"0x54ef441000b757df":{"messages":25,"messages_per_sec":0.0212,"leave_count":0,"network_address_changes":0},"0xb4e3f9fffe753317":{"messages":1,"messages_per_sec":0.002,"leave_count":0,"network_address_changes":0}}}'
[2026-02-12 07:58:53] info: 	z2m:mqtt: MQTT publish: topic 'zigbee2mqtt/bridge/event', payload '{"data":{"friendly_name":"Button 4 - Movie","ieee_address":"0xb4e3f9fffe249e15"},"type":"device_announce"}'
[2026-02-12 08:00:29] info: 	z2m:mqtt: MQTT publish: topic 'zigbee2mqtt/Alarm Keypad', payload '{"action_code":null,"action_transaction":null,"action_zone":null,"battery":100,"battery_low":false,"linkquality":72,"tamper":false,"update":{"installed_version":131077,"latest_release_notes":null,"latest_source":"https://raw.githubusercontent.com/Koenkk/zigbee-OTA/master/images/Develco/IntelligentKeyPad_2.0.5.zigbee","latest_version":131077,"state":"idle"},"voltage":5200}'
[2026-02-12 08:05:29] info: 	z2m:mqtt: MQTT publish: topic 'zigbee2mqtt/Alarm Keypad', payload '{"action_code":null,"action_transaction":null,"action_zone":null,"battery":100,"battery_low":false,"linkquality":72,"tamper":false,"update":{"installed_version":131077,"latest_release_notes":null,"latest_source":"https://raw.githubusercontent.com/Koenkk/zigbee-OTA/master/images/Develco/IntelligentKeyPad_2.0.5.zigbee","latest_version":131077,"state":"idle"},"voltage":5200}'
[2026-02-12 08:06:08] error: 	zh:controller:device: Read response to 0x0015bc0043006306 failed (ZCL command 0x0015bc0043006306/44 genTime.readRsp({"time":824195130}, {"timeout":10000,"disableResponse":false,"disableRecovery":false,"disableDefaultResponse":true,"direction":1,"srcEndpoint":11,"reservedBits":0,"transactionSequenceNumber":127,"writeUndiv":false}) failed (Data request failed with error: 'MAC_TRANSACTION_EXPIRED' (0xf0)))
[2026-02-12 08:07:01] info: 	z2m:mqtt: MQTT publish: topic 'zigbee2mqtt/bridge/event', payload '{"data":{"friendly_name":"Alarm Keypad","ieee_address":"0x0015bc0043006306"},"type":"device_announce"}'
[2026-02-12 08:07:01] info: 	z2m:mqtt: MQTT publish: topic 'zigbee2mqtt/Alarm Keypad', payload '{"action_code":null,"action_transaction":null,"action_zone":null,"battery":100,"battery_low":false,"linkquality":72,"tamper":false,"update":{"installed_version":131077,"latest_release_notes":null,"latest_source":"https://raw.githubusercontent.com/Koenkk/zigbee-OTA/master/images/Develco/IntelligentKeyPad_2.0.5.zigbee","latest_version":131077,"state":"idle"},"voltage":5200}'
[2026-02-12 08:07:01] info: 	z2m:mqtt: MQTT publish: topic 'zigbee2mqtt/Alarm Keypad', payload '{"action_code":null,"action_transaction":null,"action_zone":null,"battery":100,"battery_low":false,"linkquality":69,"tamper":false,"update":{"installed_version":131077,"latest_release_notes":null,"latest_source":"https://raw.githubusercontent.com/Koenkk/zigbee-OTA/master/images/Develco/IntelligentKeyPad_2.0.5.zigbee","latest_version":131077,"state":"idle"},"voltage":5200}'
[2026-02-12 08:07:31] info: 	z2m:mqtt: MQTT publish: topic 'zigbee2mqtt/bridge/health', payload '{"response_time":1770880051927,"os":{"load_average":[0,0.01,0],"memory_used_mb":4163.02,"memory_percent":13.2528},"process":{"uptime_sec":2402,"memory_used_mb":128.89,"memory_percent":0.4103},"mqtt":{"connected":true,"queued":0,"published":225,"received":155},"devices":{"0x0015bc0043006306":{"messages":17,"messages_per_sec":0.0077,"leave_count":0,"network_address_changes":0},"0x001788010649a073":{"messages":12,"messages_per_sec":0.0056,"leave_count":0,"network_address_changes":0},"0x54ef441000b757df":{"messages":26,"messages_per_sec":0.0146,"leave_count":0,"network_address_changes":0},"0xb4e3f9fffe753317":{"messages":1,"messages_per_sec":0.0009,"leave_count":0,"network_address_changes":0},"0xb4e3f9fffe249e15":{"messages":2,"messages_per_sec":0.0039,"leave_count":0,"network_address_changes":0}}}'
[2026-02-12 08:07:55] info: 	z2m:mqtt: MQTT publish: topic 'zigbee2mqtt/Cube', payload '{"action_angle":null,"action_from_side":null,"battery":45,"current":0,"linkquality":0,"operation_mode":"action_mode","power":2,"power_outage_count":159,"side":4,"update":{"installed_version":-1,"latest_version":-1,"state":null},"voltage":2917}'
[2026-02-12 08:12:01] info: 	z2m:mqtt: MQTT publish: topic 'zigbee2mqtt/Alarm Keypad', payload '{"action_code":null,"action_transaction":null,"action_zone":null,"battery":100,"battery_low":false,"linkquality":69,"tamper":false,"update":{"installed_version":131077,"latest_release_notes":null,"latest_source":"https://raw.githubusercontent.com/Koenkk/zigbee-OTA/master/images/Develco/IntelligentKeyPad_2.0.5.zigbee","latest_version":131077,"state":"idle"},"voltage":5200}'
[2026-02-12 08:13:12] warning: 	z2m: Failed to ping 'Workshop Light' (attempt 1/2, ZCL command 0x54ef441000b757df/1 genBasic.read(["zclVersion"], {"timeout":10000,"disableResponse":false,"disableRecovery":true,"disableDefaultResponse":true,"direction":0,"reservedBits":0,"writeUndiv":false,"sendPolicy":"immediate"}) failed (Data request failed with error: 'MAC_CHANNEL_ACCESS_FAILURE' (0xe1)))
[2026-02-12 08:13:24] warning: 	z2m: Failed to ping 'Workshop Light' (attempt 2/2, ZCL command 0x54ef441000b757df/1 genBasic.read(["zclVersion"], {"timeout":10000,"disableResponse":false,"disableRecovery":false,"disableDefaultResponse":true,"direction":0,"reservedBits":0,"writeUndiv":false,"sendPolicy":"immediate"}) failed (Data request failed with error: 'MAC_CHANNEL_ACCESS_FAILURE' (0xe1)))
[2026-02-12 08:13:24] info: 	z2m:mqtt: MQTT publish: topic 'zigbee2mqtt/Workshop Light/availability', payload '{"state":"offline"}'
[2026-02-12 08:17:01] info: 	z2m:mqtt: MQTT publish: topic 'zigbee2mqtt/Alarm Keypad', payload '{"action_code":null,"action_transaction":null,"action_zone":null,"battery":100,"battery_low":false,"linkquality":65,"tamper":false,"update":{"installed_version":131077,"latest_release_notes":null,"latest_source":"https://raw.githubusercontent.com/Koenkk/zigbee-OTA/master/images/Develco/IntelligentKeyPad_2.0.5.zigbee","latest_version":131077,"state":"idle"},"voltage":5200}'
[2026-02-12 08:17:31] info: 	z2m:mqtt: MQTT publish: topic 'zigbee2mqtt/bridge/health', payload '{"response_time":1770880651929,"os":{"load_average":[0,0,0],"memory_used_mb":4160.82,"memory_percent":13.2458},"process":{"uptime_sec":3002,"memory_used_mb":128.89,"memory_percent":0.4103},"mqtt":{"connected":true,"queued":0,"published":237,"received":155},"devices":{"0x0015bc0043006306":{"messages":21,"messages_per_sec":0.0074,"leave_count":0,"network_address_changes":0},"0x001788010649a073":{"messages":14,"messages_per_sec":0.0051,"leave_count":0,"network_address_changes":0},"0x54ef441000b757df":{"messages":26,"messages_per_sec":0.0109,"leave_count":0,"network_address_changes":0},"0xb4e3f9fffe753317":{"messages":1,"messages_per_sec":0.0006,"leave_count":0,"network_address_changes":0},"0xb4e3f9fffe249e15":{"messages":2,"messages_per_sec":0.0018,"leave_count":0,"network_address_changes":0},"0x54ef4410006a43c7":{"messages":1,"messages_per_sec":0.0017,"leave_count":0,"network_address_changes":0}}}'
[2026-02-12 08:20:33] info: 	z2m:mqtt: MQTT publish: topic 'zigbee2mqtt/Workshop Light/availability', payload '{"state":"online"}'
[2026-02-12 08:20:35] info: 	z2m:mqtt: MQTT publish: topic 'zigbee2mqtt/Workshop Light', payload '{"brightness_rgb":254,"brightness_white":254,"color_mode_rgb":"xy","color_mode_white":"color_temp","color_rgb":{"x":0.313,"y":0.21},"color_temp_white":250,"device_temperature":32,"dimming_range_maximum":100,"dimming_range_minimum":1,"effect":null,"effect_speed":0,"identify":null,"level_config_white":{"off_transition_time":15,"on_transition_time":15},"linkquality":0,"off_on_duration":null,"on_off_duration":null,"power_on_behavior":null,"power_on_behaviour":"off","power_outage_count":46,"state":"OFF","state_rgb":"OFF","state_white":"OFF","update":{"installed_version":-1,"latest_version":-1,"state":null}}'
[2026-02-12 08:20:35] info: 	z2m:mqtt: MQTT publish: topic 'zigbee2mqtt/Workshop Light/white', payload '{"brightness":254,"color_mode":"color_temp","color_temp":250,"level_config":{"off_transition_time":15,"on_transition_time":15},"state":"OFF"}'
[2026-02-12 08:20:35] info: 	z2m:mqtt: MQTT publish: topic 'zigbee2mqtt/Workshop Light/rgb', payload '{"brightness":254,"color":{"x":0.313,"y":0.21},"color_mode":"xy","state":"OFF"}'
[2026-02-12 08:22:01] info: 	z2m:mqtt: MQTT publish: topic 'zigbee2mqtt/Alarm Keypad', payload '{"action_code":null,"action_transaction":null,"action_zone":null,"battery":100,"battery_low":false,"linkquality":65,"tamper":false,"update":{"installed_version":131077,"latest_release_notes":null,"latest_source":"https://raw.githubusercontent.com/Koenkk/zigbee-OTA/master/images/Develco/IntelligentKeyPad_2.0.5.zigbee","latest_version":131077,"state":"idle"},"voltage":5200}'
[2026-02-12 08:27:01] info: 	z2m:mqtt: MQTT publish: topic 'zigbee2mqtt/Alarm Keypad', payload '{"action_code":null,"action_transaction":null,"action_zone":null,"battery":100,"battery_low":false,"linkquality":65,"tamper":false,"update":{"installed_version":131077,"latest_release_notes":null,"latest_source":"https://raw.githubusercontent.com/Koenkk/zigbee-OTA/master/images/Develco/IntelligentKeyPad_2.0.5.zigbee","latest_version":131077,"state":"idle"},"voltage":5200}'
[2026-02-12 08:27:31] info: 	z2m:mqtt: MQTT publish: topic 'zigbee2mqtt/bridge/health', payload '{"response_time":1770881251929,"os":{"load_average":[0.2,0.07,0.02],"memory_used_mb":4167.98,"memory_percent":13.2686},"process":{"uptime_sec":3602,"memory_used_mb":129.24,"memory_percent":0.4114},"mqtt":{"connected":true,"queued":0,"published":250,"received":155},"devices":{"0x0015bc0043006306":{"messages":24,"messages_per_sec":0.007,"leave_count":0,"network_address_changes":0},"0x001788010649a073":{"messages":16,"messages_per_sec":0.0048,"leave_count":0,"network_address_changes":0},"0x54ef441000b757df":{"messages":28,"messages_per_sec":0.0094,"leave_count":0,"network_address_changes":0},"0xb4e3f9fffe753317":{"messages":1,"messages_per_sec":0.0004,"leave_count":0,"network_address_changes":0},"0xb4e3f9fffe249e15":{"messages":2,"messages_per_sec":0.0012,"leave_count":0,"network_address_changes":0},"0x54ef4410006a43c7":{"messages":1,"messages_per_sec":0.0008,"leave_count":0,"network_address_changes":0}}}'
[2026-02-12 08:29:04] warning: 	z2m: Failed to ping 'Alarm Repeater' (attempt 1/1, ZCL command 0x0015bc0022000242/37 genBasic.read(["zclVersion"], {"timeout":10000,"disableResponse":false,"disableRecovery":true,"disableDefaultResponse":true,"direction":0,"reservedBits":0,"writeUndiv":false,"sendPolicy":"immediate"}) failed (Data request failed with error: 'NWK_NO_ROUTE' (0xcd)))
[2026-02-12 08:29:20] warning: 	z2m: Failed to ping 'Kitchen Presence' (attempt 1/1, ZCL command 0x54ef44100124a3ca/1 genBasic.read(["zclVersion"], {"timeout":10000,"disableResponse":false,"disableRecovery":true,"disableDefaultResponse":true,"direction":0,"reservedBits":0,"writeUndiv":false,"sendPolicy":"immediate"}) failed (Data request failed with error: 'MAC_CHANNEL_ACCESS_FAILURE' (0xe1)))
[2026-02-12 08:29:46] warning: 	z2m: Failed to ping 'Alarm Siren' (attempt 1/1, ZCL command 0x0015bc0041007a25/43 genBasic.read(["zclVersion"], {"timeout":10000,"disableResponse":false,"disableRecovery":true,"disableDefaultResponse":true,"direction":0,"reservedBits":0,"writeUndiv":false,"sendPolicy":"immediate"}) failed (Data request failed with error: 'NWK_NO_ROUTE' (0xcd)))
[2026-02-12 08:30:11] warning: 	z2m: Failed to ping 'Smart Plug Z1' (attempt 1/1, ZCL command 0xa4c13812921dddfd/1 genBasic.read(["zclVersion"], {"timeout":10000,"disableResponse":false,"disableRecovery":true,"disableDefaultResponse":true,"direction":0,"reservedBits":0,"writeUndiv":false,"sendPolicy":"immediate"}) failed (Data request failed with error: 'NWK_NO_ROUTE' (0xcd)))
[2026-02-12 08:32:01] info: 	z2m:mqtt: MQTT publish: topic 'zigbee2mqtt/Alarm Keypad', payload '{"action_code":null,"action_transaction":null,"action_zone":null,"battery":100,"battery_low":false,"linkquality":69,"tamper":false,"update":{"installed_version":131077,"latest_release_notes":null,"latest_source":"https://raw.githubusercontent.com/Koenkk/zigbee-OTA/master/images/Develco/IntelligentKeyPad_2.0.5.zigbee","latest_version":131077,"state":"idle"},"voltage":5200}'
[2026-02-12 08:33:22] info: 	z2m:mqtt: MQTT publish: topic 'zigbee2mqtt/Button 1 - Kitchen', payload '{"battery":90,"identify":null,"linkquality":18,"update":{"installed_version":604241926,"latest_release_notes":"https://ww8.ikea.com/ikeahomesmart/releasenotes/releasenotes.html","latest_source":"https://raw.githubusercontent.com/Koenkk/zigbee-OTA/master/images/IKEA/tradfri-shortcut-button_release_prod_v604241926_56f5d8d1-78b1-4088-afc1-05d3b7e3314b.ota","latest_version":604241926,"state":"idle"}}'
[2026-02-12 08:34:26] info: 	z2m:mqtt: MQTT publish: topic 'zigbee2mqtt/Philips Backyard Sensor', payload '{"battery":10,"illuminance":174,"led_indication":true,"linkquality":3,"motion_sensitivity":"high","occupancy":false,"occupancy_timeout":60,"temperature":15.17,"update":{"installed_version":1124102917,"latest_release_notes":null,"latest_source":"https://raw.githubusercontent.com/Koenkk/zigbee-OTA/master/images/Hue/Sensor-ATmega_0012.sbl-ota","latest_version":1124102917,"state":"idle"}}'
[2026-02-12 08:34:26] info: 	z2m:mqtt: MQTT publish: topic 'zigbee2mqtt/bridge/event', payload '{"data":{"friendly_name":"Philips Backyard Sensor","ieee_address":"0x001788010649a073"},"type":"device_announce"}'
[2026-02-12 08:37:01] info: 	z2m:mqtt: MQTT publish: topic 'zigbee2mqtt/Alarm Keypad', payload '{"action_code":null,"action_transaction":null,"action_zone":null,"battery":100,"battery_low":false,"linkquality":69,"tamper":false,"update":{"installed_version":131077,"latest_release_notes":null,"latest_source":"https://raw.githubusercontent.com/Koenkk/zigbee-OTA/master/images/Develco/IntelligentKeyPad_2.0.5.zigbee","latest_version":131077,"state":"idle"},"voltage":5200}'
[2026-02-12 08:37:31] info: 	z2m:mqtt: MQTT publish: topic 'zigbee2mqtt/bridge/health', payload '{"response_time":1770881851930,"os":{"load_average":[0.01,0.03,0],"memory_used_mb":4163.16,"memory_percent":13.2533},"process":{"uptime_sec":4202,"memory_used_mb":129.44,"memory_percent":0.4121},"mqtt":{"connected":true,"queued":0,"published":267,"received":155},"devices":{"0x0015bc0043006306":{"messages":27,"messages_per_sec":0.0067,"leave_count":0,"network_address_changes":0},"0x001788010649a073":{"messages":24,"messages_per_sec":0.0061,"leave_count":0,"network_address_changes":0},"0x54ef441000b757df":{"messages":29,"messages_per_sec":0.0081,"leave_count":0,"network_address_changes":0},"0xb4e3f9fffe753317":{"messages":1,"messages_per_sec":0.0003,"leave_count":0,"network_address_changes":0},"0xb4e3f9fffe249e15":{"messages":2,"messages_per_sec":0.0009,"leave_count":0,"network_address_changes":0},"0x54ef4410006a43c7":{"messages":1,"messages_per_sec":0.0006,"leave_count":0,"network_address_changes":0},"0x04cd15fffe268dcc":{"messages":1,"messages_per_sec":0.004,"leave_count":0,"network_address_changes":0}}}'
[2026-02-12 08:38:17] info: 	z2m:mqtt: MQTT publish: topic 'zigbee2mqtt/Button 4 - Movie', payload '{"action":"off","battery":90,"identify":null,"linkquality":94,"update":{"installed_version":604241926,"latest_release_notes":"https://ww8.ikea.com/ikeahomesmart/releasenotes/releasenotes.html","latest_source":"https://raw.githubusercontent.com/Koenkk/zigbee-OTA/master/images/IKEA/tradfri-shortcut-button_release_prod_v604241926_56f5d8d1-78b1-4088-afc1-05d3b7e3314b.ota","latest_version":604241926,"state":"idle"}}'
[2026-02-12 08:38:17] info: 	z2m:mqtt: MQTT publish: topic 'zigbee2mqtt/Button 4 - Movie/action', payload 'off'
[2026-02-12 08:40:15] warning: 	z2m: Failed to ping 'Workshop Light' (attempt 1/2, ZCL command 0x54ef441000b757df/1 genBasic.read(["zclVersion"], {"timeout":10000,"disableResponse":false,"disableRecovery":true,"disableDefaultResponse":true,"direction":0,"reservedBits":0,"writeUndiv":false,"sendPolicy":"immediate"}) failed (Timeout - 64997 - 1 - 32 - 0 - 1 after 10000ms))
[2026-02-12 08:42:01] info: 	z2m:mqtt: MQTT publish: topic 'zigbee2mqtt/Alarm Keypad', payload '{"action_code":null,"action_transaction":null,"action_zone":null,"battery":100,"battery_low":false,"linkquality":76,"tamper":false,"update":{"installed_version":131077,"latest_release_notes":null,"latest_source":"https://raw.githubusercontent.com/Koenkk/zigbee-OTA/master/images/Develco/IntelligentKeyPad_2.0.5.zigbee","latest_version":131077,"state":"idle"},"voltage":5200}'
[2026-02-12 08:43:49] info: 	z2m:mqtt: MQTT publish: topic 'zigbee2mqtt/Workshop Light', payload '{"brightness_rgb":254,"brightness_white":254,"color_mode_rgb":"xy","color_mode_white":"color_temp","color_rgb":{"x":0.313,"y":0.21},"color_temp_white":250,"device_temperature":32,"dimming_range_maximum":100,"dimming_range_minimum":1,"effect":null,"effect_speed":0,"identify":null,"level_config_white":{"off_transition_time":15,"on_transition_time":15},"linkquality":3,"off_on_duration":null,"on_off_duration":null,"power_on_behavior":null,"power_on_behaviour":"off","power_outage_count":46,"state":"OFF","state_rgb":"OFF","state_white":"OFF","update":{"installed_version":-1,"latest_version":-1,"state":null}}'
[2026-02-12 08:43:49] info: 	z2m:mqtt: MQTT publish: topic 'zigbee2mqtt/Workshop Light/white', payload '{"brightness":254,"color_mode":"color_temp","color_temp":250,"level_config":{"off_transition_time":15,"on_transition_time":15},"state":"OFF"}'
[2026-02-12 08:43:49] info: 	z2m:mqtt: MQTT publish: topic 'zigbee2mqtt/Workshop Light/rgb', payload '{"brightness":254,"color":{"x":0.313,"y":0.21},"color_mode":"xy","state":"OFF"}'
[2026-02-12 08:47:01] info: 	z2m:mqtt: MQTT publish: topic 'zigbee2mqtt/Alarm Keypad', payload '{"action_code":null,"action_transaction":null,"action_zone":null,"battery":100,"battery_low":false,"linkquality":69,"tamper":false,"update":{"installed_version":131077,"latest_release_notes":null,"latest_source":"https://raw.githubusercontent.com/Koenkk/zigbee-OTA/master/images/Develco/IntelligentKeyPad_2.0.5.zigbee","latest_version":131077,"state":"idle"},"voltage":5200}'
[2026-02-12 08:47:31] info: 	z2m:mqtt: MQTT publish: topic 'zigbee2mqtt/bridge/health', payload '{"response_time":1770882451930,"os":{"load_average":[0.08,0.05,0.01],"memory_used_mb":4161.71,"memory_percent":13.2487},"process":{"uptime_sec":4802,"memory_used_mb":129.25,"memory_percent":0.4115},"mqtt":{"connected":true,"queued":0,"published":284,"received":155},"devices":{"0x0015bc0043006306":{"messages":29,"messages_per_sec":0.0063,"leave_count":0,"network_address_changes":0},"0x001788010649a073":{"messages":25,"messages_per_sec":0.0055,"leave_count":0,"network_address_changes":0},"0x54ef441000b757df":{"messages":32,"messages_per_sec":0.0077,"leave_count":0,"network_address_changes":0},"0xb4e3f9fffe753317":{"messages":3,"messages_per_sec":0.0009,"leave_count":0,"network_address_changes":0},"0xb4e3f9fffe249e15":{"messages":3,"messages_per_sec":0.001,"leave_count":0,"network_address_changes":0},"0x54ef4410006a43c7":{"messages":1,"messages_per_sec":0.0004,"leave_count":0,"network_address_changes":0},"0x04cd15fffe268dcc":{"messages":1,"messages_per_sec":0.0012,"leave_count":0,"network_address_changes":0}}}'
[2026-02-12 08:50:13] info: 	z2m:mqtt: MQTT publish: topic 'zigbee2mqtt/Workshop Light', payload '{"brightness_rgb":254,"brightness_white":254,"color_mode_rgb":"xy","color_mode_white":"color_temp","color_rgb":{"x":0.313,"y":0.21},"color_temp_white":250,"device_temperature":32,"dimming_range_maximum":100,"dimming_range_minimum":1,"effect":null,"effect_speed":0,"identify":null,"level_config_white":{"off_transition_time":15,"on_transition_time":15},"linkquality":0,"off_on_duration":null,"on_off_duration":null,"power_on_behavior":null,"power_on_behaviour":"off","power_outage_count":46,"state":"OFF","state_rgb":"OFF","state_white":"OFF","update":{"installed_version":-1,"latest_version":-1,"state":null}}'
[2026-02-12 08:50:13] info: 	z2m:mqtt: MQTT publish: topic 'zigbee2mqtt/Workshop Light/white', payload '{"brightness":254,"color_mode":"color_temp","color_temp":250,"level_config":{"off_transition_time":15,"on_transition_time":15},"state":"OFF"}'
[2026-02-12 08:50:13] info: 	z2m:mqtt: MQTT publish: topic 'zigbee2mqtt/Workshop Light/rgb', payload '{"brightness":254,"color":{"x":0.313,"y":0.21},"color_mode":"xy","state":"OFF"}'
[2026-02-12 08:52:01] info: 	z2m:mqtt: MQTT publish: topic 'zigbee2mqtt/Alarm Keypad', payload '{"action_code":null,"action_transaction":null,"action_zone":null,"battery":100,"battery_low":false,"linkquality":65,"tamper":false,"update":{"installed_version":131077,"latest_release_notes":null,"latest_source":"https://raw.githubusercontent.com/Koenkk/zigbee-OTA/master/images/Develco/IntelligentKeyPad_2.0.5.zigbee","latest_version":131077,"state":"idle"},"voltage":5200}'
[2026-02-12 08:55:18] info: 	z2m: Configuring 'Water Sensor 1'
[2026-02-12 08:55:18] info: 	z2m:mqtt: MQTT publish: topic 'zigbee2mqtt/Water Sensor 1', payload '{"battery":70,"battery_low":false,"linkquality":0,"tamper":false,"voltage":2800,"water_leak":false}'
[2026-02-12 08:55:18] info: 	z2m:mqtt: MQTT publish: topic 'zigbee2mqtt/Water Sensor 1', payload '{"battery":70,"battery_low":false,"linkquality":0,"tamper":false,"voltage":2800,"water_leak":false}'
[2026-02-12 08:55:18] info: 	z2m:mqtt: MQTT publish: topic 'zigbee2mqtt/Water Sensor 1', payload '{"battery":70,"battery_low":false,"linkquality":0,"tamper":false,"voltage":2800,"water_leak":false}'
[2026-02-12 08:55:18] info: 	z2m:mqtt: MQTT publish: topic 'zigbee2mqtt/Water Sensor 1', payload '{"battery":70,"battery_low":false,"linkquality":0,"tamper":false,"voltage":2800,"water_leak":false}'
[2026-02-12 08:55:18] info: 	z2m:mqtt: MQTT publish: topic 'zigbee2mqtt/Water Sensor 1', payload '{"battery":70,"battery_low":false,"linkquality":0,"tamper":false,"voltage":2800,"water_leak":false}'
[2026-02-12 08:55:18] info: 	z2m:mqtt: MQTT publish: topic 'zigbee2mqtt/Water Sensor 1', payload '{"battery":70,"battery_low":false,"linkquality":0,"tamper":false,"voltage":2800,"water_leak":false}'
[2026-02-12 08:55:18] info: 	z2m:mqtt: MQTT publish: topic 'zigbee2mqtt/Water Sensor 1', payload '{"battery":70,"battery_low":false,"linkquality":0,"tamper":false,"voltage":2800,"water_leak":false}'
[2026-02-12 08:55:18] info: 	z2m:mqtt: MQTT publish: topic 'zigbee2mqtt/Water Sensor 1', payload '{"battery":70,"battery_low":false,"linkquality":0,"tamper":false,"voltage":2800,"water_leak":false}'
[2026-02-12 08:55:18] info: 	z2m:mqtt: MQTT publish: topic 'zigbee2mqtt/Water Sensor 1', payload '{"battery":70,"battery_low":false,"linkquality":0,"tamper":false,"voltage":2800,"water_leak":false}'
[2026-02-12 08:55:18] info: 	z2m:mqtt: MQTT publish: topic 'zigbee2mqtt/Water Sensor 1', payload '{"battery":70,"battery_low":false,"linkquality":0,"tamper":false,"voltage":2800,"water_leak":false}'
[2026-02-12 08:55:18] info: 	z2m:mqtt: MQTT publish: topic 'zigbee2mqtt/Water Sensor 1', payload '{"battery":70,"battery_low":false,"linkquality":0,"tamper":false,"voltage":2800,"water_leak":false}'
[2026-02-12 08:55:18] info: 	z2m:mqtt: MQTT publish: topic 'zigbee2mqtt/Water Sensor 1', payload '{"battery":70,"battery_low":false,"linkquality":0,"tamper":false,"voltage":2800,"water_leak":false}'
[2026-02-12 08:55:18] info: 	z2m:mqtt: MQTT publish: topic 'zigbee2mqtt/Water Sensor 1', payload '{"battery":70,"battery_low":false,"linkquality":0,"tamper":false,"voltage":2800,"water_leak":false}'
[2026-02-12 08:55:18] info: 	z2m:mqtt: MQTT publish: topic 'zigbee2mqtt/Water Sensor 1', payload '{"battery":70,"battery_low":false,"linkquality":0,"tamper":false,"voltage":2800,"water_leak":false}'
[2026-02-12 08:55:18] info: 	z2m:mqtt: MQTT publish: topic 'zigbee2mqtt/Water Sensor 1', payload '{"battery":70,"battery_low":false,"linkquality":0,"tamper":false,"voltage":2800,"water_leak":false}'
[2026-02-12 08:55:42] error: 	z2m: Failed to configure 'Water Sensor 1', attempt 1 (Error: ZCL command 0x5c0272fffebb9cde/1 genPowerCfg.configReport([{"attribute":"batteryPercentageRemaining","minimumReportInterval":3600,"maximumReportInterval":65000,"reportableChange":0}], {"timeout":10000,"disableResponse":false,"disableRecovery":false,"disableDefaultResponse":true,"direction":0,"reservedBits":0,"writeUndiv":false}) failed (Data request failed with error: 'MAC_CHANNEL_ACCESS_FAILURE' (0xe1))
    at ZStackAdapter.sendZclFrameToEndpointInternal (/app/node_modules/.pnpm/zigbee-herdsman@9.0.2/node_modules/zigbee-herdsman/src/adapter/z-stack/adapter/zStackAdapter.ts:586:23)
    at processTicksAndRejections (node:internal/process/task_queues:105:5)
    at ZStackAdapter.sendZclFrameToEndpointInternal (/app/node_modules/.pnpm/zigbee-herdsman@9.0.2/node_modules/zigbee-herdsman/src/adapter/z-stack/adapter/zStackAdapter.ts:604:24)
    at ZStackAdapter.sendZclFrameToEndpointInternal (/app/node_modules/.pnpm/zigbee-herdsman@9.0.2/node_modules/zigbee-herdsman/src/adapter/z-stack/adapter/zStackAdapter.ts:604:24)
    at ZStackAdapter.sendZclFrameToEndpointInternal (/app/node_modules/.pnpm/zigbee-herdsman@9.0.2/node_modules/zigbee-herdsman/src/adapter/z-stack/adapter/zStackAdapter.ts:604:24)
    at ZStackAdapter.sendZclFrameToEndpointInternal (/app/node_modules/.pnpm/zigbee-herdsman@9.0.2/node_modules/zigbee-herdsman/src/adapter/z-stack/adapter/zStackAdapter.ts:604:24)
    at /app/node_modules/.pnpm/zigbee-herdsman@9.0.2/node_modules/zigbee-herdsman/src/adapter/z-stack/adapter/zStackAdapter.ts:484:20
    at Queue.execute (/app/node_modules/.pnpm/zigbee-herdsman@9.0.2/node_modules/zigbee-herdsman/src/utils/queue.ts:38:20)
    at ZStackAdapter.sendZclFrameToEndpoint (/app/node_modules/.pnpm/zigbee-herdsman@9.0.2/node_modules/zigbee-herdsman/src/adapter/z-stack/adapter/zStackAdapter.ts:482:16)
    at Request.send (/app/node_modules/.pnpm/zigbee-herdsman@9.0.2/node_modules/zigbee-herdsman/src/controller/helpers/request.ts:86:25))
[2026-02-12 08:57:01] info: 	z2m:mqtt: MQTT publish: topic 'zigbee2mqtt/Alarm Keypad', payload '{"action_code":null,"action_transaction":null,"action_zone":null,"battery":100,"battery_low":false,"linkquality":72,"tamper":false,"update":{"installed_version":131077,"latest_release_notes":null,"latest_source":"https://raw.githubusercontent.com/Koenkk/zigbee-OTA/master/images/Develco/IntelligentKeyPad_2.0.5.zigbee","latest_version":131077,"state":"idle"},"voltage":5200}'
[2026-02-12 08:57:31] info: 	z2m:mqtt: MQTT publish: topic 'zigbee2mqtt/bridge/health', payload '{"response_time":1770883051931,"os":{"load_average":[0.18,0.14,0.05],"memory_used_mb":4157.54,"memory_percent":13.2354},"process":{"uptime_sec":5402,"memory_used_mb":129.58,"memory_percent":0.4125},"mqtt":{"connected":true,"queued":0,"published":314,"received":155},"devices":{"0x0015bc0043006306":{"messages":32,"messages_per_sec":0.0061,"leave_count":0,"network_address_changes":0},"0x001788010649a073":{"messages":26,"messages_per_sec":0.005,"leave_count":0,"network_address_changes":0},"0x54ef441000b757df":{"messages":36,"messages_per_sec":0.0075,"leave_count":0,"network_address_changes":0},"0xb4e3f9fffe753317":{"messages":3,"messages_per_sec":0.0007,"leave_count":0,"network_address_changes":0},"0xb4e3f9fffe249e15":{"messages":4,"messages_per_sec":0.0011,"leave_count":0,"network_address_changes":0},"0x54ef4410006a43c7":{"messages":1,"messages_per_sec":0.0003,"leave_count":0,"network_address_changes":0},"0x04cd15fffe268dcc":{"messages":4,"messages_per_sec":0.0028,"leave_count":0,"network_address_changes":0},"0x5c0272fffebb9cde":{"messages":15,"messages_per_sec":0.1125,"leave_count":0,"network_address_changes":0}}}'
[2026-02-12 08:57:53] info: 	z2m:mqtt: MQTT publish: topic 'zigbee2mqtt/bridge/event', payload '{"data":{"friendly_name":"Button 4 - Movie","ieee_address":"0xb4e3f9fffe249e15"},"type":"device_announce"}'
