[2025-11-26 08:00:45] info: 	z2m: Logging to console, file (filename: log.log)
[2025-11-26 08:00:45] info: 	z2m: Starting Zigbee2MQTT version 2.6.3 (commit #unknown)
[2025-11-26 08:00:45] info: 	z2m: Starting zigbee-herdsman (6.3.2)
[2025-11-26 08:00:46] info: 	zh:zstack:znp: Opening TCP socket with 192.168.87.68:6638
[2025-11-26 08:00:46] info: 	zh:zstack:znp: Socket connected
[2025-11-26 08:00:46] info: 	zh:zstack:znp: Socket ready
[2025-11-26 08:00:46] info: 	zh:zstack:znp: Writing CC2530/CC2531 skip bootloader payload
[2025-11-26 08:00:47] info: 	zh:zstack:znp: Skip bootloader for CC2652/CC1352
[2025-11-26 08:00:52] info: 	z2m: zigbee-herdsman started (resumed)
[2025-11-26 08:00:52] info: 	z2m: Coordinator firmware version: '{"meta":{"maintrel":1,"majorrel":2,"minorrel":7,"product":1,"revision":20240710,"transportrev":2},"type":"ZStack3x0"}'
[2025-11-26 08:00:52] info: 	z2m: Button 4 - Movie (0xb4e3f9fffe249e15): E1812 - IKEA TRADFRI shortcut button (EndDevice)
[2025-11-26 08:00:52] info: 	z2m: Smart Plug Z1 (0xa4c13812921dddfd): TS011F_plug_3 - Tuya Smart plug (with power monitoring by polling) (Router)
[2025-11-26 08:00:52] info: 	z2m: Button 3 - Workshop (0xb4e3f9fffe753317): E1812 - IKEA TRADFRI shortcut button (EndDevice)
[2025-11-26 08:00:52] info: 	z2m: Button 2 - Chandelier (0x04cd15fffe7ff98b): E1812 - IKEA TRADFRI shortcut button (EndDevice)
[2025-11-26 08:00:52] info: 	z2m: Button 1 - Kitchen (0x04cd15fffe268dcc): E1812 - IKEA TRADFRI shortcut button (EndDevice)
[2025-11-26 08:00:52] info: 	z2m: Cube (0x54ef4410006a43c7): CTP-R01 - Aqara Cube T1 Pro (EndDevice)
[2025-11-26 08:00:52] info: 	z2m: Philips Backyard Sensor (0x001788010649a073): 9290019758 - Philips Hue motion outdoor sensor (EndDevice)
[2025-11-26 08:00:52] info: 	z2m: Water Sensor 1 (0x5c0272fffebb9cde): TS0207_water_leak_detector_3 - Tuya Zigbee water leak sensor (EndDevice)
[2025-11-26 08:00:52] info: 	z2m: Alarm Keypad (0x0015bc0043006306): KEYZB-110 - Develco Keypad (EndDevice)
[2025-11-26 08:00:52] info: 	z2m: Alarm Repeater (0x0015bc0022000242): REXZB-111 - Frient Zigbee repeater with backup battery (Router)
[2025-11-26 08:00:52] info: 	z2m: Alarm Siren (0x0015bc0041007a25): SIRZB-111 - Develco Customizable siren (Router)
[2025-11-26 08:00:52] info: 	z2m: Workshop Light (0x54ef441000b757df): CL-L02D - Aqara Ceiling light T1M (EndDevice)
[2025-11-26 08:00:52] info: 	z2m: Currently 12 devices are joined.
[2025-11-26 08:00:52] info: 	z2m: Connecting to MQTT server at mqtt://core-mosquitto:1883
[2025-11-26 08:00:52] info: 	z2m: Connected to MQTT server
[2025-11-26 08:00:52] info: 	z2m:mqtt: MQTT publish: topic 'zigbee2mqtt/bridge/state', payload '{"state":"online"}'
[2025-11-26 08:00:53] info: 	z2m:mqtt: MQTT publish: topic 'zigbee2mqtt/Button 4 - Movie/availability', payload '{"state":"online"}'
[2025-11-26 08:00:53] info: 	z2m:mqtt: MQTT publish: topic 'zigbee2mqtt/Smart Plug Z1/availability', payload '{"state":"offline"}'
[2025-11-26 08:00:53] info: 	z2m:mqtt: MQTT publish: topic 'zigbee2mqtt/Button 3 - Workshop/availability', payload '{"state":"online"}'
[2025-11-26 08:00:53] info: 	z2m:mqtt: MQTT publish: topic 'zigbee2mqtt/Button 2 - Chandelier/availability', payload '{"state":"online"}'
[2025-11-26 08:00:53] info: 	z2m:mqtt: MQTT publish: topic 'zigbee2mqtt/Button 1 - Kitchen/availability', payload '{"state":"online"}'
[2025-11-26 08:00:53] info: 	z2m:mqtt: MQTT publish: topic 'zigbee2mqtt/Cube/availability', payload '{"state":"online"}'
[2025-11-26 08:00:53] info: 	z2m:mqtt: MQTT publish: topic 'zigbee2mqtt/Philips Backyard Sensor/availability', payload '{"state":"online"}'
[2025-11-26 08:00:53] info: 	z2m:mqtt: MQTT publish: topic 'zigbee2mqtt/Water Sensor 1/availability', payload '{"state":"online"}'
[2025-11-26 08:00:53] info: 	z2m:mqtt: MQTT publish: topic 'zigbee2mqtt/Alarm Keypad/availability', payload '{"state":"online"}'
[2025-11-26 08:00:53] info: 	z2m:mqtt: MQTT publish: topic 'zigbee2mqtt/Alarm Repeater/availability', payload '{"state":"offline"}'
[2025-11-26 08:00:53] info: 	z2m:mqtt: MQTT publish: topic 'zigbee2mqtt/Alarm Siren/availability', payload '{"state":"offline"}'
[2025-11-26 08:00:53] info: 	z2m:mqtt: MQTT publish: topic 'zigbee2mqtt/Workshop Light/availability', payload '{"state":"online"}'
[2025-11-26 08:00:54] info: 	z2m: Started frontend on port 8099
[2025-11-26 08:00:54] info: 	z2m:mqtt: MQTT publish: topic 'zigbee2mqtt/Button 4 - Movie', payload '{"battery":90,"identify":null,"linkquality":61,"update":{"installed_version":604241926,"latest_version":604241926,"state":"idle"}}'
[2025-11-26 08:00:54] info: 	z2m:mqtt: MQTT publish: topic 'zigbee2mqtt/Smart Plug Z1', payload '{"child_lock":"UNLOCK","countdown":0,"current":0,"energy":16.74,"indicator_mode":"off/on","linkquality":120,"power":0,"power_outage_memory":"off","state":"OFF","update":{"installed_version":192,"latest_version":192,"state":"idle"},"voltage":232}'
[2025-11-26 08:00:54] info: 	z2m:mqtt: MQTT publish: topic 'zigbee2mqtt/Button 3 - Workshop', payload '{"battery":90,"identify":null,"linkquality":58,"update":{"installed_version":604241926,"latest_version":604241926,"state":"idle"}}'
[2025-11-26 08:00:54] info: 	z2m:mqtt: MQTT publish: topic 'zigbee2mqtt/Button 2 - Chandelier', payload '{"battery":14,"identify":null,"linkquality":58,"update":{"installed_version":604241926,"latest_version":604241926,"state":"idle"}}'
[2025-11-26 08:00:54] info: 	z2m:mqtt: MQTT publish: topic 'zigbee2mqtt/Button 1 - Kitchen', payload '{"battery":90,"identify":null,"linkquality":58,"update":{"installed_version":604241926,"latest_version":604241926,"state":"idle"}}'
[2025-11-26 08:00:54] info: 	z2m:mqtt: MQTT publish: topic 'zigbee2mqtt/Cube', payload '{"action_angle":null,"action_from_side":null,"battery":61,"current":0,"linkquality":112,"operation_mode":"action_mode","power":2,"power_outage_count":159,"side":4,"update":{"installed_version":-1,"latest_version":-1,"state":null},"voltage":2942}'
[2025-11-26 08:00:54] info: 	z2m:mqtt: MQTT publish: topic 'zigbee2mqtt/Philips Backyard Sensor', payload '{"battery":19,"illuminance":9,"led_indication":true,"linkquality":83,"motion_sensitivity":"high","occupancy":false,"occupancy_timeout":60,"temperature":8.95,"update":{"installed_version":1124102917,"latest_version":1124102917,"state":"idle"}}'
[2025-11-26 08:00:54] info: 	z2m:mqtt: MQTT publish: topic 'zigbee2mqtt/Water Sensor 1', payload '{"battery":70,"battery_low":false,"linkquality":58,"tamper":false,"voltage":2800,"water_leak":false}'
[2025-11-26 08:00:54] info: 	z2m:mqtt: MQTT publish: topic 'zigbee2mqtt/Alarm Keypad', payload '{"action_code":null,"action_transaction":null,"action_zone":null,"battery":100,"battery_low":false,"linkquality":58,"tamper":false,"update":{"installed_version":131077,"latest_version":131077,"state":"idle"},"voltage":5400}'
[2025-11-26 08:00:54] info: 	z2m:mqtt: MQTT publish: topic 'zigbee2mqtt/Alarm Repeater', payload '{"alarm_1":false,"alarm_2":false,"battery":null,"battery_low":true,"identify":null,"linkquality":47,"tamper":false}'
[2025-11-26 08:00:54] info: 	z2m:mqtt: MQTT publish: topic 'zigbee2mqtt/Alarm Siren', payload '{"ac_status":true,"alarm":false,"battery":null,"battery_low":true,"enrolled":true,"ias_cie_address":"0x00124b002e0e1c5f","linkquality":65,"max_duration":10,"restore_reports":true,"supervision_reports":true,"tamper":false,"test":false,"voltage":null,"zone_id":23}'
[2025-11-26 08:00:54] info: 	z2m:mqtt: MQTT publish: topic 'zigbee2mqtt/Workshop Light', payload '{"brightness_rgb":254,"brightness_white":254,"color_mode_rgb":"xy","color_rgb":{"x":0.313,"y":0.21},"device_temperature":26,"linkquality":61,"power_on_behaviour":"off","power_outage_count":28,"state":"OFF","state_rgb":"OFF","state_white":"OFF","update":{"installed_version":-1,"latest_version":-1,"state":null}}'
[2025-11-26 08:00:54] info: 	z2m:mqtt: MQTT publish: topic 'zigbee2mqtt/Workshop Light/white', payload '{"brightness":254,"state":"OFF"}'
[2025-11-26 08:00:54] info: 	z2m: Zigbee2MQTT started!
[2025-11-26 08:00:54] info: 	z2m:mqtt: MQTT publish: topic 'zigbee2mqtt/Workshop Light/rgb', payload '{"brightness":254,"color":{"x":0.313,"y":0.21},"color_mode":"xy","state":"OFF"}'
[2025-11-26 08:00:55] warning: 	z2m: Failed to ping 'Smart Plug Z1' (attempt 1/1, ZCL command 0xa4c13812921dddfd/1 genBasic.read(["zclVersion"], {"timeout":10000,"disableResponse":false,"disableRecovery":true,"disableDefaultResponse":true,"direction":0,"reservedBits":0,"writeUndiv":false}) failed (Data request failed with error: 'No network route' (205)))
[2025-11-26 08:00:59] info: 	z2m:mqtt: MQTT publish: topic 'homeassistant/binary_sensor/1221051039810110150109113116116_0x00124b002e0e1c5f/connection_state/config', payload '{"default_entity_id":"binary_sensor.zigbee2mqtt_bridge_connection_state","device":{"hw_version":"ZStack3x0 20240710","identifiers":["zigbee2mqtt_bridge_0x00124b002e0e1c5f"],"manufacturer":"Zigbee2MQTT","model":"Bridge","name":"Zigbee2MQTT Bridge","sw_version":"2.6.3"},"device_class":"connectivity","entity_category":"diagnostic","name":"Connection state","object_id":"zigbee2mqtt_bridge_connection_state","origin":{"name":"Zigbee2MQTT","sw":"2.6.3","url":"https://www.zigbee2mqtt.io"},"payload_off":"offline","payload_on":"online","state_topic":"zigbee2mqtt/bridge/state","unique_id":"bridge_0x00124b002e0e1c5f_connection_state_zigbee2mqtt","value_template":"{{ value_json.state }}"}'
[2025-11-26 08:00:59] warning: 	z2m: Failed to ping 'Alarm Repeater' (attempt 1/1, ZCL command 0x0015bc0022000242/37 genBasic.read(["zclVersion"], {"timeout":10000,"disableResponse":false,"disableRecovery":true,"disableDefaultResponse":true,"direction":0,"reservedBits":0,"writeUndiv":false}) failed (Data request failed with error: 'No network route' (205)))
[2025-11-26 08:01:03] warning: 	z2m: Failed to ping 'Alarm Siren' (attempt 1/1, ZCL command 0x0015bc0041007a25/43 genBasic.read(["zclVersion"], {"timeout":10000,"disableResponse":false,"disableRecovery":true,"disableDefaultResponse":true,"direction":0,"reservedBits":0,"writeUndiv":false}) failed (Data request failed with error: 'No network route' (205)))
[2025-11-26 08:01:13] info: 	z2m: Configuring 'Alarm Repeater'
[2025-11-26 08:01:14] info: 	z2m: Configuring 'Workshop Light'
[2025-11-26 08:01:15] error: 	z2m: Failed to configure 'Workshop Light', attempt 1 (Error: Device 0x54ef441000b757df has no input cluster manuSpecificLumi
    at getEndpointsWithCluster (/app/node_modules/.pnpm/zigbee-herdsman-converters@25.59.0/node_modules/zigbee-herdsman-converters/src/lib/modernExtend.ts:73:15)
    at configure (/app/node_modules/.pnpm/zigbee-herdsman-converters@25.59.0/node_modules/zigbee-herdsman-converters/src/lib/modernExtend.ts:238:29)
    at Object.configure (/app/node_modules/.pnpm/zigbee-herdsman-converters@25.59.0/node_modules/zigbee-herdsman-converters/src/index.ts:366:27)
    at processTicksAndRejections (node:internal/process/task_queues:105:5)
    at Configure.configure (/app/lib/extension/configure.ts:123:13)
    at EventEmitter.wrappedCallback (/app/lib/eventBus.ts:252:17))
[2025-11-26 08:01:23] error: 	z2m: Failed to configure 'Alarm Repeater', attempt 1 (Error: Bind 0x0015bc0022000242/37 genPowerCfg from '0x00124b002e0e1c5f/1' failed (AREQ - ZDO - bindRsp after 10000ms)
    at Object.start (/app/node_modules/.pnpm/zigbee-herdsman@6.3.2/node_modules/zigbee-herdsman/src/utils/waitress.ts:68:23)
    at func (/app/node_modules/.pnpm/zigbee-herdsman@6.3.2/node_modules/zigbee-herdsman/src/adapter/z-stack/adapter/zStackAdapter.ts:469:47)
    at processTicksAndRejections (node:internal/process/task_queues:105:5)
    at Queue.execute (/app/node_modules/.pnpm/zigbee-herdsman@6.3.2/node_modules/zigbee-herdsman/src/utils/queue.ts:36:20)
    at ZStackAdapter.sendZdoInternal (/app/node_modules/.pnpm/zigbee-herdsman@6.3.2/node_modules/zigbee-herdsman/src/adapter/z-stack/adapter/zStackAdapter.ts:474:43)
    at ZStackAdapter.sendZdo (/app/node_modules/.pnpm/zigbee-herdsman@6.3.2/node_modules/zigbee-herdsman/src/adapter/z-stack/adapter/zStackAdapter.ts:351:16)
    at Endpoint.bind (/app/node_modules/.pnpm/zigbee-herdsman@6.3.2/node_modules/zigbee-herdsman/src/controller/model/endpoint.ts:634:30)
    at setupAttributes (/app/node_modules/.pnpm/zigbee-herdsman-converters@25.59.0/node_modules/zigbee-herdsman-converters/src/lib/modernExtend.ts:181:13)
    at configure (/app/node_modules/.pnpm/zigbee-herdsman-converters@25.59.0/node_modules/zigbee-herdsman-converters/src/lib/modernExtend.ts:245:17)
    at Object.configure (/app/node_modules/.pnpm/zigbee-herdsman-converters@25.59.0/node_modules/zigbee-herdsman-converters/src/index.ts:366:21))
[2025-11-26 08:01:32] info: 	z2m: Configuring 'Workshop Light'
[2025-11-26 08:01:32] info: 	z2m:mqtt: MQTT publish: topic 'zigbee2mqtt/Workshop Light', payload '{"brightness_rgb":254,"brightness_white":254,"color_mode_rgb":"xy","color_rgb":{"x":0.313,"y":0.21},"device_temperature":26,"linkquality":54,"power_on_behaviour":"off","power_outage_count":29,"state":"OFF","state_rgb":"OFF","state_white":"OFF","update":{"installed_version":-1,"latest_version":-1,"state":null}}'
[2025-11-26 08:01:32] error: 	z2m: Failed to configure 'Workshop Light', attempt 2 (Error: Device 0x54ef441000b757df has no input cluster manuSpecificLumi
    at getEndpointsWithCluster (/app/node_modules/.pnpm/zigbee-herdsman-converters@25.59.0/node_modules/zigbee-herdsman-converters/src/lib/modernExtend.ts:73:15)
    at configure (/app/node_modules/.pnpm/zigbee-herdsman-converters@25.59.0/node_modules/zigbee-herdsman-converters/src/lib/modernExtend.ts:238:29)
    at Object.configure (/app/node_modules/.pnpm/zigbee-herdsman-converters@25.59.0/node_modules/zigbee-herdsman-converters/src/index.ts:366:27)
    at processTicksAndRejections (node:internal/process/task_queues:105:5)
    at Configure.configure (/app/lib/extension/configure.ts:123:13)
    at EventEmitter.wrappedCallback (/app/lib/eventBus.ts:252:17))
[2025-11-26 08:01:32] info: 	z2m:mqtt: MQTT publish: topic 'zigbee2mqtt/Workshop Light/white', payload '{"brightness":254,"state":"OFF"}'
[2025-11-26 08:01:32] info: 	z2m:mqtt: MQTT publish: topic 'zigbee2mqtt/Workshop Light/rgb', payload '{"brightness":254,"color":{"x":0.313,"y":0.21},"color_mode":"xy","state":"OFF"}'
[2025-11-26 08:01:32] info: 	z2m: Configuring 'Workshop Light'
[2025-11-26 08:01:32] error: 	z2m: Failed to configure 'Workshop Light', attempt 3 (Error: Device 0x54ef441000b757df has no input cluster manuSpecificLumi
    at getEndpointsWithCluster (/app/node_modules/.pnpm/zigbee-herdsman-converters@25.59.0/node_modules/zigbee-herdsman-converters/src/lib/modernExtend.ts:73:15)
    at configure (/app/node_modules/.pnpm/zigbee-herdsman-converters@25.59.0/node_modules/zigbee-herdsman-converters/src/lib/modernExtend.ts:238:29)
    at Object.configure (/app/node_modules/.pnpm/zigbee-herdsman-converters@25.59.0/node_modules/zigbee-herdsman-converters/src/index.ts:366:27)
    at processTicksAndRejections (node:internal/process/task_queues:105:5)
    at Configure.configure (/app/lib/extension/configure.ts:123:13)
    at EventEmitter.wrappedCallback (/app/lib/eventBus.ts:252:17))
[2025-11-26 08:01:33] info: 	z2m: Configuring 'Alarm Siren'
[2025-11-26 08:01:43] error: 	z2m: Failed to configure 'Alarm Siren', attempt 1 (Error: Bind 0x0015bc0041007a25/43 ssIasZone from '0x00124b002e0e1c5f/1' failed (AREQ - ZDO - bindRsp after 10000ms)
    at Object.start (/app/node_modules/.pnpm/zigbee-herdsman@6.3.2/node_modules/zigbee-herdsman/src/utils/waitress.ts:68:23)
    at func (/app/node_modules/.pnpm/zigbee-herdsman@6.3.2/node_modules/zigbee-herdsman/src/adapter/z-stack/adapter/zStackAdapter.ts:469:47)
    at processTicksAndRejections (node:internal/process/task_queues:105:5)
    at Queue.execute (/app/node_modules/.pnpm/zigbee-herdsman@6.3.2/node_modules/zigbee-herdsman/src/utils/queue.ts:36:20)
    at ZStackAdapter.sendZdoInternal (/app/node_modules/.pnpm/zigbee-herdsman@6.3.2/node_modules/zigbee-herdsman/src/adapter/z-stack/adapter/zStackAdapter.ts:474:43)
    at ZStackAdapter.sendZdo (/app/node_modules/.pnpm/zigbee-herdsman@6.3.2/node_modules/zigbee-herdsman/src/adapter/z-stack/adapter/zStackAdapter.ts:351:16)
    at Endpoint.bind (/app/node_modules/.pnpm/zigbee-herdsman@6.3.2/node_modules/zigbee-herdsman/src/controller/model/endpoint.ts:634:30)
    at Object.bind (/app/node_modules/.pnpm/zigbee-herdsman-converters@25.59.0/node_modules/zigbee-herdsman-converters/src/lib/reporting.ts:48:9)
    at configure (/app/node_modules/.pnpm/zigbee-herdsman-converters@25.59.0/node_modules/zigbee-herdsman-converters/src/devices/develco.ts:922:13)
    at Object.configure (/app/node_modules/.pnpm/zigbee-herdsman-converters@25.59.0/node_modules/zigbee-herdsman-converters/src/index.ts:366:21))
[2025-11-26 08:02:46] info: 	z2m:mqtt: MQTT publish: topic 'zigbee2mqtt/Philips Backyard Sensor', payload '{"battery":19,"illuminance":43,"led_indication":true,"linkquality":54,"motion_sensitivity":"high","occupancy":false,"occupancy_timeout":60,"temperature":8.95,"update":{"installed_version":1124102917,"latest_version":1124102917,"state":"idle"}}'
[2025-11-26 08:05:24] info: 	z2m:mqtt: MQTT publish: topic 'zigbee2mqtt/Alarm Keypad', payload '{"action_code":null,"action_transaction":null,"action_zone":null,"battery":100,"battery_low":false,"linkquality":51,"tamper":false,"update":{"installed_version":131077,"latest_version":131077,"state":"idle"},"voltage":5400}'
[2025-11-26 08:05:31] info: 	z2m:mqtt: MQTT publish: topic 'zigbee2mqtt/bridge/event', payload '{"data":{"friendly_name":"Button 3 - Workshop","ieee_address":"0xb4e3f9fffe753317"},"type":"device_announce"}'
[2025-11-26 08:07:05] info: 	z2m:mqtt: MQTT publish: topic 'zigbee2mqtt/bridge/event', payload '{"data":{"friendly_name":"Button 4 - Movie","ieee_address":"0xb4e3f9fffe249e15"},"type":"device_announce"}'
[2025-11-26 08:07:45] info: 	z2m:mqtt: MQTT publish: topic 'zigbee2mqtt/Philips Backyard Sensor', payload '{"battery":19,"illuminance":59,"led_indication":true,"linkquality":51,"motion_sensitivity":"high","occupancy":false,"occupancy_timeout":60,"temperature":8.95,"update":{"installed_version":1124102917,"latest_version":1124102917,"state":"idle"}}'
[2025-11-26 08:08:57] info: 	z2m:mqtt: MQTT publish: topic 'zigbee2mqtt/bridge/event', payload '{"data":{"friendly_name":"Button 1 - Kitchen","ieee_address":"0x04cd15fffe268dcc"},"type":"device_announce"}'
[2025-11-26 08:09:31] info: 	z2m:mqtt: MQTT publish: topic 'zigbee2mqtt/Workshop Light', payload '{"brightness_rgb":254,"brightness_white":254,"color_mode_rgb":"xy","color_rgb":{"x":0.313,"y":0.21},"device_temperature":27,"linkquality":54,"power_on_behaviour":"off","power_outage_count":29,"state":"OFF","state_rgb":"OFF","state_white":"OFF","update":{"installed_version":-1,"latest_version":-1,"state":null}}'
[2025-11-26 08:09:31] info: 	z2m:mqtt: MQTT publish: topic 'zigbee2mqtt/Workshop Light/white', payload '{"brightness":254,"state":"OFF"}'
[2025-11-26 08:09:31] info: 	z2m:mqtt: MQTT publish: topic 'zigbee2mqtt/Workshop Light/rgb', payload '{"brightness":254,"color":{"x":0.313,"y":0.21},"color_mode":"xy","state":"OFF"}'
[2025-11-26 08:10:24] info: 	z2m:mqtt: MQTT publish: topic 'zigbee2mqtt/Alarm Keypad', payload '{"action_code":null,"action_transaction":null,"action_zone":null,"battery":100,"battery_low":false,"linkquality":54,"tamper":false,"update":{"installed_version":131077,"latest_version":131077,"state":"idle"},"voltage":5400}'
[2025-11-26 08:10:53] info: 	z2m:mqtt: MQTT publish: topic 'zigbee2mqtt/bridge/health', payload '{"response_time":1764141053967,"os":{"load_average":[0.03,0.27,0.42],"memory_used_mb":1710.85,"memory_percent":43.6076},"process":{"uptime_sec":617,"memory_used_mb":120.51,"memory_percent":3.0717},"mqtt":{"connected":true,"queued":0,"published":105,"received":124},"devices":{"0x54ef441000b757df":{"messages":5,"messages_per_sec":0.0086,"leave_count":0,"network_address_changes":0},"0x001788010649a073":{"messages":2,"messages_per_sec":0.0041,"leave_count":0,"network_address_changes":0},"0x0015bc0043006306":{"messages":2,"messages_per_sec":0.0061,"leave_count":0,"network_address_changes":0},"0xb4e3f9fffe753317":{"messages":3,"messages_per_sec":0.0093,"leave_count":0,"network_address_changes":0},"0xb4e3f9fffe249e15":{"messages":2,"messages_per_sec":0.0087,"leave_count":0,"network_address_changes":0},"0x04cd15fffe268dcc":{"messages":2,"messages_per_sec":0.0171,"leave_count":0,"network_address_changes":0}}}'
[2025-11-26 08:12:40] info: 	z2m:mqtt: MQTT publish: topic 'zigbee2mqtt/Philips Backyard Sensor', payload '{"battery":19,"illuminance":59,"led_indication":true,"linkquality":54,"motion_sensitivity":"high","occupancy":false,"occupancy_timeout":60,"temperature":8.95,"update":{"installed_version":1124102917,"latest_version":1124102917,"state":"idle"}}'
[2025-11-26 08:12:45] info: 	z2m:mqtt: MQTT publish: topic 'zigbee2mqtt/Philips Backyard Sensor', payload '{"battery":19,"illuminance":76,"led_indication":true,"linkquality":54,"motion_sensitivity":"high","occupancy":false,"occupancy_timeout":60,"temperature":8.95,"update":{"installed_version":1124102917,"latest_version":1124102917,"state":"idle"}}'
[2025-11-26 08:15:24] info: 	z2m:mqtt: MQTT publish: topic 'zigbee2mqtt/Alarm Keypad', payload '{"action_code":null,"action_transaction":null,"action_zone":null,"battery":100,"battery_low":false,"linkquality":51,"tamper":false,"update":{"installed_version":131077,"latest_version":131077,"state":"idle"},"voltage":5400}'
[2025-11-26 08:16:15] info: 	z2m:mqtt: MQTT publish: topic 'zigbee2mqtt/Workshop Light', payload '{"brightness_rgb":254,"brightness_white":254,"color_mode_rgb":"xy","color_rgb":{"x":0.313,"y":0.21},"device_temperature":27,"linkquality":51,"power_on_behaviour":"off","power_outage_count":29,"state":"OFF","state_rgb":"OFF","state_white":"OFF","update":{"installed_version":-1,"latest_version":-1,"state":null}}'
[2025-11-26 08:16:15] info: 	z2m:mqtt: MQTT publish: topic 'zigbee2mqtt/Workshop Light/white', payload '{"brightness":254,"state":"OFF"}'
[2025-11-26 08:16:15] info: 	z2m:mqtt: MQTT publish: topic 'zigbee2mqtt/Workshop Light/rgb', payload '{"brightness":254,"color":{"x":0.313,"y":0.21},"color_mode":"xy","state":"OFF"}'
[2025-11-26 08:17:14] info: 	z2m:mqtt: MQTT publish: topic 'zigbee2mqtt/Philips Backyard Sensor', payload '{"battery":19,"illuminance":76,"led_indication":true,"linkquality":54,"motion_sensitivity":"high","occupancy":false,"occupancy_timeout":60,"temperature":8.95,"update":{"installed_version":1124102917,"latest_version":1124102917,"state":"idle"}}'
[2025-11-26 08:17:44] info: 	z2m:mqtt: MQTT publish: topic 'zigbee2mqtt/Philips Backyard Sensor', payload '{"battery":19,"illuminance":93,"led_indication":true,"linkquality":54,"motion_sensitivity":"high","occupancy":false,"occupancy_timeout":60,"temperature":8.95,"update":{"installed_version":1124102917,"latest_version":1124102917,"state":"idle"}}'
[2025-11-26 08:20:24] info: 	z2m:mqtt: MQTT publish: topic 'zigbee2mqtt/Alarm Keypad', payload '{"action_code":null,"action_transaction":null,"action_zone":null,"battery":100,"battery_low":false,"linkquality":54,"tamper":false,"update":{"installed_version":131077,"latest_version":131077,"state":"idle"},"voltage":5400}'
[2025-11-26 08:20:53] info: 	z2m:mqtt: MQTT publish: topic 'zigbee2mqtt/bridge/health', payload '{"response_time":1764141653966,"os":{"load_average":[0.02,0.06,0.22],"memory_used_mb":1722.96,"memory_percent":43.9163},"process":{"uptime_sec":1217,"memory_used_mb":129.1,"memory_percent":3.2905},"mqtt":{"connected":true,"queued":0,"published":125,"received":124},"devices":{"0x54ef441000b757df":{"messages":7,"messages_per_sec":0.0059,"leave_count":0,"network_address_changes":0},"0x001788010649a073":{"messages":6,"messages_per_sec":0.0055,"leave_count":0,"network_address_changes":0},"0x0015bc0043006306":{"messages":5,"messages_per_sec":0.0054,"leave_count":0,"network_address_changes":0},"0xb4e3f9fffe753317":{"messages":3,"messages_per_sec":0.0033,"leave_count":0,"network_address_changes":0},"0xb4e3f9fffe249e15":{"messages":2,"messages_per_sec":0.0024,"leave_count":0,"network_address_changes":0},"0x04cd15fffe268dcc":{"messages":2,"messages_per_sec":0.0028,"leave_count":0,"network_address_changes":0}}}'
[2025-11-26 08:21:07] warning: 	z2m: Failed to ping 'Smart Plug Z1' (attempt 1/1, ZCL command 0xa4c13812921dddfd/1 genBasic.read(["zclVersion"], {"timeout":10000,"disableResponse":false,"disableRecovery":true,"disableDefaultResponse":true,"direction":0,"reservedBits":0,"writeUndiv":false}) failed (Data request failed with error: 'No network route' (205)))
[2025-11-26 08:21:11] warning: 	z2m: Failed to ping 'Alarm Repeater' (attempt 1/1, ZCL command 0x0015bc0022000242/37 genBasic.read(["zclVersion"], {"timeout":10000,"disableResponse":false,"disableRecovery":true,"disableDefaultResponse":true,"direction":0,"reservedBits":0,"writeUndiv":false}) failed (Data request failed with error: 'No network route' (205)))
[2025-11-26 08:21:40] warning: 	z2m: Failed to ping 'Alarm Siren' (attempt 1/1, ZCL command 0x0015bc0041007a25/43 genBasic.read(["zclVersion"], {"timeout":10000,"disableResponse":false,"disableRecovery":true,"disableDefaultResponse":true,"direction":0,"reservedBits":0,"writeUndiv":false}) failed (Data request failed with error: 'No network route' (205)))
[2025-11-26 08:21:51] info: 	z2m:mqtt: MQTT publish: topic 'zigbee2mqtt/Workshop Light', payload '{"brightness_rgb":254,"brightness_white":254,"color_mode_rgb":"xy","color_rgb":{"x":0.313,"y":0.21},"device_temperature":26,"linkquality":54,"power_on_behaviour":"off","power_outage_count":29,"state":"OFF","state_rgb":"OFF","state_white":"OFF","update":{"installed_version":-1,"latest_version":-1,"state":null}}'
[2025-11-26 08:21:51] info: 	z2m:mqtt: MQTT publish: topic 'zigbee2mqtt/Workshop Light/white', payload '{"brightness":254,"state":"OFF"}'
[2025-11-26 08:21:51] info: 	z2m:mqtt: MQTT publish: topic 'zigbee2mqtt/Workshop Light/rgb', payload '{"brightness":254,"color":{"x":0.313,"y":0.21},"color_mode":"xy","state":"OFF"}'
[2025-11-26 08:22:44] info: 	z2m:mqtt: MQTT publish: topic 'zigbee2mqtt/Philips Backyard Sensor', payload '{"battery":19,"illuminance":110,"led_indication":true,"linkquality":54,"motion_sensitivity":"high","occupancy":false,"occupancy_timeout":60,"temperature":8.95,"update":{"installed_version":1124102917,"latest_version":1124102917,"state":"idle"}}'
[2025-11-26 08:25:11] info: 	z2m:mqtt: MQTT publish: topic 'zigbee2mqtt/Philips Backyard Sensor', payload '{"battery":19,"illuminance":110,"led_indication":true,"linkquality":54,"motion_sensitivity":"high","occupancy":false,"occupancy_timeout":60,"temperature":9.09,"update":{"installed_version":1124102917,"latest_version":1124102917,"state":"idle"}}'
[2025-11-26 08:25:24] info: 	z2m:mqtt: MQTT publish: topic 'zigbee2mqtt/Alarm Keypad', payload '{"action_code":null,"action_transaction":null,"action_zone":null,"battery":100,"battery_low":false,"linkquality":54,"tamper":false,"update":{"installed_version":131077,"latest_version":131077,"state":"idle"},"voltage":5400}'
[2025-11-26 08:27:01] info: 	z2m:mqtt: MQTT publish: topic 'zigbee2mqtt/Cube', payload '{"action_angle":null,"action_from_side":null,"battery":62,"current":0,"linkquality":54,"operation_mode":"action_mode","power":2,"power_outage_count":159,"side":4,"update":{"installed_version":-1,"latest_version":-1,"state":null},"voltage":2943}'
[2025-11-26 08:27:43] info: 	z2m:mqtt: MQTT publish: topic 'zigbee2mqtt/Philips Backyard Sensor', payload '{"battery":19,"illuminance":127,"led_indication":true,"linkquality":54,"motion_sensitivity":"high","occupancy":false,"occupancy_timeout":60,"temperature":9.09,"update":{"installed_version":1124102917,"latest_version":1124102917,"state":"idle"}}'
[2025-11-26 08:29:11] info: 	z2m:mqtt: MQTT publish: topic 'zigbee2mqtt/Workshop Light', payload '{"brightness_rgb":254,"brightness_white":254,"color_mode_rgb":"xy","color_rgb":{"x":0.313,"y":0.21},"device_temperature":26,"linkquality":54,"power_on_behaviour":"off","power_outage_count":29,"state":"OFF","state_rgb":"OFF","state_white":"OFF","update":{"installed_version":-1,"latest_version":-1,"state":null}}'
[2025-11-26 08:29:11] info: 	z2m:mqtt: MQTT publish: topic 'zigbee2mqtt/Workshop Light/white', payload '{"brightness":254,"state":"OFF"}'
[2025-11-26 08:29:11] info: 	z2m:mqtt: MQTT publish: topic 'zigbee2mqtt/Workshop Light/rgb', payload '{"brightness":254,"color":{"x":0.313,"y":0.21},"color_mode":"xy","state":"OFF"}'
[2025-11-26 08:29:15] info: 	z2m: Configuring 'Water Sensor 1'
[2025-11-26 08:29:15] info: 	z2m:mqtt: MQTT publish: topic 'zigbee2mqtt/Water Sensor 1', payload '{"battery":70,"battery_low":false,"linkquality":54,"tamper":false,"voltage":2800,"water_leak":false}'
[2025-11-26 08:29:15] info: 	z2m:mqtt: MQTT publish: topic 'zigbee2mqtt/Water Sensor 1', payload '{"battery":70,"battery_low":false,"linkquality":54,"tamper":false,"voltage":2800,"water_leak":false}'
[2025-11-26 08:29:15] info: 	z2m:mqtt: MQTT publish: topic 'zigbee2mqtt/Water Sensor 1', payload '{"battery":70,"battery_low":false,"linkquality":54,"tamper":false,"voltage":2800,"water_leak":false}'
[2025-11-26 08:29:15] info: 	z2m:mqtt: MQTT publish: topic 'zigbee2mqtt/Water Sensor 1', payload '{"battery":70,"battery_low":false,"linkquality":54,"tamper":false,"voltage":2800,"water_leak":false}'
[2025-11-26 08:29:15] info: 	z2m:mqtt: MQTT publish: topic 'zigbee2mqtt/Water Sensor 1', payload '{"battery":70,"battery_low":false,"linkquality":54,"tamper":false,"voltage":2800,"water_leak":false}'
[2025-11-26 08:29:15] info: 	z2m:mqtt: MQTT publish: topic 'zigbee2mqtt/Water Sensor 1', payload '{"battery":70,"battery_low":false,"linkquality":54,"tamper":false,"voltage":2800,"water_leak":false}'
[2025-11-26 08:29:15] info: 	z2m:mqtt: MQTT publish: topic 'zigbee2mqtt/Water Sensor 1', payload '{"battery":70,"battery_low":false,"linkquality":54,"tamper":false,"voltage":2800,"water_leak":false}'
[2025-11-26 08:29:15] info: 	z2m:mqtt: MQTT publish: topic 'zigbee2mqtt/Water Sensor 1', payload '{"battery":70,"battery_low":false,"linkquality":54,"tamper":false,"voltage":2800,"water_leak":false}'
[2025-11-26 08:29:15] info: 	z2m:mqtt: MQTT publish: topic 'zigbee2mqtt/Water Sensor 1', payload '{"battery":70,"battery_low":false,"linkquality":54,"tamper":false,"voltage":2800,"water_leak":false}'
[2025-11-26 08:29:15] info: 	z2m:mqtt: MQTT publish: topic 'zigbee2mqtt/Water Sensor 1', payload '{"battery":70,"battery_low":false,"linkquality":54,"tamper":false,"voltage":2800,"water_leak":false}'
[2025-11-26 08:29:16] info: 	z2m:mqtt: MQTT publish: topic 'zigbee2mqtt/Water Sensor 1', payload '{"battery":70,"battery_low":false,"linkquality":54,"tamper":false,"voltage":2800,"water_leak":false}'
[2025-11-26 08:29:16] info: 	z2m:mqtt: MQTT publish: topic 'zigbee2mqtt/Water Sensor 1', payload '{"battery":70,"battery_low":false,"linkquality":54,"tamper":false,"voltage":2800,"water_leak":false}'
[2025-11-26 08:29:16] info: 	z2m:mqtt: MQTT publish: topic 'zigbee2mqtt/Water Sensor 1', payload '{"battery":70,"battery_low":false,"linkquality":54,"tamper":false,"voltage":2800,"water_leak":false}'
[2025-11-26 08:29:16] info: 	z2m:mqtt: MQTT publish: topic 'zigbee2mqtt/Water Sensor 1', payload '{"battery":70,"battery_low":false,"linkquality":54,"tamper":false,"voltage":2800,"water_leak":false}'
[2025-11-26 08:29:16] info: 	z2m:mqtt: MQTT publish: topic 'zigbee2mqtt/Water Sensor 1', payload '{"battery":70,"battery_low":false,"linkquality":54,"tamper":false,"voltage":2800,"water_leak":false}'
[2025-11-26 08:29:39] error: 	z2m: Failed to configure 'Water Sensor 1', attempt 1 (Error: ZCL command 0x5c0272fffebb9cde/1 genPowerCfg.configReport([{"attribute":"batteryPercentageRemaining","minimumReportInterval":3600,"maximumReportInterval":65000,"reportableChange":0}], {"timeout":10000,"disableResponse":false,"disableRecovery":false,"disableDefaultResponse":true,"direction":0,"reservedBits":0,"writeUndiv":false}) failed (Timeout - 42265 - 1 - 27 - 1 - 7 after 10000ms)
    at Object.start (/app/node_modules/.pnpm/zigbee-herdsman@6.3.2/node_modules/zigbee-herdsman/src/utils/waitress.ts:68:23)
    at ZStackAdapter.sendZclFrameToEndpointInternal (/app/node_modules/.pnpm/zigbee-herdsman@6.3.2/node_modules/zigbee-herdsman/src/adapter/z-stack/adapter/zStackAdapter.ts:712:47)
    at processTicksAndRejections (node:internal/process/task_queues:105:5)
    at ZStackAdapter.sendZclFrameToEndpointInternal (/app/node_modules/.pnpm/zigbee-herdsman@6.3.2/node_modules/zigbee-herdsman/src/adapter/z-stack/adapter/zStackAdapter.ts:744:28)
    at /app/node_modules/.pnpm/zigbee-herdsman@6.3.2/node_modules/zigbee-herdsman/src/adapter/z-stack/adapter/zStackAdapter.ts:492:20
    at Queue.execute (/app/node_modules/.pnpm/zigbee-herdsman@6.3.2/node_modules/zigbee-herdsman/src/utils/queue.ts:36:20)
    at ZStackAdapter.sendZclFrameToEndpoint (/app/node_modules/.pnpm/zigbee-herdsman@6.3.2/node_modules/zigbee-herdsman/src/adapter/z-stack/adapter/zStackAdapter.ts:490:16)
    at Request.send (/app/node_modules/.pnpm/zigbee-herdsman@6.3.2/node_modules/zigbee-herdsman/src/controller/helpers/request.ts:86:25)
    at Endpoint.sendRequest (/app/node_modules/.pnpm/zigbee-herdsman@6.3.2/node_modules/zigbee-herdsman/src/controller/model/endpoint.ts:360:20)
    at Endpoint.zclCommand (/app/node_modules/.pnpm/zigbee-herdsman@6.3.2/node_modules/zigbee-herdsman/src/controller/model/endpoint.ts:1050:28))
[2025-11-26 08:30:24] info: 	z2m:mqtt: MQTT publish: topic 'zigbee2mqtt/Alarm Keypad', payload '{"action_code":null,"action_transaction":null,"action_zone":null,"battery":100,"battery_low":false,"linkquality":51,"tamper":false,"update":{"installed_version":131077,"latest_version":131077,"state":"idle"},"voltage":5400}'
[2025-11-26 08:30:53] info: 	z2m:mqtt: MQTT publish: topic 'zigbee2mqtt/bridge/health', payload '{"response_time":1764142253968,"os":{"load_average":[0.07,0.08,0.15],"memory_used_mb":1729.27,"memory_percent":44.077},"process":{"uptime_sec":1817,"memory_used_mb":128.52,"memory_percent":3.2758},"mqtt":{"connected":true,"queued":0,"published":172,"received":124},"devices":{"0x54ef441000b757df":{"messages":11,"messages_per_sec":0.0062,"leave_count":0,"network_address_changes":0},"0x001788010649a073":{"messages":9,"messages_per_sec":0.0053,"leave_count":0,"network_address_changes":0},"0x0015bc0043006306":{"messages":10,"messages_per_sec":0.0065,"leave_count":0,"network_address_changes":0},"0xb4e3f9fffe753317":{"messages":3,"messages_per_sec":0.002,"leave_count":0,"network_address_changes":0},"0xb4e3f9fffe249e15":{"messages":2,"messages_per_sec":0.0014,"leave_count":0,"network_address_changes":0},"0x04cd15fffe268dcc":{"messages":2,"messages_per_sec":0.0015,"leave_count":0,"network_address_changes":0},"0x54ef4410006a43c7":{"messages":1,"messages_per_sec":0.0043,"leave_count":0,"network_address_changes":0},"0x5c0272fffebb9cde":{"messages":16,"messages_per_sec":0.1632,"leave_count":0,"network_address_changes":0}}}'
[2025-11-26 08:32:43] info: 	z2m:mqtt: MQTT publish: topic 'zigbee2mqtt/Philips Backyard Sensor', payload '{"battery":19,"illuminance":144,"led_indication":true,"linkquality":51,"motion_sensitivity":"high","occupancy":false,"occupancy_timeout":60,"temperature":9.09,"update":{"installed_version":1124102917,"latest_version":1124102917,"state":"idle"}}'
[2025-11-26 08:35:24] info: 	z2m:mqtt: MQTT publish: topic 'zigbee2mqtt/Alarm Keypad', payload '{"action_code":null,"action_transaction":null,"action_zone":null,"battery":100,"battery_low":false,"linkquality":54,"tamper":false,"update":{"installed_version":131077,"latest_version":131077,"state":"idle"},"voltage":5400}'
[2025-11-26 08:37:07] info: 	z2m:mqtt: MQTT publish: topic 'zigbee2mqtt/Workshop Light', payload '{"brightness_rgb":254,"brightness_white":254,"color_mode_rgb":"xy","color_rgb":{"x":0.313,"y":0.21},"device_temperature":26,"linkquality":54,"power_on_behaviour":"off","power_outage_count":29,"state":"OFF","state_rgb":"OFF","state_white":"OFF","update":{"installed_version":-1,"latest_version":-1,"state":null}}'
[2025-11-26 08:37:07] info: 	z2m:mqtt: MQTT publish: topic 'zigbee2mqtt/Workshop Light/white', payload '{"brightness":254,"state":"OFF"}'
[2025-11-26 08:37:07] info: 	z2m:mqtt: MQTT publish: topic 'zigbee2mqtt/Workshop Light/rgb', payload '{"brightness":254,"color":{"x":0.313,"y":0.21},"color_mode":"xy","state":"OFF"}'
[2025-11-26 08:37:43] info: 	z2m:mqtt: MQTT publish: topic 'zigbee2mqtt/bridge/event', payload '{"data":{"friendly_name":"Philips Backyard Sensor","ieee_address":"0x001788010649a073"},"type":"device_announce"}'
[2025-11-26 08:37:43] info: 	z2m:mqtt: MQTT publish: topic 'zigbee2mqtt/Philips Backyard Sensor', payload '{"battery":19,"illuminance":161,"led_indication":true,"linkquality":54,"motion_sensitivity":"high","occupancy":false,"occupancy_timeout":60,"temperature":9.09,"update":{"installed_version":1124102917,"latest_version":1124102917,"state":"idle"}}'
[2025-11-26 08:40:24] info: 	z2m:mqtt: MQTT publish: topic 'zigbee2mqtt/Alarm Keypad', payload '{"action_code":null,"action_transaction":null,"action_zone":null,"battery":100,"battery_low":false,"linkquality":51,"tamper":false,"update":{"installed_version":131077,"latest_version":131077,"state":"idle"},"voltage":5400}'
[2025-11-26 08:40:53] info: 	z2m:mqtt: MQTT publish: topic 'zigbee2mqtt/bridge/health', payload '{"response_time":1764142853968,"os":{"load_average":[0.29,0.1,0.1],"memory_used_mb":1743.42,"memory_percent":44.4378},"process":{"uptime_sec":2417,"memory_used_mb":128.68,"memory_percent":3.2798},"mqtt":{"connected":true,"queued":0,"published":191,"received":124},"devices":{"0x54ef441000b757df":{"messages":15,"messages_per_sec":0.0063,"leave_count":0,"network_address_changes":0},"0x001788010649a073":{"messages":14,"messages_per_sec":0.0061,"leave_count":0,"network_address_changes":0},"0x0015bc0043006306":{"messages":12,"messages_per_sec":0.0056,"leave_count":0,"network_address_changes":0},"0xb4e3f9fffe753317":{"messages":3,"messages_per_sec":0.0014,"leave_count":0,"network_address_changes":0},"0xb4e3f9fffe249e15":{"messages":2,"messages_per_sec":0.001,"leave_count":0,"network_address_changes":0},"0x04cd15fffe268dcc":{"messages":2,"messages_per_sec":0.001,"leave_count":0,"network_address_changes":0},"0x54ef4410006a43c7":{"messages":1,"messages_per_sec":0.0012,"leave_count":0,"network_address_changes":0},"0x5c0272fffebb9cde":{"messages":16,"messages_per_sec":0.0229,"leave_count":0,"network_address_changes":0}}}'
[2025-11-26 08:42:33] info: 	z2m:mqtt: MQTT publish: topic 'zigbee2mqtt/Workshop Light', payload '{"brightness_rgb":254,"brightness_white":254,"color_mode_rgb":"xy","color_rgb":{"x":0.313,"y":0.21},"device_temperature":27,"linkquality":54,"power_on_behaviour":"off","power_outage_count":29,"state":"OFF","state_rgb":"OFF","state_white":"OFF","update":{"installed_version":-1,"latest_version":-1,"state":null}}'
[2025-11-26 08:42:33] info: 	z2m:mqtt: MQTT publish: topic 'zigbee2mqtt/Workshop Light/white', payload '{"brightness":254,"state":"OFF"}'
[2025-11-26 08:42:33] info: 	z2m:mqtt: MQTT publish: topic 'zigbee2mqtt/Workshop Light/rgb', payload '{"brightness":254,"color":{"x":0.313,"y":0.21},"color_mode":"xy","state":"OFF"}'
[2025-11-26 08:42:42] info: 	z2m:mqtt: MQTT publish: topic 'zigbee2mqtt/Philips Backyard Sensor', payload '{"battery":19,"illuminance":177,"led_indication":true,"linkquality":54,"motion_sensitivity":"high","occupancy":false,"occupancy_timeout":60,"temperature":9.09,"update":{"installed_version":1124102917,"latest_version":1124102917,"state":"idle"}}'
[2025-11-26 08:44:50] info: 	z2m:mqtt: MQTT publish: topic 'zigbee2mqtt/Alarm Keypad', payload '{"action_code":null,"action_transaction":null,"action_zone":null,"battery":100,"battery_low":false,"linkquality":58,"tamper":false,"update":{"installed_version":131077,"latest_version":131077,"state":"idle"},"voltage":5400}'
[2025-11-26 08:45:24] info: 	z2m:mqtt: MQTT publish: topic 'zigbee2mqtt/Alarm Keypad', payload '{"action_code":null,"action_transaction":null,"action_zone":null,"battery":100,"battery_low":false,"linkquality":54,"tamper":false,"update":{"installed_version":131077,"latest_version":131077,"state":"idle"},"voltage":5400}'
[2025-11-26 08:47:41] info: 	z2m:mqtt: MQTT publish: topic 'zigbee2mqtt/Philips Backyard Sensor', payload '{"battery":19,"illuminance":194,"led_indication":true,"linkquality":54,"motion_sensitivity":"high","occupancy":false,"occupancy_timeout":60,"temperature":9.09,"update":{"installed_version":1124102917,"latest_version":1124102917,"state":"idle"}}'
[2025-11-26 08:48:22] info: 	z2m:mqtt: MQTT publish: topic 'zigbee2mqtt/Workshop Light', payload '{"brightness_rgb":254,"brightness_white":254,"color_mode_rgb":"xy","color_rgb":{"x":0.313,"y":0.21},"device_temperature":26,"linkquality":51,"power_on_behaviour":"off","power_outage_count":29,"state":"OFF","state_rgb":"OFF","state_white":"OFF","update":{"installed_version":-1,"latest_version":-1,"state":null}}'
[2025-11-26 08:48:22] info: 	z2m:mqtt: MQTT publish: topic 'zigbee2mqtt/Workshop Light/white', payload '{"brightness":254,"state":"OFF"}'
[2025-11-26 08:48:22] info: 	z2m:mqtt: MQTT publish: topic 'zigbee2mqtt/Workshop Light/rgb', payload '{"brightness":254,"color":{"x":0.313,"y":0.21},"color_mode":"xy","state":"OFF"}'
[2025-11-26 08:50:24] info: 	z2m:mqtt: MQTT publish: topic 'zigbee2mqtt/Alarm Keypad', payload '{"action_code":null,"action_transaction":null,"action_zone":null,"battery":100,"battery_low":false,"linkquality":54,"tamper":false,"update":{"installed_version":131077,"latest_version":131077,"state":"idle"},"voltage":5400}'
[2025-11-26 08:50:53] info: 	z2m:mqtt: MQTT publish: topic 'zigbee2mqtt/bridge/health', payload '{"response_time":1764143453973,"os":{"load_average":[0.07,0.04,0.06],"memory_used_mb":1752.6,"memory_percent":44.6716},"process":{"uptime_sec":3017,"memory_used_mb":128.84,"memory_percent":3.284},"mqtt":{"connected":true,"queued":0,"published":215,"received":124},"devices":{"0x54ef441000b757df":{"messages":19,"messages_per_sec":0.0064,"leave_count":0,"network_address_changes":0},"0x001788010649a073":{"messages":16,"messages_per_sec":0.0055,"leave_count":0,"network_address_changes":0},"0x0015bc0043006306":{"messages":16,"messages_per_sec":0.0059,"leave_count":0,"network_address_changes":0},"0xb4e3f9fffe753317":{"messages":3,"messages_per_sec":0.0011,"leave_count":0,"network_address_changes":0},"0xb4e3f9fffe249e15":{"messages":2,"messages_per_sec":0.0008,"leave_count":0,"network_address_changes":0},"0x04cd15fffe268dcc":{"messages":2,"messages_per_sec":0.0008,"leave_count":0,"network_address_changes":0},"0x54ef4410006a43c7":{"messages":1,"messages_per_sec":0.0007,"leave_count":0,"network_address_changes":0},"0x5c0272fffebb9cde":{"messages":16,"messages_per_sec":0.0123,"leave_count":0,"network_address_changes":0}}}'
[2025-11-26 08:52:41] info: 	z2m:mqtt: MQTT publish: topic 'zigbee2mqtt/Philips Backyard Sensor', payload '{"battery":19,"illuminance":210,"led_indication":true,"linkquality":54,"motion_sensitivity":"high","occupancy":false,"occupancy_timeout":60,"temperature":9.09,"update":{"installed_version":1124102917,"latest_version":1124102917,"state":"idle"}}'
[2025-11-26 08:54:17] info: 	z2m:mqtt: MQTT publish: topic 'zigbee2mqtt/Workshop Light', payload '{"brightness_rgb":254,"brightness_white":254,"color_mode_rgb":"xy","color_rgb":{"x":0.313,"y":0.21},"device_temperature":27,"linkquality":54,"power_on_behaviour":"off","power_outage_count":29,"state":"OFF","state_rgb":"OFF","state_white":"OFF","update":{"installed_version":-1,"latest_version":-1,"state":null}}'
[2025-11-26 08:54:17] info: 	z2m:mqtt: MQTT publish: topic 'zigbee2mqtt/Workshop Light/white', payload '{"brightness":254,"state":"OFF"}'
[2025-11-26 08:54:17] info: 	z2m:mqtt: MQTT publish: topic 'zigbee2mqtt/Workshop Light/rgb', payload '{"brightness":254,"color":{"x":0.313,"y":0.21},"color_mode":"xy","state":"OFF"}'
[2025-11-26 08:55:24] info: 	z2m:mqtt: MQTT publish: topic 'zigbee2mqtt/Alarm Keypad', payload '{"action_code":null,"action_transaction":null,"action_zone":null,"battery":100,"battery_low":false,"linkquality":51,"tamper":false,"update":{"installed_version":131077,"latest_version":131077,"state":"idle"},"voltage":5400}'
[2025-11-26 08:57:40] info: 	z2m:mqtt: MQTT publish: topic 'zigbee2mqtt/Philips Backyard Sensor', payload '{"battery":19,"illuminance":228,"led_indication":true,"linkquality":51,"motion_sensitivity":"high","occupancy":false,"occupancy_timeout":60,"temperature":9.09,"update":{"installed_version":1124102917,"latest_version":1124102917,"state":"idle"}}'
