[2024-07-25 05:14:17] info: 	z2m: Logging to console, file (filename: log.log)
[2024-07-25 05:14:17] info: 	z2m: Starting Zigbee2MQTT version 1.39.0 (commit #unknown)
[2024-07-25 05:14:17] info: 	z2m: Starting zigbee-herdsman (0.50.1)
[2024-07-25 05:14:18] info: 	zh:zstack:znp: Opening TCP socket with 192.168.87.68:6638
[2024-07-25 05:14:18] info: 	zh:zstack:znp: Socket connected
[2024-07-25 05:14:18] info: 	zh:zstack:znp: Socket ready
[2024-07-25 05:14:18] info: 	zh:zstack:znp: Writing CC2530/CC2531 skip bootloader payload
[2024-07-25 05:14:19] info: 	zh:zstack:znp: Skip bootloader for CC2652/CC1352
[2024-07-25 05:14:19] info: 	z2m: zigbee-herdsman started (resumed)
[2024-07-25 05:14:19] info: 	z2m: Coordinator firmware version: '{"meta":{"maintrel":1,"majorrel":2,"minorrel":7,"product":1,"revision":20230507,"transportrev":2},"type":"zStack3x0"}'
[2024-07-25 05:14:19] info: 	z2m: Set transmit power to '20'
[2024-07-25 05:14:19] info: 	z2m: Currently 8 devices are joined:
[2024-07-25 05:14:19] info: 	z2m: Button 4 - Movie (0xb4e3f9fffe249e15): E1812 - IKEA TRADFRI shortcut button (EndDevice)
[2024-07-25 05:14:19] info: 	z2m: Smart Plug Z1 (0xa4c13812921dddfd): A1Z - Nous Smart plug (with power monitoring) (Router)
[2024-07-25 05:14:19] info: 	z2m: Button 3 (0xb4e3f9fffe753317): E1812 - IKEA TRADFRI shortcut button (EndDevice)
[2024-07-25 05:14:19] info: 	z2m: Button 2 - Chandelier (0x04cd15fffe7ff98b): E1812 - IKEA TRADFRI shortcut button (EndDevice)
[2024-07-25 05:14:19] info: 	z2m: Button 1 (0x04cd15fffe268dcc): E1812 - IKEA TRADFRI shortcut button (EndDevice)
[2024-07-25 05:14:19] info: 	z2m: Cube (0x54ef4410006a43c7): CTP-R01 - Aqara Cube T1 Pro (EndDevice)
[2024-07-25 05:14:19] info: 	z2m: Philips Backyard Sensor (0x001788010649a073): 9290019758 - Philips Hue motion outdoor sensor (EndDevice)
[2024-07-25 05:14:19] info: 	z2m: Water Sensor 1 (0x5c0272fffebb9cde): TS0207_water_leak_detector_3 - Tuya Zigbee water leak sensor (EndDevice)
[2024-07-25 05:14:19] info: 	z2m: Zigbee: disabling joining new devices.
[2024-07-25 05:14:19] info: 	z2m: Connecting to MQTT server at mqtt://core-mosquitto:1883
[2024-07-25 05:14:20] info: 	z2m: Connected to MQTT server
[2024-07-25 05:14:20] info: 	z2m:mqtt: MQTT publish: topic 'zigbee2mqtt/bridge/state', payload '{"state":"online"}'
[2024-07-25 05:14:20] info: 	z2m:mqtt: MQTT publish: topic 'zigbee2mqtt/Button 4 - Movie/availability', payload '{"state":"online"}'
[2024-07-25 05:14:20] info: 	z2m:mqtt: MQTT publish: topic 'zigbee2mqtt/Smart Plug Z1/availability', payload '{"state":"online"}'
[2024-07-25 05:14:20] info: 	z2m:mqtt: MQTT publish: topic 'zigbee2mqtt/Button 3/availability', payload '{"state":"online"}'
[2024-07-25 05:14:20] info: 	z2m:mqtt: MQTT publish: topic 'zigbee2mqtt/Button 2 - Chandelier/availability', payload '{"state":"online"}'
[2024-07-25 05:14:20] info: 	z2m:mqtt: MQTT publish: topic 'zigbee2mqtt/Button 1/availability', payload '{"state":"online"}'
[2024-07-25 05:14:20] info: 	z2m:mqtt: MQTT publish: topic 'zigbee2mqtt/Cube/availability', payload '{"state":"online"}'
[2024-07-25 05:14:21] info: 	z2m:mqtt: MQTT publish: topic 'zigbee2mqtt/Philips Backyard Sensor/availability', payload '{"state":"online"}'
[2024-07-25 05:14:21] info: 	z2m:mqtt: MQTT publish: topic 'zigbee2mqtt/Water Sensor 1/availability', payload '{"state":"online"}'
[2024-07-25 05:14:21] info: 	z2m: Started frontend on port 8099
[2024-07-25 05:14:21] info: 	z2m:mqtt: MQTT publish: topic 'zigbee2mqtt/bridge/state', payload '{"state":"online"}'
[2024-07-25 05:14:21] info: 	z2m:mqtt: MQTT publish: topic 'zigbee2mqtt/Button 4 - Movie', payload '{"action":null,"battery":100,"linkquality":109,"update":{"installed_version":604241926,"latest_version":604241926,"state":"idle"},"update_available":null}'
[2024-07-25 05:14:21] info: 	z2m:mqtt: MQTT publish: topic 'zigbee2mqtt/Smart Plug Z1', payload '{"child_lock":"UNLOCK","countdown":0,"current":0,"energy":16.7,"indicator_mode":"off/on","linkquality":112,"power":0,"power_outage_memory":"off","state":"ON","update":{"installed_version":192,"latest_version":192,"state":"idle"},"update_available":null,"voltage":235}'
[2024-07-25 05:14:21] info: 	z2m:mqtt: MQTT publish: topic 'zigbee2mqtt/Button 3', payload '{"action":null,"battery":100,"linkquality":109,"update":{"installed_version":604241926,"latest_version":604241926,"state":"idle"},"update_available":null}'
[2024-07-25 05:14:21] info: 	z2m:mqtt: MQTT publish: topic 'zigbee2mqtt/Button 2 - Chandelier', payload '{"action":null,"battery":90,"linkquality":65,"update":{"installed_version":604241926,"latest_version":604241926,"state":"idle"},"update_available":null}'
[2024-07-25 05:14:21] info: 	z2m:mqtt: MQTT publish: topic 'zigbee2mqtt/Button 1', payload '{"action":null,"battery":1,"linkquality":105,"update":{"installed_version":604241926,"latest_version":604241926,"state":"idle"},"update_available":null}'
[2024-07-25 05:14:21] info: 	z2m:mqtt: MQTT publish: topic 'zigbee2mqtt/Cube', payload '{"action":null,"action_angle":null,"action_from_side":null,"battery":100,"current":0,"linkquality":105,"operation_mode":"action_mode","power":2,"power_outage_count":159,"side":2,"update":{"installed_version":-1,"latest_version":-1,"state":null},"update_available":null,"voltage":3086}'
[2024-07-25 05:14:21] info: 	z2m:mqtt: MQTT publish: topic 'zigbee2mqtt/Philips Backyard Sensor', payload '{"battery":60.5,"illuminance":0,"illuminance_lux":0,"led_indication":true,"linkquality":112,"motion_sensitivity":"high","occupancy":false,"occupancy_timeout":60,"temperature":25.34,"update":{"installed_version":1107323831,"latest_version":1107323831,"state":"idle"},"update_available":null}'
[2024-07-25 05:14:21] info: 	z2m:mqtt: MQTT publish: topic 'zigbee2mqtt/Water Sensor 1', payload '{"battery":92,"battery_low":false,"linkquality":109,"tamper":false,"voltage":2900,"water_leak":false}'
[2024-07-25 05:14:21] info: 	z2m: Zigbee2MQTT started!
[2024-07-25 05:14:26] info: 	z2m:mqtt: MQTT publish: topic 'homeassistant/binary_sensor/1221051039810110150109113116116_0x00124b002e0e1c5f/connection_state/config', payload '{"device":{"hw_version":"zStack3x0 20230507","identifiers":["zigbee2mqtt_bridge_0x00124b002e0e1c5f"],"manufacturer":"Zigbee2MQTT","model":"Bridge","name":"Zigbee2MQTT Bridge","sw_version":"1.39.0"},"device_class":"connectivity","entity_category":"diagnostic","name":"Connection state","object_id":"zigbee2mqtt_bridge_connection_state","origin":{"name":"Zigbee2MQTT","sw":"1.39.0","url":"https://www.zigbee2mqtt.io"},"payload_off":"offline","payload_on":"online","state_topic":"zigbee2mqtt/bridge/state","unique_id":"bridge_0x00124b002e0e1c5f_connection_state_zigbee2mqtt","value_template":"{{ value_json.state }}"}'
[2024-07-25 05:14:56] info: 	z2m:mqtt: MQTT publish: topic 'zigbee2mqtt/Smart Plug Z1', payload '{"child_lock":"UNLOCK","countdown":0,"current":0,"energy":16.7,"indicator_mode":"off/on","linkquality":120,"power":0,"power_outage_memory":"off","state":"ON","update":{"installed_version":192,"latest_version":192,"state":"idle"},"update_available":null,"voltage":235}'
[2024-07-25 05:14:56] info: 	z2m:mqtt: MQTT publish: topic 'zigbee2mqtt/Smart Plug Z1', payload '{"child_lock":"UNLOCK","countdown":0,"current":0,"energy":16.7,"indicator_mode":"off/on","linkquality":123,"power":0,"power_outage_memory":"off","state":"ON","update":{"installed_version":192,"latest_version":192,"state":"idle"},"update_available":null,"voltage":235}'
[2024-07-25 05:15:07] info: 	z2m:mqtt: MQTT publish: topic 'zigbee2mqtt/Smart Plug Z1', payload '{"child_lock":"UNLOCK","countdown":0,"current":0,"energy":16.7,"indicator_mode":"off/on","linkquality":123,"power":0,"power_outage_memory":"off","state":"ON","update":{"installed_version":192,"latest_version":192,"state":"idle"},"update_available":null,"voltage":235}'
[2024-07-25 05:15:07] info: 	z2m:mqtt: MQTT publish: topic 'zigbee2mqtt/Smart Plug Z1', payload '{"child_lock":"UNLOCK","countdown":0,"current":0,"energy":16.7,"indicator_mode":"off/on","linkquality":123,"power":0,"power_outage_memory":"off","state":"ON","update":{"installed_version":192,"latest_version":192,"state":"idle"},"update_available":null,"voltage":235}'
[2024-07-25 05:20:00] info: 	z2m:mqtt: MQTT publish: topic 'zigbee2mqtt/Smart Plug Z1', payload '{"child_lock":"UNLOCK","countdown":0,"current":0,"energy":16.7,"indicator_mode":"off/on","linkquality":123,"power":0,"power_outage_memory":"off","state":"ON","update":{"installed_version":192,"latest_version":192,"state":"idle"},"update_available":null,"voltage":236}'
[2024-07-25 05:20:00] info: 	z2m:mqtt: MQTT publish: topic 'zigbee2mqtt/Smart Plug Z1', payload '{"child_lock":"UNLOCK","countdown":0,"current":0,"energy":16.7,"indicator_mode":"off/on","linkquality":123,"power":0,"power_outage_memory":"off","state":"ON","update":{"installed_version":192,"latest_version":192,"state":"idle"},"update_available":null,"voltage":236}'
[2024-07-25 05:20:11] info: 	z2m:mqtt: MQTT publish: topic 'zigbee2mqtt/Smart Plug Z1', payload '{"child_lock":"UNLOCK","countdown":0,"current":0,"energy":16.7,"indicator_mode":"off/on","linkquality":123,"power":0,"power_outage_memory":"off","state":"ON","update":{"installed_version":192,"latest_version":192,"state":"idle"},"update_available":null,"voltage":236}'
[2024-07-25 05:20:11] info: 	z2m:mqtt: MQTT publish: topic 'zigbee2mqtt/Smart Plug Z1', payload '{"child_lock":"UNLOCK","countdown":0,"current":0,"energy":16.7,"indicator_mode":"off/on","linkquality":123,"power":0,"power_outage_memory":"off","state":"ON","update":{"installed_version":192,"latest_version":192,"state":"idle"},"update_available":null,"voltage":236}'
[2024-07-25 05:25:28] info: 	z2m:mqtt: MQTT publish: topic 'zigbee2mqtt/Smart Plug Z1', payload '{"child_lock":"UNLOCK","countdown":0,"current":0,"energy":16.7,"indicator_mode":"off/on","linkquality":123,"power":0,"power_outage_memory":"off","state":"ON","update":{"installed_version":192,"latest_version":192,"state":"idle"},"update_available":null,"voltage":235}'
[2024-07-25 05:25:28] info: 	z2m:mqtt: MQTT publish: topic 'zigbee2mqtt/Smart Plug Z1', payload '{"child_lock":"UNLOCK","countdown":0,"current":0,"energy":16.7,"indicator_mode":"off/on","linkquality":123,"power":0,"power_outage_memory":"off","state":"ON","update":{"installed_version":192,"latest_version":192,"state":"idle"},"update_available":null,"voltage":235}'
[2024-07-25 05:25:39] info: 	z2m:mqtt: MQTT publish: topic 'zigbee2mqtt/Smart Plug Z1', payload '{"child_lock":"UNLOCK","countdown":0,"current":0,"energy":16.7,"indicator_mode":"off/on","linkquality":120,"power":0,"power_outage_memory":"off","state":"ON","update":{"installed_version":192,"latest_version":192,"state":"idle"},"update_available":null,"voltage":235}'
[2024-07-25 05:25:39] info: 	z2m:mqtt: MQTT publish: topic 'zigbee2mqtt/Smart Plug Z1', payload '{"child_lock":"UNLOCK","countdown":0,"current":0,"energy":16.7,"indicator_mode":"off/on","linkquality":120,"power":0,"power_outage_memory":"off","state":"ON","update":{"installed_version":192,"latest_version":192,"state":"idle"},"update_available":null,"voltage":235}'
[2024-07-25 05:27:07] info: 	z2m:mqtt: MQTT publish: topic 'zigbee2mqtt/Smart Plug Z1', payload '{"child_lock":"UNLOCK","countdown":0,"current":0,"energy":16.7,"indicator_mode":"off/on","linkquality":127,"power":0,"power_outage_memory":"off","state":"ON","update":{"installed_version":192,"latest_version":192,"state":"idle"},"update_available":null,"voltage":235}'
[2024-07-25 05:30:55] info: 	z2m:mqtt: MQTT publish: topic 'zigbee2mqtt/Smart Plug Z1', payload '{"child_lock":"UNLOCK","countdown":0,"current":0,"energy":16.7,"indicator_mode":"off/on","linkquality":123,"power":0,"power_outage_memory":"off","state":"ON","update":{"installed_version":192,"latest_version":192,"state":"idle"},"update_available":null,"voltage":235}'
[2024-07-25 05:30:55] info: 	z2m:mqtt: MQTT publish: topic 'zigbee2mqtt/Smart Plug Z1', payload '{"child_lock":"UNLOCK","countdown":0,"current":0,"energy":16.7,"indicator_mode":"off/on","linkquality":105,"power":0,"power_outage_memory":"off","state":"ON","update":{"installed_version":192,"latest_version":192,"state":"idle"},"update_available":null,"voltage":235}'
[2024-07-25 05:31:06] info: 	z2m:mqtt: MQTT publish: topic 'zigbee2mqtt/Smart Plug Z1', payload '{"child_lock":"UNLOCK","countdown":0,"current":0,"energy":16.7,"indicator_mode":"off/on","linkquality":105,"power":0,"power_outage_memory":"off","state":"ON","update":{"installed_version":192,"latest_version":192,"state":"idle"},"update_available":null,"voltage":235}'
[2024-07-25 05:31:06] info: 	z2m:mqtt: MQTT publish: topic 'zigbee2mqtt/Smart Plug Z1', payload '{"child_lock":"UNLOCK","countdown":0,"current":0,"energy":16.7,"indicator_mode":"off/on","linkquality":105,"power":0,"power_outage_memory":"off","state":"ON","update":{"installed_version":192,"latest_version":192,"state":"idle"},"update_available":null,"voltage":235}'
[2024-07-25 05:35:14] info: 	z2m:mqtt: MQTT publish: topic 'zigbee2mqtt/Cube', payload '{"action":null,"action_angle":null,"action_from_side":null,"battery":100,"current":0,"linkquality":123,"operation_mode":"action_mode","power":2,"power_outage_count":159,"side":2,"update":{"installed_version":-1,"latest_version":-1,"state":null},"update_available":null,"voltage":3087}'
[2024-07-25 05:36:12] info: 	z2m:mqtt: MQTT publish: topic 'zigbee2mqtt/Smart Plug Z1', payload '{"child_lock":"UNLOCK","countdown":0,"current":0,"energy":16.7,"indicator_mode":"off/on","linkquality":127,"power":0,"power_outage_memory":"off","state":"ON","update":{"installed_version":192,"latest_version":192,"state":"idle"},"update_available":null,"voltage":236}'
[2024-07-25 05:36:12] info: 	z2m:mqtt: MQTT publish: topic 'zigbee2mqtt/Smart Plug Z1', payload '{"child_lock":"UNLOCK","countdown":0,"current":0,"energy":16.7,"indicator_mode":"off/on","linkquality":123,"power":0,"power_outage_memory":"off","state":"ON","update":{"installed_version":192,"latest_version":192,"state":"idle"},"update_available":null,"voltage":236}'
[2024-07-25 05:36:23] info: 	z2m:mqtt: MQTT publish: topic 'zigbee2mqtt/Smart Plug Z1', payload '{"child_lock":"UNLOCK","countdown":0,"current":0,"energy":16.7,"indicator_mode":"off/on","linkquality":123,"power":0,"power_outage_memory":"off","state":"ON","update":{"installed_version":192,"latest_version":192,"state":"idle"},"update_available":null,"voltage":236}'
[2024-07-25 05:36:23] info: 	z2m:mqtt: MQTT publish: topic 'zigbee2mqtt/Smart Plug Z1', payload '{"child_lock":"UNLOCK","countdown":0,"current":0,"energy":16.7,"indicator_mode":"off/on","linkquality":123,"power":0,"power_outage_memory":"off","state":"ON","update":{"installed_version":192,"latest_version":192,"state":"idle"},"update_available":null,"voltage":236}'
[2024-07-25 05:41:29] info: 	z2m:mqtt: MQTT publish: topic 'zigbee2mqtt/Smart Plug Z1', payload '{"child_lock":"UNLOCK","countdown":0,"current":0,"energy":16.7,"indicator_mode":"off/on","linkquality":123,"power":0,"power_outage_memory":"off","state":"ON","update":{"installed_version":192,"latest_version":192,"state":"idle"},"update_available":null,"voltage":235}'
[2024-07-25 05:41:29] info: 	z2m:mqtt: MQTT publish: topic 'zigbee2mqtt/Smart Plug Z1', payload '{"child_lock":"UNLOCK","countdown":0,"current":0,"energy":16.7,"indicator_mode":"off/on","linkquality":123,"power":0,"power_outage_memory":"off","state":"ON","update":{"installed_version":192,"latest_version":192,"state":"idle"},"update_available":null,"voltage":235}'
[2024-07-25 05:41:40] info: 	z2m:mqtt: MQTT publish: topic 'zigbee2mqtt/Smart Plug Z1', payload '{"child_lock":"UNLOCK","countdown":0,"current":0,"energy":16.7,"indicator_mode":"off/on","linkquality":123,"power":0,"power_outage_memory":"off","state":"ON","update":{"installed_version":192,"latest_version":192,"state":"idle"},"update_available":null,"voltage":235}'
[2024-07-25 05:41:40] info: 	z2m:mqtt: MQTT publish: topic 'zigbee2mqtt/Smart Plug Z1', payload '{"child_lock":"UNLOCK","countdown":0,"current":0,"energy":16.7,"indicator_mode":"off/on","linkquality":123,"power":0,"power_outage_memory":"off","state":"ON","update":{"installed_version":192,"latest_version":192,"state":"idle"},"update_available":null,"voltage":235}'
[2024-07-25 05:42:07] info: 	z2m:mqtt: MQTT publish: topic 'zigbee2mqtt/Smart Plug Z1', payload '{"child_lock":"UNLOCK","countdown":0,"current":0,"energy":16.7,"indicator_mode":"off/on","linkquality":123,"power":0,"power_outage_memory":"off","state":"ON","update":{"installed_version":192,"latest_version":192,"state":"idle"},"update_available":null,"voltage":235}'
[2024-07-25 05:44:42] info: 	z2m:mqtt: MQTT publish: topic 'zigbee2mqtt/Philips Backyard Sensor', payload '{"battery":60.5,"illuminance":0,"illuminance_lux":0,"led_indication":true,"linkquality":76,"motion_sensitivity":"high","occupancy":false,"occupancy_timeout":60,"temperature":25.34,"update":{"installed_version":1107323831,"latest_version":1107323831,"state":"idle"},"update_available":null}'
[2024-07-25 05:46:32] info: 	z2m:mqtt: MQTT publish: topic 'zigbee2mqtt/Smart Plug Z1', payload '{"child_lock":"UNLOCK","countdown":0,"current":0,"energy":16.7,"indicator_mode":"off/on","linkquality":120,"power":0,"power_outage_memory":"off","state":"ON","update":{"installed_version":192,"latest_version":192,"state":"idle"},"update_available":null,"voltage":235}'
[2024-07-25 05:46:32] info: 	z2m:mqtt: MQTT publish: topic 'zigbee2mqtt/Smart Plug Z1', payload '{"child_lock":"UNLOCK","countdown":0,"current":0,"energy":16.7,"indicator_mode":"off/on","linkquality":123,"power":0,"power_outage_memory":"off","state":"ON","update":{"installed_version":192,"latest_version":192,"state":"idle"},"update_available":null,"voltage":235}'
[2024-07-25 05:46:43] info: 	z2m:mqtt: MQTT publish: topic 'zigbee2mqtt/Smart Plug Z1', payload '{"child_lock":"UNLOCK","countdown":0,"current":0,"energy":16.7,"indicator_mode":"off/on","linkquality":123,"power":0,"power_outage_memory":"off","state":"ON","update":{"installed_version":192,"latest_version":192,"state":"idle"},"update_available":null,"voltage":235}'
[2024-07-25 05:46:43] info: 	z2m:mqtt: MQTT publish: topic 'zigbee2mqtt/Smart Plug Z1', payload '{"child_lock":"UNLOCK","countdown":0,"current":0,"energy":16.7,"indicator_mode":"off/on","linkquality":123,"power":0,"power_outage_memory":"off","state":"ON","update":{"installed_version":192,"latest_version":192,"state":"idle"},"update_available":null,"voltage":235}'
[2024-07-25 05:50:14] info: 	z2m:mqtt: MQTT publish: topic 'zigbee2mqtt/Philips Backyard Sensor', payload '{"battery":60.5,"illuminance":0,"illuminance_lux":0,"led_indication":true,"linkquality":80,"motion_sensitivity":"high","occupancy":false,"occupancy_timeout":60,"temperature":25.2,"update":{"installed_version":1107323831,"latest_version":1107323831,"state":"idle"},"update_available":null}'
[2024-07-25 05:51:02] info: 	z2m:mqtt: MQTT publish: topic 'zigbee2mqtt/Smart Plug Z1', payload '{"child_lock":"UNLOCK","countdown":0,"current":0,"energy":16.7,"indicator_mode":"off/on","linkquality":123,"power":0,"power_outage_memory":"off","state":"ON","update":{"installed_version":192,"latest_version":192,"state":"idle"},"update_available":null,"voltage":235}'
[2024-07-25 05:51:03] info: 	z2m:mqtt: MQTT publish: topic 'zigbee2mqtt/Smart Plug Z1', payload '{"child_lock":"UNLOCK","countdown":0,"current":0,"energy":16.7,"indicator_mode":"off/on","linkquality":123,"power":0,"power_outage_memory":"off","state":"ON","update":{"installed_version":192,"latest_version":192,"state":"idle"},"update_available":null,"voltage":235}'
[2024-07-25 05:51:14] info: 	z2m:mqtt: MQTT publish: topic 'zigbee2mqtt/Smart Plug Z1', payload '{"child_lock":"UNLOCK","countdown":0,"current":0,"energy":16.7,"indicator_mode":"off/on","linkquality":123,"power":0,"power_outage_memory":"off","state":"ON","update":{"installed_version":192,"latest_version":192,"state":"idle"},"update_available":null,"voltage":235}'
[2024-07-25 05:51:45] info: 	z2m:mqtt: MQTT publish: topic 'zigbee2mqtt/Smart Plug Z1', payload '{"child_lock":"UNLOCK","countdown":0,"current":0,"energy":16.7,"indicator_mode":"off/on","linkquality":120,"power":0,"power_outage_memory":"off","state":"ON","update":{"installed_version":192,"latest_version":192,"state":"idle"},"update_available":null,"voltage":235}'
[2024-07-25 05:51:45] info: 	z2m:mqtt: MQTT publish: topic 'zigbee2mqtt/Smart Plug Z1', payload '{"child_lock":"UNLOCK","countdown":0,"current":0,"energy":16.7,"indicator_mode":"off/on","linkquality":123,"power":0,"power_outage_memory":"off","state":"ON","update":{"installed_version":192,"latest_version":192,"state":"idle"},"update_available":null,"voltage":235}'
[2024-07-25 05:51:56] info: 	z2m:mqtt: MQTT publish: topic 'zigbee2mqtt/Smart Plug Z1', payload '{"child_lock":"UNLOCK","countdown":0,"current":0,"energy":16.7,"indicator_mode":"off/on","linkquality":123,"power":0,"power_outage_memory":"off","state":"ON","update":{"installed_version":192,"latest_version":192,"state":"idle"},"update_available":null,"voltage":235}'
[2024-07-25 05:51:56] info: 	z2m:mqtt: MQTT publish: topic 'zigbee2mqtt/Smart Plug Z1', payload '{"child_lock":"UNLOCK","countdown":0,"current":0,"energy":16.7,"indicator_mode":"off/on","linkquality":123,"power":0,"power_outage_memory":"off","state":"ON","update":{"installed_version":192,"latest_version":192,"state":"idle"},"update_available":null,"voltage":235}'
[2024-07-25 05:54:43] info: 	z2m:mqtt: MQTT publish: topic 'zigbee2mqtt/Philips Backyard Sensor', payload '{"battery":60.5,"illuminance":0,"illuminance_lux":0,"led_indication":true,"linkquality":80,"motion_sensitivity":"high","occupancy":false,"occupancy_timeout":60,"temperature":25.2,"update":{"installed_version":1107323831,"latest_version":1107323831,"state":"idle"},"update_available":null}'
[2024-07-25 05:56:55] info: 	z2m:mqtt: MQTT publish: topic 'zigbee2mqtt/Smart Plug Z1', payload '{"child_lock":"UNLOCK","countdown":0,"current":0,"energy":16.7,"indicator_mode":"off/on","linkquality":123,"power":0,"power_outage_memory":"off","state":"ON","update":{"installed_version":192,"latest_version":192,"state":"idle"},"update_available":null,"voltage":235}'
[2024-07-25 05:56:55] info: 	z2m:mqtt: MQTT publish: topic 'zigbee2mqtt/Smart Plug Z1', payload '{"child_lock":"UNLOCK","countdown":0,"current":0,"energy":16.7,"indicator_mode":"off/on","linkquality":120,"power":0,"power_outage_memory":"off","state":"ON","update":{"installed_version":192,"latest_version":192,"state":"idle"},"update_available":null,"voltage":235}'
[2024-07-25 05:57:06] info: 	z2m:mqtt: MQTT publish: topic 'zigbee2mqtt/Smart Plug Z1', payload '{"child_lock":"UNLOCK","countdown":0,"current":0,"energy":16.7,"indicator_mode":"off/on","linkquality":120,"power":0,"power_outage_memory":"off","state":"ON","update":{"installed_version":192,"latest_version":192,"state":"idle"},"update_available":null,"voltage":235}'
[2024-07-25 05:57:06] info: 	z2m:mqtt: MQTT publish: topic 'zigbee2mqtt/Smart Plug Z1', payload '{"child_lock":"UNLOCK","countdown":0,"current":0,"energy":16.7,"indicator_mode":"off/on","linkquality":120,"power":0,"power_outage_memory":"off","state":"ON","update":{"installed_version":192,"latest_version":192,"state":"idle"},"update_available":null,"voltage":235}'
[2024-07-25 05:57:07] info: 	z2m:mqtt: MQTT publish: topic 'zigbee2mqtt/Smart Plug Z1', payload '{"child_lock":"UNLOCK","countdown":0,"current":0,"energy":16.7,"indicator_mode":"off/on","linkquality":123,"power":0,"power_outage_memory":"off","state":"ON","update":{"installed_version":192,"latest_version":192,"state":"idle"},"update_available":null,"voltage":235}'
[2024-07-25 06:02:03] info: 	z2m:mqtt: MQTT publish: topic 'zigbee2mqtt/Smart Plug Z1', payload '{"child_lock":"UNLOCK","countdown":0,"current":0,"energy":16.7,"indicator_mode":"off/on","linkquality":123,"power":0,"power_outage_memory":"off","state":"ON","update":{"installed_version":192,"latest_version":192,"state":"idle"},"update_available":null,"voltage":234}'
[2024-07-25 06:02:03] info: 	z2m:mqtt: MQTT publish: topic 'zigbee2mqtt/Smart Plug Z1', payload '{"child_lock":"UNLOCK","countdown":0,"current":0,"energy":16.7,"indicator_mode":"off/on","linkquality":120,"power":0,"power_outage_memory":"off","state":"ON","update":{"installed_version":192,"latest_version":192,"state":"idle"},"update_available":null,"voltage":234}'
[2024-07-25 06:02:14] info: 	z2m:mqtt: MQTT publish: topic 'zigbee2mqtt/Smart Plug Z1', payload '{"child_lock":"UNLOCK","countdown":0,"current":0,"energy":16.7,"indicator_mode":"off/on","linkquality":120,"power":0,"power_outage_memory":"off","state":"ON","update":{"installed_version":192,"latest_version":192,"state":"idle"},"update_available":null,"voltage":234}'
[2024-07-25 06:02:14] info: 	z2m:mqtt: MQTT publish: topic 'zigbee2mqtt/Smart Plug Z1', payload '{"child_lock":"UNLOCK","countdown":0,"current":0,"energy":16.7,"indicator_mode":"off/on","linkquality":120,"power":0,"power_outage_memory":"off","state":"ON","update":{"installed_version":192,"latest_version":192,"state":"idle"},"update_available":null,"voltage":234}'
[2024-07-25 06:07:06] info: 	z2m:mqtt: MQTT publish: topic 'zigbee2mqtt/Smart Plug Z1', payload '{"child_lock":"UNLOCK","countdown":0,"current":0,"energy":16.7,"indicator_mode":"off/on","linkquality":123,"power":0,"power_outage_memory":"off","state":"ON","update":{"installed_version":192,"latest_version":192,"state":"idle"},"update_available":null,"voltage":233}'
[2024-07-25 06:07:06] info: 	z2m:mqtt: MQTT publish: topic 'zigbee2mqtt/Smart Plug Z1', payload '{"child_lock":"UNLOCK","countdown":0,"current":0,"energy":16.7,"indicator_mode":"off/on","linkquality":123,"power":0,"power_outage_memory":"off","state":"ON","update":{"installed_version":192,"latest_version":192,"state":"idle"},"update_available":null,"voltage":233}'
[2024-07-25 06:07:17] info: 	z2m:mqtt: MQTT publish: topic 'zigbee2mqtt/Smart Plug Z1', payload '{"child_lock":"UNLOCK","countdown":0,"current":0,"energy":16.7,"indicator_mode":"off/on","linkquality":123,"power":0,"power_outage_memory":"off","state":"ON","update":{"installed_version":192,"latest_version":192,"state":"idle"},"update_available":null,"voltage":233}'
[2024-07-25 06:07:17] info: 	z2m:mqtt: MQTT publish: topic 'zigbee2mqtt/Smart Plug Z1', payload '{"child_lock":"UNLOCK","countdown":0,"current":0,"energy":16.7,"indicator_mode":"off/on","linkquality":123,"power":0,"power_outage_memory":"off","state":"ON","update":{"installed_version":192,"latest_version":192,"state":"idle"},"update_available":null,"voltage":233}'
[2024-07-25 06:07:23] info: 	z2m:mqtt: MQTT publish: topic 'zigbee2mqtt/Button 2 - Chandelier', payload '{"action":null,"battery":90,"linkquality":87,"update":{"installed_version":604241926,"latest_version":604241926,"state":"idle"},"update_available":null}'
[2024-07-25 06:11:46] info: 	z2m:mqtt: MQTT publish: topic 'zigbee2mqtt/Smart Plug Z1', payload '{"child_lock":"UNLOCK","countdown":0,"current":0,"energy":16.7,"indicator_mode":"off/on","linkquality":120,"power":0,"power_outage_memory":"off","state":"ON","update":{"installed_version":192,"latest_version":192,"state":"idle"},"update_available":null,"voltage":231}'
[2024-07-25 06:12:07] info: 	z2m:mqtt: MQTT publish: topic 'zigbee2mqtt/Smart Plug Z1', payload '{"child_lock":"UNLOCK","countdown":0,"current":0,"energy":16.7,"indicator_mode":"off/on","linkquality":127,"power":0,"power_outage_memory":"off","state":"ON","update":{"installed_version":192,"latest_version":192,"state":"idle"},"update_available":null,"voltage":231}'
[2024-07-25 06:12:22] info: 	z2m:mqtt: MQTT publish: topic 'zigbee2mqtt/Smart Plug Z1', payload '{"child_lock":"UNLOCK","countdown":0,"current":0,"energy":16.7,"indicator_mode":"off/on","linkquality":123,"power":0,"power_outage_memory":"off","state":"ON","update":{"installed_version":192,"latest_version":192,"state":"idle"},"update_available":null,"voltage":232}'
[2024-07-25 06:12:22] info: 	z2m:mqtt: MQTT publish: topic 'zigbee2mqtt/Smart Plug Z1', payload '{"child_lock":"UNLOCK","countdown":0,"current":0,"energy":16.7,"indicator_mode":"off/on","linkquality":123,"power":0,"power_outage_memory":"off","state":"ON","update":{"installed_version":192,"latest_version":192,"state":"idle"},"update_available":null,"voltage":232}'
[2024-07-25 06:12:33] info: 	z2m:mqtt: MQTT publish: topic 'zigbee2mqtt/Smart Plug Z1', payload '{"child_lock":"UNLOCK","countdown":0,"current":0,"energy":16.7,"indicator_mode":"off/on","linkquality":123,"power":0,"power_outage_memory":"off","state":"ON","update":{"installed_version":192,"latest_version":192,"state":"idle"},"update_available":null,"voltage":232}'
[2024-07-25 06:12:33] info: 	z2m:mqtt: MQTT publish: topic 'zigbee2mqtt/Smart Plug Z1', payload '{"child_lock":"UNLOCK","countdown":0,"current":0,"energy":16.7,"indicator_mode":"off/on","linkquality":123,"power":0,"power_outage_memory":"off","state":"ON","update":{"installed_version":192,"latest_version":192,"state":"idle"},"update_available":null,"voltage":232}'
[2024-07-25 06:17:29] info: 	z2m:mqtt: MQTT publish: topic 'zigbee2mqtt/Smart Plug Z1', payload '{"child_lock":"UNLOCK","countdown":0,"current":0,"energy":16.7,"indicator_mode":"off/on","linkquality":123,"power":0,"power_outage_memory":"off","state":"ON","update":{"installed_version":192,"latest_version":192,"state":"idle"},"update_available":null,"voltage":233}'
[2024-07-25 06:17:29] info: 	z2m:mqtt: MQTT publish: topic 'zigbee2mqtt/Smart Plug Z1', payload '{"child_lock":"UNLOCK","countdown":0,"current":0,"energy":16.7,"indicator_mode":"off/on","linkquality":120,"power":0,"power_outage_memory":"off","state":"ON","update":{"installed_version":192,"latest_version":192,"state":"idle"},"update_available":null,"voltage":233}'
[2024-07-25 06:17:40] info: 	z2m:mqtt: MQTT publish: topic 'zigbee2mqtt/Smart Plug Z1', payload '{"child_lock":"UNLOCK","countdown":0,"current":0,"energy":16.7,"indicator_mode":"off/on","linkquality":120,"power":0,"power_outage_memory":"off","state":"ON","update":{"installed_version":192,"latest_version":192,"state":"idle"},"update_available":null,"voltage":233}'
[2024-07-25 06:17:40] info: 	z2m:mqtt: MQTT publish: topic 'zigbee2mqtt/Smart Plug Z1', payload '{"child_lock":"UNLOCK","countdown":0,"current":0,"energy":16.7,"indicator_mode":"off/on","linkquality":120,"power":0,"power_outage_memory":"off","state":"ON","update":{"installed_version":192,"latest_version":192,"state":"idle"},"update_available":null,"voltage":233}'
[2024-07-25 06:19:58] info: 	z2m:mqtt: MQTT publish: topic 'zigbee2mqtt/Button 2 - Chandelier', payload '{"action":null,"battery":90,"linkquality":87,"update":{"installed_version":604241926,"latest_version":604241926,"state":"idle"},"update_available":null}'
[2024-07-25 06:22:31] info: 	z2m:mqtt: MQTT publish: topic 'zigbee2mqtt/Smart Plug Z1', payload '{"child_lock":"UNLOCK","countdown":0,"current":0,"energy":16.7,"indicator_mode":"off/on","linkquality":123,"power":0,"power_outage_memory":"off","state":"ON","update":{"installed_version":192,"latest_version":192,"state":"idle"},"update_available":null,"voltage":233}'
[2024-07-25 06:22:31] info: 	z2m:mqtt: MQTT publish: topic 'zigbee2mqtt/Smart Plug Z1', payload '{"child_lock":"UNLOCK","countdown":0,"current":0,"energy":16.7,"indicator_mode":"off/on","linkquality":87,"power":0,"power_outage_memory":"off","state":"ON","update":{"installed_version":192,"latest_version":192,"state":"idle"},"update_available":null,"voltage":233}'
[2024-07-25 06:22:42] info: 	z2m:mqtt: MQTT publish: topic 'zigbee2mqtt/Smart Plug Z1', payload '{"child_lock":"UNLOCK","countdown":0,"current":0,"energy":16.7,"indicator_mode":"off/on","linkquality":87,"power":0,"power_outage_memory":"off","state":"ON","update":{"installed_version":192,"latest_version":192,"state":"idle"},"update_available":null,"voltage":233}'
[2024-07-25 06:22:42] info: 	z2m:mqtt: MQTT publish: topic 'zigbee2mqtt/Smart Plug Z1', payload '{"child_lock":"UNLOCK","countdown":0,"current":0,"energy":16.7,"indicator_mode":"off/on","linkquality":87,"power":0,"power_outage_memory":"off","state":"ON","update":{"installed_version":192,"latest_version":192,"state":"idle"},"update_available":null,"voltage":233}'
[2024-07-25 06:24:41] info: 	z2m:mqtt: MQTT publish: topic 'zigbee2mqtt/Philips Backyard Sensor', payload '{"battery":60.5,"illuminance":3242,"illuminance_lux":2,"led_indication":true,"linkquality":76,"motion_sensitivity":"high","occupancy":false,"occupancy_timeout":60,"temperature":25.2,"update":{"installed_version":1107323831,"latest_version":1107323831,"state":"idle"},"update_available":null}'
[2024-07-25 06:27:07] info: 	z2m:mqtt: MQTT publish: topic 'zigbee2mqtt/Smart Plug Z1', payload '{"child_lock":"UNLOCK","countdown":0,"current":0,"energy":16.7,"indicator_mode":"off/on","linkquality":123,"power":0,"power_outage_memory":"off","state":"ON","update":{"installed_version":192,"latest_version":192,"state":"idle"},"update_available":null,"voltage":233}'
[2024-07-25 06:27:55] info: 	z2m:mqtt: MQTT publish: topic 'zigbee2mqtt/Smart Plug Z1', payload '{"child_lock":"UNLOCK","countdown":0,"current":0,"energy":16.7,"indicator_mode":"off/on","linkquality":123,"power":0,"power_outage_memory":"off","state":"ON","update":{"installed_version":192,"latest_version":192,"state":"idle"},"update_available":null,"voltage":234}'
[2024-07-25 06:27:55] info: 	z2m:mqtt: MQTT publish: topic 'zigbee2mqtt/Smart Plug Z1', payload '{"child_lock":"UNLOCK","countdown":0,"current":0,"energy":16.7,"indicator_mode":"off/on","linkquality":123,"power":0,"power_outage_memory":"off","state":"ON","update":{"installed_version":192,"latest_version":192,"state":"idle"},"update_available":null,"voltage":234}'
[2024-07-25 06:28:06] info: 	z2m:mqtt: MQTT publish: topic 'zigbee2mqtt/Smart Plug Z1', payload '{"child_lock":"UNLOCK","countdown":0,"current":0,"energy":16.7,"indicator_mode":"off/on","linkquality":123,"power":0,"power_outage_memory":"off","state":"ON","update":{"installed_version":192,"latest_version":192,"state":"idle"},"update_available":null,"voltage":234}'
[2024-07-25 06:28:06] info: 	z2m:mqtt: MQTT publish: topic 'zigbee2mqtt/Smart Plug Z1', payload '{"child_lock":"UNLOCK","countdown":0,"current":0,"energy":16.7,"indicator_mode":"off/on","linkquality":123,"power":0,"power_outage_memory":"off","state":"ON","update":{"installed_version":192,"latest_version":192,"state":"idle"},"update_available":null,"voltage":234}'
[2024-07-25 06:29:41] info: 	z2m:mqtt: MQTT publish: topic 'zigbee2mqtt/Philips Backyard Sensor', payload '{"battery":60.5,"illuminance":7221,"illuminance_lux":5,"led_indication":true,"linkquality":76,"motion_sensitivity":"high","occupancy":false,"occupancy_timeout":60,"temperature":25.2,"update":{"installed_version":1107323831,"latest_version":1107323831,"state":"idle"},"update_available":null}'
[2024-07-25 06:30:12] info: 	z2m:mqtt: MQTT publish: topic 'zigbee2mqtt/Cube', payload '{"action":null,"action_angle":null,"action_from_side":null,"battery":100,"current":0,"linkquality":120,"operation_mode":"action_mode","power":2,"power_outage_count":159,"side":2,"update":{"installed_version":-1,"latest_version":-1,"state":null},"update_available":null,"voltage":3088}'
[2024-07-25 06:33:16] info: 	z2m:mqtt: MQTT publish: topic 'zigbee2mqtt/Smart Plug Z1', payload '{"child_lock":"UNLOCK","countdown":0,"current":0,"energy":16.7,"indicator_mode":"off/on","linkquality":123,"power":0,"power_outage_memory":"off","state":"ON","update":{"installed_version":192,"latest_version":192,"state":"idle"},"update_available":null,"voltage":234}'
[2024-07-25 06:33:16] info: 	z2m:mqtt: MQTT publish: topic 'zigbee2mqtt/Smart Plug Z1', payload '{"child_lock":"UNLOCK","countdown":0,"current":0,"energy":16.7,"indicator_mode":"off/on","linkquality":120,"power":0,"power_outage_memory":"off","state":"ON","update":{"installed_version":192,"latest_version":192,"state":"idle"},"update_available":null,"voltage":234}'
[2024-07-25 06:33:27] info: 	z2m:mqtt: MQTT publish: topic 'zigbee2mqtt/Smart Plug Z1', payload '{"child_lock":"UNLOCK","countdown":0,"current":0,"energy":16.7,"indicator_mode":"off/on","linkquality":120,"power":0,"power_outage_memory":"off","state":"ON","update":{"installed_version":192,"latest_version":192,"state":"idle"},"update_available":null,"voltage":234}'
[2024-07-25 06:33:27] info: 	z2m:mqtt: MQTT publish: topic 'zigbee2mqtt/Smart Plug Z1', payload '{"child_lock":"UNLOCK","countdown":0,"current":0,"energy":16.7,"indicator_mode":"off/on","linkquality":120,"power":0,"power_outage_memory":"off","state":"ON","update":{"installed_version":192,"latest_version":192,"state":"idle"},"update_available":null,"voltage":234}'
[2024-07-25 06:34:40] info: 	z2m:mqtt: MQTT publish: topic 'zigbee2mqtt/Philips Backyard Sensor', payload '{"battery":60.5,"illuminance":10231,"illuminance_lux":11,"led_indication":true,"linkquality":80,"motion_sensitivity":"high","occupancy":false,"occupancy_timeout":60,"temperature":25.2,"update":{"installed_version":1107323831,"latest_version":1107323831,"state":"idle"},"update_available":null}'
[2024-07-25 06:38:24] info: 	z2m:mqtt: MQTT publish: topic 'zigbee2mqtt/Smart Plug Z1', payload '{"child_lock":"UNLOCK","countdown":0,"current":0,"energy":16.7,"indicator_mode":"off/on","linkquality":123,"power":0,"power_outage_memory":"off","state":"ON","update":{"installed_version":192,"latest_version":192,"state":"idle"},"update_available":null,"voltage":234}'
[2024-07-25 06:38:24] info: 	z2m:mqtt: MQTT publish: topic 'zigbee2mqtt/Smart Plug Z1', payload '{"child_lock":"UNLOCK","countdown":0,"current":0,"energy":16.7,"indicator_mode":"off/on","linkquality":120,"power":0,"power_outage_memory":"off","state":"ON","update":{"installed_version":192,"latest_version":192,"state":"idle"},"update_available":null,"voltage":234}'
[2024-07-25 06:38:35] info: 	z2m:mqtt: MQTT publish: topic 'zigbee2mqtt/Smart Plug Z1', payload '{"child_lock":"UNLOCK","countdown":0,"current":0,"energy":16.7,"indicator_mode":"off/on","linkquality":123,"power":0,"power_outage_memory":"off","state":"ON","update":{"installed_version":192,"latest_version":192,"state":"idle"},"update_available":null,"voltage":234}'
[2024-07-25 06:38:35] info: 	z2m:mqtt: MQTT publish: topic 'zigbee2mqtt/Smart Plug Z1', payload '{"child_lock":"UNLOCK","countdown":0,"current":0,"energy":16.7,"indicator_mode":"off/on","linkquality":123,"power":0,"power_outage_memory":"off","state":"ON","update":{"installed_version":192,"latest_version":192,"state":"idle"},"update_available":null,"voltage":234}'
[2024-07-25 06:39:40] info: 	z2m:mqtt: MQTT publish: topic 'zigbee2mqtt/Philips Backyard Sensor', payload '{"battery":60.5,"illuminance":12784,"illuminance_lux":19,"led_indication":true,"linkquality":80,"motion_sensitivity":"high","occupancy":false,"occupancy_timeout":60,"temperature":25.2,"update":{"installed_version":1107323831,"latest_version":1107323831,"state":"idle"},"update_available":null}'
[2024-07-25 06:42:07] info: 	z2m:mqtt: MQTT publish: topic 'zigbee2mqtt/Smart Plug Z1', payload '{"child_lock":"UNLOCK","countdown":0,"current":0,"energy":16.7,"indicator_mode":"off/on","linkquality":120,"power":0,"power_outage_memory":"off","state":"ON","update":{"installed_version":192,"latest_version":192,"state":"idle"},"update_available":null,"voltage":234}'
[2024-07-25 06:43:52] info: 	z2m:mqtt: MQTT publish: topic 'zigbee2mqtt/Smart Plug Z1', payload '{"child_lock":"UNLOCK","countdown":0,"current":0,"energy":16.7,"indicator_mode":"off/on","linkquality":120,"power":0,"power_outage_memory":"off","state":"ON","update":{"installed_version":192,"latest_version":192,"state":"idle"},"update_available":null,"voltage":234}'
[2024-07-25 06:43:52] info: 	z2m:mqtt: MQTT publish: topic 'zigbee2mqtt/Smart Plug Z1', payload '{"child_lock":"UNLOCK","countdown":0,"current":0,"energy":16.7,"indicator_mode":"off/on","linkquality":120,"power":0,"power_outage_memory":"off","state":"ON","update":{"installed_version":192,"latest_version":192,"state":"idle"},"update_available":null,"voltage":234}'
[2024-07-25 06:44:03] info: 	z2m:mqtt: MQTT publish: topic 'zigbee2mqtt/Smart Plug Z1', payload '{"child_lock":"UNLOCK","countdown":0,"current":0,"energy":16.7,"indicator_mode":"off/on","linkquality":120,"power":0,"power_outage_memory":"off","state":"ON","update":{"installed_version":192,"latest_version":192,"state":"idle"},"update_available":null,"voltage":234}'
[2024-07-25 06:44:03] info: 	z2m:mqtt: MQTT publish: topic 'zigbee2mqtt/Smart Plug Z1', payload '{"child_lock":"UNLOCK","countdown":0,"current":0,"energy":16.7,"indicator_mode":"off/on","linkquality":120,"power":0,"power_outage_memory":"off","state":"ON","update":{"installed_version":192,"latest_version":192,"state":"idle"},"update_available":null,"voltage":234}'
[2024-07-25 06:44:40] info: 	z2m:mqtt: MQTT publish: topic 'zigbee2mqtt/Philips Backyard Sensor', payload '{"battery":60.5,"illuminance":14545,"illuminance_lux":28,"led_indication":true,"linkquality":80,"motion_sensitivity":"high","occupancy":false,"occupancy_timeout":60,"temperature":25.2,"update":{"installed_version":1107323831,"latest_version":1107323831,"state":"idle"},"update_available":null}'
[2024-07-25 06:46:13] info: 	zh:zstack:znp: Socket error
[2024-07-25 06:46:13] info: 	zh:zstack:znp: Port closed
[2024-07-25 06:46:13] info: 	zh:zstack:znp: closing
[2024-07-25 06:46:13] error: 	z2m: Adapter disconnected, stopping
[2024-07-25 06:46:13] info: 	z2m:mqtt: MQTT publish: topic 'zigbee2mqtt/bridge/state', payload '{"state":"offline"}'
[2024-07-25 06:46:13] info: 	z2m: Disconnecting from MQTT server
[2024-07-25 06:46:13] info: 	z2m: Stopping zigbee-herdsman...
[2024-07-25 06:46:13] info: 	z2m: Stopped zigbee-herdsman
[2024-07-25 06:46:13] info: 	z2m: Stopped Zigbee2MQTT
