[2025-09-07 05:11:07] info: 	z2m: Logging to console, file (filename: log.log)
[2025-09-07 05:11:07] info: 	z2m: Starting Zigbee2MQTT version 2.6.1 (commit #unknown)
[2025-09-07 05:11:08] info: 	z2m: Starting zigbee-herdsman (6.0.4)
[2025-09-07 05:11:08] info: 	zh:zstack:znp: Opening TCP socket with 192.168.87.68:6638
[2025-09-07 05:11:17] info: 	zh:zstack:znp: Socket connected
[2025-09-07 05:11:17] info: 	zh:zstack:znp: Socket ready
[2025-09-07 05:11:17] info: 	zh:zstack:znp: Writing CC2530/CC2531 skip bootloader payload
[2025-09-07 05:11:18] info: 	zh:zstack:znp: Skip bootloader for CC2652/CC1352
[2025-09-07 05:13:13] info: 	z2m: zigbee-herdsman started (restored)
[2025-09-07 05:13:13] info: 	z2m: Coordinator firmware version: '{"meta":{"maintrel":1,"majorrel":2,"minorrel":7,"product":1,"revision":20240710,"transportrev":2},"type":"ZStack3x0"}'
[2025-09-07 05:13:13] info: 	z2m: Button 4 - Movie (0xb4e3f9fffe249e15): E1812 - IKEA TRADFRI shortcut button (EndDevice)
[2025-09-07 05:13:13] info: 	z2m: Smart Plug Z1 (0xa4c13812921dddfd): A1Z - Nous Smart plug (with power monitoring) (Router)
[2025-09-07 05:13:13] info: 	z2m: Button 3 (0xb4e3f9fffe753317): E1812 - IKEA TRADFRI shortcut button (EndDevice)
[2025-09-07 05:13:13] info: 	z2m: Button 2 - Chandelier (0x04cd15fffe7ff98b): E1812 - IKEA TRADFRI shortcut button (EndDevice)
[2025-09-07 05:13:13] info: 	z2m: Button 1 (0x04cd15fffe268dcc): E1812 - IKEA TRADFRI shortcut button (EndDevice)
[2025-09-07 05:13:13] info: 	z2m: Cube (0x54ef4410006a43c7): CTP-R01 - Aqara Cube T1 Pro (EndDevice)
[2025-09-07 05:13:13] info: 	z2m: Philips Backyard Sensor (0x001788010649a073): 9290019758 - Philips Hue motion outdoor sensor (EndDevice)
[2025-09-07 05:13:13] info: 	z2m: Water Sensor 1 (0x5c0272fffebb9cde): TS0207_water_leak_detector_3 - Tuya Zigbee water leak sensor (EndDevice)
[2025-09-07 05:13:13] info: 	z2m: Alarm Keypad (0x0015bc0043006306): KEYZB-110 - Develco Keypad (EndDevice)
[2025-09-07 05:13:13] info: 	z2m: Alarm Repeater (0x0015bc0022000242): Not supported (Router)
[2025-09-07 05:13:13] info: 	z2m: Alarm Siren (0x0015bc0041007a25): SIRZB-111 - Develco Customizable siren (Router)
[2025-09-07 05:13:13] info: 	z2m: Currently 11 devices are joined.
[2025-09-07 05:13:13] info: 	z2m: Connecting to MQTT server at mqtt://core-mosquitto:1883
[2025-09-07 05:13:13] info: 	z2m: Connected to MQTT server
[2025-09-07 05:13:13] info: 	z2m:mqtt: MQTT publish: topic 'zigbee2mqtt/bridge/state', payload '{"state":"online"}'
[2025-09-07 05:13:14] info: 	z2m:mqtt: MQTT publish: topic 'zigbee2mqtt/Button 4 - Movie/availability', payload '{"state":"online"}'
[2025-09-07 05:13:14] info: 	z2m:mqtt: MQTT publish: topic 'zigbee2mqtt/Smart Plug Z1/availability', payload '{"state":"offline"}'
[2025-09-07 05:13:14] info: 	z2m:mqtt: MQTT publish: topic 'zigbee2mqtt/Button 3/availability', payload '{"state":"online"}'
[2025-09-07 05:13:14] info: 	z2m:mqtt: MQTT publish: topic 'zigbee2mqtt/Button 2 - Chandelier/availability', payload '{"state":"online"}'
[2025-09-07 05:13:14] info: 	z2m:mqtt: MQTT publish: topic 'zigbee2mqtt/Button 1/availability', payload '{"state":"offline"}'
[2025-09-07 05:13:14] info: 	z2m:mqtt: MQTT publish: topic 'zigbee2mqtt/Cube/availability', payload '{"state":"online"}'
[2025-09-07 05:13:14] info: 	z2m:mqtt: MQTT publish: topic 'zigbee2mqtt/Philips Backyard Sensor/availability', payload '{"state":"online"}'
[2025-09-07 05:13:14] info: 	z2m:mqtt: MQTT publish: topic 'zigbee2mqtt/Water Sensor 1/availability', payload '{"state":"online"}'
[2025-09-07 05:13:14] info: 	z2m:mqtt: MQTT publish: topic 'zigbee2mqtt/Alarm Keypad/availability', payload '{"state":"online"}'
[2025-09-07 05:13:14] info: 	z2m:mqtt: MQTT publish: topic 'zigbee2mqtt/Alarm Repeater/availability', payload '{"state":"offline"}'
[2025-09-07 05:13:14] info: 	z2m:mqtt: MQTT publish: topic 'zigbee2mqtt/Alarm Siren/availability', payload '{"state":"offline"}'
[2025-09-07 05:13:15] info: 	z2m: Started frontend on port 8099
[2025-09-07 05:13:15] info: 	z2m:mqtt: MQTT publish: topic 'zigbee2mqtt/Button 4 - Movie', payload '{"battery":100,"identify":null,"linkquality":94,"update":{"installed_version":604241926,"latest_version":604241926,"state":"idle"}}'
[2025-09-07 05:13:15] info: 	z2m:mqtt: MQTT publish: topic 'zigbee2mqtt/Smart Plug Z1', payload '{"child_lock":"UNLOCK","countdown":0,"current":0,"energy":16.74,"indicator_mode":"off/on","linkquality":120,"power":0,"power_outage_memory":"off","state":"OFF","update":{"installed_version":192,"latest_version":192,"state":"idle"},"voltage":232}'
[2025-09-07 05:13:15] info: 	z2m:mqtt: MQTT publish: topic 'zigbee2mqtt/Button 3', payload '{"battery":90,"identify":null,"linkquality":0,"update":{"installed_version":604241926,"latest_version":604241926,"state":"idle"}}'
[2025-09-07 05:13:15] info: 	z2m:mqtt: MQTT publish: topic 'zigbee2mqtt/Button 2 - Chandelier', payload '{"battery":75,"identify":null,"linkquality":61,"update":{"installed_version":604241926,"latest_version":604241926,"state":"idle"}}'
[2025-09-07 05:13:15] info: 	z2m:mqtt: MQTT publish: topic 'zigbee2mqtt/Button 1', payload '{"battery":1,"identify":null,"linkquality":3,"update":{"installed_version":604241926,"latest_version":604241926,"state":"idle"}}'
[2025-09-07 05:13:15] info: 	z2m:mqtt: MQTT publish: topic 'zigbee2mqtt/Cube', payload '{"action_angle":null,"action_from_side":null,"battery":100,"current":0,"linkquality":131,"operation_mode":"action_mode","power":2,"power_outage_count":159,"side":4,"update":{"installed_version":-1,"latest_version":-1,"state":null},"voltage":3045}'
[2025-09-07 05:13:15] info: 	z2m:mqtt: MQTT publish: topic 'zigbee2mqtt/Philips Backyard Sensor', payload '{"battery":31,"illuminance":1,"led_indication":true,"linkquality":29,"motion_sensitivity":"high","occupancy":false,"occupancy_timeout":60,"temperature":23.36,"update":{"installed_version":1124102917,"latest_version":1124102917,"state":"idle"}}'
[2025-09-07 05:13:15] info: 	z2m:mqtt: MQTT publish: topic 'zigbee2mqtt/Water Sensor 1', payload '{"battery":76,"battery_low":false,"linkquality":36,"tamper":false,"voltage":2800,"water_leak":false}'
[2025-09-07 05:13:15] info: 	z2m:mqtt: MQTT publish: topic 'zigbee2mqtt/Alarm Keypad', payload '{"action_code":null,"action_transaction":null,"action_zone":null,"battery":100,"battery_low":false,"linkquality":47,"tamper":false,"update":{"installed_version":131077,"latest_version":131077,"state":"idle"},"voltage":5600}'
[2025-09-07 05:13:15] info: 	z2m:mqtt: MQTT publish: topic 'zigbee2mqtt/Alarm Repeater', payload '{"alarm_1":false,"alarm_2":false,"battery":null,"battery_low":true,"linkquality":47,"state":null,"tamper":false}'
[2025-09-07 05:13:15] info: 	z2m:mqtt: MQTT publish: topic 'zigbee2mqtt/Alarm Siren', payload '{"ac_status":true,"alarm":false,"battery":null,"battery_low":true,"enrolled":true,"ias_cie_address":"0x00124b002e0e1c5f","linkquality":65,"max_duration":10,"restore_reports":true,"supervision_reports":true,"tamper":false,"test":false,"voltage":null,"zone_id":23}'
[2025-09-07 05:13:15] info: 	z2m: Zigbee2MQTT started!
[2025-09-07 05:13:16] warning: 	z2m: Failed to ping 'Smart Plug Z1' (attempt 1/1, ZCL command 0xa4c13812921dddfd/1 genBasic.read(["zclVersion"], {"timeout":10000,"disableResponse":false,"disableRecovery":true,"disableDefaultResponse":true,"direction":0,"reservedBits":0,"writeUndiv":false}) failed (Data request failed with error: 'No network route' (205)))
[2025-09-07 05:13:20] info: 	z2m:mqtt: MQTT publish: topic 'homeassistant/binary_sensor/1221051039810110150109113116116_0x00124b002e0e1c5f/connection_state/config', payload '{"device":{"hw_version":"ZStack3x0 20240710","identifiers":["zigbee2mqtt_bridge_0x00124b002e0e1c5f"],"manufacturer":"Zigbee2MQTT","model":"Bridge","name":"Zigbee2MQTT Bridge","sw_version":"2.6.1"},"device_class":"connectivity","entity_category":"diagnostic","name":"Connection state","object_id":"zigbee2mqtt_bridge_connection_state","origin":{"name":"Zigbee2MQTT","sw":"2.6.1","url":"https://www.zigbee2mqtt.io"},"payload_off":"offline","payload_on":"online","state_topic":"zigbee2mqtt/bridge/state","unique_id":"bridge_0x00124b002e0e1c5f_connection_state_zigbee2mqtt","value_template":"{{ value_json.state }}"}'
[2025-09-07 05:13:20] warning: 	z2m: Failed to ping 'Alarm Repeater' (attempt 1/1, ZCL command 0x0015bc0022000242/37 genBasic.read(["zclVersion"], {"timeout":10000,"disableResponse":false,"disableRecovery":true,"disableDefaultResponse":true,"direction":0,"reservedBits":0,"writeUndiv":false}) failed (Data request failed with error: 'No network route' (205)))
[2025-09-07 05:13:24] warning: 	z2m: Failed to ping 'Alarm Siren' (attempt 1/1, ZCL command 0x0015bc0041007a25/43 genBasic.read(["zclVersion"], {"timeout":10000,"disableResponse":false,"disableRecovery":true,"disableDefaultResponse":true,"direction":0,"reservedBits":0,"writeUndiv":false}) failed (Data request failed with error: 'No network route' (205)))
[2025-09-07 05:13:34] info: 	z2m: Configuring 'Alarm Repeater'
[2025-09-07 05:13:44] error: 	z2m: Failed to configure 'Alarm Repeater', attempt 1 (Error: Bind 0x0015bc0022000242/1 genOnOff from '0x00124b002e0e1c5f/1' failed (AREQ - ZDO - bindRsp after 10000ms)
    at Object.start (/app/node_modules/.pnpm/zigbee-herdsman@6.0.4/node_modules/zigbee-herdsman/src/utils/waitress.ts:68:23)
    at func (/app/node_modules/.pnpm/zigbee-herdsman@6.0.4/node_modules/zigbee-herdsman/src/adapter/z-stack/adapter/zStackAdapter.ts:419:47)
    at processTicksAndRejections (node:internal/process/task_queues:105:5)
    at Queue.execute (/app/node_modules/.pnpm/zigbee-herdsman@6.0.4/node_modules/zigbee-herdsman/src/utils/queue.ts:36:20)
    at ZStackAdapter.sendZdoInternal (/app/node_modules/.pnpm/zigbee-herdsman@6.0.4/node_modules/zigbee-herdsman/src/adapter/z-stack/adapter/zStackAdapter.ts:424:43)
    at ZStackAdapter.sendZdo (/app/node_modules/.pnpm/zigbee-herdsman@6.0.4/node_modules/zigbee-herdsman/src/adapter/z-stack/adapter/zStackAdapter.ts:301:16)
    at Endpoint.bind (/app/node_modules/.pnpm/zigbee-herdsman@6.0.4/node_modules/zigbee-herdsman/src/controller/model/endpoint.ts:632:30)
    at setupAttributes (/app/node_modules/.pnpm/zigbee-herdsman-converters@25.14.0/node_modules/zigbee-herdsman-converters/src/lib/modernExtend.ts:173:13)
    at /app/node_modules/.pnpm/zigbee-herdsman-converters@25.14.0/node_modules/zigbee-herdsman-converters/src/lib/modernExtend.ts:593:17
    at Object.configure (/app/node_modules/.pnpm/zigbee-herdsman-converters@25.14.0/node_modules/zigbee-herdsman-converters/src/index.ts:366:21))
[2025-09-07 05:13:54] info: 	z2m: Configuring 'Alarm Siren'
[2025-09-07 05:14:00] error: 	z2m: Failed to configure 'Alarm Siren', attempt 1 (Error: Bind 0x0015bc0041007a25/43 ssIasZone from '0x00124b002e0e1c5f/1' failed (SRSP - ZDO - bindReq after 6000ms)
    at Object.start (/app/node_modules/.pnpm/zigbee-herdsman@6.0.4/node_modules/zigbee-herdsman/src/utils/waitress.ts:68:23)
    at /app/node_modules/.pnpm/zigbee-herdsman@6.0.4/node_modules/zigbee-herdsman/src/adapter/z-stack/znp/znp.ts:299:41
    at Queue.execute (/app/node_modules/.pnpm/zigbee-herdsman@6.0.4/node_modules/zigbee-herdsman/src/utils/queue.ts:36:26)
    at Znp.requestZdo (/app/node_modules/.pnpm/zigbee-herdsman@6.0.4/node_modules/zigbee-herdsman/src/adapter/z-stack/znp/znp.ts:290:27)
    at func (/app/node_modules/.pnpm/zigbee-herdsman@6.0.4/node_modules/zigbee-herdsman/src/adapter/z-stack/adapter/zStackAdapter.ts:405:32)
    at Queue.execute (/app/node_modules/.pnpm/zigbee-herdsman@6.0.4/node_modules/zigbee-herdsman/src/utils/queue.ts:36:26)
    at ZStackAdapter.sendZdoInternal (/app/node_modules/.pnpm/zigbee-herdsman@6.0.4/node_modules/zigbee-herdsman/src/adapter/z-stack/adapter/zStackAdapter.ts:424:60)
    at ZStackAdapter.sendZdo (/app/node_modules/.pnpm/zigbee-herdsman@6.0.4/node_modules/zigbee-herdsman/src/adapter/z-stack/adapter/zStackAdapter.ts:301:27)
    at Endpoint.bind (/app/node_modules/.pnpm/zigbee-herdsman@6.0.4/node_modules/zigbee-herdsman/src/controller/model/endpoint.ts:632:51)
    at Object.bind (/app/node_modules/.pnpm/zigbee-herdsman-converters@25.14.0/node_modules/zigbee-herdsman-converters/src/lib/reporting.ts:48:24))
[2025-09-07 05:17:49] info: 	z2m:mqtt: MQTT publish: topic 'zigbee2mqtt/Cube', payload '{"action_angle":null,"action_from_side":null,"battery":100,"current":0,"linkquality":120,"operation_mode":"action_mode","power":2,"power_outage_count":159,"side":4,"update":{"installed_version":-1,"latest_version":-1,"state":null},"voltage":3045}'
[2025-09-07 05:19:08] info: 	z2m:mqtt: MQTT publish: topic 'zigbee2mqtt/Alarm Keypad', payload '{"action_code":null,"action_transaction":null,"action_zone":null,"battery":100,"battery_low":false,"linkquality":47,"tamper":false,"update":{"installed_version":131077,"latest_version":131077,"state":"idle"},"voltage":5600}'
[2025-09-07 05:19:08] info: 	z2m:mqtt: MQTT publish: topic 'zigbee2mqtt/Alarm Keypad', payload '{"action_code":null,"action_transaction":null,"action_zone":null,"battery":100,"battery_low":false,"linkquality":47,"tamper":false,"update":{"installed_version":131077,"latest_version":131077,"state":"idle"},"voltage":5600}'
[2025-09-07 05:19:08] info: 	z2m:mqtt: MQTT publish: topic 'zigbee2mqtt/bridge/event', payload '{"data":{"friendly_name":"Alarm Keypad","ieee_address":"0x0015bc0043006306"},"type":"device_announce"}'
[2025-09-07 05:23:14] info: 	z2m:mqtt: MQTT publish: topic 'zigbee2mqtt/bridge/health', payload '{"response_time":1757215394957,"os":{"load_average":[0.96,1.08,1.2],"memory_used_mb":1778.79,"memory_percent":45.3384},"process":{"uptime_sec":733,"memory_used_mb":103.69,"memory_percent":2.6428},"mqtt":{"connected":true,"queued":0,"published":70,"received":108},"devices":{"0x001788010649a073":{"messages":48,"messages_per_sec":0.1321,"leave_count":0,"network_address_changes":0},"0x54ef4410006a43c7":{"messages":1,"messages_per_sec":0.0031,"leave_count":0,"network_address_changes":0},"0x0015bc0043006306":{"messages":8,"messages_per_sec":0.0321,"leave_count":0,"network_address_changes":0}}}'
[2025-09-07 05:24:08] info: 	z2m:mqtt: MQTT publish: topic 'zigbee2mqtt/Alarm Keypad', payload '{"action_code":null,"action_transaction":null,"action_zone":null,"battery":100,"battery_low":false,"linkquality":47,"tamper":false,"update":{"installed_version":131077,"latest_version":131077,"state":"idle"},"voltage":5600}'
[2025-09-07 05:29:08] info: 	z2m:mqtt: MQTT publish: topic 'zigbee2mqtt/Alarm Keypad', payload '{"action_code":null,"action_transaction":null,"action_zone":null,"battery":100,"battery_low":false,"linkquality":43,"tamper":false,"update":{"installed_version":131077,"latest_version":131077,"state":"idle"},"voltage":5600}'
[2025-09-07 05:31:31] info: 	z2m:mqtt: MQTT publish: topic 'zigbee2mqtt/bridge/event', payload '{"data":{"friendly_name":"Philips Backyard Sensor","ieee_address":"0x001788010649a073"},"type":"device_announce"}'
[2025-09-07 05:33:14] info: 	z2m:mqtt: MQTT publish: topic 'zigbee2mqtt/bridge/health', payload '{"response_time":1757215994956,"os":{"load_average":[0.91,0.9,1.01],"memory_used_mb":1806.18,"memory_percent":46.0365},"process":{"uptime_sec":1333,"memory_used_mb":103.94,"memory_percent":2.6492},"mqtt":{"connected":true,"queued":0,"published":79,"received":108},"devices":{"0x001788010649a073":{"messages":83,"messages_per_sec":0.0862,"leave_count":0,"network_address_changes":0},"0x54ef4410006a43c7":{"messages":1,"messages_per_sec":0.0011,"leave_count":0,"network_address_changes":0},"0x0015bc0043006306":{"messages":10,"messages_per_sec":0.0118,"leave_count":0,"network_address_changes":0}}}'
[2025-09-07 05:33:39] warning: 	z2m: Failed to ping 'Alarm Repeater' (attempt 1/1, ZCL command 0x0015bc0022000242/37 genBasic.read(["zclVersion"], {"timeout":10000,"disableResponse":false,"disableRecovery":true,"disableDefaultResponse":true,"direction":0,"reservedBits":0,"writeUndiv":false}) failed (Data request failed with error: 'No network route' (205)))
[2025-09-07 05:34:03] warning: 	z2m: Failed to ping 'Smart Plug Z1' (attempt 1/1, ZCL command 0xa4c13812921dddfd/1 genBasic.read(["zclVersion"], {"timeout":10000,"disableResponse":false,"disableRecovery":true,"disableDefaultResponse":true,"direction":0,"reservedBits":0,"writeUndiv":false}) failed (Data request failed with error: 'No network route' (205)))
[2025-09-07 05:34:06] warning: 	z2m: Failed to ping 'Alarm Siren' (attempt 1/1, ZCL command 0x0015bc0041007a25/43 genBasic.read(["zclVersion"], {"timeout":10000,"disableResponse":false,"disableRecovery":true,"disableDefaultResponse":true,"direction":0,"reservedBits":0,"writeUndiv":false}) failed (Data request failed with error: 'No network route' (205)))
[2025-09-07 05:34:08] info: 	z2m:mqtt: MQTT publish: topic 'zigbee2mqtt/Alarm Keypad', payload '{"action_code":null,"action_transaction":null,"action_zone":null,"battery":100,"battery_low":false,"linkquality":47,"tamper":false,"update":{"installed_version":131077,"latest_version":131077,"state":"idle"},"voltage":5600}'
[2025-09-07 05:36:20] info: 	z2m:mqtt: MQTT publish: topic 'zigbee2mqtt/Philips Backyard Sensor', payload '{"battery":31,"illuminance":1,"led_indication":true,"linkquality":54,"motion_sensitivity":"high","occupancy":false,"occupancy_timeout":60,"temperature":23.36,"update":{"installed_version":1124102917,"latest_version":1124102917,"state":"idle"}}'
[2025-09-07 05:39:08] info: 	z2m:mqtt: MQTT publish: topic 'zigbee2mqtt/Alarm Keypad', payload '{"action_code":null,"action_transaction":null,"action_zone":null,"battery":100,"battery_low":false,"linkquality":47,"tamper":false,"update":{"installed_version":131077,"latest_version":131077,"state":"idle"},"voltage":5600}'
[2025-09-07 05:41:19] info: 	z2m:mqtt: MQTT publish: topic 'zigbee2mqtt/Philips Backyard Sensor', payload '{"battery":31,"illuminance":1,"led_indication":true,"linkquality":47,"motion_sensitivity":"high","occupancy":false,"occupancy_timeout":60,"temperature":23.36,"update":{"installed_version":1124102917,"latest_version":1124102917,"state":"idle"}}'
[2025-09-07 05:41:22] error: 	zh:controller:device: Handling of poll check-in from 0x0015bc0043006306 failed (ZCL command 0x0015bc0043006306/44 genPollCtrl.checkinRsp({"startFastPolling":0,"fastPollTimeout":0}, {"timeout":10000,"disableResponse":false,"disableRecovery":false,"disableDefaultResponse":false,"direction":0,"reservedBits":0,"writeUndiv":false,"sendPolicy":"immediate"}) failed (Timeout - 32233 - 44 - 8 - 32 - 11 after 10000ms))
[2025-09-07 05:43:14] info: 	z2m:mqtt: MQTT publish: topic 'zigbee2mqtt/bridge/health', payload '{"response_time":1757216594966,"os":{"load_average":[2.26,1.89,1.39],"memory_used_mb":1771.09,"memory_percent":45.1423},"process":{"uptime_sec":1933,"memory_used_mb":104.06,"memory_percent":2.6524},"mqtt":{"connected":true,"queued":0,"published":93,"received":108},"devices":{"0x001788010649a073":{"messages":85,"messages_per_sec":0.0544,"leave_count":0,"network_address_changes":0},"0x54ef4410006a43c7":{"messages":1,"messages_per_sec":0.0007,"leave_count":0,"network_address_changes":0},"0x0015bc0043006306":{"messages":13,"messages_per_sec":0.009,"leave_count":0,"network_address_changes":0}}}'
[2025-09-07 05:44:08] info: 	z2m:mqtt: MQTT publish: topic 'zigbee2mqtt/Alarm Keypad', payload '{"action_code":null,"action_transaction":null,"action_zone":null,"battery":100,"battery_low":false,"linkquality":47,"tamper":false,"update":{"installed_version":131077,"latest_version":131077,"state":"idle"},"voltage":5600}'
[2025-09-07 05:49:08] info: 	z2m:mqtt: MQTT publish: topic 'zigbee2mqtt/Alarm Keypad', payload '{"action_code":null,"action_transaction":null,"action_zone":null,"battery":100,"battery_low":false,"linkquality":47,"tamper":false,"update":{"installed_version":131077,"latest_version":131077,"state":"idle"},"voltage":5600}'
[2025-09-07 05:53:14] info: 	z2m:mqtt: MQTT publish: topic 'zigbee2mqtt/bridge/health', payload '{"response_time":1757217194976,"os":{"load_average":[0.82,1.38,1.47],"memory_used_mb":1720.94,"memory_percent":43.864},"process":{"uptime_sec":2533,"memory_used_mb":104.46,"memory_percent":2.6624},"mqtt":{"connected":true,"queued":0,"published":98,"received":108},"devices":{"0x001788010649a073":{"messages":86,"messages_per_sec":0.0398,"leave_count":0,"network_address_changes":0},"0x54ef4410006a43c7":{"messages":1,"messages_per_sec":0.0005,"leave_count":0,"network_address_changes":0},"0x0015bc0043006306":{"messages":15,"messages_per_sec":0.0073,"leave_count":0,"network_address_changes":0}}}'
[2025-09-07 05:54:08] info: 	z2m:mqtt: MQTT publish: topic 'zigbee2mqtt/Alarm Keypad', payload '{"action_code":null,"action_transaction":null,"action_zone":null,"battery":100,"battery_low":false,"linkquality":47,"tamper":false,"update":{"installed_version":131077,"latest_version":131077,"state":"idle"},"voltage":5600}'
[2025-09-07 05:59:08] info: 	z2m:mqtt: MQTT publish: topic 'zigbee2mqtt/Alarm Keypad', payload '{"action_code":null,"action_transaction":null,"action_zone":null,"battery":100,"battery_low":false,"linkquality":43,"tamper":false,"update":{"installed_version":131077,"latest_version":131077,"state":"idle"},"voltage":5600}'
[2025-09-07 06:02:18] info: 	zhc:ota: [0xb4e3f9fffe249e15 | TRADFRI SHORTCUT Button] Firmware release notes: https://ww8.ikea.com/ikeahomesmart/releasenotes/releasenotes.html
[2025-09-07 06:02:18] info: 	z2m:mqtt: MQTT publish: topic 'zigbee2mqtt/Button 4 - Movie', payload '{"battery":100,"identify":null,"linkquality":116,"update":{"installed_version":604241926,"latest_version":604241926,"state":"idle"}}'
[2025-09-07 06:03:14] info: 	z2m:mqtt: MQTT publish: topic 'zigbee2mqtt/bridge/health', payload '{"response_time":1757217794985,"os":{"load_average":[0.86,0.98,1.2],"memory_used_mb":1773.27,"memory_percent":45.1978},"process":{"uptime_sec":3133,"memory_used_mb":111.73,"memory_percent":2.8477},"mqtt":{"connected":true,"queued":0,"published":107,"received":108},"devices":{"0x001788010649a073":{"messages":86,"messages_per_sec":0.0311,"leave_count":0,"network_address_changes":0},"0x54ef4410006a43c7":{"messages":1,"messages_per_sec":0.0004,"leave_count":0,"network_address_changes":0},"0x0015bc0043006306":{"messages":17,"messages_per_sec":0.0064,"leave_count":0,"network_address_changes":0},"0xb4e3f9fffe249e15":{"messages":5,"messages_per_sec":0.087,"leave_count":0,"network_address_changes":0}}}'
[2025-09-07 06:04:08] info: 	z2m:mqtt: MQTT publish: topic 'zigbee2mqtt/Alarm Keypad', payload '{"action_code":null,"action_transaction":null,"action_zone":null,"battery":100,"battery_low":false,"linkquality":47,"tamper":false,"update":{"installed_version":131077,"latest_version":131077,"state":"idle"},"voltage":5600}'
[2025-09-07 06:04:28] info: 	z2m:mqtt: MQTT publish: topic 'zigbee2mqtt/bridge/event', payload '{"data":{"friendly_name":"Alarm Keypad","ieee_address":"0x0015bc0043006306"},"type":"device_announce"}'
[2025-09-07 06:04:28] info: 	z2m:mqtt: MQTT publish: topic 'zigbee2mqtt/Alarm Keypad', payload '{"action_code":null,"action_transaction":null,"action_zone":null,"battery":100,"battery_low":false,"linkquality":47,"tamper":false,"update":{"installed_version":131077,"latest_version":131077,"state":"idle"},"voltage":5600}'
[2025-09-07 06:04:28] info: 	z2m:mqtt: MQTT publish: topic 'zigbee2mqtt/Alarm Keypad', payload '{"action_code":null,"action_transaction":null,"action_zone":null,"battery":100,"battery_low":false,"linkquality":47,"tamper":false,"update":{"installed_version":131077,"latest_version":131077,"state":"idle"},"voltage":5600}'
[2025-09-07 06:09:28] info: 	z2m:mqtt: MQTT publish: topic 'zigbee2mqtt/Alarm Keypad', payload '{"action_code":null,"action_transaction":null,"action_zone":null,"battery":100,"battery_low":false,"linkquality":47,"tamper":false,"update":{"installed_version":131077,"latest_version":131077,"state":"idle"},"voltage":5600}'
[2025-09-07 06:13:11] info: 	z2m:mqtt: MQTT publish: topic 'zigbee2mqtt/Cube', payload '{"action_angle":null,"action_from_side":null,"battery":100,"current":0,"linkquality":120,"operation_mode":"action_mode","power":2,"power_outage_count":159,"side":4,"update":{"installed_version":-1,"latest_version":-1,"state":null},"voltage":3046}'
[2025-09-07 06:13:14] info: 	z2m:mqtt: MQTT publish: topic 'zigbee2mqtt/bridge/health', payload '{"response_time":1757218394988,"os":{"load_average":[0.93,0.92,1.04],"memory_used_mb":1768.97,"memory_percent":45.0882},"process":{"uptime_sec":3733,"memory_used_mb":112.67,"memory_percent":2.8717},"mqtt":{"connected":true,"queued":0,"published":120,"received":108},"devices":{"0x001788010649a073":{"messages":86,"messages_per_sec":0.0256,"leave_count":0,"network_address_changes":0},"0x54ef4410006a43c7":{"messages":2,"messages_per_sec":0.0006,"leave_count":0,"network_address_changes":0},"0x0015bc0043006306":{"messages":27,"messages_per_sec":0.0083,"leave_count":0,"network_address_changes":0},"0xb4e3f9fffe249e15":{"messages":5,"messages_per_sec":0.0076,"leave_count":0,"network_address_changes":0}}}'
[2025-09-07 06:13:47] warning: 	z2m: Failed to ping 'Alarm Repeater' (attempt 1/1, ZCL command 0x0015bc0022000242/37 genBasic.read(["zclVersion"], {"timeout":10000,"disableResponse":false,"disableRecovery":true,"disableDefaultResponse":true,"direction":0,"reservedBits":0,"writeUndiv":false}) failed (Data request failed with error: 'No network route' (205)))
[2025-09-07 06:14:28] info: 	z2m:mqtt: MQTT publish: topic 'zigbee2mqtt/Alarm Keypad', payload '{"action_code":null,"action_transaction":null,"action_zone":null,"battery":100,"battery_low":false,"linkquality":47,"tamper":false,"update":{"installed_version":131077,"latest_version":131077,"state":"idle"},"voltage":5600}'
[2025-09-07 06:15:08] warning: 	z2m: Failed to ping 'Smart Plug Z1' (attempt 1/1, ZCL command 0xa4c13812921dddfd/1 genBasic.read(["zclVersion"], {"timeout":10000,"disableResponse":false,"disableRecovery":true,"disableDefaultResponse":true,"direction":0,"reservedBits":0,"writeUndiv":false}) failed (Data request failed with error: 'No network route' (205)))
[2025-09-07 06:15:57] warning: 	z2m: Failed to ping 'Alarm Siren' (attempt 1/1, ZCL command 0x0015bc0041007a25/43 genBasic.read(["zclVersion"], {"timeout":10000,"disableResponse":false,"disableRecovery":true,"disableDefaultResponse":true,"direction":0,"reservedBits":0,"writeUndiv":false}) failed (Data request failed with error: 'No network route' (205)))
[2025-09-07 06:18:09] info: 	z2m:mqtt: MQTT publish: topic 'zigbee2mqtt/bridge/event', payload '{"data":{"friendly_name":"Philips Backyard Sensor","ieee_address":"0x001788010649a073"},"type":"device_announce"}'
[2025-09-07 06:18:19] info: 	z2m:mqtt: MQTT publish: topic 'zigbee2mqtt/Philips Backyard Sensor', payload '{"battery":28.5,"illuminance":1,"led_indication":true,"linkquality":47,"motion_sensitivity":"high","occupancy":false,"occupancy_timeout":60,"temperature":23.36,"update":{"installed_version":1124102917,"latest_version":1124102917,"state":"idle"}}'
[2025-09-07 06:18:20] info: 	z2m:mqtt: MQTT publish: topic 'zigbee2mqtt/Philips Backyard Sensor', payload '{"battery":28.5,"illuminance":1,"led_indication":true,"linkquality":51,"motion_sensitivity":"high","occupancy":false,"occupancy_timeout":60,"temperature":23.36,"update":{"installed_version":1124102917,"latest_version":1124102917,"state":"idle"}}'
[2025-09-07 06:18:21] info: 	z2m:mqtt: MQTT publish: topic 'zigbee2mqtt/Philips Backyard Sensor', payload '{"battery":28.5,"illuminance":24,"led_indication":true,"linkquality":47,"motion_sensitivity":"high","occupancy":false,"occupancy_timeout":60,"temperature":23.36,"update":{"installed_version":1124102917,"latest_version":1124102917,"state":"idle"}}'
[2025-09-07 06:18:22] info: 	z2m:mqtt: MQTT publish: topic 'zigbee2mqtt/Philips Backyard Sensor', payload '{"battery":28.5,"illuminance":24,"led_indication":true,"linkquality":47,"motion_sensitivity":"high","occupancy":false,"occupancy_timeout":60,"temperature":23.5,"update":{"installed_version":1124102917,"latest_version":1124102917,"state":"idle"}}'
[2025-09-07 06:19:28] info: 	z2m:mqtt: MQTT publish: topic 'zigbee2mqtt/Alarm Keypad', payload '{"action_code":null,"action_transaction":null,"action_zone":null,"battery":100,"battery_low":false,"linkquality":43,"tamper":false,"update":{"installed_version":131077,"latest_version":131077,"state":"idle"},"voltage":5600}'
[2025-09-07 06:19:46] info: 	z2m:mqtt: MQTT publish: topic 'zigbee2mqtt/Philips Backyard Sensor', payload '{"battery":28.5,"illuminance":24,"led_indication":true,"linkquality":47,"motion_sensitivity":"high","occupancy":false,"occupancy_timeout":60,"temperature":23.5,"update":{"installed_version":1124102917,"latest_version":1124102917,"state":"idle"}}'
[2025-09-07 06:23:09] info: 	z2m:mqtt: MQTT publish: topic 'zigbee2mqtt/Philips Backyard Sensor', payload '{"battery":28.5,"illuminance":1,"led_indication":true,"linkquality":47,"motion_sensitivity":"high","occupancy":false,"occupancy_timeout":60,"temperature":23.5,"update":{"installed_version":1124102917,"latest_version":1124102917,"state":"idle"}}'
[2025-09-07 06:23:14] info: 	z2m:mqtt: MQTT publish: topic 'zigbee2mqtt/bridge/health', payload '{"response_time":1757218994993,"os":{"load_average":[1.36,1.06,1.02],"memory_used_mb":1785.96,"memory_percent":45.5213},"process":{"uptime_sec":4333,"memory_used_mb":114.34,"memory_percent":2.9144},"mqtt":{"connected":true,"queued":0,"published":144,"received":108},"devices":{"0x001788010649a073":{"messages":178,"messages_per_sec":0.0449,"leave_count":0,"network_address_changes":0},"0x54ef4410006a43c7":{"messages":2,"messages_per_sec":0.0005,"leave_count":0,"network_address_changes":0},"0x0015bc0043006306":{"messages":30,"messages_per_sec":0.0078,"leave_count":0,"network_address_changes":0},"0xb4e3f9fffe249e15":{"messages":5,"messages_per_sec":0.004,"leave_count":0,"network_address_changes":0}}}'
[2025-09-07 06:24:28] info: 	z2m:mqtt: MQTT publish: topic 'zigbee2mqtt/Alarm Keypad', payload '{"action_code":null,"action_transaction":null,"action_zone":null,"battery":100,"battery_low":false,"linkquality":47,"tamper":false,"update":{"installed_version":131077,"latest_version":131077,"state":"idle"},"voltage":5600}'
[2025-09-07 06:29:28] info: 	z2m:mqtt: MQTT publish: topic 'zigbee2mqtt/Alarm Keypad', payload '{"action_code":null,"action_transaction":null,"action_zone":null,"battery":100,"battery_low":false,"linkquality":47,"tamper":false,"update":{"installed_version":131077,"latest_version":131077,"state":"idle"},"voltage":5600}'
[2025-09-07 06:33:15] info: 	z2m:mqtt: MQTT publish: topic 'zigbee2mqtt/bridge/health', payload '{"response_time":1757219595001,"os":{"load_average":[0.95,0.96,0.99],"memory_used_mb":1730.44,"memory_percent":44.1062},"process":{"uptime_sec":4933,"memory_used_mb":114.34,"memory_percent":2.9144},"mqtt":{"connected":true,"queued":0,"published":149,"received":108},"devices":{"0x001788010649a073":{"messages":178,"messages_per_sec":0.039,"leave_count":0,"network_address_changes":0},"0x54ef4410006a43c7":{"messages":2,"messages_per_sec":0.0004,"leave_count":0,"network_address_changes":0},"0x0015bc0043006306":{"messages":32,"messages_per_sec":0.0072,"leave_count":0,"network_address_changes":0},"0xb4e3f9fffe249e15":{"messages":5,"messages_per_sec":0.0027,"leave_count":0,"network_address_changes":0}}}'
[2025-09-07 06:34:28] info: 	z2m:mqtt: MQTT publish: topic 'zigbee2mqtt/Alarm Keypad', payload '{"action_code":null,"action_transaction":null,"action_zone":null,"battery":100,"battery_low":false,"linkquality":47,"tamper":false,"update":{"installed_version":131077,"latest_version":131077,"state":"idle"},"voltage":5600}'
[2025-09-07 06:39:28] info: 	z2m:mqtt: MQTT publish: topic 'zigbee2mqtt/Alarm Keypad', payload '{"action_code":null,"action_transaction":null,"action_zone":null,"battery":100,"battery_low":false,"linkquality":47,"tamper":false,"update":{"installed_version":131077,"latest_version":131077,"state":"idle"},"voltage":5600}'
[2025-09-07 06:41:23] error: 	zh:controller:device: Handling of poll check-in from 0x0015bc0043006306 failed (ZCL command 0x0015bc0043006306/44 genPollCtrl.checkinRsp({"startFastPolling":0,"fastPollTimeout":0}, {"timeout":10000,"disableResponse":false,"disableRecovery":false,"disableDefaultResponse":false,"direction":0,"reservedBits":0,"writeUndiv":false,"sendPolicy":"immediate"}) failed (Timeout - 32233 - 44 - 12 - 32 - 11 after 10000ms))
[2025-09-07 06:43:15] info: 	z2m:mqtt: MQTT publish: topic 'zigbee2mqtt/bridge/health', payload '{"response_time":1757220195004,"os":{"load_average":[0.99,1,1],"memory_used_mb":1774.27,"memory_percent":45.2234},"process":{"uptime_sec":5533,"memory_used_mb":114.69,"memory_percent":2.9233},"mqtt":{"connected":true,"queued":0,"published":155,"received":108},"devices":{"0x001788010649a073":{"messages":178,"messages_per_sec":0.0345,"leave_count":0,"network_address_changes":0},"0x54ef4410006a43c7":{"messages":2,"messages_per_sec":0.0004,"leave_count":0,"network_address_changes":0},"0x0015bc0043006306":{"messages":35,"messages_per_sec":0.0069,"leave_count":0,"network_address_changes":0},"0xb4e3f9fffe249e15":{"messages":5,"messages_per_sec":0.002,"leave_count":0,"network_address_changes":0}}}'
[2025-09-07 06:44:28] info: 	z2m:mqtt: MQTT publish: topic 'zigbee2mqtt/Alarm Keypad', payload '{"action_code":null,"action_transaction":null,"action_zone":null,"battery":100,"battery_low":false,"linkquality":47,"tamper":false,"update":{"installed_version":131077,"latest_version":131077,"state":"idle"},"voltage":5600}'
[2025-09-07 06:49:28] info: 	z2m:mqtt: MQTT publish: topic 'zigbee2mqtt/Alarm Keypad', payload '{"action_code":null,"action_transaction":null,"action_zone":null,"battery":100,"battery_low":false,"linkquality":47,"tamper":false,"update":{"installed_version":131077,"latest_version":131077,"state":"idle"},"voltage":5600}'
[2025-09-07 06:53:15] info: 	z2m:mqtt: MQTT publish: topic 'zigbee2mqtt/bridge/health', payload '{"response_time":1757220795011,"os":{"load_average":[0.84,0.93,0.98],"memory_used_mb":1771.59,"memory_percent":45.1549},"process":{"uptime_sec":6133,"memory_used_mb":114.69,"memory_percent":2.9233},"mqtt":{"connected":true,"queued":0,"published":160,"received":108},"devices":{"0x001788010649a073":{"messages":178,"messages_per_sec":0.0309,"leave_count":0,"network_address_changes":0},"0x54ef4410006a43c7":{"messages":2,"messages_per_sec":0.0003,"leave_count":0,"network_address_changes":0},"0x0015bc0043006306":{"messages":37,"messages_per_sec":0.0065,"leave_count":0,"network_address_changes":0},"0xb4e3f9fffe249e15":{"messages":5,"messages_per_sec":0.0016,"leave_count":0,"network_address_changes":0}}}'
[2025-09-07 06:54:28] info: 	z2m:mqtt: MQTT publish: topic 'zigbee2mqtt/Alarm Keypad', payload '{"action_code":null,"action_transaction":null,"action_zone":null,"battery":100,"battery_low":false,"linkquality":47,"tamper":false,"update":{"installed_version":131077,"latest_version":131077,"state":"idle"},"voltage":5600}'
[2025-09-07 06:59:28] info: 	z2m:mqtt: MQTT publish: topic 'zigbee2mqtt/Alarm Keypad', payload '{"action_code":null,"action_transaction":null,"action_zone":null,"battery":100,"battery_low":false,"linkquality":47,"tamper":false,"update":{"installed_version":131077,"latest_version":131077,"state":"idle"},"voltage":5600}'
[2025-09-07 07:03:15] info: 	z2m:mqtt: MQTT publish: topic 'zigbee2mqtt/bridge/health', payload '{"response_time":1757221395018,"os":{"load_average":[0.96,0.94,0.95],"memory_used_mb":1745.8,"memory_percent":44.4976},"process":{"uptime_sec":6733,"memory_used_mb":114.69,"memory_percent":2.9233},"mqtt":{"connected":true,"queued":0,"published":165,"received":108},"devices":{"0x001788010649a073":{"messages":178,"messages_per_sec":0.028,"leave_count":0,"network_address_changes":0},"0x54ef4410006a43c7":{"messages":2,"messages_per_sec":0.0003,"leave_count":0,"network_address_changes":0},"0x0015bc0043006306":{"messages":39,"messages_per_sec":0.0062,"leave_count":0,"network_address_changes":0},"0xb4e3f9fffe249e15":{"messages":5,"messages_per_sec":0.0014,"leave_count":0,"network_address_changes":0}}}'
[2025-09-07 07:04:28] info: 	z2m:mqtt: MQTT publish: topic 'zigbee2mqtt/Alarm Keypad', payload '{"action_code":null,"action_transaction":null,"action_zone":null,"battery":100,"battery_low":false,"linkquality":47,"tamper":false,"update":{"installed_version":131077,"latest_version":131077,"state":"idle"},"voltage":5600}'
[2025-09-07 07:04:28] info: 	z2m:mqtt: MQTT publish: topic 'zigbee2mqtt/Alarm Keypad', payload '{"action_code":null,"action_transaction":null,"action_zone":null,"battery":100,"battery_low":false,"linkquality":47,"tamper":false,"update":{"installed_version":131077,"latest_version":131077,"state":"idle"},"voltage":5600}'
[2025-09-07 07:04:48] info: 	z2m:mqtt: MQTT publish: topic 'zigbee2mqtt/bridge/event', payload '{"data":{"friendly_name":"Alarm Keypad","ieee_address":"0x0015bc0043006306"},"type":"device_announce"}'
[2025-09-07 07:04:48] info: 	z2m:mqtt: MQTT publish: topic 'zigbee2mqtt/Alarm Keypad', payload '{"action_code":null,"action_transaction":null,"action_zone":null,"battery":100,"battery_low":false,"linkquality":47,"tamper":false,"update":{"installed_version":131077,"latest_version":131077,"state":"idle"},"voltage":5600}'
[2025-09-07 07:04:48] info: 	z2m:mqtt: MQTT publish: topic 'zigbee2mqtt/Alarm Keypad', payload '{"action_code":null,"action_transaction":null,"action_zone":null,"battery":100,"battery_low":false,"linkquality":47,"tamper":false,"update":{"installed_version":131077,"latest_version":131077,"state":"idle"},"voltage":5600}'
[2025-09-07 07:06:43] info: 	z2m: Configuring 'Water Sensor 1'
[2025-09-07 07:06:43] info: 	z2m:mqtt: MQTT publish: topic 'zigbee2mqtt/Water Sensor 1', payload '{"battery":76,"battery_low":false,"linkquality":32,"tamper":false,"voltage":2800,"water_leak":false}'
[2025-09-07 07:06:43] info: 	z2m:mqtt: MQTT publish: topic 'zigbee2mqtt/Water Sensor 1', payload '{"battery":76,"battery_low":false,"linkquality":32,"tamper":false,"voltage":2800,"water_leak":false}'
[2025-09-07 07:06:43] info: 	z2m:mqtt: MQTT publish: topic 'zigbee2mqtt/Water Sensor 1', payload '{"battery":76,"battery_low":false,"linkquality":32,"tamper":false,"voltage":2800,"water_leak":false}'
[2025-09-07 07:06:43] info: 	z2m:mqtt: MQTT publish: topic 'zigbee2mqtt/Water Sensor 1', payload '{"battery":76,"battery_low":false,"linkquality":32,"tamper":false,"voltage":2800,"water_leak":false}'
[2025-09-07 07:06:43] info: 	z2m:mqtt: MQTT publish: topic 'zigbee2mqtt/Water Sensor 1', payload '{"battery":76,"battery_low":false,"linkquality":32,"tamper":false,"voltage":2800,"water_leak":false}'
[2025-09-07 07:06:43] info: 	z2m:mqtt: MQTT publish: topic 'zigbee2mqtt/Water Sensor 1', payload '{"battery":76,"battery_low":false,"linkquality":32,"tamper":false,"voltage":2800,"water_leak":false}'
[2025-09-07 07:06:43] info: 	z2m:mqtt: MQTT publish: topic 'zigbee2mqtt/Water Sensor 1', payload '{"battery":76,"battery_low":false,"linkquality":32,"tamper":false,"voltage":2800,"water_leak":false}'
[2025-09-07 07:06:43] info: 	z2m:mqtt: MQTT publish: topic 'zigbee2mqtt/Water Sensor 1', payload '{"battery":76,"battery_low":false,"linkquality":32,"tamper":false,"voltage":2800,"water_leak":false}'
[2025-09-07 07:06:43] info: 	z2m:mqtt: MQTT publish: topic 'zigbee2mqtt/Water Sensor 1', payload '{"battery":76,"battery_low":false,"linkquality":32,"tamper":false,"voltage":2800,"water_leak":false}'
[2025-09-07 07:06:43] info: 	z2m:mqtt: MQTT publish: topic 'zigbee2mqtt/Water Sensor 1', payload '{"battery":76,"battery_low":false,"linkquality":32,"tamper":false,"voltage":2800,"water_leak":false}'
[2025-09-07 07:06:43] info: 	z2m:mqtt: MQTT publish: topic 'zigbee2mqtt/Water Sensor 1', payload '{"battery":76,"battery_low":false,"linkquality":32,"tamper":false,"voltage":2800,"water_leak":false}'
[2025-09-07 07:06:43] info: 	z2m:mqtt: MQTT publish: topic 'zigbee2mqtt/Water Sensor 1', payload '{"battery":76,"battery_low":false,"linkquality":32,"tamper":false,"voltage":2800,"water_leak":false}'
[2025-09-07 07:06:43] info: 	z2m:mqtt: MQTT publish: topic 'zigbee2mqtt/Water Sensor 1', payload '{"battery":76,"battery_low":false,"linkquality":32,"tamper":false,"voltage":2800,"water_leak":false}'
[2025-09-07 07:06:43] info: 	z2m:mqtt: MQTT publish: topic 'zigbee2mqtt/Water Sensor 1', payload '{"battery":76,"battery_low":false,"linkquality":32,"tamper":false,"voltage":2800,"water_leak":false}'
[2025-09-07 07:06:55] error: 	z2m: Failed to configure 'Water Sensor 1', attempt 1 (Error: Bind 0x5c0272fffebb9cde/1 genPowerCfg from '0x00124b002e0e1c5f/1' failed (AREQ - ZDO - bindRsp after 10000ms)
    at Object.start (/app/node_modules/.pnpm/zigbee-herdsman@6.0.4/node_modules/zigbee-herdsman/src/utils/waitress.ts:68:23)
    at func (/app/node_modules/.pnpm/zigbee-herdsman@6.0.4/node_modules/zigbee-herdsman/src/adapter/z-stack/adapter/zStackAdapter.ts:419:47)
    at processTicksAndRejections (node:internal/process/task_queues:105:5)
    at Queue.execute (/app/node_modules/.pnpm/zigbee-herdsman@6.0.4/node_modules/zigbee-herdsman/src/utils/queue.ts:36:20)
    at ZStackAdapter.sendZdoInternal (/app/node_modules/.pnpm/zigbee-herdsman@6.0.4/node_modules/zigbee-herdsman/src/adapter/z-stack/adapter/zStackAdapter.ts:424:43)
    at ZStackAdapter.sendZdo (/app/node_modules/.pnpm/zigbee-herdsman@6.0.4/node_modules/zigbee-herdsman/src/adapter/z-stack/adapter/zStackAdapter.ts:301:16)
    at Endpoint.bind (/app/node_modules/.pnpm/zigbee-herdsman@6.0.4/node_modules/zigbee-herdsman/src/controller/model/endpoint.ts:632:30)
    at Object.bind (/app/node_modules/.pnpm/zigbee-herdsman-converters@25.14.0/node_modules/zigbee-herdsman-converters/src/lib/reporting.ts:48:9)
    at Object.configure (/app/node_modules/.pnpm/zigbee-herdsman-converters@25.14.0/node_modules/zigbee-herdsman-converters/src/devices/tuya.ts:2226:13)
    at Configure.configure (/app/lib/extension/configure.ts:123:13))
[2025-09-07 07:08:01] info: 	z2m:mqtt: MQTT publish: topic 'zigbee2mqtt/Cube', payload '{"action_angle":null,"action_from_side":null,"battery":100,"current":0,"linkquality":123,"operation_mode":"action_mode","power":2,"power_outage_count":159,"side":4,"update":{"installed_version":-1,"latest_version":-1,"state":null},"voltage":3046}'
[2025-09-07 07:09:48] info: 	z2m:mqtt: MQTT publish: topic 'zigbee2mqtt/Alarm Keypad', payload '{"action_code":null,"action_transaction":null,"action_zone":null,"battery":100,"battery_low":false,"linkquality":47,"tamper":false,"update":{"installed_version":131077,"latest_version":131077,"state":"idle"},"voltage":5600}'
[2025-09-07 07:13:04] info: 	z2m:mqtt: MQTT publish: topic 'zigbee2mqtt/Philips Backyard Sensor', payload '{"battery":28.5,"illuminance":2,"led_indication":true,"linkquality":47,"motion_sensitivity":"high","occupancy":false,"occupancy_timeout":60,"temperature":23.5,"update":{"installed_version":1124102917,"latest_version":1124102917,"state":"idle"}}'
[2025-09-07 07:13:15] info: 	z2m:mqtt: MQTT publish: topic 'zigbee2mqtt/bridge/health', payload '{"response_time":1757221995021,"os":{"load_average":[0.86,0.94,0.98],"memory_used_mb":1757.82,"memory_percent":44.8041},"process":{"uptime_sec":7333,"memory_used_mb":122.86,"memory_percent":3.1316},"mqtt":{"connected":true,"queued":0,"published":199,"received":108},"devices":{"0x001788010649a073":{"messages":179,"messages_per_sec":0.0257,"leave_count":0,"network_address_changes":0},"0x54ef4410006a43c7":{"messages":3,"messages_per_sec":0.0004,"leave_count":0,"network_address_changes":0},"0x0015bc0043006306":{"messages":50,"messages_per_sec":0.0073,"leave_count":0,"network_address_changes":0},"0xb4e3f9fffe249e15":{"messages":5,"messages_per_sec":0.0012,"leave_count":0,"network_address_changes":0},"0x5c0272fffebb9cde":{"messages":14,"messages_per_sec":0.0358,"leave_count":0,"network_address_changes":0}}}'
[2025-09-07 07:14:48] info: 	z2m:mqtt: MQTT publish: topic 'zigbee2mqtt/Alarm Keypad', payload '{"action_code":null,"action_transaction":null,"action_zone":null,"battery":100,"battery_low":false,"linkquality":47,"tamper":false,"update":{"installed_version":131077,"latest_version":131077,"state":"idle"},"voltage":5600}'
[2025-09-07 07:18:04] info: 	z2m:mqtt: MQTT publish: topic 'zigbee2mqtt/Philips Backyard Sensor', payload '{"battery":28.5,"illuminance":5,"led_indication":true,"linkquality":51,"motion_sensitivity":"high","occupancy":false,"occupancy_timeout":60,"temperature":23.5,"update":{"installed_version":1124102917,"latest_version":1124102917,"state":"idle"}}'
[2025-09-07 07:18:14] info: 	z2m:mqtt: MQTT publish: topic 'zigbee2mqtt/Philips Backyard Sensor', payload '{"battery":28.5,"illuminance":5,"led_indication":true,"linkquality":51,"motion_sensitivity":"high","occupancy":false,"occupancy_timeout":60,"temperature":23.5,"update":{"installed_version":1124102917,"latest_version":1124102917,"state":"idle"}}'
[2025-09-07 07:18:16] info: 	z2m:mqtt: MQTT publish: topic 'zigbee2mqtt/Philips Backyard Sensor', payload '{"battery":28.5,"illuminance":5,"led_indication":true,"linkquality":51,"motion_sensitivity":"high","occupancy":false,"occupancy_timeout":60,"temperature":22.8,"update":{"installed_version":1124102917,"latest_version":1124102917,"state":"idle"}}'
[2025-09-07 07:19:48] info: 	z2m:mqtt: MQTT publish: topic 'zigbee2mqtt/Alarm Keypad', payload '{"action_code":null,"action_transaction":null,"action_zone":null,"battery":100,"battery_low":false,"linkquality":47,"tamper":false,"update":{"installed_version":131077,"latest_version":131077,"state":"idle"},"voltage":5600}'
[2025-09-07 07:23:03] info: 	z2m:mqtt: MQTT publish: topic 'zigbee2mqtt/Philips Backyard Sensor', payload '{"battery":28.5,"illuminance":11,"led_indication":true,"linkquality":51,"motion_sensitivity":"high","occupancy":false,"occupancy_timeout":60,"temperature":22.8,"update":{"installed_version":1124102917,"latest_version":1124102917,"state":"idle"}}'
[2025-09-07 07:23:15] info: 	z2m:mqtt: MQTT publish: topic 'zigbee2mqtt/bridge/health', payload '{"response_time":1757222595025,"os":{"load_average":[0.96,0.9,0.95],"memory_used_mb":1714.89,"memory_percent":43.7098},"process":{"uptime_sec":7933,"memory_used_mb":123.74,"memory_percent":3.1539},"mqtt":{"connected":true,"queued":0,"published":212,"received":108},"devices":{"0x001788010649a073":{"messages":183,"messages_per_sec":0.0242,"leave_count":0,"network_address_changes":0},"0x54ef4410006a43c7":{"messages":3,"messages_per_sec":0.0004,"leave_count":0,"network_address_changes":0},"0x0015bc0043006306":{"messages":53,"messages_per_sec":0.0071,"leave_count":0,"network_address_changes":0},"0xb4e3f9fffe249e15":{"messages":5,"messages_per_sec":0.001,"leave_count":0,"network_address_changes":0},"0x5c0272fffebb9cde":{"messages":14,"messages_per_sec":0.0141,"leave_count":0,"network_address_changes":0}}}'
[2025-09-07 07:24:48] info: 	z2m:mqtt: MQTT publish: topic 'zigbee2mqtt/Alarm Keypad', payload '{"action_code":null,"action_transaction":null,"action_zone":null,"battery":100,"battery_low":false,"linkquality":47,"tamper":false,"update":{"installed_version":131077,"latest_version":131077,"state":"idle"},"voltage":5600}'
[2025-09-07 07:28:03] info: 	z2m:mqtt: MQTT publish: topic 'zigbee2mqtt/Philips Backyard Sensor', payload '{"battery":28.5,"illuminance":19,"led_indication":true,"linkquality":51,"motion_sensitivity":"high","occupancy":false,"occupancy_timeout":60,"temperature":22.8,"update":{"installed_version":1124102917,"latest_version":1124102917,"state":"idle"}}'
[2025-09-07 07:29:48] info: 	z2m:mqtt: MQTT publish: topic 'zigbee2mqtt/Alarm Keypad', payload '{"action_code":null,"action_transaction":null,"action_zone":null,"battery":100,"battery_low":false,"linkquality":47,"tamper":false,"update":{"installed_version":131077,"latest_version":131077,"state":"idle"},"voltage":5600}'
[2025-09-07 07:29:50] info: 	z2m:mqtt: MQTT publish: topic 'zigbee2mqtt/Button 3', payload '{"battery":90,"identify":null,"linkquality":0,"update":{"installed_version":604241926,"latest_version":604241926,"state":"idle"}}'
[2025-09-07 07:33:02] info: 	z2m:mqtt: MQTT publish: topic 'zigbee2mqtt/Philips Backyard Sensor', payload '{"battery":28.5,"illuminance":30,"led_indication":true,"linkquality":51,"motion_sensitivity":"high","occupancy":false,"occupancy_timeout":60,"temperature":22.8,"update":{"installed_version":1124102917,"latest_version":1124102917,"state":"idle"}}'
[2025-09-07 07:33:15] info: 	z2m:mqtt: MQTT publish: topic 'zigbee2mqtt/bridge/health', payload '{"response_time":1757223195026,"os":{"load_average":[0.97,1,1],"memory_used_mb":1754.96,"memory_percent":44.7312},"process":{"uptime_sec":8533,"memory_used_mb":124.09,"memory_percent":3.1629},"mqtt":{"connected":true,"queued":0,"published":224,"received":108},"devices":{"0x001788010649a073":{"messages":185,"messages_per_sec":0.0227,"leave_count":0,"network_address_changes":0},"0x54ef4410006a43c7":{"messages":3,"messages_per_sec":0.0004,"leave_count":0,"network_address_changes":0},"0x0015bc0043006306":{"messages":55,"messages_per_sec":0.0068,"leave_count":0,"network_address_changes":0},"0xb4e3f9fffe249e15":{"messages":5,"messages_per_sec":0.0009,"leave_count":0,"network_address_changes":0},"0x5c0272fffebb9cde":{"messages":14,"messages_per_sec":0.0088,"leave_count":0,"network_address_changes":0},"0xb4e3f9fffe753317":{"messages":1,"messages_per_sec":0.0049,"leave_count":0,"network_address_changes":0}}}'
[2025-09-07 07:34:48] info: 	z2m:mqtt: MQTT publish: topic 'zigbee2mqtt/Alarm Keypad', payload '{"action_code":null,"action_transaction":null,"action_zone":null,"battery":100,"battery_low":false,"linkquality":47,"tamper":false,"update":{"installed_version":131077,"latest_version":131077,"state":"idle"},"voltage":5600}'
[2025-09-07 07:35:27] warning: 	z2m: Failed to ping 'Alarm Repeater' (attempt 1/1, ZCL command 0x0015bc0022000242/37 genBasic.read(["zclVersion"], {"timeout":10000,"disableResponse":false,"disableRecovery":true,"disableDefaultResponse":true,"direction":0,"reservedBits":0,"writeUndiv":false}) failed (Data request failed with error: 'No network route' (205)))
[2025-09-07 07:35:32] warning: 	z2m: Failed to ping 'Smart Plug Z1' (attempt 1/1, ZCL command 0xa4c13812921dddfd/1 genBasic.read(["zclVersion"], {"timeout":10000,"disableResponse":false,"disableRecovery":true,"disableDefaultResponse":true,"direction":0,"reservedBits":0,"writeUndiv":false}) failed (Data request failed with error: 'No network route' (205)))
[2025-09-07 07:37:04] warning: 	z2m: Failed to ping 'Alarm Siren' (attempt 1/1, ZCL command 0x0015bc0041007a25/43 genBasic.read(["zclVersion"], {"timeout":10000,"disableResponse":false,"disableRecovery":true,"disableDefaultResponse":true,"direction":0,"reservedBits":0,"writeUndiv":false}) failed (Data request failed with error: 'No network route' (205)))
[2025-09-07 07:38:02] info: 	z2m:mqtt: MQTT publish: topic 'zigbee2mqtt/Philips Backyard Sensor', payload '{"battery":28.5,"illuminance":41,"led_indication":true,"linkquality":51,"motion_sensitivity":"high","occupancy":false,"occupancy_timeout":60,"temperature":22.8,"update":{"installed_version":1124102917,"latest_version":1124102917,"state":"idle"}}'
[2025-09-07 07:39:48] info: 	z2m:mqtt: MQTT publish: topic 'zigbee2mqtt/Alarm Keypad', payload '{"action_code":null,"action_transaction":null,"action_zone":null,"battery":100,"battery_low":false,"linkquality":47,"tamper":false,"update":{"installed_version":131077,"latest_version":131077,"state":"idle"},"voltage":5600}'
[2025-09-07 07:41:25] error: 	zh:controller:device: Handling of poll check-in from 0x0015bc0043006306 failed (ZCL command 0x0015bc0043006306/44 genPollCtrl.checkinRsp({"startFastPolling":0,"fastPollTimeout":0}, {"timeout":10000,"disableResponse":false,"disableRecovery":false,"disableDefaultResponse":false,"direction":0,"reservedBits":0,"writeUndiv":false,"sendPolicy":"immediate"}) failed (Timeout - 32233 - 44 - 16 - 32 - 11 after 10000ms))
[2025-09-07 07:43:01] info: 	z2m:mqtt: MQTT publish: topic 'zigbee2mqtt/Philips Backyard Sensor', payload '{"battery":28.5,"illuminance":56,"led_indication":true,"linkquality":51,"motion_sensitivity":"high","occupancy":false,"occupancy_timeout":60,"temperature":22.8,"update":{"installed_version":1124102917,"latest_version":1124102917,"state":"idle"}}'
[2025-09-07 07:43:15] info: 	z2m:mqtt: MQTT publish: topic 'zigbee2mqtt/bridge/health', payload '{"response_time":1757223795032,"os":{"load_average":[0.93,0.98,1],"memory_used_mb":1732.7,"memory_percent":44.1638},"process":{"uptime_sec":9133,"memory_used_mb":124.54,"memory_percent":3.1743},"mqtt":{"connected":true,"queued":0,"published":238,"received":108},"devices":{"0x001788010649a073":{"messages":187,"messages_per_sec":0.0213,"leave_count":0,"network_address_changes":0},"0x54ef4410006a43c7":{"messages":3,"messages_per_sec":0.0003,"leave_count":0,"network_address_changes":0},"0x0015bc0043006306":{"messages":58,"messages_per_sec":0.0067,"leave_count":0,"network_address_changes":0},"0xb4e3f9fffe249e15":{"messages":5,"messages_per_sec":0.0008,"leave_count":0,"network_address_changes":0},"0x5c0272fffebb9cde":{"messages":14,"messages_per_sec":0.0064,"leave_count":0,"network_address_changes":0},"0xb4e3f9fffe753317":{"messages":1,"messages_per_sec":0.0012,"leave_count":0,"network_address_changes":0}}}'
[2025-09-07 07:44:48] info: 	z2m:mqtt: MQTT publish: topic 'zigbee2mqtt/Alarm Keypad', payload '{"action_code":null,"action_transaction":null,"action_zone":null,"battery":100,"battery_low":false,"linkquality":47,"tamper":false,"update":{"installed_version":131077,"latest_version":131077,"state":"idle"},"voltage":5600}'
[2025-09-07 07:48:01] info: 	z2m:mqtt: MQTT publish: topic 'zigbee2mqtt/Philips Backyard Sensor', payload '{"battery":28.5,"illuminance":75,"led_indication":true,"linkquality":69,"motion_sensitivity":"high","occupancy":false,"occupancy_timeout":60,"temperature":22.8,"update":{"installed_version":1124102917,"latest_version":1124102917,"state":"idle"}}'
[2025-09-07 07:49:48] info: 	z2m:mqtt: MQTT publish: topic 'zigbee2mqtt/Alarm Keypad', payload '{"action_code":null,"action_transaction":null,"action_zone":null,"battery":100,"battery_low":false,"linkquality":47,"tamper":false,"update":{"installed_version":131077,"latest_version":131077,"state":"idle"},"voltage":5600}'
[2025-09-07 07:53:00] info: 	z2m:mqtt: MQTT publish: topic 'zigbee2mqtt/Philips Backyard Sensor', payload '{"battery":28.5,"illuminance":94,"led_indication":true,"linkquality":65,"motion_sensitivity":"high","occupancy":false,"occupancy_timeout":60,"temperature":22.8,"update":{"installed_version":1124102917,"latest_version":1124102917,"state":"idle"}}'
[2025-09-07 07:53:15] info: 	z2m:mqtt: MQTT publish: topic 'zigbee2mqtt/bridge/health', payload '{"response_time":1757224395034,"os":{"load_average":[1,1.06,1.05],"memory_used_mb":1732.06,"memory_percent":44.1474},"process":{"uptime_sec":9733,"memory_used_mb":124.54,"memory_percent":3.1743},"mqtt":{"connected":true,"queued":0,"published":248,"received":108},"devices":{"0x001788010649a073":{"messages":189,"messages_per_sec":0.0202,"leave_count":0,"network_address_changes":0},"0x54ef4410006a43c7":{"messages":3,"messages_per_sec":0.0003,"leave_count":0,"network_address_changes":0},"0x0015bc0043006306":{"messages":60,"messages_per_sec":0.0065,"leave_count":0,"network_address_changes":0},"0xb4e3f9fffe249e15":{"messages":5,"messages_per_sec":0.0008,"leave_count":0,"network_address_changes":0},"0x5c0272fffebb9cde":{"messages":14,"messages_per_sec":0.005,"leave_count":0,"network_address_changes":0},"0xb4e3f9fffe753317":{"messages":1,"messages_per_sec":0.0007,"leave_count":0,"network_address_changes":0}}}'
[2025-09-07 07:54:48] info: 	z2m:mqtt: MQTT publish: topic 'zigbee2mqtt/Alarm Keypad', payload '{"action_code":null,"action_transaction":null,"action_zone":null,"battery":100,"battery_low":false,"linkquality":43,"tamper":false,"update":{"installed_version":131077,"latest_version":131077,"state":"idle"},"voltage":5600}'
[2025-09-07 07:58:00] info: 	z2m:mqtt: MQTT publish: topic 'zigbee2mqtt/Philips Backyard Sensor', payload '{"battery":28.5,"illuminance":113,"led_indication":true,"linkquality":65,"motion_sensitivity":"high","occupancy":false,"occupancy_timeout":60,"temperature":22.8,"update":{"installed_version":1124102917,"latest_version":1124102917,"state":"idle"}}'
[2025-09-07 07:59:48] info: 	z2m:mqtt: MQTT publish: topic 'zigbee2mqtt/Alarm Keypad', payload '{"action_code":null,"action_transaction":null,"action_zone":null,"battery":100,"battery_low":false,"linkquality":43,"tamper":false,"update":{"installed_version":131077,"latest_version":131077,"state":"idle"},"voltage":5600}'
[2025-09-07 08:02:59] info: 	z2m:mqtt: MQTT publish: topic 'zigbee2mqtt/Philips Backyard Sensor', payload '{"battery":28.5,"illuminance":135,"led_indication":true,"linkquality":61,"motion_sensitivity":"high","occupancy":false,"occupancy_timeout":60,"temperature":22.8,"update":{"installed_version":1124102917,"latest_version":1124102917,"state":"idle"}}'
[2025-09-07 08:03:15] info: 	z2m:mqtt: MQTT publish: topic 'zigbee2mqtt/bridge/health', payload '{"response_time":1757224995039,"os":{"load_average":[1.06,0.95,0.98],"memory_used_mb":1791.1,"memory_percent":45.6522},"process":{"uptime_sec":10333,"memory_used_mb":124.54,"memory_percent":3.1743},"mqtt":{"connected":true,"queued":0,"published":258,"received":108},"devices":{"0x001788010649a073":{"messages":191,"messages_per_sec":0.0192,"leave_count":0,"network_address_changes":0},"0x54ef4410006a43c7":{"messages":3,"messages_per_sec":0.0003,"leave_count":0,"network_address_changes":0},"0x0015bc0043006306":{"messages":62,"messages_per_sec":0.0063,"leave_count":0,"network_address_changes":0},"0xb4e3f9fffe249e15":{"messages":5,"messages_per_sec":0.0007,"leave_count":0,"network_address_changes":0},"0x5c0272fffebb9cde":{"messages":14,"messages_per_sec":0.0041,"leave_count":0,"network_address_changes":0},"0xb4e3f9fffe753317":{"messages":1,"messages_per_sec":0.0005,"leave_count":0,"network_address_changes":0}}}'
[2025-09-07 08:03:28] info: 	z2m:mqtt: MQTT publish: topic 'zigbee2mqtt/Cube', payload '{"action_angle":null,"action_from_side":null,"battery":100,"current":0,"linkquality":112,"operation_mode":"action_mode","power":2,"power_outage_count":159,"side":4,"update":{"installed_version":-1,"latest_version":-1,"state":null},"voltage":3045}'
[2025-09-07 08:04:48] info: 	z2m:mqtt: MQTT publish: topic 'zigbee2mqtt/Alarm Keypad', payload '{"action_code":null,"action_transaction":null,"action_zone":null,"battery":100,"battery_low":false,"linkquality":43,"tamper":false,"update":{"installed_version":131077,"latest_version":131077,"state":"idle"},"voltage":5600}'
[2025-09-07 08:04:48] info: 	z2m:mqtt: MQTT publish: topic 'zigbee2mqtt/Alarm Keypad', payload '{"action_code":null,"action_transaction":null,"action_zone":null,"battery":100,"battery_low":false,"linkquality":43,"tamper":false,"update":{"installed_version":131077,"latest_version":131077,"state":"idle"},"voltage":5600}'
[2025-09-07 08:05:11] info: 	z2m:mqtt: MQTT publish: topic 'zigbee2mqtt/bridge/event', payload '{"data":{"friendly_name":"Alarm Keypad","ieee_address":"0x0015bc0043006306"},"type":"device_announce"}'
[2025-09-07 08:05:11] info: 	z2m:mqtt: MQTT publish: topic 'zigbee2mqtt/Alarm Keypad', payload '{"action_code":null,"action_transaction":null,"action_zone":null,"battery":100,"battery_low":false,"linkquality":43,"tamper":false,"update":{"installed_version":131077,"latest_version":131077,"state":"idle"},"voltage":5600}'
[2025-09-07 08:05:11] info: 	z2m:mqtt: MQTT publish: topic 'zigbee2mqtt/Alarm Keypad', payload '{"action_code":null,"action_transaction":null,"action_zone":null,"battery":100,"battery_low":false,"linkquality":43,"tamper":false,"update":{"installed_version":131077,"latest_version":131077,"state":"idle"},"voltage":5600}'
[2025-09-07 08:07:59] info: 	z2m:mqtt: MQTT publish: topic 'zigbee2mqtt/Philips Backyard Sensor', payload '{"battery":28.5,"illuminance":157,"led_indication":true,"linkquality":65,"motion_sensitivity":"high","occupancy":false,"occupancy_timeout":60,"temperature":22.8,"update":{"installed_version":1124102917,"latest_version":1124102917,"state":"idle"}}'
[2025-09-07 08:10:11] info: 	z2m:mqtt: MQTT publish: topic 'zigbee2mqtt/Alarm Keypad', payload '{"action_code":null,"action_transaction":null,"action_zone":null,"battery":100,"battery_low":false,"linkquality":43,"tamper":false,"update":{"installed_version":131077,"latest_version":131077,"state":"idle"},"voltage":5600}'
[2025-09-07 08:12:58] info: 	z2m:mqtt: MQTT publish: topic 'zigbee2mqtt/Philips Backyard Sensor', payload '{"battery":28.5,"illuminance":183,"led_indication":true,"linkquality":65,"motion_sensitivity":"high","occupancy":false,"occupancy_timeout":60,"temperature":22.8,"update":{"installed_version":1124102917,"latest_version":1124102917,"state":"idle"}}'
[2025-09-07 08:13:15] info: 	z2m:mqtt: MQTT publish: topic 'zigbee2mqtt/bridge/health', payload '{"response_time":1757225595042,"os":{"load_average":[1.08,0.96,0.98],"memory_used_mb":1796.57,"memory_percent":45.7916},"process":{"uptime_sec":10933,"memory_used_mb":124.71,"memory_percent":3.1787},"mqtt":{"connected":true,"queued":0,"published":277,"received":108},"devices":{"0x001788010649a073":{"messages":193,"messages_per_sec":0.0183,"leave_count":0,"network_address_changes":0},"0x54ef4410006a43c7":{"messages":4,"messages_per_sec":0.0004,"leave_count":0,"network_address_changes":0},"0x0015bc0043006306":{"messages":75,"messages_per_sec":0.0072,"leave_count":0,"network_address_changes":0},"0xb4e3f9fffe249e15":{"messages":5,"messages_per_sec":0.0006,"leave_count":0,"network_address_changes":0},"0x5c0272fffebb9cde":{"messages":14,"messages_per_sec":0.0035,"leave_count":0,"network_address_changes":0},"0xb4e3f9fffe753317":{"messages":1,"messages_per_sec":0.0004,"leave_count":0,"network_address_changes":0}}}'
[2025-09-07 08:15:11] info: 	z2m:mqtt: MQTT publish: topic 'zigbee2mqtt/Alarm Keypad', payload '{"action_code":null,"action_transaction":null,"action_zone":null,"battery":100,"battery_low":false,"linkquality":43,"tamper":false,"update":{"installed_version":131077,"latest_version":131077,"state":"idle"},"voltage":5600}'
[2025-09-07 08:17:58] info: 	z2m:mqtt: MQTT publish: topic 'zigbee2mqtt/Philips Backyard Sensor', payload '{"battery":28.5,"illuminance":217,"led_indication":true,"linkquality":61,"motion_sensitivity":"high","occupancy":false,"occupancy_timeout":60,"temperature":22.8,"update":{"installed_version":1124102917,"latest_version":1124102917,"state":"idle"}}'
[2025-09-07 08:18:08] info: 	z2m:mqtt: MQTT publish: topic 'zigbee2mqtt/Philips Backyard Sensor', payload '{"battery":28.5,"illuminance":217,"led_indication":true,"linkquality":65,"motion_sensitivity":"high","occupancy":false,"occupancy_timeout":60,"temperature":22.8,"update":{"installed_version":1124102917,"latest_version":1124102917,"state":"idle"}}'
[2025-09-07 08:18:10] info: 	z2m:mqtt: MQTT publish: topic 'zigbee2mqtt/Philips Backyard Sensor', payload '{"battery":28.5,"illuminance":217,"led_indication":true,"linkquality":65,"motion_sensitivity":"high","occupancy":false,"occupancy_timeout":60,"temperature":23.08,"update":{"installed_version":1124102917,"latest_version":1124102917,"state":"idle"}}'
[2025-09-07 08:20:11] info: 	z2m:mqtt: MQTT publish: topic 'zigbee2mqtt/Alarm Keypad', payload '{"action_code":null,"action_transaction":null,"action_zone":null,"battery":100,"battery_low":false,"linkquality":43,"tamper":false,"update":{"installed_version":131077,"latest_version":131077,"state":"idle"},"voltage":5600}'
[2025-09-07 08:22:57] info: 	z2m:mqtt: MQTT publish: topic 'zigbee2mqtt/Philips Backyard Sensor', payload '{"battery":28.5,"illuminance":266,"led_indication":true,"linkquality":61,"motion_sensitivity":"high","occupancy":false,"occupancy_timeout":60,"temperature":23.08,"update":{"installed_version":1124102917,"latest_version":1124102917,"state":"idle"}}'
[2025-09-07 08:23:15] info: 	z2m:mqtt: MQTT publish: topic 'zigbee2mqtt/bridge/health', payload '{"response_time":1757226195044,"os":{"load_average":[1.01,0.98,0.99],"memory_used_mb":1746.83,"memory_percent":44.5238},"process":{"uptime_sec":11533,"memory_used_mb":124.93,"memory_percent":3.1842},"mqtt":{"connected":true,"queued":0,"published":291,"received":108},"devices":{"0x001788010649a073":{"messages":201,"messages_per_sec":0.018,"leave_count":0,"network_address_changes":0},"0x54ef4410006a43c7":{"messages":4,"messages_per_sec":0.0004,"leave_count":0,"network_address_changes":0},"0x0015bc0043006306":{"messages":78,"messages_per_sec":0.0071,"leave_count":0,"network_address_changes":0},"0xb4e3f9fffe249e15":{"messages":5,"messages_per_sec":0.0006,"leave_count":0,"network_address_changes":0},"0x5c0272fffebb9cde":{"messages":14,"messages_per_sec":0.003,"leave_count":0,"network_address_changes":0},"0xb4e3f9fffe753317":{"messages":1,"messages_per_sec":0.0003,"leave_count":0,"network_address_changes":0}}}'
[2025-09-07 08:25:11] info: 	z2m:mqtt: MQTT publish: topic 'zigbee2mqtt/Alarm Keypad', payload '{"action_code":null,"action_transaction":null,"action_zone":null,"battery":100,"battery_low":false,"linkquality":43,"tamper":false,"update":{"installed_version":131077,"latest_version":131077,"state":"idle"},"voltage":5600}'
[2025-09-07 08:27:57] info: 	z2m:mqtt: MQTT publish: topic 'zigbee2mqtt/Philips Backyard Sensor', payload '{"battery":28.5,"illuminance":337,"led_indication":true,"linkquality":58,"motion_sensitivity":"high","occupancy":false,"occupancy_timeout":60,"temperature":23.08,"update":{"installed_version":1124102917,"latest_version":1124102917,"state":"idle"}}'
[2025-09-07 08:30:11] info: 	z2m:mqtt: MQTT publish: topic 'zigbee2mqtt/Alarm Keypad', payload '{"action_code":null,"action_transaction":null,"action_zone":null,"battery":100,"battery_low":false,"linkquality":43,"tamper":false,"update":{"installed_version":131077,"latest_version":131077,"state":"idle"},"voltage":5600}'
[2025-09-07 08:32:56] info: 	z2m:mqtt: MQTT publish: topic 'zigbee2mqtt/Philips Backyard Sensor', payload '{"battery":28.5,"illuminance":410,"led_indication":true,"linkquality":61,"motion_sensitivity":"high","occupancy":false,"occupancy_timeout":60,"temperature":23.08,"update":{"installed_version":1124102917,"latest_version":1124102917,"state":"idle"}}'
[2025-09-07 08:33:15] info: 	z2m:mqtt: MQTT publish: topic 'zigbee2mqtt/bridge/health', payload '{"response_time":1757226795048,"os":{"load_average":[0.86,0.96,0.99],"memory_used_mb":1768.21,"memory_percent":45.0687},"process":{"uptime_sec":12133,"memory_used_mb":124.94,"memory_percent":3.1845},"mqtt":{"connected":true,"queued":0,"published":301,"received":108},"devices":{"0x001788010649a073":{"messages":203,"messages_per_sec":0.0173,"leave_count":0,"network_address_changes":0},"0x54ef4410006a43c7":{"messages":4,"messages_per_sec":0.0003,"leave_count":0,"network_address_changes":0},"0x0015bc0043006306":{"messages":80,"messages_per_sec":0.0069,"leave_count":0,"network_address_changes":0},"0xb4e3f9fffe249e15":{"messages":5,"messages_per_sec":0.0006,"leave_count":0,"network_address_changes":0},"0x5c0272fffebb9cde":{"messages":14,"messages_per_sec":0.0027,"leave_count":0,"network_address_changes":0},"0xb4e3f9fffe753317":{"messages":1,"messages_per_sec":0.0003,"leave_count":0,"network_address_changes":0}}}'
[2025-09-07 08:35:11] info: 	z2m:mqtt: MQTT publish: topic 'zigbee2mqtt/Alarm Keypad', payload '{"action_code":null,"action_transaction":null,"action_zone":null,"battery":100,"battery_low":false,"linkquality":47,"tamper":false,"update":{"installed_version":131077,"latest_version":131077,"state":"idle"},"voltage":5600}'
[2025-09-07 08:37:56] info: 	z2m:mqtt: MQTT publish: topic 'zigbee2mqtt/Philips Backyard Sensor', payload '{"battery":28.5,"illuminance":444,"led_indication":true,"linkquality":61,"motion_sensitivity":"high","occupancy":false,"occupancy_timeout":60,"temperature":23.08,"update":{"installed_version":1124102917,"latest_version":1124102917,"state":"idle"}}'
[2025-09-07 08:40:11] info: 	z2m:mqtt: MQTT publish: topic 'zigbee2mqtt/Alarm Keypad', payload '{"action_code":null,"action_transaction":null,"action_zone":null,"battery":100,"battery_low":false,"linkquality":47,"tamper":false,"update":{"installed_version":131077,"latest_version":131077,"state":"idle"},"voltage":5600}'
[2025-09-07 08:41:25] error: 	zh:controller:device: Handling of poll check-in from 0x0015bc0043006306 failed (ZCL command 0x0015bc0043006306/44 genPollCtrl.checkinRsp({"startFastPolling":0,"fastPollTimeout":0}, {"timeout":10000,"disableResponse":false,"disableRecovery":false,"disableDefaultResponse":false,"direction":0,"reservedBits":0,"writeUndiv":false,"sendPolicy":"immediate"}) failed (Timeout - 32233 - 44 - 17 - 32 - 11 after 10000ms))
[2025-09-07 08:42:55] info: 	z2m:mqtt: MQTT publish: topic 'zigbee2mqtt/Philips Backyard Sensor', payload '{"battery":28.5,"illuminance":524,"led_indication":true,"linkquality":61,"motion_sensitivity":"high","occupancy":false,"occupancy_timeout":60,"temperature":23.08,"update":{"installed_version":1124102917,"latest_version":1124102917,"state":"idle"}}'
[2025-09-07 08:43:15] info: 	z2m:mqtt: MQTT publish: topic 'zigbee2mqtt/bridge/health', payload '{"response_time":1757227395052,"os":{"load_average":[0.84,0.92,0.97],"memory_used_mb":1768.81,"memory_percent":45.0842},"process":{"uptime_sec":12733,"memory_used_mb":124.94,"memory_percent":3.1845},"mqtt":{"connected":true,"queued":0,"published":312,"received":108},"devices":{"0x001788010649a073":{"messages":205,"messages_per_sec":0.0166,"leave_count":0,"network_address_changes":0},"0x54ef4410006a43c7":{"messages":4,"messages_per_sec":0.0003,"leave_count":0,"network_address_changes":0},"0x0015bc0043006306":{"messages":83,"messages_per_sec":0.0068,"leave_count":0,"network_address_changes":0},"0xb4e3f9fffe249e15":{"messages":5,"messages_per_sec":0.0005,"leave_count":0,"network_address_changes":0},"0x5c0272fffebb9cde":{"messages":14,"messages_per_sec":0.0024,"leave_count":0,"network_address_changes":0},"0xb4e3f9fffe753317":{"messages":1,"messages_per_sec":0.0002,"leave_count":0,"network_address_changes":0}}}'
[2025-09-07 08:45:11] info: 	z2m:mqtt: MQTT publish: topic 'zigbee2mqtt/Alarm Keypad', payload '{"action_code":null,"action_transaction":null,"action_zone":null,"battery":100,"battery_low":false,"linkquality":47,"tamper":false,"update":{"installed_version":131077,"latest_version":131077,"state":"idle"},"voltage":5600}'
[2025-09-07 08:47:55] info: 	z2m:mqtt: MQTT publish: topic 'zigbee2mqtt/Philips Backyard Sensor', payload '{"battery":28.5,"illuminance":580,"led_indication":true,"linkquality":61,"motion_sensitivity":"high","occupancy":false,"occupancy_timeout":60,"temperature":23.08,"update":{"installed_version":1124102917,"latest_version":1124102917,"state":"idle"}}'
[2025-09-07 08:49:23] info: 	z2m:mqtt: MQTT publish: topic 'zigbee2mqtt/Alarm Keypad', payload '{"action_code":null,"action_transaction":null,"action_zone":null,"battery":100,"battery_low":false,"linkquality":47,"tamper":false,"update":{"installed_version":131077,"latest_version":131077,"state":"idle"},"voltage":5600}'
[2025-09-07 08:50:11] info: 	z2m:mqtt: MQTT publish: topic 'zigbee2mqtt/Alarm Keypad', payload '{"action_code":null,"action_transaction":null,"action_zone":null,"battery":100,"battery_low":false,"linkquality":47,"tamper":false,"update":{"installed_version":131077,"latest_version":131077,"state":"idle"},"voltage":5600}'
[2025-09-07 08:52:54] info: 	z2m:mqtt: MQTT publish: topic 'zigbee2mqtt/Philips Backyard Sensor', payload '{"battery":28.5,"illuminance":612,"led_indication":true,"linkquality":61,"motion_sensitivity":"high","occupancy":false,"occupancy_timeout":60,"temperature":23.08,"update":{"installed_version":1124102917,"latest_version":1124102917,"state":"idle"}}'
[2025-09-07 08:53:15] info: 	z2m:mqtt: MQTT publish: topic 'zigbee2mqtt/bridge/health', payload '{"response_time":1757227995055,"os":{"load_average":[0.7,0.81,0.89],"memory_used_mb":1739.11,"memory_percent":44.3272},"process":{"uptime_sec":13333,"memory_used_mb":126.22,"memory_percent":3.2171},"mqtt":{"connected":true,"queued":0,"published":323,"received":108},"devices":{"0x001788010649a073":{"messages":212,"messages_per_sec":0.0164,"leave_count":0,"network_address_changes":0},"0x54ef4410006a43c7":{"messages":4,"messages_per_sec":0.0003,"leave_count":0,"network_address_changes":0},"0x0015bc0043006306":{"messages":90,"messages_per_sec":0.007,"leave_count":0,"network_address_changes":0},"0xb4e3f9fffe249e15":{"messages":5,"messages_per_sec":0.0005,"leave_count":0,"network_address_changes":0},"0x5c0272fffebb9cde":{"messages":14,"messages_per_sec":0.0022,"leave_count":0,"network_address_changes":0},"0xb4e3f9fffe753317":{"messages":1,"messages_per_sec":0.0002,"leave_count":0,"network_address_changes":0}}}'
[2025-09-07 08:55:11] info: 	z2m:mqtt: MQTT publish: topic 'zigbee2mqtt/Alarm Keypad', payload '{"action_code":null,"action_transaction":null,"action_zone":null,"battery":100,"battery_low":false,"linkquality":47,"tamper":false,"update":{"installed_version":131077,"latest_version":131077,"state":"idle"},"voltage":5600}'
[2025-09-07 08:57:54] info: 	z2m:mqtt: MQTT publish: topic 'zigbee2mqtt/Philips Backyard Sensor', payload '{"battery":28.5,"illuminance":606,"led_indication":true,"linkquality":65,"motion_sensitivity":"high","occupancy":false,"occupancy_timeout":60,"temperature":23.08,"update":{"installed_version":1124102917,"latest_version":1124102917,"state":"idle"}}'
[2025-09-07 08:58:49] info: 	z2m:mqtt: MQTT publish: topic 'zigbee2mqtt/Cube', payload '{"action_angle":null,"action_from_side":null,"battery":100,"current":0,"linkquality":127,"operation_mode":"action_mode","power":2,"power_outage_count":159,"side":4,"update":{"installed_version":-1,"latest_version":-1,"state":null},"voltage":3047}'
