[2024-07-25 03:51:37] info: 	z2m: Logging to console, file (filename: log.log)
[2024-07-25 03:51:38] info: 	z2m: Starting Zigbee2MQTT version 1.39.0 (commit #unknown)
[2024-07-25 03:51:38] info: 	z2m: Starting zigbee-herdsman (0.50.1)
[2024-07-25 03:51:38] info: 	zh:zstack:znp: Opening TCP socket with 192.168.87.68:6638
[2024-07-25 03:51:38] info: 	zh:zstack:znp: Socket connected
[2024-07-25 03:51:38] info: 	zh:zstack:znp: Socket ready
[2024-07-25 03:51:38] info: 	zh:zstack:znp: Writing CC2530/CC2531 skip bootloader payload
[2024-07-25 03:51:39] info: 	zh:zstack:znp: Skip bootloader for CC2652/CC1352
[2024-07-25 03:51:40] info: 	z2m: zigbee-herdsman started (resumed)
[2024-07-25 03:51:40] info: 	z2m: Coordinator firmware version: '{"meta":{"maintrel":1,"majorrel":2,"minorrel":7,"product":1,"revision":20230507,"transportrev":2},"type":"zStack3x0"}'
[2024-07-25 03:51:40] info: 	z2m: Set transmit power to '20'
[2024-07-25 03:51:40] info: 	z2m: Currently 8 devices are joined:
[2024-07-25 03:51:40] info: 	z2m: Button 4 - Movie (0xb4e3f9fffe249e15): E1812 - IKEA TRADFRI shortcut button (EndDevice)
[2024-07-25 03:51:40] info: 	z2m: Smart Plug Z1 (0xa4c13812921dddfd): A1Z - Nous Smart plug (with power monitoring) (Router)
[2024-07-25 03:51:40] info: 	z2m: Button 3 (0xb4e3f9fffe753317): E1812 - IKEA TRADFRI shortcut button (EndDevice)
[2024-07-25 03:51:40] info: 	z2m: Button 2 - Chandelier (0x04cd15fffe7ff98b): E1812 - IKEA TRADFRI shortcut button (EndDevice)
[2024-07-25 03:51:40] info: 	z2m: Button 1 (0x04cd15fffe268dcc): E1812 - IKEA TRADFRI shortcut button (EndDevice)
[2024-07-25 03:51:40] info: 	z2m: Cube (0x54ef4410006a43c7): CTP-R01 - Aqara Cube T1 Pro (EndDevice)
[2024-07-25 03:51:40] info: 	z2m: Philips Backyard Sensor (0x001788010649a073): 9290019758 - Philips Hue motion outdoor sensor (EndDevice)
[2024-07-25 03:51:40] info: 	z2m: Water Sensor 1 (0x5c0272fffebb9cde): TS0207_water_leak_detector_3 - Tuya Zigbee water leak sensor (EndDevice)
[2024-07-25 03:51:40] info: 	z2m: Zigbee: disabling joining new devices.
[2024-07-25 03:51:40] info: 	z2m: Connecting to MQTT server at mqtt://core-mosquitto:1883
[2024-07-25 03:51:40] info: 	z2m: Connected to MQTT server
[2024-07-25 03:51:40] info: 	z2m:mqtt: MQTT publish: topic 'zigbee2mqtt/bridge/state', payload '{"state":"online"}'
[2024-07-25 03:51:41] info: 	z2m:mqtt: MQTT publish: topic 'zigbee2mqtt/Button 4 - Movie/availability', payload '{"state":"online"}'
[2024-07-25 03:51:41] info: 	z2m:mqtt: MQTT publish: topic 'zigbee2mqtt/Smart Plug Z1/availability', payload '{"state":"online"}'
[2024-07-25 03:51:41] info: 	z2m:mqtt: MQTT publish: topic 'zigbee2mqtt/Button 3/availability', payload '{"state":"online"}'
[2024-07-25 03:51:41] info: 	z2m:mqtt: MQTT publish: topic 'zigbee2mqtt/Button 2 - Chandelier/availability', payload '{"state":"online"}'
[2024-07-25 03:51:41] info: 	z2m:mqtt: MQTT publish: topic 'zigbee2mqtt/Button 1/availability', payload '{"state":"online"}'
[2024-07-25 03:51:41] info: 	z2m:mqtt: MQTT publish: topic 'zigbee2mqtt/Cube/availability', payload '{"state":"online"}'
[2024-07-25 03:51:41] info: 	z2m:mqtt: MQTT publish: topic 'zigbee2mqtt/Philips Backyard Sensor/availability', payload '{"state":"online"}'
[2024-07-25 03:51:41] info: 	z2m:mqtt: MQTT publish: topic 'zigbee2mqtt/Water Sensor 1/availability', payload '{"state":"online"}'
[2024-07-25 03:51:41] info: 	z2m: Started frontend on port 8099
[2024-07-25 03:51:42] info: 	z2m:mqtt: MQTT publish: topic 'zigbee2mqtt/bridge/state', payload '{"state":"online"}'
[2024-07-25 03:51:42] info: 	z2m:mqtt: MQTT publish: topic 'zigbee2mqtt/Button 4 - Movie', payload '{"action":null,"battery":100,"linkquality":109,"update":{"installed_version":604241926,"latest_version":604241926,"state":"idle"},"update_available":null}'
[2024-07-25 03:51:42] info: 	z2m:mqtt: MQTT publish: topic 'zigbee2mqtt/Smart Plug Z1', payload '{"child_lock":"UNLOCK","countdown":0,"current":0,"energy":16.7,"indicator_mode":"off/on","linkquality":112,"power":0,"power_outage_memory":"off","state":"ON","update":{"installed_version":192,"latest_version":192,"state":"idle"},"update_available":null,"voltage":237}'
[2024-07-25 03:51:42] info: 	z2m:mqtt: MQTT publish: topic 'zigbee2mqtt/Button 3', payload '{"action":null,"battery":100,"linkquality":109,"update":{"installed_version":604241926,"latest_version":604241926,"state":"idle"},"update_available":null}'
[2024-07-25 03:51:42] info: 	z2m:mqtt: MQTT publish: topic 'zigbee2mqtt/Button 2 - Chandelier', payload '{"action":null,"battery":90,"linkquality":65,"update":{"installed_version":604241926,"latest_version":604241926,"state":"idle"},"update_available":null}'
[2024-07-25 03:51:42] info: 	z2m:mqtt: MQTT publish: topic 'zigbee2mqtt/Button 1', payload '{"action":null,"battery":1,"linkquality":105,"update":{"installed_version":604241926,"latest_version":604241926,"state":"idle"},"update_available":null}'
[2024-07-25 03:51:42] info: 	z2m:mqtt: MQTT publish: topic 'zigbee2mqtt/Cube', payload '{"action":null,"action_angle":null,"action_from_side":null,"battery":100,"current":0,"linkquality":105,"operation_mode":"action_mode","power":2,"power_outage_count":159,"side":2,"update":{"installed_version":-1,"latest_version":-1,"state":null},"update_available":null,"voltage":3087}'
[2024-07-25 03:51:42] info: 	z2m:mqtt: MQTT publish: topic 'zigbee2mqtt/Philips Backyard Sensor', payload '{"battery":60.5,"illuminance":0,"illuminance_lux":0,"led_indication":true,"linkquality":112,"motion_sensitivity":"high","occupancy":false,"occupancy_timeout":60,"temperature":25.62,"update":{"installed_version":1107323831,"latest_version":1107323831,"state":"idle"},"update_available":null}'
[2024-07-25 03:51:42] info: 	z2m:mqtt: MQTT publish: topic 'zigbee2mqtt/Water Sensor 1', payload '{"battery":92,"battery_low":false,"linkquality":109,"tamper":false,"voltage":2900,"water_leak":false}'
[2024-07-25 03:51:42] info: 	z2m: Zigbee2MQTT started!
[2024-07-25 03:51:47] info: 	z2m:mqtt: MQTT publish: topic 'homeassistant/binary_sensor/1221051039810110150109113116116_0x00124b002e0e1c5f/connection_state/config', payload '{"device":{"hw_version":"zStack3x0 20230507","identifiers":["zigbee2mqtt_bridge_0x00124b002e0e1c5f"],"manufacturer":"Zigbee2MQTT","model":"Bridge","name":"Zigbee2MQTT Bridge","sw_version":"1.39.0"},"device_class":"connectivity","entity_category":"diagnostic","name":"Connection state","object_id":"zigbee2mqtt_bridge_connection_state","origin":{"name":"Zigbee2MQTT","sw":"1.39.0","url":"https://www.zigbee2mqtt.io"},"payload_off":"offline","payload_on":"online","state_topic":"zigbee2mqtt/bridge/state","unique_id":"bridge_0x00124b002e0e1c5f_connection_state_zigbee2mqtt","value_template":"{{ value_json.state }}"}'
[2024-07-25 03:54:54] info: 	z2m:mqtt: MQTT publish: topic 'zigbee2mqtt/Philips Backyard Sensor', payload '{"battery":60.5,"illuminance":0,"illuminance_lux":0,"led_indication":true,"linkquality":80,"motion_sensitivity":"high","occupancy":false,"occupancy_timeout":60,"temperature":25.62,"update":{"installed_version":1107323831,"latest_version":1107323831,"state":"idle"},"update_available":null}'
[2024-07-25 03:55:57] info: 	z2m:mqtt: MQTT publish: topic 'zigbee2mqtt/Smart Plug Z1', payload '{"child_lock":"UNLOCK","countdown":0,"current":0,"energy":16.7,"indicator_mode":"off/on","linkquality":123,"power":0,"power_outage_memory":"off","state":"ON","update":{"installed_version":192,"latest_version":192,"state":"idle"},"update_available":null,"voltage":238}'
[2024-07-25 03:55:58] info: 	z2m:mqtt: MQTT publish: topic 'zigbee2mqtt/Smart Plug Z1', payload '{"child_lock":"UNLOCK","countdown":0,"current":0,"energy":16.7,"indicator_mode":"off/on","linkquality":127,"power":0,"power_outage_memory":"off","state":"ON","update":{"installed_version":192,"latest_version":192,"state":"idle"},"update_available":null,"voltage":238}'
[2024-07-25 03:56:08] info: 	z2m:mqtt: MQTT publish: topic 'zigbee2mqtt/Smart Plug Z1', payload '{"child_lock":"UNLOCK","countdown":0,"current":0,"energy":16.7,"indicator_mode":"off/on","linkquality":127,"power":0,"power_outage_memory":"off","state":"ON","update":{"installed_version":192,"latest_version":192,"state":"idle"},"update_available":null,"voltage":238}'
[2024-07-25 03:56:08] info: 	z2m:mqtt: MQTT publish: topic 'zigbee2mqtt/Smart Plug Z1', payload '{"child_lock":"UNLOCK","countdown":0,"current":0,"energy":16.7,"indicator_mode":"off/on","linkquality":127,"power":0,"power_outage_memory":"off","state":"ON","update":{"installed_version":192,"latest_version":192,"state":"idle"},"update_available":null,"voltage":238}'
[2024-07-25 03:57:06] info: 	z2m:mqtt: MQTT publish: topic 'zigbee2mqtt/Smart Plug Z1', payload '{"child_lock":"UNLOCK","countdown":0,"current":0,"energy":16.7,"indicator_mode":"off/on","linkquality":120,"power":0,"power_outage_memory":"off","state":"ON","update":{"installed_version":192,"latest_version":192,"state":"idle"},"update_available":null,"voltage":238}'
[2024-07-25 04:01:18] info: 	z2m:mqtt: MQTT publish: topic 'zigbee2mqtt/Smart Plug Z1', payload '{"child_lock":"UNLOCK","countdown":0,"current":0,"energy":16.7,"indicator_mode":"off/on","linkquality":123,"power":0,"power_outage_memory":"off","state":"ON","update":{"installed_version":192,"latest_version":192,"state":"idle"},"update_available":null,"voltage":237}'
[2024-07-25 04:01:19] info: 	z2m:mqtt: MQTT publish: topic 'zigbee2mqtt/Smart Plug Z1', payload '{"child_lock":"UNLOCK","countdown":0,"current":0,"energy":16.7,"indicator_mode":"off/on","linkquality":123,"power":0,"power_outage_memory":"off","state":"ON","update":{"installed_version":192,"latest_version":192,"state":"idle"},"update_available":null,"voltage":237}'
[2024-07-25 04:01:29] info: 	z2m:mqtt: MQTT publish: topic 'zigbee2mqtt/Smart Plug Z1', payload '{"child_lock":"UNLOCK","countdown":0,"current":0,"energy":16.7,"indicator_mode":"off/on","linkquality":123,"power":0,"power_outage_memory":"off","state":"ON","update":{"installed_version":192,"latest_version":192,"state":"idle"},"update_available":null,"voltage":237}'
[2024-07-25 04:01:29] info: 	z2m:mqtt: MQTT publish: topic 'zigbee2mqtt/Smart Plug Z1', payload '{"child_lock":"UNLOCK","countdown":0,"current":0,"energy":16.7,"indicator_mode":"off/on","linkquality":123,"power":0,"power_outage_memory":"off","state":"ON","update":{"installed_version":192,"latest_version":192,"state":"idle"},"update_available":null,"voltage":237}'
[2024-07-25 04:06:32] info: 	z2m:mqtt: MQTT publish: topic 'zigbee2mqtt/Smart Plug Z1', payload '{"child_lock":"UNLOCK","countdown":0,"current":0,"energy":16.7,"indicator_mode":"off/on","linkquality":120,"power":0,"power_outage_memory":"off","state":"ON","update":{"installed_version":192,"latest_version":192,"state":"idle"},"update_available":null,"voltage":237}'
[2024-07-25 04:06:32] info: 	z2m:mqtt: MQTT publish: topic 'zigbee2mqtt/Smart Plug Z1', payload '{"child_lock":"UNLOCK","countdown":0,"current":0,"energy":16.7,"indicator_mode":"off/on","linkquality":123,"power":0,"power_outage_memory":"off","state":"ON","update":{"installed_version":192,"latest_version":192,"state":"idle"},"update_available":null,"voltage":237}'
[2024-07-25 04:06:43] info: 	z2m:mqtt: MQTT publish: topic 'zigbee2mqtt/Smart Plug Z1', payload '{"child_lock":"UNLOCK","countdown":0,"current":0,"energy":16.7,"indicator_mode":"off/on","linkquality":123,"power":0,"power_outage_memory":"off","state":"ON","update":{"installed_version":192,"latest_version":192,"state":"idle"},"update_available":null,"voltage":237}'
[2024-07-25 04:06:43] info: 	z2m:mqtt: MQTT publish: topic 'zigbee2mqtt/Smart Plug Z1', payload '{"child_lock":"UNLOCK","countdown":0,"current":0,"energy":16.7,"indicator_mode":"off/on","linkquality":123,"power":0,"power_outage_memory":"off","state":"ON","update":{"installed_version":192,"latest_version":192,"state":"idle"},"update_available":null,"voltage":237}'
[2024-07-25 04:11:37] info: 	z2m:mqtt: MQTT publish: topic 'zigbee2mqtt/Smart Plug Z1', payload '{"child_lock":"UNLOCK","countdown":0,"current":0,"energy":16.7,"indicator_mode":"off/on","linkquality":127,"power":0,"power_outage_memory":"off","state":"ON","update":{"installed_version":192,"latest_version":192,"state":"idle"},"update_available":null,"voltage":238}'
[2024-07-25 04:11:37] info: 	z2m:mqtt: MQTT publish: topic 'zigbee2mqtt/Smart Plug Z1', payload '{"child_lock":"UNLOCK","countdown":0,"current":0,"energy":16.7,"indicator_mode":"off/on","linkquality":116,"power":0,"power_outage_memory":"off","state":"ON","update":{"installed_version":192,"latest_version":192,"state":"idle"},"update_available":null,"voltage":238}'
[2024-07-25 04:11:45] info: 	z2m:mqtt: MQTT publish: topic 'zigbee2mqtt/Smart Plug Z1', payload '{"child_lock":"UNLOCK","countdown":0,"current":0,"energy":16.7,"indicator_mode":"off/on","linkquality":83,"power":0,"power_outage_memory":"off","state":"ON","update":{"installed_version":192,"latest_version":192,"state":"idle"},"update_available":null,"voltage":238}'
[2024-07-25 04:11:48] info: 	z2m:mqtt: MQTT publish: topic 'zigbee2mqtt/Smart Plug Z1', payload '{"child_lock":"UNLOCK","countdown":0,"current":0,"energy":16.7,"indicator_mode":"off/on","linkquality":83,"power":0,"power_outage_memory":"off","state":"ON","update":{"installed_version":192,"latest_version":192,"state":"idle"},"update_available":null,"voltage":238}'
[2024-07-25 04:11:48] info: 	z2m:mqtt: MQTT publish: topic 'zigbee2mqtt/Smart Plug Z1', payload '{"child_lock":"UNLOCK","countdown":0,"current":0,"energy":16.7,"indicator_mode":"off/on","linkquality":83,"power":0,"power_outage_memory":"off","state":"ON","update":{"installed_version":192,"latest_version":192,"state":"idle"},"update_available":null,"voltage":238}'
[2024-07-25 04:12:06] info: 	z2m:mqtt: MQTT publish: topic 'zigbee2mqtt/Smart Plug Z1', payload '{"child_lock":"UNLOCK","countdown":0,"current":0,"energy":16.7,"indicator_mode":"off/on","linkquality":105,"power":0,"power_outage_memory":"off","state":"ON","update":{"installed_version":192,"latest_version":192,"state":"idle"},"update_available":null,"voltage":238}'
[2024-07-25 04:15:48] info: 	z2m:mqtt: MQTT publish: topic 'zigbee2mqtt/Button 4 - Movie', payload '{"action":null,"battery":100,"linkquality":127,"update":{"installed_version":604241926,"latest_version":604241926,"state":"idle"},"update_available":null}'
[2024-07-25 04:16:47] info: 	z2m:mqtt: MQTT publish: topic 'zigbee2mqtt/Smart Plug Z1', payload '{"child_lock":"UNLOCK","countdown":0,"current":0,"energy":16.7,"indicator_mode":"off/on","linkquality":123,"power":0,"power_outage_memory":"off","state":"ON","update":{"installed_version":192,"latest_version":192,"state":"idle"},"update_available":null,"voltage":238}'
[2024-07-25 04:16:47] info: 	z2m:mqtt: MQTT publish: topic 'zigbee2mqtt/Smart Plug Z1', payload '{"child_lock":"UNLOCK","countdown":0,"current":0,"energy":16.7,"indicator_mode":"off/on","linkquality":120,"power":0,"power_outage_memory":"off","state":"ON","update":{"installed_version":192,"latest_version":192,"state":"idle"},"update_available":null,"voltage":238}'
[2024-07-25 04:16:58] info: 	z2m:mqtt: MQTT publish: topic 'zigbee2mqtt/Smart Plug Z1', payload '{"child_lock":"UNLOCK","countdown":0,"current":0,"energy":16.7,"indicator_mode":"off/on","linkquality":120,"power":0,"power_outage_memory":"off","state":"ON","update":{"installed_version":192,"latest_version":192,"state":"idle"},"update_available":null,"voltage":238}'
[2024-07-25 04:16:58] info: 	z2m:mqtt: MQTT publish: topic 'zigbee2mqtt/Smart Plug Z1', payload '{"child_lock":"UNLOCK","countdown":0,"current":0,"energy":16.7,"indicator_mode":"off/on","linkquality":120,"power":0,"power_outage_memory":"off","state":"ON","update":{"installed_version":192,"latest_version":192,"state":"idle"},"update_available":null,"voltage":238}'
[2024-07-25 04:22:06] info: 	z2m:mqtt: MQTT publish: topic 'zigbee2mqtt/Smart Plug Z1', payload '{"child_lock":"UNLOCK","countdown":0,"current":0,"energy":16.7,"indicator_mode":"off/on","linkquality":120,"power":0,"power_outage_memory":"off","state":"ON","update":{"installed_version":192,"latest_version":192,"state":"idle"},"update_available":null,"voltage":238}'
[2024-07-25 04:22:06] info: 	z2m:mqtt: MQTT publish: topic 'zigbee2mqtt/Smart Plug Z1', payload '{"child_lock":"UNLOCK","countdown":0,"current":0,"energy":16.7,"indicator_mode":"off/on","linkquality":123,"power":0,"power_outage_memory":"off","state":"ON","update":{"installed_version":192,"latest_version":192,"state":"idle"},"update_available":null,"voltage":238}'
[2024-07-25 04:22:17] info: 	z2m:mqtt: MQTT publish: topic 'zigbee2mqtt/Smart Plug Z1', payload '{"child_lock":"UNLOCK","countdown":0,"current":0,"energy":16.7,"indicator_mode":"off/on","linkquality":123,"power":0,"power_outage_memory":"off","state":"ON","update":{"installed_version":192,"latest_version":192,"state":"idle"},"update_available":null,"voltage":238}'
[2024-07-25 04:22:17] info: 	z2m:mqtt: MQTT publish: topic 'zigbee2mqtt/Smart Plug Z1', payload '{"child_lock":"UNLOCK","countdown":0,"current":0,"energy":16.7,"indicator_mode":"off/on","linkquality":123,"power":0,"power_outage_memory":"off","state":"ON","update":{"installed_version":192,"latest_version":192,"state":"idle"},"update_available":null,"voltage":238}'
[2024-07-25 04:27:06] info: 	z2m:mqtt: MQTT publish: topic 'zigbee2mqtt/Smart Plug Z1', payload '{"child_lock":"UNLOCK","countdown":0,"current":0,"energy":16.7,"indicator_mode":"off/on","linkquality":123,"power":0,"power_outage_memory":"off","state":"ON","update":{"installed_version":192,"latest_version":192,"state":"idle"},"update_available":null,"voltage":238}'
[2024-07-25 04:27:15] info: 	z2m:mqtt: MQTT publish: topic 'zigbee2mqtt/Smart Plug Z1', payload '{"child_lock":"UNLOCK","countdown":0,"current":0,"energy":16.7,"indicator_mode":"off/on","linkquality":123,"power":0,"power_outage_memory":"off","state":"ON","update":{"installed_version":192,"latest_version":192,"state":"idle"},"update_available":null,"voltage":238}'
[2024-07-25 04:27:15] info: 	z2m:mqtt: MQTT publish: topic 'zigbee2mqtt/Smart Plug Z1', payload '{"child_lock":"UNLOCK","countdown":0,"current":0,"energy":16.7,"indicator_mode":"off/on","linkquality":123,"power":0,"power_outage_memory":"off","state":"ON","update":{"installed_version":192,"latest_version":192,"state":"idle"},"update_available":null,"voltage":238}'
[2024-07-25 04:27:26] info: 	z2m:mqtt: MQTT publish: topic 'zigbee2mqtt/Smart Plug Z1', payload '{"child_lock":"UNLOCK","countdown":0,"current":0,"energy":16.7,"indicator_mode":"off/on","linkquality":123,"power":0,"power_outage_memory":"off","state":"ON","update":{"installed_version":192,"latest_version":192,"state":"idle"},"update_available":null,"voltage":238}'
[2024-07-25 04:27:26] info: 	z2m:mqtt: MQTT publish: topic 'zigbee2mqtt/Smart Plug Z1', payload '{"child_lock":"UNLOCK","countdown":0,"current":0,"energy":16.7,"indicator_mode":"off/on","linkquality":123,"power":0,"power_outage_memory":"off","state":"ON","update":{"installed_version":192,"latest_version":192,"state":"idle"},"update_available":null,"voltage":238}'
[2024-07-25 04:27:43] info: 	z2m:mqtt: MQTT publish: topic 'zigbee2mqtt/Button 4 - Movie', payload '{"action":null,"battery":100,"linkquality":120,"update":{"installed_version":604241926,"latest_version":604241926,"state":"idle"},"update_available":null}'
[2024-07-25 04:30:25] info: 	z2m: Configuring 'Water Sensor 1'
[2024-07-25 04:30:25] info: 	z2m:mqtt: MQTT publish: topic 'zigbee2mqtt/Water Sensor 1', payload '{"battery":92,"battery_low":false,"linkquality":127,"tamper":false,"voltage":2900,"water_leak":false}'
[2024-07-25 04:30:25] info: 	z2m:mqtt: MQTT publish: topic 'zigbee2mqtt/Water Sensor 1', payload '{"battery":92,"battery_low":false,"linkquality":127,"tamper":false,"voltage":2900,"water_leak":false}'
[2024-07-25 04:30:25] info: 	z2m:mqtt: MQTT publish: topic 'zigbee2mqtt/Water Sensor 1', payload '{"battery":92,"battery_low":false,"linkquality":127,"tamper":false,"voltage":2900,"water_leak":false}'
[2024-07-25 04:30:26] info: 	z2m:mqtt: MQTT publish: topic 'zigbee2mqtt/Water Sensor 1', payload '{"battery":92,"battery_low":false,"linkquality":127,"tamper":false,"voltage":2900,"water_leak":false}'
[2024-07-25 04:30:26] info: 	z2m:mqtt: MQTT publish: topic 'zigbee2mqtt/Water Sensor 1', payload '{"battery":92,"battery_low":false,"linkquality":127,"tamper":false,"voltage":2900,"water_leak":false}'
[2024-07-25 04:30:26] info: 	z2m:mqtt: MQTT publish: topic 'zigbee2mqtt/Water Sensor 1', payload '{"battery":92,"battery_low":false,"linkquality":127,"tamper":false,"voltage":2900,"water_leak":false}'
[2024-07-25 04:30:26] info: 	z2m:mqtt: MQTT publish: topic 'zigbee2mqtt/Water Sensor 1', payload '{"battery":92,"battery_low":false,"linkquality":127,"tamper":false,"voltage":2900,"water_leak":false}'
[2024-07-25 04:30:26] info: 	z2m:mqtt: MQTT publish: topic 'zigbee2mqtt/Water Sensor 1', payload '{"battery":92,"battery_low":false,"linkquality":127,"tamper":false,"voltage":2900,"water_leak":false}'
[2024-07-25 04:30:26] info: 	z2m:mqtt: MQTT publish: topic 'zigbee2mqtt/Water Sensor 1', payload '{"battery":92,"battery_low":false,"linkquality":127,"tamper":false,"voltage":2900,"water_leak":false}'
[2024-07-25 04:30:26] info: 	z2m:mqtt: MQTT publish: topic 'zigbee2mqtt/Water Sensor 1', payload '{"battery":92,"battery_low":false,"linkquality":127,"tamper":false,"voltage":2900,"water_leak":false}'
[2024-07-25 04:30:26] info: 	z2m:mqtt: MQTT publish: topic 'zigbee2mqtt/Water Sensor 1', payload '{"battery":92,"battery_low":false,"linkquality":127,"tamper":false,"voltage":2900,"water_leak":false}'
[2024-07-25 04:30:26] info: 	z2m:mqtt: MQTT publish: topic 'zigbee2mqtt/Water Sensor 1', payload '{"battery":92,"battery_low":false,"linkquality":127,"tamper":false,"voltage":2900,"water_leak":false}'
[2024-07-25 04:30:26] info: 	z2m:mqtt: MQTT publish: topic 'zigbee2mqtt/Water Sensor 1', payload '{"battery":92,"battery_low":false,"linkquality":127,"tamper":false,"voltage":2900,"water_leak":false}'
[2024-07-25 04:30:26] info: 	z2m:mqtt: MQTT publish: topic 'zigbee2mqtt/Water Sensor 1', payload '{"battery":92,"battery_low":false,"linkquality":127,"tamper":false,"voltage":2900,"water_leak":false}'
[2024-07-25 04:30:43] error: 	z2m: Failed to configure 'Water Sensor 1', attempt 1 (Error: ZCL command 0x5c0272fffebb9cde/1 genPowerCfg.configReport([{"attribute":"batteryPercentageRemaining","minimumReportInterval":3600,"maximumReportInterval":65000,"reportableChange":0}], {"timeout":10000,"disableResponse":false,"disableRecovery":false,"disableDefaultResponse":true,"direction":0,"srcEndpoint":null,"reservedBits":0,"manufacturerCode":null,"transactionSequenceNumber":null,"writeUndiv":false}) failed (SRSP - UTIL - assocGetWithAddress after 6000ms)
    at Object.start (/app/node_modules/zigbee-herdsman/src/utils/waitress.ts:63:23)
    at /app/node_modules/zigbee-herdsman/src/adapter/z-stack/znp/znp.ts:305:45
    at Queue.execute (/app/node_modules/zigbee-herdsman/src/utils/queue.ts:35:26)
    at Znp.request (/app/node_modules/zigbee-herdsman/src/adapter/z-stack/znp/znp.ts:293:27)
    at ZStackAdapter.sendZclFrameToEndpointInternal (/app/node_modules/zigbee-herdsman/src/adapter/z-stack/adapter/zStackAdapter.ts:506:51)
    at Queue.execute (/app/node_modules/zigbee-herdsman/src/utils/queue.ts:35:20)
    at Request.send (/app/node_modules/zigbee-herdsman/src/controller/helpers/request.ts:79:20)
    at Endpoint.zclCommand (/app/node_modules/zigbee-herdsman/src/controller/model/endpoint.ts:767:28)
    at Endpoint.configureReporting (/app/node_modules/zigbee-herdsman/src/controller/model/endpoint.ts:557:9)
    at Object.batteryPercentageRemaining (/app/node_modules/zigbee-herdsman-converters/src/lib/reporting.ts:56:5))
[2024-07-25 04:32:36] info: 	z2m:mqtt: MQTT publish: topic 'zigbee2mqtt/Smart Plug Z1', payload '{"child_lock":"UNLOCK","countdown":0,"current":0,"energy":16.7,"indicator_mode":"off/on","linkquality":120,"power":0,"power_outage_memory":"off","state":"ON","update":{"installed_version":192,"latest_version":192,"state":"idle"},"update_available":null,"voltage":238}'
[2024-07-25 04:32:47] info: 	z2m:mqtt: MQTT publish: topic 'zigbee2mqtt/Smart Plug Z1', payload '{"child_lock":"UNLOCK","countdown":0,"current":0,"energy":16.7,"indicator_mode":"off/on","linkquality":120,"power":0,"power_outage_memory":"off","state":"ON","update":{"installed_version":192,"latest_version":192,"state":"idle"},"update_available":null,"voltage":238}'
[2024-07-25 04:32:47] info: 	z2m:mqtt: MQTT publish: topic 'zigbee2mqtt/Smart Plug Z1', payload '{"child_lock":"UNLOCK","countdown":0,"current":0,"energy":16.7,"indicator_mode":"off/on","linkquality":120,"power":0,"power_outage_memory":"off","state":"ON","update":{"installed_version":192,"latest_version":192,"state":"idle"},"update_available":null,"voltage":238}'
[2024-07-25 04:37:56] info: 	z2m:mqtt: MQTT publish: topic 'zigbee2mqtt/Smart Plug Z1', payload '{"child_lock":"UNLOCK","countdown":0,"current":0,"energy":16.7,"indicator_mode":"off/on","linkquality":123,"power":0,"power_outage_memory":"off","state":"ON","update":{"installed_version":192,"latest_version":192,"state":"idle"},"update_available":null,"voltage":238}'
[2024-07-25 04:37:56] info: 	z2m:mqtt: MQTT publish: topic 'zigbee2mqtt/Smart Plug Z1', payload '{"child_lock":"UNLOCK","countdown":0,"current":0,"energy":16.7,"indicator_mode":"off/on","linkquality":123,"power":0,"power_outage_memory":"off","state":"ON","update":{"installed_version":192,"latest_version":192,"state":"idle"},"update_available":null,"voltage":238}'
[2024-07-25 04:38:07] info: 	z2m:mqtt: MQTT publish: topic 'zigbee2mqtt/Smart Plug Z1', payload '{"child_lock":"UNLOCK","countdown":0,"current":0,"energy":16.7,"indicator_mode":"off/on","linkquality":123,"power":0,"power_outage_memory":"off","state":"ON","update":{"installed_version":192,"latest_version":192,"state":"idle"},"update_available":null,"voltage":238}'
[2024-07-25 04:38:07] info: 	z2m:mqtt: MQTT publish: topic 'zigbee2mqtt/Smart Plug Z1', payload '{"child_lock":"UNLOCK","countdown":0,"current":0,"energy":16.7,"indicator_mode":"off/on","linkquality":123,"power":0,"power_outage_memory":"off","state":"ON","update":{"installed_version":192,"latest_version":192,"state":"idle"},"update_available":null,"voltage":238}'
[2024-07-25 04:39:58] info: 	z2m:mqtt: MQTT publish: topic 'zigbee2mqtt/Cube', payload '{"action":null,"action_angle":null,"action_from_side":null,"battery":100,"current":0,"linkquality":127,"operation_mode":"action_mode","power":2,"power_outage_count":159,"side":2,"update":{"installed_version":-1,"latest_version":-1,"state":null},"update_available":null,"voltage":3086}'
[2024-07-25 04:42:06] info: 	z2m:mqtt: MQTT publish: topic 'zigbee2mqtt/Smart Plug Z1', payload '{"child_lock":"UNLOCK","countdown":0,"current":0,"energy":16.7,"indicator_mode":"off/on","linkquality":120,"power":0,"power_outage_memory":"off","state":"ON","update":{"installed_version":192,"latest_version":192,"state":"idle"},"update_available":null,"voltage":238}'
[2024-07-25 04:43:24] info: 	z2m:mqtt: MQTT publish: topic 'zigbee2mqtt/Smart Plug Z1', payload '{"child_lock":"UNLOCK","countdown":0,"current":0,"energy":16.7,"indicator_mode":"off/on","linkquality":120,"power":0,"power_outage_memory":"off","state":"ON","update":{"installed_version":192,"latest_version":192,"state":"idle"},"update_available":null,"voltage":238}'
[2024-07-25 04:43:24] info: 	z2m:mqtt: MQTT publish: topic 'zigbee2mqtt/Smart Plug Z1', payload '{"child_lock":"UNLOCK","countdown":0,"current":0,"energy":16.7,"indicator_mode":"off/on","linkquality":123,"power":0,"power_outage_memory":"off","state":"ON","update":{"installed_version":192,"latest_version":192,"state":"idle"},"update_available":null,"voltage":238}'
[2024-07-25 04:43:35] info: 	z2m:mqtt: MQTT publish: topic 'zigbee2mqtt/Smart Plug Z1', payload '{"child_lock":"UNLOCK","countdown":0,"current":0,"energy":16.7,"indicator_mode":"off/on","linkquality":123,"power":0,"power_outage_memory":"off","state":"ON","update":{"installed_version":192,"latest_version":192,"state":"idle"},"update_available":null,"voltage":238}'
[2024-07-25 04:43:35] info: 	z2m:mqtt: MQTT publish: topic 'zigbee2mqtt/Smart Plug Z1', payload '{"child_lock":"UNLOCK","countdown":0,"current":0,"energy":16.7,"indicator_mode":"off/on","linkquality":123,"power":0,"power_outage_memory":"off","state":"ON","update":{"installed_version":192,"latest_version":192,"state":"idle"},"update_available":null,"voltage":238}'
[2024-07-25 04:44:48] info: 	z2m:mqtt: MQTT publish: topic 'zigbee2mqtt/Philips Backyard Sensor', payload '{"battery":60.5,"illuminance":0,"illuminance_lux":0,"led_indication":true,"linkquality":76,"motion_sensitivity":"high","occupancy":false,"occupancy_timeout":60,"temperature":25.62,"update":{"installed_version":1107323831,"latest_version":1107323831,"state":"idle"},"update_available":null}'
[2024-07-25 04:48:41] info: 	z2m:mqtt: MQTT publish: topic 'zigbee2mqtt/Smart Plug Z1', payload '{"child_lock":"UNLOCK","countdown":0,"current":0,"energy":16.7,"indicator_mode":"off/on","linkquality":123,"power":0,"power_outage_memory":"off","state":"ON","update":{"installed_version":192,"latest_version":192,"state":"idle"},"update_available":null,"voltage":237}'
[2024-07-25 04:48:41] info: 	z2m:mqtt: MQTT publish: topic 'zigbee2mqtt/Smart Plug Z1', payload '{"child_lock":"UNLOCK","countdown":0,"current":0,"energy":16.7,"indicator_mode":"off/on","linkquality":120,"power":0,"power_outage_memory":"off","state":"ON","update":{"installed_version":192,"latest_version":192,"state":"idle"},"update_available":null,"voltage":237}'
[2024-07-25 04:48:52] info: 	z2m:mqtt: MQTT publish: topic 'zigbee2mqtt/Smart Plug Z1', payload '{"child_lock":"UNLOCK","countdown":0,"current":0,"energy":16.7,"indicator_mode":"off/on","linkquality":120,"power":0,"power_outage_memory":"off","state":"ON","update":{"installed_version":192,"latest_version":192,"state":"idle"},"update_available":null,"voltage":237}'
[2024-07-25 04:48:52] info: 	z2m:mqtt: MQTT publish: topic 'zigbee2mqtt/Smart Plug Z1', payload '{"child_lock":"UNLOCK","countdown":0,"current":0,"energy":16.7,"indicator_mode":"off/on","linkquality":120,"power":0,"power_outage_memory":"off","state":"ON","update":{"installed_version":192,"latest_version":192,"state":"idle"},"update_available":null,"voltage":237}'
[2024-07-25 04:49:42] info: 	z2m:mqtt: MQTT publish: topic 'zigbee2mqtt/Philips Backyard Sensor', payload '{"battery":60.5,"illuminance":0,"illuminance_lux":0,"led_indication":true,"linkquality":76,"motion_sensitivity":"high","occupancy":false,"occupancy_timeout":60,"temperature":25.62,"update":{"installed_version":1107323831,"latest_version":1107323831,"state":"idle"},"update_available":null}'
[2024-07-25 04:50:19] info: 	z2m:mqtt: MQTT publish: topic 'zigbee2mqtt/Philips Backyard Sensor', payload '{"battery":60.5,"illuminance":0,"illuminance_lux":0,"led_indication":true,"linkquality":80,"motion_sensitivity":"high","occupancy":false,"occupancy_timeout":60,"temperature":25.34,"update":{"installed_version":1107323831,"latest_version":1107323831,"state":"idle"},"update_available":null}'
[2024-07-25 04:51:01] info: 	z2m:mqtt: MQTT publish: topic 'zigbee2mqtt/Smart Plug Z1', payload '{"child_lock":"UNLOCK","countdown":0,"current":0,"energy":16.7,"indicator_mode":"off/on","linkquality":112,"power":0,"power_outage_memory":"off","state":"ON","update":{"installed_version":192,"latest_version":192,"state":"idle"},"update_available":null,"voltage":237}'
[2024-07-25 04:51:02] info: 	z2m:mqtt: MQTT publish: topic 'zigbee2mqtt/Smart Plug Z1', payload '{"child_lock":"UNLOCK","countdown":0,"current":0,"energy":16.7,"indicator_mode":"off/on","linkquality":123,"power":0,"power_outage_memory":"off","state":"ON","update":{"installed_version":192,"latest_version":192,"state":"idle"},"update_available":null,"voltage":237}'
[2024-07-25 04:51:13] info: 	z2m:mqtt: MQTT publish: topic 'zigbee2mqtt/Smart Plug Z1', payload '{"child_lock":"UNLOCK","countdown":0,"current":0,"energy":16.7,"indicator_mode":"off/on","linkquality":123,"power":0,"power_outage_memory":"off","state":"ON","update":{"installed_version":192,"latest_version":192,"state":"idle"},"update_available":null,"voltage":237}'
[2024-07-25 04:54:11] info: 	z2m:mqtt: MQTT publish: topic 'zigbee2mqtt/Smart Plug Z1', payload '{"child_lock":"UNLOCK","countdown":0,"current":0,"energy":16.7,"indicator_mode":"off/on","linkquality":123,"power":0,"power_outage_memory":"off","state":"ON","update":{"installed_version":192,"latest_version":192,"state":"idle"},"update_available":null,"voltage":236}'
[2024-07-25 04:54:11] info: 	z2m:mqtt: MQTT publish: topic 'zigbee2mqtt/Smart Plug Z1', payload '{"child_lock":"UNLOCK","countdown":0,"current":0,"energy":16.7,"indicator_mode":"off/on","linkquality":123,"power":0,"power_outage_memory":"off","state":"ON","update":{"installed_version":192,"latest_version":192,"state":"idle"},"update_available":null,"voltage":236}'
[2024-07-25 04:54:22] info: 	z2m:mqtt: MQTT publish: topic 'zigbee2mqtt/Smart Plug Z1', payload '{"child_lock":"UNLOCK","countdown":0,"current":0,"energy":16.7,"indicator_mode":"off/on","linkquality":123,"power":0,"power_outage_memory":"off","state":"ON","update":{"installed_version":192,"latest_version":192,"state":"idle"},"update_available":null,"voltage":236}'
[2024-07-25 04:54:22] info: 	z2m:mqtt: MQTT publish: topic 'zigbee2mqtt/Smart Plug Z1', payload '{"child_lock":"UNLOCK","countdown":0,"current":0,"energy":16.7,"indicator_mode":"off/on","linkquality":123,"power":0,"power_outage_memory":"off","state":"ON","update":{"installed_version":192,"latest_version":192,"state":"idle"},"update_available":null,"voltage":236}'
[2024-07-25 04:54:48] info: 	z2m:mqtt: MQTT publish: topic 'zigbee2mqtt/Philips Backyard Sensor', payload '{"battery":60.5,"illuminance":0,"illuminance_lux":0,"led_indication":true,"linkquality":76,"motion_sensitivity":"high","occupancy":false,"occupancy_timeout":60,"temperature":25.34,"update":{"installed_version":1107323831,"latest_version":1107323831,"state":"idle"},"update_available":null}'
[2024-07-25 04:57:06] info: 	z2m:mqtt: MQTT publish: topic 'zigbee2mqtt/Smart Plug Z1', payload '{"child_lock":"UNLOCK","countdown":0,"current":0,"energy":16.7,"indicator_mode":"off/on","linkquality":123,"power":0,"power_outage_memory":"off","state":"ON","update":{"installed_version":192,"latest_version":192,"state":"idle"},"update_available":null,"voltage":236}'
[2024-07-25 04:59:11] info: 	z2m:mqtt: MQTT publish: topic 'zigbee2mqtt/Smart Plug Z1', payload '{"child_lock":"UNLOCK","countdown":0,"current":0,"energy":16.7,"indicator_mode":"off/on","linkquality":123,"power":0,"power_outage_memory":"off","state":"ON","update":{"installed_version":192,"latest_version":192,"state":"idle"},"update_available":null,"voltage":235}'
[2024-07-25 04:59:11] info: 	z2m:mqtt: MQTT publish: topic 'zigbee2mqtt/Smart Plug Z1', payload '{"child_lock":"UNLOCK","countdown":0,"current":0,"energy":16.7,"indicator_mode":"off/on","linkquality":123,"power":0,"power_outage_memory":"off","state":"ON","update":{"installed_version":192,"latest_version":192,"state":"idle"},"update_available":null,"voltage":235}'
[2024-07-25 04:59:22] info: 	z2m:mqtt: MQTT publish: topic 'zigbee2mqtt/Smart Plug Z1', payload '{"child_lock":"UNLOCK","countdown":0,"current":0,"energy":16.7,"indicator_mode":"off/on","linkquality":123,"power":0,"power_outage_memory":"off","state":"ON","update":{"installed_version":192,"latest_version":192,"state":"idle"},"update_available":null,"voltage":235}'
[2024-07-25 04:59:22] info: 	z2m:mqtt: MQTT publish: topic 'zigbee2mqtt/Smart Plug Z1', payload '{"child_lock":"UNLOCK","countdown":0,"current":0,"energy":16.7,"indicator_mode":"off/on","linkquality":123,"power":0,"power_outage_memory":"off","state":"ON","update":{"installed_version":192,"latest_version":192,"state":"idle"},"update_available":null,"voltage":235}'
[2024-07-25 05:04:14] info: 	z2m:mqtt: MQTT publish: topic 'zigbee2mqtt/Smart Plug Z1', payload '{"child_lock":"UNLOCK","countdown":0,"current":0,"energy":16.7,"indicator_mode":"off/on","linkquality":127,"power":0,"power_outage_memory":"off","state":"ON","update":{"installed_version":192,"latest_version":192,"state":"idle"},"update_available":null,"voltage":236}'
[2024-07-25 05:04:14] info: 	z2m:mqtt: MQTT publish: topic 'zigbee2mqtt/Smart Plug Z1', payload '{"child_lock":"UNLOCK","countdown":0,"current":0,"energy":16.7,"indicator_mode":"off/on","linkquality":120,"power":0,"power_outage_memory":"off","state":"ON","update":{"installed_version":192,"latest_version":192,"state":"idle"},"update_available":null,"voltage":236}'
[2024-07-25 05:04:25] info: 	z2m:mqtt: MQTT publish: topic 'zigbee2mqtt/Smart Plug Z1', payload '{"child_lock":"UNLOCK","countdown":0,"current":0,"energy":16.7,"indicator_mode":"off/on","linkquality":120,"power":0,"power_outage_memory":"off","state":"ON","update":{"installed_version":192,"latest_version":192,"state":"idle"},"update_available":null,"voltage":236}'
[2024-07-25 05:04:25] info: 	z2m:mqtt: MQTT publish: topic 'zigbee2mqtt/Smart Plug Z1', payload '{"child_lock":"UNLOCK","countdown":0,"current":0,"energy":16.7,"indicator_mode":"off/on","linkquality":120,"power":0,"power_outage_memory":"off","state":"ON","update":{"installed_version":192,"latest_version":192,"state":"idle"},"update_available":null,"voltage":236}'
[2024-07-25 05:09:43] info: 	z2m:mqtt: MQTT publish: topic 'zigbee2mqtt/Smart Plug Z1', payload '{"child_lock":"UNLOCK","countdown":0,"current":0,"energy":16.7,"indicator_mode":"off/on","linkquality":120,"power":0,"power_outage_memory":"off","state":"ON","update":{"installed_version":192,"latest_version":192,"state":"idle"},"update_available":null,"voltage":235}'
[2024-07-25 05:09:43] info: 	z2m:mqtt: MQTT publish: topic 'zigbee2mqtt/Smart Plug Z1', payload '{"child_lock":"UNLOCK","countdown":0,"current":0,"energy":16.7,"indicator_mode":"off/on","linkquality":123,"power":0,"power_outage_memory":"off","state":"ON","update":{"installed_version":192,"latest_version":192,"state":"idle"},"update_available":null,"voltage":235}'
[2024-07-25 05:09:54] info: 	z2m:mqtt: MQTT publish: topic 'zigbee2mqtt/Smart Plug Z1', payload '{"child_lock":"UNLOCK","countdown":0,"current":0,"energy":16.7,"indicator_mode":"off/on","linkquality":123,"power":0,"power_outage_memory":"off","state":"ON","update":{"installed_version":192,"latest_version":192,"state":"idle"},"update_available":null,"voltage":235}'
[2024-07-25 05:09:54] info: 	z2m:mqtt: MQTT publish: topic 'zigbee2mqtt/Smart Plug Z1', payload '{"child_lock":"UNLOCK","countdown":0,"current":0,"energy":16.7,"indicator_mode":"off/on","linkquality":123,"power":0,"power_outage_memory":"off","state":"ON","update":{"installed_version":192,"latest_version":192,"state":"idle"},"update_available":null,"voltage":235}'
[2024-07-25 05:11:46] info: 	z2m:mqtt: MQTT publish: topic 'zigbee2mqtt/Smart Plug Z1', payload '{"child_lock":"UNLOCK","countdown":0,"current":0,"energy":16.7,"indicator_mode":"off/on","linkquality":120,"power":0,"power_outage_memory":"off","state":"ON","update":{"installed_version":192,"latest_version":192,"state":"idle"},"update_available":null,"voltage":235}'
[2024-07-25 05:12:06] info: 	z2m:mqtt: MQTT publish: topic 'zigbee2mqtt/Smart Plug Z1', payload '{"child_lock":"UNLOCK","countdown":0,"current":0,"energy":16.7,"indicator_mode":"off/on","linkquality":72,"power":0,"power_outage_memory":"off","state":"ON","update":{"installed_version":192,"latest_version":192,"state":"idle"},"update_available":null,"voltage":235}'
[2024-07-25 05:12:23] info: 	z2m:mqtt: MQTT publish: topic 'zigbee2mqtt/Button 1', payload '{"action":null,"battery":1,"linkquality":120,"update":{"installed_version":604241926,"latest_version":604241926,"state":"idle"},"update_available":null}'
[2024-07-25 05:13:57] info: 	zh:zstack:znp: Socket error
[2024-07-25 05:13:57] info: 	zh:zstack:znp: Port closed
[2024-07-25 05:13:57] info: 	zh:zstack:znp: closing
[2024-07-25 05:13:57] error: 	z2m: Adapter disconnected, stopping
[2024-07-25 05:13:57] info: 	z2m:mqtt: MQTT publish: topic 'zigbee2mqtt/bridge/state', payload '{"state":"offline"}'
[2024-07-25 05:13:57] info: 	z2m: Disconnecting from MQTT server
[2024-07-25 05:13:57] info: 	z2m: Stopping zigbee-herdsman...
[2024-07-25 05:13:57] info: 	z2m: Stopped zigbee-herdsman
[2024-07-25 05:13:57] info: 	z2m: Stopped Zigbee2MQTT
