[2025-11-06 08:15:45] info: 	z2m: Logging to console, file (filename: log.log)
[2025-11-06 08:15:46] info: 	z2m: Starting Zigbee2MQTT version 2.6.3 (commit #unknown)
[2025-11-06 08:15:46] info: 	z2m: Starting zigbee-herdsman (6.3.2)
[2025-11-06 08:15:46] info: 	zh:zstack:znp: Opening TCP socket with 192.168.87.68:6638
[2025-11-06 08:15:48] info: 	zh:zstack:znp: Socket connected
[2025-11-06 08:15:48] info: 	zh:zstack:znp: Socket ready
[2025-11-06 08:15:48] info: 	zh:zstack:znp: Writing CC2530/CC2531 skip bootloader payload
[2025-11-06 08:15:49] info: 	zh:zstack:znp: Skip bootloader for CC2652/CC1352
[2025-11-06 08:15:51] info: 	z2m: zigbee-herdsman started (resumed)
[2025-11-06 08:15:51] info: 	z2m: Coordinator firmware version: '{"meta":{"maintrel":1,"majorrel":2,"minorrel":7,"product":1,"revision":20240710,"transportrev":2},"type":"ZStack3x0"}'
[2025-11-06 08:15:51] info: 	z2m: Button 4 - Movie (0xb4e3f9fffe249e15): E1812 - IKEA TRADFRI shortcut button (EndDevice)
[2025-11-06 08:15:51] info: 	z2m: Smart Plug Z1 (0xa4c13812921dddfd): TS011F_plug_3 - Tuya Smart plug (with power monitoring by polling) (Router)
[2025-11-06 08:15:51] info: 	z2m: Button 3 - Workshop (0xb4e3f9fffe753317): E1812 - IKEA TRADFRI shortcut button (EndDevice)
[2025-11-06 08:15:51] info: 	z2m: Button 2 - Chandelier (0x04cd15fffe7ff98b): E1812 - IKEA TRADFRI shortcut button (EndDevice)
[2025-11-06 08:15:51] info: 	z2m: Button 1 - Kitchen (0x04cd15fffe268dcc): E1812 - IKEA TRADFRI shortcut button (EndDevice)
[2025-11-06 08:15:51] info: 	z2m: Cube (0x54ef4410006a43c7): CTP-R01 - Aqara Cube T1 Pro (EndDevice)
[2025-11-06 08:15:51] info: 	z2m: Philips Backyard Sensor (0x001788010649a073): 9290019758 - Philips Hue motion outdoor sensor (EndDevice)
[2025-11-06 08:15:51] info: 	z2m: Water Sensor 1 (0x5c0272fffebb9cde): TS0207_water_leak_detector_3 - Tuya Zigbee water leak sensor (EndDevice)
[2025-11-06 08:15:51] info: 	z2m: Alarm Keypad (0x0015bc0043006306): KEYZB-110 - Develco Keypad (EndDevice)
[2025-11-06 08:15:51] info: 	z2m: Alarm Repeater (0x0015bc0022000242): REXZB-111 - Frient Zigbee repeater with backup battery (Router)
[2025-11-06 08:15:51] info: 	z2m: Alarm Siren (0x0015bc0041007a25): SIRZB-111 - Develco Customizable siren (Router)
[2025-11-06 08:15:51] info: 	z2m: Workshop Light (0x54ef441000b757df): CL-L02D - Aqara Ceiling light T1M (EndDevice)
[2025-11-06 08:15:51] info: 	z2m: Currently 12 devices are joined.
[2025-11-06 08:15:51] info: 	z2m: Connecting to MQTT server at mqtt://core-mosquitto:1883
[2025-11-06 08:15:51] info: 	z2m: Connected to MQTT server
[2025-11-06 08:15:51] info: 	z2m:mqtt: MQTT publish: topic 'zigbee2mqtt/bridge/state', payload '{"state":"online"}'
[2025-11-06 08:15:52] info: 	z2m:mqtt: MQTT publish: topic 'zigbee2mqtt/Button 4 - Movie/availability', payload '{"state":"online"}'
[2025-11-06 08:15:52] info: 	z2m:mqtt: MQTT publish: topic 'zigbee2mqtt/Smart Plug Z1/availability', payload '{"state":"offline"}'
[2025-11-06 08:15:52] info: 	z2m:mqtt: MQTT publish: topic 'zigbee2mqtt/Button 3 - Workshop/availability', payload '{"state":"online"}'
[2025-11-06 08:15:52] info: 	z2m:mqtt: MQTT publish: topic 'zigbee2mqtt/Button 2 - Chandelier/availability', payload '{"state":"online"}'
[2025-11-06 08:15:52] info: 	z2m:mqtt: MQTT publish: topic 'zigbee2mqtt/Button 1 - Kitchen/availability', payload '{"state":"online"}'
[2025-11-06 08:15:52] info: 	z2m:mqtt: MQTT publish: topic 'zigbee2mqtt/Cube/availability', payload '{"state":"online"}'
[2025-11-06 08:15:52] info: 	z2m:mqtt: MQTT publish: topic 'zigbee2mqtt/Philips Backyard Sensor/availability', payload '{"state":"online"}'
[2025-11-06 08:15:52] info: 	z2m:mqtt: MQTT publish: topic 'zigbee2mqtt/Water Sensor 1/availability', payload '{"state":"online"}'
[2025-11-06 08:15:52] info: 	z2m:mqtt: MQTT publish: topic 'zigbee2mqtt/Alarm Keypad/availability', payload '{"state":"online"}'
[2025-11-06 08:15:52] info: 	z2m:mqtt: MQTT publish: topic 'zigbee2mqtt/Alarm Repeater/availability', payload '{"state":"offline"}'
[2025-11-06 08:15:52] info: 	z2m:mqtt: MQTT publish: topic 'zigbee2mqtt/Alarm Siren/availability', payload '{"state":"offline"}'
[2025-11-06 08:15:52] info: 	z2m:mqtt: MQTT publish: topic 'zigbee2mqtt/Workshop Light/availability', payload '{"state":"online"}'
[2025-11-06 08:15:52] info: 	z2m: Started frontend on port 8099
[2025-11-06 08:15:53] info: 	z2m:mqtt: MQTT publish: topic 'zigbee2mqtt/Button 4 - Movie', payload '{"battery":90,"identify":null,"linkquality":61,"update":{"installed_version":604241926,"latest_version":604241926,"state":"idle"}}'
[2025-11-06 08:15:53] info: 	z2m:mqtt: MQTT publish: topic 'zigbee2mqtt/Smart Plug Z1', payload '{"child_lock":"UNLOCK","countdown":0,"current":0,"energy":16.74,"indicator_mode":"off/on","linkquality":120,"power":0,"power_outage_memory":"off","state":"OFF","update":{"installed_version":192,"latest_version":192,"state":"idle"},"voltage":232}'
[2025-11-06 08:15:53] info: 	z2m:mqtt: MQTT publish: topic 'zigbee2mqtt/Button 3 - Workshop', payload '{"battery":90,"identify":null,"linkquality":58,"update":{"installed_version":604241926,"latest_version":604241926,"state":"idle"}}'
[2025-11-06 08:15:53] info: 	z2m:mqtt: MQTT publish: topic 'zigbee2mqtt/Button 2 - Chandelier', payload '{"battery":20,"identify":null,"linkquality":58,"update":{"installed_version":604241926,"latest_version":604241926,"state":"idle"}}'
[2025-11-06 08:15:53] info: 	z2m:mqtt: MQTT publish: topic 'zigbee2mqtt/Button 1 - Kitchen', payload '{"battery":90,"identify":null,"linkquality":58,"update":{"installed_version":604241926,"latest_version":604241926,"state":"idle"}}'
[2025-11-06 08:15:53] info: 	z2m:mqtt: MQTT publish: topic 'zigbee2mqtt/Cube', payload '{"action_angle":null,"action_from_side":null,"battery":85,"current":0,"linkquality":112,"operation_mode":"action_mode","power":2,"power_outage_count":159,"side":4,"update":{"installed_version":-1,"latest_version":-1,"state":null},"voltage":2978}'
[2025-11-06 08:15:53] info: 	z2m:mqtt: MQTT publish: topic 'zigbee2mqtt/Philips Backyard Sensor', payload '{"battery":21,"illuminance":2,"led_indication":true,"linkquality":83,"motion_sensitivity":"high","occupancy":true,"occupancy_timeout":60,"temperature":17.15,"update":{"installed_version":1124102917,"latest_version":1124102917,"state":"idle"}}'
[2025-11-06 08:15:53] info: 	z2m:mqtt: MQTT publish: topic 'zigbee2mqtt/Water Sensor 1', payload '{"battery":76,"battery_low":false,"linkquality":58,"tamper":false,"voltage":2800,"water_leak":false}'
[2025-11-06 08:15:53] info: 	z2m:mqtt: MQTT publish: topic 'zigbee2mqtt/Alarm Keypad', payload '{"action_code":null,"action_transaction":null,"action_zone":null,"battery":100,"battery_low":false,"linkquality":58,"tamper":false,"update":{"installed_version":131077,"latest_version":131077,"state":"idle"},"voltage":5400}'
[2025-11-06 08:15:53] info: 	z2m:mqtt: MQTT publish: topic 'zigbee2mqtt/Alarm Repeater', payload '{"alarm_1":false,"alarm_2":false,"battery":null,"battery_low":true,"identify":null,"linkquality":47,"tamper":false}'
[2025-11-06 08:15:53] info: 	z2m:mqtt: MQTT publish: topic 'zigbee2mqtt/Alarm Siren', payload '{"ac_status":true,"alarm":false,"battery":null,"battery_low":true,"enrolled":true,"ias_cie_address":"0x00124b002e0e1c5f","linkquality":65,"max_duration":10,"restore_reports":true,"supervision_reports":true,"tamper":false,"test":false,"voltage":null,"zone_id":23}'
[2025-11-06 08:15:53] info: 	z2m:mqtt: MQTT publish: topic 'zigbee2mqtt/Workshop Light', payload '{"brightness_rgb":254,"brightness_white":254,"color_mode_rgb":"xy","color_rgb":{"x":0.313,"y":0.21},"device_temperature":33,"linkquality":61,"power_on_behaviour":"off","power_outage_count":28,"state":"OFF","state_rgb":"OFF","state_white":"OFF","update":{"installed_version":-1,"latest_version":-1,"state":null}}'
[2025-11-06 08:15:53] info: 	z2m:mqtt: MQTT publish: topic 'zigbee2mqtt/Workshop Light/white', payload '{"brightness":254,"state":"OFF"}'
[2025-11-06 08:15:53] info: 	z2m: Zigbee2MQTT started!
[2025-11-06 08:15:53] info: 	z2m:mqtt: MQTT publish: topic 'zigbee2mqtt/Workshop Light/rgb', payload '{"brightness":254,"color":{"x":0.313,"y":0.21},"color_mode":"xy","state":"OFF"}'
[2025-11-06 08:15:55] warning: 	z2m: Failed to ping 'Smart Plug Z1' (attempt 1/1, ZCL command 0xa4c13812921dddfd/1 genBasic.read(["zclVersion"], {"timeout":10000,"disableResponse":false,"disableRecovery":true,"disableDefaultResponse":true,"direction":0,"reservedBits":0,"writeUndiv":false}) failed (Data request failed with error: 'No network route' (205)))
[2025-11-06 08:15:58] info: 	z2m:mqtt: MQTT publish: topic 'homeassistant/binary_sensor/1221051039810110150109113116116_0x00124b002e0e1c5f/connection_state/config', payload '{"default_entity_id":"binary_sensor.zigbee2mqtt_bridge_connection_state","device":{"hw_version":"ZStack3x0 20240710","identifiers":["zigbee2mqtt_bridge_0x00124b002e0e1c5f"],"manufacturer":"Zigbee2MQTT","model":"Bridge","name":"Zigbee2MQTT Bridge","sw_version":"2.6.3"},"device_class":"connectivity","entity_category":"diagnostic","name":"Connection state","object_id":"zigbee2mqtt_bridge_connection_state","origin":{"name":"Zigbee2MQTT","sw":"2.6.3","url":"https://www.zigbee2mqtt.io"},"payload_off":"offline","payload_on":"online","state_topic":"zigbee2mqtt/bridge/state","unique_id":"bridge_0x00124b002e0e1c5f_connection_state_zigbee2mqtt","value_template":"{{ value_json.state }}"}'
[2025-11-06 08:15:58] warning: 	z2m: Failed to ping 'Alarm Repeater' (attempt 1/1, ZCL command 0x0015bc0022000242/37 genBasic.read(["zclVersion"], {"timeout":10000,"disableResponse":false,"disableRecovery":true,"disableDefaultResponse":true,"direction":0,"reservedBits":0,"writeUndiv":false}) failed (Data request failed with error: 'No network route' (205)))
[2025-11-06 08:16:01] info: 	z2m:mqtt: MQTT publish: topic 'zigbee2mqtt/Alarm Keypad', payload '{"action_code":null,"action_transaction":null,"action_zone":null,"battery":100,"battery_low":false,"linkquality":43,"tamper":false,"update":{"installed_version":131077,"latest_version":131077,"state":"idle"},"voltage":5400}'
[2025-11-06 08:16:01] info: 	z2m:mqtt: MQTT publish: topic 'zigbee2mqtt/Alarm Keypad', payload '{"action_code":null,"action_transaction":null,"action_zone":null,"battery":100,"battery_low":false,"linkquality":43,"tamper":false,"update":{"installed_version":131077,"latest_version":131077,"state":"idle"},"voltage":5400}'
[2025-11-06 08:16:02] warning: 	z2m: Failed to ping 'Alarm Siren' (attempt 1/1, ZCL command 0x0015bc0041007a25/43 genBasic.read(["zclVersion"], {"timeout":10000,"disableResponse":false,"disableRecovery":true,"disableDefaultResponse":true,"direction":0,"reservedBits":0,"writeUndiv":false}) failed (Data request failed with error: 'No network route' (205)))
[2025-11-06 08:16:12] info: 	z2m: Configuring 'Alarm Repeater'
[2025-11-06 08:16:22] error: 	z2m: Failed to configure 'Alarm Repeater', attempt 1 (Error: Bind 0x0015bc0022000242/37 genPowerCfg from '0x00124b002e0e1c5f/1' failed (AREQ - ZDO - bindRsp after 10000ms)
    at Object.start (/app/node_modules/.pnpm/zigbee-herdsman@6.3.2/node_modules/zigbee-herdsman/src/utils/waitress.ts:68:23)
    at func (/app/node_modules/.pnpm/zigbee-herdsman@6.3.2/node_modules/zigbee-herdsman/src/adapter/z-stack/adapter/zStackAdapter.ts:469:47)
    at processTicksAndRejections (node:internal/process/task_queues:105:5)
    at Queue.execute (/app/node_modules/.pnpm/zigbee-herdsman@6.3.2/node_modules/zigbee-herdsman/src/utils/queue.ts:36:20)
    at ZStackAdapter.sendZdoInternal (/app/node_modules/.pnpm/zigbee-herdsman@6.3.2/node_modules/zigbee-herdsman/src/adapter/z-stack/adapter/zStackAdapter.ts:474:43)
    at ZStackAdapter.sendZdo (/app/node_modules/.pnpm/zigbee-herdsman@6.3.2/node_modules/zigbee-herdsman/src/adapter/z-stack/adapter/zStackAdapter.ts:351:16)
    at Endpoint.bind (/app/node_modules/.pnpm/zigbee-herdsman@6.3.2/node_modules/zigbee-herdsman/src/controller/model/endpoint.ts:634:30)
    at setupAttributes (/app/node_modules/.pnpm/zigbee-herdsman-converters@25.59.0/node_modules/zigbee-herdsman-converters/src/lib/modernExtend.ts:181:13)
    at configure (/app/node_modules/.pnpm/zigbee-herdsman-converters@25.59.0/node_modules/zigbee-herdsman-converters/src/lib/modernExtend.ts:245:17)
    at Object.configure (/app/node_modules/.pnpm/zigbee-herdsman-converters@25.59.0/node_modules/zigbee-herdsman-converters/src/index.ts:366:21))
[2025-11-06 08:16:32] info: 	z2m: Configuring 'Alarm Siren'
[2025-11-06 08:16:42] error: 	z2m: Failed to configure 'Alarm Siren', attempt 1 (Error: Bind 0x0015bc0041007a25/43 ssIasZone from '0x00124b002e0e1c5f/1' failed (AREQ - ZDO - bindRsp after 10000ms)
    at Object.start (/app/node_modules/.pnpm/zigbee-herdsman@6.3.2/node_modules/zigbee-herdsman/src/utils/waitress.ts:68:23)
    at func (/app/node_modules/.pnpm/zigbee-herdsman@6.3.2/node_modules/zigbee-herdsman/src/adapter/z-stack/adapter/zStackAdapter.ts:469:47)
    at processTicksAndRejections (node:internal/process/task_queues:105:5)
    at Queue.execute (/app/node_modules/.pnpm/zigbee-herdsman@6.3.2/node_modules/zigbee-herdsman/src/utils/queue.ts:36:20)
    at ZStackAdapter.sendZdoInternal (/app/node_modules/.pnpm/zigbee-herdsman@6.3.2/node_modules/zigbee-herdsman/src/adapter/z-stack/adapter/zStackAdapter.ts:474:43)
    at ZStackAdapter.sendZdo (/app/node_modules/.pnpm/zigbee-herdsman@6.3.2/node_modules/zigbee-herdsman/src/adapter/z-stack/adapter/zStackAdapter.ts:351:16)
    at Endpoint.bind (/app/node_modules/.pnpm/zigbee-herdsman@6.3.2/node_modules/zigbee-herdsman/src/controller/model/endpoint.ts:634:30)
    at Object.bind (/app/node_modules/.pnpm/zigbee-herdsman-converters@25.59.0/node_modules/zigbee-herdsman-converters/src/lib/reporting.ts:48:9)
    at configure (/app/node_modules/.pnpm/zigbee-herdsman-converters@25.59.0/node_modules/zigbee-herdsman-converters/src/devices/develco.ts:922:13)
    at Object.configure (/app/node_modules/.pnpm/zigbee-herdsman-converters@25.59.0/node_modules/zigbee-herdsman-converters/src/index.ts:366:21))
[2025-11-06 08:19:44] info: 	z2m: Configuring 'Workshop Light'
[2025-11-06 08:19:44] info: 	z2m:mqtt: MQTT publish: topic 'zigbee2mqtt/Workshop Light', payload '{"brightness_rgb":254,"brightness_white":254,"color_mode_rgb":"xy","color_rgb":{"x":0.313,"y":0.21},"device_temperature":33,"linkquality":40,"power_on_behaviour":"off","power_outage_count":28,"state":"OFF","state_rgb":"OFF","state_white":"OFF","update":{"installed_version":-1,"latest_version":-1,"state":null}}'
[2025-11-06 08:19:44] error: 	z2m: Failed to configure 'Workshop Light', attempt 1 (Error: Device 0x54ef441000b757df has no input cluster manuSpecificLumi
    at getEndpointsWithCluster (/app/node_modules/.pnpm/zigbee-herdsman-converters@25.59.0/node_modules/zigbee-herdsman-converters/src/lib/modernExtend.ts:73:15)
    at configure (/app/node_modules/.pnpm/zigbee-herdsman-converters@25.59.0/node_modules/zigbee-herdsman-converters/src/lib/modernExtend.ts:238:29)
    at Object.configure (/app/node_modules/.pnpm/zigbee-herdsman-converters@25.59.0/node_modules/zigbee-herdsman-converters/src/index.ts:366:27)
    at processTicksAndRejections (node:internal/process/task_queues:105:5)
    at Configure.configure (/app/lib/extension/configure.ts:123:13)
    at EventEmitter.wrappedCallback (/app/lib/eventBus.ts:252:17))
[2025-11-06 08:19:44] info: 	z2m:mqtt: MQTT publish: topic 'zigbee2mqtt/Workshop Light/white', payload '{"brightness":254,"state":"OFF"}'
[2025-11-06 08:19:44] info: 	z2m:mqtt: MQTT publish: topic 'zigbee2mqtt/Workshop Light/rgb', payload '{"brightness":254,"color":{"x":0.313,"y":0.21},"color_mode":"xy","state":"OFF"}'
[2025-11-06 08:19:45] info: 	z2m: Configuring 'Workshop Light'
[2025-11-06 08:19:45] error: 	z2m: Failed to configure 'Workshop Light', attempt 2 (Error: Device 0x54ef441000b757df has no input cluster manuSpecificLumi
    at getEndpointsWithCluster (/app/node_modules/.pnpm/zigbee-herdsman-converters@25.59.0/node_modules/zigbee-herdsman-converters/src/lib/modernExtend.ts:73:15)
    at configure (/app/node_modules/.pnpm/zigbee-herdsman-converters@25.59.0/node_modules/zigbee-herdsman-converters/src/lib/modernExtend.ts:238:29)
    at Object.configure (/app/node_modules/.pnpm/zigbee-herdsman-converters@25.59.0/node_modules/zigbee-herdsman-converters/src/index.ts:366:27)
    at processTicksAndRejections (node:internal/process/task_queues:105:5)
    at Configure.configure (/app/lib/extension/configure.ts:123:13)
    at EventEmitter.wrappedCallback (/app/lib/eventBus.ts:252:17))
[2025-11-06 08:20:15] info: 	z2m:mqtt: MQTT publish: topic 'zigbee2mqtt/Philips Backyard Sensor', payload '{"battery":21,"illuminance":3,"led_indication":true,"linkquality":72,"motion_sensitivity":"high","occupancy":true,"occupancy_timeout":60,"temperature":17.15,"update":{"installed_version":1124102917,"latest_version":1124102917,"state":"idle"}}'
[2025-11-06 08:21:01] info: 	z2m:mqtt: MQTT publish: topic 'zigbee2mqtt/Alarm Keypad', payload '{"action_code":null,"action_transaction":null,"action_zone":null,"battery":100,"battery_low":false,"linkquality":43,"tamper":false,"update":{"installed_version":131077,"latest_version":131077,"state":"idle"},"voltage":5400}'
[2025-11-06 08:25:14] info: 	z2m:mqtt: MQTT publish: topic 'zigbee2mqtt/Philips Backyard Sensor', payload '{"battery":21,"illuminance":9,"led_indication":true,"linkquality":72,"motion_sensitivity":"high","occupancy":true,"occupancy_timeout":60,"temperature":17.15,"update":{"installed_version":1124102917,"latest_version":1124102917,"state":"idle"}}'
[2025-11-06 08:25:52] info: 	z2m:mqtt: MQTT publish: topic 'zigbee2mqtt/bridge/health', payload '{"response_time":1762413952805,"os":{"load_average":[0.23,0.21,0.17],"memory_used_mb":1656.19,"memory_percent":42.2142},"process":{"uptime_sec":612,"memory_used_mb":116.5,"memory_percent":2.9693},"mqtt":{"connected":true,"queued":0,"published":89,"received":125},"devices":{"0x0015bc0043006306":{"messages":6,"messages_per_sec":0.0101,"leave_count":0,"network_address_changes":0},"0x54ef441000b757df":{"messages":2,"messages_per_sec":0.0054,"leave_count":0,"network_address_changes":0},"0x001788010649a073":{"messages":2,"messages_per_sec":0.0059,"leave_count":0,"network_address_changes":0}}}'
[2025-11-06 08:26:01] info: 	z2m:mqtt: MQTT publish: topic 'zigbee2mqtt/Alarm Keypad', payload '{"action_code":null,"action_transaction":null,"action_zone":null,"battery":100,"battery_low":false,"linkquality":43,"tamper":false,"update":{"installed_version":131077,"latest_version":131077,"state":"idle"},"voltage":5400}'
[2025-11-06 08:27:01] info: 	z2m: Configuring 'Workshop Light'
[2025-11-06 08:27:01] info: 	z2m:mqtt: MQTT publish: topic 'zigbee2mqtt/Workshop Light', payload '{"brightness_rgb":254,"brightness_white":254,"color_mode_rgb":"xy","color_rgb":{"x":0.313,"y":0.21},"device_temperature":33,"linkquality":43,"power_on_behaviour":"off","power_outage_count":28,"state":"OFF","state_rgb":"OFF","state_white":"OFF","update":{"installed_version":-1,"latest_version":-1,"state":null}}'
[2025-11-06 08:27:01] error: 	z2m: Failed to configure 'Workshop Light', attempt 3 (Error: Device 0x54ef441000b757df has no input cluster manuSpecificLumi
    at getEndpointsWithCluster (/app/node_modules/.pnpm/zigbee-herdsman-converters@25.59.0/node_modules/zigbee-herdsman-converters/src/lib/modernExtend.ts:73:15)
    at configure (/app/node_modules/.pnpm/zigbee-herdsman-converters@25.59.0/node_modules/zigbee-herdsman-converters/src/lib/modernExtend.ts:238:29)
    at Object.configure (/app/node_modules/.pnpm/zigbee-herdsman-converters@25.59.0/node_modules/zigbee-herdsman-converters/src/index.ts:366:27)
    at processTicksAndRejections (node:internal/process/task_queues:105:5)
    at Configure.configure (/app/lib/extension/configure.ts:123:13)
    at EventEmitter.wrappedCallback (/app/lib/eventBus.ts:252:17))
[2025-11-06 08:27:01] info: 	z2m:mqtt: MQTT publish: topic 'zigbee2mqtt/Workshop Light/white', payload '{"brightness":254,"state":"OFF"}'
[2025-11-06 08:27:01] info: 	z2m:mqtt: MQTT publish: topic 'zigbee2mqtt/Workshop Light/rgb', payload '{"brightness":254,"color":{"x":0.313,"y":0.21},"color_mode":"xy","state":"OFF"}'
[2025-11-06 08:27:44] info: 	z2m:mqtt: MQTT publish: topic 'zigbee2mqtt/Philips Backyard Sensor', payload '{"battery":21,"illuminance":9,"led_indication":true,"linkquality":72,"motion_sensitivity":"high","occupancy":true,"occupancy_timeout":60,"temperature":15.73,"update":{"installed_version":1124102917,"latest_version":1124102917,"state":"idle"}}'
[2025-11-06 08:30:14] info: 	z2m:mqtt: MQTT publish: topic 'zigbee2mqtt/Philips Backyard Sensor', payload '{"battery":21,"illuminance":4,"led_indication":true,"linkquality":72,"motion_sensitivity":"high","occupancy":true,"occupancy_timeout":60,"temperature":15.73,"update":{"installed_version":1124102917,"latest_version":1124102917,"state":"idle"}}'
[2025-11-06 08:31:01] info: 	z2m:mqtt: MQTT publish: topic 'zigbee2mqtt/Alarm Keypad', payload '{"action_code":null,"action_transaction":null,"action_zone":null,"battery":100,"battery_low":false,"linkquality":43,"tamper":false,"update":{"installed_version":131077,"latest_version":131077,"state":"idle"},"voltage":5400}'
[2025-11-06 08:32:35] info: 	z2m:mqtt: MQTT publish: topic 'zigbee2mqtt/Philips Backyard Sensor', payload '{"battery":21,"illuminance":4,"led_indication":true,"linkquality":69,"motion_sensitivity":"high","occupancy":true,"occupancy_timeout":60,"temperature":15.73,"update":{"installed_version":1124102917,"latest_version":1124102917,"state":"idle"}}'
[2025-11-06 08:32:35] info: 	z2m:mqtt: MQTT publish: topic 'zigbee2mqtt/Philips Backyard Sensor', payload '{"battery":21,"illuminance":91,"led_indication":true,"linkquality":72,"motion_sensitivity":"high","occupancy":true,"occupancy_timeout":60,"temperature":15.73,"update":{"installed_version":1124102917,"latest_version":1124102917,"state":"idle"}}'
[2025-11-06 08:33:26] info: 	z2m:mqtt: MQTT publish: topic 'zigbee2mqtt/Philips Backyard Sensor', payload '{"battery":21,"illuminance":3,"led_indication":true,"linkquality":72,"motion_sensitivity":"high","occupancy":true,"occupancy_timeout":60,"temperature":15.73,"update":{"installed_version":1124102917,"latest_version":1124102917,"state":"idle"}}'
[2025-11-06 08:33:35] info: 	z2m:mqtt: MQTT publish: topic 'zigbee2mqtt/Philips Backyard Sensor', payload '{"battery":21,"illuminance":3,"led_indication":true,"linkquality":72,"motion_sensitivity":"high","occupancy":false,"occupancy_timeout":60,"temperature":15.73,"update":{"installed_version":1124102917,"latest_version":1124102917,"state":"idle"}}'
[2025-11-06 08:34:48] info: 	z2m:mqtt: MQTT publish: topic 'zigbee2mqtt/Workshop Light', payload '{"brightness_rgb":254,"brightness_white":254,"color_mode_rgb":"xy","color_rgb":{"x":0.313,"y":0.21},"device_temperature":32,"linkquality":43,"power_on_behaviour":"off","power_outage_count":28,"state":"OFF","state_rgb":"OFF","state_white":"OFF","update":{"installed_version":-1,"latest_version":-1,"state":null}}'
[2025-11-06 08:34:48] info: 	z2m:mqtt: MQTT publish: topic 'zigbee2mqtt/Workshop Light/white', payload '{"brightness":254,"state":"OFF"}'
[2025-11-06 08:34:48] info: 	z2m:mqtt: MQTT publish: topic 'zigbee2mqtt/Workshop Light/rgb', payload '{"brightness":254,"color":{"x":0.313,"y":0.21},"color_mode":"xy","state":"OFF"}'
[2025-11-06 08:34:48] info: 	z2m:mqtt: MQTT publish: topic 'zigbee2mqtt/Philips Backyard Sensor', payload '{"battery":21,"illuminance":3,"led_indication":true,"linkquality":72,"motion_sensitivity":"high","occupancy":false,"occupancy_timeout":60,"temperature":15.73,"update":{"installed_version":1124102917,"latest_version":1124102917,"state":"idle"}}'
[2025-11-06 08:35:52] info: 	z2m:mqtt: MQTT publish: topic 'zigbee2mqtt/bridge/health', payload '{"response_time":1762414552805,"os":{"load_average":[0.06,0.13,0.13],"memory_used_mb":1658.07,"memory_percent":42.2621},"process":{"uptime_sec":1212,"memory_used_mb":123.77,"memory_percent":3.1547},"mqtt":{"connected":true,"queued":0,"published":123,"received":125},"devices":{"0x0015bc0043006306":{"messages":9,"messages_per_sec":0.0076,"leave_count":0,"network_address_changes":0},"0x54ef441000b757df":{"messages":7,"messages_per_sec":0.0072,"leave_count":0,"network_address_changes":0},"0x001788010649a073":{"messages":9,"messages_per_sec":0.0096,"leave_count":0,"network_address_changes":0}}}'
[2025-11-06 08:36:01] info: 	z2m:mqtt: MQTT publish: topic 'zigbee2mqtt/Alarm Keypad', payload '{"action_code":null,"action_transaction":null,"action_zone":null,"battery":100,"battery_low":false,"linkquality":43,"tamper":false,"update":{"installed_version":131077,"latest_version":131077,"state":"idle"},"voltage":5400}'
[2025-11-06 08:36:30] warning: 	z2m: Failed to ping 'Alarm Repeater' (attempt 1/1, ZCL command 0x0015bc0022000242/37 genBasic.read(["zclVersion"], {"timeout":10000,"disableResponse":false,"disableRecovery":true,"disableDefaultResponse":true,"direction":0,"reservedBits":0,"writeUndiv":false}) failed (Data request failed with error: 'No network route' (205)))
[2025-11-06 08:36:39] warning: 	z2m: Failed to ping 'Alarm Siren' (attempt 1/1, ZCL command 0x0015bc0041007a25/43 genBasic.read(["zclVersion"], {"timeout":10000,"disableResponse":false,"disableRecovery":true,"disableDefaultResponse":true,"direction":0,"reservedBits":0,"writeUndiv":false}) failed (Data request failed with error: 'No network route' (205)))
[2025-11-06 08:37:08] warning: 	z2m: Failed to ping 'Smart Plug Z1' (attempt 1/1, ZCL command 0xa4c13812921dddfd/1 genBasic.read(["zclVersion"], {"timeout":10000,"disableResponse":false,"disableRecovery":true,"disableDefaultResponse":true,"direction":0,"reservedBits":0,"writeUndiv":false}) failed (Data request failed with error: 'No network route' (205)))
[2025-11-06 08:38:35] info: 	z2m:mqtt: MQTT publish: topic 'zigbee2mqtt/Philips Backyard Sensor', payload '{"battery":21,"illuminance":5,"led_indication":true,"linkquality":76,"motion_sensitivity":"high","occupancy":false,"occupancy_timeout":60,"temperature":15.73,"update":{"installed_version":1124102917,"latest_version":1124102917,"state":"idle"}}'
[2025-11-06 08:41:01] info: 	z2m:mqtt: MQTT publish: topic 'zigbee2mqtt/Alarm Keypad', payload '{"action_code":null,"action_transaction":null,"action_zone":null,"battery":100,"battery_low":false,"linkquality":43,"tamper":false,"update":{"installed_version":131077,"latest_version":131077,"state":"idle"},"voltage":5400}'
[2025-11-06 08:41:47] info: 	z2m:mqtt: MQTT publish: topic 'zigbee2mqtt/Cube', payload '{"action_angle":null,"action_from_side":null,"battery":85,"current":0,"linkquality":43,"operation_mode":"action_mode","power":2,"power_outage_count":159,"side":4,"update":{"installed_version":-1,"latest_version":-1,"state":null},"voltage":2978}'
[2025-11-06 08:42:45] info: 	z2m:mqtt: MQTT publish: topic 'zigbee2mqtt/Workshop Light', payload '{"brightness_rgb":254,"brightness_white":254,"color_mode_rgb":"xy","color_rgb":{"x":0.313,"y":0.21},"device_temperature":32,"linkquality":40,"power_on_behaviour":"off","power_outage_count":28,"state":"OFF","state_rgb":"OFF","state_white":"OFF","update":{"installed_version":-1,"latest_version":-1,"state":null}}'
[2025-11-06 08:42:45] info: 	z2m:mqtt: MQTT publish: topic 'zigbee2mqtt/Workshop Light/white', payload '{"brightness":254,"state":"OFF"}'
[2025-11-06 08:42:45] info: 	z2m:mqtt: MQTT publish: topic 'zigbee2mqtt/Workshop Light/rgb', payload '{"brightness":254,"color":{"x":0.313,"y":0.21},"color_mode":"xy","state":"OFF"}'
[2025-11-06 08:43:34] info: 	z2m:mqtt: MQTT publish: topic 'zigbee2mqtt/Philips Backyard Sensor', payload '{"battery":21,"illuminance":7,"led_indication":true,"linkquality":72,"motion_sensitivity":"high","occupancy":false,"occupancy_timeout":60,"temperature":15.73,"update":{"installed_version":1124102917,"latest_version":1124102917,"state":"idle"}}'
[2025-11-06 08:45:45] info: 	z2m:mqtt: MQTT publish: topic 'zigbee2mqtt/Button 2 - Chandelier', payload '{"battery":20,"identify":null,"linkquality":51,"update":{"installed_version":604241926,"latest_version":604241926,"state":"idle"}}'
[2025-11-06 08:45:52] info: 	z2m:mqtt: MQTT publish: topic 'zigbee2mqtt/bridge/health', payload '{"response_time":1762415152805,"os":{"load_average":[0.01,0.1,0.11],"memory_used_mb":1666.43,"memory_percent":42.4752},"process":{"uptime_sec":1812,"memory_used_mb":124.67,"memory_percent":3.1777},"mqtt":{"connected":true,"queued":0,"published":146,"received":125},"devices":{"0x0015bc0043006306":{"messages":11,"messages_per_sec":0.0061,"leave_count":0,"network_address_changes":0},"0x54ef441000b757df":{"messages":9,"messages_per_sec":0.0057,"leave_count":0,"network_address_changes":0},"0x001788010649a073":{"messages":11,"messages_per_sec":0.0072,"leave_count":0,"network_address_changes":0},"0x54ef4410006a43c7":{"messages":1,"messages_per_sec":0.0041,"leave_count":0,"network_address_changes":0},"0x04cd15fffe7ff98b":{"messages":1,"messages_per_sec":0.1331,"leave_count":0,"network_address_changes":0}}}'
[2025-11-06 08:46:01] info: 	z2m:mqtt: MQTT publish: topic 'zigbee2mqtt/Alarm Keypad', payload '{"action_code":null,"action_transaction":null,"action_zone":null,"battery":100,"battery_low":false,"linkquality":40,"tamper":false,"update":{"installed_version":131077,"latest_version":131077,"state":"idle"},"voltage":5400}'
[2025-11-06 08:48:33] info: 	z2m:mqtt: MQTT publish: topic 'zigbee2mqtt/Philips Backyard Sensor', payload '{"battery":21,"illuminance":12,"led_indication":true,"linkquality":69,"motion_sensitivity":"high","occupancy":false,"occupancy_timeout":60,"temperature":15.73,"update":{"installed_version":1124102917,"latest_version":1124102917,"state":"idle"}}'
[2025-11-06 08:48:40] info: 	z2m:mqtt: MQTT publish: topic 'zigbee2mqtt/Workshop Light', payload '{"brightness_rgb":254,"brightness_white":254,"color_mode_rgb":"xy","color_rgb":{"x":0.313,"y":0.21},"device_temperature":33,"linkquality":43,"power_on_behaviour":"off","power_outage_count":28,"state":"OFF","state_rgb":"OFF","state_white":"OFF","update":{"installed_version":-1,"latest_version":-1,"state":null}}'
[2025-11-06 08:48:40] info: 	z2m:mqtt: MQTT publish: topic 'zigbee2mqtt/Workshop Light/white', payload '{"brightness":254,"state":"OFF"}'
[2025-11-06 08:48:40] info: 	z2m:mqtt: MQTT publish: topic 'zigbee2mqtt/Workshop Light/rgb', payload '{"brightness":254,"color":{"x":0.313,"y":0.21},"color_mode":"xy","state":"OFF"}'
[2025-11-06 08:49:46] info: 	z2m: Configuring 'Water Sensor 1'
[2025-11-06 08:49:46] info: 	z2m:mqtt: MQTT publish: topic 'zigbee2mqtt/Water Sensor 1', payload '{"battery":76,"battery_low":false,"linkquality":43,"tamper":false,"voltage":2800,"water_leak":false}'
[2025-11-06 08:49:46] info: 	z2m:mqtt: MQTT publish: topic 'zigbee2mqtt/Water Sensor 1', payload '{"battery":76,"battery_low":false,"linkquality":43,"tamper":false,"voltage":2800,"water_leak":false}'
[2025-11-06 08:49:46] info: 	z2m:mqtt: MQTT publish: topic 'zigbee2mqtt/Water Sensor 1', payload '{"battery":76,"battery_low":false,"linkquality":43,"tamper":false,"voltage":2800,"water_leak":false}'
[2025-11-06 08:49:46] info: 	z2m:mqtt: MQTT publish: topic 'zigbee2mqtt/Water Sensor 1', payload '{"battery":76,"battery_low":false,"linkquality":43,"tamper":false,"voltage":2800,"water_leak":false}'
[2025-11-06 08:49:46] info: 	z2m:mqtt: MQTT publish: topic 'zigbee2mqtt/Water Sensor 1', payload '{"battery":76,"battery_low":false,"linkquality":43,"tamper":false,"voltage":2800,"water_leak":false}'
[2025-11-06 08:49:46] info: 	z2m:mqtt: MQTT publish: topic 'zigbee2mqtt/Water Sensor 1', payload '{"battery":76,"battery_low":false,"linkquality":43,"tamper":false,"voltage":2800,"water_leak":false}'
[2025-11-06 08:49:46] info: 	z2m:mqtt: MQTT publish: topic 'zigbee2mqtt/Water Sensor 1', payload '{"battery":76,"battery_low":false,"linkquality":43,"tamper":false,"voltage":2800,"water_leak":false}'
[2025-11-06 08:49:46] info: 	z2m:mqtt: MQTT publish: topic 'zigbee2mqtt/Water Sensor 1', payload '{"battery":76,"battery_low":false,"linkquality":43,"tamper":false,"voltage":2800,"water_leak":false}'
[2025-11-06 08:49:46] info: 	z2m:mqtt: MQTT publish: topic 'zigbee2mqtt/Water Sensor 1', payload '{"battery":76,"battery_low":false,"linkquality":43,"tamper":false,"voltage":2800,"water_leak":false}'
[2025-11-06 08:49:46] info: 	z2m:mqtt: MQTT publish: topic 'zigbee2mqtt/Water Sensor 1', payload '{"battery":76,"battery_low":false,"linkquality":43,"tamper":false,"voltage":2800,"water_leak":false}'
[2025-11-06 08:49:46] info: 	z2m:mqtt: MQTT publish: topic 'zigbee2mqtt/Water Sensor 1', payload '{"battery":76,"battery_low":false,"linkquality":43,"tamper":false,"voltage":2800,"water_leak":false}'
[2025-11-06 08:49:46] info: 	z2m:mqtt: MQTT publish: topic 'zigbee2mqtt/Water Sensor 1', payload '{"battery":76,"battery_low":false,"linkquality":43,"tamper":false,"voltage":2800,"water_leak":false}'
[2025-11-06 08:49:46] info: 	z2m:mqtt: MQTT publish: topic 'zigbee2mqtt/Water Sensor 1', payload '{"battery":76,"battery_low":false,"linkquality":43,"tamper":false,"voltage":2800,"water_leak":false}'
[2025-11-06 08:49:46] info: 	z2m:mqtt: MQTT publish: topic 'zigbee2mqtt/Water Sensor 1', payload '{"battery":76,"battery_low":false,"linkquality":43,"tamper":false,"voltage":2800,"water_leak":false}'
[2025-11-06 08:49:46] info: 	z2m:mqtt: MQTT publish: topic 'zigbee2mqtt/Water Sensor 1', payload '{"battery":76,"battery_low":false,"linkquality":43,"tamper":false,"voltage":2800,"water_leak":false}'
[2025-11-06 08:50:10] error: 	z2m: Failed to configure 'Water Sensor 1', attempt 1 (Error: ZCL command 0x5c0272fffebb9cde/1 genPowerCfg.configReport([{"attribute":"batteryPercentageRemaining","minimumReportInterval":3600,"maximumReportInterval":65000,"reportableChange":0}], {"timeout":10000,"disableResponse":false,"disableRecovery":false,"disableDefaultResponse":true,"direction":0,"reservedBits":0,"writeUndiv":false}) failed (Timeout - 42265 - 1 - 31 - 1 - 7 after 10000ms)
    at Object.start (/app/node_modules/.pnpm/zigbee-herdsman@6.3.2/node_modules/zigbee-herdsman/src/utils/waitress.ts:68:23)
    at ZStackAdapter.sendZclFrameToEndpointInternal (/app/node_modules/.pnpm/zigbee-herdsman@6.3.2/node_modules/zigbee-herdsman/src/adapter/z-stack/adapter/zStackAdapter.ts:712:47)
    at processTicksAndRejections (node:internal/process/task_queues:105:5)
    at ZStackAdapter.sendZclFrameToEndpointInternal (/app/node_modules/.pnpm/zigbee-herdsman@6.3.2/node_modules/zigbee-herdsman/src/adapter/z-stack/adapter/zStackAdapter.ts:744:28)
    at /app/node_modules/.pnpm/zigbee-herdsman@6.3.2/node_modules/zigbee-herdsman/src/adapter/z-stack/adapter/zStackAdapter.ts:492:20
    at Queue.execute (/app/node_modules/.pnpm/zigbee-herdsman@6.3.2/node_modules/zigbee-herdsman/src/utils/queue.ts:36:20)
    at ZStackAdapter.sendZclFrameToEndpoint (/app/node_modules/.pnpm/zigbee-herdsman@6.3.2/node_modules/zigbee-herdsman/src/adapter/z-stack/adapter/zStackAdapter.ts:490:16)
    at Request.send (/app/node_modules/.pnpm/zigbee-herdsman@6.3.2/node_modules/zigbee-herdsman/src/controller/helpers/request.ts:86:25)
    at Endpoint.sendRequest (/app/node_modules/.pnpm/zigbee-herdsman@6.3.2/node_modules/zigbee-herdsman/src/controller/model/endpoint.ts:360:20)
    at Endpoint.zclCommand (/app/node_modules/.pnpm/zigbee-herdsman@6.3.2/node_modules/zigbee-herdsman/src/controller/model/endpoint.ts:1050:28))
[2025-11-06 08:51:01] info: 	z2m:mqtt: MQTT publish: topic 'zigbee2mqtt/Alarm Keypad', payload '{"action_code":null,"action_transaction":null,"action_zone":null,"battery":100,"battery_low":false,"linkquality":43,"tamper":false,"update":{"installed_version":131077,"latest_version":131077,"state":"idle"},"voltage":5400}'
[2025-11-06 08:52:41] info: 	z2m:mqtt: MQTT publish: topic 'zigbee2mqtt/Philips Backyard Sensor', payload '{"battery":21,"illuminance":12,"led_indication":true,"linkquality":72,"motion_sensitivity":"high","occupancy":false,"occupancy_timeout":60,"temperature":14.46,"update":{"installed_version":1124102917,"latest_version":1124102917,"state":"idle"}}'
[2025-11-06 08:53:33] info: 	z2m:mqtt: MQTT publish: topic 'zigbee2mqtt/Philips Backyard Sensor', payload '{"battery":21,"illuminance":9,"led_indication":true,"linkquality":72,"motion_sensitivity":"high","occupancy":false,"occupancy_timeout":60,"temperature":14.46,"update":{"installed_version":1124102917,"latest_version":1124102917,"state":"idle"}}'
[2025-11-06 08:55:34] info: 	z2m:mqtt: MQTT publish: topic 'zigbee2mqtt/Workshop Light', payload '{"brightness_rgb":254,"brightness_white":254,"color_mode_rgb":"xy","color_rgb":{"x":0.313,"y":0.21},"device_temperature":33,"linkquality":40,"power_on_behaviour":"off","power_outage_count":28,"state":"OFF","state_rgb":"OFF","state_white":"OFF","update":{"installed_version":-1,"latest_version":-1,"state":null}}'
[2025-11-06 08:55:34] info: 	z2m:mqtt: MQTT publish: topic 'zigbee2mqtt/Workshop Light/white', payload '{"brightness":254,"state":"OFF"}'
[2025-11-06 08:55:34] info: 	z2m:mqtt: MQTT publish: topic 'zigbee2mqtt/Workshop Light/rgb', payload '{"brightness":254,"color":{"x":0.313,"y":0.21},"color_mode":"xy","state":"OFF"}'
[2025-11-06 08:55:52] info: 	z2m:mqtt: MQTT publish: topic 'zigbee2mqtt/bridge/health', payload '{"response_time":1762415752812,"os":{"load_average":[0.15,0.18,0.16],"memory_used_mb":1655.93,"memory_percent":42.2075},"process":{"uptime_sec":2412,"memory_used_mb":125.48,"memory_percent":3.1982},"mqtt":{"connected":true,"queued":0,"published":188,"received":125},"devices":{"0x0015bc0043006306":{"messages":14,"messages_per_sec":0.0059,"leave_count":0,"network_address_changes":0},"0x54ef441000b757df":{"messages":15,"messages_per_sec":0.0069,"leave_count":0,"network_address_changes":0},"0x001788010649a073":{"messages":14,"messages_per_sec":0.0066,"leave_count":0,"network_address_changes":0},"0x54ef4410006a43c7":{"messages":1,"messages_per_sec":0.0012,"leave_count":0,"network_address_changes":0},"0x04cd15fffe7ff98b":{"messages":1,"messages_per_sec":0.0016,"leave_count":0,"network_address_changes":0},"0x5c0272fffebb9cde":{"messages":16,"messages_per_sec":0.0437,"leave_count":0,"network_address_changes":0}}}'
[2025-11-06 08:56:01] info: 	z2m:mqtt: MQTT publish: topic 'zigbee2mqtt/Alarm Keypad', payload '{"action_code":null,"action_transaction":null,"action_zone":null,"battery":100,"battery_low":false,"linkquality":43,"tamper":false,"update":{"installed_version":131077,"latest_version":131077,"state":"idle"},"voltage":5400}'
[2025-11-06 08:58:33] info: 	z2m:mqtt: MQTT publish: topic 'zigbee2mqtt/Philips Backyard Sensor', payload '{"battery":21,"illuminance":17,"led_indication":true,"linkquality":76,"motion_sensitivity":"high","occupancy":false,"occupancy_timeout":60,"temperature":14.46,"update":{"installed_version":1124102917,"latest_version":1124102917,"state":"idle"}}'
