[2024-07-25 07:44:29] info: 	z2m: Logging to console, file (filename: log.log)
[2024-07-25 07:44:29] info: 	z2m: Starting Zigbee2MQTT version 1.39.0 (commit #unknown)
[2024-07-25 07:44:29] info: 	z2m: Starting zigbee-herdsman (0.50.1)
[2024-07-25 07:44:30] info: 	zh:zstack:znp: Opening TCP socket with 192.168.87.68:6638
[2024-07-25 07:44:30] info: 	zh:zstack:znp: Socket connected
[2024-07-25 07:44:30] info: 	zh:zstack:znp: Socket ready
[2024-07-25 07:44:30] info: 	zh:zstack:znp: Writing CC2530/CC2531 skip bootloader payload
[2024-07-25 07:44:31] info: 	zh:zstack:znp: Skip bootloader for CC2652/CC1352
[2024-07-25 07:44:32] info: 	z2m: zigbee-herdsman started (resumed)
[2024-07-25 07:44:32] info: 	z2m: Coordinator firmware version: '{"meta":{"maintrel":1,"majorrel":2,"minorrel":7,"product":1,"revision":20230507,"transportrev":2},"type":"zStack3x0"}'
[2024-07-25 07:44:32] info: 	z2m: Set transmit power to '20'
[2024-07-25 07:44:32] info: 	z2m: Currently 8 devices are joined:
[2024-07-25 07:44:32] info: 	z2m: Button 4 - Movie (0xb4e3f9fffe249e15): E1812 - IKEA TRADFRI shortcut button (EndDevice)
[2024-07-25 07:44:32] info: 	z2m: Smart Plug Z1 (0xa4c13812921dddfd): A1Z - Nous Smart plug (with power monitoring) (Router)
[2024-07-25 07:44:32] info: 	z2m: Button 3 (0xb4e3f9fffe753317): E1812 - IKEA TRADFRI shortcut button (EndDevice)
[2024-07-25 07:44:32] info: 	z2m: Button 2 - Chandelier (0x04cd15fffe7ff98b): E1812 - IKEA TRADFRI shortcut button (EndDevice)
[2024-07-25 07:44:32] info: 	z2m: Button 1 (0x04cd15fffe268dcc): E1812 - IKEA TRADFRI shortcut button (EndDevice)
[2024-07-25 07:44:32] info: 	z2m: Cube (0x54ef4410006a43c7): CTP-R01 - Aqara Cube T1 Pro (EndDevice)
[2024-07-25 07:44:32] info: 	z2m: Philips Backyard Sensor (0x001788010649a073): 9290019758 - Philips Hue motion outdoor sensor (EndDevice)
[2024-07-25 07:44:32] info: 	z2m: Water Sensor 1 (0x5c0272fffebb9cde): TS0207_water_leak_detector_3 - Tuya Zigbee water leak sensor (EndDevice)
[2024-07-25 07:44:32] info: 	z2m: Zigbee: disabling joining new devices.
[2024-07-25 07:44:32] info: 	z2m: Connecting to MQTT server at mqtt://core-mosquitto:1883
[2024-07-25 07:44:32] info: 	z2m: Connected to MQTT server
[2024-07-25 07:44:32] info: 	z2m:mqtt: MQTT publish: topic 'zigbee2mqtt/bridge/state', payload '{"state":"online"}'
[2024-07-25 07:44:33] info: 	z2m:mqtt: MQTT publish: topic 'zigbee2mqtt/Button 4 - Movie/availability', payload '{"state":"online"}'
[2024-07-25 07:44:33] info: 	z2m:mqtt: MQTT publish: topic 'zigbee2mqtt/Smart Plug Z1/availability', payload '{"state":"online"}'
[2024-07-25 07:44:33] info: 	z2m:mqtt: MQTT publish: topic 'zigbee2mqtt/Button 3/availability', payload '{"state":"online"}'
[2024-07-25 07:44:33] info: 	z2m:mqtt: MQTT publish: topic 'zigbee2mqtt/Button 2 - Chandelier/availability', payload '{"state":"online"}'
[2024-07-25 07:44:33] info: 	z2m:mqtt: MQTT publish: topic 'zigbee2mqtt/Button 1/availability', payload '{"state":"online"}'
[2024-07-25 07:44:33] info: 	z2m:mqtt: MQTT publish: topic 'zigbee2mqtt/Cube/availability', payload '{"state":"online"}'
[2024-07-25 07:44:33] info: 	z2m:mqtt: MQTT publish: topic 'zigbee2mqtt/Philips Backyard Sensor/availability', payload '{"state":"online"}'
[2024-07-25 07:44:33] info: 	z2m:mqtt: MQTT publish: topic 'zigbee2mqtt/Water Sensor 1/availability', payload '{"state":"online"}'
[2024-07-25 07:44:33] info: 	z2m: Started frontend on port 8099
[2024-07-25 07:44:33] info: 	z2m:mqtt: MQTT publish: topic 'zigbee2mqtt/bridge/state', payload '{"state":"online"}'
[2024-07-25 07:44:33] info: 	z2m:mqtt: MQTT publish: topic 'zigbee2mqtt/Button 4 - Movie', payload '{"action":null,"battery":100,"linkquality":109,"update":{"installed_version":604241926,"latest_version":604241926,"state":"idle"},"update_available":null}'
[2024-07-25 07:44:33] info: 	z2m:mqtt: MQTT publish: topic 'zigbee2mqtt/Smart Plug Z1', payload '{"child_lock":"UNLOCK","countdown":0,"current":0,"energy":16.7,"indicator_mode":"off/on","linkquality":112,"power":0,"power_outage_memory":"off","state":"ON","update":{"installed_version":192,"latest_version":192,"state":"idle"},"update_available":null,"voltage":232}'
[2024-07-25 07:44:33] info: 	z2m:mqtt: MQTT publish: topic 'zigbee2mqtt/Button 3', payload '{"action":null,"battery":100,"linkquality":109,"update":{"installed_version":604241926,"latest_version":604241926,"state":"idle"},"update_available":null}'
[2024-07-25 07:44:33] info: 	z2m:mqtt: MQTT publish: topic 'zigbee2mqtt/Button 2 - Chandelier', payload '{"action":null,"battery":90,"linkquality":65,"update":{"installed_version":604241926,"latest_version":604241926,"state":"idle"},"update_available":null}'
[2024-07-25 07:44:33] info: 	z2m:mqtt: MQTT publish: topic 'zigbee2mqtt/Button 1', payload '{"action":null,"battery":1,"linkquality":105,"update":{"installed_version":604241926,"latest_version":604241926,"state":"idle"},"update_available":null}'
[2024-07-25 07:44:33] info: 	z2m:mqtt: MQTT publish: topic 'zigbee2mqtt/Cube', payload '{"action":null,"action_angle":null,"action_from_side":null,"battery":100,"current":0,"linkquality":105,"operation_mode":"action_mode","power":2,"power_outage_count":159,"side":2,"update":{"installed_version":-1,"latest_version":-1,"state":null},"update_available":null,"voltage":3084}'
[2024-07-25 07:44:33] info: 	z2m:mqtt: MQTT publish: topic 'zigbee2mqtt/Philips Backyard Sensor', payload '{"battery":60.5,"illuminance":23576,"illuminance_lux":228,"led_indication":true,"linkquality":112,"motion_sensitivity":"high","occupancy":false,"occupancy_timeout":60,"temperature":24.63,"update":{"installed_version":1107323831,"latest_version":1107323831,"state":"idle"},"update_available":null}'
[2024-07-25 07:44:33] info: 	z2m:mqtt: MQTT publish: topic 'zigbee2mqtt/Water Sensor 1', payload '{"battery":92,"battery_low":false,"linkquality":109,"tamper":false,"voltage":2900,"water_leak":false}'
[2024-07-25 07:44:33] info: 	z2m: Zigbee2MQTT started!
[2024-07-25 07:44:34] info: 	z2m:mqtt: MQTT publish: topic 'zigbee2mqtt/Philips Backyard Sensor', payload '{"battery":60.5,"illuminance":23453,"illuminance_lux":221,"led_indication":true,"linkquality":80,"motion_sensitivity":"high","occupancy":false,"occupancy_timeout":60,"temperature":24.63,"update":{"installed_version":1107323831,"latest_version":1107323831,"state":"idle"},"update_available":null}'
[2024-07-25 07:44:38] info: 	z2m:mqtt: MQTT publish: topic 'homeassistant/binary_sensor/1221051039810110150109113116116_0x00124b002e0e1c5f/connection_state/config', payload '{"device":{"hw_version":"zStack3x0 20230507","identifiers":["zigbee2mqtt_bridge_0x00124b002e0e1c5f"],"manufacturer":"Zigbee2MQTT","model":"Bridge","name":"Zigbee2MQTT Bridge","sw_version":"1.39.0"},"device_class":"connectivity","entity_category":"diagnostic","name":"Connection state","object_id":"zigbee2mqtt_bridge_connection_state","origin":{"name":"Zigbee2MQTT","sw":"1.39.0","url":"https://www.zigbee2mqtt.io"},"payload_off":"offline","payload_on":"online","state_topic":"zigbee2mqtt/bridge/state","unique_id":"bridge_0x00124b002e0e1c5f_connection_state_zigbee2mqtt","value_template":"{{ value_json.state }}"}'
[2024-07-25 07:47:24] info: 	z2m:mqtt: MQTT publish: topic 'zigbee2mqtt/Smart Plug Z1', payload '{"child_lock":"UNLOCK","countdown":0,"current":0,"energy":16.7,"indicator_mode":"off/on","linkquality":120,"power":0,"power_outage_memory":"off","state":"ON","update":{"installed_version":192,"latest_version":192,"state":"idle"},"update_available":null,"voltage":232}'
[2024-07-25 07:47:24] info: 	z2m:mqtt: MQTT publish: topic 'zigbee2mqtt/Smart Plug Z1', payload '{"child_lock":"UNLOCK","countdown":0,"current":0,"energy":16.7,"indicator_mode":"off/on","linkquality":123,"power":0,"power_outage_memory":"off","state":"ON","update":{"installed_version":192,"latest_version":192,"state":"idle"},"update_available":null,"voltage":232}'
[2024-07-25 07:47:35] info: 	z2m:mqtt: MQTT publish: topic 'zigbee2mqtt/Smart Plug Z1', payload '{"child_lock":"UNLOCK","countdown":0,"current":0,"energy":16.7,"indicator_mode":"off/on","linkquality":123,"power":0,"power_outage_memory":"off","state":"ON","update":{"installed_version":192,"latest_version":192,"state":"idle"},"update_available":null,"voltage":232}'
[2024-07-25 07:47:35] info: 	z2m:mqtt: MQTT publish: topic 'zigbee2mqtt/Smart Plug Z1', payload '{"child_lock":"UNLOCK","countdown":0,"current":0,"energy":16.7,"indicator_mode":"off/on","linkquality":123,"power":0,"power_outage_memory":"off","state":"ON","update":{"installed_version":192,"latest_version":192,"state":"idle"},"update_available":null,"voltage":232}'
[2024-07-25 07:49:34] info: 	z2m:mqtt: MQTT publish: topic 'zigbee2mqtt/Philips Backyard Sensor', payload '{"battery":60.5,"illuminance":23734,"illuminance_lux":236,"led_indication":true,"linkquality":76,"motion_sensitivity":"high","occupancy":false,"occupancy_timeout":60,"temperature":24.63,"update":{"installed_version":1107323831,"latest_version":1107323831,"state":"idle"},"update_available":null}'
[2024-07-25 07:50:02] info: 	z2m:mqtt: MQTT publish: topic 'zigbee2mqtt/Philips Backyard Sensor', payload '{"battery":60.5,"illuminance":23734,"illuminance_lux":236,"led_indication":true,"linkquality":76,"motion_sensitivity":"high","occupancy":false,"occupancy_timeout":60,"temperature":24.63,"update":{"installed_version":1107323831,"latest_version":1107323831,"state":"idle"},"update_available":null}'
[2024-07-25 07:51:03] info: 	z2m:mqtt: MQTT publish: topic 'zigbee2mqtt/Smart Plug Z1', payload '{"child_lock":"UNLOCK","countdown":0,"current":0,"energy":16.7,"indicator_mode":"off/on","linkquality":123,"power":0,"power_outage_memory":"off","state":"ON","update":{"installed_version":192,"latest_version":192,"state":"idle"},"update_available":null,"voltage":232}'
[2024-07-25 07:51:04] info: 	z2m:mqtt: MQTT publish: topic 'zigbee2mqtt/Smart Plug Z1', payload '{"child_lock":"UNLOCK","countdown":0,"current":0,"energy":16.7,"indicator_mode":"off/on","linkquality":127,"power":0,"power_outage_memory":"off","state":"ON","update":{"installed_version":192,"latest_version":192,"state":"idle"},"update_available":null,"voltage":232}'
[2024-07-25 07:51:15] info: 	z2m:mqtt: MQTT publish: topic 'zigbee2mqtt/Smart Plug Z1', payload '{"child_lock":"UNLOCK","countdown":0,"current":0,"energy":16.7,"indicator_mode":"off/on","linkquality":127,"power":0,"power_outage_memory":"off","state":"ON","update":{"installed_version":192,"latest_version":192,"state":"idle"},"update_available":null,"voltage":232}'
[2024-07-25 07:52:51] info: 	z2m:mqtt: MQTT publish: topic 'zigbee2mqtt/Smart Plug Z1', payload '{"child_lock":"UNLOCK","countdown":0,"current":0,"energy":16.7,"indicator_mode":"off/on","linkquality":123,"power":0,"power_outage_memory":"off","state":"ON","update":{"installed_version":192,"latest_version":192,"state":"idle"},"update_available":null,"voltage":232}'
[2024-07-25 07:52:51] info: 	z2m:mqtt: MQTT publish: topic 'zigbee2mqtt/Smart Plug Z1', payload '{"child_lock":"UNLOCK","countdown":0,"current":0,"energy":16.7,"indicator_mode":"off/on","linkquality":127,"power":0,"power_outage_memory":"off","state":"ON","update":{"installed_version":192,"latest_version":192,"state":"idle"},"update_available":null,"voltage":232}'
[2024-07-25 07:53:02] info: 	z2m:mqtt: MQTT publish: topic 'zigbee2mqtt/Smart Plug Z1', payload '{"child_lock":"UNLOCK","countdown":0,"current":0,"energy":16.7,"indicator_mode":"off/on","linkquality":127,"power":0,"power_outage_memory":"off","state":"ON","update":{"installed_version":192,"latest_version":192,"state":"idle"},"update_available":null,"voltage":232}'
[2024-07-25 07:53:02] info: 	z2m:mqtt: MQTT publish: topic 'zigbee2mqtt/Smart Plug Z1', payload '{"child_lock":"UNLOCK","countdown":0,"current":0,"energy":16.7,"indicator_mode":"off/on","linkquality":127,"power":0,"power_outage_memory":"off","state":"ON","update":{"installed_version":192,"latest_version":192,"state":"idle"},"update_available":null,"voltage":232}'
[2024-07-25 07:54:32] info: 	z2m:mqtt: MQTT publish: topic 'zigbee2mqtt/Philips Backyard Sensor', payload '{"battery":60.5,"illuminance":23734,"illuminance_lux":236,"led_indication":true,"linkquality":80,"motion_sensitivity":"high","occupancy":false,"occupancy_timeout":60,"temperature":24.63,"update":{"installed_version":1107323831,"latest_version":1107323831,"state":"idle"},"update_available":null}'
[2024-07-25 07:54:33] info: 	z2m:mqtt: MQTT publish: topic 'zigbee2mqtt/Philips Backyard Sensor', payload '{"battery":60.5,"illuminance":24033,"illuminance_lux":253,"led_indication":true,"linkquality":80,"motion_sensitivity":"high","occupancy":false,"occupancy_timeout":60,"temperature":24.63,"update":{"installed_version":1107323831,"latest_version":1107323831,"state":"idle"},"update_available":null}'
[2024-07-25 07:57:08] info: 	z2m:mqtt: MQTT publish: topic 'zigbee2mqtt/Smart Plug Z1', payload '{"child_lock":"UNLOCK","countdown":0,"current":0,"energy":16.7,"indicator_mode":"off/on","linkquality":123,"power":0,"power_outage_memory":"off","state":"ON","update":{"installed_version":192,"latest_version":192,"state":"idle"},"update_available":null,"voltage":232}'
[2024-07-25 07:58:21] info: 	z2m:mqtt: MQTT publish: topic 'zigbee2mqtt/Smart Plug Z1', payload '{"child_lock":"UNLOCK","countdown":0,"current":0,"energy":16.7,"indicator_mode":"off/on","linkquality":120,"power":0,"power_outage_memory":"off","state":"ON","update":{"installed_version":192,"latest_version":192,"state":"idle"},"update_available":null,"voltage":232}'
[2024-07-25 07:58:21] info: 	z2m:mqtt: MQTT publish: topic 'zigbee2mqtt/Smart Plug Z1', payload '{"child_lock":"UNLOCK","countdown":0,"current":0,"energy":16.7,"indicator_mode":"off/on","linkquality":72,"power":0,"power_outage_memory":"off","state":"ON","update":{"installed_version":192,"latest_version":192,"state":"idle"},"update_available":null,"voltage":232}'
[2024-07-25 07:58:32] info: 	z2m:mqtt: MQTT publish: topic 'zigbee2mqtt/Smart Plug Z1', payload '{"child_lock":"UNLOCK","countdown":0,"current":0,"energy":16.7,"indicator_mode":"off/on","linkquality":72,"power":0,"power_outage_memory":"off","state":"ON","update":{"installed_version":192,"latest_version":192,"state":"idle"},"update_available":null,"voltage":232}'
[2024-07-25 07:58:32] info: 	z2m:mqtt: MQTT publish: topic 'zigbee2mqtt/Smart Plug Z1', payload '{"child_lock":"UNLOCK","countdown":0,"current":0,"energy":16.7,"indicator_mode":"off/on","linkquality":72,"power":0,"power_outage_memory":"off","state":"ON","update":{"installed_version":192,"latest_version":192,"state":"idle"},"update_available":null,"voltage":232}'
[2024-07-25 07:59:33] info: 	z2m:mqtt: MQTT publish: topic 'zigbee2mqtt/Philips Backyard Sensor', payload '{"battery":60.5,"illuminance":24297,"illuminance_lux":269,"led_indication":true,"linkquality":80,"motion_sensitivity":"high","occupancy":false,"occupancy_timeout":60,"temperature":24.63,"update":{"installed_version":1107323831,"latest_version":1107323831,"state":"idle"},"update_available":null}'
[2024-07-25 08:03:46] info: 	z2m:mqtt: MQTT publish: topic 'zigbee2mqtt/Smart Plug Z1', payload '{"child_lock":"UNLOCK","countdown":0,"current":0,"energy":16.7,"indicator_mode":"off/on","linkquality":123,"power":0,"power_outage_memory":"off","state":"ON","update":{"installed_version":192,"latest_version":192,"state":"idle"},"update_available":null,"voltage":233}'
[2024-07-25 08:03:46] info: 	z2m:mqtt: MQTT publish: topic 'zigbee2mqtt/Smart Plug Z1', payload '{"child_lock":"UNLOCK","countdown":0,"current":0,"energy":16.7,"indicator_mode":"off/on","linkquality":123,"power":0,"power_outage_memory":"off","state":"ON","update":{"installed_version":192,"latest_version":192,"state":"idle"},"update_available":null,"voltage":233}'
[2024-07-25 08:03:57] info: 	z2m:mqtt: MQTT publish: topic 'zigbee2mqtt/Smart Plug Z1', payload '{"child_lock":"UNLOCK","countdown":0,"current":0,"energy":16.7,"indicator_mode":"off/on","linkquality":127,"power":0,"power_outage_memory":"off","state":"ON","update":{"installed_version":192,"latest_version":192,"state":"idle"},"update_available":null,"voltage":233}'
[2024-07-25 08:03:57] info: 	z2m:mqtt: MQTT publish: topic 'zigbee2mqtt/Smart Plug Z1', payload '{"child_lock":"UNLOCK","countdown":0,"current":0,"energy":16.7,"indicator_mode":"off/on","linkquality":127,"power":0,"power_outage_memory":"off","state":"ON","update":{"installed_version":192,"latest_version":192,"state":"idle"},"update_available":null,"voltage":233}'
[2024-07-25 08:04:32] info: 	z2m:mqtt: MQTT publish: topic 'zigbee2mqtt/Philips Backyard Sensor', payload '{"battery":60.5,"illuminance":24513,"illuminance_lux":283,"led_indication":true,"linkquality":80,"motion_sensitivity":"high","occupancy":false,"occupancy_timeout":60,"temperature":24.63,"update":{"installed_version":1107323831,"latest_version":1107323831,"state":"idle"},"update_available":null}'
[2024-07-25 08:08:57] info: 	z2m:mqtt: MQTT publish: topic 'zigbee2mqtt/Smart Plug Z1', payload '{"child_lock":"UNLOCK","countdown":0,"current":0,"energy":16.7,"indicator_mode":"off/on","linkquality":120,"power":0,"power_outage_memory":"off","state":"ON","update":{"installed_version":192,"latest_version":192,"state":"idle"},"update_available":null,"voltage":233}'
[2024-07-25 08:08:57] info: 	z2m:mqtt: MQTT publish: topic 'zigbee2mqtt/Smart Plug Z1', payload '{"child_lock":"UNLOCK","countdown":0,"current":0,"energy":16.7,"indicator_mode":"off/on","linkquality":123,"power":0,"power_outage_memory":"off","state":"ON","update":{"installed_version":192,"latest_version":192,"state":"idle"},"update_available":null,"voltage":233}'
[2024-07-25 08:09:08] info: 	z2m:mqtt: MQTT publish: topic 'zigbee2mqtt/Smart Plug Z1', payload '{"child_lock":"UNLOCK","countdown":0,"current":0,"energy":16.7,"indicator_mode":"off/on","linkquality":123,"power":0,"power_outage_memory":"off","state":"ON","update":{"installed_version":192,"latest_version":192,"state":"idle"},"update_available":null,"voltage":233}'
[2024-07-25 08:09:08] info: 	z2m:mqtt: MQTT publish: topic 'zigbee2mqtt/Smart Plug Z1', payload '{"child_lock":"UNLOCK","countdown":0,"current":0,"energy":16.7,"indicator_mode":"off/on","linkquality":123,"power":0,"power_outage_memory":"off","state":"ON","update":{"installed_version":192,"latest_version":192,"state":"idle"},"update_available":null,"voltage":233}'
[2024-07-25 08:09:32] info: 	z2m:mqtt: MQTT publish: topic 'zigbee2mqtt/Philips Backyard Sensor', payload '{"battery":60.5,"illuminance":24703,"illuminance_lux":295,"led_indication":true,"linkquality":80,"motion_sensitivity":"high","occupancy":false,"occupancy_timeout":60,"temperature":24.63,"update":{"installed_version":1107323831,"latest_version":1107323831,"state":"idle"},"update_available":null}'
[2024-07-25 08:11:47] info: 	z2m:mqtt: MQTT publish: topic 'zigbee2mqtt/Smart Plug Z1', payload '{"child_lock":"UNLOCK","countdown":0,"current":0,"energy":16.7,"indicator_mode":"off/on","linkquality":123,"power":0,"power_outage_memory":"off","state":"ON","update":{"installed_version":192,"latest_version":192,"state":"idle"},"update_available":null,"voltage":232}'
[2024-07-25 08:12:08] info: 	z2m:mqtt: MQTT publish: topic 'zigbee2mqtt/Smart Plug Z1', payload '{"child_lock":"UNLOCK","countdown":0,"current":0,"energy":16.7,"indicator_mode":"off/on","linkquality":127,"power":0,"power_outage_memory":"off","state":"ON","update":{"installed_version":192,"latest_version":192,"state":"idle"},"update_available":null,"voltage":232}'
[2024-07-25 08:14:25] info: 	z2m:mqtt: MQTT publish: topic 'zigbee2mqtt/Smart Plug Z1', payload '{"child_lock":"UNLOCK","countdown":0,"current":0,"energy":16.7,"indicator_mode":"off/on","linkquality":127,"power":0,"power_outage_memory":"off","state":"ON","update":{"installed_version":192,"latest_version":192,"state":"idle"},"update_available":null,"voltage":233}'
[2024-07-25 08:14:25] info: 	z2m:mqtt: MQTT publish: topic 'zigbee2mqtt/Smart Plug Z1', payload '{"child_lock":"UNLOCK","countdown":0,"current":0,"energy":16.7,"indicator_mode":"off/on","linkquality":123,"power":0,"power_outage_memory":"off","state":"ON","update":{"installed_version":192,"latest_version":192,"state":"idle"},"update_available":null,"voltage":233}'
[2024-07-25 08:14:32] info: 	z2m:mqtt: MQTT publish: topic 'zigbee2mqtt/Philips Backyard Sensor', payload '{"battery":60.5,"illuminance":24885,"illuminance_lux":308,"led_indication":true,"linkquality":80,"motion_sensitivity":"high","occupancy":false,"occupancy_timeout":60,"temperature":24.63,"update":{"installed_version":1107323831,"latest_version":1107323831,"state":"idle"},"update_available":null}'
[2024-07-25 08:14:36] info: 	z2m:mqtt: MQTT publish: topic 'zigbee2mqtt/Smart Plug Z1', payload '{"child_lock":"UNLOCK","countdown":0,"current":0,"energy":16.7,"indicator_mode":"off/on","linkquality":123,"power":0,"power_outage_memory":"off","state":"ON","update":{"installed_version":192,"latest_version":192,"state":"idle"},"update_available":null,"voltage":233}'
[2024-07-25 08:14:36] info: 	z2m:mqtt: MQTT publish: topic 'zigbee2mqtt/Smart Plug Z1', payload '{"child_lock":"UNLOCK","countdown":0,"current":0,"energy":16.7,"indicator_mode":"off/on","linkquality":123,"power":0,"power_outage_memory":"off","state":"ON","update":{"installed_version":192,"latest_version":192,"state":"idle"},"update_available":null,"voltage":233}'
[2024-07-25 08:19:31] info: 	z2m:mqtt: MQTT publish: topic 'zigbee2mqtt/Philips Backyard Sensor', payload '{"battery":60.5,"illuminance":25089,"illuminance_lux":323,"led_indication":true,"linkquality":76,"motion_sensitivity":"high","occupancy":false,"occupancy_timeout":60,"temperature":24.63,"update":{"installed_version":1107323831,"latest_version":1107323831,"state":"idle"},"update_available":null}'
[2024-07-25 08:19:40] info: 	z2m:mqtt: MQTT publish: topic 'zigbee2mqtt/Smart Plug Z1', payload '{"child_lock":"UNLOCK","countdown":0,"current":0,"energy":16.7,"indicator_mode":"off/on","linkquality":123,"power":0,"power_outage_memory":"off","state":"ON","update":{"installed_version":192,"latest_version":192,"state":"idle"},"update_available":null,"voltage":234}'
[2024-07-25 08:19:40] info: 	z2m:mqtt: MQTT publish: topic 'zigbee2mqtt/Smart Plug Z1', payload '{"child_lock":"UNLOCK","countdown":0,"current":0,"energy":16.7,"indicator_mode":"off/on","linkquality":120,"power":0,"power_outage_memory":"off","state":"ON","update":{"installed_version":192,"latest_version":192,"state":"idle"},"update_available":null,"voltage":234}'
[2024-07-25 08:19:51] info: 	z2m:mqtt: MQTT publish: topic 'zigbee2mqtt/Smart Plug Z1', payload '{"child_lock":"UNLOCK","countdown":0,"current":0,"energy":16.7,"indicator_mode":"off/on","linkquality":120,"power":0,"power_outage_memory":"off","state":"ON","update":{"installed_version":192,"latest_version":192,"state":"idle"},"update_available":null,"voltage":234}'
[2024-07-25 08:19:51] info: 	z2m:mqtt: MQTT publish: topic 'zigbee2mqtt/Smart Plug Z1', payload '{"child_lock":"UNLOCK","countdown":0,"current":0,"energy":16.7,"indicator_mode":"off/on","linkquality":120,"power":0,"power_outage_memory":"off","state":"ON","update":{"installed_version":192,"latest_version":192,"state":"idle"},"update_available":null,"voltage":234}'
[2024-07-25 08:20:44] info: 	z2m:mqtt: MQTT publish: topic 'zigbee2mqtt/Cube', payload '{"action":null,"action_angle":null,"action_from_side":null,"battery":100,"current":0,"linkquality":127,"operation_mode":"action_mode","power":2,"power_outage_count":159,"side":2,"update":{"installed_version":-1,"latest_version":-1,"state":null},"update_available":null,"voltage":3087}'
[2024-07-25 08:24:31] info: 	z2m:mqtt: MQTT publish: topic 'zigbee2mqtt/Philips Backyard Sensor', payload '{"battery":60.5,"illuminance":25269,"illuminance_lux":336,"led_indication":true,"linkquality":80,"motion_sensitivity":"high","occupancy":false,"occupancy_timeout":60,"temperature":24.63,"update":{"installed_version":1107323831,"latest_version":1107323831,"state":"idle"},"update_available":null}'
[2024-07-25 08:24:46] info: 	z2m:mqtt: MQTT publish: topic 'zigbee2mqtt/Smart Plug Z1', payload '{"child_lock":"UNLOCK","countdown":0,"current":0,"energy":16.7,"indicator_mode":"off/on","linkquality":123,"power":0,"power_outage_memory":"off","state":"ON","update":{"installed_version":192,"latest_version":192,"state":"idle"},"update_available":null,"voltage":235}'
[2024-07-25 08:24:46] info: 	z2m:mqtt: MQTT publish: topic 'zigbee2mqtt/Smart Plug Z1', payload '{"child_lock":"UNLOCK","countdown":0,"current":0,"energy":16.7,"indicator_mode":"off/on","linkquality":123,"power":0,"power_outage_memory":"off","state":"ON","update":{"installed_version":192,"latest_version":192,"state":"idle"},"update_available":null,"voltage":235}'
[2024-07-25 08:24:57] info: 	z2m:mqtt: MQTT publish: topic 'zigbee2mqtt/Smart Plug Z1', payload '{"child_lock":"UNLOCK","countdown":0,"current":0,"energy":16.7,"indicator_mode":"off/on","linkquality":123,"power":0,"power_outage_memory":"off","state":"ON","update":{"installed_version":192,"latest_version":192,"state":"idle"},"update_available":null,"voltage":235}'
[2024-07-25 08:24:57] info: 	z2m:mqtt: MQTT publish: topic 'zigbee2mqtt/Smart Plug Z1', payload '{"child_lock":"UNLOCK","countdown":0,"current":0,"energy":16.7,"indicator_mode":"off/on","linkquality":123,"power":0,"power_outage_memory":"off","state":"ON","update":{"installed_version":192,"latest_version":192,"state":"idle"},"update_available":null,"voltage":235}'
[2024-07-25 08:27:08] info: 	z2m:mqtt: MQTT publish: topic 'zigbee2mqtt/Smart Plug Z1', payload '{"child_lock":"UNLOCK","countdown":0,"current":0,"energy":16.7,"indicator_mode":"off/on","linkquality":127,"power":0,"power_outage_memory":"off","state":"ON","update":{"installed_version":192,"latest_version":192,"state":"idle"},"update_available":null,"voltage":235}'
[2024-07-25 08:29:30] info: 	z2m:mqtt: MQTT publish: topic 'zigbee2mqtt/Philips Backyard Sensor', payload '{"battery":60.5,"illuminance":25430,"illuminance_lux":349,"led_indication":true,"linkquality":80,"motion_sensitivity":"high","occupancy":false,"occupancy_timeout":60,"temperature":24.63,"update":{"installed_version":1107323831,"latest_version":1107323831,"state":"idle"},"update_available":null}'
[2024-07-25 08:30:13] info: 	z2m:mqtt: MQTT publish: topic 'zigbee2mqtt/Smart Plug Z1', payload '{"child_lock":"UNLOCK","countdown":0,"current":0,"energy":16.7,"indicator_mode":"off/on","linkquality":120,"power":0,"power_outage_memory":"off","state":"ON","update":{"installed_version":192,"latest_version":192,"state":"idle"},"update_available":null,"voltage":234}'
[2024-07-25 08:30:13] info: 	z2m:mqtt: MQTT publish: topic 'zigbee2mqtt/Smart Plug Z1', payload '{"child_lock":"UNLOCK","countdown":0,"current":0,"energy":16.7,"indicator_mode":"off/on","linkquality":127,"power":0,"power_outage_memory":"off","state":"ON","update":{"installed_version":192,"latest_version":192,"state":"idle"},"update_available":null,"voltage":234}'
[2024-07-25 08:30:24] info: 	z2m:mqtt: MQTT publish: topic 'zigbee2mqtt/Smart Plug Z1', payload '{"child_lock":"UNLOCK","countdown":0,"current":0,"energy":16.7,"indicator_mode":"off/on","linkquality":127,"power":0,"power_outage_memory":"off","state":"ON","update":{"installed_version":192,"latest_version":192,"state":"idle"},"update_available":null,"voltage":234}'
[2024-07-25 08:30:24] info: 	z2m:mqtt: MQTT publish: topic 'zigbee2mqtt/Smart Plug Z1', payload '{"child_lock":"UNLOCK","countdown":0,"current":0,"energy":16.7,"indicator_mode":"off/on","linkquality":127,"power":0,"power_outage_memory":"off","state":"ON","update":{"installed_version":192,"latest_version":192,"state":"idle"},"update_available":null,"voltage":234}'
[2024-07-25 08:34:30] info: 	z2m:mqtt: MQTT publish: topic 'zigbee2mqtt/Philips Backyard Sensor', payload '{"battery":60.5,"illuminance":25597,"illuminance_lux":363,"led_indication":true,"linkquality":80,"motion_sensitivity":"high","occupancy":false,"occupancy_timeout":60,"temperature":24.63,"update":{"installed_version":1107323831,"latest_version":1107323831,"state":"idle"},"update_available":null}'
[2024-07-25 08:35:22] info: 	z2m:mqtt: MQTT publish: topic 'zigbee2mqtt/Smart Plug Z1', payload '{"child_lock":"UNLOCK","countdown":0,"current":0,"energy":16.7,"indicator_mode":"off/on","linkquality":123,"power":0,"power_outage_memory":"off","state":"ON","update":{"installed_version":192,"latest_version":192,"state":"idle"},"update_available":null,"voltage":234}'
[2024-07-25 08:35:23] info: 	z2m:mqtt: MQTT publish: topic 'zigbee2mqtt/Smart Plug Z1', payload '{"child_lock":"UNLOCK","countdown":0,"current":0,"energy":16.7,"indicator_mode":"off/on","linkquality":123,"power":0,"power_outage_memory":"off","state":"ON","update":{"installed_version":192,"latest_version":192,"state":"idle"},"update_available":null,"voltage":234}'
[2024-07-25 08:35:33] info: 	z2m:mqtt: MQTT publish: topic 'zigbee2mqtt/Smart Plug Z1', payload '{"child_lock":"UNLOCK","countdown":0,"current":0,"energy":16.7,"indicator_mode":"off/on","linkquality":123,"power":0,"power_outage_memory":"off","state":"ON","update":{"installed_version":192,"latest_version":192,"state":"idle"},"update_available":null,"voltage":234}'
[2024-07-25 08:35:33] info: 	z2m:mqtt: MQTT publish: topic 'zigbee2mqtt/Smart Plug Z1', payload '{"child_lock":"UNLOCK","countdown":0,"current":0,"energy":16.7,"indicator_mode":"off/on","linkquality":123,"power":0,"power_outage_memory":"off","state":"ON","update":{"installed_version":192,"latest_version":192,"state":"idle"},"update_available":null,"voltage":234}'
[2024-07-25 08:38:27] info: 	z2m: Configuring 'Water Sensor 1'
[2024-07-25 08:38:27] info: 	z2m:mqtt: MQTT publish: topic 'zigbee2mqtt/Water Sensor 1', payload '{"battery":92,"battery_low":false,"linkquality":120,"tamper":false,"voltage":2900,"water_leak":false}'
[2024-07-25 08:38:27] info: 	z2m:mqtt: MQTT publish: topic 'zigbee2mqtt/Water Sensor 1', payload '{"battery":92,"battery_low":false,"linkquality":120,"tamper":false,"voltage":2900,"water_leak":false}'
[2024-07-25 08:38:27] info: 	z2m:mqtt: MQTT publish: topic 'zigbee2mqtt/Water Sensor 1', payload '{"battery":92,"battery_low":false,"linkquality":120,"tamper":false,"voltage":2900,"water_leak":false}'
[2024-07-25 08:38:27] info: 	z2m:mqtt: MQTT publish: topic 'zigbee2mqtt/Water Sensor 1', payload '{"battery":92,"battery_low":false,"linkquality":120,"tamper":false,"voltage":2900,"water_leak":false}'
[2024-07-25 08:38:27] info: 	z2m:mqtt: MQTT publish: topic 'zigbee2mqtt/Water Sensor 1', payload '{"battery":92,"battery_low":false,"linkquality":120,"tamper":false,"voltage":2900,"water_leak":false}'
[2024-07-25 08:38:27] info: 	z2m:mqtt: MQTT publish: topic 'zigbee2mqtt/Water Sensor 1', payload '{"battery":92,"battery_low":false,"linkquality":120,"tamper":false,"voltage":2900,"water_leak":false}'
[2024-07-25 08:38:27] info: 	z2m:mqtt: MQTT publish: topic 'zigbee2mqtt/Water Sensor 1', payload '{"battery":92,"battery_low":false,"linkquality":120,"tamper":false,"voltage":2900,"water_leak":false}'
[2024-07-25 08:38:27] info: 	z2m:mqtt: MQTT publish: topic 'zigbee2mqtt/Water Sensor 1', payload '{"battery":92,"battery_low":false,"linkquality":120,"tamper":false,"voltage":2900,"water_leak":false}'
[2024-07-25 08:38:27] info: 	z2m:mqtt: MQTT publish: topic 'zigbee2mqtt/Water Sensor 1', payload '{"battery":92,"battery_low":false,"linkquality":120,"tamper":false,"voltage":2900,"water_leak":false}'
[2024-07-25 08:38:27] info: 	z2m:mqtt: MQTT publish: topic 'zigbee2mqtt/Water Sensor 1', payload '{"battery":92,"battery_low":false,"linkquality":120,"tamper":false,"voltage":2900,"water_leak":false}'
[2024-07-25 08:38:27] info: 	z2m:mqtt: MQTT publish: topic 'zigbee2mqtt/Water Sensor 1', payload '{"battery":92,"battery_low":false,"linkquality":120,"tamper":false,"voltage":2900,"water_leak":false}'
[2024-07-25 08:38:27] info: 	z2m:mqtt: MQTT publish: topic 'zigbee2mqtt/Water Sensor 1', payload '{"battery":92,"battery_low":false,"linkquality":120,"tamper":false,"voltage":2900,"water_leak":false}'
[2024-07-25 08:38:27] info: 	z2m:mqtt: MQTT publish: topic 'zigbee2mqtt/Water Sensor 1', payload '{"battery":92,"battery_low":false,"linkquality":120,"tamper":false,"voltage":2900,"water_leak":false}'
[2024-07-25 08:38:27] info: 	z2m:mqtt: MQTT publish: topic 'zigbee2mqtt/Water Sensor 1', payload '{"battery":92,"battery_low":false,"linkquality":120,"tamper":false,"voltage":2900,"water_leak":false}'
[2024-07-25 08:38:52] error: 	z2m: Failed to configure 'Water Sensor 1', attempt 1 (Error: ZCL command 0x5c0272fffebb9cde/1 genPowerCfg.configReport([{"attribute":"batteryPercentageRemaining","minimumReportInterval":3600,"maximumReportInterval":65000,"reportableChange":0}], {"timeout":10000,"disableResponse":false,"disableRecovery":false,"disableDefaultResponse":true,"direction":0,"srcEndpoint":null,"reservedBits":0,"manufacturerCode":null,"transactionSequenceNumber":null,"writeUndiv":false}) failed (Timeout - 42265 - 1 - 4 - 1 - 7 after 10000ms)
    at Object.start (/app/node_modules/zigbee-herdsman/src/utils/waitress.ts:63:23)
    at ZStackAdapter.sendZclFrameToEndpointInternal (/app/node_modules/zigbee-herdsman/src/adapter/z-stack/adapter/zStackAdapter.ts:498:47)
    at processTicksAndRejections (node:internal/process/task_queues:95:5)
    at Queue.execute (/app/node_modules/zigbee-herdsman/src/utils/queue.ts:35:20)
    at Request.send (/app/node_modules/zigbee-herdsman/src/controller/helpers/request.ts:79:20)
    at Endpoint.zclCommand (/app/node_modules/zigbee-herdsman/src/controller/model/endpoint.ts:767:28)
    at Endpoint.configureReporting (/app/node_modules/zigbee-herdsman/src/controller/model/endpoint.ts:557:9)
    at Object.batteryPercentageRemaining (/app/node_modules/zigbee-herdsman-converters/src/lib/reporting.ts:56:5)
    at Object.configure (/app/node_modules/zigbee-herdsman-converters/src/devices/tuya.ts:1860:13)
    at Configure.configure (/app/lib/extension/configure.ts:126:13))
[2024-07-25 08:39:29] info: 	z2m:mqtt: MQTT publish: topic 'zigbee2mqtt/Philips Backyard Sensor', payload '{"battery":60.5,"illuminance":25770,"illuminance_lux":377,"led_indication":true,"linkquality":80,"motion_sensitivity":"high","occupancy":false,"occupancy_timeout":60,"temperature":24.63,"update":{"installed_version":1107323831,"latest_version":1107323831,"state":"idle"},"update_available":null}'
[2024-07-25 08:40:35] info: 	z2m:mqtt: MQTT publish: topic 'zigbee2mqtt/Smart Plug Z1', payload '{"child_lock":"UNLOCK","countdown":0,"current":0,"energy":16.7,"indicator_mode":"off/on","linkquality":123,"power":0,"power_outage_memory":"off","state":"ON","update":{"installed_version":192,"latest_version":192,"state":"idle"},"update_available":null,"voltage":234}'
[2024-07-25 08:40:35] info: 	z2m:mqtt: MQTT publish: topic 'zigbee2mqtt/Smart Plug Z1', payload '{"child_lock":"UNLOCK","countdown":0,"current":0,"energy":16.7,"indicator_mode":"off/on","linkquality":127,"power":0,"power_outage_memory":"off","state":"ON","update":{"installed_version":192,"latest_version":192,"state":"idle"},"update_available":null,"voltage":234}'
[2024-07-25 08:40:46] info: 	z2m:mqtt: MQTT publish: topic 'zigbee2mqtt/Smart Plug Z1', payload '{"child_lock":"UNLOCK","countdown":0,"current":0,"energy":16.7,"indicator_mode":"off/on","linkquality":127,"power":0,"power_outage_memory":"off","state":"ON","update":{"installed_version":192,"latest_version":192,"state":"idle"},"update_available":null,"voltage":234}'
[2024-07-25 08:40:46] info: 	z2m:mqtt: MQTT publish: topic 'zigbee2mqtt/Smart Plug Z1', payload '{"child_lock":"UNLOCK","countdown":0,"current":0,"energy":16.7,"indicator_mode":"off/on","linkquality":127,"power":0,"power_outage_memory":"off","state":"ON","update":{"installed_version":192,"latest_version":192,"state":"idle"},"update_available":null,"voltage":234}'
[2024-07-25 08:42:08] info: 	z2m:mqtt: MQTT publish: topic 'zigbee2mqtt/Smart Plug Z1', payload '{"child_lock":"UNLOCK","countdown":0,"current":0,"energy":16.7,"indicator_mode":"off/on","linkquality":120,"power":0,"power_outage_memory":"off","state":"ON","update":{"installed_version":192,"latest_version":192,"state":"idle"},"update_available":null,"voltage":234}'
[2024-07-25 08:44:03] info: 	zh:zstack:znp: Socket error
[2024-07-25 08:44:03] info: 	zh:zstack:znp: Port closed
[2024-07-25 08:44:03] info: 	zh:zstack:znp: closing
[2024-07-25 08:44:03] error: 	z2m: Adapter disconnected, stopping
[2024-07-25 08:44:03] info: 	z2m:mqtt: MQTT publish: topic 'zigbee2mqtt/bridge/state', payload '{"state":"offline"}'
[2024-07-25 08:44:03] info: 	z2m: Disconnecting from MQTT server
[2024-07-25 08:44:03] info: 	z2m: Stopping zigbee-herdsman...
[2024-07-25 08:44:03] info: 	z2m: Stopped zigbee-herdsman
[2024-07-25 08:44:03] info: 	z2m: Stopped Zigbee2MQTT
