[2026-06-08 04:00:31] info: 	z2m: Logging to console, file (filename: log.log)
[2026-06-08 04:00:31] info: 	z2m: Starting Zigbee2MQTT version 2.11.0 (commit #unknown)
[2026-06-08 04:00:31] info: 	z2m: Starting zigbee-herdsman (10.1.0)
[2026-06-08 04:00:31] info: 	zh:zstack:znp: Opening TCP socket with 192.168.87.68:6638
[2026-06-08 04:00:31] info: 	zh:zstack:znp: Socket connected
[2026-06-08 04:00:31] info: 	zh:zstack:znp: Socket ready
[2026-06-08 04:00:31] info: 	zh:zstack:znp: Writing CC2530/CC2531 skip bootloader payload
[2026-06-08 04:00:32] info: 	zh:zstack:znp: Skip bootloader for CC2652/CC1352
[2026-06-08 04:00:37] info: 	z2m: zigbee-herdsman started (resumed)
[2026-06-08 04:00:37] info: 	z2m: Coordinator firmware version: '{"meta":{"maintrel":1,"majorrel":2,"minorrel":7,"product":1,"revision":20240710,"transportrev":2},"type":"ZStack3x0"}'
[2026-06-08 04:00:37] info: 	z2m: Button 4 - Movie (0xb4e3f9fffe249e15): E1812 - IKEA TRADFRI shortcut button (EndDevice)
[2026-06-08 04:00:37] info: 	z2m: Smart Plug Z1 (0xa4c13812921dddfd): A1Z - Nous Smart plug (with power monitoring) (Router)
[2026-06-08 04:00:37] info: 	z2m: Button 3 - Workshop (0xb4e3f9fffe753317): E1812 - IKEA TRADFRI shortcut button (EndDevice)
[2026-06-08 04:00:37] info: 	z2m: Button 2 - Chandelier (0x04cd15fffe7ff98b): E1812 - IKEA TRADFRI shortcut button (EndDevice)
[2026-06-08 04:00:37] info: 	z2m: Button 1 - Kitchen (0x04cd15fffe268dcc): E1812 - IKEA TRADFRI shortcut button (EndDevice)
[2026-06-08 04:00:37] info: 	z2m: Cube (0x54ef4410006a43c7): CTP-R01 - Aqara Cube T1 Pro (EndDevice)
[2026-06-08 04:00:37] info: 	z2m: Water Sensor 1 (0x5c0272fffebb9cde): TS0207_water_leak_detector_3 - Tuya Zigbee water leak sensor (EndDevice)
[2026-06-08 04:00:37] info: 	z2m: Alarm Keypad (0x0015bc0043006306): KEYZB-110 - Develco Keypad (EndDevice)
[2026-06-08 04:00:37] info: 	z2m: Alarm Repeater (0x0015bc0022000242): REXZB-111 - Develco Range extender with backup battery (Router)
[2026-06-08 04:00:37] info: 	z2m: Alarm Siren (0x0015bc0041007a25): SIRZB-111 - Develco Customizable siren (Router)
[2026-06-08 04:00:37] info: 	z2m: Workshop Light (0x54ef441000b757df): CL-L02D - Aqara Ceiling light T1M (EndDevice)
[2026-06-08 04:00:37] info: 	z2m: Kitchen Presence (0x54ef44100124a3ca): FP1E - Aqara Presence sensor (EndDevice)
[2026-06-08 04:00:37] info: 	z2m: Philips Backyard Sensor (0x001788010649a073): 9290019758 - Philips Hue motion outdoor sensor (EndDevice)
[2026-06-08 04:00:37] info: 	z2m: Currently 13 devices are joined.
[2026-06-08 04:00:37] info: 	z2m: Connecting to MQTT server at mqtt://core-mosquitto:1883
[2026-06-08 04:00:37] info: 	z2m: Connected to MQTT server
[2026-06-08 04:00:37] info: 	z2m:mqtt: MQTT publish: topic 'zigbee2mqtt/bridge/state', payload '{"state":"online"}'
[2026-06-08 04:00:37] info: 	z2m:mqtt: MQTT publish: topic 'zigbee2mqtt/Button 4 - Movie/availability', payload '{"state":"online"}'
[2026-06-08 04:00:37] info: 	z2m:mqtt: MQTT publish: topic 'zigbee2mqtt/Smart Plug Z1/availability', payload '{"state":"offline"}'
[2026-06-08 04:00:37] info: 	z2m:mqtt: MQTT publish: topic 'zigbee2mqtt/Button 3 - Workshop/availability', payload '{"state":"online"}'
[2026-06-08 04:00:37] info: 	z2m:mqtt: MQTT publish: topic 'zigbee2mqtt/Button 2 - Chandelier/availability', payload '{"state":"online"}'
[2026-06-08 04:00:37] info: 	z2m:mqtt: MQTT publish: topic 'zigbee2mqtt/Button 1 - Kitchen/availability', payload '{"state":"online"}'
[2026-06-08 04:00:37] info: 	z2m:mqtt: MQTT publish: topic 'zigbee2mqtt/Cube/availability', payload '{"state":"offline"}'
[2026-06-08 04:00:37] info: 	z2m:mqtt: MQTT publish: topic 'zigbee2mqtt/Water Sensor 1/availability', payload '{"state":"online"}'
[2026-06-08 04:00:37] info: 	z2m:mqtt: MQTT publish: topic 'zigbee2mqtt/Alarm Keypad/availability', payload '{"state":"online"}'
[2026-06-08 04:00:37] info: 	z2m:mqtt: MQTT publish: topic 'zigbee2mqtt/Alarm Repeater/availability', payload '{"state":"offline"}'
[2026-06-08 04:00:37] info: 	z2m:mqtt: MQTT publish: topic 'zigbee2mqtt/Alarm Siren/availability', payload '{"state":"offline"}'
[2026-06-08 04:00:37] info: 	z2m:mqtt: MQTT publish: topic 'zigbee2mqtt/Workshop Light/availability', payload '{"state":"online"}'
[2026-06-08 04:00:37] info: 	z2m:mqtt: MQTT publish: topic 'zigbee2mqtt/Kitchen Presence/availability', payload '{"state":"offline"}'
[2026-06-08 04:00:37] info: 	z2m:mqtt: MQTT publish: topic 'zigbee2mqtt/Philips Backyard Sensor/availability', payload '{"state":"online"}'
[2026-06-08 04:00:37] info: 	z2m: Started frontend on port 8099
[2026-06-08 04:00:37] info: 	z2m:mqtt: MQTT publish: topic 'zigbee2mqtt/Button 4 - Movie', payload '{"battery":90,"identify":null,"linkquality":134,"update":{"installed_version":604241926,"latest_release_notes":"Enables double-clicks.\r\nhttps://www.zigbee2mqtt.io/devices/E1812.html\r\nhttps://ww8.ikea.com/ikeahomesmart/releasenotes/releasenotes.html","latest_source":"https://raw.githubusercontent.com/Koenkk/zigbee-OTA/master/images/IKEA/tradfri-shortcut-button_release_prod_v604241926_56f5d8d1-78b1-4088-afc1-05d3b7e3314b.ota","latest_version":604241926,"state":"idle"}}'
[2026-06-08 04:00:37] info: 	z2m:mqtt: MQTT publish: topic 'zigbee2mqtt/Smart Plug Z1', payload '{"child_lock":"UNLOCK","countdown":0,"current":0,"energy":16.74,"identify":null,"indicator_mode":"off/on","linkquality":120,"power":0,"power_outage_memory":"off","state":"OFF","switch_type_button":null,"update":{"installed_version":-1,"latest_version":-1,"state":null},"voltage":232}'
[2026-06-08 04:00:37] info: 	z2m:mqtt: MQTT publish: topic 'zigbee2mqtt/Button 3 - Workshop', payload '{"battery":90,"identify":null,"linkquality":65,"update":{"installed_version":604241926,"latest_release_notes":"Enables double-clicks.\r\nhttps://www.zigbee2mqtt.io/devices/E1812.html\r\nhttps://ww8.ikea.com/ikeahomesmart/releasenotes/releasenotes.html","latest_source":"https://raw.githubusercontent.com/Koenkk/zigbee-OTA/master/images/IKEA/tradfri-shortcut-button_release_prod_v604241926_56f5d8d1-78b1-4088-afc1-05d3b7e3314b.ota","latest_version":604241926,"state":"idle"}}'
[2026-06-08 04:00:37] info: 	z2m:mqtt: MQTT publish: topic 'zigbee2mqtt/Button 2 - Chandelier', payload '{"battery":40,"identify":null,"linkquality":72,"update":{"installed_version":604241926,"latest_release_notes":"Enables double-clicks.\r\nhttps://www.zigbee2mqtt.io/devices/E1812.html\r\nhttps://ww8.ikea.com/ikeahomesmart/releasenotes/releasenotes.html","latest_source":"https://raw.githubusercontent.com/Koenkk/zigbee-OTA/master/images/IKEA/tradfri-shortcut-button_release_prod_v604241926_56f5d8d1-78b1-4088-afc1-05d3b7e3314b.ota","latest_version":604241926,"state":"idle"}}'
[2026-06-08 04:00:37] info: 	z2m:mqtt: MQTT publish: topic 'zigbee2mqtt/Button 1 - Kitchen', payload '{"battery":90,"identify":null,"linkquality":83,"update":{"installed_version":604241926,"latest_release_notes":"Enables double-clicks.\r\nhttps://www.zigbee2mqtt.io/devices/E1812.html\r\nhttps://ww8.ikea.com/ikeahomesmart/releasenotes/releasenotes.html","latest_source":"https://raw.githubusercontent.com/Koenkk/zigbee-OTA/master/images/IKEA/tradfri-shortcut-button_release_prod_v604241926_56f5d8d1-78b1-4088-afc1-05d3b7e3314b.ota","latest_version":604241926,"state":"idle"}}'
[2026-06-08 04:00:37] info: 	z2m:mqtt: MQTT publish: topic 'zigbee2mqtt/Cube', payload '{"action_angle":null,"action_from_side":null,"battery":39,"current":0,"linkquality":131,"operation_mode":"action_mode","power":2,"power_outage_count":160,"side":4,"update":{"installed_version":-1,"latest_version":-1,"state":null},"voltage":2909}'
[2026-06-08 04:00:37] info: 	z2m:mqtt: MQTT publish: topic 'zigbee2mqtt/Water Sensor 1', payload '{"battery":70,"battery_low":false,"linkquality":65,"tamper":false,"voltage":2800,"water_leak":false}'
[2026-06-08 04:00:37] info: 	z2m:mqtt: MQTT publish: topic 'zigbee2mqtt/Alarm Keypad', payload '{"action_code":null,"action_transaction":null,"action_zone":null,"battery":100,"battery_low":false,"linkquality":18,"tamper":false,"update":{"installed_version":131078,"latest_release_notes":null,"latest_source":"https://raw.githubusercontent.com/Koenkk/zigbee-OTA/master/images/Develco/IntelligentKeyPad_2.0.5.zigbee","latest_version":131077,"state":"idle"},"voltage":5100}'
[2026-06-08 04:00:37] info: 	z2m:mqtt: MQTT publish: topic 'zigbee2mqtt/Alarm Repeater', payload '{"ac_connected":null,"alarm_1":false,"alarm_2":false,"battery":null,"battery_defect":null,"battery_low":true,"identify":null,"led_control":null,"linkquality":47,"tamper":false,"tx_power":null,"update":{"installed_version":-1,"latest_version":-1,"state":null},"voltage":null,"zone_status_interval":null}'
[2026-06-08 04:00:37] info: 	z2m:mqtt: MQTT publish: topic 'zigbee2mqtt/Alarm Siren', payload '{"ac_status":true,"alarm":false,"battery":null,"battery_low":true,"enrolled":true,"ias_cie_address":"0x00124b002e0e1c5f","linkquality":65,"max_duration":10,"restore_reports":true,"supervision_reports":true,"tamper":false,"test":false,"voltage":null,"warning":null,"zone_id":23}'
[2026-06-08 04:00:37] info: 	z2m:mqtt: MQTT publish: topic 'zigbee2mqtt/Workshop Light', payload '{"brightness_rgb":112,"brightness_white":254,"color_mode_rgb":"xy","color_mode_white":"color_temp","color_rgb":{"x":0.313,"y":0.21},"color_temp_white":250,"device_temperature":37,"dimming_range_maximum":100,"dimming_range_minimum":1,"effect":null,"effect_speed":0,"identify":null,"level_config_white":{"off_transition_time":1.5,"on_transition_time":1.5},"linkquality":18,"off_on_duration":null,"on_off_duration":null,"power_on_behavior":null,"power_on_behaviour":"off","power_outage_count":48,"state":"OFF","state_rgb":"OFF","state_white":"OFF","update":{"installed_version":-1,"latest_version":-1,"state":null}}'
[2026-06-08 04:00:37] info: 	z2m:mqtt: MQTT publish: topic 'zigbee2mqtt/Workshop Light/white', payload '{"brightness":254,"color_mode":"color_temp","color_temp":250,"level_config":{"off_transition_time":1.5,"on_transition_time":1.5},"state":"OFF"}'
[2026-06-08 04:00:37] info: 	z2m:mqtt: MQTT publish: topic 'zigbee2mqtt/Kitchen Presence', payload '{"ai_interference_source_selfidentification":"ON","ai_sensitivity_adaptive":"ON","detection_range":6,"device_temperature":28,"identify":null,"linkquality":65,"motion_sensitivity":null,"movement":"movement","power_outage_count":3,"presence":true,"restart_device":null,"spatial_learning":null,"target_distance":0.15,"update":{"installed_version":29,"latest_release_notes":null,"latest_source":"https://raw.githubusercontent.com/Koenkk/zigbee-OTA/master/images/Aqara/20250827143703_lumi.sensor_occupy.agl1_0.0.0_0029_20250804_33D437.ota","latest_version":29,"state":"idle"}}'
[2026-06-08 04:00:37] info: 	z2m:mqtt: MQTT publish: topic 'zigbee2mqtt/Workshop Light/rgb', payload '{"brightness":112,"color":{"x":0.313,"y":0.21},"color_mode":"xy","state":"OFF"}'
[2026-06-08 04:00:37] info: 	z2m:mqtt: MQTT publish: topic 'zigbee2mqtt/Philips Backyard Sensor', payload '{"battery":100,"illuminance":1,"led_indication":true,"linkquality":61,"motion_sensitivity":"high","occupancy":false,"occupancy_timeout":60,"temperature":20.68,"update":{"installed_version":1124103169,"latest_release_notes":null,"latest_source":"https://raw.githubusercontent.com/Koenkk/zigbee-OTA/master/images/Hue/Sensor-ATmega_0012.sbl-ota","latest_version":1124103169,"state":"idle"}}'
[2026-06-08 04:00:37] info: 	z2m: Zigbee2MQTT started!
[2026-06-08 04:00:39] warning: 	z2m: Failed to ping 'Smart Plug Z1' (attempt 1/1, ZCL command 0xa4c13812921dddfd/1 genBasic.read(["zclVersion"], {"timeout":10000,"disableResponse":false,"disableRecovery":true,"disableDefaultResponse":true,"direction":0,"reservedBits":0,"writeUndiv":false,"sendPolicy":"immediate"}) failed (Data request failed with error: 'NWK_NO_ROUTE' (0xcd)))
[2026-06-08 04:00:42] warning: 	z2m: Failed to ping 'Alarm Repeater' (attempt 1/1, ZCL command 0x0015bc0022000242/37 genBasic.read(["zclVersion"], {"timeout":10000,"disableResponse":false,"disableRecovery":true,"disableDefaultResponse":true,"direction":0,"reservedBits":0,"writeUndiv":false,"sendPolicy":"immediate"}) failed (Data request failed with error: 'NWK_NO_ROUTE' (0xcd)))
[2026-06-08 04:00:42] info: 	z2m:mqtt: MQTT publish: topic 'homeassistant/binary_sensor/1221051039810110150109113116116_0x00124b002e0e1c5f/connection_state/config', payload '{"default_entity_id":"binary_sensor.zigbee2mqtt_bridge_connection_state","device":{"hw_version":"ZStack3x0 20240710","identifiers":["zigbee2mqtt_bridge_0x00124b002e0e1c5f"],"manufacturer":"Zigbee2MQTT","model":"Bridge","name":"Zigbee2MQTT Bridge","sw_version":"2.11.0"},"device_class":"connectivity","entity_category":"diagnostic","name":"Connection state","object_id":"zigbee2mqtt_bridge_connection_state","origin":{"name":"Zigbee2MQTT","sw":"2.11.0","url":"https://www.zigbee2mqtt.io"},"payload_off":"offline","payload_on":"online","state_topic":"zigbee2mqtt/bridge/state","unique_id":"bridge_0x00124b002e0e1c5f_connection_state_zigbee2mqtt","value_template":"{{ value_json.state }}"}'
[2026-06-08 04:00:46] warning: 	z2m: Failed to ping 'Alarm Siren' (attempt 1/1, ZCL command 0x0015bc0041007a25/43 genBasic.read(["zclVersion"], {"timeout":10000,"disableResponse":false,"disableRecovery":true,"disableDefaultResponse":true,"direction":0,"reservedBits":0,"writeUndiv":false,"sendPolicy":"immediate"}) failed (Data request failed with error: 'NWK_NO_ROUTE' (0xcd)))
[2026-06-08 04:00:50] warning: 	z2m: Failed to ping 'Kitchen Presence' (attempt 1/1, ZCL command 0x54ef44100124a3ca/1 genBasic.read(["zclVersion"], {"timeout":10000,"disableResponse":false,"disableRecovery":true,"disableDefaultResponse":true,"direction":0,"reservedBits":0,"writeUndiv":false,"sendPolicy":"immediate"}) failed (Data request failed with error: 'NWK_NO_ROUTE' (0xcd)))
[2026-06-08 04:00:57] info: 	z2m: Configuring 'Alarm Repeater'
[2026-06-08 04:01:07] error: 	z2m: Failed to configure 'Alarm Repeater', attempt 1 (Error: Bind 0x0015bc0022000242/37 genPowerCfg from '0x00124b002e0e1c5f/1' failed (AREQ - ZDO - bindRsp after 10000ms)
    at Object.start (/app/node_modules/.pnpm/zigbee-herdsman@10.1.0/node_modules/zigbee-herdsman/src/utils/waitress.ts:68:23)
    at func (/app/node_modules/.pnpm/zigbee-herdsman@10.1.0/node_modules/zigbee-herdsman/src/adapter/z-stack/adapter/zStackAdapter.ts:449:47)
    at processTicksAndRejections (node:internal/process/task_queues:103:5)
    at Queue.execute (/app/node_modules/.pnpm/zigbee-herdsman@10.1.0/node_modules/zigbee-herdsman/src/utils/queue.ts:38:20)
    at ZStackAdapter.sendZdoInternal (/app/node_modules/.pnpm/zigbee-herdsman@10.1.0/node_modules/zigbee-herdsman/src/adapter/z-stack/adapter/zStackAdapter.ts:454:43)
    at ZStackAdapter.sendZdo (/app/node_modules/.pnpm/zigbee-herdsman@10.1.0/node_modules/zigbee-herdsman/src/adapter/z-stack/adapter/zStackAdapter.ts:331:16)
    at Endpoint.bind (/app/node_modules/.pnpm/zigbee-herdsman@10.1.0/node_modules/zigbee-herdsman/src/controller/model/endpoint.ts:731:30)
    at Object.bind (/app/node_modules/.pnpm/zigbee-herdsman-converters@26.61.1/node_modules/zigbee-herdsman-converters/src/lib/reporting.ts:48:9)
    at configure (/app/node_modules/.pnpm/zigbee-herdsman-converters@26.61.1/node_modules/zigbee-herdsman-converters/src/devices/develco.ts:1173:13)
    at Object.configure (/app/node_modules/.pnpm/zigbee-herdsman-converters@26.61.1/node_modules/zigbee-herdsman-converters/src/index.ts:363:21))
[2026-06-08 04:01:17] info: 	z2m: Configuring 'Alarm Siren'
[2026-06-08 04:01:27] error: 	z2m: Failed to configure 'Alarm Siren', attempt 1 (Error: Bind 0x0015bc0041007a25/43 ssIasZone from '0x00124b002e0e1c5f/1' failed (AREQ - ZDO - bindRsp after 10000ms)
    at Object.start (/app/node_modules/.pnpm/zigbee-herdsman@10.1.0/node_modules/zigbee-herdsman/src/utils/waitress.ts:68:23)
    at func (/app/node_modules/.pnpm/zigbee-herdsman@10.1.0/node_modules/zigbee-herdsman/src/adapter/z-stack/adapter/zStackAdapter.ts:449:47)
    at processTicksAndRejections (node:internal/process/task_queues:103:5)
    at Queue.execute (/app/node_modules/.pnpm/zigbee-herdsman@10.1.0/node_modules/zigbee-herdsman/src/utils/queue.ts:38:20)
    at ZStackAdapter.sendZdoInternal (/app/node_modules/.pnpm/zigbee-herdsman@10.1.0/node_modules/zigbee-herdsman/src/adapter/z-stack/adapter/zStackAdapter.ts:454:43)
    at ZStackAdapter.sendZdo (/app/node_modules/.pnpm/zigbee-herdsman@10.1.0/node_modules/zigbee-herdsman/src/adapter/z-stack/adapter/zStackAdapter.ts:331:16)
    at Endpoint.bind (/app/node_modules/.pnpm/zigbee-herdsman@10.1.0/node_modules/zigbee-herdsman/src/controller/model/endpoint.ts:731:30)
    at Object.bind (/app/node_modules/.pnpm/zigbee-herdsman-converters@26.61.1/node_modules/zigbee-herdsman-converters/src/lib/reporting.ts:48:9)
    at configure (/app/node_modules/.pnpm/zigbee-herdsman-converters@26.61.1/node_modules/zigbee-herdsman-converters/src/devices/develco.ts:995:13)
    at Object.configure (/app/node_modules/.pnpm/zigbee-herdsman-converters@26.61.1/node_modules/zigbee-herdsman-converters/src/index.ts:363:21))
[2026-06-08 04:01:38] info: 	z2m:mqtt: MQTT publish: topic 'zigbee2mqtt/Alarm Keypad', payload '{"action_code":null,"action_transaction":null,"action_zone":null,"battery":100,"battery_low":false,"linkquality":32,"tamper":false,"update":{"installed_version":131078,"latest_release_notes":null,"latest_source":"https://raw.githubusercontent.com/Koenkk/zigbee-OTA/master/images/Develco/IntelligentKeyPad_2.0.5.zigbee","latest_version":131077,"state":"idle"},"voltage":5100}'
[2026-06-08 04:04:32] info: 	z2m: Configuring 'Workshop Light'
[2026-06-08 04:04:32] info: 	z2m:mqtt: MQTT publish: topic 'zigbee2mqtt/Workshop Light', payload '{"brightness_rgb":112,"brightness_white":254,"color_mode_rgb":"xy","color_mode_white":"color_temp","color_rgb":{"x":0.313,"y":0.21},"color_temp_white":250,"device_temperature":36,"dimming_range_maximum":100,"dimming_range_minimum":1,"effect":null,"effect_speed":0,"identify":null,"level_config_white":{"off_transition_time":1.5,"on_transition_time":1.5},"linkquality":32,"off_on_duration":null,"on_off_duration":null,"power_on_behavior":null,"power_on_behaviour":"off","power_outage_count":48,"state":"OFF","state_rgb":"OFF","state_white":"OFF","update":{"installed_version":-1,"latest_version":-1,"state":null}}'
[2026-06-08 04:04:32] info: 	z2m:mqtt: MQTT publish: topic 'zigbee2mqtt/Workshop Light/white', payload '{"brightness":254,"color_mode":"color_temp","color_temp":250,"level_config":{"off_transition_time":1.5,"on_transition_time":1.5},"state":"OFF"}'
[2026-06-08 04:04:32] info: 	z2m:mqtt: MQTT publish: topic 'zigbee2mqtt/Workshop Light/rgb', payload '{"brightness":112,"color":{"x":0.313,"y":0.21},"color_mode":"xy","state":"OFF"}'
[2026-06-08 04:04:33] info: 	z2m:mqtt: MQTT publish: topic 'zigbee2mqtt/Workshop Light', payload '{"brightness_rgb":112,"brightness_white":254,"color_mode_rgb":"xy","color_mode_white":"color_temp","color_rgb":{"x":0.313,"y":0.21},"color_temp_white":250,"device_temperature":36,"dimming_range_maximum":100,"dimming_range_minimum":1,"effect":null,"effect_speed":0,"identify":null,"level_config_white":{"off_transition_time":1.5,"on_transition_time":1.5},"linkquality":32,"off_on_duration":null,"on_off_duration":null,"power_on_behavior":null,"power_on_behaviour":"off","power_outage_count":48,"state":"OFF","state_rgb":"OFF","state_white":"OFF","update":{"installed_version":-1,"latest_version":-1,"state":null}}'
[2026-06-08 04:04:33] info: 	z2m:mqtt: MQTT publish: topic 'zigbee2mqtt/Workshop Light/white', payload '{"brightness":254,"color_mode":"color_temp","color_temp":250,"level_config":{"off_transition_time":1.5,"on_transition_time":1.5},"state":"OFF"}'
[2026-06-08 04:04:33] info: 	z2m:mqtt: MQTT publish: topic 'zigbee2mqtt/Workshop Light/rgb', payload '{"brightness":112,"color":{"x":0.313,"y":0.21},"color_mode":"xy","state":"OFF"}'
[2026-06-08 04:04:33] info: 	z2m:mqtt: MQTT publish: topic 'zigbee2mqtt/Workshop Light', payload '{"brightness_rgb":112,"brightness_white":254,"color_mode_rgb":"xy","color_mode_white":"color_temp","color_rgb":{"x":0.313,"y":0.21},"color_temp_white":250,"device_temperature":36,"dimming_range_maximum":100,"dimming_range_minimum":1,"effect":null,"effect_speed":0,"identify":null,"level_config_white":{"off_transition_time":1.5,"on_transition_time":1.5},"linkquality":32,"off_on_duration":null,"on_off_duration":null,"power_on_behavior":null,"power_on_behaviour":"off","power_outage_count":48,"state":"OFF","state_rgb":"OFF","state_white":"OFF","update":{"installed_version":-1,"latest_version":-1,"state":null}}'
[2026-06-08 04:04:33] info: 	z2m:mqtt: MQTT publish: topic 'zigbee2mqtt/Workshop Light/white', payload '{"brightness":254,"color_mode":"color_temp","color_temp":250,"level_config":{"off_transition_time":1.5,"on_transition_time":1.5},"state":"OFF"}'
[2026-06-08 04:04:33] info: 	z2m:mqtt: MQTT publish: topic 'zigbee2mqtt/Workshop Light/rgb', payload '{"brightness":112,"color":{"x":0.313,"y":0.21},"color_mode":"xy","state":"OFF"}'
[2026-06-08 04:04:33] info: 	z2m:mqtt: MQTT publish: topic 'zigbee2mqtt/Workshop Light', payload '{"brightness_rgb":112,"brightness_white":254,"color_mode_rgb":"xy","color_mode_white":"color_temp","color_rgb":{"x":0.313,"y":0.21},"color_temp_white":250,"device_temperature":36,"dimming_range_maximum":100,"dimming_range_minimum":1,"effect":null,"effect_speed":0,"identify":null,"level_config_white":{"off_transition_time":1.5,"on_transition_time":1.5},"linkquality":32,"off_on_duration":null,"on_off_duration":null,"power_on_behavior":null,"power_on_behaviour":"off","power_outage_count":48,"state":"OFF","state_rgb":"OFF","state_white":"OFF","update":{"installed_version":-1,"latest_version":-1,"state":null}}'
[2026-06-08 04:04:33] info: 	z2m:mqtt: MQTT publish: topic 'zigbee2mqtt/Workshop Light/white', payload '{"brightness":254,"color_mode":"color_temp","color_temp":250,"level_config":{"off_transition_time":1.5,"on_transition_time":1.5},"state":"OFF"}'
[2026-06-08 04:04:33] info: 	z2m:mqtt: MQTT publish: topic 'zigbee2mqtt/Workshop Light/rgb', payload '{"brightness":112,"color":{"x":0.313,"y":0.21},"color_mode":"xy","state":"OFF"}'
[2026-06-08 04:04:34] info: 	z2m:mqtt: MQTT publish: topic 'zigbee2mqtt/Workshop Light', payload '{"brightness_rgb":112,"brightness_white":254,"color_mode_rgb":"xy","color_mode_white":"color_temp","color_rgb":{"x":0.313,"y":0.21},"color_temp_white":250,"device_temperature":36,"dimming_range_maximum":100,"dimming_range_minimum":1,"effect":null,"effect_speed":0,"identify":null,"level_config_white":{"off_transition_time":1.5,"on_transition_time":1.5},"linkquality":29,"off_on_duration":null,"on_off_duration":null,"power_on_behavior":null,"power_on_behaviour":"off","power_outage_count":48,"state":"OFF","state_rgb":"OFF","state_white":"OFF","update":{"installed_version":-1,"latest_version":-1,"state":null}}'
[2026-06-08 04:04:34] info: 	z2m:mqtt: MQTT publish: topic 'zigbee2mqtt/Workshop Light/white', payload '{"brightness":254,"color_mode":"color_temp","color_temp":250,"level_config":{"off_transition_time":1.5,"on_transition_time":1.5},"state":"OFF"}'
[2026-06-08 04:04:34] info: 	z2m:mqtt: MQTT publish: topic 'zigbee2mqtt/Workshop Light/rgb', payload '{"brightness":112,"color":{"x":0.313,"y":0.21},"color_mode":"xy","state":"OFF"}'
[2026-06-08 04:04:40] error: 	z2m: Failed to configure 'Workshop Light', attempt 1 (Error: ZCL command 0x54ef441000b757df/1 genLevelCtrl.read([19], {"timeout":10000,"disableResponse":false,"disableRecovery":false,"disableDefaultResponse":true,"direction":0,"reservedBits":0,"writeUndiv":false}) failed (SRSP - AF - dataRequest after 6000ms)
    at Object.start (/app/node_modules/.pnpm/zigbee-herdsman@10.1.0/node_modules/zigbee-herdsman/src/utils/waitress.ts:68:23)
    at /app/node_modules/.pnpm/zigbee-herdsman@10.1.0/node_modules/zigbee-herdsman/src/adapter/z-stack/znp/znp.ts:256:45
    at AsyncMutex.run (/app/node_modules/.pnpm/zigbee-herdsman@10.1.0/node_modules/zigbee-herdsman/src/utils/async-mutex.ts:17:26)
    at Znp.request (/app/node_modules/.pnpm/zigbee-herdsman@10.1.0/node_modules/zigbee-herdsman/src/adapter/z-stack/znp/znp.ts:249:27)
    at ZStackAdapter.dataRequest (/app/node_modules/.pnpm/zigbee-herdsman@10.1.0/node_modules/zigbee-herdsman/src/adapter/z-stack/adapter/zStackAdapter.ts:1149:24)
    at ZStackAdapter.sendZclFrameToEndpointInternal (/app/node_modules/.pnpm/zigbee-herdsman@10.1.0/node_modules/zigbee-herdsman/src/adapter/z-stack/adapter/zStackAdapter.ts:534:46)
    at /app/node_modules/.pnpm/zigbee-herdsman@10.1.0/node_modules/zigbee-herdsman/src/adapter/z-stack/adapter/zStackAdapter.ts:472:31
    at Queue.execute (/app/node_modules/.pnpm/zigbee-herdsman@10.1.0/node_modules/zigbee-herdsman/src/utils/queue.ts:38:26)
    at ZStackAdapter.sendZclFrameToEndpoint (/app/node_modules/.pnpm/zigbee-herdsman@10.1.0/node_modules/zigbee-herdsman/src/adapter/z-stack/adapter/zStackAdapter.ts:470:33)
    at Request.func (/app/node_modules/.pnpm/zigbee-herdsman@10.1.0/node_modules/zigbee-herdsman/src/controller/model/endpoint.ts:406:35))
[2026-06-08 04:04:44] info: 	z2m: Configuring 'Workshop Light'
[2026-06-08 04:04:44] info: 	z2m:mqtt: MQTT publish: topic 'zigbee2mqtt/Workshop Light', payload '{"brightness_rgb":112,"brightness_white":254,"color_mode_rgb":"xy","color_mode_white":"color_temp","color_rgb":{"x":0.313,"y":0.21},"color_temp_white":250,"device_temperature":36,"dimming_range_maximum":100,"dimming_range_minimum":1,"effect":null,"effect_speed":0,"identify":null,"level_config_white":{"off_transition_time":1.5,"on_transition_time":1.5},"linkquality":32,"off_on_duration":null,"on_off_duration":null,"power_on_behavior":null,"power_on_behaviour":"off","power_outage_count":48,"state":"OFF","state_rgb":"OFF","state_white":"OFF","update":{"installed_version":-1,"latest_version":-1,"state":null}}'
[2026-06-08 04:04:44] info: 	z2m:mqtt: MQTT publish: topic 'zigbee2mqtt/Workshop Light/white', payload '{"brightness":254,"color_mode":"color_temp","color_temp":250,"level_config":{"off_transition_time":1.5,"on_transition_time":1.5},"state":"OFF"}'
[2026-06-08 04:04:44] info: 	z2m:mqtt: MQTT publish: topic 'zigbee2mqtt/Workshop Light/rgb', payload '{"brightness":112,"color":{"x":0.313,"y":0.21},"color_mode":"xy","state":"OFF"}'
[2026-06-08 04:04:45] info: 	z2m:mqtt: MQTT publish: topic 'zigbee2mqtt/Workshop Light', payload '{"brightness_rgb":112,"brightness_white":254,"color_mode_rgb":"xy","color_mode_white":"color_temp","color_rgb":{"x":0.313,"y":0.21},"color_temp_white":250,"device_temperature":36,"dimming_range_maximum":100,"dimming_range_minimum":1,"effect":null,"effect_speed":0,"identify":null,"level_config_white":{"off_transition_time":1.5,"on_transition_time":1.5},"linkquality":32,"off_on_duration":null,"on_off_duration":null,"power_on_behavior":null,"power_on_behaviour":"off","power_outage_count":48,"state":"OFF","state_rgb":"OFF","state_white":"OFF","update":{"installed_version":-1,"latest_version":-1,"state":null}}'
[2026-06-08 04:04:45] info: 	z2m:mqtt: MQTT publish: topic 'zigbee2mqtt/Workshop Light/white', payload '{"brightness":254,"color_mode":"color_temp","color_temp":250,"level_config":{"off_transition_time":1.5,"on_transition_time":1.5},"state":"OFF"}'
[2026-06-08 04:04:45] info: 	z2m:mqtt: MQTT publish: topic 'zigbee2mqtt/Workshop Light/rgb', payload '{"brightness":112,"color":{"x":0.313,"y":0.21},"color_mode":"xy","state":"OFF"}'
[2026-06-08 04:04:45] info: 	z2m:mqtt: MQTT publish: topic 'zigbee2mqtt/Workshop Light', payload '{"brightness_rgb":112,"brightness_white":254,"color_mode_rgb":"xy","color_mode_white":"color_temp","color_rgb":{"x":0.313,"y":0.21},"color_temp_white":250,"device_temperature":36,"dimming_range_maximum":100,"dimming_range_minimum":1,"effect":null,"effect_speed":0,"identify":null,"level_config_white":{"off_transition_time":1.5,"on_transition_time":1.5},"linkquality":32,"off_on_duration":null,"on_off_duration":null,"power_on_behavior":null,"power_on_behaviour":"off","power_outage_count":48,"state":"OFF","state_rgb":"OFF","state_white":"OFF","update":{"installed_version":-1,"latest_version":-1,"state":null}}'
[2026-06-08 04:04:45] info: 	z2m:mqtt: MQTT publish: topic 'zigbee2mqtt/Workshop Light/white', payload '{"brightness":254,"color_mode":"color_temp","color_temp":250,"level_config":{"off_transition_time":1.5,"on_transition_time":1.5},"state":"OFF"}'
[2026-06-08 04:04:45] info: 	z2m:mqtt: MQTT publish: topic 'zigbee2mqtt/Workshop Light/rgb', payload '{"brightness":112,"color":{"x":0.313,"y":0.21},"color_mode":"xy","state":"OFF"}'
[2026-06-08 04:04:45] info: 	z2m:mqtt: MQTT publish: topic 'zigbee2mqtt/Workshop Light', payload '{"brightness_rgb":112,"brightness_white":254,"color_mode_rgb":"xy","color_mode_white":"color_temp","color_rgb":{"x":0.313,"y":0.21},"color_temp_white":250,"device_temperature":36,"dimming_range_maximum":100,"dimming_range_minimum":1,"effect":null,"effect_speed":0,"identify":null,"level_config_white":{"off_transition_time":1.5,"on_transition_time":1.5},"linkquality":32,"off_on_duration":null,"on_off_duration":null,"power_on_behavior":null,"power_on_behaviour":"off","power_outage_count":48,"state":"OFF","state_rgb":"OFF","state_white":"OFF","update":{"installed_version":-1,"latest_version":-1,"state":null}}'
[2026-06-08 04:04:45] info: 	z2m:mqtt: MQTT publish: topic 'zigbee2mqtt/Workshop Light/white', payload '{"brightness":254,"color_mode":"color_temp","color_temp":250,"level_config":{"off_transition_time":1.5,"on_transition_time":1.5},"state":"OFF"}'
[2026-06-08 04:04:45] info: 	z2m:mqtt: MQTT publish: topic 'zigbee2mqtt/Workshop Light/rgb', payload '{"brightness":112,"color":{"x":0.313,"y":0.21},"color_mode":"xy","state":"OFF"}'
[2026-06-08 04:04:49] info: 	z2m:mqtt: MQTT publish: topic 'zigbee2mqtt/Workshop Light', payload '{"brightness_rgb":112,"brightness_white":254,"color_mode_rgb":"xy","color_mode_white":"color_temp","color_rgb":{"x":0.313,"y":0.21},"color_temp_white":250,"device_temperature":36,"dimming_range_maximum":100,"dimming_range_minimum":1,"effect":null,"effect_speed":0,"identify":null,"level_config_white":{"off_transition_time":1.5,"on_transition_time":1.5},"linkquality":32,"off_on_duration":null,"on_off_duration":null,"power_on_behavior":null,"power_on_behaviour":"off","power_outage_count":48,"state":"OFF","state_rgb":"OFF","state_white":"OFF","update":{"installed_version":-1,"latest_version":-1,"state":null}}'
[2026-06-08 04:04:49] info: 	z2m:mqtt: MQTT publish: topic 'zigbee2mqtt/Workshop Light/white', payload '{"brightness":254,"color_mode":"color_temp","color_temp":250,"level_config":{"off_transition_time":1.5,"on_transition_time":1.5},"state":"OFF"}'
[2026-06-08 04:04:49] info: 	z2m:mqtt: MQTT publish: topic 'zigbee2mqtt/Workshop Light/rgb', payload '{"brightness":112,"color":{"x":0.313,"y":0.21},"color_mode":"xy","state":"OFF"}'
[2026-06-08 04:04:49] info: 	z2m:mqtt: MQTT publish: topic 'zigbee2mqtt/Workshop Light', payload '{"brightness_rgb":112,"brightness_white":254,"color_mode_rgb":"xy","color_mode_white":"color_temp","color_rgb":{"x":0.313,"y":0.21},"color_temp_white":250,"device_temperature":36,"dimming_range_maximum":100,"dimming_range_minimum":1,"effect":null,"effect_speed":0,"identify":null,"level_config_white":{"off_transition_time":1.5,"on_transition_time":1.5},"linkquality":32,"off_on_duration":null,"on_off_duration":null,"power_on_behavior":null,"power_on_behaviour":"off","power_outage_count":48,"state":"OFF","state_rgb":"OFF","state_white":"OFF","update":{"installed_version":-1,"latest_version":-1,"state":null}}'
[2026-06-08 04:04:49] info: 	z2m:mqtt: MQTT publish: topic 'zigbee2mqtt/Workshop Light/white', payload '{"brightness":254,"color_mode":"color_temp","color_temp":250,"level_config":{"off_transition_time":1.5,"on_transition_time":1.5},"state":"OFF"}'
[2026-06-08 04:04:49] info: 	z2m:mqtt: MQTT publish: topic 'zigbee2mqtt/Workshop Light/rgb', payload '{"brightness":112,"color":{"x":0.313,"y":0.21},"color_mode":"xy","state":"OFF"}'
[2026-06-08 04:04:49] error: 	z2m: Failed to configure 'Workshop Light', attempt 2 (Error: Device 0x54ef441000b757df has no input cluster manuSpecificLumi
    at getEndpointsWithCluster (/app/node_modules/.pnpm/zigbee-herdsman-converters@26.61.1/node_modules/zigbee-herdsman-converters/src/lib/utils.ts:755:15)
    at configure (/app/node_modules/.pnpm/zigbee-herdsman-converters@26.61.1/node_modules/zigbee-herdsman-converters/src/lib/modernExtend.ts:228:52)
    at Object.configure (/app/node_modules/.pnpm/zigbee-herdsman-converters@26.61.1/node_modules/zigbee-herdsman-converters/src/index.ts:363:27)
    at processTicksAndRejections (node:internal/process/task_queues:103:5)
    at Configure.configure (/app/lib/extension/configure.ts:135:13)
    at EventEmitter.wrappedCallback (/app/lib/eventBus.ts:252:17))
[2026-06-08 04:06:44] info: 	z2m:mqtt: MQTT publish: topic 'zigbee2mqtt/Alarm Keypad', payload '{"action_code":null,"action_transaction":null,"action_zone":null,"battery":100,"battery_low":false,"linkquality":32,"tamper":false,"update":{"installed_version":131078,"latest_release_notes":null,"latest_source":"https://raw.githubusercontent.com/Koenkk/zigbee-OTA/master/images/Develco/IntelligentKeyPad_2.0.5.zigbee","latest_version":131077,"state":"idle"},"voltage":5100}'
[2026-06-08 04:08:26] info: 	z2m:mqtt: MQTT publish: topic 'zigbee2mqtt/Button 3 - Workshop', payload '{"battery":90,"identify":null,"linkquality":32,"update":{"installed_version":604241926,"latest_release_notes":"Enables double-clicks.\r\nhttps://www.zigbee2mqtt.io/devices/E1812.html\r\nhttps://ww8.ikea.com/ikeahomesmart/releasenotes/releasenotes.html","latest_source":"https://raw.githubusercontent.com/Koenkk/zigbee-OTA/master/images/IKEA/tradfri-shortcut-button_release_prod_v604241926_56f5d8d1-78b1-4088-afc1-05d3b7e3314b.ota","latest_version":604241926,"state":"idle"}}'
[2026-06-08 04:10:37] info: 	z2m:mqtt: MQTT publish: topic 'zigbee2mqtt/bridge/health', payload '{"response_time":1780884637711,"os":{"load_average":[0.08,0.13,0.1],"memory_used_mb":4352.55,"memory_percent":13.8561},"process":{"uptime_sec":606,"memory_used_mb":139.69,"memory_percent":0.4447},"mqtt":{"connected":true,"queued":0,"published":151,"received":160},"devices":{"0x0015bc0043006306":{"messages":3,"messages_per_sec":0.0056,"leave_count":0,"network_address_changes":0},"0x54ef441000b757df":{"messages":18,"messages_per_sec":0.0494,"leave_count":0,"network_address_changes":0},"0xb4e3f9fffe753317":{"messages":2,"messages_per_sec":0.0151,"leave_count":0,"network_address_changes":0}}}'
[2026-06-08 04:11:22] info: 	z2m: Configuring 'Workshop Light'
[2026-06-08 04:11:22] info: 	z2m:mqtt: MQTT publish: topic 'zigbee2mqtt/Workshop Light', payload '{"brightness_rgb":112,"brightness_white":254,"color_mode_rgb":"xy","color_mode_white":"color_temp","color_rgb":{"x":0.313,"y":0.21},"color_temp_white":250,"device_temperature":36,"dimming_range_maximum":100,"dimming_range_minimum":1,"effect":null,"effect_speed":0,"identify":null,"level_config_white":{"off_transition_time":1.5,"on_transition_time":1.5},"linkquality":32,"off_on_duration":null,"on_off_duration":null,"power_on_behavior":null,"power_on_behaviour":"off","power_outage_count":48,"state":"OFF","state_rgb":"OFF","state_white":"OFF","update":{"installed_version":-1,"latest_version":-1,"state":null}}'
[2026-06-08 04:11:22] info: 	z2m:mqtt: MQTT publish: topic 'zigbee2mqtt/Workshop Light/white', payload '{"brightness":254,"color_mode":"color_temp","color_temp":250,"level_config":{"off_transition_time":1.5,"on_transition_time":1.5},"state":"OFF"}'
[2026-06-08 04:11:22] info: 	z2m:mqtt: MQTT publish: topic 'zigbee2mqtt/Workshop Light/rgb', payload '{"brightness":112,"color":{"x":0.313,"y":0.21},"color_mode":"xy","state":"OFF"}'
[2026-06-08 04:11:22] info: 	z2m:mqtt: MQTT publish: topic 'zigbee2mqtt/Workshop Light', payload '{"brightness_rgb":112,"brightness_white":254,"color_mode_rgb":"xy","color_mode_white":"color_temp","color_rgb":{"x":0.313,"y":0.21},"color_temp_white":250,"device_temperature":36,"dimming_range_maximum":100,"dimming_range_minimum":1,"effect":null,"effect_speed":0,"identify":null,"level_config_white":{"off_transition_time":1.5,"on_transition_time":1.5},"linkquality":32,"off_on_duration":null,"on_off_duration":null,"power_on_behavior":null,"power_on_behaviour":"off","power_outage_count":48,"state":"OFF","state_rgb":"OFF","state_white":"OFF","update":{"installed_version":-1,"latest_version":-1,"state":null}}'
[2026-06-08 04:11:22] info: 	z2m:mqtt: MQTT publish: topic 'zigbee2mqtt/Workshop Light/white', payload '{"brightness":254,"color_mode":"color_temp","color_temp":250,"level_config":{"off_transition_time":1.5,"on_transition_time":1.5},"state":"OFF"}'
[2026-06-08 04:11:22] info: 	z2m:mqtt: MQTT publish: topic 'zigbee2mqtt/Workshop Light/rgb', payload '{"brightness":112,"color":{"x":0.313,"y":0.21},"color_mode":"xy","state":"OFF"}'
[2026-06-08 04:11:22] info: 	z2m:mqtt: MQTT publish: topic 'zigbee2mqtt/Workshop Light', payload '{"brightness_rgb":112,"brightness_white":254,"color_mode_rgb":"xy","color_mode_white":"color_temp","color_rgb":{"x":0.313,"y":0.21},"color_temp_white":250,"device_temperature":36,"dimming_range_maximum":100,"dimming_range_minimum":1,"effect":null,"effect_speed":0,"identify":null,"level_config_white":{"off_transition_time":1.5,"on_transition_time":1.5},"linkquality":32,"off_on_duration":null,"on_off_duration":null,"power_on_behavior":null,"power_on_behaviour":"off","power_outage_count":48,"state":"OFF","state_rgb":"OFF","state_white":"OFF","update":{"installed_version":-1,"latest_version":-1,"state":null}}'
[2026-06-08 04:11:22] info: 	z2m:mqtt: MQTT publish: topic 'zigbee2mqtt/Workshop Light/white', payload '{"brightness":254,"color_mode":"color_temp","color_temp":250,"level_config":{"off_transition_time":1.5,"on_transition_time":1.5},"state":"OFF"}'
[2026-06-08 04:11:22] info: 	z2m:mqtt: MQTT publish: topic 'zigbee2mqtt/Workshop Light/rgb', payload '{"brightness":112,"color":{"x":0.313,"y":0.21},"color_mode":"xy","state":"OFF"}'
[2026-06-08 04:11:22] info: 	z2m:mqtt: MQTT publish: topic 'zigbee2mqtt/Workshop Light', payload '{"brightness_rgb":112,"brightness_white":254,"color_mode_rgb":"xy","color_mode_white":"color_temp","color_rgb":{"x":0.313,"y":0.21},"color_temp_white":250,"device_temperature":36,"dimming_range_maximum":100,"dimming_range_minimum":1,"effect":null,"effect_speed":0,"identify":null,"level_config_white":{"off_transition_time":1.5,"on_transition_time":1.5},"linkquality":32,"off_on_duration":null,"on_off_duration":null,"power_on_behavior":null,"power_on_behaviour":"off","power_outage_count":48,"state":"OFF","state_rgb":"OFF","state_white":"OFF","update":{"installed_version":-1,"latest_version":-1,"state":null}}'
[2026-06-08 04:11:22] info: 	z2m:mqtt: MQTT publish: topic 'zigbee2mqtt/Workshop Light/white', payload '{"brightness":254,"color_mode":"color_temp","color_temp":250,"level_config":{"off_transition_time":1.5,"on_transition_time":1.5},"state":"OFF"}'
[2026-06-08 04:11:22] info: 	z2m:mqtt: MQTT publish: topic 'zigbee2mqtt/Workshop Light/rgb', payload '{"brightness":112,"color":{"x":0.313,"y":0.21},"color_mode":"xy","state":"OFF"}'
[2026-06-08 04:11:24] info: 	z2m:mqtt: MQTT publish: topic 'zigbee2mqtt/Workshop Light', payload '{"brightness_rgb":112,"brightness_white":254,"color_mode_rgb":"xy","color_mode_white":"color_temp","color_rgb":{"x":0.313,"y":0.21},"color_temp_white":250,"device_temperature":36,"dimming_range_maximum":100,"dimming_range_minimum":1,"effect":null,"effect_speed":0,"identify":null,"level_config_white":{"off_transition_time":1.5,"on_transition_time":1.5},"linkquality":32,"off_on_duration":null,"on_off_duration":null,"power_on_behavior":null,"power_on_behaviour":"off","power_outage_count":48,"state":"OFF","state_rgb":"OFF","state_white":"OFF","update":{"installed_version":-1,"latest_version":-1,"state":null}}'
[2026-06-08 04:11:24] info: 	z2m:mqtt: MQTT publish: topic 'zigbee2mqtt/Workshop Light/white', payload '{"brightness":254,"color_mode":"color_temp","color_temp":250,"level_config":{"off_transition_time":1.5,"on_transition_time":1.5},"state":"OFF"}'
[2026-06-08 04:11:24] info: 	z2m:mqtt: MQTT publish: topic 'zigbee2mqtt/Workshop Light/rgb', payload '{"brightness":112,"color":{"x":0.313,"y":0.21},"color_mode":"xy","state":"OFF"}'
[2026-06-08 04:11:24] info: 	z2m:mqtt: MQTT publish: topic 'zigbee2mqtt/Workshop Light', payload '{"brightness_rgb":112,"brightness_white":254,"color_mode_rgb":"xy","color_mode_white":"color_temp","color_rgb":{"x":0.313,"y":0.21},"color_temp_white":250,"device_temperature":36,"dimming_range_maximum":100,"dimming_range_minimum":1,"effect":null,"effect_speed":0,"identify":null,"level_config_white":{"off_transition_time":1.5,"on_transition_time":1.5},"linkquality":32,"off_on_duration":null,"on_off_duration":null,"power_on_behavior":null,"power_on_behaviour":"off","power_outage_count":48,"state":"OFF","state_rgb":"OFF","state_white":"OFF","update":{"installed_version":-1,"latest_version":-1,"state":null}}'
[2026-06-08 04:11:24] info: 	z2m:mqtt: MQTT publish: topic 'zigbee2mqtt/Workshop Light/white', payload '{"brightness":254,"color_mode":"color_temp","color_temp":250,"level_config":{"off_transition_time":1.5,"on_transition_time":1.5},"state":"OFF"}'
[2026-06-08 04:11:24] info: 	z2m:mqtt: MQTT publish: topic 'zigbee2mqtt/Workshop Light/rgb', payload '{"brightness":112,"color":{"x":0.313,"y":0.21},"color_mode":"xy","state":"OFF"}'
[2026-06-08 04:11:24] error: 	z2m: Failed to configure 'Workshop Light', attempt 3 (Error: Device 0x54ef441000b757df has no input cluster manuSpecificLumi
    at getEndpointsWithCluster (/app/node_modules/.pnpm/zigbee-herdsman-converters@26.61.1/node_modules/zigbee-herdsman-converters/src/lib/utils.ts:755:15)
    at configure (/app/node_modules/.pnpm/zigbee-herdsman-converters@26.61.1/node_modules/zigbee-herdsman-converters/src/lib/modernExtend.ts:228:52)
    at Object.configure (/app/node_modules/.pnpm/zigbee-herdsman-converters@26.61.1/node_modules/zigbee-herdsman-converters/src/index.ts:363:27)
    at processTicksAndRejections (node:internal/process/task_queues:103:5)
    at Configure.configure (/app/lib/extension/configure.ts:135:13)
    at EventEmitter.wrappedCallback (/app/lib/eventBus.ts:252:17))
[2026-06-08 04:11:34] info: 	z2m:mqtt: MQTT publish: topic 'zigbee2mqtt/Alarm Keypad', payload '{"action_code":null,"action_transaction":null,"action_zone":null,"battery":100,"battery_low":false,"linkquality":36,"tamper":false,"update":{"installed_version":131078,"latest_release_notes":null,"latest_source":"https://raw.githubusercontent.com/Koenkk/zigbee-OTA/master/images/Develco/IntelligentKeyPad_2.0.5.zigbee","latest_version":131077,"state":"idle"},"voltage":5100}'
[2026-06-08 04:16:35] info: 	z2m:mqtt: MQTT publish: topic 'zigbee2mqtt/Alarm Keypad', payload '{"action_code":null,"action_transaction":null,"action_zone":null,"battery":100,"battery_low":false,"linkquality":32,"tamper":false,"update":{"installed_version":131078,"latest_release_notes":null,"latest_source":"https://raw.githubusercontent.com/Koenkk/zigbee-OTA/master/images/Develco/IntelligentKeyPad_2.0.5.zigbee","latest_version":131077,"state":"idle"},"voltage":5100}'
[2026-06-08 04:18:16] info: 	z2m:mqtt: MQTT publish: topic 'zigbee2mqtt/Workshop Light', payload '{"brightness_rgb":112,"brightness_white":254,"color_mode_rgb":"xy","color_mode_white":"color_temp","color_rgb":{"x":0.313,"y":0.21},"color_temp_white":250,"device_temperature":36,"dimming_range_maximum":100,"dimming_range_minimum":1,"effect":null,"effect_speed":0,"identify":null,"level_config_white":{"off_transition_time":1.5,"on_transition_time":1.5},"linkquality":32,"off_on_duration":null,"on_off_duration":null,"power_on_behavior":null,"power_on_behaviour":"off","power_outage_count":48,"state":"OFF","state_rgb":"OFF","state_white":"OFF","update":{"installed_version":-1,"latest_version":-1,"state":null}}'
[2026-06-08 04:18:16] info: 	z2m:mqtt: MQTT publish: topic 'zigbee2mqtt/Workshop Light/white', payload '{"brightness":254,"color_mode":"color_temp","color_temp":250,"level_config":{"off_transition_time":1.5,"on_transition_time":1.5},"state":"OFF"}'
[2026-06-08 04:18:16] info: 	z2m:mqtt: MQTT publish: topic 'zigbee2mqtt/Workshop Light/rgb', payload '{"brightness":112,"color":{"x":0.313,"y":0.21},"color_mode":"xy","state":"OFF"}'
[2026-06-08 04:18:22] info: 	z2m:mqtt: MQTT publish: topic 'zigbee2mqtt/Alarm Keypad', payload '{"action_code":null,"action_transaction":null,"action_zone":null,"battery":100,"battery_low":false,"linkquality":32,"tamper":false,"update":{"installed_version":131078,"latest_release_notes":null,"latest_source":"https://raw.githubusercontent.com/Koenkk/zigbee-OTA/master/images/Develco/IntelligentKeyPad_2.0.5.zigbee","latest_version":131077,"state":"idle"},"voltage":5100}'
[2026-06-08 04:20:37] info: 	z2m:mqtt: MQTT publish: topic 'zigbee2mqtt/bridge/health', payload '{"response_time":1780885237711,"os":{"load_average":[0.26,0.25,0.18],"memory_used_mb":4354.12,"memory_percent":13.8611},"process":{"uptime_sec":1206,"memory_used_mb":139.86,"memory_percent":0.4452},"mqtt":{"connected":true,"queued":0,"published":203,"received":160},"devices":{"0x0015bc0043006306":{"messages":9,"messages_per_sec":0.0079,"leave_count":0,"network_address_changes":0},"0x54ef441000b757df":{"messages":31,"messages_per_sec":0.0321,"leave_count":0,"network_address_changes":0},"0xb4e3f9fffe753317":{"messages":2,"messages_per_sec":0.0027,"leave_count":0,"network_address_changes":0}}}'
[2026-06-08 04:20:58] warning: 	z2m: Failed to ping 'Alarm Siren' (attempt 1/1, ZCL command 0x0015bc0041007a25/43 genBasic.read(["zclVersion"], {"timeout":10000,"disableResponse":false,"disableRecovery":true,"disableDefaultResponse":true,"direction":0,"reservedBits":0,"writeUndiv":false,"sendPolicy":"immediate"}) failed (Data request failed with error: 'NWK_NO_ROUTE' (0xcd)))
[2026-06-08 04:21:38] info: 	z2m:mqtt: MQTT publish: topic 'zigbee2mqtt/Alarm Keypad', payload '{"action_code":null,"action_transaction":null,"action_zone":null,"battery":100,"battery_low":false,"linkquality":36,"tamper":false,"update":{"installed_version":131078,"latest_release_notes":null,"latest_source":"https://raw.githubusercontent.com/Koenkk/zigbee-OTA/master/images/Develco/IntelligentKeyPad_2.0.5.zigbee","latest_version":131077,"state":"idle"},"voltage":5100}'
[2026-06-08 04:21:39] warning: 	z2m: Failed to ping 'Smart Plug Z1' (attempt 1/1, ZCL command 0xa4c13812921dddfd/1 genBasic.read(["zclVersion"], {"timeout":10000,"disableResponse":false,"disableRecovery":true,"disableDefaultResponse":true,"direction":0,"reservedBits":0,"writeUndiv":false,"sendPolicy":"immediate"}) failed (Data request failed with error: 'NWK_NO_ROUTE' (0xcd)))
[2026-06-08 04:21:43] warning: 	z2m: Failed to ping 'Alarm Repeater' (attempt 1/1, ZCL command 0x0015bc0022000242/37 genBasic.read(["zclVersion"], {"timeout":10000,"disableResponse":false,"disableRecovery":true,"disableDefaultResponse":true,"direction":0,"reservedBits":0,"writeUndiv":false,"sendPolicy":"immediate"}) failed (Data request failed with error: 'NWK_NO_ROUTE' (0xcd)))
[2026-06-08 04:21:48] warning: 	z2m: Failed to ping 'Kitchen Presence' (attempt 1/1, ZCL command 0x54ef44100124a3ca/1 genBasic.read(["zclVersion"], {"timeout":10000,"disableResponse":false,"disableRecovery":true,"disableDefaultResponse":true,"direction":0,"reservedBits":0,"writeUndiv":false,"sendPolicy":"immediate"}) failed (Data request failed with error: 'NWK_NO_ROUTE' (0xcd)))
[2026-06-08 04:24:02] info: 	z2m:mqtt: MQTT publish: topic 'zigbee2mqtt/Workshop Light', payload '{"brightness_rgb":112,"brightness_white":254,"color_mode_rgb":"xy","color_mode_white":"color_temp","color_rgb":{"x":0.313,"y":0.21},"color_temp_white":250,"device_temperature":36,"dimming_range_maximum":100,"dimming_range_minimum":1,"effect":null,"effect_speed":0,"identify":null,"level_config_white":{"off_transition_time":1.5,"on_transition_time":1.5},"linkquality":32,"off_on_duration":null,"on_off_duration":null,"power_on_behavior":null,"power_on_behaviour":"off","power_outage_count":48,"state":"OFF","state_rgb":"OFF","state_white":"OFF","update":{"installed_version":-1,"latest_version":-1,"state":null}}'
[2026-06-08 04:24:02] info: 	z2m:mqtt: MQTT publish: topic 'zigbee2mqtt/Workshop Light/white', payload '{"brightness":254,"color_mode":"color_temp","color_temp":250,"level_config":{"off_transition_time":1.5,"on_transition_time":1.5},"state":"OFF"}'
[2026-06-08 04:24:02] info: 	z2m:mqtt: MQTT publish: topic 'zigbee2mqtt/Workshop Light/rgb', payload '{"brightness":112,"color":{"x":0.313,"y":0.21},"color_mode":"xy","state":"OFF"}'
[2026-06-08 04:24:09] info: 	z2m: Configuring 'Water Sensor 1'
[2026-06-08 04:24:09] info: 	z2m:mqtt: MQTT publish: topic 'zigbee2mqtt/bridge/event', payload '{"data":{"friendly_name":"Water Sensor 1","ieee_address":"0x5c0272fffebb9cde"},"type":"device_announce"}'
[2026-06-08 04:24:20] error: 	zh:controller:device: Handling of IAS zone enroll for 0x5c0272fffebb9cde failed (ZCL command 0x5c0272fffebb9cde/1 ssIasZone.enrollRsp({"enrollrspcode":0,"zoneid":23}, {"timeout":10000,"disableResponse":false,"disableRecovery":false,"disableDefaultResponse":true,"direction":0,"reservedBits":0,"transactionSequenceNumber":41,"writeUndiv":false}) failed (Data request failed with error: 'TIMEOUT'))
[2026-06-08 04:24:26] error: 	z2m: Failed to configure 'Water Sensor 1', attempt 1 (Error: ZCL command 0x5c0272fffebb9cde/1 genPowerCfg.configReport([{"attribute":"batteryPercentageRemaining","minimumReportInterval":3600,"maximumReportInterval":65000,"reportableChange":0}], {"timeout":10000,"disableResponse":false,"disableRecovery":false,"disableDefaultResponse":true,"direction":0,"reservedBits":0,"writeUndiv":false}) failed (SRSP - AF - dataRequest after 6000ms)
    at Object.start (/app/node_modules/.pnpm/zigbee-herdsman@10.1.0/node_modules/zigbee-herdsman/src/utils/waitress.ts:68:23)
    at /app/node_modules/.pnpm/zigbee-herdsman@10.1.0/node_modules/zigbee-herdsman/src/adapter/z-stack/znp/znp.ts:256:45
    at AsyncMutex.run (/app/node_modules/.pnpm/zigbee-herdsman@10.1.0/node_modules/zigbee-herdsman/src/utils/async-mutex.ts:17:26)
    at Znp.request (/app/node_modules/.pnpm/zigbee-herdsman@10.1.0/node_modules/zigbee-herdsman/src/adapter/z-stack/znp/znp.ts:249:27)
    at ZStackAdapter.dataRequest (/app/node_modules/.pnpm/zigbee-herdsman@10.1.0/node_modules/zigbee-herdsman/src/adapter/z-stack/adapter/zStackAdapter.ts:1149:24)
    at ZStackAdapter.sendZclFrameToEndpointInternal (/app/node_modules/.pnpm/zigbee-herdsman@10.1.0/node_modules/zigbee-herdsman/src/adapter/z-stack/adapter/zStackAdapter.ts:534:46)
    at /app/node_modules/.pnpm/zigbee-herdsman@10.1.0/node_modules/zigbee-herdsman/src/adapter/z-stack/adapter/zStackAdapter.ts:472:31
    at Queue.execute (/app/node_modules/.pnpm/zigbee-herdsman@10.1.0/node_modules/zigbee-herdsman/src/utils/queue.ts:38:26)
    at ZStackAdapter.sendZclFrameToEndpoint (/app/node_modules/.pnpm/zigbee-herdsman@10.1.0/node_modules/zigbee-herdsman/src/adapter/z-stack/adapter/zStackAdapter.ts:470:16)
    at Request.send (/app/node_modules/.pnpm/zigbee-herdsman@10.1.0/node_modules/zigbee-herdsman/src/controller/helpers/request.ts:86:25))
[2026-06-08 04:24:29] info: 	z2m: Configuring 'Water Sensor 1'
[2026-06-08 04:24:29] info: 	z2m:mqtt: MQTT publish: topic 'zigbee2mqtt/Water Sensor 1', payload '{"battery":70,"battery_low":false,"linkquality":40,"tamper":false,"voltage":2800,"water_leak":false}'
[2026-06-08 04:24:29] info: 	z2m:mqtt: MQTT publish: topic 'zigbee2mqtt/Water Sensor 1', payload '{"battery":70,"battery_low":false,"linkquality":40,"tamper":false,"voltage":2800,"water_leak":false}'
[2026-06-08 04:24:29] info: 	z2m:mqtt: MQTT publish: topic 'zigbee2mqtt/Water Sensor 1', payload '{"battery":70,"battery_low":false,"linkquality":40,"tamper":false,"voltage":2800,"water_leak":false}'
[2026-06-08 04:24:29] info: 	z2m:mqtt: MQTT publish: topic 'zigbee2mqtt/Water Sensor 1', payload '{"battery":70,"battery_low":false,"linkquality":40,"tamper":false,"voltage":2800,"water_leak":false}'
[2026-06-08 04:24:29] info: 	z2m:mqtt: MQTT publish: topic 'zigbee2mqtt/Water Sensor 1', payload '{"battery":70,"battery_low":false,"linkquality":40,"tamper":false,"voltage":2800,"water_leak":false}'
[2026-06-08 04:24:29] info: 	z2m:mqtt: MQTT publish: topic 'zigbee2mqtt/Water Sensor 1', payload '{"battery":70,"battery_low":false,"linkquality":40,"tamper":false,"voltage":2800,"water_leak":false}'
[2026-06-08 04:24:29] info: 	z2m:mqtt: MQTT publish: topic 'zigbee2mqtt/Water Sensor 1', payload '{"battery":70,"battery_low":false,"linkquality":40,"tamper":false,"voltage":2800,"water_leak":false}'
[2026-06-08 04:24:29] info: 	z2m:mqtt: MQTT publish: topic 'zigbee2mqtt/Water Sensor 1', payload '{"battery":70,"battery_low":false,"linkquality":40,"tamper":false,"voltage":2800,"water_leak":false}'
[2026-06-08 04:24:29] info: 	z2m:mqtt: MQTT publish: topic 'zigbee2mqtt/Water Sensor 1', payload '{"battery":70,"battery_low":false,"linkquality":40,"tamper":false,"voltage":2800,"water_leak":false}'
[2026-06-08 04:24:29] info: 	z2m:mqtt: MQTT publish: topic 'zigbee2mqtt/Water Sensor 1', payload '{"battery":70,"battery_low":false,"linkquality":40,"tamper":false,"voltage":2800,"water_leak":false}'
[2026-06-08 04:24:29] info: 	z2m:mqtt: MQTT publish: topic 'zigbee2mqtt/Water Sensor 1', payload '{"battery":70,"battery_low":false,"linkquality":40,"tamper":false,"voltage":2800,"water_leak":false}'
[2026-06-08 04:24:29] info: 	z2m:mqtt: MQTT publish: topic 'zigbee2mqtt/Water Sensor 1', payload '{"battery":70,"battery_low":false,"linkquality":40,"tamper":false,"voltage":2800,"water_leak":false}'
[2026-06-08 04:24:29] info: 	z2m:mqtt: MQTT publish: topic 'zigbee2mqtt/Water Sensor 1', payload '{"battery":70,"battery_low":false,"linkquality":40,"tamper":false,"voltage":2800,"water_leak":false}'
[2026-06-08 04:24:29] info: 	z2m:mqtt: MQTT publish: topic 'zigbee2mqtt/Water Sensor 1', payload '{"battery":70,"battery_low":false,"linkquality":43,"tamper":false,"voltage":2800,"water_leak":false}'
[2026-06-08 04:25:15] error: 	z2m: Failed to configure 'Water Sensor 1', attempt 2 (Error: ZCL command 0x5c0272fffebb9cde/1 genPowerCfg.configReport([{"attribute":"batteryPercentageRemaining","minimumReportInterval":3600,"maximumReportInterval":65000,"reportableChange":0}], {"timeout":10000,"disableResponse":false,"disableRecovery":false,"disableDefaultResponse":true,"direction":0,"reservedBits":0,"writeUndiv":false}) failed (SRSP - AF - dataRequest after 6000ms)
    at Object.start (/app/node_modules/.pnpm/zigbee-herdsman@10.1.0/node_modules/zigbee-herdsman/src/utils/waitress.ts:68:23)
    at /app/node_modules/.pnpm/zigbee-herdsman@10.1.0/node_modules/zigbee-herdsman/src/adapter/z-stack/znp/znp.ts:256:45
    at AsyncMutex.run (/app/node_modules/.pnpm/zigbee-herdsman@10.1.0/node_modules/zigbee-herdsman/src/utils/async-mutex.ts:17:26)
    at Znp.request (/app/node_modules/.pnpm/zigbee-herdsman@10.1.0/node_modules/zigbee-herdsman/src/adapter/z-stack/znp/znp.ts:249:27)
    at ZStackAdapter.dataRequest (/app/node_modules/.pnpm/zigbee-herdsman@10.1.0/node_modules/zigbee-herdsman/src/adapter/z-stack/adapter/zStackAdapter.ts:1149:24)
    at ZStackAdapter.sendZclFrameToEndpointInternal (/app/node_modules/.pnpm/zigbee-herdsman@10.1.0/node_modules/zigbee-herdsman/src/adapter/z-stack/adapter/zStackAdapter.ts:534:46)
    at /app/node_modules/.pnpm/zigbee-herdsman@10.1.0/node_modules/zigbee-herdsman/src/adapter/z-stack/adapter/zStackAdapter.ts:472:31
    at Queue.execute (/app/node_modules/.pnpm/zigbee-herdsman@10.1.0/node_modules/zigbee-herdsman/src/utils/queue.ts:38:26)
    at ZStackAdapter.sendZclFrameToEndpoint (/app/node_modules/.pnpm/zigbee-herdsman@10.1.0/node_modules/zigbee-herdsman/src/adapter/z-stack/adapter/zStackAdapter.ts:470:16)
    at Request.send (/app/node_modules/.pnpm/zigbee-herdsman@10.1.0/node_modules/zigbee-herdsman/src/controller/helpers/request.ts:86:25))
[2026-06-08 04:26:35] info: 	z2m:mqtt: MQTT publish: topic 'zigbee2mqtt/Alarm Keypad', payload '{"action_code":null,"action_transaction":null,"action_zone":null,"battery":100,"battery_low":false,"linkquality":32,"tamper":false,"update":{"installed_version":131078,"latest_release_notes":null,"latest_source":"https://raw.githubusercontent.com/Koenkk/zigbee-OTA/master/images/Develco/IntelligentKeyPad_2.0.5.zigbee","latest_version":131077,"state":"idle"},"voltage":5100}'
[2026-06-08 04:29:05] info: 	z2m:mqtt: MQTT publish: topic 'zigbee2mqtt/Workshop Light', payload '{"brightness_rgb":112,"brightness_white":254,"color_mode_rgb":"xy","color_mode_white":"color_temp","color_rgb":{"x":0.313,"y":0.21},"color_temp_white":250,"device_temperature":36,"dimming_range_maximum":100,"dimming_range_minimum":1,"effect":null,"effect_speed":0,"identify":null,"level_config_white":{"off_transition_time":1.5,"on_transition_time":1.5},"linkquality":32,"off_on_duration":null,"on_off_duration":null,"power_on_behavior":null,"power_on_behaviour":"off","power_outage_count":48,"state":"OFF","state_rgb":"OFF","state_white":"OFF","update":{"installed_version":-1,"latest_version":-1,"state":null}}'
[2026-06-08 04:29:05] info: 	z2m:mqtt: MQTT publish: topic 'zigbee2mqtt/Workshop Light/white', payload '{"brightness":254,"color_mode":"color_temp","color_temp":250,"level_config":{"off_transition_time":1.5,"on_transition_time":1.5},"state":"OFF"}'
[2026-06-08 04:29:05] info: 	z2m:mqtt: MQTT publish: topic 'zigbee2mqtt/Workshop Light/rgb', payload '{"brightness":112,"color":{"x":0.313,"y":0.21},"color_mode":"xy","state":"OFF"}'
[2026-06-08 04:30:37] info: 	z2m:mqtt: MQTT publish: topic 'zigbee2mqtt/bridge/health', payload '{"response_time":1780885837712,"os":{"load_average":[0.28,0.18,0.17],"memory_used_mb":4349.5,"memory_percent":13.8463},"process":{"uptime_sec":1806,"memory_used_mb":141.61,"memory_percent":0.4508},"mqtt":{"connected":true,"queued":0,"published":249,"received":160},"devices":{"0x0015bc0043006306":{"messages":11,"messages_per_sec":0.0063,"leave_count":0,"network_address_changes":0},"0x54ef441000b757df":{"messages":35,"messages_per_sec":0.0224,"leave_count":0,"network_address_changes":0},"0xb4e3f9fffe753317":{"messages":2,"messages_per_sec":0.0015,"leave_count":0,"network_address_changes":0},"0x5c0272fffebb9cde":{"messages":44,"messages_per_sec":0.1132,"leave_count":0,"network_address_changes":0}}}'
[2026-06-08 04:31:56] info: 	z2m:mqtt: MQTT publish: topic 'zigbee2mqtt/Alarm Keypad', payload '{"action_code":null,"action_transaction":null,"action_zone":null,"battery":100,"battery_low":false,"linkquality":32,"tamper":false,"update":{"installed_version":131078,"latest_release_notes":null,"latest_source":"https://raw.githubusercontent.com/Koenkk/zigbee-OTA/master/images/Develco/IntelligentKeyPad_2.0.5.zigbee","latest_version":131077,"state":"idle"},"voltage":5100}'
[2026-06-08 04:34:18] info: 	z2m:mqtt: MQTT publish: topic 'zigbee2mqtt/Workshop Light', payload '{"brightness_rgb":112,"brightness_white":254,"color_mode_rgb":"xy","color_mode_white":"color_temp","color_rgb":{"x":0.313,"y":0.21},"color_temp_white":250,"device_temperature":37,"dimming_range_maximum":100,"dimming_range_minimum":1,"effect":null,"effect_speed":0,"identify":null,"level_config_white":{"off_transition_time":1.5,"on_transition_time":1.5},"linkquality":32,"off_on_duration":null,"on_off_duration":null,"power_on_behavior":null,"power_on_behaviour":"off","power_outage_count":48,"state":"OFF","state_rgb":"OFF","state_white":"OFF","update":{"installed_version":-1,"latest_version":-1,"state":null}}'
[2026-06-08 04:34:18] info: 	z2m:mqtt: MQTT publish: topic 'zigbee2mqtt/Workshop Light/white', payload '{"brightness":254,"color_mode":"color_temp","color_temp":250,"level_config":{"off_transition_time":1.5,"on_transition_time":1.5},"state":"OFF"}'
[2026-06-08 04:34:18] info: 	z2m:mqtt: MQTT publish: topic 'zigbee2mqtt/Workshop Light/rgb', payload '{"brightness":112,"color":{"x":0.313,"y":0.21},"color_mode":"xy","state":"OFF"}'
[2026-06-08 04:36:34] info: 	z2m:mqtt: MQTT publish: topic 'zigbee2mqtt/Alarm Keypad', payload '{"action_code":null,"action_transaction":null,"action_zone":null,"battery":100,"battery_low":false,"linkquality":32,"tamper":false,"update":{"installed_version":131078,"latest_release_notes":null,"latest_source":"https://raw.githubusercontent.com/Koenkk/zigbee-OTA/master/images/Develco/IntelligentKeyPad_2.0.5.zigbee","latest_version":131077,"state":"idle"},"voltage":5100}'
[2026-06-08 04:39:23] info: 	z2m:mqtt: MQTT publish: topic 'zigbee2mqtt/Workshop Light', payload '{"brightness_rgb":112,"brightness_white":254,"color_mode_rgb":"xy","color_mode_white":"color_temp","color_rgb":{"x":0.313,"y":0.21},"color_temp_white":250,"device_temperature":35,"dimming_range_maximum":100,"dimming_range_minimum":1,"effect":null,"effect_speed":0,"identify":null,"level_config_white":{"off_transition_time":1.5,"on_transition_time":1.5},"linkquality":32,"off_on_duration":null,"on_off_duration":null,"power_on_behavior":null,"power_on_behaviour":"off","power_outage_count":48,"state":"OFF","state_rgb":"OFF","state_white":"OFF","update":{"installed_version":-1,"latest_version":-1,"state":null}}'
[2026-06-08 04:39:23] info: 	z2m:mqtt: MQTT publish: topic 'zigbee2mqtt/Workshop Light/white', payload '{"brightness":254,"color_mode":"color_temp","color_temp":250,"level_config":{"off_transition_time":1.5,"on_transition_time":1.5},"state":"OFF"}'
[2026-06-08 04:39:23] info: 	z2m:mqtt: MQTT publish: topic 'zigbee2mqtt/Workshop Light/rgb', payload '{"brightness":112,"color":{"x":0.313,"y":0.21},"color_mode":"xy","state":"OFF"}'
[2026-06-08 04:40:37] info: 	z2m:mqtt: MQTT publish: topic 'zigbee2mqtt/bridge/health', payload '{"response_time":1780886437714,"os":{"load_average":[0.02,0.11,0.14],"memory_used_mb":4351.07,"memory_percent":13.8514},"process":{"uptime_sec":2406,"memory_used_mb":141.78,"memory_percent":0.4514},"mqtt":{"connected":true,"queued":0,"published":267,"received":160},"devices":{"0x0015bc0043006306":{"messages":14,"messages_per_sec":0.006,"leave_count":0,"network_address_changes":0},"0x54ef441000b757df":{"messages":39,"messages_per_sec":0.018,"leave_count":0,"network_address_changes":0},"0xb4e3f9fffe753317":{"messages":2,"messages_per_sec":0.001,"leave_count":0,"network_address_changes":0},"0x5c0272fffebb9cde":{"messages":44,"messages_per_sec":0.0445,"leave_count":0,"network_address_changes":0},"0x04cd15fffe268dcc":{"messages":1,"messages_per_sec":0.0028,"leave_count":0,"network_address_changes":0}}}'
[2026-06-08 04:41:34] info: 	z2m:mqtt: MQTT publish: topic 'zigbee2mqtt/Alarm Keypad', payload '{"action_code":null,"action_transaction":null,"action_zone":null,"battery":100,"battery_low":false,"linkquality":32,"tamper":false,"update":{"installed_version":131078,"latest_release_notes":null,"latest_source":"https://raw.githubusercontent.com/Koenkk/zigbee-OTA/master/images/Develco/IntelligentKeyPad_2.0.5.zigbee","latest_version":131077,"state":"idle"},"voltage":5100}'
[2026-06-08 04:42:07] info: 	z2m:mqtt: MQTT publish: topic 'zigbee2mqtt/Philips Backyard Sensor', payload '{"battery":100,"illuminance":1,"led_indication":true,"linkquality":83,"motion_sensitivity":"high","occupancy":false,"occupancy_timeout":60,"temperature":20.68,"update":{"installed_version":1124103169,"latest_release_notes":null,"latest_source":"https://raw.githubusercontent.com/Koenkk/zigbee-OTA/master/images/Hue/Sensor-ATmega_0012.sbl-ota","latest_version":1124103169,"state":"idle"}}'
[2026-06-08 04:43:42] info: 	z2m:mqtt: MQTT publish: topic 'zigbee2mqtt/Button 1 - Kitchen', payload '{"battery":90,"identify":null,"linkquality":32,"update":{"installed_version":604241926,"latest_release_notes":"Enables double-clicks.\r\nhttps://www.zigbee2mqtt.io/devices/E1812.html\r\nhttps://ww8.ikea.com/ikeahomesmart/releasenotes/releasenotes.html","latest_source":"https://raw.githubusercontent.com/Koenkk/zigbee-OTA/master/images/IKEA/tradfri-shortcut-button_release_prod_v604241926_56f5d8d1-78b1-4088-afc1-05d3b7e3314b.ota","latest_version":604241926,"state":"idle"}}'
[2026-06-08 04:45:12] info: 	z2m:mqtt: MQTT publish: topic 'zigbee2mqtt/Workshop Light', payload '{"brightness_rgb":112,"brightness_white":254,"color_mode_rgb":"xy","color_mode_white":"color_temp","color_rgb":{"x":0.313,"y":0.21},"color_temp_white":250,"device_temperature":36,"dimming_range_maximum":100,"dimming_range_minimum":1,"effect":null,"effect_speed":0,"identify":null,"level_config_white":{"off_transition_time":1.5,"on_transition_time":1.5},"linkquality":32,"off_on_duration":null,"on_off_duration":null,"power_on_behavior":null,"power_on_behaviour":"off","power_outage_count":48,"state":"OFF","state_rgb":"OFF","state_white":"OFF","update":{"installed_version":-1,"latest_version":-1,"state":null}}'
[2026-06-08 04:45:12] info: 	z2m:mqtt: MQTT publish: topic 'zigbee2mqtt/Workshop Light/white', payload '{"brightness":254,"color_mode":"color_temp","color_temp":250,"level_config":{"off_transition_time":1.5,"on_transition_time":1.5},"state":"OFF"}'
[2026-06-08 04:45:12] info: 	z2m:mqtt: MQTT publish: topic 'zigbee2mqtt/Workshop Light/rgb', payload '{"brightness":112,"color":{"x":0.313,"y":0.21},"color_mode":"xy","state":"OFF"}'
[2026-06-08 04:46:35] info: 	z2m:mqtt: MQTT publish: topic 'zigbee2mqtt/Alarm Keypad', payload '{"action_code":null,"action_transaction":null,"action_zone":null,"battery":100,"battery_low":false,"linkquality":32,"tamper":false,"update":{"installed_version":131078,"latest_release_notes":null,"latest_source":"https://raw.githubusercontent.com/Koenkk/zigbee-OTA/master/images/Develco/IntelligentKeyPad_2.0.5.zigbee","latest_version":131077,"state":"idle"},"voltage":5100}'
[2026-06-08 04:49:42] info: 	z2m:mqtt: MQTT publish: topic 'zigbee2mqtt/Button 3 - Workshop', payload '{"battery":90,"identify":null,"linkquality":32,"update":{"installed_version":604241926,"latest_release_notes":"Enables double-clicks.\r\nhttps://www.zigbee2mqtt.io/devices/E1812.html\r\nhttps://ww8.ikea.com/ikeahomesmart/releasenotes/releasenotes.html","latest_source":"https://raw.githubusercontent.com/Koenkk/zigbee-OTA/master/images/IKEA/tradfri-shortcut-button_release_prod_v604241926_56f5d8d1-78b1-4088-afc1-05d3b7e3314b.ota","latest_version":604241926,"state":"idle"}}'
[2026-06-08 04:50:37] info: 	z2m:mqtt: MQTT publish: topic 'zigbee2mqtt/bridge/health', payload '{"response_time":1780887037715,"os":{"load_average":[0.21,0.17,0.14],"memory_used_mb":4352.44,"memory_percent":13.8557},"process":{"uptime_sec":3006,"memory_used_mb":141.88,"memory_percent":0.4517},"mqtt":{"connected":true,"queued":0,"published":285,"received":160},"devices":{"0x0015bc0043006306":{"messages":17,"messages_per_sec":0.0058,"leave_count":0,"network_address_changes":0},"0x54ef441000b757df":{"messages":43,"messages_per_sec":0.0156,"leave_count":0,"network_address_changes":0},"0xb4e3f9fffe753317":{"messages":3,"messages_per_sec":0.0012,"leave_count":0,"network_address_changes":0},"0x5c0272fffebb9cde":{"messages":44,"messages_per_sec":0.0277,"leave_count":0,"network_address_changes":0},"0x04cd15fffe268dcc":{"messages":2,"messages_per_sec":0.0021,"leave_count":0,"network_address_changes":0},"0x001788010649a073":{"messages":1,"messages_per_sec":0.002,"leave_count":0,"network_address_changes":0}}}'
[2026-06-08 04:51:36] info: 	z2m:mqtt: MQTT publish: topic 'zigbee2mqtt/Alarm Keypad', payload '{"action_code":null,"action_transaction":null,"action_zone":null,"battery":100,"battery_low":false,"linkquality":32,"tamper":false,"update":{"installed_version":131078,"latest_release_notes":null,"latest_source":"https://raw.githubusercontent.com/Koenkk/zigbee-OTA/master/images/Develco/IntelligentKeyPad_2.0.5.zigbee","latest_version":131077,"state":"idle"},"voltage":5100}'
[2026-06-08 04:52:06] info: 	z2m:mqtt: MQTT publish: topic 'zigbee2mqtt/Philips Backyard Sensor', payload '{"battery":100,"illuminance":1,"led_indication":true,"linkquality":87,"motion_sensitivity":"high","occupancy":false,"occupancy_timeout":60,"temperature":20.68,"update":{"installed_version":1124103169,"latest_release_notes":null,"latest_source":"https://raw.githubusercontent.com/Koenkk/zigbee-OTA/master/images/Hue/Sensor-ATmega_0012.sbl-ota","latest_version":1124103169,"state":"idle"}}'
[2026-06-08 04:52:39] info: 	z2m:mqtt: MQTT publish: topic 'zigbee2mqtt/Workshop Light', payload '{"brightness_rgb":112,"brightness_white":254,"color_mode_rgb":"xy","color_mode_white":"color_temp","color_rgb":{"x":0.313,"y":0.21},"color_temp_white":250,"device_temperature":37,"dimming_range_maximum":100,"dimming_range_minimum":1,"effect":null,"effect_speed":0,"identify":null,"level_config_white":{"off_transition_time":1.5,"on_transition_time":1.5},"linkquality":32,"off_on_duration":null,"on_off_duration":null,"power_on_behavior":null,"power_on_behaviour":"off","power_outage_count":48,"state":"OFF","state_rgb":"OFF","state_white":"OFF","update":{"installed_version":-1,"latest_version":-1,"state":null}}'
[2026-06-08 04:52:39] info: 	z2m:mqtt: MQTT publish: topic 'zigbee2mqtt/Workshop Light/white', payload '{"brightness":254,"color_mode":"color_temp","color_temp":250,"level_config":{"off_transition_time":1.5,"on_transition_time":1.5},"state":"OFF"}'
[2026-06-08 04:52:39] info: 	z2m:mqtt: MQTT publish: topic 'zigbee2mqtt/Workshop Light/rgb', payload '{"brightness":112,"color":{"x":0.313,"y":0.21},"color_mode":"xy","state":"OFF"}'
[2026-06-08 04:56:35] info: 	z2m:mqtt: MQTT publish: topic 'zigbee2mqtt/Alarm Keypad', payload '{"action_code":null,"action_transaction":null,"action_zone":null,"battery":100,"battery_low":false,"linkquality":32,"tamper":false,"update":{"installed_version":131078,"latest_release_notes":null,"latest_source":"https://raw.githubusercontent.com/Koenkk/zigbee-OTA/master/images/Develco/IntelligentKeyPad_2.0.5.zigbee","latest_version":131077,"state":"idle"},"voltage":5100}'
[2026-06-08 04:58:07] info: 	z2m:mqtt: MQTT publish: topic 'zigbee2mqtt/Philips Backyard Sensor', payload '{"battery":100,"illuminance":1,"led_indication":true,"linkquality":87,"motion_sensitivity":"high","occupancy":false,"occupancy_timeout":60,"temperature":20.68,"update":{"installed_version":1124103169,"latest_release_notes":null,"latest_source":"https://raw.githubusercontent.com/Koenkk/zigbee-OTA/master/images/Hue/Sensor-ATmega_0012.sbl-ota","latest_version":1124103169,"state":"idle"}}'
[2026-06-08 04:58:47] info: 	z2m:mqtt: MQTT publish: topic 'zigbee2mqtt/Workshop Light', payload '{"brightness_rgb":112,"brightness_white":254,"color_mode_rgb":"xy","color_mode_white":"color_temp","color_rgb":{"x":0.313,"y":0.21},"color_temp_white":250,"device_temperature":36,"dimming_range_maximum":100,"dimming_range_minimum":1,"effect":null,"effect_speed":0,"identify":null,"level_config_white":{"off_transition_time":1.5,"on_transition_time":1.5},"linkquality":32,"off_on_duration":null,"on_off_duration":null,"power_on_behavior":null,"power_on_behaviour":"off","power_outage_count":48,"state":"OFF","state_rgb":"OFF","state_white":"OFF","update":{"installed_version":-1,"latest_version":-1,"state":null}}'
[2026-06-08 04:58:47] info: 	z2m:mqtt: MQTT publish: topic 'zigbee2mqtt/Workshop Light/white', payload '{"brightness":254,"color_mode":"color_temp","color_temp":250,"level_config":{"off_transition_time":1.5,"on_transition_time":1.5},"state":"OFF"}'
[2026-06-08 04:58:47] info: 	z2m:mqtt: MQTT publish: topic 'zigbee2mqtt/Workshop Light/rgb', payload '{"brightness":112,"color":{"x":0.313,"y":0.21},"color_mode":"xy","state":"OFF"}'
[2026-06-08 05:00:00] info: 	z2m: Stopping Zigbee2MQTT (restart=false, code=0, signal=SIGTERM)
[2026-06-08 05:00:00] info: 	z2m:mqtt: MQTT publish: topic 'zigbee2mqtt/bridge/state', payload '{"state":"offline"}'
[2026-06-08 05:00:00] info: 	z2m: Disconnecting from MQTT server
[2026-06-08 05:00:00] info: 	z2m: Stopping zigbee-herdsman...
