[2026-06-02 00:00:12] info: 	z2m: Logging to console, file (filename: log.log)
[2026-06-02 00:00:12] info: 	z2m: Starting Zigbee2MQTT version 2.10.1 (commit #unknown)
[2026-06-02 00:00:12] info: 	z2m: Starting zigbee-herdsman (10.0.7)
[2026-06-02 00:00:12] info: 	zh:zstack:znp: Opening TCP socket with 192.168.87.68:6638
[2026-06-02 00:00:12] info: 	zh:zstack:znp: Socket connected
[2026-06-02 00:00:12] info: 	zh:zstack:znp: Socket ready
[2026-06-02 00:00:12] info: 	zh:zstack:znp: Writing CC2530/CC2531 skip bootloader payload
[2026-06-02 00:00:13] info: 	zh:zstack:znp: Skip bootloader for CC2652/CC1352
[2026-06-02 00:00:13] info: 	z2m: zigbee-herdsman started (resumed)
[2026-06-02 00:00:13] info: 	z2m: Coordinator firmware version: '{"meta":{"maintrel":1,"majorrel":2,"minorrel":7,"product":1,"revision":20240710,"transportrev":2},"type":"ZStack3x0"}'
[2026-06-02 00:00:13] info: 	z2m: Button 4 - Movie (0xb4e3f9fffe249e15): E1812 - IKEA TRADFRI shortcut button (EndDevice)
[2026-06-02 00:00:13] info: 	z2m: Smart Plug Z1 (0xa4c13812921dddfd): A1Z - Nous Smart plug (with power monitoring) (Router)
[2026-06-02 00:00:13] info: 	z2m: Button 3 - Workshop (0xb4e3f9fffe753317): E1812 - IKEA TRADFRI shortcut button (EndDevice)
[2026-06-02 00:00:13] info: 	z2m: Button 2 - Chandelier (0x04cd15fffe7ff98b): E1812 - IKEA TRADFRI shortcut button (EndDevice)
[2026-06-02 00:00:13] info: 	z2m: Button 1 - Kitchen (0x04cd15fffe268dcc): E1812 - IKEA TRADFRI shortcut button (EndDevice)
[2026-06-02 00:00:13] info: 	z2m: Cube (0x54ef4410006a43c7): CTP-R01 - Aqara Cube T1 Pro (EndDevice)
[2026-06-02 00:00:13] info: 	z2m: Water Sensor 1 (0x5c0272fffebb9cde): TS0207_water_leak_detector_3 - Tuya Zigbee water leak sensor (EndDevice)
[2026-06-02 00:00:13] info: 	z2m: Alarm Keypad (0x0015bc0043006306): KEYZB-110 - Develco Keypad (EndDevice)
[2026-06-02 00:00:13] info: 	z2m: Alarm Repeater (0x0015bc0022000242): REXZB-111 - Develco Range extender with backup battery (Router)
[2026-06-02 00:00:13] info: 	z2m: Alarm Siren (0x0015bc0041007a25): SIRZB-111 - Develco Customizable siren (Router)
[2026-06-02 00:00:13] info: 	z2m: Workshop Light (0x54ef441000b757df): CL-L02D - Aqara Ceiling light T1M (EndDevice)
[2026-06-02 00:00:13] info: 	z2m: Kitchen Presence (0x54ef44100124a3ca): FP1E - Aqara Presence sensor (EndDevice)
[2026-06-02 00:00:13] info: 	z2m: Philips Backyard Sensor (0x001788010649a073): 9290019758 - Philips Hue motion outdoor sensor (EndDevice)
[2026-06-02 00:00:13] info: 	z2m: Currently 13 devices are joined.
[2026-06-02 00:00:13] info: 	z2m: Connecting to MQTT server at mqtt://core-mosquitto:1883
[2026-06-02 00:00:13] info: 	z2m: Connected to MQTT server
[2026-06-02 00:00:13] info: 	z2m:mqtt: MQTT publish: topic 'zigbee2mqtt/bridge/state', payload '{"state":"online"}'
[2026-06-02 00:00:13] info: 	z2m:mqtt: MQTT publish: topic 'zigbee2mqtt/Button 4 - Movie/availability', payload '{"state":"online"}'
[2026-06-02 00:00:13] info: 	z2m:mqtt: MQTT publish: topic 'zigbee2mqtt/Smart Plug Z1/availability', payload '{"state":"offline"}'
[2026-06-02 00:00:13] info: 	z2m:mqtt: MQTT publish: topic 'zigbee2mqtt/Button 3 - Workshop/availability', payload '{"state":"online"}'
[2026-06-02 00:00:13] info: 	z2m:mqtt: MQTT publish: topic 'zigbee2mqtt/Button 2 - Chandelier/availability', payload '{"state":"online"}'
[2026-06-02 00:00:13] info: 	z2m:mqtt: MQTT publish: topic 'zigbee2mqtt/Button 1 - Kitchen/availability', payload '{"state":"online"}'
[2026-06-02 00:00:13] info: 	z2m:mqtt: MQTT publish: topic 'zigbee2mqtt/Cube/availability', payload '{"state":"offline"}'
[2026-06-02 00:00:13] info: 	z2m:mqtt: MQTT publish: topic 'zigbee2mqtt/Water Sensor 1/availability', payload '{"state":"online"}'
[2026-06-02 00:00:13] info: 	z2m:mqtt: MQTT publish: topic 'zigbee2mqtt/Alarm Keypad/availability', payload '{"state":"online"}'
[2026-06-02 00:00:13] info: 	z2m:mqtt: MQTT publish: topic 'zigbee2mqtt/Alarm Repeater/availability', payload '{"state":"offline"}'
[2026-06-02 00:00:13] info: 	z2m:mqtt: MQTT publish: topic 'zigbee2mqtt/Alarm Siren/availability', payload '{"state":"offline"}'
[2026-06-02 00:00:13] info: 	z2m:mqtt: MQTT publish: topic 'zigbee2mqtt/Workshop Light/availability', payload '{"state":"online"}'
[2026-06-02 00:00:13] info: 	z2m:mqtt: MQTT publish: topic 'zigbee2mqtt/Kitchen Presence/availability', payload '{"state":"offline"}'
[2026-06-02 00:00:13] info: 	z2m:mqtt: MQTT publish: topic 'zigbee2mqtt/Philips Backyard Sensor/availability', payload '{"state":"online"}'
[2026-06-02 00:00:13] info: 	z2m: Started frontend on port 8099
[2026-06-02 00:00:14] info: 	z2m:mqtt: MQTT publish: topic 'zigbee2mqtt/Button 4 - Movie', payload '{"battery":90,"identify":null,"linkquality":134,"update":{"installed_version":604241926,"latest_release_notes":"Enables double-clicks.\r\nhttps://www.zigbee2mqtt.io/devices/E1812.html\r\nhttps://ww8.ikea.com/ikeahomesmart/releasenotes/releasenotes.html","latest_source":"https://raw.githubusercontent.com/Koenkk/zigbee-OTA/master/images/IKEA/tradfri-shortcut-button_release_prod_v604241926_56f5d8d1-78b1-4088-afc1-05d3b7e3314b.ota","latest_version":604241926,"state":"idle"}}'
[2026-06-02 00:00:14] info: 	z2m:mqtt: MQTT publish: topic 'zigbee2mqtt/Smart Plug Z1', payload '{"child_lock":"UNLOCK","countdown":0,"current":0,"energy":16.74,"identify":null,"indicator_mode":"off/on","linkquality":120,"power":0,"power_outage_memory":"off","state":"OFF","switch_type_button":null,"update":{"installed_version":-1,"latest_version":-1,"state":null},"voltage":232}'
[2026-06-02 00:00:14] info: 	z2m:mqtt: MQTT publish: topic 'zigbee2mqtt/Button 3 - Workshop', payload '{"battery":90,"identify":null,"linkquality":65,"update":{"installed_version":604241926,"latest_release_notes":"Enables double-clicks.\r\nhttps://www.zigbee2mqtt.io/devices/E1812.html\r\nhttps://ww8.ikea.com/ikeahomesmart/releasenotes/releasenotes.html","latest_source":"https://raw.githubusercontent.com/Koenkk/zigbee-OTA/master/images/IKEA/tradfri-shortcut-button_release_prod_v604241926_56f5d8d1-78b1-4088-afc1-05d3b7e3314b.ota","latest_version":604241926,"state":"idle"}}'
[2026-06-02 00:00:14] info: 	z2m:mqtt: MQTT publish: topic 'zigbee2mqtt/Button 2 - Chandelier', payload '{"battery":40,"identify":null,"linkquality":72,"update":{"installed_version":604241926,"latest_release_notes":"Enables double-clicks.\r\nhttps://www.zigbee2mqtt.io/devices/E1812.html\r\nhttps://ww8.ikea.com/ikeahomesmart/releasenotes/releasenotes.html","latest_source":"https://raw.githubusercontent.com/Koenkk/zigbee-OTA/master/images/IKEA/tradfri-shortcut-button_release_prod_v604241926_56f5d8d1-78b1-4088-afc1-05d3b7e3314b.ota","latest_version":604241926,"state":"idle"}}'
[2026-06-02 00:00:14] info: 	z2m:mqtt: MQTT publish: topic 'zigbee2mqtt/Button 1 - Kitchen', payload '{"battery":90,"identify":null,"linkquality":65,"update":{"installed_version":604241926,"latest_release_notes":"Enables double-clicks.\r\nhttps://www.zigbee2mqtt.io/devices/E1812.html\r\nhttps://ww8.ikea.com/ikeahomesmart/releasenotes/releasenotes.html","latest_source":"https://raw.githubusercontent.com/Koenkk/zigbee-OTA/master/images/IKEA/tradfri-shortcut-button_release_prod_v604241926_56f5d8d1-78b1-4088-afc1-05d3b7e3314b.ota","latest_version":604241926,"state":"idle"}}'
[2026-06-02 00:00:14] info: 	z2m:mqtt: MQTT publish: topic 'zigbee2mqtt/Cube', payload '{"action_angle":null,"action_from_side":null,"battery":39,"current":0,"linkquality":131,"operation_mode":"action_mode","power":2,"power_outage_count":160,"side":4,"update":{"installed_version":-1,"latest_version":-1,"state":null},"voltage":2909}'
[2026-06-02 00:00:14] info: 	z2m:mqtt: MQTT publish: topic 'zigbee2mqtt/Water Sensor 1', payload '{"battery":70,"battery_low":false,"linkquality":65,"tamper":false,"voltage":2800,"water_leak":false}'
[2026-06-02 00:00:14] info: 	z2m:mqtt: MQTT publish: topic 'zigbee2mqtt/Alarm Keypad', payload '{"action_code":null,"action_transaction":null,"action_zone":null,"battery":100,"battery_low":false,"linkquality":65,"tamper":false,"update":{"installed_version":131078,"latest_release_notes":null,"latest_source":"https://raw.githubusercontent.com/Koenkk/zigbee-OTA/master/images/Develco/IntelligentKeyPad_2.0.5.zigbee","latest_version":131077,"state":"idle"},"voltage":5200}'
[2026-06-02 00:00:14] info: 	z2m:mqtt: MQTT publish: topic 'zigbee2mqtt/Alarm Repeater', payload '{"ac_connected":null,"alarm_1":false,"alarm_2":false,"battery":null,"battery_defect":null,"battery_low":true,"identify":null,"led_control":null,"linkquality":47,"tamper":false,"tx_power":null,"update":{"installed_version":-1,"latest_version":-1,"state":null},"voltage":null,"zone_status_interval":null}'
[2026-06-02 00:00:14] info: 	z2m:mqtt: MQTT publish: topic 'zigbee2mqtt/Alarm Siren', payload '{"ac_status":true,"alarm":false,"battery":null,"battery_low":true,"enrolled":true,"ias_cie_address":"0x00124b002e0e1c5f","linkquality":65,"max_duration":10,"restore_reports":true,"supervision_reports":true,"tamper":false,"test":false,"voltage":null,"warning":null,"zone_id":23}'
[2026-06-02 00:00:14] info: 	z2m:mqtt: MQTT publish: topic 'zigbee2mqtt/Workshop Light', payload '{"brightness_rgb":112,"brightness_white":254,"color_mode_rgb":"xy","color_mode_white":"color_temp","color_rgb":{"x":0.313,"y":0.21},"color_temp_white":250,"device_temperature":37,"dimming_range_maximum":100,"dimming_range_minimum":1,"effect":null,"effect_speed":0,"identify":null,"level_config_white":{"off_transition_time":1.5,"on_transition_time":1.5},"linkquality":65,"off_on_duration":null,"on_off_duration":null,"power_on_behavior":null,"power_on_behaviour":"off","power_outage_count":48,"state":"OFF","state_rgb":"OFF","state_white":"OFF","update":{"installed_version":-1,"latest_version":-1,"state":null}}'
[2026-06-02 00:00:14] info: 	z2m:mqtt: MQTT publish: topic 'zigbee2mqtt/Workshop Light/white', payload '{"brightness":254,"color_mode":"color_temp","color_temp":250,"level_config":{"off_transition_time":1.5,"on_transition_time":1.5},"state":"OFF"}'
[2026-06-02 00:00:14] info: 	z2m:mqtt: MQTT publish: topic 'zigbee2mqtt/Kitchen Presence', payload '{"ai_interference_source_selfidentification":"ON","ai_sensitivity_adaptive":"ON","detection_range":6,"device_temperature":28,"identify":null,"linkquality":65,"motion_sensitivity":null,"movement":"movement","power_outage_count":3,"presence":true,"restart_device":null,"spatial_learning":null,"target_distance":0.15,"update":{"installed_version":29,"latest_release_notes":null,"latest_source":"https://raw.githubusercontent.com/Koenkk/zigbee-OTA/master/images/Aqara/20250827143703_lumi.sensor_occupy.agl1_0.0.0_0029_20250804_33D437.ota","latest_version":29,"state":"idle"}}'
[2026-06-02 00:00:14] info: 	z2m:mqtt: MQTT publish: topic 'zigbee2mqtt/Workshop Light/rgb', payload '{"brightness":112,"color":{"x":0.313,"y":0.21},"color_mode":"xy","state":"OFF"}'
[2026-06-02 00:00:14] info: 	z2m:mqtt: MQTT publish: topic 'zigbee2mqtt/Philips Backyard Sensor', payload '{"battery":100,"illuminance":1,"led_indication":true,"linkquality":65,"motion_sensitivity":"high","occupancy":false,"occupancy_timeout":60,"temperature":23.64,"update":{"installed_version":1124103169,"latest_release_notes":null,"latest_source":"https://raw.githubusercontent.com/Koenkk/zigbee-OTA/master/images/Hue/Sensor-ATmega_0012.sbl-ota","latest_version":1124103169,"state":"idle"}}'
[2026-06-02 00:00:14] info: 	z2m: Zigbee2MQTT started!
[2026-06-02 00:00:15] warning: 	z2m: Failed to ping 'Smart Plug Z1' (attempt 1/1, ZCL command 0xa4c13812921dddfd/1 genBasic.read(["zclVersion"], {"timeout":10000,"disableResponse":false,"disableRecovery":true,"disableDefaultResponse":true,"direction":0,"reservedBits":0,"writeUndiv":false,"sendPolicy":"immediate"}) failed (Data request failed with error: 'NWK_NO_ROUTE' (0xcd)))
[2026-06-02 00:00:19] info: 	z2m:mqtt: MQTT publish: topic 'homeassistant/binary_sensor/1221051039810110150109113116116_0x00124b002e0e1c5f/connection_state/config', payload '{"default_entity_id":"binary_sensor.zigbee2mqtt_bridge_connection_state","device":{"hw_version":"ZStack3x0 20240710","identifiers":["zigbee2mqtt_bridge_0x00124b002e0e1c5f"],"manufacturer":"Zigbee2MQTT","model":"Bridge","name":"Zigbee2MQTT Bridge","sw_version":"2.10.1"},"device_class":"connectivity","entity_category":"diagnostic","name":"Connection state","object_id":"zigbee2mqtt_bridge_connection_state","origin":{"name":"Zigbee2MQTT","sw":"2.10.1","url":"https://www.zigbee2mqtt.io"},"payload_off":"offline","payload_on":"online","state_topic":"zigbee2mqtt/bridge/state","unique_id":"bridge_0x00124b002e0e1c5f_connection_state_zigbee2mqtt","value_template":"{{ value_json.state }}"}'
[2026-06-02 00:00:19] warning: 	z2m: Failed to ping 'Alarm Repeater' (attempt 1/1, ZCL command 0x0015bc0022000242/37 genBasic.read(["zclVersion"], {"timeout":10000,"disableResponse":false,"disableRecovery":true,"disableDefaultResponse":true,"direction":0,"reservedBits":0,"writeUndiv":false,"sendPolicy":"immediate"}) failed (Data request failed with error: 'NWK_NO_ROUTE' (0xcd)))
[2026-06-02 00:00:22] warning: 	z2m: Failed to ping 'Alarm Siren' (attempt 1/1, ZCL command 0x0015bc0041007a25/43 genBasic.read(["zclVersion"], {"timeout":10000,"disableResponse":false,"disableRecovery":true,"disableDefaultResponse":true,"direction":0,"reservedBits":0,"writeUndiv":false,"sendPolicy":"immediate"}) failed (Data request failed with error: 'NWK_NO_ROUTE' (0xcd)))
[2026-06-02 00:00:26] warning: 	z2m: Failed to ping 'Kitchen Presence' (attempt 1/1, ZCL command 0x54ef44100124a3ca/1 genBasic.read(["zclVersion"], {"timeout":10000,"disableResponse":false,"disableRecovery":true,"disableDefaultResponse":true,"direction":0,"reservedBits":0,"writeUndiv":false,"sendPolicy":"immediate"}) failed (Data request failed with error: 'NWK_NO_ROUTE' (0xcd)))
[2026-06-02 00:00:33] info: 	z2m: Configuring 'Alarm Repeater'
[2026-06-02 00:00:43] error: 	z2m: Failed to configure 'Alarm Repeater', attempt 1 (Error: Bind 0x0015bc0022000242/37 genPowerCfg from '0x00124b002e0e1c5f/1' failed (AREQ - ZDO - bindRsp after 10000ms)
    at Object.start (/app/node_modules/.pnpm/zigbee-herdsman@10.0.7/node_modules/zigbee-herdsman/src/utils/waitress.ts:68:23)
    at func (/app/node_modules/.pnpm/zigbee-herdsman@10.0.7/node_modules/zigbee-herdsman/src/adapter/z-stack/adapter/zStackAdapter.ts:449:47)
    at processTicksAndRejections (node:internal/process/task_queues:103:5)
    at Queue.execute (/app/node_modules/.pnpm/zigbee-herdsman@10.0.7/node_modules/zigbee-herdsman/src/utils/queue.ts:38:20)
    at ZStackAdapter.sendZdoInternal (/app/node_modules/.pnpm/zigbee-herdsman@10.0.7/node_modules/zigbee-herdsman/src/adapter/z-stack/adapter/zStackAdapter.ts:454:43)
    at ZStackAdapter.sendZdo (/app/node_modules/.pnpm/zigbee-herdsman@10.0.7/node_modules/zigbee-herdsman/src/adapter/z-stack/adapter/zStackAdapter.ts:331:16)
    at Endpoint.bind (/app/node_modules/.pnpm/zigbee-herdsman@10.0.7/node_modules/zigbee-herdsman/src/controller/model/endpoint.ts:731:30)
    at Object.bind (/app/node_modules/.pnpm/zigbee-herdsman-converters@26.46.0/node_modules/zigbee-herdsman-converters/src/lib/reporting.ts:48:9)
    at configure (/app/node_modules/.pnpm/zigbee-herdsman-converters@26.46.0/node_modules/zigbee-herdsman-converters/src/devices/develco.ts:1148:13)
    at Object.configure (/app/node_modules/.pnpm/zigbee-herdsman-converters@26.46.0/node_modules/zigbee-herdsman-converters/src/index.ts:363:21))
[2026-06-02 00:00:53] info: 	z2m: Configuring 'Alarm Siren'
[2026-06-02 00:01:03] error: 	z2m: Failed to configure 'Alarm Siren', attempt 1 (Error: Bind 0x0015bc0041007a25/43 ssIasZone from '0x00124b002e0e1c5f/1' failed (AREQ - ZDO - bindRsp after 10000ms)
    at Object.start (/app/node_modules/.pnpm/zigbee-herdsman@10.0.7/node_modules/zigbee-herdsman/src/utils/waitress.ts:68:23)
    at func (/app/node_modules/.pnpm/zigbee-herdsman@10.0.7/node_modules/zigbee-herdsman/src/adapter/z-stack/adapter/zStackAdapter.ts:449:47)
    at processTicksAndRejections (node:internal/process/task_queues:103:5)
    at Queue.execute (/app/node_modules/.pnpm/zigbee-herdsman@10.0.7/node_modules/zigbee-herdsman/src/utils/queue.ts:38:20)
    at ZStackAdapter.sendZdoInternal (/app/node_modules/.pnpm/zigbee-herdsman@10.0.7/node_modules/zigbee-herdsman/src/adapter/z-stack/adapter/zStackAdapter.ts:454:43)
    at ZStackAdapter.sendZdo (/app/node_modules/.pnpm/zigbee-herdsman@10.0.7/node_modules/zigbee-herdsman/src/adapter/z-stack/adapter/zStackAdapter.ts:331:16)
    at Endpoint.bind (/app/node_modules/.pnpm/zigbee-herdsman@10.0.7/node_modules/zigbee-herdsman/src/controller/model/endpoint.ts:731:30)
    at Object.bind (/app/node_modules/.pnpm/zigbee-herdsman-converters@26.46.0/node_modules/zigbee-herdsman-converters/src/lib/reporting.ts:48:9)
    at configure (/app/node_modules/.pnpm/zigbee-herdsman-converters@26.46.0/node_modules/zigbee-herdsman-converters/src/devices/develco.ts:970:13)
    at Object.configure (/app/node_modules/.pnpm/zigbee-herdsman-converters@26.46.0/node_modules/zigbee-herdsman-converters/src/index.ts:363:21))
[2026-06-02 00:01:30] info: 	z2m:mqtt: MQTT publish: topic 'zigbee2mqtt/Alarm Keypad', payload '{"action_code":null,"action_transaction":null,"action_zone":null,"battery":100,"battery_low":false,"linkquality":40,"tamper":false,"update":{"installed_version":131078,"latest_release_notes":null,"latest_source":"https://raw.githubusercontent.com/Koenkk/zigbee-OTA/master/images/Develco/IntelligentKeyPad_2.0.5.zigbee","latest_version":131077,"state":"idle"},"voltage":5200}'
[2026-06-02 00:06:30] info: 	z2m:mqtt: MQTT publish: topic 'zigbee2mqtt/Alarm Keypad', payload '{"action_code":null,"action_transaction":null,"action_zone":null,"battery":100,"battery_low":false,"linkquality":36,"tamper":false,"update":{"installed_version":131078,"latest_release_notes":null,"latest_source":"https://raw.githubusercontent.com/Koenkk/zigbee-OTA/master/images/Develco/IntelligentKeyPad_2.0.5.zigbee","latest_version":131077,"state":"idle"},"voltage":5200}'
[2026-06-02 00:06:41] info: 	z2m: Configuring 'Workshop Light'
[2026-06-02 00:06:41] info: 	z2m:mqtt: MQTT publish: topic 'zigbee2mqtt/Workshop Light', payload '{"brightness_rgb":112,"brightness_white":254,"color_mode_rgb":"xy","color_mode_white":"color_temp","color_rgb":{"x":0.313,"y":0.21},"color_temp_white":250,"device_temperature":39,"dimming_range_maximum":100,"dimming_range_minimum":1,"effect":null,"effect_speed":0,"identify":null,"level_config_white":{"off_transition_time":1.5,"on_transition_time":1.5},"linkquality":40,"off_on_duration":null,"on_off_duration":null,"power_on_behavior":null,"power_on_behaviour":"off","power_outage_count":48,"state":"OFF","state_rgb":"OFF","state_white":"OFF","update":{"installed_version":-1,"latest_version":-1,"state":null}}'
[2026-06-02 00:06:41] info: 	z2m:mqtt: MQTT publish: topic 'zigbee2mqtt/Workshop Light/white', payload '{"brightness":254,"color_mode":"color_temp","color_temp":250,"level_config":{"off_transition_time":1.5,"on_transition_time":1.5},"state":"OFF"}'
[2026-06-02 00:06:41] info: 	z2m:mqtt: MQTT publish: topic 'zigbee2mqtt/Workshop Light/rgb', payload '{"brightness":112,"color":{"x":0.313,"y":0.21},"color_mode":"xy","state":"OFF"}'
[2026-06-02 00:06:41] info: 	z2m:mqtt: MQTT publish: topic 'zigbee2mqtt/Workshop Light', payload '{"brightness_rgb":112,"brightness_white":254,"color_mode_rgb":"xy","color_mode_white":"color_temp","color_rgb":{"x":0.313,"y":0.21},"color_temp_white":250,"device_temperature":39,"dimming_range_maximum":100,"dimming_range_minimum":1,"effect":null,"effect_speed":0,"identify":null,"level_config_white":{"off_transition_time":1.5,"on_transition_time":1.5},"linkquality":36,"off_on_duration":null,"on_off_duration":null,"power_on_behavior":null,"power_on_behaviour":"off","power_outage_count":48,"state":"OFF","state_rgb":"OFF","state_white":"OFF","update":{"installed_version":-1,"latest_version":-1,"state":null}}'
[2026-06-02 00:06:41] info: 	z2m:mqtt: MQTT publish: topic 'zigbee2mqtt/Workshop Light/white', payload '{"brightness":254,"color_mode":"color_temp","color_temp":250,"level_config":{"off_transition_time":1.5,"on_transition_time":1.5},"state":"OFF"}'
[2026-06-02 00:06:41] info: 	z2m:mqtt: MQTT publish: topic 'zigbee2mqtt/Workshop Light/rgb', payload '{"brightness":112,"color":{"x":0.313,"y":0.21},"color_mode":"xy","state":"OFF"}'
[2026-06-02 00:06:41] info: 	z2m:mqtt: MQTT publish: topic 'zigbee2mqtt/Workshop Light', payload '{"brightness_rgb":112,"brightness_white":254,"color_mode_rgb":"xy","color_mode_white":"color_temp","color_rgb":{"x":0.313,"y":0.21},"color_temp_white":250,"device_temperature":39,"dimming_range_maximum":100,"dimming_range_minimum":1,"effect":null,"effect_speed":0,"identify":null,"level_config_white":{"off_transition_time":1.5,"on_transition_time":1.5},"linkquality":40,"off_on_duration":null,"on_off_duration":null,"power_on_behavior":null,"power_on_behaviour":"off","power_outage_count":48,"state":"OFF","state_rgb":"OFF","state_white":"OFF","update":{"installed_version":-1,"latest_version":-1,"state":null}}'
[2026-06-02 00:06:41] info: 	z2m:mqtt: MQTT publish: topic 'zigbee2mqtt/Workshop Light/white', payload '{"brightness":254,"color_mode":"color_temp","color_temp":250,"level_config":{"off_transition_time":1.5,"on_transition_time":1.5},"state":"OFF"}'
[2026-06-02 00:06:41] info: 	z2m:mqtt: MQTT publish: topic 'zigbee2mqtt/Workshop Light/rgb', payload '{"brightness":112,"color":{"x":0.313,"y":0.21},"color_mode":"xy","state":"OFF"}'
[2026-06-02 00:06:41] info: 	z2m:mqtt: MQTT publish: topic 'zigbee2mqtt/Workshop Light', payload '{"brightness_rgb":112,"brightness_white":254,"color_mode_rgb":"xy","color_mode_white":"color_temp","color_rgb":{"x":0.313,"y":0.21},"color_temp_white":250,"device_temperature":39,"dimming_range_maximum":100,"dimming_range_minimum":1,"effect":null,"effect_speed":0,"identify":null,"level_config_white":{"off_transition_time":1.5,"on_transition_time":1.5},"linkquality":36,"off_on_duration":null,"on_off_duration":null,"power_on_behavior":null,"power_on_behaviour":"off","power_outage_count":48,"state":"OFF","state_rgb":"OFF","state_white":"OFF","update":{"installed_version":-1,"latest_version":-1,"state":null}}'
[2026-06-02 00:06:41] info: 	z2m:mqtt: MQTT publish: topic 'zigbee2mqtt/Workshop Light/white', payload '{"brightness":254,"color_mode":"color_temp","color_temp":250,"level_config":{"off_transition_time":1.5,"on_transition_time":1.5},"state":"OFF"}'
[2026-06-02 00:06:41] info: 	z2m:mqtt: MQTT publish: topic 'zigbee2mqtt/Workshop Light/rgb', payload '{"brightness":112,"color":{"x":0.313,"y":0.21},"color_mode":"xy","state":"OFF"}'
[2026-06-02 00:06:41] info: 	z2m:mqtt: MQTT publish: topic 'zigbee2mqtt/Workshop Light', payload '{"brightness_rgb":112,"brightness_white":254,"color_mode_rgb":"xy","color_mode_white":"color_temp","color_rgb":{"x":0.313,"y":0.21},"color_temp_white":250,"device_temperature":39,"dimming_range_maximum":100,"dimming_range_minimum":1,"effect":null,"effect_speed":0,"identify":null,"level_config_white":{"off_transition_time":1.5,"on_transition_time":1.5},"linkquality":40,"off_on_duration":null,"on_off_duration":null,"power_on_behavior":null,"power_on_behaviour":"off","power_outage_count":48,"state":"OFF","state_rgb":"OFF","state_white":"OFF","update":{"installed_version":-1,"latest_version":-1,"state":null}}'
[2026-06-02 00:06:41] info: 	z2m:mqtt: MQTT publish: topic 'zigbee2mqtt/Workshop Light/white', payload '{"brightness":254,"color_mode":"color_temp","color_temp":250,"level_config":{"off_transition_time":1.5,"on_transition_time":1.5},"state":"OFF"}'
[2026-06-02 00:06:41] info: 	z2m:mqtt: MQTT publish: topic 'zigbee2mqtt/Workshop Light/rgb', payload '{"brightness":112,"color":{"x":0.313,"y":0.21},"color_mode":"xy","state":"OFF"}'
[2026-06-02 00:06:41] info: 	z2m:mqtt: MQTT publish: topic 'zigbee2mqtt/Workshop Light', payload '{"brightness_rgb":112,"brightness_white":254,"color_mode_rgb":"xy","color_mode_white":"color_temp","color_rgb":{"x":0.313,"y":0.21},"color_temp_white":250,"device_temperature":39,"dimming_range_maximum":100,"dimming_range_minimum":1,"effect":null,"effect_speed":0,"identify":null,"level_config_white":{"off_transition_time":1.5,"on_transition_time":1.5},"linkquality":40,"off_on_duration":null,"on_off_duration":null,"power_on_behavior":null,"power_on_behaviour":"off","power_outage_count":48,"state":"OFF","state_rgb":"OFF","state_white":"OFF","update":{"installed_version":-1,"latest_version":-1,"state":null}}'
[2026-06-02 00:06:41] info: 	z2m:mqtt: MQTT publish: topic 'zigbee2mqtt/Workshop Light/white', payload '{"brightness":254,"color_mode":"color_temp","color_temp":250,"level_config":{"off_transition_time":1.5,"on_transition_time":1.5},"state":"OFF"}'
[2026-06-02 00:06:41] info: 	z2m:mqtt: MQTT publish: topic 'zigbee2mqtt/Workshop Light/rgb', payload '{"brightness":112,"color":{"x":0.313,"y":0.21},"color_mode":"xy","state":"OFF"}'
[2026-06-02 00:06:41] error: 	z2m: Failed to configure 'Workshop Light', attempt 1 (Error: Device 0x54ef441000b757df has no input cluster manuSpecificLumi
    at getEndpointsWithCluster (/app/node_modules/.pnpm/zigbee-herdsman-converters@26.46.0/node_modules/zigbee-herdsman-converters/src/lib/utils.ts:755:15)
    at configure (/app/node_modules/.pnpm/zigbee-herdsman-converters@26.46.0/node_modules/zigbee-herdsman-converters/src/lib/modernExtend.ts:228:52)
    at Object.configure (/app/node_modules/.pnpm/zigbee-herdsman-converters@26.46.0/node_modules/zigbee-herdsman-converters/src/index.ts:363:27)
    at processTicksAndRejections (node:internal/process/task_queues:103:5)
    at Configure.configure (/app/lib/extension/configure.ts:135:13)
    at EventEmitter.wrappedCallback (/app/lib/eventBus.ts:252:17))
[2026-06-02 00:10:13] info: 	z2m:mqtt: MQTT publish: topic 'zigbee2mqtt/bridge/health', payload '{"response_time":1780351813994,"os":{"load_average":[0.33,0.26,0.12],"memory_used_mb":4293.66,"memory_percent":13.6686},"process":{"uptime_sec":602,"memory_used_mb":132.47,"memory_percent":0.4217},"mqtt":{"connected":true,"queued":0,"published":117,"received":159},"devices":{"0x0015bc0043006306":{"messages":3,"messages_per_sec":0.0057,"leave_count":0,"network_address_changes":0},"0x54ef441000b757df":{"messages":10,"messages_per_sec":0.0471,"leave_count":0,"network_address_changes":0}}}'
[2026-06-02 00:11:30] info: 	z2m:mqtt: MQTT publish: topic 'zigbee2mqtt/Alarm Keypad', payload '{"action_code":null,"action_transaction":null,"action_zone":null,"battery":100,"battery_low":false,"linkquality":36,"tamper":false,"update":{"installed_version":131078,"latest_release_notes":null,"latest_source":"https://raw.githubusercontent.com/Koenkk/zigbee-OTA/master/images/Develco/IntelligentKeyPad_2.0.5.zigbee","latest_version":131077,"state":"idle"},"voltage":5200}'
[2026-06-02 00:14:40] info: 	z2m: Configuring 'Workshop Light'
[2026-06-02 00:14:40] info: 	z2m:mqtt: MQTT publish: topic 'zigbee2mqtt/Workshop Light', payload '{"brightness_rgb":112,"brightness_white":254,"color_mode_rgb":"xy","color_mode_white":"color_temp","color_rgb":{"x":0.313,"y":0.21},"color_temp_white":250,"device_temperature":39,"dimming_range_maximum":100,"dimming_range_minimum":1,"effect":null,"effect_speed":0,"identify":null,"level_config_white":{"off_transition_time":1.5,"on_transition_time":1.5},"linkquality":40,"off_on_duration":null,"on_off_duration":null,"power_on_behavior":null,"power_on_behaviour":"off","power_outage_count":48,"state":"OFF","state_rgb":"OFF","state_white":"OFF","update":{"installed_version":-1,"latest_version":-1,"state":null}}'
[2026-06-02 00:14:40] info: 	z2m:mqtt: MQTT publish: topic 'zigbee2mqtt/Workshop Light/white', payload '{"brightness":254,"color_mode":"color_temp","color_temp":250,"level_config":{"off_transition_time":1.5,"on_transition_time":1.5},"state":"OFF"}'
[2026-06-02 00:14:40] info: 	z2m:mqtt: MQTT publish: topic 'zigbee2mqtt/Workshop Light/rgb', payload '{"brightness":112,"color":{"x":0.313,"y":0.21},"color_mode":"xy","state":"OFF"}'
[2026-06-02 00:14:40] info: 	z2m:mqtt: MQTT publish: topic 'zigbee2mqtt/Workshop Light', payload '{"brightness_rgb":112,"brightness_white":254,"color_mode_rgb":"xy","color_mode_white":"color_temp","color_rgb":{"x":0.313,"y":0.21},"color_temp_white":250,"device_temperature":39,"dimming_range_maximum":100,"dimming_range_minimum":1,"effect":null,"effect_speed":0,"identify":null,"level_config_white":{"off_transition_time":1.5,"on_transition_time":1.5},"linkquality":36,"off_on_duration":null,"on_off_duration":null,"power_on_behavior":null,"power_on_behaviour":"off","power_outage_count":48,"state":"OFF","state_rgb":"OFF","state_white":"OFF","update":{"installed_version":-1,"latest_version":-1,"state":null}}'
[2026-06-02 00:14:40] info: 	z2m:mqtt: MQTT publish: topic 'zigbee2mqtt/Workshop Light/white', payload '{"brightness":254,"color_mode":"color_temp","color_temp":250,"level_config":{"off_transition_time":1.5,"on_transition_time":1.5},"state":"OFF"}'
[2026-06-02 00:14:40] info: 	z2m:mqtt: MQTT publish: topic 'zigbee2mqtt/Workshop Light/rgb', payload '{"brightness":112,"color":{"x":0.313,"y":0.21},"color_mode":"xy","state":"OFF"}'
[2026-06-02 00:14:41] info: 	z2m:mqtt: MQTT publish: topic 'zigbee2mqtt/Workshop Light', payload '{"brightness_rgb":112,"brightness_white":254,"color_mode_rgb":"xy","color_mode_white":"color_temp","color_rgb":{"x":0.313,"y":0.21},"color_temp_white":250,"device_temperature":39,"dimming_range_maximum":100,"dimming_range_minimum":1,"effect":null,"effect_speed":0,"identify":null,"level_config_white":{"off_transition_time":1.5,"on_transition_time":1.5},"linkquality":40,"off_on_duration":null,"on_off_duration":null,"power_on_behavior":null,"power_on_behaviour":"off","power_outage_count":48,"state":"OFF","state_rgb":"OFF","state_white":"OFF","update":{"installed_version":-1,"latest_version":-1,"state":null}}'
[2026-06-02 00:14:41] info: 	z2m:mqtt: MQTT publish: topic 'zigbee2mqtt/Workshop Light/white', payload '{"brightness":254,"color_mode":"color_temp","color_temp":250,"level_config":{"off_transition_time":1.5,"on_transition_time":1.5},"state":"OFF"}'
[2026-06-02 00:14:41] info: 	z2m:mqtt: MQTT publish: topic 'zigbee2mqtt/Workshop Light/rgb', payload '{"brightness":112,"color":{"x":0.313,"y":0.21},"color_mode":"xy","state":"OFF"}'
[2026-06-02 00:14:41] info: 	z2m:mqtt: MQTT publish: topic 'zigbee2mqtt/Workshop Light', payload '{"brightness_rgb":112,"brightness_white":254,"color_mode_rgb":"xy","color_mode_white":"color_temp","color_rgb":{"x":0.313,"y":0.21},"color_temp_white":250,"device_temperature":39,"dimming_range_maximum":100,"dimming_range_minimum":1,"effect":null,"effect_speed":0,"identify":null,"level_config_white":{"off_transition_time":1.5,"on_transition_time":1.5},"linkquality":40,"off_on_duration":null,"on_off_duration":null,"power_on_behavior":null,"power_on_behaviour":"off","power_outage_count":48,"state":"OFF","state_rgb":"OFF","state_white":"OFF","update":{"installed_version":-1,"latest_version":-1,"state":null}}'
[2026-06-02 00:14:41] info: 	z2m:mqtt: MQTT publish: topic 'zigbee2mqtt/Workshop Light/white', payload '{"brightness":254,"color_mode":"color_temp","color_temp":250,"level_config":{"off_transition_time":1.5,"on_transition_time":1.5},"state":"OFF"}'
[2026-06-02 00:14:41] info: 	z2m:mqtt: MQTT publish: topic 'zigbee2mqtt/Workshop Light/rgb', payload '{"brightness":112,"color":{"x":0.313,"y":0.21},"color_mode":"xy","state":"OFF"}'
[2026-06-02 00:14:41] info: 	z2m:mqtt: MQTT publish: topic 'zigbee2mqtt/Workshop Light', payload '{"brightness_rgb":112,"brightness_white":254,"color_mode_rgb":"xy","color_mode_white":"color_temp","color_rgb":{"x":0.313,"y":0.21},"color_temp_white":250,"device_temperature":39,"dimming_range_maximum":100,"dimming_range_minimum":1,"effect":null,"effect_speed":0,"identify":null,"level_config_white":{"off_transition_time":1.5,"on_transition_time":1.5},"linkquality":36,"off_on_duration":null,"on_off_duration":null,"power_on_behavior":null,"power_on_behaviour":"off","power_outage_count":48,"state":"OFF","state_rgb":"OFF","state_white":"OFF","update":{"installed_version":-1,"latest_version":-1,"state":null}}'
[2026-06-02 00:14:41] info: 	z2m:mqtt: MQTT publish: topic 'zigbee2mqtt/Workshop Light/white', payload '{"brightness":254,"color_mode":"color_temp","color_temp":250,"level_config":{"off_transition_time":1.5,"on_transition_time":1.5},"state":"OFF"}'
[2026-06-02 00:14:41] info: 	z2m:mqtt: MQTT publish: topic 'zigbee2mqtt/Workshop Light/rgb', payload '{"brightness":112,"color":{"x":0.313,"y":0.21},"color_mode":"xy","state":"OFF"}'
[2026-06-02 00:14:41] info: 	z2m:mqtt: MQTT publish: topic 'zigbee2mqtt/Workshop Light', payload '{"brightness_rgb":112,"brightness_white":254,"color_mode_rgb":"xy","color_mode_white":"color_temp","color_rgb":{"x":0.313,"y":0.21},"color_temp_white":250,"device_temperature":39,"dimming_range_maximum":100,"dimming_range_minimum":1,"effect":null,"effect_speed":0,"identify":null,"level_config_white":{"off_transition_time":1.5,"on_transition_time":1.5},"linkquality":40,"off_on_duration":null,"on_off_duration":null,"power_on_behavior":null,"power_on_behaviour":"off","power_outage_count":48,"state":"OFF","state_rgb":"OFF","state_white":"OFF","update":{"installed_version":-1,"latest_version":-1,"state":null}}'
[2026-06-02 00:14:41] info: 	z2m:mqtt: MQTT publish: topic 'zigbee2mqtt/Workshop Light/white', payload '{"brightness":254,"color_mode":"color_temp","color_temp":250,"level_config":{"off_transition_time":1.5,"on_transition_time":1.5},"state":"OFF"}'
[2026-06-02 00:14:41] info: 	z2m:mqtt: MQTT publish: topic 'zigbee2mqtt/Workshop Light/rgb', payload '{"brightness":112,"color":{"x":0.313,"y":0.21},"color_mode":"xy","state":"OFF"}'
[2026-06-02 00:14:41] error: 	z2m: Failed to configure 'Workshop Light', attempt 2 (Error: Device 0x54ef441000b757df has no input cluster manuSpecificLumi
    at getEndpointsWithCluster (/app/node_modules/.pnpm/zigbee-herdsman-converters@26.46.0/node_modules/zigbee-herdsman-converters/src/lib/utils.ts:755:15)
    at configure (/app/node_modules/.pnpm/zigbee-herdsman-converters@26.46.0/node_modules/zigbee-herdsman-converters/src/lib/modernExtend.ts:228:52)
    at Object.configure (/app/node_modules/.pnpm/zigbee-herdsman-converters@26.46.0/node_modules/zigbee-herdsman-converters/src/index.ts:363:27)
    at processTicksAndRejections (node:internal/process/task_queues:103:5)
    at Configure.configure (/app/lib/extension/configure.ts:135:13)
    at EventEmitter.wrappedCallback (/app/lib/eventBus.ts:252:17))
[2026-06-02 00:14:41] info: 	z2m: Configuring 'Workshop Light'
[2026-06-02 00:14:41] info: 	z2m:mqtt: MQTT publish: topic 'zigbee2mqtt/Workshop Light', payload '{"brightness_rgb":112,"brightness_white":254,"color_mode_rgb":"xy","color_mode_white":"color_temp","color_rgb":{"x":0.313,"y":0.21},"color_temp_white":250,"device_temperature":39,"dimming_range_maximum":100,"dimming_range_minimum":1,"effect":null,"effect_speed":0,"identify":null,"level_config_white":{"off_transition_time":1.5,"on_transition_time":1.5},"linkquality":40,"off_on_duration":null,"on_off_duration":null,"power_on_behavior":null,"power_on_behaviour":"off","power_outage_count":48,"state":"OFF","state_rgb":"OFF","state_white":"OFF","update":{"installed_version":-1,"latest_version":-1,"state":null}}'
[2026-06-02 00:14:41] info: 	z2m:mqtt: MQTT publish: topic 'zigbee2mqtt/Workshop Light/white', payload '{"brightness":254,"color_mode":"color_temp","color_temp":250,"level_config":{"off_transition_time":1.5,"on_transition_time":1.5},"state":"OFF"}'
[2026-06-02 00:14:41] info: 	z2m:mqtt: MQTT publish: topic 'zigbee2mqtt/Workshop Light/rgb', payload '{"brightness":112,"color":{"x":0.313,"y":0.21},"color_mode":"xy","state":"OFF"}'
[2026-06-02 00:14:41] info: 	z2m:mqtt: MQTT publish: topic 'zigbee2mqtt/Workshop Light', payload '{"brightness_rgb":112,"brightness_white":254,"color_mode_rgb":"xy","color_mode_white":"color_temp","color_rgb":{"x":0.313,"y":0.21},"color_temp_white":250,"device_temperature":39,"dimming_range_maximum":100,"dimming_range_minimum":1,"effect":null,"effect_speed":0,"identify":null,"level_config_white":{"off_transition_time":1.5,"on_transition_time":1.5},"linkquality":40,"off_on_duration":null,"on_off_duration":null,"power_on_behavior":null,"power_on_behaviour":"off","power_outage_count":48,"state":"OFF","state_rgb":"OFF","state_white":"OFF","update":{"installed_version":-1,"latest_version":-1,"state":null}}'
[2026-06-02 00:14:41] info: 	z2m:mqtt: MQTT publish: topic 'zigbee2mqtt/Workshop Light/white', payload '{"brightness":254,"color_mode":"color_temp","color_temp":250,"level_config":{"off_transition_time":1.5,"on_transition_time":1.5},"state":"OFF"}'
[2026-06-02 00:14:41] info: 	z2m:mqtt: MQTT publish: topic 'zigbee2mqtt/Workshop Light/rgb', payload '{"brightness":112,"color":{"x":0.313,"y":0.21},"color_mode":"xy","state":"OFF"}'
[2026-06-02 00:14:41] info: 	z2m:mqtt: MQTT publish: topic 'zigbee2mqtt/Workshop Light', payload '{"brightness_rgb":112,"brightness_white":254,"color_mode_rgb":"xy","color_mode_white":"color_temp","color_rgb":{"x":0.313,"y":0.21},"color_temp_white":250,"device_temperature":39,"dimming_range_maximum":100,"dimming_range_minimum":1,"effect":null,"effect_speed":0,"identify":null,"level_config_white":{"off_transition_time":1.5,"on_transition_time":1.5},"linkquality":40,"off_on_duration":null,"on_off_duration":null,"power_on_behavior":null,"power_on_behaviour":"off","power_outage_count":48,"state":"OFF","state_rgb":"OFF","state_white":"OFF","update":{"installed_version":-1,"latest_version":-1,"state":null}}'
[2026-06-02 00:14:41] info: 	z2m:mqtt: MQTT publish: topic 'zigbee2mqtt/Workshop Light/white', payload '{"brightness":254,"color_mode":"color_temp","color_temp":250,"level_config":{"off_transition_time":1.5,"on_transition_time":1.5},"state":"OFF"}'
[2026-06-02 00:14:41] info: 	z2m:mqtt: MQTT publish: topic 'zigbee2mqtt/Workshop Light/rgb', payload '{"brightness":112,"color":{"x":0.313,"y":0.21},"color_mode":"xy","state":"OFF"}'
[2026-06-02 00:14:41] info: 	z2m:mqtt: MQTT publish: topic 'zigbee2mqtt/Workshop Light', payload '{"brightness_rgb":112,"brightness_white":254,"color_mode_rgb":"xy","color_mode_white":"color_temp","color_rgb":{"x":0.313,"y":0.21},"color_temp_white":250,"device_temperature":39,"dimming_range_maximum":100,"dimming_range_minimum":1,"effect":null,"effect_speed":0,"identify":null,"level_config_white":{"off_transition_time":1.5,"on_transition_time":1.5},"linkquality":40,"off_on_duration":null,"on_off_duration":null,"power_on_behavior":null,"power_on_behaviour":"off","power_outage_count":48,"state":"OFF","state_rgb":"OFF","state_white":"OFF","update":{"installed_version":-1,"latest_version":-1,"state":null}}'
[2026-06-02 00:14:41] info: 	z2m:mqtt: MQTT publish: topic 'zigbee2mqtt/Workshop Light/white', payload '{"brightness":254,"color_mode":"color_temp","color_temp":250,"level_config":{"off_transition_time":1.5,"on_transition_time":1.5},"state":"OFF"}'
[2026-06-02 00:14:41] info: 	z2m:mqtt: MQTT publish: topic 'zigbee2mqtt/Workshop Light/rgb', payload '{"brightness":112,"color":{"x":0.313,"y":0.21},"color_mode":"xy","state":"OFF"}'
[2026-06-02 00:14:41] info: 	z2m:mqtt: MQTT publish: topic 'zigbee2mqtt/Workshop Light', payload '{"brightness_rgb":112,"brightness_white":254,"color_mode_rgb":"xy","color_mode_white":"color_temp","color_rgb":{"x":0.313,"y":0.21},"color_temp_white":250,"device_temperature":39,"dimming_range_maximum":100,"dimming_range_minimum":1,"effect":null,"effect_speed":0,"identify":null,"level_config_white":{"off_transition_time":1.5,"on_transition_time":1.5},"linkquality":36,"off_on_duration":null,"on_off_duration":null,"power_on_behavior":null,"power_on_behaviour":"off","power_outage_count":48,"state":"OFF","state_rgb":"OFF","state_white":"OFF","update":{"installed_version":-1,"latest_version":-1,"state":null}}'
[2026-06-02 00:14:41] info: 	z2m:mqtt: MQTT publish: topic 'zigbee2mqtt/Workshop Light/white', payload '{"brightness":254,"color_mode":"color_temp","color_temp":250,"level_config":{"off_transition_time":1.5,"on_transition_time":1.5},"state":"OFF"}'
[2026-06-02 00:14:41] info: 	z2m:mqtt: MQTT publish: topic 'zigbee2mqtt/Workshop Light/rgb', payload '{"brightness":112,"color":{"x":0.313,"y":0.21},"color_mode":"xy","state":"OFF"}'
[2026-06-02 00:14:41] error: 	z2m: Failed to configure 'Workshop Light', attempt 3 (Error: Device 0x54ef441000b757df has no input cluster manuSpecificLumi
    at getEndpointsWithCluster (/app/node_modules/.pnpm/zigbee-herdsman-converters@26.46.0/node_modules/zigbee-herdsman-converters/src/lib/utils.ts:755:15)
    at configure (/app/node_modules/.pnpm/zigbee-herdsman-converters@26.46.0/node_modules/zigbee-herdsman-converters/src/lib/modernExtend.ts:228:52)
    at Object.configure (/app/node_modules/.pnpm/zigbee-herdsman-converters@26.46.0/node_modules/zigbee-herdsman-converters/src/index.ts:363:27)
    at processTicksAndRejections (node:internal/process/task_queues:103:5)
    at Configure.configure (/app/lib/extension/configure.ts:135:13)
    at EventEmitter.wrappedCallback (/app/lib/eventBus.ts:252:17))
[2026-06-02 00:16:30] info: 	z2m:mqtt: MQTT publish: topic 'zigbee2mqtt/Alarm Keypad', payload '{"action_code":null,"action_transaction":null,"action_zone":null,"battery":100,"battery_low":false,"linkquality":36,"tamper":false,"update":{"installed_version":131078,"latest_release_notes":null,"latest_source":"https://raw.githubusercontent.com/Koenkk/zigbee-OTA/master/images/Develco/IntelligentKeyPad_2.0.5.zigbee","latest_version":131077,"state":"idle"},"voltage":5200}'
[2026-06-02 00:18:17] info: 	z2m:mqtt: MQTT publish: topic 'zigbee2mqtt/Alarm Keypad', payload '{"action_code":null,"action_transaction":null,"action_zone":null,"battery":100,"battery_low":false,"linkquality":36,"tamper":false,"update":{"installed_version":131078,"latest_release_notes":null,"latest_source":"https://raw.githubusercontent.com/Koenkk/zigbee-OTA/master/images/Develco/IntelligentKeyPad_2.0.5.zigbee","latest_version":131077,"state":"idle"},"voltage":5200}'
[2026-06-02 00:18:37] info: 	z2m:mqtt: MQTT publish: topic 'zigbee2mqtt/Philips Backyard Sensor', payload '{"battery":100,"illuminance":1,"led_indication":true,"linkquality":36,"motion_sensitivity":"high","occupancy":false,"occupancy_timeout":60,"temperature":23.36,"update":{"installed_version":1124103169,"latest_release_notes":null,"latest_source":"https://raw.githubusercontent.com/Koenkk/zigbee-OTA/master/images/Hue/Sensor-ATmega_0012.sbl-ota","latest_version":1124103169,"state":"idle"}}'
[2026-06-02 00:20:13] info: 	z2m:mqtt: MQTT publish: topic 'zigbee2mqtt/bridge/health', payload '{"response_time":1780352413994,"os":{"load_average":[0.2,0.15,0.1],"memory_used_mb":4295.71,"memory_percent":13.6751},"process":{"uptime_sec":1202,"memory_used_mb":133.88,"memory_percent":0.4262},"mqtt":{"connected":true,"queued":0,"published":196,"received":159},"devices":{"0x0015bc0043006306":{"messages":8,"messages_per_sec":0.0071,"leave_count":0,"network_address_changes":0},"0x54ef441000b757df":{"messages":28,"messages_per_sec":0.0345,"leave_count":0,"network_address_changes":0},"0x001788010649a073":{"messages":1,"messages_per_sec":0.0103,"leave_count":0,"network_address_changes":0}}}'
[2026-06-02 00:20:37] warning: 	z2m: Failed to ping 'Alarm Repeater' (attempt 1/1, ZCL command 0x0015bc0022000242/37 genBasic.read(["zclVersion"], {"timeout":10000,"disableResponse":false,"disableRecovery":true,"disableDefaultResponse":true,"direction":0,"reservedBits":0,"writeUndiv":false,"sendPolicy":"immediate"}) failed (Data request failed with error: 'NWK_NO_ROUTE' (0xcd)))
[2026-06-02 00:20:47] warning: 	z2m: Failed to ping 'Kitchen Presence' (attempt 1/1, ZCL command 0x54ef44100124a3ca/1 genBasic.read(["zclVersion"], {"timeout":10000,"disableResponse":false,"disableRecovery":true,"disableDefaultResponse":true,"direction":0,"reservedBits":0,"writeUndiv":false,"sendPolicy":"immediate"}) failed (Data request failed with error: 'NWK_NO_ROUTE' (0xcd)))
[2026-06-02 00:20:51] warning: 	z2m: Failed to ping 'Alarm Siren' (attempt 1/1, ZCL command 0x0015bc0041007a25/43 genBasic.read(["zclVersion"], {"timeout":10000,"disableResponse":false,"disableRecovery":true,"disableDefaultResponse":true,"direction":0,"reservedBits":0,"writeUndiv":false,"sendPolicy":"immediate"}) failed (Data request failed with error: 'NWK_NO_ROUTE' (0xcd)))
[2026-06-02 00:20:59] warning: 	z2m: Failed to ping 'Smart Plug Z1' (attempt 1/1, ZCL command 0xa4c13812921dddfd/1 genBasic.read(["zclVersion"], {"timeout":10000,"disableResponse":false,"disableRecovery":true,"disableDefaultResponse":true,"direction":0,"reservedBits":0,"writeUndiv":false,"sendPolicy":"immediate"}) failed (Data request failed with error: 'NWK_NO_ROUTE' (0xcd)))
[2026-06-02 00:21:30] info: 	z2m:mqtt: MQTT publish: topic 'zigbee2mqtt/Alarm Keypad', payload '{"action_code":null,"action_transaction":null,"action_zone":null,"battery":100,"battery_low":false,"linkquality":36,"tamper":false,"update":{"installed_version":131078,"latest_release_notes":null,"latest_source":"https://raw.githubusercontent.com/Koenkk/zigbee-OTA/master/images/Develco/IntelligentKeyPad_2.0.5.zigbee","latest_version":131077,"state":"idle"},"voltage":5200}'
[2026-06-02 00:21:46] info: 	z2m:mqtt: MQTT publish: topic 'zigbee2mqtt/Workshop Light', payload '{"brightness_rgb":112,"brightness_white":254,"color_mode_rgb":"xy","color_mode_white":"color_temp","color_rgb":{"x":0.313,"y":0.21},"color_temp_white":250,"device_temperature":38,"dimming_range_maximum":100,"dimming_range_minimum":1,"effect":null,"effect_speed":0,"identify":null,"level_config_white":{"off_transition_time":1.5,"on_transition_time":1.5},"linkquality":40,"off_on_duration":null,"on_off_duration":null,"power_on_behavior":null,"power_on_behaviour":"off","power_outage_count":48,"state":"OFF","state_rgb":"OFF","state_white":"OFF","update":{"installed_version":-1,"latest_version":-1,"state":null}}'
[2026-06-02 00:21:46] info: 	z2m:mqtt: MQTT publish: topic 'zigbee2mqtt/Workshop Light/white', payload '{"brightness":254,"color_mode":"color_temp","color_temp":250,"level_config":{"off_transition_time":1.5,"on_transition_time":1.5},"state":"OFF"}'
[2026-06-02 00:21:46] info: 	z2m:mqtt: MQTT publish: topic 'zigbee2mqtt/Workshop Light/rgb', payload '{"brightness":112,"color":{"x":0.313,"y":0.21},"color_mode":"xy","state":"OFF"}'
[2026-06-02 00:26:30] info: 	z2m:mqtt: MQTT publish: topic 'zigbee2mqtt/Alarm Keypad', payload '{"action_code":null,"action_transaction":null,"action_zone":null,"battery":100,"battery_low":false,"linkquality":36,"tamper":false,"update":{"installed_version":131078,"latest_release_notes":null,"latest_source":"https://raw.githubusercontent.com/Koenkk/zigbee-OTA/master/images/Develco/IntelligentKeyPad_2.0.5.zigbee","latest_version":131077,"state":"idle"},"voltage":5200}'
[2026-06-02 00:27:00] info: 	z2m:mqtt: MQTT publish: topic 'zigbee2mqtt/Workshop Light', payload '{"brightness_rgb":112,"brightness_white":254,"color_mode_rgb":"xy","color_mode_white":"color_temp","color_rgb":{"x":0.313,"y":0.21},"color_temp_white":250,"device_temperature":38,"dimming_range_maximum":100,"dimming_range_minimum":1,"effect":null,"effect_speed":0,"identify":null,"level_config_white":{"off_transition_time":1.5,"on_transition_time":1.5},"linkquality":40,"off_on_duration":null,"on_off_duration":null,"power_on_behavior":null,"power_on_behaviour":"off","power_outage_count":48,"state":"OFF","state_rgb":"OFF","state_white":"OFF","update":{"installed_version":-1,"latest_version":-1,"state":null}}'
[2026-06-02 00:27:00] info: 	z2m:mqtt: MQTT publish: topic 'zigbee2mqtt/Workshop Light/white', payload '{"brightness":254,"color_mode":"color_temp","color_temp":250,"level_config":{"off_transition_time":1.5,"on_transition_time":1.5},"state":"OFF"}'
[2026-06-02 00:27:00] info: 	z2m:mqtt: MQTT publish: topic 'zigbee2mqtt/Workshop Light/rgb', payload '{"brightness":112,"color":{"x":0.313,"y":0.21},"color_mode":"xy","state":"OFF"}'
[2026-06-02 00:30:13] info: 	z2m:mqtt: MQTT publish: topic 'zigbee2mqtt/bridge/health', payload '{"response_time":1780353013996,"os":{"load_average":[0.26,0.18,0.12],"memory_used_mb":4294.49,"memory_percent":13.6712},"process":{"uptime_sec":1802,"memory_used_mb":134.57,"memory_percent":0.4284},"mqtt":{"connected":true,"queued":0,"published":218,"received":159},"devices":{"0x0015bc0043006306":{"messages":10,"messages_per_sec":0.0058,"leave_count":0,"network_address_changes":0},"0x54ef441000b757df":{"messages":32,"messages_per_sec":0.0227,"leave_count":0,"network_address_changes":0},"0x001788010649a073":{"messages":1,"messages_per_sec":0.0014,"leave_count":0,"network_address_changes":0}}}'
[2026-06-02 00:31:30] info: 	z2m:mqtt: MQTT publish: topic 'zigbee2mqtt/Alarm Keypad', payload '{"action_code":null,"action_transaction":null,"action_zone":null,"battery":100,"battery_low":false,"linkquality":40,"tamper":false,"update":{"installed_version":131078,"latest_release_notes":null,"latest_source":"https://raw.githubusercontent.com/Koenkk/zigbee-OTA/master/images/Develco/IntelligentKeyPad_2.0.5.zigbee","latest_version":131077,"state":"idle"},"voltage":5200}'
[2026-06-02 00:32:16] info: 	z2m:mqtt: MQTT publish: topic 'zigbee2mqtt/Workshop Light', payload '{"brightness_rgb":112,"brightness_white":254,"color_mode_rgb":"xy","color_mode_white":"color_temp","color_rgb":{"x":0.313,"y":0.21},"color_temp_white":250,"device_temperature":37,"dimming_range_maximum":100,"dimming_range_minimum":1,"effect":null,"effect_speed":0,"identify":null,"level_config_white":{"off_transition_time":1.5,"on_transition_time":1.5},"linkquality":36,"off_on_duration":null,"on_off_duration":null,"power_on_behavior":null,"power_on_behaviour":"off","power_outage_count":48,"state":"OFF","state_rgb":"OFF","state_white":"OFF","update":{"installed_version":-1,"latest_version":-1,"state":null}}'
[2026-06-02 00:32:16] info: 	z2m:mqtt: MQTT publish: topic 'zigbee2mqtt/Workshop Light/white', payload '{"brightness":254,"color_mode":"color_temp","color_temp":250,"level_config":{"off_transition_time":1.5,"on_transition_time":1.5},"state":"OFF"}'
[2026-06-02 00:32:16] info: 	z2m:mqtt: MQTT publish: topic 'zigbee2mqtt/Workshop Light/rgb', payload '{"brightness":112,"color":{"x":0.313,"y":0.21},"color_mode":"xy","state":"OFF"}'
[2026-06-02 00:36:30] info: 	z2m:mqtt: MQTT publish: topic 'zigbee2mqtt/Alarm Keypad', payload '{"action_code":null,"action_transaction":null,"action_zone":null,"battery":100,"battery_low":false,"linkquality":40,"tamper":false,"update":{"installed_version":131078,"latest_release_notes":null,"latest_source":"https://raw.githubusercontent.com/Koenkk/zigbee-OTA/master/images/Develco/IntelligentKeyPad_2.0.5.zigbee","latest_version":131077,"state":"idle"},"voltage":5200}'
[2026-06-02 00:36:44] info: 	z2m:mqtt: MQTT publish: topic 'zigbee2mqtt/Philips Backyard Sensor', payload '{"battery":100,"illuminance":1,"led_indication":true,"linkquality":36,"motion_sensitivity":"high","occupancy":false,"occupancy_timeout":60,"temperature":23.36,"update":{"installed_version":1124103169,"latest_release_notes":null,"latest_source":"https://raw.githubusercontent.com/Koenkk/zigbee-OTA/master/images/Hue/Sensor-ATmega_0012.sbl-ota","latest_version":1124103169,"state":"idle"}}'
[2026-06-02 00:38:26] info: 	z2m:mqtt: MQTT publish: topic 'zigbee2mqtt/Workshop Light', payload '{"brightness_rgb":112,"brightness_white":254,"color_mode_rgb":"xy","color_mode_white":"color_temp","color_rgb":{"x":0.313,"y":0.21},"color_temp_white":250,"device_temperature":37,"dimming_range_maximum":100,"dimming_range_minimum":1,"effect":null,"effect_speed":0,"identify":null,"level_config_white":{"off_transition_time":1.5,"on_transition_time":1.5},"linkquality":40,"off_on_duration":null,"on_off_duration":null,"power_on_behavior":null,"power_on_behaviour":"off","power_outage_count":48,"state":"OFF","state_rgb":"OFF","state_white":"OFF","update":{"installed_version":-1,"latest_version":-1,"state":null}}'
[2026-06-02 00:38:26] info: 	z2m:mqtt: MQTT publish: topic 'zigbee2mqtt/Workshop Light/white', payload '{"brightness":254,"color_mode":"color_temp","color_temp":250,"level_config":{"off_transition_time":1.5,"on_transition_time":1.5},"state":"OFF"}'
[2026-06-02 00:38:26] info: 	z2m:mqtt: MQTT publish: topic 'zigbee2mqtt/Workshop Light/rgb', payload '{"brightness":112,"color":{"x":0.313,"y":0.21},"color_mode":"xy","state":"OFF"}'
[2026-06-02 00:40:13] info: 	z2m:mqtt: MQTT publish: topic 'zigbee2mqtt/bridge/health', payload '{"response_time":1780353613997,"os":{"load_average":[0.17,0.1,0.09],"memory_used_mb":4305.09,"memory_percent":13.705},"process":{"uptime_sec":2402,"memory_used_mb":134.82,"memory_percent":0.4292},"mqtt":{"connected":true,"queued":0,"published":238,"received":159},"devices":{"0x0015bc0043006306":{"messages":13,"messages_per_sec":0.0056,"leave_count":0,"network_address_changes":0},"0x54ef441000b757df":{"messages":36,"messages_per_sec":0.0179,"leave_count":0,"network_address_changes":0},"0x001788010649a073":{"messages":2,"messages_per_sec":0.0015,"leave_count":0,"network_address_changes":0}}}'
[2026-06-02 00:41:30] info: 	z2m:mqtt: MQTT publish: topic 'zigbee2mqtt/Alarm Keypad', payload '{"action_code":null,"action_transaction":null,"action_zone":null,"battery":100,"battery_low":false,"linkquality":36,"tamper":false,"update":{"installed_version":131078,"latest_release_notes":null,"latest_source":"https://raw.githubusercontent.com/Koenkk/zigbee-OTA/master/images/Develco/IntelligentKeyPad_2.0.5.zigbee","latest_version":131077,"state":"idle"},"voltage":5200}'
[2026-06-02 00:43:48] info: 	z2m:mqtt: MQTT publish: topic 'zigbee2mqtt/Workshop Light', payload '{"brightness_rgb":112,"brightness_white":254,"color_mode_rgb":"xy","color_mode_white":"color_temp","color_rgb":{"x":0.313,"y":0.21},"color_temp_white":250,"device_temperature":39,"dimming_range_maximum":100,"dimming_range_minimum":1,"effect":null,"effect_speed":0,"identify":null,"level_config_white":{"off_transition_time":1.5,"on_transition_time":1.5},"linkquality":36,"off_on_duration":null,"on_off_duration":null,"power_on_behavior":null,"power_on_behaviour":"off","power_outage_count":48,"state":"OFF","state_rgb":"OFF","state_white":"OFF","update":{"installed_version":-1,"latest_version":-1,"state":null}}'
[2026-06-02 00:43:48] info: 	z2m:mqtt: MQTT publish: topic 'zigbee2mqtt/Workshop Light/white', payload '{"brightness":254,"color_mode":"color_temp","color_temp":250,"level_config":{"off_transition_time":1.5,"on_transition_time":1.5},"state":"OFF"}'
[2026-06-02 00:43:48] info: 	z2m:mqtt: MQTT publish: topic 'zigbee2mqtt/Workshop Light/rgb', payload '{"brightness":112,"color":{"x":0.313,"y":0.21},"color_mode":"xy","state":"OFF"}'
[2026-06-02 00:46:30] info: 	z2m:mqtt: MQTT publish: topic 'zigbee2mqtt/Alarm Keypad', payload '{"action_code":null,"action_transaction":null,"action_zone":null,"battery":100,"battery_low":false,"linkquality":36,"tamper":false,"update":{"installed_version":131078,"latest_release_notes":null,"latest_source":"https://raw.githubusercontent.com/Koenkk/zigbee-OTA/master/images/Develco/IntelligentKeyPad_2.0.5.zigbee","latest_version":131077,"state":"idle"},"voltage":5200}'
[2026-06-02 00:46:43] info: 	z2m:mqtt: MQTT publish: topic 'zigbee2mqtt/Philips Backyard Sensor', payload '{"battery":100,"illuminance":1,"led_indication":true,"linkquality":40,"motion_sensitivity":"high","occupancy":false,"occupancy_timeout":60,"temperature":23.36,"update":{"installed_version":1124103169,"latest_release_notes":null,"latest_source":"https://raw.githubusercontent.com/Koenkk/zigbee-OTA/master/images/Hue/Sensor-ATmega_0012.sbl-ota","latest_version":1124103169,"state":"idle"}}'
[2026-06-02 00:50:02] info: 	z2m:mqtt: MQTT publish: topic 'zigbee2mqtt/Workshop Light', payload '{"brightness_rgb":112,"brightness_white":254,"color_mode_rgb":"xy","color_mode_white":"color_temp","color_rgb":{"x":0.313,"y":0.21},"color_temp_white":250,"device_temperature":38,"dimming_range_maximum":100,"dimming_range_minimum":1,"effect":null,"effect_speed":0,"identify":null,"level_config_white":{"off_transition_time":1.5,"on_transition_time":1.5},"linkquality":36,"off_on_duration":null,"on_off_duration":null,"power_on_behavior":null,"power_on_behaviour":"off","power_outage_count":48,"state":"OFF","state_rgb":"OFF","state_white":"OFF","update":{"installed_version":-1,"latest_version":-1,"state":null}}'
[2026-06-02 00:50:02] info: 	z2m:mqtt: MQTT publish: topic 'zigbee2mqtt/Workshop Light/white', payload '{"brightness":254,"color_mode":"color_temp","color_temp":250,"level_config":{"off_transition_time":1.5,"on_transition_time":1.5},"state":"OFF"}'
[2026-06-02 00:50:02] info: 	z2m:mqtt: MQTT publish: topic 'zigbee2mqtt/Workshop Light/rgb', payload '{"brightness":112,"color":{"x":0.313,"y":0.21},"color_mode":"xy","state":"OFF"}'
[2026-06-02 00:50:13] info: 	z2m:mqtt: MQTT publish: topic 'zigbee2mqtt/bridge/health', payload '{"response_time":1780354213999,"os":{"load_average":[0.37,0.13,0.09],"memory_used_mb":4291.94,"memory_percent":13.6631},"process":{"uptime_sec":3002,"memory_used_mb":134.65,"memory_percent":0.4287},"mqtt":{"connected":true,"queued":0,"published":258,"received":159},"devices":{"0x0015bc0043006306":{"messages":16,"messages_per_sec":0.0055,"leave_count":0,"network_address_changes":0},"0x54ef441000b757df":{"messages":43,"messages_per_sec":0.0165,"leave_count":0,"network_address_changes":0},"0x001788010649a073":{"messages":3,"messages_per_sec":0.0016,"leave_count":0,"network_address_changes":0}}}'
[2026-06-02 00:51:30] info: 	z2m:mqtt: MQTT publish: topic 'zigbee2mqtt/Alarm Keypad', payload '{"action_code":null,"action_transaction":null,"action_zone":null,"battery":100,"battery_low":false,"linkquality":40,"tamper":false,"update":{"installed_version":131078,"latest_release_notes":null,"latest_source":"https://raw.githubusercontent.com/Koenkk/zigbee-OTA/master/images/Develco/IntelligentKeyPad_2.0.5.zigbee","latest_version":131077,"state":"idle"},"voltage":5200}'
[2026-06-02 00:55:16] info: 	z2m:mqtt: MQTT publish: topic 'zigbee2mqtt/Workshop Light', payload '{"brightness_rgb":112,"brightness_white":254,"color_mode_rgb":"xy","color_mode_white":"color_temp","color_rgb":{"x":0.313,"y":0.21},"color_temp_white":250,"device_temperature":37,"dimming_range_maximum":100,"dimming_range_minimum":1,"effect":null,"effect_speed":0,"identify":null,"level_config_white":{"off_transition_time":1.5,"on_transition_time":1.5},"linkquality":40,"off_on_duration":null,"on_off_duration":null,"power_on_behavior":null,"power_on_behaviour":"off","power_outage_count":48,"state":"OFF","state_rgb":"OFF","state_white":"OFF","update":{"installed_version":-1,"latest_version":-1,"state":null}}'
[2026-06-02 00:55:16] info: 	z2m:mqtt: MQTT publish: topic 'zigbee2mqtt/Workshop Light/white', payload '{"brightness":254,"color_mode":"color_temp","color_temp":250,"level_config":{"off_transition_time":1.5,"on_transition_time":1.5},"state":"OFF"}'
[2026-06-02 00:55:16] info: 	z2m:mqtt: MQTT publish: topic 'zigbee2mqtt/Workshop Light/rgb', payload '{"brightness":112,"color":{"x":0.313,"y":0.21},"color_mode":"xy","state":"OFF"}'
[2026-06-02 00:56:30] info: 	z2m:mqtt: MQTT publish: topic 'zigbee2mqtt/Alarm Keypad', payload '{"action_code":null,"action_transaction":null,"action_zone":null,"battery":100,"battery_low":false,"linkquality":40,"tamper":false,"update":{"installed_version":131078,"latest_release_notes":null,"latest_source":"https://raw.githubusercontent.com/Koenkk/zigbee-OTA/master/images/Develco/IntelligentKeyPad_2.0.5.zigbee","latest_version":131077,"state":"idle"},"voltage":5200}'
[2026-06-02 00:59:22] info: 	z2m:mqtt: MQTT publish: topic 'zigbee2mqtt/Philips Backyard Sensor', payload '{"battery":100,"illuminance":1,"led_indication":true,"linkquality":36,"motion_sensitivity":"high","occupancy":false,"occupancy_timeout":60,"temperature":23.36,"update":{"installed_version":1124103169,"latest_release_notes":null,"latest_source":"https://raw.githubusercontent.com/Koenkk/zigbee-OTA/master/images/Hue/Sensor-ATmega_0012.sbl-ota","latest_version":1124103169,"state":"idle"}}'
[2026-06-02 00:59:33] info: 	z2m:mqtt: MQTT publish: topic 'zigbee2mqtt/Philips Backyard Sensor', payload '{"battery":100,"illuminance":1,"led_indication":true,"linkquality":40,"motion_sensitivity":"high","occupancy":false,"occupancy_timeout":60,"temperature":23.36,"update":{"installed_version":1124103169,"latest_release_notes":null,"latest_source":"https://raw.githubusercontent.com/Koenkk/zigbee-OTA/master/images/Hue/Sensor-ATmega_0012.sbl-ota","latest_version":1124103169,"state":"idle"}}'
[2026-06-02 01:00:00] info: 	z2m: Stopping Zigbee2MQTT (restart=false, code=0, signal=SIGTERM)
[2026-06-02 01:00:00] info: 	z2m:mqtt: MQTT publish: topic 'zigbee2mqtt/bridge/state', payload '{"state":"offline"}'
[2026-06-02 01:00:00] info: 	z2m: Disconnecting from MQTT server
[2026-06-02 01:00:00] info: 	z2m: Stopping zigbee-herdsman...
[2026-06-02 01:00:12] info: 	zh:controller: Wrote coordinator backup to '/config/zigbee2mqtt/coordinator_backup.json'
