[2025-12-15 06:17:29] info: 	z2m: Logging to console, file (filename: log.log)
[2025-12-15 06:17:30] info: 	z2m: Starting Zigbee2MQTT version 2.7.1 (commit #unknown)
[2025-12-15 06:17:30] info: 	z2m: Starting zigbee-herdsman (7.0.4)
[2025-12-15 06:17:30] info: 	zh:zstack:znp: Opening TCP socket with 192.168.87.68:6638
[2025-12-15 06:17:30] info: 	zh:zstack:znp: Socket connected
[2025-12-15 06:17:30] info: 	zh:zstack:znp: Socket ready
[2025-12-15 06:17:30] info: 	zh:zstack:znp: Writing CC2530/CC2531 skip bootloader payload
[2025-12-15 06:17:31] info: 	zh:zstack:znp: Skip bootloader for CC2652/CC1352
[2025-12-15 06:17:33] info: 	z2m: zigbee-herdsman started (resumed)
[2025-12-15 06:17:33] info: 	z2m: Coordinator firmware version: '{"meta":{"maintrel":1,"majorrel":2,"minorrel":7,"product":1,"revision":20240710,"transportrev":2},"type":"ZStack3x0"}'
[2025-12-15 06:17:33] info: 	z2m: Button 4 - Movie (0xb4e3f9fffe249e15): E1812 - IKEA TRADFRI shortcut button (EndDevice)
[2025-12-15 06:17:33] info: 	z2m: Smart Plug Z1 (0xa4c13812921dddfd): A1Z - Nous Smart plug (with power monitoring) (Router)
[2025-12-15 06:17:33] info: 	z2m: Button 3 - Workshop (0xb4e3f9fffe753317): E1812 - IKEA TRADFRI shortcut button (EndDevice)
[2025-12-15 06:17:33] info: 	z2m: Button 2 - Chandelier (0x04cd15fffe7ff98b): E1812 - IKEA TRADFRI shortcut button (EndDevice)
[2025-12-15 06:17:33] info: 	z2m: Button 1 - Kitchen (0x04cd15fffe268dcc): E1812 - IKEA TRADFRI shortcut button (EndDevice)
[2025-12-15 06:17:33] info: 	z2m: Cube (0x54ef4410006a43c7): CTP-R01 - Aqara Cube T1 Pro (EndDevice)
[2025-12-15 06:17:33] info: 	z2m: Philips Backyard Sensor (0x001788010649a073): 9290019758 - Philips Hue motion outdoor sensor (EndDevice)
[2025-12-15 06:17:33] info: 	z2m: Water Sensor 1 (0x5c0272fffebb9cde): TS0207_water_leak_detector_3 - Tuya Zigbee water leak sensor (EndDevice)
[2025-12-15 06:17:33] info: 	z2m: Alarm Keypad (0x0015bc0043006306): KEYZB-110 - Develco Keypad (EndDevice)
[2025-12-15 06:17:33] info: 	z2m: Alarm Repeater (0x0015bc0022000242): REXZB-111 - Develco Range extender with backup battery (Router)
[2025-12-15 06:17:33] info: 	z2m: Alarm Siren (0x0015bc0041007a25): SIRZB-111 - Develco Customizable siren (Router)
[2025-12-15 06:17:33] info: 	z2m: Workshop Light (0x54ef441000b757df): CL-L02D - Aqara Ceiling light T1M (EndDevice)
[2025-12-15 06:17:33] info: 	z2m: Currently 12 devices are joined.
[2025-12-15 06:17:33] info: 	z2m: Connecting to MQTT server at mqtt://core-mosquitto:1883
[2025-12-15 06:17:33] info: 	z2m: Connected to MQTT server
[2025-12-15 06:17:33] info: 	z2m:mqtt: MQTT publish: topic 'zigbee2mqtt/bridge/state', payload '{"state":"online"}'
[2025-12-15 06:17:33] info: 	z2m:mqtt: MQTT publish: topic 'zigbee2mqtt/Button 4 - Movie/availability', payload '{"state":"online"}'
[2025-12-15 06:17:34] info: 	z2m:mqtt: MQTT publish: topic 'zigbee2mqtt/Smart Plug Z1/availability', payload '{"state":"offline"}'
[2025-12-15 06:17:34] info: 	z2m:mqtt: MQTT publish: topic 'zigbee2mqtt/Button 3 - Workshop/availability', payload '{"state":"online"}'
[2025-12-15 06:17:34] info: 	z2m:mqtt: MQTT publish: topic 'zigbee2mqtt/Button 2 - Chandelier/availability', payload '{"state":"online"}'
[2025-12-15 06:17:34] info: 	z2m:mqtt: MQTT publish: topic 'zigbee2mqtt/Button 1 - Kitchen/availability', payload '{"state":"online"}'
[2025-12-15 06:17:34] info: 	z2m:mqtt: MQTT publish: topic 'zigbee2mqtt/Cube/availability', payload '{"state":"online"}'
[2025-12-15 06:17:34] info: 	z2m:mqtt: MQTT publish: topic 'zigbee2mqtt/Philips Backyard Sensor/availability', payload '{"state":"online"}'
[2025-12-15 06:17:34] info: 	z2m:mqtt: MQTT publish: topic 'zigbee2mqtt/Water Sensor 1/availability', payload '{"state":"online"}'
[2025-12-15 06:17:34] info: 	z2m:mqtt: MQTT publish: topic 'zigbee2mqtt/Alarm Keypad/availability', payload '{"state":"online"}'
[2025-12-15 06:17:34] info: 	z2m:mqtt: MQTT publish: topic 'zigbee2mqtt/Alarm Repeater/availability', payload '{"state":"offline"}'
[2025-12-15 06:17:34] info: 	z2m:mqtt: MQTT publish: topic 'zigbee2mqtt/Alarm Siren/availability', payload '{"state":"offline"}'
[2025-12-15 06:17:34] info: 	z2m:mqtt: MQTT publish: topic 'zigbee2mqtt/Workshop Light/availability', payload '{"state":"online"}'
[2025-12-15 06:17:34] info: 	z2m: Started frontend on port 8099
[2025-12-15 06:17:34] info: 	z2m:mqtt: MQTT publish: topic 'zigbee2mqtt/Button 4 - Movie', payload '{"battery":90,"identify":null,"linkquality":54,"update":{"installed_version":604241926,"latest_version":604241926,"state":"idle"}}'
[2025-12-15 06:17:34] info: 	z2m:mqtt: MQTT publish: topic 'zigbee2mqtt/Smart Plug Z1', payload '{"child_lock":"UNLOCK","countdown":0,"current":0,"energy":16.74,"indicator_mode":"off/on","linkquality":120,"power":0,"power_outage_memory":"off","state":"OFF","update":{"installed_version":192,"latest_version":192,"state":"idle"},"voltage":232}'
[2025-12-15 06:17:34] info: 	z2m:mqtt: MQTT publish: topic 'zigbee2mqtt/Button 3 - Workshop', payload '{"battery":75,"identify":null,"linkquality":54,"update":{"installed_version":604241926,"latest_version":604241926,"state":"idle"}}'
[2025-12-15 06:17:34] info: 	z2m:mqtt: MQTT publish: topic 'zigbee2mqtt/Button 2 - Chandelier', payload '{"battery":1,"identify":null,"linkquality":54,"update":{"installed_version":604241926,"latest_version":604241926,"state":"idle"}}'
[2025-12-15 06:17:34] info: 	z2m:mqtt: MQTT publish: topic 'zigbee2mqtt/Button 1 - Kitchen', payload '{"battery":90,"identify":null,"linkquality":87,"update":{"installed_version":604241926,"latest_version":604241926,"state":"idle"}}'
[2025-12-15 06:17:34] info: 	z2m:mqtt: MQTT publish: topic 'zigbee2mqtt/Cube', payload '{"action_angle":null,"action_from_side":null,"battery":53,"current":0,"linkquality":54,"operation_mode":"action_mode","power":2,"power_outage_count":159,"side":4,"update":{"installed_version":-1,"latest_version":-1,"state":null},"voltage":2929}'
[2025-12-15 06:17:34] info: 	z2m:mqtt: MQTT publish: topic 'zigbee2mqtt/Philips Backyard Sensor', payload '{"battery":15.5,"illuminance":1,"led_indication":true,"linkquality":54,"motion_sensitivity":"high","occupancy":false,"occupancy_timeout":60,"temperature":13.61,"update":{"installed_version":1124102917,"latest_version":1124102917,"state":"idle"}}'
[2025-12-15 06:17:34] info: 	z2m:mqtt: MQTT publish: topic 'zigbee2mqtt/Water Sensor 1', payload '{"battery":70,"battery_low":false,"linkquality":3,"tamper":false,"voltage":2800,"water_leak":false}'
[2025-12-15 06:17:34] info: 	z2m:mqtt: MQTT publish: topic 'zigbee2mqtt/Alarm Keypad', payload '{"action_code":null,"action_transaction":null,"action_zone":null,"battery":100,"battery_low":false,"linkquality":54,"tamper":false,"update":{"installed_version":131077,"latest_version":131077,"state":"idle"},"voltage":5300}'
[2025-12-15 06:17:34] info: 	z2m:mqtt: MQTT publish: topic 'zigbee2mqtt/Alarm Repeater', payload '{"ac_connected":null,"alarm_1":false,"alarm_2":false,"battery":null,"battery_defect":null,"battery_low":true,"identify":null,"led_control":null,"linkquality":47,"tamper":false,"tx_power":null,"update":{"installed_version":-1,"latest_version":-1,"state":null},"voltage":null,"zone_status_interval":null}'
[2025-12-15 06:17:34] info: 	z2m:mqtt: MQTT publish: topic 'zigbee2mqtt/Alarm Siren', payload '{"ac_status":true,"alarm":false,"battery":null,"battery_low":true,"enrolled":true,"ias_cie_address":"0x00124b002e0e1c5f","linkquality":65,"max_duration":10,"restore_reports":true,"supervision_reports":true,"tamper":false,"test":false,"voltage":null,"zone_id":23}'
[2025-12-15 06:17:34] info: 	z2m:mqtt: MQTT publish: topic 'zigbee2mqtt/Workshop Light', payload '{"brightness_rgb":254,"brightness_white":254,"color_mode_rgb":"xy","color_rgb":{"x":0.313,"y":0.21},"device_temperature":30,"dimming_range_maximum":100,"dimming_range_minimum":1,"level_config_white":{"off_transition_time":15,"on_transition_time":15},"linkquality":54,"off_on_duration":null,"on_off_duration":null,"power_on_behavior":null,"power_on_behaviour":"off","power_outage_count":37,"state":"OFF","state_rgb":"OFF","state_white":"OFF","update":{"installed_version":-1,"latest_version":-1,"state":null}}'
[2025-12-15 06:17:34] info: 	z2m:mqtt: MQTT publish: topic 'zigbee2mqtt/Workshop Light/white', payload '{"brightness":254,"level_config":{"off_transition_time":15,"on_transition_time":15},"state":"OFF"}'
[2025-12-15 06:17:34] info: 	z2m: Zigbee2MQTT started!
[2025-12-15 06:17:34] info: 	z2m:mqtt: MQTT publish: topic 'zigbee2mqtt/Workshop Light/rgb', payload '{"brightness":254,"color":{"x":0.313,"y":0.21},"color_mode":"xy","state":"OFF"}'
[2025-12-15 06:17:36] warning: 	z2m: Failed to ping 'Smart Plug Z1' (attempt 1/1, ZCL command 0xa4c13812921dddfd/1 genBasic.read(["zclVersion"], {"timeout":10000,"disableResponse":false,"disableRecovery":true,"disableDefaultResponse":true,"direction":0,"reservedBits":0,"writeUndiv":false,"sendPolicy":"immediate"}) failed (Data request failed with error: 'No network route' (205)))
[2025-12-15 06:17:39] info: 	z2m:mqtt: MQTT publish: topic 'homeassistant/binary_sensor/1221051039810110150109113116116_0x00124b002e0e1c5f/connection_state/config', payload '{"default_entity_id":"binary_sensor.zigbee2mqtt_bridge_connection_state","device":{"hw_version":"ZStack3x0 20240710","identifiers":["zigbee2mqtt_bridge_0x00124b002e0e1c5f"],"manufacturer":"Zigbee2MQTT","model":"Bridge","name":"Zigbee2MQTT Bridge","sw_version":"2.7.1"},"device_class":"connectivity","entity_category":"diagnostic","name":"Connection state","object_id":"zigbee2mqtt_bridge_connection_state","origin":{"name":"Zigbee2MQTT","sw":"2.7.1","url":"https://www.zigbee2mqtt.io"},"payload_off":"offline","payload_on":"online","state_topic":"zigbee2mqtt/bridge/state","unique_id":"bridge_0x00124b002e0e1c5f_connection_state_zigbee2mqtt","value_template":"{{ value_json.state }}"}'
[2025-12-15 06:17:40] warning: 	z2m: Failed to ping 'Alarm Repeater' (attempt 1/1, ZCL command 0x0015bc0022000242/37 genBasic.read(["zclVersion"], {"timeout":10000,"disableResponse":false,"disableRecovery":true,"disableDefaultResponse":true,"direction":0,"reservedBits":0,"writeUndiv":false,"sendPolicy":"immediate"}) failed (Data request failed with error: 'No network route' (205)))
[2025-12-15 06:17:43] warning: 	z2m: Failed to ping 'Alarm Siren' (attempt 1/1, ZCL command 0x0015bc0041007a25/43 genBasic.read(["zclVersion"], {"timeout":10000,"disableResponse":false,"disableRecovery":true,"disableDefaultResponse":true,"direction":0,"reservedBits":0,"writeUndiv":false,"sendPolicy":"immediate"}) failed (Data request failed with error: 'No network route' (205)))
[2025-12-15 06:17:53] info: 	z2m: Configuring 'Alarm Repeater'
[2025-12-15 06:18:04] error: 	z2m: Failed to configure 'Alarm Repeater', attempt 1 (Error: Bind 0x0015bc0022000242/37 genPowerCfg from '0x00124b002e0e1c5f/1' failed (AREQ - ZDO - bindRsp after 10000ms)
    at Object.start (/app/node_modules/.pnpm/zigbee-herdsman@7.0.4/node_modules/zigbee-herdsman/src/utils/waitress.ts:68:23)
    at func (/app/node_modules/.pnpm/zigbee-herdsman@7.0.4/node_modules/zigbee-herdsman/src/adapter/z-stack/adapter/zStackAdapter.ts:469:47)
    at processTicksAndRejections (node:internal/process/task_queues:105:5)
    at Queue.execute (/app/node_modules/.pnpm/zigbee-herdsman@7.0.4/node_modules/zigbee-herdsman/src/utils/queue.ts:36:20)
    at ZStackAdapter.sendZdoInternal (/app/node_modules/.pnpm/zigbee-herdsman@7.0.4/node_modules/zigbee-herdsman/src/adapter/z-stack/adapter/zStackAdapter.ts:474:43)
    at ZStackAdapter.sendZdo (/app/node_modules/.pnpm/zigbee-herdsman@7.0.4/node_modules/zigbee-herdsman/src/adapter/z-stack/adapter/zStackAdapter.ts:351:16)
    at Endpoint.bind (/app/node_modules/.pnpm/zigbee-herdsman@7.0.4/node_modules/zigbee-herdsman/src/controller/model/endpoint.ts:695:30)
    at Object.bind (/app/node_modules/.pnpm/zigbee-herdsman-converters@25.83.1/node_modules/zigbee-herdsman-converters/src/lib/reporting.ts:48:9)
    at configure (/app/node_modules/.pnpm/zigbee-herdsman-converters@25.83.1/node_modules/zigbee-herdsman-converters/src/devices/develco.ts:1104:13)
    at Object.configure (/app/node_modules/.pnpm/zigbee-herdsman-converters@25.83.1/node_modules/zigbee-herdsman-converters/src/index.ts:365:21))
[2025-12-15 06:18:14] info: 	z2m: Configuring 'Alarm Siren'
[2025-12-15 06:18:24] error: 	z2m: Failed to configure 'Alarm Siren', attempt 1 (Error: Bind 0x0015bc0041007a25/43 ssIasZone from '0x00124b002e0e1c5f/1' failed (AREQ - ZDO - bindRsp after 10000ms)
    at Object.start (/app/node_modules/.pnpm/zigbee-herdsman@7.0.4/node_modules/zigbee-herdsman/src/utils/waitress.ts:68:23)
    at func (/app/node_modules/.pnpm/zigbee-herdsman@7.0.4/node_modules/zigbee-herdsman/src/adapter/z-stack/adapter/zStackAdapter.ts:469:47)
    at processTicksAndRejections (node:internal/process/task_queues:105:5)
    at Queue.execute (/app/node_modules/.pnpm/zigbee-herdsman@7.0.4/node_modules/zigbee-herdsman/src/utils/queue.ts:36:20)
    at ZStackAdapter.sendZdoInternal (/app/node_modules/.pnpm/zigbee-herdsman@7.0.4/node_modules/zigbee-herdsman/src/adapter/z-stack/adapter/zStackAdapter.ts:474:43)
    at ZStackAdapter.sendZdo (/app/node_modules/.pnpm/zigbee-herdsman@7.0.4/node_modules/zigbee-herdsman/src/adapter/z-stack/adapter/zStackAdapter.ts:351:16)
    at Endpoint.bind (/app/node_modules/.pnpm/zigbee-herdsman@7.0.4/node_modules/zigbee-herdsman/src/controller/model/endpoint.ts:695:30)
    at Object.bind (/app/node_modules/.pnpm/zigbee-herdsman-converters@25.83.1/node_modules/zigbee-herdsman-converters/src/lib/reporting.ts:48:9)
    at configure (/app/node_modules/.pnpm/zigbee-herdsman-converters@25.83.1/node_modules/zigbee-herdsman-converters/src/devices/develco.ts:928:13)
    at Object.configure (/app/node_modules/.pnpm/zigbee-herdsman-converters@25.83.1/node_modules/zigbee-herdsman-converters/src/index.ts:365:21))
[2025-12-15 06:18:59] info: 	z2m:mqtt: MQTT publish: topic 'zigbee2mqtt/Alarm Keypad', payload '{"action_code":null,"action_transaction":null,"action_zone":null,"battery":100,"battery_low":false,"linkquality":51,"tamper":false,"update":{"installed_version":131077,"latest_version":131077,"state":"idle"},"voltage":5300}'
[2025-12-15 06:23:34] info: 	z2m: Configuring 'Workshop Light'
[2025-12-15 06:23:34] info: 	z2m:mqtt: MQTT publish: topic 'zigbee2mqtt/Workshop Light', payload '{"brightness_rgb":254,"brightness_white":254,"color_mode_rgb":"xy","color_rgb":{"x":0.313,"y":0.21},"device_temperature":29,"dimming_range_maximum":100,"dimming_range_minimum":1,"level_config_white":{"off_transition_time":15,"on_transition_time":15},"linkquality":51,"off_on_duration":null,"on_off_duration":null,"power_on_behavior":null,"power_on_behaviour":"off","power_outage_count":37,"state":"OFF","state_rgb":"OFF","state_white":"OFF","update":{"installed_version":-1,"latest_version":-1,"state":null}}'
[2025-12-15 06:23:34] info: 	z2m:mqtt: MQTT publish: topic 'zigbee2mqtt/Workshop Light/white', payload '{"brightness":254,"level_config":{"off_transition_time":15,"on_transition_time":15},"state":"OFF"}'
[2025-12-15 06:23:34] info: 	z2m:mqtt: MQTT publish: topic 'zigbee2mqtt/Workshop Light/rgb', payload '{"brightness":254,"color":{"x":0.313,"y":0.21},"color_mode":"xy","state":"OFF"}'
[2025-12-15 06:23:34] info: 	z2m:mqtt: MQTT publish: topic 'zigbee2mqtt/Workshop Light', payload '{"brightness_rgb":254,"brightness_white":254,"color_mode_rgb":"xy","color_rgb":{"x":0.313,"y":0.21},"device_temperature":29,"dimming_range_maximum":100,"dimming_range_minimum":1,"level_config_white":{"off_transition_time":15,"on_transition_time":15},"linkquality":51,"off_on_duration":null,"on_off_duration":null,"power_on_behavior":null,"power_on_behaviour":"off","power_outage_count":37,"state":"OFF","state_rgb":"OFF","state_white":"OFF","update":{"installed_version":-1,"latest_version":-1,"state":null}}'
[2025-12-15 06:23:34] info: 	z2m:mqtt: MQTT publish: topic 'zigbee2mqtt/Workshop Light/white', payload '{"brightness":254,"level_config":{"off_transition_time":15,"on_transition_time":15},"state":"OFF"}'
[2025-12-15 06:23:34] info: 	z2m:mqtt: MQTT publish: topic 'zigbee2mqtt/Workshop Light/rgb', payload '{"brightness":254,"color":{"x":0.313,"y":0.21},"color_mode":"xy","state":"OFF"}'
[2025-12-15 06:23:34] info: 	z2m:mqtt: MQTT publish: topic 'zigbee2mqtt/Workshop Light', payload '{"brightness_rgb":254,"brightness_white":254,"color_mode_rgb":"xy","color_rgb":{"x":0.313,"y":0.21},"device_temperature":29,"dimming_range_maximum":100,"dimming_range_minimum":1,"level_config_white":{"off_transition_time":15,"on_transition_time":15},"linkquality":51,"off_on_duration":null,"on_off_duration":null,"power_on_behavior":null,"power_on_behaviour":"off","power_outage_count":37,"state":"OFF","state_rgb":"OFF","state_white":"OFF","update":{"installed_version":-1,"latest_version":-1,"state":null}}'
[2025-12-15 06:23:34] info: 	z2m:mqtt: MQTT publish: topic 'zigbee2mqtt/Workshop Light/white', payload '{"brightness":254,"level_config":{"off_transition_time":15,"on_transition_time":15},"state":"OFF"}'
[2025-12-15 06:23:34] info: 	z2m:mqtt: MQTT publish: topic 'zigbee2mqtt/Workshop Light/rgb', payload '{"brightness":254,"color":{"x":0.313,"y":0.21},"color_mode":"xy","state":"OFF"}'
[2025-12-15 06:23:34] info: 	z2m:mqtt: MQTT publish: topic 'zigbee2mqtt/Workshop Light', payload '{"brightness_rgb":254,"brightness_white":254,"color_mode_rgb":"xy","color_rgb":{"x":0.313,"y":0.21},"device_temperature":29,"dimming_range_maximum":100,"dimming_range_minimum":1,"level_config_white":{"off_transition_time":15,"on_transition_time":15},"linkquality":51,"off_on_duration":null,"on_off_duration":null,"power_on_behavior":null,"power_on_behaviour":"off","power_outage_count":37,"state":"OFF","state_rgb":"OFF","state_white":"OFF","update":{"installed_version":-1,"latest_version":-1,"state":null}}'
[2025-12-15 06:23:34] info: 	z2m:mqtt: MQTT publish: topic 'zigbee2mqtt/Workshop Light/white', payload '{"brightness":254,"level_config":{"off_transition_time":15,"on_transition_time":15},"state":"OFF"}'
[2025-12-15 06:23:34] info: 	z2m:mqtt: MQTT publish: topic 'zigbee2mqtt/Workshop Light/rgb', payload '{"brightness":254,"color":{"x":0.313,"y":0.21},"color_mode":"xy","state":"OFF"}'
[2025-12-15 06:23:34] info: 	z2m:mqtt: MQTT publish: topic 'zigbee2mqtt/Workshop Light', payload '{"brightness_rgb":254,"brightness_white":254,"color_mode_rgb":"xy","color_rgb":{"x":0.313,"y":0.21},"device_temperature":29,"dimming_range_maximum":100,"dimming_range_minimum":1,"level_config_white":{"off_transition_time":15,"on_transition_time":15},"linkquality":51,"off_on_duration":null,"on_off_duration":null,"power_on_behavior":null,"power_on_behaviour":"off","power_outage_count":37,"state":"OFF","state_rgb":"OFF","state_white":"OFF","update":{"installed_version":-1,"latest_version":-1,"state":null}}'
[2025-12-15 06:23:34] info: 	z2m:mqtt: MQTT publish: topic 'zigbee2mqtt/Workshop Light/white', payload '{"brightness":254,"level_config":{"off_transition_time":15,"on_transition_time":15},"state":"OFF"}'
[2025-12-15 06:23:34] info: 	z2m:mqtt: MQTT publish: topic 'zigbee2mqtt/Workshop Light/rgb', payload '{"brightness":254,"color":{"x":0.313,"y":0.21},"color_mode":"xy","state":"OFF"}'
[2025-12-15 06:23:34] error: 	z2m: Failed to configure 'Workshop Light', attempt 1 (Error: Device 0x54ef441000b757df has no input cluster manuSpecificLumi
    at getEndpointsWithCluster (/app/node_modules/.pnpm/zigbee-herdsman-converters@25.83.1/node_modules/zigbee-herdsman-converters/src/lib/modernExtend.ts:73:15)
    at configure (/app/node_modules/.pnpm/zigbee-herdsman-converters@25.83.1/node_modules/zigbee-herdsman-converters/src/lib/modernExtend.ts:238:29)
    at Object.configure (/app/node_modules/.pnpm/zigbee-herdsman-converters@25.83.1/node_modules/zigbee-herdsman-converters/src/index.ts:365:27)
    at processTicksAndRejections (node:internal/process/task_queues:105:5)
    at Configure.configure (/app/lib/extension/configure.ts:123:13)
    at EventEmitter.wrappedCallback (/app/lib/eventBus.ts:252:17))
[2025-12-15 06:23:34] info: 	z2m: Configuring 'Workshop Light'
[2025-12-15 06:23:34] info: 	z2m:mqtt: MQTT publish: topic 'zigbee2mqtt/Workshop Light', payload '{"brightness_rgb":254,"brightness_white":254,"color_mode_rgb":"xy","color_rgb":{"x":0.313,"y":0.21},"device_temperature":29,"dimming_range_maximum":100,"dimming_range_minimum":1,"level_config_white":{"off_transition_time":15,"on_transition_time":15},"linkquality":51,"off_on_duration":null,"on_off_duration":null,"power_on_behavior":null,"power_on_behaviour":"off","power_outage_count":37,"state":"OFF","state_rgb":"OFF","state_white":"OFF","update":{"installed_version":-1,"latest_version":-1,"state":null}}'
[2025-12-15 06:23:34] info: 	z2m:mqtt: MQTT publish: topic 'zigbee2mqtt/Workshop Light/white', payload '{"brightness":254,"level_config":{"off_transition_time":15,"on_transition_time":15},"state":"OFF"}'
[2025-12-15 06:23:34] info: 	z2m:mqtt: MQTT publish: topic 'zigbee2mqtt/Workshop Light/rgb', payload '{"brightness":254,"color":{"x":0.313,"y":0.21},"color_mode":"xy","state":"OFF"}'
[2025-12-15 06:23:35] info: 	z2m:mqtt: MQTT publish: topic 'zigbee2mqtt/Workshop Light', payload '{"brightness_rgb":254,"brightness_white":254,"color_mode_rgb":"xy","color_rgb":{"x":0.313,"y":0.21},"device_temperature":29,"dimming_range_maximum":100,"dimming_range_minimum":1,"level_config_white":{"off_transition_time":15,"on_transition_time":15},"linkquality":51,"off_on_duration":null,"on_off_duration":null,"power_on_behavior":null,"power_on_behaviour":"off","power_outage_count":37,"state":"OFF","state_rgb":"OFF","state_white":"OFF","update":{"installed_version":-1,"latest_version":-1,"state":null}}'
[2025-12-15 06:23:35] info: 	z2m:mqtt: MQTT publish: topic 'zigbee2mqtt/Workshop Light/white', payload '{"brightness":254,"level_config":{"off_transition_time":15,"on_transition_time":15},"state":"OFF"}'
[2025-12-15 06:23:35] info: 	z2m:mqtt: MQTT publish: topic 'zigbee2mqtt/Workshop Light/rgb', payload '{"brightness":254,"color":{"x":0.313,"y":0.21},"color_mode":"xy","state":"OFF"}'
[2025-12-15 06:23:35] info: 	z2m:mqtt: MQTT publish: topic 'zigbee2mqtt/Workshop Light', payload '{"brightness_rgb":254,"brightness_white":254,"color_mode_rgb":"xy","color_rgb":{"x":0.313,"y":0.21},"device_temperature":29,"dimming_range_maximum":100,"dimming_range_minimum":1,"level_config_white":{"off_transition_time":15,"on_transition_time":15},"linkquality":51,"off_on_duration":null,"on_off_duration":null,"power_on_behavior":null,"power_on_behaviour":"off","power_outage_count":37,"state":"OFF","state_rgb":"OFF","state_white":"OFF","update":{"installed_version":-1,"latest_version":-1,"state":null}}'
[2025-12-15 06:23:35] info: 	z2m:mqtt: MQTT publish: topic 'zigbee2mqtt/Workshop Light/white', payload '{"brightness":254,"level_config":{"off_transition_time":15,"on_transition_time":15},"state":"OFF"}'
[2025-12-15 06:23:35] info: 	z2m:mqtt: MQTT publish: topic 'zigbee2mqtt/Workshop Light/rgb', payload '{"brightness":254,"color":{"x":0.313,"y":0.21},"color_mode":"xy","state":"OFF"}'
[2025-12-15 06:23:35] info: 	z2m:mqtt: MQTT publish: topic 'zigbee2mqtt/Workshop Light', payload '{"brightness_rgb":254,"brightness_white":254,"color_mode_rgb":"xy","color_rgb":{"x":0.313,"y":0.21},"device_temperature":29,"dimming_range_maximum":100,"dimming_range_minimum":1,"level_config_white":{"off_transition_time":15,"on_transition_time":15},"linkquality":51,"off_on_duration":null,"on_off_duration":null,"power_on_behavior":null,"power_on_behaviour":"off","power_outage_count":37,"state":"OFF","state_rgb":"OFF","state_white":"OFF","update":{"installed_version":-1,"latest_version":-1,"state":null}}'
[2025-12-15 06:23:35] info: 	z2m:mqtt: MQTT publish: topic 'zigbee2mqtt/Workshop Light/white', payload '{"brightness":254,"level_config":{"off_transition_time":15,"on_transition_time":15},"state":"OFF"}'
[2025-12-15 06:23:35] info: 	z2m:mqtt: MQTT publish: topic 'zigbee2mqtt/Workshop Light/rgb', payload '{"brightness":254,"color":{"x":0.313,"y":0.21},"color_mode":"xy","state":"OFF"}'
[2025-12-15 06:23:35] error: 	z2m: Failed to configure 'Workshop Light', attempt 2 (Error: Device 0x54ef441000b757df has no input cluster manuSpecificLumi
    at getEndpointsWithCluster (/app/node_modules/.pnpm/zigbee-herdsman-converters@25.83.1/node_modules/zigbee-herdsman-converters/src/lib/modernExtend.ts:73:15)
    at configure (/app/node_modules/.pnpm/zigbee-herdsman-converters@25.83.1/node_modules/zigbee-herdsman-converters/src/lib/modernExtend.ts:238:29)
    at Object.configure (/app/node_modules/.pnpm/zigbee-herdsman-converters@25.83.1/node_modules/zigbee-herdsman-converters/src/index.ts:365:27)
    at processTicksAndRejections (node:internal/process/task_queues:105:5)
    at Configure.configure (/app/lib/extension/configure.ts:123:13)
    at EventEmitter.wrappedCallback (/app/lib/eventBus.ts:252:17))
[2025-12-15 06:23:59] info: 	z2m:mqtt: MQTT publish: topic 'zigbee2mqtt/Alarm Keypad', payload '{"action_code":null,"action_transaction":null,"action_zone":null,"battery":100,"battery_low":false,"linkquality":51,"tamper":false,"update":{"installed_version":131077,"latest_version":131077,"state":"idle"},"voltage":5300}'
[2025-12-15 06:23:59] info: 	z2m:mqtt: MQTT publish: topic 'zigbee2mqtt/Alarm Keypad', payload '{"action_code":null,"action_transaction":null,"action_zone":null,"battery":100,"battery_low":false,"linkquality":51,"tamper":false,"update":{"installed_version":131077,"latest_version":131077,"state":"idle"},"voltage":5300}'
[2025-12-15 06:26:39] info: 	z2m:mqtt: MQTT publish: topic 'zigbee2mqtt/Philips Backyard Sensor', payload '{"battery":15.5,"illuminance":1,"led_indication":true,"linkquality":76,"motion_sensitivity":"high","occupancy":false,"occupancy_timeout":60,"temperature":13.76,"update":{"installed_version":1124102917,"latest_version":1124102917,"state":"idle"}}'
[2025-12-15 06:27:34] info: 	z2m:mqtt: MQTT publish: topic 'zigbee2mqtt/bridge/health', payload '{"response_time":1765776454629,"os":{"load_average":[0.05,0.12,0.13],"memory_used_mb":1703.46,"memory_percent":43.4193},"process":{"uptime_sec":610,"memory_used_mb":119.44,"memory_percent":3.0443},"mqtt":{"connected":true,"queued":0,"published":135,"received":133},"devices":{"0x0015bc0043006306":{"messages":4,"messages_per_sec":0.0078,"leave_count":0,"network_address_changes":0},"0x54ef441000b757df":{"messages":10,"messages_per_sec":0.0416,"leave_count":0,"network_address_changes":0},"0x001788010649a073":{"messages":1,"messages_per_sec":0.018,"leave_count":0,"network_address_changes":0}}}'
[2025-12-15 06:28:58] info: 	z2m: Configuring 'Workshop Light'
[2025-12-15 06:28:58] info: 	z2m:mqtt: MQTT publish: topic 'zigbee2mqtt/Workshop Light', payload '{"brightness_rgb":254,"brightness_white":254,"color_mode_rgb":"xy","color_rgb":{"x":0.313,"y":0.21},"device_temperature":29,"dimming_range_maximum":100,"dimming_range_minimum":1,"level_config_white":{"off_transition_time":15,"on_transition_time":15},"linkquality":51,"off_on_duration":null,"on_off_duration":null,"power_on_behavior":null,"power_on_behaviour":"off","power_outage_count":37,"state":"OFF","state_rgb":"OFF","state_white":"OFF","update":{"installed_version":-1,"latest_version":-1,"state":null}}'
[2025-12-15 06:28:58] info: 	z2m:mqtt: MQTT publish: topic 'zigbee2mqtt/Workshop Light/white', payload '{"brightness":254,"level_config":{"off_transition_time":15,"on_transition_time":15},"state":"OFF"}'
[2025-12-15 06:28:58] info: 	z2m:mqtt: MQTT publish: topic 'zigbee2mqtt/Workshop Light/rgb', payload '{"brightness":254,"color":{"x":0.313,"y":0.21},"color_mode":"xy","state":"OFF"}'
[2025-12-15 06:28:58] info: 	z2m:mqtt: MQTT publish: topic 'zigbee2mqtt/Workshop Light', payload '{"brightness_rgb":254,"brightness_white":254,"color_mode_rgb":"xy","color_rgb":{"x":0.313,"y":0.21},"device_temperature":29,"dimming_range_maximum":100,"dimming_range_minimum":1,"level_config_white":{"off_transition_time":15,"on_transition_time":15},"linkquality":51,"off_on_duration":null,"on_off_duration":null,"power_on_behavior":null,"power_on_behaviour":"off","power_outage_count":37,"state":"OFF","state_rgb":"OFF","state_white":"OFF","update":{"installed_version":-1,"latest_version":-1,"state":null}}'
[2025-12-15 06:28:58] info: 	z2m:mqtt: MQTT publish: topic 'zigbee2mqtt/Workshop Light/white', payload '{"brightness":254,"level_config":{"off_transition_time":15,"on_transition_time":15},"state":"OFF"}'
[2025-12-15 06:28:58] info: 	z2m:mqtt: MQTT publish: topic 'zigbee2mqtt/Workshop Light/rgb', payload '{"brightness":254,"color":{"x":0.313,"y":0.21},"color_mode":"xy","state":"OFF"}'
[2025-12-15 06:28:58] info: 	z2m:mqtt: MQTT publish: topic 'zigbee2mqtt/Workshop Light', payload '{"brightness_rgb":254,"brightness_white":254,"color_mode_rgb":"xy","color_rgb":{"x":0.313,"y":0.21},"device_temperature":29,"dimming_range_maximum":100,"dimming_range_minimum":1,"level_config_white":{"off_transition_time":15,"on_transition_time":15},"linkquality":51,"off_on_duration":null,"on_off_duration":null,"power_on_behavior":null,"power_on_behaviour":"off","power_outage_count":37,"state":"OFF","state_rgb":"OFF","state_white":"OFF","update":{"installed_version":-1,"latest_version":-1,"state":null}}'
[2025-12-15 06:28:58] info: 	z2m:mqtt: MQTT publish: topic 'zigbee2mqtt/Workshop Light/white', payload '{"brightness":254,"level_config":{"off_transition_time":15,"on_transition_time":15},"state":"OFF"}'
[2025-12-15 06:28:58] info: 	z2m:mqtt: MQTT publish: topic 'zigbee2mqtt/Workshop Light/rgb', payload '{"brightness":254,"color":{"x":0.313,"y":0.21},"color_mode":"xy","state":"OFF"}'
[2025-12-15 06:28:58] info: 	z2m:mqtt: MQTT publish: topic 'zigbee2mqtt/Workshop Light', payload '{"brightness_rgb":254,"brightness_white":254,"color_mode_rgb":"xy","color_rgb":{"x":0.313,"y":0.21},"device_temperature":29,"dimming_range_maximum":100,"dimming_range_minimum":1,"level_config_white":{"off_transition_time":15,"on_transition_time":15},"linkquality":51,"off_on_duration":null,"on_off_duration":null,"power_on_behavior":null,"power_on_behaviour":"off","power_outage_count":37,"state":"OFF","state_rgb":"OFF","state_white":"OFF","update":{"installed_version":-1,"latest_version":-1,"state":null}}'
[2025-12-15 06:28:58] info: 	z2m:mqtt: MQTT publish: topic 'zigbee2mqtt/Workshop Light/white', payload '{"brightness":254,"level_config":{"off_transition_time":15,"on_transition_time":15},"state":"OFF"}'
[2025-12-15 06:28:58] info: 	z2m:mqtt: MQTT publish: topic 'zigbee2mqtt/Workshop Light/rgb', payload '{"brightness":254,"color":{"x":0.313,"y":0.21},"color_mode":"xy","state":"OFF"}'
[2025-12-15 06:28:58] info: 	z2m:mqtt: MQTT publish: topic 'zigbee2mqtt/Workshop Light', payload '{"brightness_rgb":254,"brightness_white":254,"color_mode_rgb":"xy","color_rgb":{"x":0.313,"y":0.21},"device_temperature":29,"dimming_range_maximum":100,"dimming_range_minimum":1,"level_config_white":{"off_transition_time":15,"on_transition_time":15},"linkquality":51,"off_on_duration":null,"on_off_duration":null,"power_on_behavior":null,"power_on_behaviour":"off","power_outage_count":37,"state":"OFF","state_rgb":"OFF","state_white":"OFF","update":{"installed_version":-1,"latest_version":-1,"state":null}}'
[2025-12-15 06:28:58] info: 	z2m:mqtt: MQTT publish: topic 'zigbee2mqtt/Workshop Light/white', payload '{"brightness":254,"level_config":{"off_transition_time":15,"on_transition_time":15},"state":"OFF"}'
[2025-12-15 06:28:58] info: 	z2m:mqtt: MQTT publish: topic 'zigbee2mqtt/Workshop Light/rgb', payload '{"brightness":254,"color":{"x":0.313,"y":0.21},"color_mode":"xy","state":"OFF"}'
[2025-12-15 06:28:58] error: 	z2m: Failed to configure 'Workshop Light', attempt 3 (Error: Device 0x54ef441000b757df has no input cluster manuSpecificLumi
    at getEndpointsWithCluster (/app/node_modules/.pnpm/zigbee-herdsman-converters@25.83.1/node_modules/zigbee-herdsman-converters/src/lib/modernExtend.ts:73:15)
    at configure (/app/node_modules/.pnpm/zigbee-herdsman-converters@25.83.1/node_modules/zigbee-herdsman-converters/src/lib/modernExtend.ts:238:29)
    at Object.configure (/app/node_modules/.pnpm/zigbee-herdsman-converters@25.83.1/node_modules/zigbee-herdsman-converters/src/index.ts:365:27)
    at processTicksAndRejections (node:internal/process/task_queues:105:5)
    at Configure.configure (/app/lib/extension/configure.ts:123:13)
    at EventEmitter.wrappedCallback (/app/lib/eventBus.ts:252:17))
[2025-12-15 06:28:59] info: 	z2m:mqtt: MQTT publish: topic 'zigbee2mqtt/Alarm Keypad', payload '{"action_code":null,"action_transaction":null,"action_zone":null,"battery":100,"battery_low":false,"linkquality":51,"tamper":false,"update":{"installed_version":131077,"latest_version":131077,"state":"idle"},"voltage":5300}'
[2025-12-15 06:30:32] info: 	z2m:mqtt: MQTT publish: topic 'zigbee2mqtt/Philips Backyard Sensor', payload '{"battery":15.5,"illuminance":1,"led_indication":true,"linkquality":76,"motion_sensitivity":"high","occupancy":false,"occupancy_timeout":60,"temperature":13.76,"update":{"installed_version":1124102917,"latest_version":1124102917,"state":"idle"}}'
[2025-12-15 06:31:36] info: 	z2m:mqtt: MQTT publish: topic 'zigbee2mqtt/Philips Backyard Sensor', payload '{"battery":16.5,"illuminance":1,"led_indication":true,"linkquality":72,"motion_sensitivity":"high","occupancy":false,"occupancy_timeout":60,"temperature":13.76,"update":{"installed_version":1124102917,"latest_version":1124102917,"state":"idle"}}'
[2025-12-15 06:33:59] info: 	z2m:mqtt: MQTT publish: topic 'zigbee2mqtt/Alarm Keypad', payload '{"action_code":null,"action_transaction":null,"action_zone":null,"battery":100,"battery_low":false,"linkquality":51,"tamper":false,"update":{"installed_version":131077,"latest_version":131077,"state":"idle"},"voltage":5300}'
[2025-12-15 06:35:41] info: 	z2m:mqtt: MQTT publish: topic 'zigbee2mqtt/Workshop Light', payload '{"brightness_rgb":254,"brightness_white":254,"color_mode_rgb":"xy","color_rgb":{"x":0.313,"y":0.21},"device_temperature":29,"dimming_range_maximum":100,"dimming_range_minimum":1,"level_config_white":{"off_transition_time":15,"on_transition_time":15},"linkquality":51,"off_on_duration":null,"on_off_duration":null,"power_on_behavior":null,"power_on_behaviour":"off","power_outage_count":37,"state":"OFF","state_rgb":"OFF","state_white":"OFF","update":{"installed_version":-1,"latest_version":-1,"state":null}}'
[2025-12-15 06:35:41] info: 	z2m:mqtt: MQTT publish: topic 'zigbee2mqtt/Workshop Light/white', payload '{"brightness":254,"level_config":{"off_transition_time":15,"on_transition_time":15},"state":"OFF"}'
[2025-12-15 06:35:41] info: 	z2m:mqtt: MQTT publish: topic 'zigbee2mqtt/Workshop Light/rgb', payload '{"brightness":254,"color":{"x":0.313,"y":0.21},"color_mode":"xy","state":"OFF"}'
[2025-12-15 06:37:34] info: 	z2m:mqtt: MQTT publish: topic 'zigbee2mqtt/bridge/health', payload '{"response_time":1765777054628,"os":{"load_average":[0.01,0.07,0.09],"memory_used_mb":1705.84,"memory_percent":43.4798},"process":{"uptime_sec":1210,"memory_used_mb":126.74,"memory_percent":3.2304},"mqtt":{"connected":true,"queued":0,"published":183,"received":133},"devices":{"0x0015bc0043006306":{"messages":6,"messages_per_sec":0.0054,"leave_count":0,"network_address_changes":0},"0x54ef441000b757df":{"messages":18,"messages_per_sec":0.0214,"leave_count":0,"network_address_changes":0},"0x001788010649a073":{"messages":3,"messages_per_sec":0.0046,"leave_count":0,"network_address_changes":0}}}'
[2025-12-15 06:37:49] warning: 	z2m: Failed to ping 'Alarm Repeater' (attempt 1/1, ZCL command 0x0015bc0022000242/37 genBasic.read(["zclVersion"], {"timeout":10000,"disableResponse":false,"disableRecovery":true,"disableDefaultResponse":true,"direction":0,"reservedBits":0,"writeUndiv":false,"sendPolicy":"immediate"}) failed (Data request failed with error: 'No network route' (205)))
[2025-12-15 06:38:18] warning: 	z2m: Failed to ping 'Smart Plug Z1' (attempt 1/1, ZCL command 0xa4c13812921dddfd/1 genBasic.read(["zclVersion"], {"timeout":10000,"disableResponse":false,"disableRecovery":true,"disableDefaultResponse":true,"direction":0,"reservedBits":0,"writeUndiv":false,"sendPolicy":"immediate"}) failed (Data request failed with error: 'No network route' (205)))
[2025-12-15 06:38:44] warning: 	z2m: Failed to ping 'Alarm Siren' (attempt 1/1, ZCL command 0x0015bc0041007a25/43 genBasic.read(["zclVersion"], {"timeout":10000,"disableResponse":false,"disableRecovery":true,"disableDefaultResponse":true,"direction":0,"reservedBits":0,"writeUndiv":false,"sendPolicy":"immediate"}) failed (Data request failed with error: 'No network route' (205)))
[2025-12-15 06:38:59] info: 	z2m:mqtt: MQTT publish: topic 'zigbee2mqtt/Alarm Keypad', payload '{"action_code":null,"action_transaction":null,"action_zone":null,"battery":100,"battery_low":false,"linkquality":51,"tamper":false,"update":{"installed_version":131077,"latest_version":131077,"state":"idle"},"voltage":5300}'
[2025-12-15 06:43:36] info: 	z2m:mqtt: MQTT publish: topic 'zigbee2mqtt/Workshop Light', payload '{"brightness_rgb":254,"brightness_white":254,"color_mode_rgb":"xy","color_rgb":{"x":0.313,"y":0.21},"device_temperature":28,"dimming_range_maximum":100,"dimming_range_minimum":1,"level_config_white":{"off_transition_time":15,"on_transition_time":15},"linkquality":47,"off_on_duration":null,"on_off_duration":null,"power_on_behavior":null,"power_on_behaviour":"off","power_outage_count":37,"state":"OFF","state_rgb":"OFF","state_white":"OFF","update":{"installed_version":-1,"latest_version":-1,"state":null}}'
[2025-12-15 06:43:36] info: 	z2m:mqtt: MQTT publish: topic 'zigbee2mqtt/Workshop Light/white', payload '{"brightness":254,"level_config":{"off_transition_time":15,"on_transition_time":15},"state":"OFF"}'
[2025-12-15 06:43:36] info: 	z2m:mqtt: MQTT publish: topic 'zigbee2mqtt/Workshop Light/rgb', payload '{"brightness":254,"color":{"x":0.313,"y":0.21},"color_mode":"xy","state":"OFF"}'
[2025-12-15 06:43:59] info: 	z2m:mqtt: MQTT publish: topic 'zigbee2mqtt/Alarm Keypad', payload '{"action_code":null,"action_transaction":null,"action_zone":null,"battery":100,"battery_low":false,"linkquality":47,"tamper":false,"update":{"installed_version":131077,"latest_version":131077,"state":"idle"},"voltage":5300}'
[2025-12-15 06:47:34] info: 	z2m:mqtt: MQTT publish: topic 'zigbee2mqtt/bridge/health', payload '{"response_time":1765777654630,"os":{"load_average":[0.02,0.12,0.11],"memory_used_mb":1708.21,"memory_percent":43.5403},"process":{"uptime_sec":1810,"memory_used_mb":126.74,"memory_percent":3.2304},"mqtt":{"connected":true,"queued":0,"published":198,"received":133},"devices":{"0x0015bc0043006306":{"messages":9,"messages_per_sec":0.0052,"leave_count":0,"network_address_changes":0},"0x54ef441000b757df":{"messages":21,"messages_per_sec":0.0146,"leave_count":0,"network_address_changes":0},"0x001788010649a073":{"messages":3,"messages_per_sec":0.0024,"leave_count":0,"network_address_changes":0}}}'
[2025-12-15 06:48:06] info: 	z2m:mqtt: MQTT publish: topic 'zigbee2mqtt/Philips Backyard Sensor', payload '{"battery":16.5,"illuminance":1,"led_indication":true,"linkquality":76,"motion_sensitivity":"high","occupancy":false,"occupancy_timeout":60,"temperature":13.76,"update":{"installed_version":1124102917,"latest_version":1124102917,"state":"idle"}}'
[2025-12-15 06:48:59] info: 	z2m:mqtt: MQTT publish: topic 'zigbee2mqtt/Alarm Keypad', payload '{"action_code":null,"action_transaction":null,"action_zone":null,"battery":100,"battery_low":false,"linkquality":51,"tamper":false,"update":{"installed_version":131077,"latest_version":131077,"state":"idle"},"voltage":5300}'
[2025-12-15 06:49:40] info: 	z2m:mqtt: MQTT publish: topic 'zigbee2mqtt/Workshop Light', payload '{"brightness_rgb":254,"brightness_white":254,"color_mode_rgb":"xy","color_rgb":{"x":0.313,"y":0.21},"device_temperature":28,"dimming_range_maximum":100,"dimming_range_minimum":1,"level_config_white":{"off_transition_time":15,"on_transition_time":15},"linkquality":51,"off_on_duration":null,"on_off_duration":null,"power_on_behavior":null,"power_on_behaviour":"off","power_outage_count":37,"state":"OFF","state_rgb":"OFF","state_white":"OFF","update":{"installed_version":-1,"latest_version":-1,"state":null}}'
[2025-12-15 06:49:40] info: 	z2m:mqtt: MQTT publish: topic 'zigbee2mqtt/Workshop Light/white', payload '{"brightness":254,"level_config":{"off_transition_time":15,"on_transition_time":15},"state":"OFF"}'
[2025-12-15 06:49:40] info: 	z2m:mqtt: MQTT publish: topic 'zigbee2mqtt/Workshop Light/rgb', payload '{"brightness":254,"color":{"x":0.313,"y":0.21},"color_mode":"xy","state":"OFF"}'
[2025-12-15 06:53:59] info: 	z2m:mqtt: MQTT publish: topic 'zigbee2mqtt/Alarm Keypad', payload '{"action_code":null,"action_transaction":null,"action_zone":null,"battery":100,"battery_low":false,"linkquality":51,"tamper":false,"update":{"installed_version":131077,"latest_version":131077,"state":"idle"},"voltage":5300}'
[2025-12-15 06:55:14] info: 	z2m:mqtt: MQTT publish: topic 'zigbee2mqtt/Workshop Light', payload '{"brightness_rgb":254,"brightness_white":254,"color_mode_rgb":"xy","color_rgb":{"x":0.313,"y":0.21},"device_temperature":29,"dimming_range_maximum":100,"dimming_range_minimum":1,"level_config_white":{"off_transition_time":15,"on_transition_time":15},"linkquality":51,"off_on_duration":null,"on_off_duration":null,"power_on_behavior":null,"power_on_behaviour":"off","power_outage_count":37,"state":"OFF","state_rgb":"OFF","state_white":"OFF","update":{"installed_version":-1,"latest_version":-1,"state":null}}'
[2025-12-15 06:55:14] info: 	z2m:mqtt: MQTT publish: topic 'zigbee2mqtt/Workshop Light/white', payload '{"brightness":254,"level_config":{"off_transition_time":15,"on_transition_time":15},"state":"OFF"}'
[2025-12-15 06:55:14] info: 	z2m:mqtt: MQTT publish: topic 'zigbee2mqtt/Workshop Light/rgb', payload '{"brightness":254,"color":{"x":0.313,"y":0.21},"color_mode":"xy","state":"OFF"}'
[2025-12-15 06:55:28] info: 	z2m:mqtt: MQTT publish: topic 'zigbee2mqtt/Cube', payload '{"action_angle":null,"action_from_side":null,"battery":53,"current":0,"linkquality":51,"operation_mode":"action_mode","power":2,"power_outage_count":159,"side":4,"update":{"installed_version":-1,"latest_version":-1,"state":null},"voltage":2929}'
[2025-12-15 06:57:34] info: 	z2m:mqtt: MQTT publish: topic 'zigbee2mqtt/bridge/health', payload '{"response_time":1765778254633,"os":{"load_average":[0.03,0.07,0.08],"memory_used_mb":1702.37,"memory_percent":43.3913},"process":{"uptime_sec":2410,"memory_used_mb":126.75,"memory_percent":3.2306},"mqtt":{"connected":true,"queued":0,"published":220,"received":133},"devices":{"0x0015bc0043006306":{"messages":12,"messages_per_sec":0.0052,"leave_count":0,"network_address_changes":0},"0x54ef441000b757df":{"messages":25,"messages_per_sec":0.0123,"leave_count":0,"network_address_changes":0},"0x001788010649a073":{"messages":4,"messages_per_sec":0.0022,"leave_count":0,"network_address_changes":0},"0x54ef4410006a43c7":{"messages":1,"messages_per_sec":0.0079,"leave_count":0,"network_address_changes":0}}}'
[2025-12-15 06:58:13] info: 	z2m:mqtt: MQTT publish: topic 'zigbee2mqtt/Button 2 - Chandelier', payload '{"battery":1,"identify":null,"linkquality":72,"update":{"installed_version":604241926,"latest_version":604241926,"state":"idle"}}'
[2025-12-15 06:58:59] info: 	z2m:mqtt: MQTT publish: topic 'zigbee2mqtt/Alarm Keypad', payload '{"action_code":null,"action_transaction":null,"action_zone":null,"battery":100,"battery_low":false,"linkquality":47,"tamper":false,"update":{"installed_version":131077,"latest_version":131077,"state":"idle"},"voltage":5300}'
[2025-12-15 07:00:15] info: 	z2m:mqtt: MQTT publish: topic 'zigbee2mqtt/Workshop Light', payload '{"brightness_rgb":254,"brightness_white":254,"color_mode_rgb":"xy","color_rgb":{"x":0.313,"y":0.21},"device_temperature":29,"dimming_range_maximum":100,"dimming_range_minimum":1,"level_config_white":{"off_transition_time":15,"on_transition_time":15},"linkquality":51,"off_on_duration":null,"on_off_duration":null,"power_on_behavior":null,"power_on_behaviour":"off","power_outage_count":37,"state":"OFF","state_rgb":"OFF","state_white":"OFF","update":{"installed_version":-1,"latest_version":-1,"state":null}}'
[2025-12-15 07:00:15] info: 	z2m:mqtt: MQTT publish: topic 'zigbee2mqtt/Workshop Light/white', payload '{"brightness":254,"level_config":{"off_transition_time":15,"on_transition_time":15},"state":"OFF"}'
[2025-12-15 07:00:15] info: 	z2m:mqtt: MQTT publish: topic 'zigbee2mqtt/Workshop Light/rgb', payload '{"brightness":254,"color":{"x":0.313,"y":0.21},"color_mode":"xy","state":"OFF"}'
[2025-12-15 07:02:51] info: 	z2m:mqtt: MQTT publish: topic 'zigbee2mqtt/Philips Backyard Sensor', payload '{"battery":16.5,"illuminance":1,"led_indication":true,"linkquality":76,"motion_sensitivity":"high","occupancy":false,"occupancy_timeout":60,"temperature":13.76,"update":{"installed_version":1124102917,"latest_version":1124102917,"state":"idle"}}'
[2025-12-15 07:03:56] info: 	z2m:mqtt: MQTT publish: topic 'zigbee2mqtt/Button 3 - Workshop', payload '{"battery":75,"identify":null,"linkquality":47,"update":{"installed_version":604241926,"latest_version":604241926,"state":"idle"}}'
[2025-12-15 07:03:59] info: 	z2m:mqtt: MQTT publish: topic 'zigbee2mqtt/Alarm Keypad', payload '{"action_code":null,"action_transaction":null,"action_zone":null,"battery":100,"battery_low":false,"linkquality":47,"tamper":false,"update":{"installed_version":131077,"latest_version":131077,"state":"idle"},"voltage":5300}'
[2025-12-15 07:06:04] info: 	z2m:mqtt: MQTT publish: topic 'zigbee2mqtt/Workshop Light', payload '{"brightness_rgb":254,"brightness_white":254,"color_mode_rgb":"xy","color_rgb":{"x":0.313,"y":0.21},"device_temperature":27,"dimming_range_maximum":100,"dimming_range_minimum":1,"level_config_white":{"off_transition_time":15,"on_transition_time":15},"linkquality":47,"off_on_duration":null,"on_off_duration":null,"power_on_behavior":null,"power_on_behaviour":"off","power_outage_count":37,"state":"OFF","state_rgb":"OFF","state_white":"OFF","update":{"installed_version":-1,"latest_version":-1,"state":null}}'
[2025-12-15 07:06:04] info: 	z2m:mqtt: MQTT publish: topic 'zigbee2mqtt/Workshop Light/white', payload '{"brightness":254,"level_config":{"off_transition_time":15,"on_transition_time":15},"state":"OFF"}'
[2025-12-15 07:06:04] info: 	z2m:mqtt: MQTT publish: topic 'zigbee2mqtt/Workshop Light/rgb', payload '{"brightness":254,"color":{"x":0.313,"y":0.21},"color_mode":"xy","state":"OFF"}'
[2025-12-15 07:07:34] info: 	z2m:mqtt: MQTT publish: topic 'zigbee2mqtt/bridge/health', payload '{"response_time":1765778854636,"os":{"load_average":[0.07,0.04,0.05],"memory_used_mb":1707.25,"memory_percent":43.5156},"process":{"uptime_sec":3010,"memory_used_mb":126.76,"memory_percent":3.2309},"mqtt":{"connected":true,"queued":0,"published":244,"received":133},"devices":{"0x0015bc0043006306":{"messages":16,"messages_per_sec":0.0055,"leave_count":0,"network_address_changes":0},"0x54ef441000b757df":{"messages":31,"messages_per_sec":0.0117,"leave_count":0,"network_address_changes":0},"0x001788010649a073":{"messages":5,"messages_per_sec":0.002,"leave_count":0,"network_address_changes":0},"0x54ef4410006a43c7":{"messages":1,"messages_per_sec":0.0014,"leave_count":0,"network_address_changes":0},"0x04cd15fffe7ff98b":{"messages":1,"messages_per_sec":0.0018,"leave_count":0,"network_address_changes":0},"0xb4e3f9fffe753317":{"messages":1,"messages_per_sec":0.0046,"leave_count":0,"network_address_changes":0}}}'
[2025-12-15 07:08:59] info: 	z2m:mqtt: MQTT publish: topic 'zigbee2mqtt/Alarm Keypad', payload '{"action_code":null,"action_transaction":null,"action_zone":null,"battery":100,"battery_low":false,"linkquality":51,"tamper":false,"update":{"installed_version":131077,"latest_version":131077,"state":"idle"},"voltage":5300}'
[2025-12-15 07:13:01] info: 	z2m:mqtt: MQTT publish: topic 'zigbee2mqtt/Workshop Light', payload '{"brightness_rgb":254,"brightness_white":254,"color_mode_rgb":"xy","color_rgb":{"x":0.313,"y":0.21},"device_temperature":28,"dimming_range_maximum":100,"dimming_range_minimum":1,"level_config_white":{"off_transition_time":15,"on_transition_time":15},"linkquality":51,"off_on_duration":null,"on_off_duration":null,"power_on_behavior":null,"power_on_behaviour":"off","power_outage_count":37,"state":"OFF","state_rgb":"OFF","state_white":"OFF","update":{"installed_version":-1,"latest_version":-1,"state":null}}'
[2025-12-15 07:13:01] info: 	z2m:mqtt: MQTT publish: topic 'zigbee2mqtt/Workshop Light/white', payload '{"brightness":254,"level_config":{"off_transition_time":15,"on_transition_time":15},"state":"OFF"}'
[2025-12-15 07:13:01] info: 	z2m:mqtt: MQTT publish: topic 'zigbee2mqtt/Workshop Light/rgb', payload '{"brightness":254,"color":{"x":0.313,"y":0.21},"color_mode":"xy","state":"OFF"}'
[2025-12-15 07:13:59] info: 	z2m:mqtt: MQTT publish: topic 'zigbee2mqtt/Alarm Keypad', payload '{"action_code":null,"action_transaction":null,"action_zone":null,"battery":100,"battery_low":false,"linkquality":51,"tamper":false,"update":{"installed_version":131077,"latest_version":131077,"state":"idle"},"voltage":5300}'
[2025-12-15 07:17:34] info: 	z2m:mqtt: MQTT publish: topic 'zigbee2mqtt/bridge/health', payload '{"response_time":1765779454638,"os":{"load_average":[0.04,0.01,0.01],"memory_used_mb":1699.45,"memory_percent":43.3168},"process":{"uptime_sec":3610,"memory_used_mb":126.88,"memory_percent":3.2341},"mqtt":{"connected":true,"queued":0,"published":256,"received":133},"devices":{"0x0015bc0043006306":{"messages":19,"messages_per_sec":0.0054,"leave_count":0,"network_address_changes":0},"0x54ef441000b757df":{"messages":33,"messages_per_sec":0.0102,"leave_count":0,"network_address_changes":0},"0x001788010649a073":{"messages":5,"messages_per_sec":0.0016,"leave_count":0,"network_address_changes":0},"0x54ef4410006a43c7":{"messages":1,"messages_per_sec":0.0008,"leave_count":0,"network_address_changes":0},"0x04cd15fffe7ff98b":{"messages":1,"messages_per_sec":0.0009,"leave_count":0,"network_address_changes":0},"0xb4e3f9fffe753317":{"messages":1,"messages_per_sec":0.0012,"leave_count":0,"network_address_changes":0}}}'
[2025-12-15 07:18:24] warning: 	z2m: Failed to ping 'Smart Plug Z1' (attempt 1/1, ZCL command 0xa4c13812921dddfd/1 genBasic.read(["zclVersion"], {"timeout":10000,"disableResponse":false,"disableRecovery":true,"disableDefaultResponse":true,"direction":0,"reservedBits":0,"writeUndiv":false,"sendPolicy":"immediate"}) failed (Data request failed with error: 'No network route' (205)))
[2025-12-15 07:18:36] warning: 	z2m: Failed to ping 'Alarm Repeater' (attempt 1/1, ZCL command 0x0015bc0022000242/37 genBasic.read(["zclVersion"], {"timeout":10000,"disableResponse":false,"disableRecovery":true,"disableDefaultResponse":true,"direction":0,"reservedBits":0,"writeUndiv":false,"sendPolicy":"immediate"}) failed (Data request failed with error: 'No network route' (205)))
[2025-12-15 07:18:59] info: 	z2m:mqtt: MQTT publish: topic 'zigbee2mqtt/Alarm Keypad', payload '{"action_code":null,"action_transaction":null,"action_zone":null,"battery":100,"battery_low":false,"linkquality":51,"tamper":false,"update":{"installed_version":131077,"latest_version":131077,"state":"idle"},"voltage":5300}'
[2025-12-15 07:19:19] warning: 	z2m: Failed to ping 'Alarm Siren' (attempt 1/1, ZCL command 0x0015bc0041007a25/43 genBasic.read(["zclVersion"], {"timeout":10000,"disableResponse":false,"disableRecovery":true,"disableDefaultResponse":true,"direction":0,"reservedBits":0,"writeUndiv":false,"sendPolicy":"immediate"}) failed (Data request failed with error: 'No network route' (205)))
[2025-12-15 07:20:38] info: 	z2m:mqtt: MQTT publish: topic 'zigbee2mqtt/Workshop Light', payload '{"brightness_rgb":254,"brightness_white":254,"color_mode_rgb":"xy","color_rgb":{"x":0.313,"y":0.21},"device_temperature":30,"dimming_range_maximum":100,"dimming_range_minimum":1,"level_config_white":{"off_transition_time":15,"on_transition_time":15},"linkquality":51,"off_on_duration":null,"on_off_duration":null,"power_on_behavior":null,"power_on_behaviour":"off","power_outage_count":37,"state":"OFF","state_rgb":"OFF","state_white":"OFF","update":{"installed_version":-1,"latest_version":-1,"state":null}}'
[2025-12-15 07:20:38] info: 	z2m:mqtt: MQTT publish: topic 'zigbee2mqtt/Workshop Light/white', payload '{"brightness":254,"level_config":{"off_transition_time":15,"on_transition_time":15},"state":"OFF"}'
[2025-12-15 07:20:38] info: 	z2m:mqtt: MQTT publish: topic 'zigbee2mqtt/Workshop Light/rgb', payload '{"brightness":254,"color":{"x":0.313,"y":0.21},"color_mode":"xy","state":"OFF"}'
[2025-12-15 07:23:59] info: 	z2m:mqtt: MQTT publish: topic 'zigbee2mqtt/Alarm Keypad', payload '{"action_code":null,"action_transaction":null,"action_zone":null,"battery":100,"battery_low":false,"linkquality":51,"tamper":false,"update":{"installed_version":131077,"latest_version":131077,"state":"idle"},"voltage":5300}'
[2025-12-15 07:23:59] info: 	z2m:mqtt: MQTT publish: topic 'zigbee2mqtt/Alarm Keypad', payload '{"action_code":null,"action_transaction":null,"action_zone":null,"battery":100,"battery_low":false,"linkquality":47,"tamper":false,"update":{"installed_version":131077,"latest_version":131077,"state":"idle"},"voltage":5300}'
[2025-12-15 07:26:33] info: 	z2m:mqtt: MQTT publish: topic 'zigbee2mqtt/Philips Backyard Sensor', payload '{"battery":16.5,"illuminance":1,"led_indication":true,"linkquality":76,"motion_sensitivity":"high","occupancy":false,"occupancy_timeout":60,"temperature":13.9,"update":{"installed_version":1124102917,"latest_version":1124102917,"state":"idle"}}'
[2025-12-15 07:27:34] info: 	z2m:mqtt: MQTT publish: topic 'zigbee2mqtt/bridge/health', payload '{"response_time":1765780054642,"os":{"load_average":[0.38,0.19,0.07],"memory_used_mb":1700.57,"memory_percent":43.3454},"process":{"uptime_sec":4210,"memory_used_mb":126.98,"memory_percent":3.2365},"mqtt":{"connected":true,"queued":0,"published":275,"received":133},"devices":{"0x0015bc0043006306":{"messages":23,"messages_per_sec":0.0056,"leave_count":0,"network_address_changes":0},"0x54ef441000b757df":{"messages":35,"messages_per_sec":0.0091,"leave_count":0,"network_address_changes":0},"0x001788010649a073":{"messages":6,"messages_per_sec":0.0016,"leave_count":0,"network_address_changes":0},"0x54ef4410006a43c7":{"messages":1,"messages_per_sec":0.0005,"leave_count":0,"network_address_changes":0},"0x04cd15fffe7ff98b":{"messages":1,"messages_per_sec":0.0006,"leave_count":0,"network_address_changes":0},"0xb4e3f9fffe753317":{"messages":1,"messages_per_sec":0.0007,"leave_count":0,"network_address_changes":0}}}'
[2025-12-15 07:27:41] info: 	z2m:mqtt: MQTT publish: topic 'zigbee2mqtt/Workshop Light', payload '{"brightness_rgb":254,"brightness_white":254,"color_mode_rgb":"xy","color_rgb":{"x":0.313,"y":0.21},"device_temperature":28,"dimming_range_maximum":100,"dimming_range_minimum":1,"level_config_white":{"off_transition_time":15,"on_transition_time":15},"linkquality":47,"off_on_duration":null,"on_off_duration":null,"power_on_behavior":null,"power_on_behaviour":"off","power_outage_count":37,"state":"OFF","state_rgb":"OFF","state_white":"OFF","update":{"installed_version":-1,"latest_version":-1,"state":null}}'
[2025-12-15 07:27:41] info: 	z2m:mqtt: MQTT publish: topic 'zigbee2mqtt/Workshop Light/white', payload '{"brightness":254,"level_config":{"off_transition_time":15,"on_transition_time":15},"state":"OFF"}'
[2025-12-15 07:27:41] info: 	z2m:mqtt: MQTT publish: topic 'zigbee2mqtt/Workshop Light/rgb', payload '{"brightness":254,"color":{"x":0.313,"y":0.21},"color_mode":"xy","state":"OFF"}'
[2025-12-15 07:28:59] info: 	z2m:mqtt: MQTT publish: topic 'zigbee2mqtt/Alarm Keypad', payload '{"action_code":null,"action_transaction":null,"action_zone":null,"battery":100,"battery_low":false,"linkquality":47,"tamper":false,"update":{"installed_version":131077,"latest_version":131077,"state":"idle"},"voltage":5300}'
[2025-12-15 07:32:43] info: 	z2m:mqtt: MQTT publish: topic 'zigbee2mqtt/Workshop Light', payload '{"brightness_rgb":254,"brightness_white":254,"color_mode_rgb":"xy","color_rgb":{"x":0.313,"y":0.21},"device_temperature":30,"dimming_range_maximum":100,"dimming_range_minimum":1,"level_config_white":{"off_transition_time":15,"on_transition_time":15},"linkquality":51,"off_on_duration":null,"on_off_duration":null,"power_on_behavior":null,"power_on_behaviour":"off","power_outage_count":37,"state":"OFF","state_rgb":"OFF","state_white":"OFF","update":{"installed_version":-1,"latest_version":-1,"state":null}}'
[2025-12-15 07:32:43] info: 	z2m:mqtt: MQTT publish: topic 'zigbee2mqtt/Workshop Light/white', payload '{"brightness":254,"level_config":{"off_transition_time":15,"on_transition_time":15},"state":"OFF"}'
[2025-12-15 07:32:43] info: 	z2m:mqtt: MQTT publish: topic 'zigbee2mqtt/Workshop Light/rgb', payload '{"brightness":254,"color":{"x":0.313,"y":0.21},"color_mode":"xy","state":"OFF"}'
[2025-12-15 07:33:59] info: 	z2m:mqtt: MQTT publish: topic 'zigbee2mqtt/Alarm Keypad', payload '{"action_code":null,"action_transaction":null,"action_zone":null,"battery":100,"battery_low":false,"linkquality":51,"tamper":false,"update":{"installed_version":131077,"latest_version":131077,"state":"idle"},"voltage":5300}'
[2025-12-15 07:36:05] info: 	z2m:mqtt: MQTT publish: topic 'zigbee2mqtt/Alarm Keypad', payload '{"action_code":null,"action_transaction":null,"action_zone":null,"battery":100,"battery_low":false,"linkquality":51,"tamper":false,"update":{"installed_version":131077,"latest_version":131077,"state":"idle"},"voltage":5300}'
[2025-12-15 07:37:34] info: 	z2m:mqtt: MQTT publish: topic 'zigbee2mqtt/bridge/health', payload '{"response_time":1765780654645,"os":{"load_average":[0.12,0.16,0.1],"memory_used_mb":1702.75,"memory_percent":43.4011},"process":{"uptime_sec":4810,"memory_used_mb":127.87,"memory_percent":3.2592},"mqtt":{"connected":true,"queued":0,"published":294,"received":133},"devices":{"0x0015bc0043006306":{"messages":26,"messages_per_sec":0.0055,"leave_count":0,"network_address_changes":0},"0x54ef441000b757df":{"messages":39,"messages_per_sec":0.0088,"leave_count":0,"network_address_changes":0},"0x001788010649a073":{"messages":6,"messages_per_sec":0.0014,"leave_count":0,"network_address_changes":0},"0x54ef4410006a43c7":{"messages":1,"messages_per_sec":0.0004,"leave_count":0,"network_address_changes":0},"0x04cd15fffe7ff98b":{"messages":1,"messages_per_sec":0.0004,"leave_count":0,"network_address_changes":0},"0xb4e3f9fffe753317":{"messages":1,"messages_per_sec":0.0005,"leave_count":0,"network_address_changes":0}}}'
[2025-12-15 07:38:59] info: 	z2m:mqtt: MQTT publish: topic 'zigbee2mqtt/Alarm Keypad', payload '{"action_code":null,"action_transaction":null,"action_zone":null,"battery":100,"battery_low":false,"linkquality":51,"tamper":false,"update":{"installed_version":131077,"latest_version":131077,"state":"idle"},"voltage":5300}'
[2025-12-15 07:39:10] info: 	z2m:mqtt: MQTT publish: topic 'zigbee2mqtt/Workshop Light', payload '{"brightness_rgb":254,"brightness_white":254,"color_mode_rgb":"xy","color_rgb":{"x":0.313,"y":0.21},"device_temperature":28,"dimming_range_maximum":100,"dimming_range_minimum":1,"level_config_white":{"off_transition_time":15,"on_transition_time":15},"linkquality":47,"off_on_duration":null,"on_off_duration":null,"power_on_behavior":null,"power_on_behaviour":"off","power_outage_count":37,"state":"OFF","state_rgb":"OFF","state_white":"OFF","update":{"installed_version":-1,"latest_version":-1,"state":null}}'
[2025-12-15 07:39:10] info: 	z2m:mqtt: MQTT publish: topic 'zigbee2mqtt/Workshop Light/white', payload '{"brightness":254,"level_config":{"off_transition_time":15,"on_transition_time":15},"state":"OFF"}'
[2025-12-15 07:39:10] info: 	z2m:mqtt: MQTT publish: topic 'zigbee2mqtt/Workshop Light/rgb', payload '{"brightness":254,"color":{"x":0.313,"y":0.21},"color_mode":"xy","state":"OFF"}'
[2025-12-15 07:43:59] info: 	z2m:mqtt: MQTT publish: topic 'zigbee2mqtt/Alarm Keypad', payload '{"action_code":null,"action_transaction":null,"action_zone":null,"battery":100,"battery_low":false,"linkquality":47,"tamper":false,"update":{"installed_version":131077,"latest_version":131077,"state":"idle"},"voltage":5300}'
[2025-12-15 07:45:16] info: 	z2m:mqtt: MQTT publish: topic 'zigbee2mqtt/Workshop Light', payload '{"brightness_rgb":254,"brightness_white":254,"color_mode_rgb":"xy","color_rgb":{"x":0.313,"y":0.21},"device_temperature":29,"dimming_range_maximum":100,"dimming_range_minimum":1,"level_config_white":{"off_transition_time":15,"on_transition_time":15},"linkquality":51,"off_on_duration":null,"on_off_duration":null,"power_on_behavior":null,"power_on_behaviour":"off","power_outage_count":37,"state":"OFF","state_rgb":"OFF","state_white":"OFF","update":{"installed_version":-1,"latest_version":-1,"state":null}}'
[2025-12-15 07:45:16] info: 	z2m:mqtt: MQTT publish: topic 'zigbee2mqtt/Workshop Light/white', payload '{"brightness":254,"level_config":{"off_transition_time":15,"on_transition_time":15},"state":"OFF"}'
[2025-12-15 07:45:16] info: 	z2m:mqtt: MQTT publish: topic 'zigbee2mqtt/Workshop Light/rgb', payload '{"brightness":254,"color":{"x":0.313,"y":0.21},"color_mode":"xy","state":"OFF"}'
[2025-12-15 07:47:34] info: 	z2m:mqtt: MQTT publish: topic 'zigbee2mqtt/bridge/health', payload '{"response_time":1765781254648,"os":{"load_average":[0.02,0.08,0.08],"memory_used_mb":1705.33,"memory_percent":43.4668},"process":{"uptime_sec":5410,"memory_used_mb":127.99,"memory_percent":3.2624},"mqtt":{"connected":true,"queued":0,"published":312,"received":133},"devices":{"0x0015bc0043006306":{"messages":29,"messages_per_sec":0.0055,"leave_count":0,"network_address_changes":0},"0x54ef441000b757df":{"messages":43,"messages_per_sec":0.0085,"leave_count":0,"network_address_changes":0},"0x001788010649a073":{"messages":6,"messages_per_sec":0.0012,"leave_count":0,"network_address_changes":0},"0x54ef4410006a43c7":{"messages":1,"messages_per_sec":0.0003,"leave_count":0,"network_address_changes":0},"0x04cd15fffe7ff98b":{"messages":1,"messages_per_sec":0.0003,"leave_count":0,"network_address_changes":0},"0xb4e3f9fffe753317":{"messages":1,"messages_per_sec":0.0004,"leave_count":0,"network_address_changes":0}}}'
[2025-12-15 07:48:00] info: 	z2m:mqtt: MQTT publish: topic 'zigbee2mqtt/Philips Backyard Sensor', payload '{"battery":16.5,"illuminance":1,"led_indication":true,"linkquality":76,"motion_sensitivity":"high","occupancy":false,"occupancy_timeout":60,"temperature":13.9,"update":{"installed_version":1124102917,"latest_version":1124102917,"state":"idle"}}'
[2025-12-15 07:48:59] info: 	z2m:mqtt: MQTT publish: topic 'zigbee2mqtt/Alarm Keypad', payload '{"action_code":null,"action_transaction":null,"action_zone":null,"battery":100,"battery_low":false,"linkquality":51,"tamper":false,"update":{"installed_version":131077,"latest_version":131077,"state":"idle"},"voltage":5300}'
[2025-12-15 07:50:26] info: 	z2m:mqtt: MQTT publish: topic 'zigbee2mqtt/Cube', payload '{"action_angle":null,"action_from_side":null,"battery":51,"current":0,"linkquality":51,"operation_mode":"action_mode","power":2,"power_outage_count":159,"side":4,"update":{"installed_version":-1,"latest_version":-1,"state":null},"voltage":2927}'
[2025-12-15 07:50:49] info: 	z2m:mqtt: MQTT publish: topic 'zigbee2mqtt/Workshop Light', payload '{"brightness_rgb":254,"brightness_white":254,"color_mode_rgb":"xy","color_rgb":{"x":0.313,"y":0.21},"device_temperature":29,"dimming_range_maximum":100,"dimming_range_minimum":1,"level_config_white":{"off_transition_time":15,"on_transition_time":15},"linkquality":51,"off_on_duration":null,"on_off_duration":null,"power_on_behavior":null,"power_on_behaviour":"off","power_outage_count":37,"state":"OFF","state_rgb":"OFF","state_white":"OFF","update":{"installed_version":-1,"latest_version":-1,"state":null}}'
[2025-12-15 07:50:49] info: 	z2m:mqtt: MQTT publish: topic 'zigbee2mqtt/Workshop Light/white', payload '{"brightness":254,"level_config":{"off_transition_time":15,"on_transition_time":15},"state":"OFF"}'
[2025-12-15 07:50:49] info: 	z2m:mqtt: MQTT publish: topic 'zigbee2mqtt/Workshop Light/rgb', payload '{"brightness":254,"color":{"x":0.313,"y":0.21},"color_mode":"xy","state":"OFF"}'
[2025-12-15 07:53:04] info: 	z2m:mqtt: MQTT publish: topic 'zigbee2mqtt/Philips Backyard Sensor', payload '{"battery":16.5,"illuminance":1,"led_indication":true,"linkquality":76,"motion_sensitivity":"high","occupancy":false,"occupancy_timeout":60,"temperature":13.9,"update":{"installed_version":1124102917,"latest_version":1124102917,"state":"idle"}}'
[2025-12-15 07:53:59] info: 	z2m:mqtt: MQTT publish: topic 'zigbee2mqtt/Alarm Keypad', payload '{"action_code":null,"action_transaction":null,"action_zone":null,"battery":100,"battery_low":false,"linkquality":51,"tamper":false,"update":{"installed_version":131077,"latest_version":131077,"state":"idle"},"voltage":5300}'
[2025-12-15 07:56:00] info: 	z2m:mqtt: MQTT publish: topic 'zigbee2mqtt/Workshop Light', payload '{"brightness_rgb":254,"brightness_white":254,"color_mode_rgb":"xy","color_rgb":{"x":0.313,"y":0.21},"device_temperature":29,"dimming_range_maximum":100,"dimming_range_minimum":1,"level_config_white":{"off_transition_time":15,"on_transition_time":15},"linkquality":51,"off_on_duration":null,"on_off_duration":null,"power_on_behavior":null,"power_on_behaviour":"off","power_outage_count":37,"state":"OFF","state_rgb":"OFF","state_white":"OFF","update":{"installed_version":-1,"latest_version":-1,"state":null}}'
[2025-12-15 07:56:00] info: 	z2m:mqtt: MQTT publish: topic 'zigbee2mqtt/Workshop Light/white', payload '{"brightness":254,"level_config":{"off_transition_time":15,"on_transition_time":15},"state":"OFF"}'
[2025-12-15 07:56:00] info: 	z2m:mqtt: MQTT publish: topic 'zigbee2mqtt/Workshop Light/rgb', payload '{"brightness":254,"color":{"x":0.313,"y":0.21},"color_mode":"xy","state":"OFF"}'
[2025-12-15 07:57:34] info: 	z2m:mqtt: MQTT publish: topic 'zigbee2mqtt/bridge/health', payload '{"response_time":1765781854650,"os":{"load_average":[0,0.03,0.05],"memory_used_mb":1702.69,"memory_percent":43.3994},"process":{"uptime_sec":6010,"memory_used_mb":128.01,"memory_percent":3.2629},"mqtt":{"connected":true,"queued":0,"published":336,"received":133},"devices":{"0x0015bc0043006306":{"messages":32,"messages_per_sec":0.0054,"leave_count":0,"network_address_changes":0},"0x54ef441000b757df":{"messages":49,"messages_per_sec":0.0087,"leave_count":0,"network_address_changes":0},"0x001788010649a073":{"messages":8,"messages_per_sec":0.0015,"leave_count":0,"network_address_changes":0},"0x54ef4410006a43c7":{"messages":2,"messages_per_sec":0.0005,"leave_count":0,"network_address_changes":0},"0x04cd15fffe7ff98b":{"messages":1,"messages_per_sec":0.0003,"leave_count":0,"network_address_changes":0},"0xb4e3f9fffe753317":{"messages":1,"messages_per_sec":0.0003,"leave_count":0,"network_address_changes":0}}}'
[2025-12-15 07:58:59] info: 	z2m:mqtt: MQTT publish: topic 'zigbee2mqtt/Alarm Keypad', payload '{"action_code":null,"action_transaction":null,"action_zone":null,"battery":100,"battery_low":false,"linkquality":51,"tamper":false,"update":{"installed_version":131077,"latest_version":131077,"state":"idle"},"voltage":5300}'
[2025-12-15 07:59:36] info: 	z2m:mqtt: MQTT publish: topic 'zigbee2mqtt/Button 1 - Kitchen', payload '{"battery":90,"identify":null,"linkquality":80,"update":{"installed_version":604241926,"latest_version":604241926,"state":"idle"}}'
[2025-12-15 08:02:45] info: 	z2m:mqtt: MQTT publish: topic 'zigbee2mqtt/Philips Backyard Sensor', payload '{"battery":16.5,"illuminance":1,"led_indication":true,"linkquality":72,"motion_sensitivity":"high","occupancy":false,"occupancy_timeout":60,"temperature":13.9,"update":{"installed_version":1124102917,"latest_version":1124102917,"state":"idle"}}'
[2025-12-15 08:03:01] info: 	z2m:mqtt: MQTT publish: topic 'zigbee2mqtt/Workshop Light', payload '{"brightness_rgb":254,"brightness_white":254,"color_mode_rgb":"xy","color_rgb":{"x":0.313,"y":0.21},"device_temperature":29,"dimming_range_maximum":100,"dimming_range_minimum":1,"level_config_white":{"off_transition_time":15,"on_transition_time":15},"linkquality":47,"off_on_duration":null,"on_off_duration":null,"power_on_behavior":null,"power_on_behaviour":"off","power_outage_count":37,"state":"OFF","state_rgb":"OFF","state_white":"OFF","update":{"installed_version":-1,"latest_version":-1,"state":null}}'
[2025-12-15 08:03:01] info: 	z2m:mqtt: MQTT publish: topic 'zigbee2mqtt/Workshop Light/white', payload '{"brightness":254,"level_config":{"off_transition_time":15,"on_transition_time":15},"state":"OFF"}'
[2025-12-15 08:03:01] info: 	z2m:mqtt: MQTT publish: topic 'zigbee2mqtt/Workshop Light/rgb', payload '{"brightness":254,"color":{"x":0.313,"y":0.21},"color_mode":"xy","state":"OFF"}'
[2025-12-15 08:03:59] info: 	z2m:mqtt: MQTT publish: topic 'zigbee2mqtt/Alarm Keypad', payload '{"action_code":null,"action_transaction":null,"action_zone":null,"battery":100,"battery_low":false,"linkquality":51,"tamper":false,"update":{"installed_version":131077,"latest_version":131077,"state":"idle"},"voltage":5300}'
[2025-12-15 08:06:24] info: 	z2m: Configuring 'Water Sensor 1'
[2025-12-15 08:06:24] info: 	z2m:mqtt: MQTT publish: topic 'zigbee2mqtt/Water Sensor 1', payload '{"battery":70,"battery_low":false,"linkquality":0,"tamper":false,"voltage":2800,"water_leak":false}'
[2025-12-15 08:06:24] info: 	z2m:mqtt: MQTT publish: topic 'zigbee2mqtt/Water Sensor 1', payload '{"battery":70,"battery_low":false,"linkquality":0,"tamper":false,"voltage":2800,"water_leak":false}'
[2025-12-15 08:06:24] info: 	z2m:mqtt: MQTT publish: topic 'zigbee2mqtt/Water Sensor 1', payload '{"battery":70,"battery_low":false,"linkquality":0,"tamper":false,"voltage":2800,"water_leak":false}'
[2025-12-15 08:06:24] info: 	z2m:mqtt: MQTT publish: topic 'zigbee2mqtt/Water Sensor 1', payload '{"battery":70,"battery_low":false,"linkquality":0,"tamper":false,"voltage":2800,"water_leak":false}'
[2025-12-15 08:06:24] info: 	z2m:mqtt: MQTT publish: topic 'zigbee2mqtt/Water Sensor 1', payload '{"battery":70,"battery_low":false,"linkquality":0,"tamper":false,"voltage":2800,"water_leak":false}'
[2025-12-15 08:06:24] info: 	z2m:mqtt: MQTT publish: topic 'zigbee2mqtt/Water Sensor 1', payload '{"battery":70,"battery_low":false,"linkquality":0,"tamper":false,"voltage":2800,"water_leak":false}'
[2025-12-15 08:06:24] info: 	z2m:mqtt: MQTT publish: topic 'zigbee2mqtt/Water Sensor 1', payload '{"battery":70,"battery_low":false,"linkquality":0,"tamper":false,"voltage":2800,"water_leak":false}'
[2025-12-15 08:06:24] info: 	z2m:mqtt: MQTT publish: topic 'zigbee2mqtt/Water Sensor 1', payload '{"battery":70,"battery_low":false,"linkquality":0,"tamper":false,"voltage":2800,"water_leak":false}'
[2025-12-15 08:06:24] info: 	z2m:mqtt: MQTT publish: topic 'zigbee2mqtt/Water Sensor 1', payload '{"battery":70,"battery_low":false,"linkquality":0,"tamper":false,"voltage":2800,"water_leak":false}'
[2025-12-15 08:06:24] info: 	z2m:mqtt: MQTT publish: topic 'zigbee2mqtt/Water Sensor 1', payload '{"battery":70,"battery_low":false,"linkquality":0,"tamper":false,"voltage":2800,"water_leak":false}'
[2025-12-15 08:06:24] info: 	z2m:mqtt: MQTT publish: topic 'zigbee2mqtt/Water Sensor 1', payload '{"battery":70,"battery_low":false,"linkquality":0,"tamper":false,"voltage":2800,"water_leak":false}'
[2025-12-15 08:06:24] info: 	z2m:mqtt: MQTT publish: topic 'zigbee2mqtt/Water Sensor 1', payload '{"battery":70,"battery_low":false,"linkquality":0,"tamper":false,"voltage":2800,"water_leak":false}'
[2025-12-15 08:06:24] info: 	z2m:mqtt: MQTT publish: topic 'zigbee2mqtt/Water Sensor 1', payload '{"battery":70,"battery_low":false,"linkquality":0,"tamper":false,"voltage":2800,"water_leak":false}'
[2025-12-15 08:06:24] info: 	z2m:mqtt: MQTT publish: topic 'zigbee2mqtt/Water Sensor 1', payload '{"battery":70,"battery_low":false,"linkquality":0,"tamper":false,"voltage":2800,"water_leak":false}'
[2025-12-15 08:06:24] info: 	z2m:mqtt: MQTT publish: topic 'zigbee2mqtt/Water Sensor 1', payload '{"battery":70,"battery_low":false,"linkquality":0,"tamper":false,"voltage":2800,"water_leak":false}'
[2025-12-15 08:07:29] error: 	z2m: Failed to configure 'Water Sensor 1', attempt 1 (Error: ZCL command 0x5c0272fffebb9cde/1 genPowerCfg.configReport([{"attribute":"batteryPercentageRemaining","minimumReportInterval":3600,"maximumReportInterval":65000,"reportableChange":0}], {"timeout":10000,"disableResponse":false,"disableRecovery":false,"disableDefaultResponse":true,"direction":0,"reservedBits":0,"writeUndiv":false}) failed (Data request failed with error: 'MAC transaction expired' (240))
    at ZStackAdapter.sendZclFrameToEndpointInternal (/app/node_modules/.pnpm/zigbee-herdsman@7.0.4/node_modules/zigbee-herdsman/src/adapter/z-stack/adapter/zStackAdapter.ts:594:23)
    at processTicksAndRejections (node:internal/process/task_queues:105:5)
    at ZStackAdapter.sendZclFrameToEndpointInternal (/app/node_modules/.pnpm/zigbee-herdsman@7.0.4/node_modules/zigbee-herdsman/src/adapter/z-stack/adapter/zStackAdapter.ts:692:20)
    at ZStackAdapter.sendZclFrameToEndpointInternal (/app/node_modules/.pnpm/zigbee-herdsman@7.0.4/node_modules/zigbee-herdsman/src/adapter/z-stack/adapter/zStackAdapter.ts:692:20)
    at ZStackAdapter.sendZclFrameToEndpointInternal (/app/node_modules/.pnpm/zigbee-herdsman@7.0.4/node_modules/zigbee-herdsman/src/adapter/z-stack/adapter/zStackAdapter.ts:692:20)
    at ZStackAdapter.sendZclFrameToEndpointInternal (/app/node_modules/.pnpm/zigbee-herdsman@7.0.4/node_modules/zigbee-herdsman/src/adapter/z-stack/adapter/zStackAdapter.ts:692:20)
    at ZStackAdapter.sendZclFrameToEndpointInternal (/app/node_modules/.pnpm/zigbee-herdsman@7.0.4/node_modules/zigbee-herdsman/src/adapter/z-stack/adapter/zStackAdapter.ts:744:28)
    at /app/node_modules/.pnpm/zigbee-herdsman@7.0.4/node_modules/zigbee-herdsman/src/adapter/z-stack/adapter/zStackAdapter.ts:492:20
    at Queue.execute (/app/node_modules/.pnpm/zigbee-herdsman@7.0.4/node_modules/zigbee-herdsman/src/utils/queue.ts:36:20)
    at ZStackAdapter.sendZclFrameToEndpoint (/app/node_modules/.pnpm/zigbee-herdsman@7.0.4/node_modules/zigbee-herdsman/src/adapter/z-stack/adapter/zStackAdapter.ts:490:16))
[2025-12-15 08:07:34] info: 	z2m:mqtt: MQTT publish: topic 'zigbee2mqtt/bridge/health', payload '{"response_time":1765782454652,"os":{"load_average":[0.22,0.23,0.11],"memory_used_mb":1702.44,"memory_percent":43.3932},"process":{"uptime_sec":6610,"memory_used_mb":127.99,"memory_percent":3.2623},"mqtt":{"connected":true,"queued":0,"published":370,"received":133},"devices":{"0x0015bc0043006306":{"messages":36,"messages_per_sec":0.0055,"leave_count":0,"network_address_changes":0},"0x54ef441000b757df":{"messages":51,"messages_per_sec":0.0082,"leave_count":0,"network_address_changes":0},"0x001788010649a073":{"messages":9,"messages_per_sec":0.0015,"leave_count":0,"network_address_changes":0},"0x54ef4410006a43c7":{"messages":2,"messages_per_sec":0.0005,"leave_count":0,"network_address_changes":0},"0x04cd15fffe7ff98b":{"messages":1,"messages_per_sec":0.0002,"leave_count":0,"network_address_changes":0},"0xb4e3f9fffe753317":{"messages":1,"messages_per_sec":0.0003,"leave_count":0,"network_address_changes":0},"0x04cd15fffe268dcc":{"messages":1,"messages_per_sec":0.0021,"leave_count":0,"network_address_changes":0},"0x5c0272fffebb9cde":{"messages":16,"messages_per_sec":0.2277,"leave_count":0,"network_address_changes":0}}}'
[2025-12-15 08:08:03] info: 	z2m:mqtt: MQTT publish: topic 'zigbee2mqtt/Philips Backyard Sensor', payload '{"battery":16.5,"illuminance":3,"led_indication":true,"linkquality":76,"motion_sensitivity":"high","occupancy":false,"occupancy_timeout":60,"temperature":13.9,"update":{"installed_version":1124102917,"latest_version":1124102917,"state":"idle"}}'
[2025-12-15 08:08:59] info: 	z2m:mqtt: MQTT publish: topic 'zigbee2mqtt/Alarm Keypad', payload '{"action_code":null,"action_transaction":null,"action_zone":null,"battery":100,"battery_low":false,"linkquality":51,"tamper":false,"update":{"installed_version":131077,"latest_version":131077,"state":"idle"},"voltage":5300}'
[2025-12-15 08:10:44] info: 	z2m:mqtt: MQTT publish: topic 'zigbee2mqtt/Workshop Light', payload '{"brightness_rgb":254,"brightness_white":254,"color_mode_rgb":"xy","color_rgb":{"x":0.313,"y":0.21},"device_temperature":29,"dimming_range_maximum":100,"dimming_range_minimum":1,"level_config_white":{"off_transition_time":15,"on_transition_time":15},"linkquality":51,"off_on_duration":null,"on_off_duration":null,"power_on_behavior":null,"power_on_behaviour":"off","power_outage_count":37,"state":"OFF","state_rgb":"OFF","state_white":"OFF","update":{"installed_version":-1,"latest_version":-1,"state":null}}'
[2025-12-15 08:10:44] info: 	z2m:mqtt: MQTT publish: topic 'zigbee2mqtt/Workshop Light/white', payload '{"brightness":254,"level_config":{"off_transition_time":15,"on_transition_time":15},"state":"OFF"}'
[2025-12-15 08:10:44] info: 	z2m:mqtt: MQTT publish: topic 'zigbee2mqtt/Workshop Light/rgb', payload '{"brightness":254,"color":{"x":0.313,"y":0.21},"color_mode":"xy","state":"OFF"}'
[2025-12-15 08:13:02] info: 	z2m:mqtt: MQTT publish: topic 'zigbee2mqtt/Philips Backyard Sensor', payload '{"battery":16.5,"illuminance":4,"led_indication":true,"linkquality":76,"motion_sensitivity":"high","occupancy":false,"occupancy_timeout":60,"temperature":13.9,"update":{"installed_version":1124102917,"latest_version":1124102917,"state":"idle"}}'
[2025-12-15 08:13:59] info: 	z2m:mqtt: MQTT publish: topic 'zigbee2mqtt/Alarm Keypad', payload '{"action_code":null,"action_transaction":null,"action_zone":null,"battery":100,"battery_low":false,"linkquality":51,"tamper":false,"update":{"installed_version":131077,"latest_version":131077,"state":"idle"},"voltage":5300}'
[2025-12-15 08:16:47] info: 	z2m:mqtt: MQTT publish: topic 'zigbee2mqtt/Workshop Light', payload '{"brightness_rgb":254,"brightness_white":254,"color_mode_rgb":"xy","color_rgb":{"x":0.313,"y":0.21},"device_temperature":28,"dimming_range_maximum":100,"dimming_range_minimum":1,"level_config_white":{"off_transition_time":15,"on_transition_time":15},"linkquality":51,"off_on_duration":null,"on_off_duration":null,"power_on_behavior":null,"power_on_behaviour":"off","power_outage_count":37,"state":"OFF","state_rgb":"OFF","state_white":"OFF","update":{"installed_version":-1,"latest_version":-1,"state":null}}'
[2025-12-15 08:16:47] info: 	z2m:mqtt: MQTT publish: topic 'zigbee2mqtt/Workshop Light/white', payload '{"brightness":254,"level_config":{"off_transition_time":15,"on_transition_time":15},"state":"OFF"}'
[2025-12-15 08:16:47] info: 	z2m:mqtt: MQTT publish: topic 'zigbee2mqtt/Workshop Light/rgb', payload '{"brightness":254,"color":{"x":0.313,"y":0.21},"color_mode":"xy","state":"OFF"}'
[2025-12-15 08:17:34] info: 	z2m:mqtt: MQTT publish: topic 'zigbee2mqtt/bridge/health', payload '{"response_time":1765783054655,"os":{"load_average":[0.05,0.05,0.06],"memory_used_mb":1700.79,"memory_percent":43.3511},"process":{"uptime_sec":7210,"memory_used_mb":128.18,"memory_percent":3.267},"mqtt":{"connected":true,"queued":0,"published":392,"received":133},"devices":{"0x0015bc0043006306":{"messages":39,"messages_per_sec":0.0055,"leave_count":0,"network_address_changes":0},"0x54ef441000b757df":{"messages":55,"messages_per_sec":0.008,"leave_count":0,"network_address_changes":0},"0x001788010649a073":{"messages":11,"messages_per_sec":0.0017,"leave_count":0,"network_address_changes":0},"0x54ef4410006a43c7":{"messages":2,"messages_per_sec":0.0004,"leave_count":0,"network_address_changes":0},"0x04cd15fffe7ff98b":{"messages":1,"messages_per_sec":0.0002,"leave_count":0,"network_address_changes":0},"0xb4e3f9fffe753317":{"messages":1,"messages_per_sec":0.0002,"leave_count":0,"network_address_changes":0},"0x04cd15fffe268dcc":{"messages":1,"messages_per_sec":0.0009,"leave_count":0,"network_address_changes":0},"0x5c0272fffebb9cde":{"messages":16,"messages_per_sec":0.0239,"leave_count":0,"network_address_changes":0}}}'
[2025-12-15 08:18:59] info: 	z2m:mqtt: MQTT publish: topic 'zigbee2mqtt/Alarm Keypad', payload '{"action_code":null,"action_transaction":null,"action_zone":null,"battery":100,"battery_low":false,"linkquality":47,"tamper":false,"update":{"installed_version":131077,"latest_version":131077,"state":"idle"},"voltage":5300}'
[2025-12-15 08:22:31] info: 	z2m:mqtt: MQTT publish: topic 'zigbee2mqtt/Workshop Light', payload '{"brightness_rgb":254,"brightness_white":254,"color_mode_rgb":"xy","color_rgb":{"x":0.313,"y":0.21},"device_temperature":29,"dimming_range_maximum":100,"dimming_range_minimum":1,"level_config_white":{"off_transition_time":15,"on_transition_time":15},"linkquality":47,"off_on_duration":null,"on_off_duration":null,"power_on_behavior":null,"power_on_behaviour":"off","power_outage_count":37,"state":"OFF","state_rgb":"OFF","state_white":"OFF","update":{"installed_version":-1,"latest_version":-1,"state":null}}'
[2025-12-15 08:22:31] info: 	z2m:mqtt: MQTT publish: topic 'zigbee2mqtt/Workshop Light/white', payload '{"brightness":254,"level_config":{"off_transition_time":15,"on_transition_time":15},"state":"OFF"}'
[2025-12-15 08:22:31] info: 	z2m:mqtt: MQTT publish: topic 'zigbee2mqtt/Workshop Light/rgb', payload '{"brightness":254,"color":{"x":0.313,"y":0.21},"color_mode":"xy","state":"OFF"}'
[2025-12-15 08:23:01] info: 	z2m:mqtt: MQTT publish: topic 'zigbee2mqtt/Philips Backyard Sensor', payload '{"battery":16.5,"illuminance":11,"led_indication":true,"linkquality":76,"motion_sensitivity":"high","occupancy":false,"occupancy_timeout":60,"temperature":13.9,"update":{"installed_version":1124102917,"latest_version":1124102917,"state":"idle"}}'
[2025-12-15 08:23:59] info: 	z2m:mqtt: MQTT publish: topic 'zigbee2mqtt/Alarm Keypad', payload '{"action_code":null,"action_transaction":null,"action_zone":null,"battery":100,"battery_low":false,"linkquality":51,"tamper":false,"update":{"installed_version":131077,"latest_version":131077,"state":"idle"},"voltage":5300}'
[2025-12-15 08:23:59] info: 	z2m:mqtt: MQTT publish: topic 'zigbee2mqtt/Alarm Keypad', payload '{"action_code":null,"action_transaction":null,"action_zone":null,"battery":100,"battery_low":false,"linkquality":51,"tamper":false,"update":{"installed_version":131077,"latest_version":131077,"state":"idle"},"voltage":5300}'
[2025-12-15 08:26:28] info: 	z2m:mqtt: MQTT publish: topic 'zigbee2mqtt/Philips Backyard Sensor', payload '{"battery":16.5,"illuminance":11,"led_indication":true,"linkquality":76,"motion_sensitivity":"high","occupancy":false,"occupancy_timeout":60,"temperature":14.04,"update":{"installed_version":1124102917,"latest_version":1124102917,"state":"idle"}}'
[2025-12-15 08:27:34] info: 	z2m:mqtt: MQTT publish: topic 'zigbee2mqtt/bridge/health', payload '{"response_time":1765783654658,"os":{"load_average":[0.14,0.1,0.06],"memory_used_mb":1705.73,"memory_percent":43.477},"process":{"uptime_sec":7810,"memory_used_mb":128.18,"memory_percent":3.267},"mqtt":{"connected":true,"queued":0,"published":409,"received":133},"devices":{"0x0015bc0043006306":{"messages":43,"messages_per_sec":0.0056,"leave_count":0,"network_address_changes":0},"0x54ef441000b757df":{"messages":57,"messages_per_sec":0.0077,"leave_count":0,"network_address_changes":0},"0x001788010649a073":{"messages":13,"messages_per_sec":0.0018,"leave_count":0,"network_address_changes":0},"0x54ef4410006a43c7":{"messages":2,"messages_per_sec":0.0004,"leave_count":0,"network_address_changes":0},"0x04cd15fffe7ff98b":{"messages":1,"messages_per_sec":0.0002,"leave_count":0,"network_address_changes":0},"0xb4e3f9fffe753317":{"messages":1,"messages_per_sec":0.0002,"leave_count":0,"network_address_changes":0},"0x04cd15fffe268dcc":{"messages":1,"messages_per_sec":0.0006,"leave_count":0,"network_address_changes":0},"0x5c0272fffebb9cde":{"messages":16,"messages_per_sec":0.0126,"leave_count":0,"network_address_changes":0}}}'
[2025-12-15 08:28:01] info: 	z2m:mqtt: MQTT publish: topic 'zigbee2mqtt/Philips Backyard Sensor', payload '{"battery":16.5,"illuminance":14,"led_indication":true,"linkquality":76,"motion_sensitivity":"high","occupancy":false,"occupancy_timeout":60,"temperature":14.04,"update":{"installed_version":1124102917,"latest_version":1124102917,"state":"idle"}}'
[2025-12-15 08:28:59] info: 	z2m:mqtt: MQTT publish: topic 'zigbee2mqtt/Alarm Keypad', payload '{"action_code":null,"action_transaction":null,"action_zone":null,"battery":100,"battery_low":false,"linkquality":51,"tamper":false,"update":{"installed_version":131077,"latest_version":131077,"state":"idle"},"voltage":5300}'
[2025-12-15 08:29:06] info: 	z2m:mqtt: MQTT publish: topic 'zigbee2mqtt/Workshop Light', payload '{"brightness_rgb":254,"brightness_white":254,"color_mode_rgb":"xy","color_rgb":{"x":0.313,"y":0.21},"device_temperature":29,"dimming_range_maximum":100,"dimming_range_minimum":1,"level_config_white":{"off_transition_time":15,"on_transition_time":15},"linkquality":51,"off_on_duration":null,"on_off_duration":null,"power_on_behavior":null,"power_on_behaviour":"off","power_outage_count":37,"state":"OFF","state_rgb":"OFF","state_white":"OFF","update":{"installed_version":-1,"latest_version":-1,"state":null}}'
[2025-12-15 08:29:06] info: 	z2m:mqtt: MQTT publish: topic 'zigbee2mqtt/Workshop Light/white', payload '{"brightness":254,"level_config":{"off_transition_time":15,"on_transition_time":15},"state":"OFF"}'
[2025-12-15 08:29:06] info: 	z2m:mqtt: MQTT publish: topic 'zigbee2mqtt/Workshop Light/rgb', payload '{"brightness":254,"color":{"x":0.313,"y":0.21},"color_mode":"xy","state":"OFF"}'
[2025-12-15 08:33:00] info: 	z2m:mqtt: MQTT publish: topic 'zigbee2mqtt/Philips Backyard Sensor', payload '{"battery":16.5,"illuminance":12,"led_indication":true,"linkquality":72,"motion_sensitivity":"high","occupancy":false,"occupancy_timeout":60,"temperature":14.04,"update":{"installed_version":1124102917,"latest_version":1124102917,"state":"idle"}}'
[2025-12-15 08:33:59] info: 	z2m:mqtt: MQTT publish: topic 'zigbee2mqtt/Alarm Keypad', payload '{"action_code":null,"action_transaction":null,"action_zone":null,"battery":100,"battery_low":false,"linkquality":51,"tamper":false,"update":{"installed_version":131077,"latest_version":131077,"state":"idle"},"voltage":5300}'
[2025-12-15 08:35:42] info: 	z2m:mqtt: MQTT publish: topic 'zigbee2mqtt/Workshop Light', payload '{"brightness_rgb":254,"brightness_white":254,"color_mode_rgb":"xy","color_rgb":{"x":0.313,"y":0.21},"device_temperature":28,"dimming_range_maximum":100,"dimming_range_minimum":1,"level_config_white":{"off_transition_time":15,"on_transition_time":15},"linkquality":47,"off_on_duration":null,"on_off_duration":null,"power_on_behavior":null,"power_on_behaviour":"off","power_outage_count":37,"state":"OFF","state_rgb":"OFF","state_white":"OFF","update":{"installed_version":-1,"latest_version":-1,"state":null}}'
[2025-12-15 08:35:42] info: 	z2m:mqtt: MQTT publish: topic 'zigbee2mqtt/Workshop Light/white', payload '{"brightness":254,"level_config":{"off_transition_time":15,"on_transition_time":15},"state":"OFF"}'
[2025-12-15 08:35:42] info: 	z2m:mqtt: MQTT publish: topic 'zigbee2mqtt/Workshop Light/rgb', payload '{"brightness":254,"color":{"x":0.313,"y":0.21},"color_mode":"xy","state":"OFF"}'
[2025-12-15 08:37:34] info: 	z2m:mqtt: MQTT publish: topic 'zigbee2mqtt/bridge/health', payload '{"response_time":1765784254659,"os":{"load_average":[0.02,0.05,0.05],"memory_used_mb":1707.92,"memory_percent":43.5328},"process":{"uptime_sec":8410,"memory_used_mb":128.05,"memory_percent":3.2638},"mqtt":{"connected":true,"queued":0,"published":431,"received":133},"devices":{"0x0015bc0043006306":{"messages":45,"messages_per_sec":0.0054,"leave_count":0,"network_address_changes":0},"0x54ef441000b757df":{"messages":61,"messages_per_sec":0.0076,"leave_count":0,"network_address_changes":0},"0x001788010649a073":{"messages":19,"messages_per_sec":0.0024,"leave_count":0,"network_address_changes":0},"0x54ef4410006a43c7":{"messages":2,"messages_per_sec":0.0003,"leave_count":0,"network_address_changes":0},"0x04cd15fffe7ff98b":{"messages":1,"messages_per_sec":0.0002,"leave_count":0,"network_address_changes":0},"0xb4e3f9fffe753317":{"messages":1,"messages_per_sec":0.0002,"leave_count":0,"network_address_changes":0},"0x04cd15fffe268dcc":{"messages":1,"messages_per_sec":0.0004,"leave_count":0,"network_address_changes":0},"0x5c0272fffebb9cde":{"messages":16,"messages_per_sec":0.0086,"leave_count":0,"network_address_changes":0}}}'
[2025-12-15 08:38:00] info: 	z2m:mqtt: MQTT publish: topic 'zigbee2mqtt/Philips Backyard Sensor', payload '{"battery":16.5,"illuminance":18,"led_indication":true,"linkquality":76,"motion_sensitivity":"high","occupancy":false,"occupancy_timeout":60,"temperature":14.04,"update":{"installed_version":1124102917,"latest_version":1124102917,"state":"idle"}}'
[2025-12-15 08:38:59] info: 	z2m:mqtt: MQTT publish: topic 'zigbee2mqtt/Alarm Keypad', payload '{"action_code":null,"action_transaction":null,"action_zone":null,"battery":100,"battery_low":false,"linkquality":51,"tamper":false,"update":{"installed_version":131077,"latest_version":131077,"state":"idle"},"voltage":5300}'
[2025-12-15 08:39:41] warning: 	z2m: Failed to ping 'Smart Plug Z1' (attempt 1/1, ZCL command 0xa4c13812921dddfd/1 genBasic.read(["zclVersion"], {"timeout":10000,"disableResponse":false,"disableRecovery":true,"disableDefaultResponse":true,"direction":0,"reservedBits":0,"writeUndiv":false,"sendPolicy":"immediate"}) failed (Data request failed with error: 'No network route' (205)))
[2025-12-15 08:40:55] warning: 	z2m: Failed to ping 'Alarm Siren' (attempt 1/1, ZCL command 0x0015bc0041007a25/43 genBasic.read(["zclVersion"], {"timeout":10000,"disableResponse":false,"disableRecovery":true,"disableDefaultResponse":true,"direction":0,"reservedBits":0,"writeUndiv":false,"sendPolicy":"immediate"}) failed (Data request failed with error: 'No network route' (205)))
[2025-12-15 08:41:08] warning: 	z2m: Failed to ping 'Alarm Repeater' (attempt 1/1, ZCL command 0x0015bc0022000242/37 genBasic.read(["zclVersion"], {"timeout":10000,"disableResponse":false,"disableRecovery":true,"disableDefaultResponse":true,"direction":0,"reservedBits":0,"writeUndiv":false,"sendPolicy":"immediate"}) failed (Data request failed with error: 'No network route' (205)))
[2025-12-15 08:41:27] info: 	z2m:mqtt: MQTT publish: topic 'zigbee2mqtt/Workshop Light', payload '{"brightness_rgb":254,"brightness_white":254,"color_mode_rgb":"xy","color_rgb":{"x":0.313,"y":0.21},"device_temperature":28,"dimming_range_maximum":100,"dimming_range_minimum":1,"level_config_white":{"off_transition_time":15,"on_transition_time":15},"linkquality":51,"off_on_duration":null,"on_off_duration":null,"power_on_behavior":null,"power_on_behaviour":"off","power_outage_count":37,"state":"OFF","state_rgb":"OFF","state_white":"OFF","update":{"installed_version":-1,"latest_version":-1,"state":null}}'
[2025-12-15 08:41:27] info: 	z2m:mqtt: MQTT publish: topic 'zigbee2mqtt/Workshop Light/white', payload '{"brightness":254,"level_config":{"off_transition_time":15,"on_transition_time":15},"state":"OFF"}'
[2025-12-15 08:41:27] info: 	z2m:mqtt: MQTT publish: topic 'zigbee2mqtt/Workshop Light/rgb', payload '{"brightness":254,"color":{"x":0.313,"y":0.21},"color_mode":"xy","state":"OFF"}'
[2025-12-15 08:42:59] info: 	z2m:mqtt: MQTT publish: topic 'zigbee2mqtt/Philips Backyard Sensor', payload '{"battery":16.5,"illuminance":32,"led_indication":true,"linkquality":76,"motion_sensitivity":"high","occupancy":false,"occupancy_timeout":60,"temperature":14.04,"update":{"installed_version":1124102917,"latest_version":1124102917,"state":"idle"}}'
[2025-12-15 08:43:59] info: 	z2m:mqtt: MQTT publish: topic 'zigbee2mqtt/Alarm Keypad', payload '{"action_code":null,"action_transaction":null,"action_zone":null,"battery":100,"battery_low":false,"linkquality":47,"tamper":false,"update":{"installed_version":131077,"latest_version":131077,"state":"idle"},"voltage":5300}'
[2025-12-15 08:45:28] info: 	z2m:mqtt: MQTT publish: topic 'zigbee2mqtt/Cube', payload '{"action_angle":null,"action_from_side":null,"battery":51,"current":0,"linkquality":51,"operation_mode":"action_mode","power":2,"power_outage_count":159,"side":4,"update":{"installed_version":-1,"latest_version":-1,"state":null},"voltage":2927}'
[2025-12-15 08:46:54] info: 	z2m:mqtt: MQTT publish: topic 'zigbee2mqtt/Workshop Light', payload '{"brightness_rgb":254,"brightness_white":254,"color_mode_rgb":"xy","color_rgb":{"x":0.313,"y":0.21},"device_temperature":29,"dimming_range_maximum":100,"dimming_range_minimum":1,"level_config_white":{"off_transition_time":15,"on_transition_time":15},"linkquality":51,"off_on_duration":null,"on_off_duration":null,"power_on_behavior":null,"power_on_behaviour":"off","power_outage_count":37,"state":"OFF","state_rgb":"OFF","state_white":"OFF","update":{"installed_version":-1,"latest_version":-1,"state":null}}'
[2025-12-15 08:46:54] info: 	z2m:mqtt: MQTT publish: topic 'zigbee2mqtt/Workshop Light/white', payload '{"brightness":254,"level_config":{"off_transition_time":15,"on_transition_time":15},"state":"OFF"}'
[2025-12-15 08:46:54] info: 	z2m:mqtt: MQTT publish: topic 'zigbee2mqtt/Workshop Light/rgb', payload '{"brightness":254,"color":{"x":0.313,"y":0.21},"color_mode":"xy","state":"OFF"}'
[2025-12-15 08:47:34] info: 	z2m:mqtt: MQTT publish: topic 'zigbee2mqtt/bridge/health', payload '{"response_time":1765784854663,"os":{"load_average":[0.28,0.11,0.06],"memory_used_mb":1704.69,"memory_percent":43.4504},"process":{"uptime_sec":9010,"memory_used_mb":128.13,"memory_percent":3.2659},"mqtt":{"connected":true,"queued":0,"published":458,"received":133},"devices":{"0x0015bc0043006306":{"messages":48,"messages_per_sec":0.0054,"leave_count":0,"network_address_changes":0},"0x54ef441000b757df":{"messages":65,"messages_per_sec":0.0075,"leave_count":0,"network_address_changes":0},"0x001788010649a073":{"messages":21,"messages_per_sec":0.0025,"leave_count":0,"network_address_changes":0},"0x54ef4410006a43c7":{"messages":3,"messages_per_sec":0.0004,"leave_count":0,"network_address_changes":0},"0x04cd15fffe7ff98b":{"messages":1,"messages_per_sec":0.0002,"leave_count":0,"network_address_changes":0},"0xb4e3f9fffe753317":{"messages":1,"messages_per_sec":0.0002,"leave_count":0,"network_address_changes":0},"0x04cd15fffe268dcc":{"messages":1,"messages_per_sec":0.0003,"leave_count":0,"network_address_changes":0},"0x5c0272fffebb9cde":{"messages":16,"messages_per_sec":0.0065,"leave_count":0,"network_address_changes":0}}}'
[2025-12-15 08:47:59] info: 	z2m:mqtt: MQTT publish: topic 'zigbee2mqtt/Philips Backyard Sensor', payload '{"battery":16.5,"illuminance":49,"led_indication":true,"linkquality":76,"motion_sensitivity":"high","occupancy":false,"occupancy_timeout":60,"temperature":14.04,"update":{"installed_version":1124102917,"latest_version":1124102917,"state":"idle"}}'
[2025-12-15 08:48:59] info: 	z2m:mqtt: MQTT publish: topic 'zigbee2mqtt/Alarm Keypad', payload '{"action_code":null,"action_transaction":null,"action_zone":null,"battery":100,"battery_low":false,"linkquality":51,"tamper":false,"update":{"installed_version":131077,"latest_version":131077,"state":"idle"},"voltage":5300}'
[2025-12-15 08:52:59] info: 	z2m:mqtt: MQTT publish: topic 'zigbee2mqtt/Philips Backyard Sensor', payload '{"battery":16.5,"illuminance":37,"led_indication":true,"linkquality":76,"motion_sensitivity":"high","occupancy":false,"occupancy_timeout":60,"temperature":14.04,"update":{"installed_version":1124102917,"latest_version":1124102917,"state":"idle"}}'
[2025-12-15 08:53:59] info: 	z2m:mqtt: MQTT publish: topic 'zigbee2mqtt/Alarm Keypad', payload '{"action_code":null,"action_transaction":null,"action_zone":null,"battery":100,"battery_low":false,"linkquality":51,"tamper":false,"update":{"installed_version":131077,"latest_version":131077,"state":"idle"},"voltage":5300}'
[2025-12-15 08:54:25] info: 	z2m:mqtt: MQTT publish: topic 'zigbee2mqtt/Workshop Light', payload '{"brightness_rgb":254,"brightness_white":254,"color_mode_rgb":"xy","color_rgb":{"x":0.313,"y":0.21},"device_temperature":28,"dimming_range_maximum":100,"dimming_range_minimum":1,"level_config_white":{"off_transition_time":15,"on_transition_time":15},"linkquality":51,"off_on_duration":null,"on_off_duration":null,"power_on_behavior":null,"power_on_behaviour":"off","power_outage_count":37,"state":"OFF","state_rgb":"OFF","state_white":"OFF","update":{"installed_version":-1,"latest_version":-1,"state":null}}'
[2025-12-15 08:54:25] info: 	z2m:mqtt: MQTT publish: topic 'zigbee2mqtt/Workshop Light/white', payload '{"brightness":254,"level_config":{"off_transition_time":15,"on_transition_time":15},"state":"OFF"}'
[2025-12-15 08:54:25] info: 	z2m:mqtt: MQTT publish: topic 'zigbee2mqtt/Workshop Light/rgb', payload '{"brightness":254,"color":{"x":0.313,"y":0.21},"color_mode":"xy","state":"OFF"}'
[2025-12-15 08:57:34] info: 	z2m:mqtt: MQTT publish: topic 'zigbee2mqtt/bridge/health', payload '{"response_time":1765785454666,"os":{"load_average":[0,0.04,0.04],"memory_used_mb":1706.37,"memory_percent":43.4932},"process":{"uptime_sec":9610,"memory_used_mb":128.28,"memory_percent":3.2697},"mqtt":{"connected":true,"queued":0,"published":474,"received":133},"devices":{"0x0015bc0043006306":{"messages":51,"messages_per_sec":0.0054,"leave_count":0,"network_address_changes":0},"0x54ef441000b757df":{"messages":70,"messages_per_sec":0.0076,"leave_count":0,"network_address_changes":0},"0x001788010649a073":{"messages":23,"messages_per_sec":0.0025,"leave_count":0,"network_address_changes":0},"0x54ef4410006a43c7":{"messages":3,"messages_per_sec":0.0004,"leave_count":0,"network_address_changes":0},"0x04cd15fffe7ff98b":{"messages":1,"messages_per_sec":0.0001,"leave_count":0,"network_address_changes":0},"0xb4e3f9fffe753317":{"messages":1,"messages_per_sec":0.0001,"leave_count":0,"network_address_changes":0},"0x04cd15fffe268dcc":{"messages":1,"messages_per_sec":0.0003,"leave_count":0,"network_address_changes":0},"0x5c0272fffebb9cde":{"messages":16,"messages_per_sec":0.0052,"leave_count":0,"network_address_changes":0}}}'
[2025-12-15 08:57:58] info: 	z2m:mqtt: MQTT publish: topic 'zigbee2mqtt/Philips Backyard Sensor', payload '{"battery":16.5,"illuminance":56,"led_indication":true,"linkquality":72,"motion_sensitivity":"high","occupancy":false,"occupancy_timeout":60,"temperature":14.04,"update":{"installed_version":1124102917,"latest_version":1124102917,"state":"idle"}}'
[2025-12-15 08:58:59] info: 	z2m:mqtt: MQTT publish: topic 'zigbee2mqtt/Alarm Keypad', payload '{"action_code":null,"action_transaction":null,"action_zone":null,"battery":100,"battery_low":false,"linkquality":51,"tamper":false,"update":{"installed_version":131077,"latest_version":131077,"state":"idle"},"voltage":5300}'
