[2025-03-05 20:53:59] info: 	z2m: Logging to console, file (filename: log.log)
[2025-03-05 20:54:00] info: 	z2m: Starting Zigbee2MQTT version 2.1.3 (commit #unknown)
[2025-03-05 20:54:00] info: 	z2m: Starting zigbee-herdsman (3.2.7)
[2025-03-05 20:54:00] info: 	zh:zstack:znp: Opening TCP socket with 192.168.87.68:6638
[2025-03-05 20:54:00] info: 	zh:zstack:znp: Socket connected
[2025-03-05 20:54:00] info: 	zh:zstack:znp: Socket ready
[2025-03-05 20:54:00] info: 	zh:zstack:znp: Writing CC2530/CC2531 skip bootloader payload
[2025-03-05 20:54:01] info: 	zh:zstack:znp: Skip bootloader for CC2652/CC1352
[2025-03-05 20:54:06] info: 	z2m: zigbee-herdsman started (resumed)
[2025-03-05 20:54:06] info: 	z2m: Coordinator firmware version: '{"meta":{"maintrel":1,"majorrel":2,"minorrel":7,"product":1,"revision":20240710,"transportrev":2},"type":"zStack3x0"}'
[2025-03-05 20:54:06] info: 	z2m: Button 4 - Movie (0xb4e3f9fffe249e15): E1812 - IKEA TRADFRI shortcut button (EndDevice)
[2025-03-05 20:54:06] info: 	z2m: Smart Plug Z1 (0xa4c13812921dddfd): A1Z - Nous Smart plug (with power monitoring) (Router)
[2025-03-05 20:54:06] info: 	z2m: Button 3 (0xb4e3f9fffe753317): E1812 - IKEA TRADFRI shortcut button (EndDevice)
[2025-03-05 20:54:06] info: 	z2m: Button 2 - Chandelier (0x04cd15fffe7ff98b): E1812 - IKEA TRADFRI shortcut button (EndDevice)
[2025-03-05 20:54:06] info: 	z2m: Button 1 (0x04cd15fffe268dcc): E1812 - IKEA TRADFRI shortcut button (EndDevice)
[2025-03-05 20:54:06] info: 	z2m: Cube (0x54ef4410006a43c7): CTP-R01 - Aqara Cube T1 Pro (EndDevice)
[2025-03-05 20:54:06] info: 	z2m: Philips Backyard Sensor (0x001788010649a073): 9290019758 - Philips Hue motion outdoor sensor (EndDevice)
[2025-03-05 20:54:06] info: 	z2m: Water Sensor 1 (0x5c0272fffebb9cde): TS0207_water_leak_detector_3 - Tuya Zigbee water leak sensor (EndDevice)
[2025-03-05 20:54:06] info: 	z2m: Alarm Keypad (0x0015bc0043006306): KEYZB-110 - Develco Keypad (EndDevice)
[2025-03-05 20:54:06] info: 	z2m: Alarm Repeater (0x0015bc0022000242): Not supported (Router)
[2025-03-05 20:54:06] info: 	z2m: Alarm Siren (0x0015bc0041007a25): SIRZB-111 - Develco Customizable siren (Router)
[2025-03-05 20:54:06] info: 	z2m: Currently 11 devices are joined.
[2025-03-05 20:54:06] info: 	z2m: Connecting to MQTT server at mqtt://core-mosquitto:1883
[2025-03-05 20:54:06] info: 	z2m: Connected to MQTT server
[2025-03-05 20:54:06] info: 	z2m:mqtt: MQTT publish: topic 'zigbee2mqtt/bridge/state', payload '{"state":"online"}'
[2025-03-05 20:54:07] info: 	z2m:mqtt: MQTT publish: topic 'zigbee2mqtt/Button 4 - Movie/availability', payload '{"state":"online"}'
[2025-03-05 20:54:07] info: 	z2m:mqtt: MQTT publish: topic 'zigbee2mqtt/Smart Plug Z1/availability', payload '{"state":"offline"}'
[2025-03-05 20:54:07] info: 	z2m:mqtt: MQTT publish: topic 'zigbee2mqtt/Button 3/availability', payload '{"state":"online"}'
[2025-03-05 20:54:07] info: 	z2m:mqtt: MQTT publish: topic 'zigbee2mqtt/Button 2 - Chandelier/availability', payload '{"state":"online"}'
[2025-03-05 20:54:07] info: 	z2m:mqtt: MQTT publish: topic 'zigbee2mqtt/Button 1/availability', payload '{"state":"offline"}'
[2025-03-05 20:54:07] info: 	z2m:mqtt: MQTT publish: topic 'zigbee2mqtt/Cube/availability', payload '{"state":"online"}'
[2025-03-05 20:54:07] info: 	z2m:mqtt: MQTT publish: topic 'zigbee2mqtt/Philips Backyard Sensor/availability', payload '{"state":"online"}'
[2025-03-05 20:54:07] info: 	z2m:mqtt: MQTT publish: topic 'zigbee2mqtt/Water Sensor 1/availability', payload '{"state":"online"}'
[2025-03-05 20:54:07] info: 	z2m:mqtt: MQTT publish: topic 'zigbee2mqtt/Alarm Keypad/availability', payload '{"state":"online"}'
[2025-03-05 20:54:07] info: 	z2m:mqtt: MQTT publish: topic 'zigbee2mqtt/Alarm Repeater/availability', payload '{"state":"offline"}'
[2025-03-05 20:54:07] info: 	z2m:mqtt: MQTT publish: topic 'zigbee2mqtt/Alarm Siren/availability', payload '{"state":"offline"}'
[2025-03-05 20:54:08] info: 	z2m: Started frontend on port 8099
[2025-03-05 20:54:08] info: 	z2m:mqtt: MQTT publish: topic 'zigbee2mqtt/Smart Plug Z1/availability', payload '{"state":"online"}'
[2025-03-05 20:54:08] info: 	z2m:mqtt: MQTT publish: topic 'zigbee2mqtt/Button 4 - Movie', payload '{"battery":90,"identify":null,"linkquality":116,"update":{"installed_version":604241926,"latest_version":604241926,"state":"idle"}}'
[2025-03-05 20:54:08] info: 	z2m:mqtt: MQTT publish: topic 'zigbee2mqtt/Smart Plug Z1', payload '{"child_lock":"UNLOCK","countdown":0,"current":0,"energy":16.74,"indicator_mode":"off/on","linkquality":131,"power":0,"power_outage_memory":"off","state":"OFF","update":{"installed_version":192,"latest_version":192,"state":"idle"},"voltage":234}'
[2025-03-05 20:54:08] info: 	z2m:mqtt: MQTT publish: topic 'zigbee2mqtt/Button 3', payload '{"battery":90,"identify":null,"linkquality":131,"update":{"installed_version":604241926,"latest_version":604241926,"state":"idle"}}'
[2025-03-05 20:54:08] info: 	z2m:mqtt: MQTT publish: topic 'zigbee2mqtt/Button 2 - Chandelier', payload '{"battery":50,"identify":null,"linkquality":127,"update":{"installed_version":604241926,"latest_version":604241926,"state":"idle"}}'
[2025-03-05 20:54:08] info: 	z2m:mqtt: MQTT publish: topic 'zigbee2mqtt/Button 1', payload '{"battery":1,"identify":null,"linkquality":3,"update":{"installed_version":604241926,"latest_version":604241926,"state":"idle"}}'
[2025-03-05 20:54:08] info: 	z2m:mqtt: MQTT publish: topic 'zigbee2mqtt/Cube', payload '{"action_angle":null,"action_from_side":null,"battery":100,"current":0,"linkquality":123,"operation_mode":"action_mode","power":2,"power_outage_count":159,"side":2,"update":{"installed_version":-1,"latest_version":-1,"state":null},"voltage":3050}'
[2025-03-05 20:54:08] info: 	z2m:mqtt: MQTT publish: topic 'zigbee2mqtt/Philips Backyard Sensor', payload '{"battery":47,"illuminance":1,"led_indication":true,"linkquality":127,"motion_sensitivity":"high","occupancy":false,"occupancy_timeout":60,"temperature":13.33,"update":{"installed_version":1124102917,"latest_version":1124102917,"state":"idle"}}'
[2025-03-05 20:54:08] info: 	z2m:mqtt: MQTT publish: topic 'zigbee2mqtt/Water Sensor 1', payload '{"battery":76,"battery_low":false,"linkquality":131,"tamper":false,"voltage":2800,"water_leak":false}'
[2025-03-05 20:54:08] info: 	z2m:mqtt: MQTT publish: topic 'zigbee2mqtt/Alarm Keypad', payload '{"action_code":null,"action_transaction":null,"action_zone":null,"battery":100,"battery_low":false,"linkquality":127,"tamper":false,"update":{"installed_version":131077,"latest_version":131077,"state":"idle"},"voltage":5900}'
[2025-03-05 20:54:08] info: 	z2m:mqtt: MQTT publish: topic 'zigbee2mqtt/Alarm Repeater', payload '{"alarm_1":false,"alarm_2":false,"battery":null,"battery_low":true,"linkquality":47,"state":null,"tamper":false}'
[2025-03-05 20:54:08] info: 	z2m:mqtt: MQTT publish: topic 'zigbee2mqtt/Alarm Siren', payload '{"ac_status":true,"alarm":false,"battery":null,"battery_low":true,"enrolled":true,"ias_cie_address":"0x00124b002e0e1c5f","linkquality":65,"max_duration":10,"restore_reports":true,"supervision_reports":true,"tamper":false,"temperature":null,"test":false,"voltage":null,"zone_id":23}'
[2025-03-05 20:54:08] info: 	z2m: Zigbee2MQTT started!
[2025-03-05 20:54:10] info: 	z2m:mqtt: MQTT publish: topic 'zigbee2mqtt/Smart Plug Z1', payload '{"child_lock":"UNLOCK","countdown":0,"current":0,"energy":16.74,"indicator_mode":"off/on","linkquality":102,"power":0,"power_outage_memory":"off","state":"OFF","update":{"installed_version":192,"latest_version":192,"state":"idle"},"voltage":234}'
[2025-03-05 20:54:12] warning: 	z2m: Failed to ping 'Alarm Repeater' (attempt 1/1, ZCL command 0x0015bc0022000242/37 genBasic.read(["zclVersion"], {"timeout":10000,"disableResponse":false,"disableRecovery":true,"disableDefaultResponse":true,"direction":0,"reservedBits":0,"writeUndiv":false}) failed (Data request failed with error: 'No network route' (205)))
[2025-03-05 20:54:13] info: 	z2m:mqtt: MQTT publish: topic 'homeassistant/binary_sensor/1221051039810110150109113116116_0x00124b002e0e1c5f/connection_state/config', payload '{"device":{"hw_version":"zStack3x0 20240710","identifiers":["zigbee2mqtt_bridge_0x00124b002e0e1c5f"],"manufacturer":"Zigbee2MQTT","model":"Bridge","name":"Zigbee2MQTT Bridge","sw_version":"2.1.3"},"device_class":"connectivity","entity_category":"diagnostic","name":"Connection state","object_id":"zigbee2mqtt_bridge_connection_state","origin":{"name":"Zigbee2MQTT","sw":"2.1.3","url":"https://www.zigbee2mqtt.io"},"payload_off":"offline","payload_on":"online","state_topic":"zigbee2mqtt/bridge/state","unique_id":"bridge_0x00124b002e0e1c5f_connection_state_zigbee2mqtt","value_template":"{{ value_json.state }}"}'
[2025-03-05 20:54:15] warning: 	z2m: Failed to ping 'Alarm Siren' (attempt 1/1, ZCL command 0x0015bc0041007a25/43 genBasic.read(["zclVersion"], {"timeout":10000,"disableResponse":false,"disableRecovery":true,"disableDefaultResponse":true,"direction":0,"reservedBits":0,"writeUndiv":false}) failed (Data request failed with error: 'No network route' (205)))
[2025-03-05 20:54:27] info: 	z2m: Configuring 'Alarm Repeater'
[2025-03-05 20:54:37] error: 	z2m: Failed to configure 'Alarm Repeater', attempt 1 (Error: Bind 0x0015bc0022000242/1 genOnOff from '0x00124b002e0e1c5f/1' failed (AREQ - ZDO - bindRsp after 10000ms)
    at Object.start (/app/node_modules/.pnpm/zigbee-herdsman@3.2.7/node_modules/zigbee-herdsman/src/utils/waitress.ts:67:23)
    at func (/app/node_modules/.pnpm/zigbee-herdsman@3.2.7/node_modules/zigbee-herdsman/src/adapter/z-stack/adapter/zStackAdapter.ts:423:47)
    at processTicksAndRejections (node:internal/process/task_queues:105:5)
    at Queue.execute (/app/node_modules/.pnpm/zigbee-herdsman@3.2.7/node_modules/zigbee-herdsman/src/utils/queue.ts:36:20)
    at ZStackAdapter.sendZdoInternal (/app/node_modules/.pnpm/zigbee-herdsman@3.2.7/node_modules/zigbee-herdsman/src/adapter/z-stack/adapter/zStackAdapter.ts:428:43)
    at ZStackAdapter.sendZdo (/app/node_modules/.pnpm/zigbee-herdsman@3.2.7/node_modules/zigbee-herdsman/src/adapter/z-stack/adapter/zStackAdapter.ts:305:16)
    at Endpoint.bind (/app/node_modules/.pnpm/zigbee-herdsman@3.2.7/node_modules/zigbee-herdsman/src/controller/model/endpoint.ts:562:30)
    at setupAttributes (/app/node_modules/.pnpm/zigbee-herdsman-converters@23.2.0/node_modules/zigbee-herdsman-converters/src/lib/modernExtend.ts:157:13)
    at /app/node_modules/.pnpm/zigbee-herdsman-converters@23.2.0/node_modules/zigbee-herdsman-converters/src/lib/modernExtend.ts:535:17
    at Object.configure (/app/node_modules/.pnpm/zigbee-herdsman-converters@23.2.0/node_modules/zigbee-herdsman-converters/src/index.ts:357:21))
[2025-03-05 20:54:47] info: 	z2m: Configuring 'Alarm Siren'
[2025-03-05 20:54:57] info: 	z2m:mqtt: MQTT publish: topic 'zigbee2mqtt/Alarm Keypad', payload '{"action_code":null,"action_transaction":null,"action_zone":null,"battery":100,"battery_low":false,"linkquality":94,"tamper":false,"update":{"installed_version":131077,"latest_version":131077,"state":"idle"},"voltage":5900}'
[2025-03-05 20:54:57] info: 	z2m:mqtt: MQTT publish: topic 'zigbee2mqtt/Alarm Keypad', payload '{"action_code":null,"action_transaction":null,"action_zone":null,"battery":100,"battery_low":false,"linkquality":131,"tamper":false,"update":{"installed_version":131077,"latest_version":131077,"state":"idle"},"voltage":5900}'
[2025-03-05 20:54:57] info: 	z2m:mqtt: MQTT publish: topic 'zigbee2mqtt/bridge/event', payload '{"data":{"friendly_name":"Alarm Keypad","ieee_address":"0x0015bc0043006306"},"type":"device_announce"}'
[2025-03-05 20:54:57] error: 	z2m: Failed to configure 'Alarm Siren', attempt 1 (Error: Bind 0x0015bc0041007a25/43 ssIasZone from '0x00124b002e0e1c5f/1' failed (AREQ - ZDO - bindRsp after 10000ms)
    at Object.start (/app/node_modules/.pnpm/zigbee-herdsman@3.2.7/node_modules/zigbee-herdsman/src/utils/waitress.ts:67:23)
    at func (/app/node_modules/.pnpm/zigbee-herdsman@3.2.7/node_modules/zigbee-herdsman/src/adapter/z-stack/adapter/zStackAdapter.ts:423:47)
    at processTicksAndRejections (node:internal/process/task_queues:105:5)
    at Queue.execute (/app/node_modules/.pnpm/zigbee-herdsman@3.2.7/node_modules/zigbee-herdsman/src/utils/queue.ts:36:20)
    at ZStackAdapter.sendZdoInternal (/app/node_modules/.pnpm/zigbee-herdsman@3.2.7/node_modules/zigbee-herdsman/src/adapter/z-stack/adapter/zStackAdapter.ts:428:43)
    at ZStackAdapter.sendZdo (/app/node_modules/.pnpm/zigbee-herdsman@3.2.7/node_modules/zigbee-herdsman/src/adapter/z-stack/adapter/zStackAdapter.ts:305:16)
    at Endpoint.bind (/app/node_modules/.pnpm/zigbee-herdsman@3.2.7/node_modules/zigbee-herdsman/src/controller/model/endpoint.ts:562:30)
    at Object.bind (/app/node_modules/.pnpm/zigbee-herdsman-converters@23.2.0/node_modules/zigbee-herdsman-converters/src/lib/reporting.ts:42:9)
    at configure (/app/node_modules/.pnpm/zigbee-herdsman-converters@23.2.0/node_modules/zigbee-herdsman-converters/src/devices/develco.ts:878:13)
    at Object.configure (/app/node_modules/.pnpm/zigbee-herdsman-converters@23.2.0/node_modules/zigbee-herdsman-converters/src/index.ts:357:21))
[2025-03-05 20:55:50] info: 	z2m:mqtt: MQTT publish: topic 'zigbee2mqtt/Smart Plug Z1', payload '{"child_lock":"UNLOCK","countdown":0,"current":0,"energy":16.74,"indicator_mode":"off/on","linkquality":131,"power":0,"power_outage_memory":"off","state":"OFF","update":{"installed_version":192,"latest_version":192,"state":"idle"},"voltage":233}'
[2025-03-05 20:55:50] info: 	z2m:mqtt: MQTT publish: topic 'zigbee2mqtt/Smart Plug Z1', payload '{"child_lock":"UNLOCK","countdown":0,"current":0,"energy":16.74,"indicator_mode":"off/on","linkquality":116,"power":0,"power_outage_memory":"off","state":"OFF","update":{"installed_version":192,"latest_version":192,"state":"idle"},"voltage":233}'
[2025-03-05 20:56:01] info: 	z2m:mqtt: MQTT publish: topic 'zigbee2mqtt/Smart Plug Z1', payload '{"child_lock":"UNLOCK","countdown":0,"current":0,"energy":16.74,"indicator_mode":"off/on","linkquality":116,"power":0,"power_outage_memory":"off","state":"OFF","update":{"installed_version":192,"latest_version":192,"state":"idle"},"voltage":233}'
[2025-03-05 20:56:01] info: 	z2m:mqtt: MQTT publish: topic 'zigbee2mqtt/Smart Plug Z1', payload '{"child_lock":"UNLOCK","countdown":0,"current":0,"energy":16.74,"indicator_mode":"off/on","linkquality":116,"power":0,"power_outage_memory":"off","state":"OFF","update":{"installed_version":192,"latest_version":192,"state":"idle"},"voltage":233}'
[2025-03-05 20:57:26] info: 	z2m:mqtt: MQTT publish: topic 'zigbee2mqtt/bridge/event', payload '{"data":{"friendly_name":"Button 2 - Chandelier","ieee_address":"0x04cd15fffe7ff98b"},"type":"device_announce"}'
[2025-03-05 20:57:34] info: 	z2m:mqtt: MQTT publish: topic 'zigbee2mqtt/bridge/event', payload '{"data":{"friendly_name":"Button 3","ieee_address":"0xb4e3f9fffe753317"},"type":"device_announce"}'
[2025-03-05 20:58:16] info: 	z2m:mqtt: MQTT publish: topic 'zigbee2mqtt/bridge/event', payload '{"data":{"friendly_name":"Button 4 - Movie","ieee_address":"0xb4e3f9fffe249e15"},"type":"device_announce"}'
[2025-03-05 20:59:57] info: 	z2m:mqtt: MQTT publish: topic 'zigbee2mqtt/Alarm Keypad', payload '{"action_code":null,"action_transaction":null,"action_zone":null,"battery":100,"battery_low":false,"linkquality":131,"tamper":false,"update":{"installed_version":131077,"latest_version":131077,"state":"idle"},"voltage":5900}'
[2025-03-05 21:00:20] info: 	z2m:mqtt: MQTT publish: topic 'zigbee2mqtt/bridge/event', payload '{"data":{"friendly_name":"Philips Backyard Sensor","ieee_address":"0x001788010649a073"},"type":"device_announce"}'
[2025-03-05 21:00:20] info: 	z2m:mqtt: MQTT publish: topic 'zigbee2mqtt/Philips Backyard Sensor', payload '{"battery":47,"illuminance":1,"led_indication":true,"linkquality":112,"motion_sensitivity":"high","occupancy":false,"occupancy_timeout":60,"temperature":13.33,"update":{"installed_version":1124102917,"latest_version":1124102917,"state":"idle"}}'
[2025-03-05 21:01:08] info: 	z2m:mqtt: MQTT publish: topic 'zigbee2mqtt/Smart Plug Z1', payload '{"child_lock":"UNLOCK","countdown":0,"current":0,"energy":16.74,"indicator_mode":"off/on","linkquality":131,"power":0,"power_outage_memory":"off","state":"OFF","update":{"installed_version":192,"latest_version":192,"state":"idle"},"voltage":234}'
[2025-03-05 21:01:08] info: 	z2m:mqtt: MQTT publish: topic 'zigbee2mqtt/Smart Plug Z1', payload '{"child_lock":"UNLOCK","countdown":0,"current":0,"energy":16.74,"indicator_mode":"off/on","linkquality":131,"power":0,"power_outage_memory":"off","state":"OFF","update":{"installed_version":192,"latest_version":192,"state":"idle"},"voltage":234}'
[2025-03-05 21:01:19] info: 	z2m:mqtt: MQTT publish: topic 'zigbee2mqtt/Smart Plug Z1', payload '{"child_lock":"UNLOCK","countdown":0,"current":0,"energy":16.74,"indicator_mode":"off/on","linkquality":131,"power":0,"power_outage_memory":"off","state":"OFF","update":{"installed_version":192,"latest_version":192,"state":"idle"},"voltage":234}'
[2025-03-05 21:01:19] info: 	z2m:mqtt: MQTT publish: topic 'zigbee2mqtt/Smart Plug Z1', payload '{"child_lock":"UNLOCK","countdown":0,"current":0,"energy":16.74,"indicator_mode":"off/on","linkquality":131,"power":0,"power_outage_memory":"off","state":"OFF","update":{"installed_version":192,"latest_version":192,"state":"idle"},"voltage":234}'
[2025-03-05 21:04:08] info: 	z2m:mqtt: MQTT publish: topic 'zigbee2mqtt/Smart Plug Z1', payload '{"child_lock":"UNLOCK","countdown":0,"current":0,"energy":16.74,"indicator_mode":"off/on","linkquality":131,"power":0,"power_outage_memory":"off","state":"OFF","update":{"installed_version":192,"latest_version":192,"state":"idle"},"voltage":234}'
[2025-03-05 21:04:14] warning: 	z2m: Failed to ping 'Alarm Repeater' (attempt 1/1, ZCL command 0x0015bc0022000242/37 genBasic.read(["zclVersion"], {"timeout":10000,"disableResponse":false,"disableRecovery":true,"disableDefaultResponse":true,"direction":0,"reservedBits":0,"writeUndiv":false}) failed (Data request failed with error: 'No network route' (205)))
[2025-03-05 21:04:18] warning: 	z2m: Failed to ping 'Alarm Siren' (attempt 1/1, ZCL command 0x0015bc0041007a25/43 genBasic.read(["zclVersion"], {"timeout":10000,"disableResponse":false,"disableRecovery":true,"disableDefaultResponse":true,"direction":0,"reservedBits":0,"writeUndiv":false}) failed (Data request failed with error: 'No network route' (205)))
[2025-03-05 21:04:57] info: 	z2m:mqtt: MQTT publish: topic 'zigbee2mqtt/Alarm Keypad', payload '{"action_code":null,"action_transaction":null,"action_zone":null,"battery":100,"battery_low":false,"linkquality":131,"tamper":false,"update":{"installed_version":131077,"latest_version":131077,"state":"idle"},"voltage":5900}'
[2025-03-05 21:04:57] info: 	z2m:mqtt: MQTT publish: topic 'zigbee2mqtt/Button 3', payload '{"battery":90,"identify":null,"linkquality":0,"update":{"installed_version":604241926,"latest_version":604241926,"state":"idle"}}'
[2025-03-05 21:06:13] info: 	z2m:mqtt: MQTT publish: topic 'zigbee2mqtt/Smart Plug Z1', payload '{"child_lock":"UNLOCK","countdown":0,"current":0,"energy":16.74,"indicator_mode":"off/on","linkquality":98,"power":0,"power_outage_memory":"off","state":"OFF","update":{"installed_version":192,"latest_version":192,"state":"idle"},"voltage":234}'
[2025-03-05 21:06:13] info: 	z2m:mqtt: MQTT publish: topic 'zigbee2mqtt/Smart Plug Z1', payload '{"child_lock":"UNLOCK","countdown":0,"current":0,"energy":16.74,"indicator_mode":"off/on","linkquality":131,"power":0,"power_outage_memory":"off","state":"OFF","update":{"installed_version":192,"latest_version":192,"state":"idle"},"voltage":234}'
[2025-03-05 21:06:24] info: 	z2m:mqtt: MQTT publish: topic 'zigbee2mqtt/Smart Plug Z1', payload '{"child_lock":"UNLOCK","countdown":0,"current":0,"energy":16.74,"indicator_mode":"off/on","linkquality":131,"power":0,"power_outage_memory":"off","state":"OFF","update":{"installed_version":192,"latest_version":192,"state":"idle"},"voltage":234}'
[2025-03-05 21:06:24] info: 	z2m:mqtt: MQTT publish: topic 'zigbee2mqtt/Smart Plug Z1', payload '{"child_lock":"UNLOCK","countdown":0,"current":0,"energy":16.74,"indicator_mode":"off/on","linkquality":131,"power":0,"power_outage_memory":"off","state":"OFF","update":{"installed_version":192,"latest_version":192,"state":"idle"},"voltage":234}'
