[2026-06-08 03:00:23] info: 	z2m: Logging to console, file (filename: log.log)
[2026-06-08 03:00:23] info: 	z2m: Starting Zigbee2MQTT version 2.11.0 (commit #unknown)
[2026-06-08 03:00:23] info: 	z2m: Starting zigbee-herdsman (10.1.0)
[2026-06-08 03:00:23] info: 	zh:zstack:znp: Opening TCP socket with 192.168.87.68:6638
[2026-06-08 03:00:23] info: 	zh:zstack:znp: Socket connected
[2026-06-08 03:00:23] info: 	zh:zstack:znp: Socket ready
[2026-06-08 03:00:23] info: 	zh:zstack:znp: Writing CC2530/CC2531 skip bootloader payload
[2026-06-08 03:00:24] info: 	zh:zstack:znp: Skip bootloader for CC2652/CC1352
[2026-06-08 03:00:52] error: 	z2m: Error while starting zigbee-herdsman
[2026-06-08 03:00:52] error: 	z2m: Failed to start zigbee-herdsman
[2026-06-08 03:00:52] error: 	z2m: Check https://www.zigbee2mqtt.io/guide/installation/20_zigbee2mqtt-fails-to-start_crashes-runtime.html for possible solutions
[2026-06-08 03:00:52] error: 	z2m: Exiting...
[2026-06-08 03:00:53] error: 	z2m: TypeError: Cannot read properties of null (reading 'key')
    at ZnpAdapterManager.determineStrategy (/app/node_modules/.pnpm/zigbee-herdsman@10.1.0/node_modules/zigbee-herdsman/src/adapter/z-stack/adapter/manager.ts:207:117)
    at processTicksAndRejections (node:internal/process/task_queues:103:5)
    at ZnpAdapterManager.start (/app/node_modules/.pnpm/zigbee-herdsman@10.1.0/node_modules/zigbee-herdsman/src/adapter/z-stack/adapter/manager.ts:61:26)
    at ZStackAdapter.start (/app/node_modules/.pnpm/zigbee-herdsman@10.1.0/node_modules/zigbee-herdsman/src/adapter/z-stack/adapter/zStackAdapter.ts:135:16)
    at Controller.start (/app/node_modules/.pnpm/zigbee-herdsman@10.1.0/node_modules/zigbee-herdsman/src/controller/controller.ts:146:29)
    at Zigbee.start (/app/lib/zigbee.ts:70:27)
    at Controller.start (/app/lib/controller.ts:117:29)
    at start (/app/index.js:156:5)
