[2026-06-14 06:47:13] info: 	z2m: Logging to console, file (filename: log.log)
[2026-06-14 06:47:13] info: 	z2m: Starting Zigbee2MQTT version 2.12.0 (commit #unknown)
[2026-06-14 06:47:13] info: 	z2m: Starting zigbee-herdsman (10.4.0)
[2026-06-14 06:47:13] info: 	zh:zstack:znp: Opening TCP socket with 192.168.87.68:6638
[2026-06-14 06:47:41] info: 	zh:zstack:znp: Socket connected
[2026-06-14 06:47:41] info: 	zh:zstack:znp: Socket ready
[2026-06-14 06:47:41] info: 	zh:zstack:znp: Writing CC2530/CC2531 skip bootloader payload
[2026-06-14 06:47:42] info: 	zh:zstack:znp: Skip bootloader for CC2652/CC1352
[2026-06-14 06:47:57] error: 	zh:zstack:znp: Socket error Error: read ECONNRESET
[2026-06-14 06:47:57] info: 	zh:zstack:znp: Port closed
[2026-06-14 06:48:00] error: 	z2m: Error while starting zigbee-herdsman
[2026-06-14 06:48:00] error: 	z2m: Failed to start zigbee-herdsman
[2026-06-14 06:48:00] error: 	z2m: Check https://www.zigbee2mqtt.io/guide/installation/20_zigbee2mqtt-fails-to-start_crashes-runtime.html for possible solutions
[2026-06-14 06:48:00] error: 	z2m: Exiting...
[2026-06-14 06:48:00] error: 	z2m: Error: Failed to connect to the adapter (Error: SRSP - SYS - ping after 6000ms)
    at ZStackAdapter.start (/app/node_modules/.pnpm/zigbee-herdsman@10.4.0/node_modules/zigbee-herdsman/src/adapter/z-stack/adapter/zStackAdapter.ts:95:27)
    at Controller.start (/app/node_modules/.pnpm/zigbee-herdsman@10.4.0/node_modules/zigbee-herdsman/src/controller/controller.ts:146:29)
    at Zigbee.start (/app/lib/zigbee.ts:70:27)
    at Controller.start (/app/lib/controller.ts:117:29)
    at start (/app/index.js:156:5)
